<?xml version="1.0" encoding="utf-8" standalone="yes"?>
<!--Tiled2Unity generated xml data-->
<!--Do not modify by hand-->
<!--Last exported: 02/12/2017 14:59:02-->
<Tiled2Unity version="1.0.13.1">
  <AssignMaterial mesh="test-01_mesh_0001" material="pokemon_tileset_from_public_tiles_by_chaoticcherrycake-d5xdb0y" />
  <AssignMaterial mesh="test-01_mesh_0002" material="pokemon_tileset_from_public_tiles_by_chaoticcherrycake-d5xdb0y" />
  <Prefab name="test-01" orientation="Orthogonal" staggerAxis="Y" staggerIndex="Odd" hexSideLength="0" numLayers="2" numTilesWide="24" numTilesHigh="16" tileWidth="16" tileHeight="16" exportScale="0.0625" mapWidthInPixels="384" mapHeightInPixels="256" backgroundColor="#808080">
    <GameObject name="Floor" x="0" y="0" z="0">
      <TileLayer offsetX="0" offsetY="0" />
      <GameObject name="pokemon_tileset_from_public_tiles_by_chaoticcherrycake-d5xdb0y" x="0" y="0" mesh="test-01_mesh_0001" sortingLayerName="" sortingOrder="0" opacity="1" />
    </GameObject>
    <GameObject name="Layer2" x="0" y="0" z="0">
      <TileLayer offsetX="0" offsetY="0" />
      <GameObject name="pokemon_tileset_from_public_tiles_by_chaoticcherrycake-d5xdb0y" x="0" y="0" mesh="test-01_mesh_0002" sortingLayerName="" sortingOrder="1" opacity="1" />
    </GameObject>
    <GameObject name="BouncingColliders" x="0" y="0" z="0">
      <ObjectLayer offsetX="0" offsetY="0" color="#ffff0000" />
      <GameObject name="RectangleObject" x="0.036568936" y="-0.0731381252" rotation="0" layer="">
        <RectangleObjectComponent tmx-object-id="4" tmx-object-name="" tmx-object-type="" tmx-object-x="0.585103" tmx-object-y="1.17021" tmx-object-width="382.658" tmx-object-height="13.4574" tmx-object-rotation="0" />
        <BoxCollider2D width="23.9161243" height="0.8410875" />
      </GameObject>
      <GameObject name="RectangleObject" x="0.09963313" y="-1.0627563" rotation="0" layer="">
        <RectangleObjectComponent tmx-object-id="18" tmx-object-name="" tmx-object-type="" tmx-object-x="1.59413" tmx-object-y="17.0041" tmx-object-width="13.2844" tmx-object-height="93.5225" tmx-object-rotation="0" />
        <BoxCollider2D width="0.830275" height="5.845156" />
      </GameObject>
      <GameObject name="RectangleObject" x="23.0485" y="-1.129175" rotation="0" layer="">
        <RectangleObjectComponent tmx-object-id="20" tmx-object-name="" tmx-object-type="" tmx-object-x="368.776" tmx-object-y="18.0668" tmx-object-width="13.2844" tmx-object-height="13.8158" tmx-object-rotation="0" />
        <BoxCollider2D width="0.830275" height="0.8634875" />
      </GameObject>
      <GameObject name="RectangleObject" x="23.1149368" y="-4.118181" rotation="0" layer="">
        <RectangleObjectComponent tmx-object-id="21" tmx-object-name="" tmx-object-type="" tmx-object-x="369.839" tmx-object-y="65.8909" tmx-object-width="12.7531" tmx-object-height="173.229" tmx-object-rotation="0" />
        <BoxCollider2D width="0.7970688" height="10.8268127" />
      </GameObject>
      <GameObject name="Tree" x="7.0525" y="-5.96510649" rotation="0" layer="">
        <RectangleObjectComponent tmx-object-id="11" tmx-object-name="Tree" tmx-object-type="" tmx-object-x="112.84" tmx-object-y="95.4417" tmx-object-width="13.9186" tmx-object-height="15.4099" tmx-object-rotation="0" />
        <BoxCollider2D width="0.8699125" height="0.963118732" />
      </GameObject>
      <GameObject name="RectangleObject" x="0.09963313" y="-9.066625" rotation="0" layer="">
        <RectangleObjectComponent tmx-object-id="19" tmx-object-name="" tmx-object-type="" tmx-object-x="1.59413" tmx-object-y="145.066" tmx-object-width="11.6903" tmx-object-height="108.932" tmx-object-rotation="0" />
        <BoxCollider2D width="0.730643749" height="6.80825" />
      </GameObject>
      <GameObject name="RectangleObject" x="0.950793743" y="-15.0664377" rotation="0" layer="">
        <RectangleObjectComponent tmx-object-id="7" tmx-object-name="" tmx-object-type="" tmx-object-x="15.2127" tmx-object-y="241.063" tmx-object-width="368.03" tmx-object-height="15.2127" tmx-object-rotation="0" />
        <BoxCollider2D width="23.0018749" height="0.950793743" />
      </GameObject>
    </GameObject>
    <GameObject name="Doors" x="0" y="0" z="0">
      <ObjectLayer offsetX="0" offsetY="0" color="#ff00ffff" />
      <GameObject name="RectangleObject" x="23.1149368" y="-2.22514367" rotation="0" layer="">
        <RectangleObjectComponent tmx-object-id="22" tmx-object-name="" tmx-object-type="" tmx-object-x="369.839" tmx-object-y="35.6023" tmx-object-width="11.1589" tmx-object-height="28.163" tmx-object-rotation="0" />
        <BoxCollider2D width="0.697431266" height="1.76018751" />
      </GameObject>
      <GameObject name="RectangleObject" x="0.16605562" y="-7.10718727" rotation="0" layer="">
        <RectangleObjectComponent tmx-object-id="23" tmx-object-name="" tmx-object-type="" tmx-object-x="2.65689" tmx-object-y="113.715" tmx-object-width="11.1589" tmx-object-height="28.6944" tmx-object-rotation="0" />
        <BoxCollider2D width="0.697431266" height="1.7934" />
      </GameObject>
    </GameObject>
    <GameObject name="EnnemySpawn" x="0" y="0" z="0">
      <ObjectLayer offsetX="0" offsetY="0" color="#ff0000ff" />
      <GameObject name="RectangleObject" x="14.3224373" y="-3.26216865" rotation="0" layer="">
        <RectangleObjectComponent tmx-object-id="17" tmx-object-name="" tmx-object-type="" tmx-object-x="229.159" tmx-object-y="52.1947" tmx-object-width="3.97674" tmx-object-height="4.47383" tmx-object-rotation="0" />
        <BoxCollider2D width="0.248546243" height="0.2796144" />
      </GameObject>
      <GameObject name="RectangleObject" x="16.27975" y="-5.21946859" rotation="0" layer="">
        <RectangleObjectComponent tmx-object-id="12" tmx-object-name="" tmx-object-type="" tmx-object-x="260.476" tmx-object-y="83.5115" tmx-object-width="4.97092" tmx-object-height="5.9651" tmx-object-rotation="0" />
        <BoxCollider2D width="0.3106825" height="0.372818738" />
      </GameObject>
    </GameObject>
    <GameObject name="Bonus" x="0" y="0" z="0">
      <ObjectLayer offsetX="0" offsetY="0" color="#ff00ff00" />
      <GameObject name="RectangleObject" x="9.3515625" y="-11.4020624" rotation="0" layer="">
        <RectangleObjectComponent tmx-object-id="15" tmx-object-name="" tmx-object-type="" tmx-object-x="149.625" tmx-object-y="182.433" tmx-object-width="4.47383" tmx-object-height="5.46801" tmx-object-rotation="0" />
        <BoxCollider2D width="0.2796144" height="0.341750622" />
      </GameObject>
      <GameObject name="RectangleObject" x="20.3186245" y="-13.2971878" rotation="0" layer="">
        <RectangleObjectComponent tmx-object-id="16" tmx-object-name="" tmx-object-type="" tmx-object-x="325.098" tmx-object-y="212.755" tmx-object-width="5.46801" tmx-object-height="5.9651" tmx-object-rotation="0" />
        <BoxCollider2D width="0.341750622" height="0.372818738" />
      </GameObject>
    </GameObject>
    <GameObject name="Box" x="0" y="0" z="0">
      <ObjectLayer offsetX="0" offsetY="0" color="#ffffff00" />
      <GameObject name="RectangleObject" x="1.36165631" y="-14.2475624" rotation="0" layer="">
        <RectangleObjectComponent tmx-object-id="25" tmx-object-name="" tmx-object-type="" tmx-object-x="21.7865" tmx-object-y="227.961" tmx-object-width="5.84516" tmx-object-height="6.90791" tmx-object-rotation="0" />
        <BoxCollider2D width="0.3653225" height="0.431744367" />
      </GameObject>
    </GameObject>
  </Prefab>
  <ImportMesh filename="test-01_mesh_0001.obj">IyBUaWxlZDJVbml0eSBnZW5lcmF0ZWQgZmlsZS4gRG8gbm90IG1vZGlmeSBieSBoYW5kLgojIFdhdmVmcm9udCBmaWxlIGZvciAndGVzdC0wMV9tZXNoXzAwMDEub2JqJwoKIyBWZXJ0aWNlcyAoQ291bnQgPSAxNTM2KQp2IDAgLTEgMAp2IC0xIC0xIDAKdiAtMSAwIDAKdiAwIDAgMAp2IC0xIC0xIDAKdiAtMiAtMSAwCnYgLTIgMCAwCnYgLTEgMCAwCnYgLTIgLTEgMAp2IC0zIC0xIDAKdiAtMyAwIDAKdiAtMiAwIDAKdiAtMyAtMSAwCnYgLTQgLTEgMAp2IC00IDAgMAp2IC0zIDAgMAp2IC00IC0xIDAKdiAtNSAtMSAwCnYgLTUgMCAwCnYgLTQgMCAwCnYgLTUgLTEgMAp2IC02IC0xIDAKdiAtNiAwIDAKdiAtNSAwIDAKdiAtNiAtMSAwCnYgLTcgLTEgMAp2IC03IDAgMAp2IC02IDAgMAp2IC03IC0xIDAKdiAtOCAtMSAwCnYgLTggMCAwCnYgLTcgMCAwCnYgLTggLTEgMAp2IC05IC0xIDAKdiAtOSAwIDAKdiAtOCAwIDAKdiAtOSAtMSAwCnYgLTEwIC0xIDAKdiAtMTAgMCAwCnYgLTkgMCAwCnYgLTEwIC0xIDAKdiAtMTEgLTEgMAp2IC0xMSAwIDAKdiAtMTAgMCAwCnYgLTExIC0xIDAKdiAtMTIgLTEgMAp2IC0xMiAwIDAKdiAtMTEgMCAwCnYgLTEyIC0xIDAKdiAtMTMgLTEgMAp2IC0xMyAwIDAKdiAtMTIgMCAwCnYgLTEzIC0xIDAKdiAtMTQgLTEgMAp2IC0xNCAwIDAKdiAtMTMgMCAwCnYgLTE0IC0xIDAKdiAtMTUgLTEgMAp2IC0xNSAwIDAKdiAtMTQgMCAwCnYgLTE1IC0xIDAKdiAtMTYgLTEgMAp2IC0xNiAwIDAKdiAtMTUgMCAwCnYgLTE2IC0xIDAKdiAtMTcgLTEgMAp2IC0xNyAwIDAKdiAtMTYgMCAwCnYgLTE3IC0xIDAKdiAtMTggLTEgMAp2IC0xOCAwIDAKdiAtMTcgMCAwCnYgLTE4IC0xIDAKdiAtMTkgLTEgMAp2IC0xOSAwIDAKdiAtMTggMCAwCnYgLTE5IC0xIDAKdiAtMjAgLTEgMAp2IC0yMCAwIDAKdiAtMTkgMCAwCnYgLTIwIC0xIDAKdiAtMjEgLTEgMAp2IC0yMSAwIDAKdiAtMjAgMCAwCnYgLTIxIC0xIDAKdiAtMjIgLTEgMAp2IC0yMiAwIDAKdiAtMjEgMCAwCnYgLTIyIC0xIDAKdiAtMjMgLTEgMAp2IC0yMyAwIDAKdiAtMjIgMCAwCnYgLTIzIC0xIDAKdiAtMjQgLTEgMAp2IC0yNCAwIDAKdiAtMjMgMCAwCnYgMCAtMiAwCnYgLTEgLTIgMAp2IC0xIC0xIDAKdiAwIC0xIDAKdiAtMSAtMiAwCnYgLTIgLTIgMAp2IC0yIC0xIDAKdiAtMSAtMSAwCnYgLTIgLTIgMAp2IC0zIC0yIDAKdiAtMyAtMSAwCnYgLTIgLTEgMAp2IC0zIC0yIDAKdiAtNCAtMiAwCnYgLTQgLTEgMAp2IC0zIC0xIDAKdiAtNCAtMiAwCnYgLTUgLTIgMAp2IC01IC0xIDAKdiAtNCAtMSAwCnYgLTUgLTIgMAp2IC02IC0yIDAKdiAtNiAtMSAwCnYgLTUgLTEgMAp2IC02IC0yIDAKdiAtNyAtMiAwCnYgLTcgLTEgMAp2IC02IC0xIDAKdiAtNyAtMiAwCnYgLTggLTIgMAp2IC04IC0xIDAKdiAtNyAtMSAwCnYgLTggLTIgMAp2IC05IC0yIDAKdiAtOSAtMSAwCnYgLTggLTEgMAp2IC05IC0yIDAKdiAtMTAgLTIgMAp2IC0xMCAtMSAwCnYgLTkgLTEgMAp2IC0xMCAtMiAwCnYgLTExIC0yIDAKdiAtMTEgLTEgMAp2IC0xMCAtMSAwCnYgLTExIC0yIDAKdiAtMTIgLTIgMAp2IC0xMiAtMSAwCnYgLTExIC0xIDAKdiAtMTIgLTIgMAp2IC0xMyAtMiAwCnYgLTEzIC0xIDAKdiAtMTIgLTEgMAp2IC0xMyAtMiAwCnYgLTE0IC0yIDAKdiAtMTQgLTEgMAp2IC0xMyAtMSAwCnYgLTE0IC0yIDAKdiAtMTUgLTIgMAp2IC0xNSAtMSAwCnYgLTE0IC0xIDAKdiAtMTUgLTIgMAp2IC0xNiAtMiAwCnYgLTE2IC0xIDAKdiAtMTUgLTEgMAp2IC0xNiAtMiAwCnYgLTE3IC0yIDAKdiAtMTcgLTEgMAp2IC0xNiAtMSAwCnYgLTE3IC0yIDAKdiAtMTggLTIgMAp2IC0xOCAtMSAwCnYgLTE3IC0xIDAKdiAtMTggLTIgMAp2IC0xOSAtMiAwCnYgLTE5IC0xIDAKdiAtMTggLTEgMAp2IC0xOSAtMiAwCnYgLTIwIC0yIDAKdiAtMjAgLTEgMAp2IC0xOSAtMSAwCnYgLTIwIC0yIDAKdiAtMjEgLTIgMAp2IC0yMSAtMSAwCnYgLTIwIC0xIDAKdiAtMjEgLTIgMAp2IC0yMiAtMiAwCnYgLTIyIC0xIDAKdiAtMjEgLTEgMAp2IC0yMiAtMiAwCnYgLTIzIC0yIDAKdiAtMjMgLTEgMAp2IC0yMiAtMSAwCnYgLTIzIC0yIDAKdiAtMjQgLTIgMAp2IC0yNCAtMSAwCnYgLTIzIC0xIDAKdiAwIC0zIDAKdiAtMSAtMyAwCnYgLTEgLTIgMAp2IDAgLTIgMAp2IC0xIC0zIDAKdiAtMiAtMyAwCnYgLTIgLTIgMAp2IC0xIC0yIDAKdiAtMiAtMyAwCnYgLTMgLTMgMAp2IC0zIC0yIDAKdiAtMiAtMiAwCnYgLTMgLTMgMAp2IC00IC0zIDAKdiAtNCAtMiAwCnYgLTMgLTIgMAp2IC00IC0zIDAKdiAtNSAtMyAwCnYgLTUgLTIgMAp2IC00IC0yIDAKdiAtNSAtMyAwCnYgLTYgLTMgMAp2IC02IC0yIDAKdiAtNSAtMiAwCnYgLTYgLTMgMAp2IC03IC0zIDAKdiAtNyAtMiAwCnYgLTYgLTIgMAp2IC03IC0zIDAKdiAtOCAtMyAwCnYgLTggLTIgMAp2IC03IC0yIDAKdiAtOCAtMyAwCnYgLTkgLTMgMAp2IC05IC0yIDAKdiAtOCAtMiAwCnYgLTkgLTMgMAp2IC0xMCAtMyAwCnYgLTEwIC0yIDAKdiAtOSAtMiAwCnYgLTEwIC0zIDAKdiAtMTEgLTMgMAp2IC0xMSAtMiAwCnYgLTEwIC0yIDAKdiAtMTEgLTMgMAp2IC0xMiAtMyAwCnYgLTEyIC0yIDAKdiAtMTEgLTIgMAp2IC0xMiAtMyAwCnYgLTEzIC0zIDAKdiAtMTMgLTIgMAp2IC0xMiAtMiAwCnYgLTEzIC0zIDAKdiAtMTQgLTMgMAp2IC0xNCAtMiAwCnYgLTEzIC0yIDAKdiAtMTQgLTMgMAp2IC0xNSAtMyAwCnYgLTE1IC0yIDAKdiAtMTQgLTIgMAp2IC0xNSAtMyAwCnYgLTE2IC0zIDAKdiAtMTYgLTIgMAp2IC0xNSAtMiAwCnYgLTE2IC0zIDAKdiAtMTcgLTMgMAp2IC0xNyAtMiAwCnYgLTE2IC0yIDAKdiAtMTcgLTMgMAp2IC0xOCAtMyAwCnYgLTE4IC0yIDAKdiAtMTcgLTIgMAp2IC0xOCAtMyAwCnYgLTE5IC0zIDAKdiAtMTkgLTIgMAp2IC0xOCAtMiAwCnYgLTE5IC0zIDAKdiAtMjAgLTMgMAp2IC0yMCAtMiAwCnYgLTE5IC0yIDAKdiAtMjAgLTMgMAp2IC0yMSAtMyAwCnYgLTIxIC0yIDAKdiAtMjAgLTIgMAp2IC0yMSAtMyAwCnYgLTIyIC0zIDAKdiAtMjIgLTIgMAp2IC0yMSAtMiAwCnYgLTIyIC0zIDAKdiAtMjMgLTMgMAp2IC0yMyAtMiAwCnYgLTIyIC0yIDAKdiAtMjMgLTMgMAp2IC0yNCAtMyAwCnYgLTI0IC0yIDAKdiAtMjMgLTIgMAp2IDAgLTQgMAp2IC0xIC00IDAKdiAtMSAtMyAwCnYgMCAtMyAwCnYgLTEgLTQgMAp2IC0yIC00IDAKdiAtMiAtMyAwCnYgLTEgLTMgMAp2IC0yIC00IDAKdiAtMyAtNCAwCnYgLTMgLTMgMAp2IC0yIC0zIDAKdiAtMyAtNCAwCnYgLTQgLTQgMAp2IC00IC0zIDAKdiAtMyAtMyAwCnYgLTQgLTQgMAp2IC01IC00IDAKdiAtNSAtMyAwCnYgLTQgLTMgMAp2IC01IC00IDAKdiAtNiAtNCAwCnYgLTYgLTMgMAp2IC01IC0zIDAKdiAtNiAtNCAwCnYgLTcgLTQgMAp2IC03IC0zIDAKdiAtNiAtMyAwCnYgLTcgLTQgMAp2IC04IC00IDAKdiAtOCAtMyAwCnYgLTcgLTMgMAp2IC04IC00IDAKdiAtOSAtNCAwCnYgLTkgLTMgMAp2IC04IC0zIDAKdiAtOSAtNCAwCnYgLTEwIC00IDAKdiAtMTAgLTMgMAp2IC05IC0zIDAKdiAtMTAgLTQgMAp2IC0xMSAtNCAwCnYgLTExIC0zIDAKdiAtMTAgLTMgMAp2IC0xMSAtNCAwCnYgLTEyIC00IDAKdiAtMTIgLTMgMAp2IC0xMSAtMyAwCnYgLTEyIC00IDAKdiAtMTMgLTQgMAp2IC0xMyAtMyAwCnYgLTEyIC0zIDAKdiAtMTMgLTQgMAp2IC0xNCAtNCAwCnYgLTE0IC0zIDAKdiAtMTMgLTMgMAp2IC0xNCAtNCAwCnYgLTE1IC00IDAKdiAtMTUgLTMgMAp2IC0xNCAtMyAwCnYgLTE1IC00IDAKdiAtMTYgLTQgMAp2IC0xNiAtMyAwCnYgLTE1IC0zIDAKdiAtMTYgLTQgMAp2IC0xNyAtNCAwCnYgLTE3IC0zIDAKdiAtMTYgLTMgMAp2IC0xNyAtNCAwCnYgLTE4IC00IDAKdiAtMTggLTMgMAp2IC0xNyAtMyAwCnYgLTE4IC00IDAKdiAtMTkgLTQgMAp2IC0xOSAtMyAwCnYgLTE4IC0zIDAKdiAtMTkgLTQgMAp2IC0yMCAtNCAwCnYgLTIwIC0zIDAKdiAtMTkgLTMgMAp2IC0yMCAtNCAwCnYgLTIxIC00IDAKdiAtMjEgLTMgMAp2IC0yMCAtMyAwCnYgLTIxIC00IDAKdiAtMjIgLTQgMAp2IC0yMiAtMyAwCnYgLTIxIC0zIDAKdiAtMjIgLTQgMAp2IC0yMyAtNCAwCnYgLTIzIC0zIDAKdiAtMjIgLTMgMAp2IC0yMyAtNCAwCnYgLTI0IC00IDAKdiAtMjQgLTMgMAp2IC0yMyAtMyAwCnYgMCAtNSAwCnYgLTEgLTUgMAp2IC0xIC00IDAKdiAwIC00IDAKdiAtMSAtNSAwCnYgLTIgLTUgMAp2IC0yIC00IDAKdiAtMSAtNCAwCnYgLTIgLTUgMAp2IC0zIC01IDAKdiAtMyAtNCAwCnYgLTIgLTQgMAp2IC0zIC01IDAKdiAtNCAtNSAwCnYgLTQgLTQgMAp2IC0zIC00IDAKdiAtNCAtNSAwCnYgLTUgLTUgMAp2IC01IC00IDAKdiAtNCAtNCAwCnYgLTUgLTUgMAp2IC02IC01IDAKdiAtNiAtNCAwCnYgLTUgLTQgMAp2IC02IC01IDAKdiAtNyAtNSAwCnYgLTcgLTQgMAp2IC02IC00IDAKdiAtNyAtNSAwCnYgLTggLTUgMAp2IC04IC00IDAKdiAtNyAtNCAwCnYgLTggLTUgMAp2IC05IC01IDAKdiAtOSAtNCAwCnYgLTggLTQgMAp2IC05IC01IDAKdiAtMTAgLTUgMAp2IC0xMCAtNCAwCnYgLTkgLTQgMAp2IC0xMCAtNSAwCnYgLTExIC01IDAKdiAtMTEgLTQgMAp2IC0xMCAtNCAwCnYgLTExIC01IDAKdiAtMTIgLTUgMAp2IC0xMiAtNCAwCnYgLTExIC00IDAKdiAtMTIgLTUgMAp2IC0xMyAtNSAwCnYgLTEzIC00IDAKdiAtMTIgLTQgMAp2IC0xMyAtNSAwCnYgLTE0IC01IDAKdiAtMTQgLTQgMAp2IC0xMyAtNCAwCnYgLTE0IC01IDAKdiAtMTUgLTUgMAp2IC0xNSAtNCAwCnYgLTE0IC00IDAKdiAtMTUgLTUgMAp2IC0xNiAtNSAwCnYgLTE2IC00IDAKdiAtMTUgLTQgMAp2IC0xNiAtNSAwCnYgLTE3IC01IDAKdiAtMTcgLTQgMAp2IC0xNiAtNCAwCnYgLTE3IC01IDAKdiAtMTggLTUgMAp2IC0xOCAtNCAwCnYgLTE3IC00IDAKdiAtMTggLTUgMAp2IC0xOSAtNSAwCnYgLTE5IC00IDAKdiAtMTggLTQgMAp2IC0xOSAtNSAwCnYgLTIwIC01IDAKdiAtMjAgLTQgMAp2IC0xOSAtNCAwCnYgLTIwIC01IDAKdiAtMjEgLTUgMAp2IC0yMSAtNCAwCnYgLTIwIC00IDAKdiAtMjEgLTUgMAp2IC0yMiAtNSAwCnYgLTIyIC00IDAKdiAtMjEgLTQgMAp2IC0yMiAtNSAwCnYgLTIzIC01IDAKdiAtMjMgLTQgMAp2IC0yMiAtNCAwCnYgLTIzIC01IDAKdiAtMjQgLTUgMAp2IC0yNCAtNCAwCnYgLTIzIC00IDAKdiAwIC02IDAKdiAtMSAtNiAwCnYgLTEgLTUgMAp2IDAgLTUgMAp2IC0xIC02IDAKdiAtMiAtNiAwCnYgLTIgLTUgMAp2IC0xIC01IDAKdiAtMiAtNiAwCnYgLTMgLTYgMAp2IC0zIC01IDAKdiAtMiAtNSAwCnYgLTMgLTYgMAp2IC00IC02IDAKdiAtNCAtNSAwCnYgLTMgLTUgMAp2IC00IC02IDAKdiAtNSAtNiAwCnYgLTUgLTUgMAp2IC00IC01IDAKdiAtNSAtNiAwCnYgLTYgLTYgMAp2IC02IC01IDAKdiAtNSAtNSAwCnYgLTYgLTYgMAp2IC03IC02IDAKdiAtNyAtNSAwCnYgLTYgLTUgMAp2IC03IC02IDAKdiAtOCAtNiAwCnYgLTggLTUgMAp2IC03IC01IDAKdiAtOCAtNiAwCnYgLTkgLTYgMAp2IC05IC01IDAKdiAtOCAtNSAwCnYgLTkgLTYgMAp2IC0xMCAtNiAwCnYgLTEwIC01IDAKdiAtOSAtNSAwCnYgLTEwIC02IDAKdiAtMTEgLTYgMAp2IC0xMSAtNSAwCnYgLTEwIC01IDAKdiAtMTEgLTYgMAp2IC0xMiAtNiAwCnYgLTEyIC01IDAKdiAtMTEgLTUgMAp2IC0xMiAtNiAwCnYgLTEzIC02IDAKdiAtMTMgLTUgMAp2IC0xMiAtNSAwCnYgLTEzIC02IDAKdiAtMTQgLTYgMAp2IC0xNCAtNSAwCnYgLTEzIC01IDAKdiAtMTQgLTYgMAp2IC0xNSAtNiAwCnYgLTE1IC01IDAKdiAtMTQgLTUgMAp2IC0xNSAtNiAwCnYgLTE2IC02IDAKdiAtMTYgLTUgMAp2IC0xNSAtNSAwCnYgLTE2IC02IDAKdiAtMTcgLTYgMAp2IC0xNyAtNSAwCnYgLTE2IC01IDAKdiAtMTcgLTYgMAp2IC0xOCAtNiAwCnYgLTE4IC01IDAKdiAtMTcgLTUgMAp2IC0xOCAtNiAwCnYgLTE5IC02IDAKdiAtMTkgLTUgMAp2IC0xOCAtNSAwCnYgLTE5IC02IDAKdiAtMjAgLTYgMAp2IC0yMCAtNSAwCnYgLTE5IC01IDAKdiAtMjAgLTYgMAp2IC0yMSAtNiAwCnYgLTIxIC01IDAKdiAtMjAgLTUgMAp2IC0yMSAtNiAwCnYgLTIyIC02IDAKdiAtMjIgLTUgMAp2IC0yMSAtNSAwCnYgLTIyIC02IDAKdiAtMjMgLTYgMAp2IC0yMyAtNSAwCnYgLTIyIC01IDAKdiAtMjMgLTYgMAp2IC0yNCAtNiAwCnYgLTI0IC01IDAKdiAtMjMgLTUgMAp2IDAgLTcgMAp2IC0xIC03IDAKdiAtMSAtNiAwCnYgMCAtNiAwCnYgLTEgLTcgMAp2IC0yIC03IDAKdiAtMiAtNiAwCnYgLTEgLTYgMAp2IC0yIC03IDAKdiAtMyAtNyAwCnYgLTMgLTYgMAp2IC0yIC02IDAKdiAtMyAtNyAwCnYgLTQgLTcgMAp2IC00IC02IDAKdiAtMyAtNiAwCnYgLTQgLTcgMAp2IC01IC03IDAKdiAtNSAtNiAwCnYgLTQgLTYgMAp2IC01IC03IDAKdiAtNiAtNyAwCnYgLTYgLTYgMAp2IC01IC02IDAKdiAtNiAtNyAwCnYgLTcgLTcgMAp2IC03IC02IDAKdiAtNiAtNiAwCnYgLTcgLTcgMAp2IC04IC03IDAKdiAtOCAtNiAwCnYgLTcgLTYgMAp2IC04IC03IDAKdiAtOSAtNyAwCnYgLTkgLTYgMAp2IC04IC02IDAKdiAtOSAtNyAwCnYgLTEwIC03IDAKdiAtMTAgLTYgMAp2IC05IC02IDAKdiAtMTAgLTcgMAp2IC0xMSAtNyAwCnYgLTExIC02IDAKdiAtMTAgLTYgMAp2IC0xMSAtNyAwCnYgLTEyIC03IDAKdiAtMTIgLTYgMAp2IC0xMSAtNiAwCnYgLTEyIC03IDAKdiAtMTMgLTcgMAp2IC0xMyAtNiAwCnYgLTEyIC02IDAKdiAtMTMgLTcgMAp2IC0xNCAtNyAwCnYgLTE0IC02IDAKdiAtMTMgLTYgMAp2IC0xNCAtNyAwCnYgLTE1IC03IDAKdiAtMTUgLTYgMAp2IC0xNCAtNiAwCnYgLTE1IC03IDAKdiAtMTYgLTcgMAp2IC0xNiAtNiAwCnYgLTE1IC02IDAKdiAtMTYgLTcgMAp2IC0xNyAtNyAwCnYgLTE3IC02IDAKdiAtMTYgLTYgMAp2IC0xNyAtNyAwCnYgLTE4IC03IDAKdiAtMTggLTYgMAp2IC0xNyAtNiAwCnYgLTE4IC03IDAKdiAtMTkgLTcgMAp2IC0xOSAtNiAwCnYgLTE4IC02IDAKdiAtMTkgLTcgMAp2IC0yMCAtNyAwCnYgLTIwIC02IDAKdiAtMTkgLTYgMAp2IC0yMCAtNyAwCnYgLTIxIC03IDAKdiAtMjEgLTYgMAp2IC0yMCAtNiAwCnYgLTIxIC03IDAKdiAtMjIgLTcgMAp2IC0yMiAtNiAwCnYgLTIxIC02IDAKdiAtMjIgLTcgMAp2IC0yMyAtNyAwCnYgLTIzIC02IDAKdiAtMjIgLTYgMAp2IC0yMyAtNyAwCnYgLTI0IC03IDAKdiAtMjQgLTYgMAp2IC0yMyAtNiAwCnYgMCAtOCAwCnYgLTEgLTggMAp2IC0xIC03IDAKdiAwIC03IDAKdiAtMSAtOCAwCnYgLTIgLTggMAp2IC0yIC03IDAKdiAtMSAtNyAwCnYgLTIgLTggMAp2IC0zIC04IDAKdiAtMyAtNyAwCnYgLTIgLTcgMAp2IC0zIC04IDAKdiAtNCAtOCAwCnYgLTQgLTcgMAp2IC0zIC03IDAKdiAtNCAtOCAwCnYgLTUgLTggMAp2IC01IC03IDAKdiAtNCAtNyAwCnYgLTUgLTggMAp2IC02IC04IDAKdiAtNiAtNyAwCnYgLTUgLTcgMAp2IC02IC04IDAKdiAtNyAtOCAwCnYgLTcgLTcgMAp2IC02IC03IDAKdiAtNyAtOCAwCnYgLTggLTggMAp2IC04IC03IDAKdiAtNyAtNyAwCnYgLTggLTggMAp2IC05IC04IDAKdiAtOSAtNyAwCnYgLTggLTcgMAp2IC05IC04IDAKdiAtMTAgLTggMAp2IC0xMCAtNyAwCnYgLTkgLTcgMAp2IC0xMCAtOCAwCnYgLTExIC04IDAKdiAtMTEgLTcgMAp2IC0xMCAtNyAwCnYgLTExIC04IDAKdiAtMTIgLTggMAp2IC0xMiAtNyAwCnYgLTExIC03IDAKdiAtMTIgLTggMAp2IC0xMyAtOCAwCnYgLTEzIC03IDAKdiAtMTIgLTcgMAp2IC0xMyAtOCAwCnYgLTE0IC04IDAKdiAtMTQgLTcgMAp2IC0xMyAtNyAwCnYgLTE0IC04IDAKdiAtMTUgLTggMAp2IC0xNSAtNyAwCnYgLTE0IC03IDAKdiAtMTUgLTggMAp2IC0xNiAtOCAwCnYgLTE2IC03IDAKdiAtMTUgLTcgMAp2IC0xNiAtOCAwCnYgLTE3IC04IDAKdiAtMTcgLTcgMAp2IC0xNiAtNyAwCnYgLTE3IC04IDAKdiAtMTggLTggMAp2IC0xOCAtNyAwCnYgLTE3IC03IDAKdiAtMTggLTggMAp2IC0xOSAtOCAwCnYgLTE5IC03IDAKdiAtMTggLTcgMAp2IC0xOSAtOCAwCnYgLTIwIC04IDAKdiAtMjAgLTcgMAp2IC0xOSAtNyAwCnYgLTIwIC04IDAKdiAtMjEgLTggMAp2IC0yMSAtNyAwCnYgLTIwIC03IDAKdiAtMjEgLTggMAp2IC0yMiAtOCAwCnYgLTIyIC03IDAKdiAtMjEgLTcgMAp2IC0yMiAtOCAwCnYgLTIzIC04IDAKdiAtMjMgLTcgMAp2IC0yMiAtNyAwCnYgLTIzIC04IDAKdiAtMjQgLTggMAp2IC0yNCAtNyAwCnYgLTIzIC03IDAKdiAwIC05IDAKdiAtMSAtOSAwCnYgLTEgLTggMAp2IDAgLTggMAp2IC0xIC05IDAKdiAtMiAtOSAwCnYgLTIgLTggMAp2IC0xIC04IDAKdiAtMiAtOSAwCnYgLTMgLTkgMAp2IC0zIC04IDAKdiAtMiAtOCAwCnYgLTMgLTkgMAp2IC00IC05IDAKdiAtNCAtOCAwCnYgLTMgLTggMAp2IC00IC05IDAKdiAtNSAtOSAwCnYgLTUgLTggMAp2IC00IC04IDAKdiAtNSAtOSAwCnYgLTYgLTkgMAp2IC02IC04IDAKdiAtNSAtOCAwCnYgLTYgLTkgMAp2IC03IC05IDAKdiAtNyAtOCAwCnYgLTYgLTggMAp2IC03IC05IDAKdiAtOCAtOSAwCnYgLTggLTggMAp2IC03IC04IDAKdiAtOCAtOSAwCnYgLTkgLTkgMAp2IC05IC04IDAKdiAtOCAtOCAwCnYgLTkgLTkgMAp2IC0xMCAtOSAwCnYgLTEwIC04IDAKdiAtOSAtOCAwCnYgLTEwIC05IDAKdiAtMTEgLTkgMAp2IC0xMSAtOCAwCnYgLTEwIC04IDAKdiAtMTEgLTkgMAp2IC0xMiAtOSAwCnYgLTEyIC04IDAKdiAtMTEgLTggMAp2IC0xMiAtOSAwCnYgLTEzIC05IDAKdiAtMTMgLTggMAp2IC0xMiAtOCAwCnYgLTEzIC05IDAKdiAtMTQgLTkgMAp2IC0xNCAtOCAwCnYgLTEzIC04IDAKdiAtMTQgLTkgMAp2IC0xNSAtOSAwCnYgLTE1IC04IDAKdiAtMTQgLTggMAp2IC0xNSAtOSAwCnYgLTE2IC05IDAKdiAtMTYgLTggMAp2IC0xNSAtOCAwCnYgLTE2IC05IDAKdiAtMTcgLTkgMAp2IC0xNyAtOCAwCnYgLTE2IC04IDAKdiAtMTcgLTkgMAp2IC0xOCAtOSAwCnYgLTE4IC04IDAKdiAtMTcgLTggMAp2IC0xOCAtOSAwCnYgLTE5IC05IDAKdiAtMTkgLTggMAp2IC0xOCAtOCAwCnYgLTE5IC05IDAKdiAtMjAgLTkgMAp2IC0yMCAtOCAwCnYgLTE5IC04IDAKdiAtMjAgLTkgMAp2IC0yMSAtOSAwCnYgLTIxIC04IDAKdiAtMjAgLTggMAp2IC0yMSAtOSAwCnYgLTIyIC05IDAKdiAtMjIgLTggMAp2IC0yMSAtOCAwCnYgLTIyIC05IDAKdiAtMjMgLTkgMAp2IC0yMyAtOCAwCnYgLTIyIC04IDAKdiAtMjMgLTkgMAp2IC0yNCAtOSAwCnYgLTI0IC04IDAKdiAtMjMgLTggMAp2IDAgLTEwIDAKdiAtMSAtMTAgMAp2IC0xIC05IDAKdiAwIC05IDAKdiAtMSAtMTAgMAp2IC0yIC0xMCAwCnYgLTIgLTkgMAp2IC0xIC05IDAKdiAtMiAtMTAgMAp2IC0zIC0xMCAwCnYgLTMgLTkgMAp2IC0yIC05IDAKdiAtMyAtMTAgMAp2IC00IC0xMCAwCnYgLTQgLTkgMAp2IC0zIC05IDAKdiAtNCAtMTAgMAp2IC01IC0xMCAwCnYgLTUgLTkgMAp2IC00IC05IDAKdiAtNSAtMTAgMAp2IC02IC0xMCAwCnYgLTYgLTkgMAp2IC01IC05IDAKdiAtNiAtMTAgMAp2IC03IC0xMCAwCnYgLTcgLTkgMAp2IC02IC05IDAKdiAtNyAtMTAgMAp2IC04IC0xMCAwCnYgLTggLTkgMAp2IC03IC05IDAKdiAtOCAtMTAgMAp2IC05IC0xMCAwCnYgLTkgLTkgMAp2IC04IC05IDAKdiAtOSAtMTAgMAp2IC0xMCAtMTAgMAp2IC0xMCAtOSAwCnYgLTkgLTkgMAp2IC0xMCAtMTAgMAp2IC0xMSAtMTAgMAp2IC0xMSAtOSAwCnYgLTEwIC05IDAKdiAtMTEgLTEwIDAKdiAtMTIgLTEwIDAKdiAtMTIgLTkgMAp2IC0xMSAtOSAwCnYgLTEyIC0xMCAwCnYgLTEzIC0xMCAwCnYgLTEzIC05IDAKdiAtMTIgLTkgMAp2IC0xMyAtMTAgMAp2IC0xNCAtMTAgMAp2IC0xNCAtOSAwCnYgLTEzIC05IDAKdiAtMTQgLTEwIDAKdiAtMTUgLTEwIDAKdiAtMTUgLTkgMAp2IC0xNCAtOSAwCnYgLTE1IC0xMCAwCnYgLTE2IC0xMCAwCnYgLTE2IC05IDAKdiAtMTUgLTkgMAp2IC0xNiAtMTAgMAp2IC0xNyAtMTAgMAp2IC0xNyAtOSAwCnYgLTE2IC05IDAKdiAtMTcgLTEwIDAKdiAtMTggLTEwIDAKdiAtMTggLTkgMAp2IC0xNyAtOSAwCnYgLTE4IC0xMCAwCnYgLTE5IC0xMCAwCnYgLTE5IC05IDAKdiAtMTggLTkgMAp2IC0xOSAtMTAgMAp2IC0yMCAtMTAgMAp2IC0yMCAtOSAwCnYgLTE5IC05IDAKdiAtMjAgLTEwIDAKdiAtMjEgLTEwIDAKdiAtMjEgLTkgMAp2IC0yMCAtOSAwCnYgLTIxIC0xMCAwCnYgLTIyIC0xMCAwCnYgLTIyIC05IDAKdiAtMjEgLTkgMAp2IC0yMiAtMTAgMAp2IC0yMyAtMTAgMAp2IC0yMyAtOSAwCnYgLTIyIC05IDAKdiAtMjMgLTEwIDAKdiAtMjQgLTEwIDAKdiAtMjQgLTkgMAp2IC0yMyAtOSAwCnYgMCAtMTEgMAp2IC0xIC0xMSAwCnYgLTEgLTEwIDAKdiAwIC0xMCAwCnYgLTEgLTExIDAKdiAtMiAtMTEgMAp2IC0yIC0xMCAwCnYgLTEgLTEwIDAKdiAtMiAtMTEgMAp2IC0zIC0xMSAwCnYgLTMgLTEwIDAKdiAtMiAtMTAgMAp2IC0zIC0xMSAwCnYgLTQgLTExIDAKdiAtNCAtMTAgMAp2IC0zIC0xMCAwCnYgLTQgLTExIDAKdiAtNSAtMTEgMAp2IC01IC0xMCAwCnYgLTQgLTEwIDAKdiAtNSAtMTEgMAp2IC02IC0xMSAwCnYgLTYgLTEwIDAKdiAtNSAtMTAgMAp2IC02IC0xMSAwCnYgLTcgLTExIDAKdiAtNyAtMTAgMAp2IC02IC0xMCAwCnYgLTcgLTExIDAKdiAtOCAtMTEgMAp2IC04IC0xMCAwCnYgLTcgLTEwIDAKdiAtOCAtMTEgMAp2IC05IC0xMSAwCnYgLTkgLTEwIDAKdiAtOCAtMTAgMAp2IC05IC0xMSAwCnYgLTEwIC0xMSAwCnYgLTEwIC0xMCAwCnYgLTkgLTEwIDAKdiAtMTAgLTExIDAKdiAtMTEgLTExIDAKdiAtMTEgLTEwIDAKdiAtMTAgLTEwIDAKdiAtMTEgLTExIDAKdiAtMTIgLTExIDAKdiAtMTIgLTEwIDAKdiAtMTEgLTEwIDAKdiAtMTIgLTExIDAKdiAtMTMgLTExIDAKdiAtMTMgLTEwIDAKdiAtMTIgLTEwIDAKdiAtMTMgLTExIDAKdiAtMTQgLTExIDAKdiAtMTQgLTEwIDAKdiAtMTMgLTEwIDAKdiAtMTQgLTExIDAKdiAtMTUgLTExIDAKdiAtMTUgLTEwIDAKdiAtMTQgLTEwIDAKdiAtMTUgLTExIDAKdiAtMTYgLTExIDAKdiAtMTYgLTEwIDAKdiAtMTUgLTEwIDAKdiAtMTYgLTExIDAKdiAtMTcgLTExIDAKdiAtMTcgLTEwIDAKdiAtMTYgLTEwIDAKdiAtMTcgLTExIDAKdiAtMTggLTExIDAKdiAtMTggLTEwIDAKdiAtMTcgLTEwIDAKdiAtMTggLTExIDAKdiAtMTkgLTExIDAKdiAtMTkgLTEwIDAKdiAtMTggLTEwIDAKdiAtMTkgLTExIDAKdiAtMjAgLTExIDAKdiAtMjAgLTEwIDAKdiAtMTkgLTEwIDAKdiAtMjAgLTExIDAKdiAtMjEgLTExIDAKdiAtMjEgLTEwIDAKdiAtMjAgLTEwIDAKdiAtMjEgLTExIDAKdiAtMjIgLTExIDAKdiAtMjIgLTEwIDAKdiAtMjEgLTEwIDAKdiAtMjIgLTExIDAKdiAtMjMgLTExIDAKdiAtMjMgLTEwIDAKdiAtMjIgLTEwIDAKdiAtMjMgLTExIDAKdiAtMjQgLTExIDAKdiAtMjQgLTEwIDAKdiAtMjMgLTEwIDAKdiAwIC0xMiAwCnYgLTEgLTEyIDAKdiAtMSAtMTEgMAp2IDAgLTExIDAKdiAtMSAtMTIgMAp2IC0yIC0xMiAwCnYgLTIgLTExIDAKdiAtMSAtMTEgMAp2IC0yIC0xMiAwCnYgLTMgLTEyIDAKdiAtMyAtMTEgMAp2IC0yIC0xMSAwCnYgLTMgLTEyIDAKdiAtNCAtMTIgMAp2IC00IC0xMSAwCnYgLTMgLTExIDAKdiAtNCAtMTIgMAp2IC01IC0xMiAwCnYgLTUgLTExIDAKdiAtNCAtMTEgMAp2IC01IC0xMiAwCnYgLTYgLTEyIDAKdiAtNiAtMTEgMAp2IC01IC0xMSAwCnYgLTYgLTEyIDAKdiAtNyAtMTIgMAp2IC03IC0xMSAwCnYgLTYgLTExIDAKdiAtNyAtMTIgMAp2IC04IC0xMiAwCnYgLTggLTExIDAKdiAtNyAtMTEgMAp2IC04IC0xMiAwCnYgLTkgLTEyIDAKdiAtOSAtMTEgMAp2IC04IC0xMSAwCnYgLTkgLTEyIDAKdiAtMTAgLTEyIDAKdiAtMTAgLTExIDAKdiAtOSAtMTEgMAp2IC0xMCAtMTIgMAp2IC0xMSAtMTIgMAp2IC0xMSAtMTEgMAp2IC0xMCAtMTEgMAp2IC0xMSAtMTIgMAp2IC0xMiAtMTIgMAp2IC0xMiAtMTEgMAp2IC0xMSAtMTEgMAp2IC0xMiAtMTIgMAp2IC0xMyAtMTIgMAp2IC0xMyAtMTEgMAp2IC0xMiAtMTEgMAp2IC0xMyAtMTIgMAp2IC0xNCAtMTIgMAp2IC0xNCAtMTEgMAp2IC0xMyAtMTEgMAp2IC0xNCAtMTIgMAp2IC0xNSAtMTIgMAp2IC0xNSAtMTEgMAp2IC0xNCAtMTEgMAp2IC0xNSAtMTIgMAp2IC0xNiAtMTIgMAp2IC0xNiAtMTEgMAp2IC0xNSAtMTEgMAp2IC0xNiAtMTIgMAp2IC0xNyAtMTIgMAp2IC0xNyAtMTEgMAp2IC0xNiAtMTEgMAp2IC0xNyAtMTIgMAp2IC0xOCAtMTIgMAp2IC0xOCAtMTEgMAp2IC0xNyAtMTEgMAp2IC0xOCAtMTIgMAp2IC0xOSAtMTIgMAp2IC0xOSAtMTEgMAp2IC0xOCAtMTEgMAp2IC0xOSAtMTIgMAp2IC0yMCAtMTIgMAp2IC0yMCAtMTEgMAp2IC0xOSAtMTEgMAp2IC0yMCAtMTIgMAp2IC0yMSAtMTIgMAp2IC0yMSAtMTEgMAp2IC0yMCAtMTEgMAp2IC0yMSAtMTIgMAp2IC0yMiAtMTIgMAp2IC0yMiAtMTEgMAp2IC0yMSAtMTEgMAp2IC0yMiAtMTIgMAp2IC0yMyAtMTIgMAp2IC0yMyAtMTEgMAp2IC0yMiAtMTEgMAp2IC0yMyAtMTIgMAp2IC0yNCAtMTIgMAp2IC0yNCAtMTEgMAp2IC0yMyAtMTEgMAp2IDAgLTEzIDAKdiAtMSAtMTMgMAp2IC0xIC0xMiAwCnYgMCAtMTIgMAp2IC0xIC0xMyAwCnYgLTIgLTEzIDAKdiAtMiAtMTIgMAp2IC0xIC0xMiAwCnYgLTIgLTEzIDAKdiAtMyAtMTMgMAp2IC0zIC0xMiAwCnYgLTIgLTEyIDAKdiAtMyAtMTMgMAp2IC00IC0xMyAwCnYgLTQgLTEyIDAKdiAtMyAtMTIgMAp2IC00IC0xMyAwCnYgLTUgLTEzIDAKdiAtNSAtMTIgMAp2IC00IC0xMiAwCnYgLTUgLTEzIDAKdiAtNiAtMTMgMAp2IC02IC0xMiAwCnYgLTUgLTEyIDAKdiAtNiAtMTMgMAp2IC03IC0xMyAwCnYgLTcgLTEyIDAKdiAtNiAtMTIgMAp2IC03IC0xMyAwCnYgLTggLTEzIDAKdiAtOCAtMTIgMAp2IC03IC0xMiAwCnYgLTggLTEzIDAKdiAtOSAtMTMgMAp2IC05IC0xMiAwCnYgLTggLTEyIDAKdiAtOSAtMTMgMAp2IC0xMCAtMTMgMAp2IC0xMCAtMTIgMAp2IC05IC0xMiAwCnYgLTEwIC0xMyAwCnYgLTExIC0xMyAwCnYgLTExIC0xMiAwCnYgLTEwIC0xMiAwCnYgLTExIC0xMyAwCnYgLTEyIC0xMyAwCnYgLTEyIC0xMiAwCnYgLTExIC0xMiAwCnYgLTEyIC0xMyAwCnYgLTEzIC0xMyAwCnYgLTEzIC0xMiAwCnYgLTEyIC0xMiAwCnYgLTEzIC0xMyAwCnYgLTE0IC0xMyAwCnYgLTE0IC0xMiAwCnYgLTEzIC0xMiAwCnYgLTE0IC0xMyAwCnYgLTE1IC0xMyAwCnYgLTE1IC0xMiAwCnYgLTE0IC0xMiAwCnYgLTE1IC0xMyAwCnYgLTE2IC0xMyAwCnYgLTE2IC0xMiAwCnYgLTE1IC0xMiAwCnYgLTE2IC0xMyAwCnYgLTE3IC0xMyAwCnYgLTE3IC0xMiAwCnYgLTE2IC0xMiAwCnYgLTE3IC0xMyAwCnYgLTE4IC0xMyAwCnYgLTE4IC0xMiAwCnYgLTE3IC0xMiAwCnYgLTE4IC0xMyAwCnYgLTE5IC0xMyAwCnYgLTE5IC0xMiAwCnYgLTE4IC0xMiAwCnYgLTE5IC0xMyAwCnYgLTIwIC0xMyAwCnYgLTIwIC0xMiAwCnYgLTE5IC0xMiAwCnYgLTIwIC0xMyAwCnYgLTIxIC0xMyAwCnYgLTIxIC0xMiAwCnYgLTIwIC0xMiAwCnYgLTIxIC0xMyAwCnYgLTIyIC0xMyAwCnYgLTIyIC0xMiAwCnYgLTIxIC0xMiAwCnYgLTIyIC0xMyAwCnYgLTIzIC0xMyAwCnYgLTIzIC0xMiAwCnYgLTIyIC0xMiAwCnYgLTIzIC0xMyAwCnYgLTI0IC0xMyAwCnYgLTI0IC0xMiAwCnYgLTIzIC0xMiAwCnYgMCAtMTQgMAp2IC0xIC0xNCAwCnYgLTEgLTEzIDAKdiAwIC0xMyAwCnYgLTEgLTE0IDAKdiAtMiAtMTQgMAp2IC0yIC0xMyAwCnYgLTEgLTEzIDAKdiAtMiAtMTQgMAp2IC0zIC0xNCAwCnYgLTMgLTEzIDAKdiAtMiAtMTMgMAp2IC0zIC0xNCAwCnYgLTQgLTE0IDAKdiAtNCAtMTMgMAp2IC0zIC0xMyAwCnYgLTQgLTE0IDAKdiAtNSAtMTQgMAp2IC01IC0xMyAwCnYgLTQgLTEzIDAKdiAtNSAtMTQgMAp2IC02IC0xNCAwCnYgLTYgLTEzIDAKdiAtNSAtMTMgMAp2IC02IC0xNCAwCnYgLTcgLTE0IDAKdiAtNyAtMTMgMAp2IC02IC0xMyAwCnYgLTcgLTE0IDAKdiAtOCAtMTQgMAp2IC04IC0xMyAwCnYgLTcgLTEzIDAKdiAtOCAtMTQgMAp2IC05IC0xNCAwCnYgLTkgLTEzIDAKdiAtOCAtMTMgMAp2IC05IC0xNCAwCnYgLTEwIC0xNCAwCnYgLTEwIC0xMyAwCnYgLTkgLTEzIDAKdiAtMTAgLTE0IDAKdiAtMTEgLTE0IDAKdiAtMTEgLTEzIDAKdiAtMTAgLTEzIDAKdiAtMTEgLTE0IDAKdiAtMTIgLTE0IDAKdiAtMTIgLTEzIDAKdiAtMTEgLTEzIDAKdiAtMTIgLTE0IDAKdiAtMTMgLTE0IDAKdiAtMTMgLTEzIDAKdiAtMTIgLTEzIDAKdiAtMTMgLTE0IDAKdiAtMTQgLTE0IDAKdiAtMTQgLTEzIDAKdiAtMTMgLTEzIDAKdiAtMTQgLTE0IDAKdiAtMTUgLTE0IDAKdiAtMTUgLTEzIDAKdiAtMTQgLTEzIDAKdiAtMTUgLTE0IDAKdiAtMTYgLTE0IDAKdiAtMTYgLTEzIDAKdiAtMTUgLTEzIDAKdiAtMTYgLTE0IDAKdiAtMTcgLTE0IDAKdiAtMTcgLTEzIDAKdiAtMTYgLTEzIDAKdiAtMTcgLTE0IDAKdiAtMTggLTE0IDAKdiAtMTggLTEzIDAKdiAtMTcgLTEzIDAKdiAtMTggLTE0IDAKdiAtMTkgLTE0IDAKdiAtMTkgLTEzIDAKdiAtMTggLTEzIDAKdiAtMTkgLTE0IDAKdiAtMjAgLTE0IDAKdiAtMjAgLTEzIDAKdiAtMTkgLTEzIDAKdiAtMjAgLTE0IDAKdiAtMjEgLTE0IDAKdiAtMjEgLTEzIDAKdiAtMjAgLTEzIDAKdiAtMjEgLTE0IDAKdiAtMjIgLTE0IDAKdiAtMjIgLTEzIDAKdiAtMjEgLTEzIDAKdiAtMjIgLTE0IDAKdiAtMjMgLTE0IDAKdiAtMjMgLTEzIDAKdiAtMjIgLTEzIDAKdiAtMjMgLTE0IDAKdiAtMjQgLTE0IDAKdiAtMjQgLTEzIDAKdiAtMjMgLTEzIDAKdiAwIC0xNSAwCnYgLTEgLTE1IDAKdiAtMSAtMTQgMAp2IDAgLTE0IDAKdiAtMSAtMTUgMAp2IC0yIC0xNSAwCnYgLTIgLTE0IDAKdiAtMSAtMTQgMAp2IC0yIC0xNSAwCnYgLTMgLTE1IDAKdiAtMyAtMTQgMAp2IC0yIC0xNCAwCnYgLTMgLTE1IDAKdiAtNCAtMTUgMAp2IC00IC0xNCAwCnYgLTMgLTE0IDAKdiAtNCAtMTUgMAp2IC01IC0xNSAwCnYgLTUgLTE0IDAKdiAtNCAtMTQgMAp2IC01IC0xNSAwCnYgLTYgLTE1IDAKdiAtNiAtMTQgMAp2IC01IC0xNCAwCnYgLTYgLTE1IDAKdiAtNyAtMTUgMAp2IC03IC0xNCAwCnYgLTYgLTE0IDAKdiAtNyAtMTUgMAp2IC04IC0xNSAwCnYgLTggLTE0IDAKdiAtNyAtMTQgMAp2IC04IC0xNSAwCnYgLTkgLTE1IDAKdiAtOSAtMTQgMAp2IC04IC0xNCAwCnYgLTkgLTE1IDAKdiAtMTAgLTE1IDAKdiAtMTAgLTE0IDAKdiAtOSAtMTQgMAp2IC0xMCAtMTUgMAp2IC0xMSAtMTUgMAp2IC0xMSAtMTQgMAp2IC0xMCAtMTQgMAp2IC0xMSAtMTUgMAp2IC0xMiAtMTUgMAp2IC0xMiAtMTQgMAp2IC0xMSAtMTQgMAp2IC0xMiAtMTUgMAp2IC0xMyAtMTUgMAp2IC0xMyAtMTQgMAp2IC0xMiAtMTQgMAp2IC0xMyAtMTUgMAp2IC0xNCAtMTUgMAp2IC0xNCAtMTQgMAp2IC0xMyAtMTQgMAp2IC0xNCAtMTUgMAp2IC0xNSAtMTUgMAp2IC0xNSAtMTQgMAp2IC0xNCAtMTQgMAp2IC0xNSAtMTUgMAp2IC0xNiAtMTUgMAp2IC0xNiAtMTQgMAp2IC0xNSAtMTQgMAp2IC0xNiAtMTUgMAp2IC0xNyAtMTUgMAp2IC0xNyAtMTQgMAp2IC0xNiAtMTQgMAp2IC0xNyAtMTUgMAp2IC0xOCAtMTUgMAp2IC0xOCAtMTQgMAp2IC0xNyAtMTQgMAp2IC0xOCAtMTUgMAp2IC0xOSAtMTUgMAp2IC0xOSAtMTQgMAp2IC0xOCAtMTQgMAp2IC0xOSAtMTUgMAp2IC0yMCAtMTUgMAp2IC0yMCAtMTQgMAp2IC0xOSAtMTQgMAp2IC0yMCAtMTUgMAp2IC0yMSAtMTUgMAp2IC0yMSAtMTQgMAp2IC0yMCAtMTQgMAp2IC0yMSAtMTUgMAp2IC0yMiAtMTUgMAp2IC0yMiAtMTQgMAp2IC0yMSAtMTQgMAp2IC0yMiAtMTUgMAp2IC0yMyAtMTUgMAp2IC0yMyAtMTQgMAp2IC0yMiAtMTQgMAp2IC0yMyAtMTUgMAp2IC0yNCAtMTUgMAp2IC0yNCAtMTQgMAp2IC0yMyAtMTQgMAp2IDAgLTE2IDAKdiAtMSAtMTYgMAp2IC0xIC0xNSAwCnYgMCAtMTUgMAp2IC0xIC0xNiAwCnYgLTIgLTE2IDAKdiAtMiAtMTUgMAp2IC0xIC0xNSAwCnYgLTIgLTE2IDAKdiAtMyAtMTYgMAp2IC0zIC0xNSAwCnYgLTIgLTE1IDAKdiAtMyAtMTYgMAp2IC00IC0xNiAwCnYgLTQgLTE1IDAKdiAtMyAtMTUgMAp2IC00IC0xNiAwCnYgLTUgLTE2IDAKdiAtNSAtMTUgMAp2IC00IC0xNSAwCnYgLTUgLTE2IDAKdiAtNiAtMTYgMAp2IC02IC0xNSAwCnYgLTUgLTE1IDAKdiAtNiAtMTYgMAp2IC03IC0xNiAwCnYgLTcgLTE1IDAKdiAtNiAtMTUgMAp2IC03IC0xNiAwCnYgLTggLTE2IDAKdiAtOCAtMTUgMAp2IC03IC0xNSAwCnYgLTggLTE2IDAKdiAtOSAtMTYgMAp2IC05IC0xNSAwCnYgLTggLTE1IDAKdiAtOSAtMTYgMAp2IC0xMCAtMTYgMAp2IC0xMCAtMTUgMAp2IC05IC0xNSAwCnYgLTEwIC0xNiAwCnYgLTExIC0xNiAwCnYgLTExIC0xNSAwCnYgLTEwIC0xNSAwCnYgLTExIC0xNiAwCnYgLTEyIC0xNiAwCnYgLTEyIC0xNSAwCnYgLTExIC0xNSAwCnYgLTEyIC0xNiAwCnYgLTEzIC0xNiAwCnYgLTEzIC0xNSAwCnYgLTEyIC0xNSAwCnYgLTEzIC0xNiAwCnYgLTE0IC0xNiAwCnYgLTE0IC0xNSAwCnYgLTEzIC0xNSAwCnYgLTE0IC0xNiAwCnYgLTE1IC0xNiAwCnYgLTE1IC0xNSAwCnYgLTE0IC0xNSAwCnYgLTE1IC0xNiAwCnYgLTE2IC0xNiAwCnYgLTE2IC0xNSAwCnYgLTE1IC0xNSAwCnYgLTE2IC0xNiAwCnYgLTE3IC0xNiAwCnYgLTE3IC0xNSAwCnYgLTE2IC0xNSAwCnYgLTE3IC0xNiAwCnYgLTE4IC0xNiAwCnYgLTE4IC0xNSAwCnYgLTE3IC0xNSAwCnYgLTE4IC0xNiAwCnYgLTE5IC0xNiAwCnYgLTE5IC0xNSAwCnYgLTE4IC0xNSAwCnYgLTE5IC0xNiAwCnYgLTIwIC0xNiAwCnYgLTIwIC0xNSAwCnYgLTE5IC0xNSAwCnYgLTIwIC0xNiAwCnYgLTIxIC0xNiAwCnYgLTIxIC0xNSAwCnYgLTIwIC0xNSAwCnYgLTIxIC0xNiAwCnYgLTIyIC0xNiAwCnYgLTIyIC0xNSAwCnYgLTIxIC0xNSAwCnYgLTIyIC0xNiAwCnYgLTIzIC0xNiAwCnYgLTIzIC0xNSAwCnYgLTIyIC0xNSAwCnYgLTIzIC0xNiAwCnYgLTI0IC0xNiAwCnYgLTI0IC0xNSAwCnYgLTIzIC0xNSAwCgojIFRleHR1cmUgY29vcmlkaW5hdGVzIChDb3VudCA9IDE2KQp2dCAwLjI0Mjg1NzEgMC44OTMzMzMzCnZ0IDAuMjUgMC44OTMzMzMzCnZ0IDAuMjUgMC45CnZ0IDAuMjQyODU3MSAwLjkKdnQgMC4yNTcxNDI5IDAuODkzMzMzMwp2dCAwLjI1NzE0MjkgMC45CnZ0IDAuMjY0Mjg1NyAwLjg5MzMzMzMKdnQgMC4yNjQyODU3IDAuOQp2dCAwLjI0Mjg1NzEgMC44ODY2NjY3CnZ0IDAuMjUgMC44ODY2NjY3CnZ0IDAuMjU3MTQyOSAwLjg4NjY2NjcKdnQgMC4yNjQyODU3IDAuODg2NjY2Nwp2dCAwLjI0Mjg1NzEgMC44OAp2dCAwLjI1IDAuODgKdnQgMC4yNTcxNDI5IDAuODgKdnQgMC4yNjQyODU3IDAuODgKCiMgTm9ybWFsCnZuIDAgMCAtMQoKIyBNZXNoIGRlc2NyaXB0aW9uCmcgdGVzdC0wMV9tZXNoXzAwMDEKCiMgRmFjZXMKZiAxLzEvMSAyLzIvMSAzLzMvMSA0LzQvMQpmIDUvMi8xIDYvNS8xIDcvNi8xIDgvMy8xCmYgOS8yLzEgMTAvNS8xIDExLzYvMSAxMi8zLzEKZiAxMy8yLzEgMTQvNS8xIDE1LzYvMSAxNi8zLzEKZiAxNy8yLzEgMTgvNS8xIDE5LzYvMSAyMC8zLzEKZiAyMS8yLzEgMjIvNS8xIDIzLzYvMSAyNC8zLzEKZiAyNS8yLzEgMjYvNS8xIDI3LzYvMSAyOC8zLzEKZiAyOS8yLzEgMzAvNS8xIDMxLzYvMSAzMi8zLzEKZiAzMy8yLzEgMzQvNS8xIDM1LzYvMSAzNi8zLzEKZiAzNy8yLzEgMzgvNS8xIDM5LzYvMSA0MC8zLzEKZiA0MS8yLzEgNDIvNS8xIDQzLzYvMSA0NC8zLzEKZiA0NS8yLzEgNDYvNS8xIDQ3LzYvMSA0OC8zLzEKZiA0OS8yLzEgNTAvNS8xIDUxLzYvMSA1Mi8zLzEKZiA1My8yLzEgNTQvNS8xIDU1LzYvMSA1Ni8zLzEKZiA1Ny8yLzEgNTgvNS8xIDU5LzYvMSA2MC8zLzEKZiA2MS8yLzEgNjIvNS8xIDYzLzYvMSA2NC8zLzEKZiA2NS8yLzEgNjYvNS8xIDY3LzYvMSA2OC8zLzEKZiA2OS8yLzEgNzAvNS8xIDcxLzYvMSA3Mi8zLzEKZiA3My8yLzEgNzQvNS8xIDc1LzYvMSA3Ni8zLzEKZiA3Ny8yLzEgNzgvNS8xIDc5LzYvMSA4MC8zLzEKZiA4MS8yLzEgODIvNS8xIDgzLzYvMSA4NC8zLzEKZiA4NS8yLzEgODYvNS8xIDg3LzYvMSA4OC8zLzEKZiA4OS8yLzEgOTAvNS8xIDkxLzYvMSA5Mi8zLzEKZiA5My81LzEgOTQvNy8xIDk1LzgvMSA5Ni82LzEKZiA5Ny85LzEgOTgvMTAvMSA5OS8yLzEgMTAwLzEvMQpmIDEwMS8xMC8xIDEwMi8xMS8xIDEwMy81LzEgMTA0LzIvMQpmIDEwNS8xMC8xIDEwNi8xMS8xIDEwNy81LzEgMTA4LzIvMQpmIDEwOS8xMC8xIDExMC8xMS8xIDExMS81LzEgMTEyLzIvMQpmIDExMy8xMC8xIDExNC8xMS8xIDExNS81LzEgMTE2LzIvMQpmIDExNy8xMC8xIDExOC8xMS8xIDExOS81LzEgMTIwLzIvMQpmIDEyMS8xMC8xIDEyMi8xMS8xIDEyMy81LzEgMTI0LzIvMQpmIDEyNS8xMC8xIDEyNi8xMS8xIDEyNy81LzEgMTI4LzIvMQpmIDEyOS8xMC8xIDEzMC8xMS8xIDEzMS81LzEgMTMyLzIvMQpmIDEzMy8xMC8xIDEzNC8xMS8xIDEzNS81LzEgMTM2LzIvMQpmIDEzNy8xMC8xIDEzOC8xMS8xIDEzOS81LzEgMTQwLzIvMQpmIDE0MS8xMC8xIDE0Mi8xMS8xIDE0My81LzEgMTQ0LzIvMQpmIDE0NS8xMC8xIDE0Ni8xMS8xIDE0Ny81LzEgMTQ4LzIvMQpmIDE0OS8xMC8xIDE1MC8xMS8xIDE1MS81LzEgMTUyLzIvMQpmIDE1My8xMC8xIDE1NC8xMS8xIDE1NS81LzEgMTU2LzIvMQpmIDE1Ny8xMC8xIDE1OC8xMS8xIDE1OS81LzEgMTYwLzIvMQpmIDE2MS8xMC8xIDE2Mi8xMS8xIDE2My81LzEgMTY0LzIvMQpmIDE2NS8xMC8xIDE2Ni8xMS8xIDE2Ny81LzEgMTY4LzIvMQpmIDE2OS8xMC8xIDE3MC8xMS8xIDE3MS81LzEgMTcyLzIvMQpmIDE3My8xMC8xIDE3NC8xMS8xIDE3NS81LzEgMTc2LzIvMQpmIDE3Ny8xMC8xIDE3OC8xMS8xIDE3OS81LzEgMTgwLzIvMQpmIDE4MS8xMC8xIDE4Mi8xMS8xIDE4My81LzEgMTg0LzIvMQpmIDE4NS8xMC8xIDE4Ni8xMS8xIDE4Ny81LzEgMTg4LzIvMQpmIDE4OS8xMS8xIDE5MC8xMi8xIDE5MS83LzEgMTkyLzUvMQpmIDE5My85LzEgMTk0LzEwLzEgMTk1LzIvMSAxOTYvMS8xCmYgMTk3LzEwLzEgMTk4LzExLzEgMTk5LzUvMSAyMDAvMi8xCmYgMjAxLzEwLzEgMjAyLzExLzEgMjAzLzUvMSAyMDQvMi8xCmYgMjA1LzEwLzEgMjA2LzExLzEgMjA3LzUvMSAyMDgvMi8xCmYgMjA5LzEwLzEgMjEwLzExLzEgMjExLzUvMSAyMTIvMi8xCmYgMjEzLzEwLzEgMjE0LzExLzEgMjE1LzUvMSAyMTYvMi8xCmYgMjE3LzEwLzEgMjE4LzExLzEgMjE5LzUvMSAyMjAvMi8xCmYgMjIxLzEwLzEgMjIyLzExLzEgMjIzLzUvMSAyMjQvMi8xCmYgMjI1LzEwLzEgMjI2LzExLzEgMjI3LzUvMSAyMjgvMi8xCmYgMjI5LzEwLzEgMjMwLzExLzEgMjMxLzUvMSAyMzIvMi8xCmYgMjMzLzEwLzEgMjM0LzExLzEgMjM1LzUvMSAyMzYvMi8xCmYgMjM3LzEwLzEgMjM4LzExLzEgMjM5LzUvMSAyNDAvMi8xCmYgMjQxLzEwLzEgMjQyLzExLzEgMjQzLzUvMSAyNDQvMi8xCmYgMjQ1LzEwLzEgMjQ2LzExLzEgMjQ3LzUvMSAyNDgvMi8xCmYgMjQ5LzEwLzEgMjUwLzExLzEgMjUxLzUvMSAyNTIvMi8xCmYgMjUzLzEwLzEgMjU0LzExLzEgMjU1LzUvMSAyNTYvMi8xCmYgMjU3LzEwLzEgMjU4LzExLzEgMjU5LzUvMSAyNjAvMi8xCmYgMjYxLzEwLzEgMjYyLzExLzEgMjYzLzUvMSAyNjQvMi8xCmYgMjY1LzEwLzEgMjY2LzExLzEgMjY3LzUvMSAyNjgvMi8xCmYgMjY5LzEwLzEgMjcwLzExLzEgMjcxLzUvMSAyNzIvMi8xCmYgMjczLzEwLzEgMjc0LzExLzEgMjc1LzUvMSAyNzYvMi8xCmYgMjc3LzEwLzEgMjc4LzExLzEgMjc5LzUvMSAyODAvMi8xCmYgMjgxLzEwLzEgMjgyLzExLzEgMjgzLzUvMSAyODQvMi8xCmYgMjg1LzExLzEgMjg2LzEyLzEgMjg3LzcvMSAyODgvNS8xCmYgMjg5LzkvMSAyOTAvMTAvMSAyOTEvMi8xIDI5Mi8xLzEKZiAyOTMvMTAvMSAyOTQvMTEvMSAyOTUvNS8xIDI5Ni8yLzEKZiAyOTcvMTAvMSAyOTgvMTEvMSAyOTkvNS8xIDMwMC8yLzEKZiAzMDEvMTAvMSAzMDIvMTEvMSAzMDMvNS8xIDMwNC8yLzEKZiAzMDUvMTAvMSAzMDYvMTEvMSAzMDcvNS8xIDMwOC8yLzEKZiAzMDkvMTAvMSAzMTAvMTEvMSAzMTEvNS8xIDMxMi8yLzEKZiAzMTMvMTAvMSAzMTQvMTEvMSAzMTUvNS8xIDMxNi8yLzEKZiAzMTcvMTAvMSAzMTgvMTEvMSAzMTkvNS8xIDMyMC8yLzEKZiAzMjEvMTAvMSAzMjIvMTEvMSAzMjMvNS8xIDMyNC8yLzEKZiAzMjUvMTAvMSAzMjYvMTEvMSAzMjcvNS8xIDMyOC8yLzEKZiAzMjkvMTAvMSAzMzAvMTEvMSAzMzEvNS8xIDMzMi8yLzEKZiAzMzMvMTAvMSAzMzQvMTEvMSAzMzUvNS8xIDMzNi8yLzEKZiAzMzcvMTAvMSAzMzgvMTEvMSAzMzkvNS8xIDM0MC8yLzEKZiAzNDEvMTAvMSAzNDIvMTEvMSAzNDMvNS8xIDM0NC8yLzEKZiAzNDUvMTAvMSAzNDYvMTEvMSAzNDcvNS8xIDM0OC8yLzEKZiAzNDkvMTAvMSAzNTAvMTEvMSAzNTEvNS8xIDM1Mi8yLzEKZiAzNTMvMTAvMSAzNTQvMTEvMSAzNTUvNS8xIDM1Ni8yLzEKZiAzNTcvMTAvMSAzNTgvMTEvMSAzNTkvNS8xIDM2MC8yLzEKZiAzNjEvMTAvMSAzNjIvMTEvMSAzNjMvNS8xIDM2NC8yLzEKZiAzNjUvMTAvMSAzNjYvMTEvMSAzNjcvNS8xIDM2OC8yLzEKZiAzNjkvMTAvMSAzNzAvMTEvMSAzNzEvNS8xIDM3Mi8yLzEKZiAzNzMvMTAvMSAzNzQvMTEvMSAzNzUvNS8xIDM3Ni8yLzEKZiAzNzcvMTAvMSAzNzgvMTEvMSAzNzkvNS8xIDM4MC8yLzEKZiAzODEvMTEvMSAzODIvMTIvMSAzODMvNy8xIDM4NC81LzEKZiAzODUvOS8xIDM4Ni8xMC8xIDM4Ny8yLzEgMzg4LzEvMQpmIDM4OS8xMC8xIDM5MC8xMS8xIDM5MS81LzEgMzkyLzIvMQpmIDM5My8xMC8xIDM5NC8xMS8xIDM5NS81LzEgMzk2LzIvMQpmIDM5Ny8xMC8xIDM5OC8xMS8xIDM5OS81LzEgNDAwLzIvMQpmIDQwMS8xMC8xIDQwMi8xMS8xIDQwMy81LzEgNDA0LzIvMQpmIDQwNS8xMC8xIDQwNi8xMS8xIDQwNy81LzEgNDA4LzIvMQpmIDQwOS8xMC8xIDQxMC8xMS8xIDQxMS81LzEgNDEyLzIvMQpmIDQxMy8xMC8xIDQxNC8xMS8xIDQxNS81LzEgNDE2LzIvMQpmIDQxNy8xMC8xIDQxOC8xMS8xIDQxOS81LzEgNDIwLzIvMQpmIDQyMS8xMC8xIDQyMi8xMS8xIDQyMy81LzEgNDI0LzIvMQpmIDQyNS8xMC8xIDQyNi8xMS8xIDQyNy81LzEgNDI4LzIvMQpmIDQyOS8xMC8xIDQzMC8xMS8xIDQzMS81LzEgNDMyLzIvMQpmIDQzMy8xMC8xIDQzNC8xMS8xIDQzNS81LzEgNDM2LzIvMQpmIDQzNy8xMC8xIDQzOC8xMS8xIDQzOS81LzEgNDQwLzIvMQpmIDQ0MS8xMC8xIDQ0Mi8xMS8xIDQ0My81LzEgNDQ0LzIvMQpmIDQ0NS8xMC8xIDQ0Ni8xMS8xIDQ0Ny81LzEgNDQ4LzIvMQpmIDQ0OS8xMC8xIDQ1MC8xMS8xIDQ1MS81LzEgNDUyLzIvMQpmIDQ1My8xMC8xIDQ1NC8xMS8xIDQ1NS81LzEgNDU2LzIvMQpmIDQ1Ny8xMC8xIDQ1OC8xMS8xIDQ1OS81LzEgNDYwLzIvMQpmIDQ2MS8xMC8xIDQ2Mi8xMS8xIDQ2My81LzEgNDY0LzIvMQpmIDQ2NS8xMC8xIDQ2Ni8xMS8xIDQ2Ny81LzEgNDY4LzIvMQpmIDQ2OS8xMC8xIDQ3MC8xMS8xIDQ3MS81LzEgNDcyLzIvMQpmIDQ3My8xMC8xIDQ3NC8xMS8xIDQ3NS81LzEgNDc2LzIvMQpmIDQ3Ny8xMS8xIDQ3OC8xMi8xIDQ3OS83LzEgNDgwLzUvMQpmIDQ4MS85LzEgNDgyLzEwLzEgNDgzLzIvMSA0ODQvMS8xCmYgNDg1LzEwLzEgNDg2LzExLzEgNDg3LzUvMSA0ODgvMi8xCmYgNDg5LzEwLzEgNDkwLzExLzEgNDkxLzUvMSA0OTIvMi8xCmYgNDkzLzEwLzEgNDk0LzExLzEgNDk1LzUvMSA0OTYvMi8xCmYgNDk3LzEwLzEgNDk4LzExLzEgNDk5LzUvMSA1MDAvMi8xCmYgNTAxLzEwLzEgNTAyLzExLzEgNTAzLzUvMSA1MDQvMi8xCmYgNTA1LzEwLzEgNTA2LzExLzEgNTA3LzUvMSA1MDgvMi8xCmYgNTA5LzEwLzEgNTEwLzExLzEgNTExLzUvMSA1MTIvMi8xCmYgNTEzLzEwLzEgNTE0LzExLzEgNTE1LzUvMSA1MTYvMi8xCmYgNTE3LzEwLzEgNTE4LzExLzEgNTE5LzUvMSA1MjAvMi8xCmYgNTIxLzEwLzEgNTIyLzExLzEgNTIzLzUvMSA1MjQvMi8xCmYgNTI1LzEwLzEgNTI2LzExLzEgNTI3LzUvMSA1MjgvMi8xCmYgNTI5LzEwLzEgNTMwLzExLzEgNTMxLzUvMSA1MzIvMi8xCmYgNTMzLzEwLzEgNTM0LzExLzEgNTM1LzUvMSA1MzYvMi8xCmYgNTM3LzEwLzEgNTM4LzExLzEgNTM5LzUvMSA1NDAvMi8xCmYgNTQxLzEwLzEgNTQyLzExLzEgNTQzLzUvMSA1NDQvMi8xCmYgNTQ1LzEwLzEgNTQ2LzExLzEgNTQ3LzUvMSA1NDgvMi8xCmYgNTQ5LzEwLzEgNTUwLzExLzEgNTUxLzUvMSA1NTIvMi8xCmYgNTUzLzEwLzEgNTU0LzExLzEgNTU1LzUvMSA1NTYvMi8xCmYgNTU3LzEwLzEgNTU4LzExLzEgNTU5LzUvMSA1NjAvMi8xCmYgNTYxLzEwLzEgNTYyLzExLzEgNTYzLzUvMSA1NjQvMi8xCmYgNTY1LzEwLzEgNTY2LzExLzEgNTY3LzUvMSA1NjgvMi8xCmYgNTY5LzEwLzEgNTcwLzExLzEgNTcxLzUvMSA1NzIvMi8xCmYgNTczLzExLzEgNTc0LzEyLzEgNTc1LzcvMSA1NzYvNS8xCmYgNTc3LzkvMSA1NzgvMTAvMSA1NzkvMi8xIDU4MC8xLzEKZiA1ODEvMTAvMSA1ODIvMTEvMSA1ODMvNS8xIDU4NC8yLzEKZiA1ODUvMTAvMSA1ODYvMTEvMSA1ODcvNS8xIDU4OC8yLzEKZiA1ODkvMTAvMSA1OTAvMTEvMSA1OTEvNS8xIDU5Mi8yLzEKZiA1OTMvMTAvMSA1OTQvMTEvMSA1OTUvNS8xIDU5Ni8yLzEKZiA1OTcvMTAvMSA1OTgvMTEvMSA1OTkvNS8xIDYwMC8yLzEKZiA2MDEvMTAvMSA2MDIvMTEvMSA2MDMvNS8xIDYwNC8yLzEKZiA2MDUvMTAvMSA2MDYvMTEvMSA2MDcvNS8xIDYwOC8yLzEKZiA2MDkvMTAvMSA2MTAvMTEvMSA2MTEvNS8xIDYxMi8yLzEKZiA2MTMvMTAvMSA2MTQvMTEvMSA2MTUvNS8xIDYxNi8yLzEKZiA2MTcvMTAvMSA2MTgvMTEvMSA2MTkvNS8xIDYyMC8yLzEKZiA2MjEvMTAvMSA2MjIvMTEvMSA2MjMvNS8xIDYyNC8yLzEKZiA2MjUvMTAvMSA2MjYvMTEvMSA2MjcvNS8xIDYyOC8yLzEKZiA2MjkvMTAvMSA2MzAvMTEvMSA2MzEvNS8xIDYzMi8yLzEKZiA2MzMvMTAvMSA2MzQvMTEvMSA2MzUvNS8xIDYzNi8yLzEKZiA2MzcvMTAvMSA2MzgvMTEvMSA2MzkvNS8xIDY0MC8yLzEKZiA2NDEvMTAvMSA2NDIvMTEvMSA2NDMvNS8xIDY0NC8yLzEKZiA2NDUvMTAvMSA2NDYvMTEvMSA2NDcvNS8xIDY0OC8yLzEKZiA2NDkvMTAvMSA2NTAvMTEvMSA2NTEvNS8xIDY1Mi8yLzEKZiA2NTMvMTAvMSA2NTQvMTEvMSA2NTUvNS8xIDY1Ni8yLzEKZiA2NTcvMTAvMSA2NTgvMTEvMSA2NTkvNS8xIDY2MC8yLzEKZiA2NjEvMTAvMSA2NjIvMTEvMSA2NjMvNS8xIDY2NC8yLzEKZiA2NjUvMTAvMSA2NjYvMTEvMSA2NjcvNS8xIDY2OC8yLzEKZiA2NjkvMTEvMSA2NzAvMTIvMSA2NzEvNy8xIDY3Mi81LzEKZiA2NzMvOS8xIDY3NC8xMC8xIDY3NS8yLzEgNjc2LzEvMQpmIDY3Ny8xMC8xIDY3OC8xMS8xIDY3OS81LzEgNjgwLzIvMQpmIDY4MS8xMC8xIDY4Mi8xMS8xIDY4My81LzEgNjg0LzIvMQpmIDY4NS8xMC8xIDY4Ni8xMS8xIDY4Ny81LzEgNjg4LzIvMQpmIDY4OS8xMC8xIDY5MC8xMS8xIDY5MS81LzEgNjkyLzIvMQpmIDY5My8xMC8xIDY5NC8xMS8xIDY5NS81LzEgNjk2LzIvMQpmIDY5Ny8xMC8xIDY5OC8xMS8xIDY5OS81LzEgNzAwLzIvMQpmIDcwMS8xMC8xIDcwMi8xMS8xIDcwMy81LzEgNzA0LzIvMQpmIDcwNS8xMC8xIDcwNi8xMS8xIDcwNy81LzEgNzA4LzIvMQpmIDcwOS8xMC8xIDcxMC8xMS8xIDcxMS81LzEgNzEyLzIvMQpmIDcxMy8xMC8xIDcxNC8xMS8xIDcxNS81LzEgNzE2LzIvMQpmIDcxNy8xMC8xIDcxOC8xMS8xIDcxOS81LzEgNzIwLzIvMQpmIDcyMS8xMC8xIDcyMi8xMS8xIDcyMy81LzEgNzI0LzIvMQpmIDcyNS8xMC8xIDcyNi8xMS8xIDcyNy81LzEgNzI4LzIvMQpmIDcyOS8xMC8xIDczMC8xMS8xIDczMS81LzEgNzMyLzIvMQpmIDczMy8xMC8xIDczNC8xMS8xIDczNS81LzEgNzM2LzIvMQpmIDczNy8xMC8xIDczOC8xMS8xIDczOS81LzEgNzQwLzIvMQpmIDc0MS8xMC8xIDc0Mi8xMS8xIDc0My81LzEgNzQ0LzIvMQpmIDc0NS8xMC8xIDc0Ni8xMS8xIDc0Ny81LzEgNzQ4LzIvMQpmIDc0OS8xMC8xIDc1MC8xMS8xIDc1MS81LzEgNzUyLzIvMQpmIDc1My8xMC8xIDc1NC8xMS8xIDc1NS81LzEgNzU2LzIvMQpmIDc1Ny8xMC8xIDc1OC8xMS8xIDc1OS81LzEgNzYwLzIvMQpmIDc2MS8xMC8xIDc2Mi8xMS8xIDc2My81LzEgNzY0LzIvMQpmIDc2NS8xMS8xIDc2Ni8xMi8xIDc2Ny83LzEgNzY4LzUvMQpmIDc2OS85LzEgNzcwLzEwLzEgNzcxLzIvMSA3NzIvMS8xCmYgNzczLzEwLzEgNzc0LzExLzEgNzc1LzUvMSA3NzYvMi8xCmYgNzc3LzEwLzEgNzc4LzExLzEgNzc5LzUvMSA3ODAvMi8xCmYgNzgxLzEwLzEgNzgyLzExLzEgNzgzLzUvMSA3ODQvMi8xCmYgNzg1LzEwLzEgNzg2LzExLzEgNzg3LzUvMSA3ODgvMi8xCmYgNzg5LzEwLzEgNzkwLzExLzEgNzkxLzUvMSA3OTIvMi8xCmYgNzkzLzEwLzEgNzk0LzExLzEgNzk1LzUvMSA3OTYvMi8xCmYgNzk3LzEwLzEgNzk4LzExLzEgNzk5LzUvMSA4MDAvMi8xCmYgODAxLzEwLzEgODAyLzExLzEgODAzLzUvMSA4MDQvMi8xCmYgODA1LzEwLzEgODA2LzExLzEgODA3LzUvMSA4MDgvMi8xCmYgODA5LzEwLzEgODEwLzExLzEgODExLzUvMSA4MTIvMi8xCmYgODEzLzEwLzEgODE0LzExLzEgODE1LzUvMSA4MTYvMi8xCmYgODE3LzEwLzEgODE4LzExLzEgODE5LzUvMSA4MjAvMi8xCmYgODIxLzEwLzEgODIyLzExLzEgODIzLzUvMSA4MjQvMi8xCmYgODI1LzEwLzEgODI2LzExLzEgODI3LzUvMSA4MjgvMi8xCmYgODI5LzEwLzEgODMwLzExLzEgODMxLzUvMSA4MzIvMi8xCmYgODMzLzEwLzEgODM0LzExLzEgODM1LzUvMSA4MzYvMi8xCmYgODM3LzEwLzEgODM4LzExLzEgODM5LzUvMSA4NDAvMi8xCmYgODQxLzEwLzEgODQyLzExLzEgODQzLzUvMSA4NDQvMi8xCmYgODQ1LzEwLzEgODQ2LzExLzEgODQ3LzUvMSA4NDgvMi8xCmYgODQ5LzEwLzEgODUwLzExLzEgODUxLzUvMSA4NTIvMi8xCmYgODUzLzEwLzEgODU0LzExLzEgODU1LzUvMSA4NTYvMi8xCmYgODU3LzEwLzEgODU4LzExLzEgODU5LzUvMSA4NjAvMi8xCmYgODYxLzExLzEgODYyLzEyLzEgODYzLzcvMSA4NjQvNS8xCmYgODY1LzkvMSA4NjYvMTAvMSA4NjcvMi8xIDg2OC8xLzEKZiA4NjkvMTAvMSA4NzAvMTEvMSA4NzEvNS8xIDg3Mi8yLzEKZiA4NzMvMTAvMSA4NzQvMTEvMSA4NzUvNS8xIDg3Ni8yLzEKZiA4NzcvMTAvMSA4NzgvMTEvMSA4NzkvNS8xIDg4MC8yLzEKZiA4ODEvMTAvMSA4ODIvMTEvMSA4ODMvNS8xIDg4NC8yLzEKZiA4ODUvMTAvMSA4ODYvMTEvMSA4ODcvNS8xIDg4OC8yLzEKZiA4ODkvMTAvMSA4OTAvMTEvMSA4OTEvNS8xIDg5Mi8yLzEKZiA4OTMvMTAvMSA4OTQvMTEvMSA4OTUvNS8xIDg5Ni8yLzEKZiA4OTcvMTAvMSA4OTgvMTEvMSA4OTkvNS8xIDkwMC8yLzEKZiA5MDEvMTAvMSA5MDIvMTEvMSA5MDMvNS8xIDkwNC8yLzEKZiA5MDUvMTAvMSA5MDYvMTEvMSA5MDcvNS8xIDkwOC8yLzEKZiA5MDkvMTAvMSA5MTAvMTEvMSA5MTEvNS8xIDkxMi8yLzEKZiA5MTMvMTAvMSA5MTQvMTEvMSA5MTUvNS8xIDkxNi8yLzEKZiA5MTcvMTAvMSA5MTgvMTEvMSA5MTkvNS8xIDkyMC8yLzEKZiA5MjEvMTAvMSA5MjIvMTEvMSA5MjMvNS8xIDkyNC8yLzEKZiA5MjUvMTAvMSA5MjYvMTEvMSA5MjcvNS8xIDkyOC8yLzEKZiA5MjkvMTAvMSA5MzAvMTEvMSA5MzEvNS8xIDkzMi8yLzEKZiA5MzMvMTAvMSA5MzQvMTEvMSA5MzUvNS8xIDkzNi8yLzEKZiA5MzcvMTAvMSA5MzgvMTEvMSA5MzkvNS8xIDk0MC8yLzEKZiA5NDEvMTAvMSA5NDIvMTEvMSA5NDMvNS8xIDk0NC8yLzEKZiA5NDUvMTAvMSA5NDYvMTEvMSA5NDcvNS8xIDk0OC8yLzEKZiA5NDkvMTAvMSA5NTAvMTEvMSA5NTEvNS8xIDk1Mi8yLzEKZiA5NTMvMTAvMSA5NTQvMTEvMSA5NTUvNS8xIDk1Ni8yLzEKZiA5NTcvMTEvMSA5NTgvMTIvMSA5NTkvNy8xIDk2MC81LzEKZiA5NjEvOS8xIDk2Mi8xMC8xIDk2My8yLzEgOTY0LzEvMQpmIDk2NS8xMC8xIDk2Ni8xMS8xIDk2Ny81LzEgOTY4LzIvMQpmIDk2OS8xMC8xIDk3MC8xMS8xIDk3MS81LzEgOTcyLzIvMQpmIDk3My8xMC8xIDk3NC8xMS8xIDk3NS81LzEgOTc2LzIvMQpmIDk3Ny8xMC8xIDk3OC8xMS8xIDk3OS81LzEgOTgwLzIvMQpmIDk4MS8xMC8xIDk4Mi8xMS8xIDk4My81LzEgOTg0LzIvMQpmIDk4NS8xMC8xIDk4Ni8xMS8xIDk4Ny81LzEgOTg4LzIvMQpmIDk4OS8xMC8xIDk5MC8xMS8xIDk5MS81LzEgOTkyLzIvMQpmIDk5My8xMC8xIDk5NC8xMS8xIDk5NS81LzEgOTk2LzIvMQpmIDk5Ny8xMC8xIDk5OC8xMS8xIDk5OS81LzEgMTAwMC8yLzEKZiAxMDAxLzEwLzEgMTAwMi8xMS8xIDEwMDMvNS8xIDEwMDQvMi8xCmYgMTAwNS8xMC8xIDEwMDYvMTEvMSAxMDA3LzUvMSAxMDA4LzIvMQpmIDEwMDkvMTAvMSAxMDEwLzExLzEgMTAxMS81LzEgMTAxMi8yLzEKZiAxMDEzLzEwLzEgMTAxNC8xMS8xIDEwMTUvNS8xIDEwMTYvMi8xCmYgMTAxNy8xMC8xIDEwMTgvMTEvMSAxMDE5LzUvMSAxMDIwLzIvMQpmIDEwMjEvMTAvMSAxMDIyLzExLzEgMTAyMy81LzEgMTAyNC8yLzEKZiAxMDI1LzEwLzEgMTAyNi8xMS8xIDEwMjcvNS8xIDEwMjgvMi8xCmYgMTAyOS8xMC8xIDEwMzAvMTEvMSAxMDMxLzUvMSAxMDMyLzIvMQpmIDEwMzMvMTAvMSAxMDM0LzExLzEgMTAzNS81LzEgMTAzNi8yLzEKZiAxMDM3LzEwLzEgMTAzOC8xMS8xIDEwMzkvNS8xIDEwNDAvMi8xCmYgMTA0MS8xMC8xIDEwNDIvMTEvMSAxMDQzLzUvMSAxMDQ0LzIvMQpmIDEwNDUvMTAvMSAxMDQ2LzExLzEgMTA0Ny81LzEgMTA0OC8yLzEKZiAxMDQ5LzEwLzEgMTA1MC8xMS8xIDEwNTEvNS8xIDEwNTIvMi8xCmYgMTA1My8xMS8xIDEwNTQvMTIvMSAxMDU1LzcvMSAxMDU2LzUvMQpmIDEwNTcvOS8xIDEwNTgvMTAvMSAxMDU5LzIvMSAxMDYwLzEvMQpmIDEwNjEvMTAvMSAxMDYyLzExLzEgMTA2My81LzEgMTA2NC8yLzEKZiAxMDY1LzEwLzEgMTA2Ni8xMS8xIDEwNjcvNS8xIDEwNjgvMi8xCmYgMTA2OS8xMC8xIDEwNzAvMTEvMSAxMDcxLzUvMSAxMDcyLzIvMQpmIDEwNzMvMTAvMSAxMDc0LzExLzEgMTA3NS81LzEgMTA3Ni8yLzEKZiAxMDc3LzEwLzEgMTA3OC8xMS8xIDEwNzkvNS8xIDEwODAvMi8xCmYgMTA4MS8xMC8xIDEwODIvMTEvMSAxMDgzLzUvMSAxMDg0LzIvMQpmIDEwODUvMTAvMSAxMDg2LzExLzEgMTA4Ny81LzEgMTA4OC8yLzEKZiAxMDg5LzEwLzEgMTA5MC8xMS8xIDEwOTEvNS8xIDEwOTIvMi8xCmYgMTA5My8xMC8xIDEwOTQvMTEvMSAxMDk1LzUvMSAxMDk2LzIvMQpmIDEwOTcvMTAvMSAxMDk4LzExLzEgMTA5OS81LzEgMTEwMC8yLzEKZiAxMTAxLzEwLzEgMTEwMi8xMS8xIDExMDMvNS8xIDExMDQvMi8xCmYgMTEwNS8xMC8xIDExMDYvMTEvMSAxMTA3LzUvMSAxMTA4LzIvMQpmIDExMDkvMTAvMSAxMTEwLzExLzEgMTExMS81LzEgMTExMi8yLzEKZiAxMTEzLzEwLzEgMTExNC8xMS8xIDExMTUvNS8xIDExMTYvMi8xCmYgMTExNy8xMC8xIDExMTgvMTEvMSAxMTE5LzUvMSAxMTIwLzIvMQpmIDExMjEvMTAvMSAxMTIyLzExLzEgMTEyMy81LzEgMTEyNC8yLzEKZiAxMTI1LzEwLzEgMTEyNi8xMS8xIDExMjcvNS8xIDExMjgvMi8xCmYgMTEyOS8xMC8xIDExMzAvMTEvMSAxMTMxLzUvMSAxMTMyLzIvMQpmIDExMzMvMTAvMSAxMTM0LzExLzEgMTEzNS81LzEgMTEzNi8yLzEKZiAxMTM3LzEwLzEgMTEzOC8xMS8xIDExMzkvNS8xIDExNDAvMi8xCmYgMTE0MS8xMC8xIDExNDIvMTEvMSAxMTQzLzUvMSAxMTQ0LzIvMQpmIDExNDUvMTAvMSAxMTQ2LzExLzEgMTE0Ny81LzEgMTE0OC8yLzEKZiAxMTQ5LzExLzEgMTE1MC8xMi8xIDExNTEvNy8xIDExNTIvNS8xCmYgMTE1My85LzEgMTE1NC8xMC8xIDExNTUvMi8xIDExNTYvMS8xCmYgMTE1Ny8xMC8xIDExNTgvMTEvMSAxMTU5LzUvMSAxMTYwLzIvMQpmIDExNjEvMTAvMSAxMTYyLzExLzEgMTE2My81LzEgMTE2NC8yLzEKZiAxMTY1LzEwLzEgMTE2Ni8xMS8xIDExNjcvNS8xIDExNjgvMi8xCmYgMTE2OS8xMC8xIDExNzAvMTEvMSAxMTcxLzUvMSAxMTcyLzIvMQpmIDExNzMvMTAvMSAxMTc0LzExLzEgMTE3NS81LzEgMTE3Ni8yLzEKZiAxMTc3LzEwLzEgMTE3OC8xMS8xIDExNzkvNS8xIDExODAvMi8xCmYgMTE4MS8xMC8xIDExODIvMTEvMSAxMTgzLzUvMSAxMTg0LzIvMQpmIDExODUvMTAvMSAxMTg2LzExLzEgMTE4Ny81LzEgMTE4OC8yLzEKZiAxMTg5LzEwLzEgMTE5MC8xMS8xIDExOTEvNS8xIDExOTIvMi8xCmYgMTE5My8xMC8xIDExOTQvMTEvMSAxMTk1LzUvMSAxMTk2LzIvMQpmIDExOTcvMTAvMSAxMTk4LzExLzEgMTE5OS81LzEgMTIwMC8yLzEKZiAxMjAxLzEwLzEgMTIwMi8xMS8xIDEyMDMvNS8xIDEyMDQvMi8xCmYgMTIwNS8xMC8xIDEyMDYvMTEvMSAxMjA3LzUvMSAxMjA4LzIvMQpmIDEyMDkvMTAvMSAxMjEwLzExLzEgMTIxMS81LzEgMTIxMi8yLzEKZiAxMjEzLzEwLzEgMTIxNC8xMS8xIDEyMTUvNS8xIDEyMTYvMi8xCmYgMTIxNy8xMC8xIDEyMTgvMTEvMSAxMjE5LzUvMSAxMjIwLzIvMQpmIDEyMjEvMTAvMSAxMjIyLzExLzEgMTIyMy81LzEgMTIyNC8yLzEKZiAxMjI1LzEwLzEgMTIyNi8xMS8xIDEyMjcvNS8xIDEyMjgvMi8xCmYgMTIyOS8xMC8xIDEyMzAvMTEvMSAxMjMxLzUvMSAxMjMyLzIvMQpmIDEyMzMvMTAvMSAxMjM0LzExLzEgMTIzNS81LzEgMTIzNi8yLzEKZiAxMjM3LzEwLzEgMTIzOC8xMS8xIDEyMzkvNS8xIDEyNDAvMi8xCmYgMTI0MS8xMC8xIDEyNDIvMTEvMSAxMjQzLzUvMSAxMjQ0LzIvMQpmIDEyNDUvMTEvMSAxMjQ2LzEyLzEgMTI0Ny83LzEgMTI0OC81LzEKZiAxMjQ5LzkvMSAxMjUwLzEwLzEgMTI1MS8yLzEgMTI1Mi8xLzEKZiAxMjUzLzEwLzEgMTI1NC8xMS8xIDEyNTUvNS8xIDEyNTYvMi8xCmYgMTI1Ny8xMC8xIDEyNTgvMTEvMSAxMjU5LzUvMSAxMjYwLzIvMQpmIDEyNjEvMTAvMSAxMjYyLzExLzEgMTI2My81LzEgMTI2NC8yLzEKZiAxMjY1LzEwLzEgMTI2Ni8xMS8xIDEyNjcvNS8xIDEyNjgvMi8xCmYgMTI2OS8xMC8xIDEyNzAvMTEvMSAxMjcxLzUvMSAxMjcyLzIvMQpmIDEyNzMvMTAvMSAxMjc0LzExLzEgMTI3NS81LzEgMTI3Ni8yLzEKZiAxMjc3LzEwLzEgMTI3OC8xMS8xIDEyNzkvNS8xIDEyODAvMi8xCmYgMTI4MS8xMC8xIDEyODIvMTEvMSAxMjgzLzUvMSAxMjg0LzIvMQpmIDEyODUvMTAvMSAxMjg2LzExLzEgMTI4Ny81LzEgMTI4OC8yLzEKZiAxMjg5LzEwLzEgMTI5MC8xMS8xIDEyOTEvNS8xIDEyOTIvMi8xCmYgMTI5My8xMC8xIDEyOTQvMTEvMSAxMjk1LzUvMSAxMjk2LzIvMQpmIDEyOTcvMTAvMSAxMjk4LzExLzEgMTI5OS81LzEgMTMwMC8yLzEKZiAxMzAxLzEwLzEgMTMwMi8xMS8xIDEzMDMvNS8xIDEzMDQvMi8xCmYgMTMwNS8xMC8xIDEzMDYvMTEvMSAxMzA3LzUvMSAxMzA4LzIvMQpmIDEzMDkvMTAvMSAxMzEwLzExLzEgMTMxMS81LzEgMTMxMi8yLzEKZiAxMzEzLzEwLzEgMTMxNC8xMS8xIDEzMTUvNS8xIDEzMTYvMi8xCmYgMTMxNy8xMC8xIDEzMTgvMTEvMSAxMzE5LzUvMSAxMzIwLzIvMQpmIDEzMjEvMTAvMSAxMzIyLzExLzEgMTMyMy81LzEgMTMyNC8yLzEKZiAxMzI1LzEwLzEgMTMyNi8xMS8xIDEzMjcvNS8xIDEzMjgvMi8xCmYgMTMyOS8xMC8xIDEzMzAvMTEvMSAxMzMxLzUvMSAxMzMyLzIvMQpmIDEzMzMvMTAvMSAxMzM0LzExLzEgMTMzNS81LzEgMTMzNi8yLzEKZiAxMzM3LzEwLzEgMTMzOC8xMS8xIDEzMzkvNS8xIDEzNDAvMi8xCmYgMTM0MS8xMS8xIDEzNDIvMTIvMSAxMzQzLzcvMSAxMzQ0LzUvMQpmIDEzNDUvOS8xIDEzNDYvMTAvMSAxMzQ3LzIvMSAxMzQ4LzEvMQpmIDEzNDkvMTAvMSAxMzUwLzExLzEgMTM1MS81LzEgMTM1Mi8yLzEKZiAxMzUzLzEwLzEgMTM1NC8xMS8xIDEzNTUvNS8xIDEzNTYvMi8xCmYgMTM1Ny8xMC8xIDEzNTgvMTEvMSAxMzU5LzUvMSAxMzYwLzIvMQpmIDEzNjEvMTAvMSAxMzYyLzExLzEgMTM2My81LzEgMTM2NC8yLzEKZiAxMzY1LzEwLzEgMTM2Ni8xMS8xIDEzNjcvNS8xIDEzNjgvMi8xCmYgMTM2OS8xMC8xIDEzNzAvMTEvMSAxMzcxLzUvMSAxMzcyLzIvMQpmIDEzNzMvMTAvMSAxMzc0LzExLzEgMTM3NS81LzEgMTM3Ni8yLzEKZiAxMzc3LzEwLzEgMTM3OC8xMS8xIDEzNzkvNS8xIDEzODAvMi8xCmYgMTM4MS8xMC8xIDEzODIvMTEvMSAxMzgzLzUvMSAxMzg0LzIvMQpmIDEzODUvMTAvMSAxMzg2LzExLzEgMTM4Ny81LzEgMTM4OC8yLzEKZiAxMzg5LzEwLzEgMTM5MC8xMS8xIDEzOTEvNS8xIDEzOTIvMi8xCmYgMTM5My8xMC8xIDEzOTQvMTEvMSAxMzk1LzUvMSAxMzk2LzIvMQpmIDEzOTcvMTAvMSAxMzk4LzExLzEgMTM5OS81LzEgMTQwMC8yLzEKZiAxNDAxLzEwLzEgMTQwMi8xMS8xIDE0MDMvNS8xIDE0MDQvMi8xCmYgMTQwNS8xMC8xIDE0MDYvMTEvMSAxNDA3LzUvMSAxNDA4LzIvMQpmIDE0MDkvMTAvMSAxNDEwLzExLzEgMTQxMS81LzEgMTQxMi8yLzEKZiAxNDEzLzEwLzEgMTQxNC8xMS8xIDE0MTUvNS8xIDE0MTYvMi8xCmYgMTQxNy8xMC8xIDE0MTgvMTEvMSAxNDE5LzUvMSAxNDIwLzIvMQpmIDE0MjEvMTAvMSAxNDIyLzExLzEgMTQyMy81LzEgMTQyNC8yLzEKZiAxNDI1LzEwLzEgMTQyNi8xMS8xIDE0MjcvNS8xIDE0MjgvMi8xCmYgMTQyOS8xMC8xIDE0MzAvMTEvMSAxNDMxLzUvMSAxNDMyLzIvMQpmIDE0MzMvMTAvMSAxNDM0LzExLzEgMTQzNS81LzEgMTQzNi8yLzEKZiAxNDM3LzExLzEgMTQzOC8xMi8xIDE0MzkvNy8xIDE0NDAvNS8xCmYgMTQ0MS8xMy8xIDE0NDIvMTQvMSAxNDQzLzEwLzEgMTQ0NC85LzEKZiAxNDQ1LzE0LzEgMTQ0Ni8xNS8xIDE0NDcvMTEvMSAxNDQ4LzEwLzEKZiAxNDQ5LzE0LzEgMTQ1MC8xNS8xIDE0NTEvMTEvMSAxNDUyLzEwLzEKZiAxNDUzLzE0LzEgMTQ1NC8xNS8xIDE0NTUvMTEvMSAxNDU2LzEwLzEKZiAxNDU3LzE0LzEgMTQ1OC8xNS8xIDE0NTkvMTEvMSAxNDYwLzEwLzEKZiAxNDYxLzE0LzEgMTQ2Mi8xNS8xIDE0NjMvMTEvMSAxNDY0LzEwLzEKZiAxNDY1LzE0LzEgMTQ2Ni8xNS8xIDE0NjcvMTEvMSAxNDY4LzEwLzEKZiAxNDY5LzE0LzEgMTQ3MC8xNS8xIDE0NzEvMTEvMSAxNDcyLzEwLzEKZiAxNDczLzE0LzEgMTQ3NC8xNS8xIDE0NzUvMTEvMSAxNDc2LzEwLzEKZiAxNDc3LzE0LzEgMTQ3OC8xNS8xIDE0NzkvMTEvMSAxNDgwLzEwLzEKZiAxNDgxLzE0LzEgMTQ4Mi8xNS8xIDE0ODMvMTEvMSAxNDg0LzEwLzEKZiAxNDg1LzE0LzEgMTQ4Ni8xNS8xIDE0ODcvMTEvMSAxNDg4LzEwLzEKZiAxNDg5LzE0LzEgMTQ5MC8xNS8xIDE0OTEvMTEvMSAxNDkyLzEwLzEKZiAxNDkzLzE0LzEgMTQ5NC8xNS8xIDE0OTUvMTEvMSAxNDk2LzEwLzEKZiAxNDk3LzE0LzEgMTQ5OC8xNS8xIDE0OTkvMTEvMSAxNTAwLzEwLzEKZiAxNTAxLzE0LzEgMTUwMi8xNS8xIDE1MDMvMTEvMSAxNTA0LzEwLzEKZiAxNTA1LzE0LzEgMTUwNi8xNS8xIDE1MDcvMTEvMSAxNTA4LzEwLzEKZiAxNTA5LzE0LzEgMTUxMC8xNS8xIDE1MTEvMTEvMSAxNTEyLzEwLzEKZiAxNTEzLzE0LzEgMTUxNC8xNS8xIDE1MTUvMTEvMSAxNTE2LzEwLzEKZiAxNTE3LzE0LzEgMTUxOC8xNS8xIDE1MTkvMTEvMSAxNTIwLzEwLzEKZiAxNTIxLzE0LzEgMTUyMi8xNS8xIDE1MjMvMTEvMSAxNTI0LzEwLzEKZiAxNTI1LzE0LzEgMTUyNi8xNS8xIDE1MjcvMTEvMSAxNTI4LzEwLzEKZiAxNTI5LzE0LzEgMTUzMC8xNS8xIDE1MzEvMTEvMSAxNTMyLzEwLzEKZiAxNTMzLzE1LzEgMTUzNC8xNi8xIDE1MzUvMTIvMSAxNTM2LzExLzEKCg==</ImportMesh>
  <ImportMesh filename="test-01_mesh_0002.obj">IyBUaWxlZDJVbml0eSBnZW5lcmF0ZWQgZmlsZS4gRG8gbm90IG1vZGlmeSBieSBoYW5kLgojIFdhdmVmcm9udCBmaWxlIGZvciAndGVzdC0wMV9tZXNoXzAwMDIub2JqJwoKIyBWZXJ0aWNlcyAoQ291bnQgPSAzNikKdiAtNiAtNSAwCnYgLTcgLTUgMAp2IC03IC00IDAKdiAtNiAtNCAwCnYgLTcgLTUgMAp2IC04IC01IDAKdiAtOCAtNCAwCnYgLTcgLTQgMAp2IC04IC01IDAKdiAtOSAtNSAwCnYgLTkgLTQgMAp2IC04IC00IDAKdiAtNiAtNiAwCnYgLTcgLTYgMAp2IC03IC01IDAKdiAtNiAtNSAwCnYgLTcgLTYgMAp2IC04IC02IDAKdiAtOCAtNSAwCnYgLTcgLTUgMAp2IC04IC02IDAKdiAtOSAtNiAwCnYgLTkgLTUgMAp2IC04IC01IDAKdiAtNiAtNyAwCnYgLTcgLTcgMAp2IC03IC02IDAKdiAtNiAtNiAwCnYgLTcgLTcgMAp2IC04IC03IDAKdiAtOCAtNiAwCnYgLTcgLTYgMAp2IC04IC03IDAKdiAtOSAtNyAwCnYgLTkgLTYgMAp2IC04IC02IDAKCiMgVGV4dHVyZSBjb29yaWRpbmF0ZXMgKENvdW50ID0gMTYpCnZ0IDAuMjUgMC45MzMzMzMzCnZ0IDAuMjU3MTQyOSAwLjkzMzMzMzMKdnQgMC4yNTcxNDI5IDAuOTQKdnQgMC4yNSAwLjk0CnZ0IDAuMjY0Mjg1NyAwLjkzMzMzMzMKdnQgMC4yNjQyODU3IDAuOTQKdnQgMC4yNzE0Mjg2IDAuOTMzMzMzMwp2dCAwLjI3MTQyODYgMC45NAp2dCAwLjI1IDAuOTI2NjY2Nwp2dCAwLjI1NzE0MjkgMC45MjY2NjY3CnZ0IDAuMjY0Mjg1NyAwLjkyNjY2NjcKdnQgMC4yNzE0Mjg2IDAuOTI2NjY2Nwp2dCAwLjI1IDAuOTIKdnQgMC4yNTcxNDI5IDAuOTIKdnQgMC4yNjQyODU3IDAuOTIKdnQgMC4yNzE0Mjg2IDAuOTIKCiMgTm9ybWFsCnZuIDAgMCAtMQoKIyBNZXNoIGRlc2NyaXB0aW9uCmcgdGVzdC0wMV9tZXNoXzAwMDIKCiMgRmFjZXMKZiAxLzEvMSAyLzIvMSAzLzMvMSA0LzQvMQpmIDUvMi8xIDYvNS8xIDcvNi8xIDgvMy8xCmYgOS81LzEgMTAvNy8xIDExLzgvMSAxMi82LzEKZiAxMy85LzEgMTQvMTAvMSAxNS8yLzEgMTYvMS8xCmYgMTcvMTAvMSAxOC8xMS8xIDE5LzUvMSAyMC8yLzEKZiAyMS8xMS8xIDIyLzEyLzEgMjMvNy8xIDI0LzUvMQpmIDI1LzEzLzEgMjYvMTQvMSAyNy8xMC8xIDI4LzkvMQpmIDI5LzE0LzEgMzAvMTUvMSAzMS8xMS8xIDMyLzEwLzEKZiAzMy8xNS8xIDM0LzE2LzEgMzUvMTIvMSAzNi8xMS8xCgo=</ImportMesh>
  <ImportTexture filename="pokemon_tileset_from_public_tiles_by_chaoticcherrycake-d5xdb0y.png">iVBORw0KGgoAAAANSUhEUgAACMAAAAlgCAYAAABkm9l/AAAACXBIWXMAAAsTAAALEwEAmpwYAAA4ImlUWHRYTUw6Y29tLmFkb2JlLnhtcAAAAAAAPD94cGFja2V0IGJlZ2luPSLvu78iIGlkPSJXNU0wTXBDZWhpSHpyZVN6TlRjemtjOWQiPz4KPHg6eG1wbWV0YSB4bWxuczp4PSJhZG9iZTpuczptZXRhLyIgeDp4bXB0az0iQWRvYmUgWE1QIENvcmUgNS41LWMwMTQgNzkuMTUxNDgxLCAyMDEzLzAzLzEzLTEyOjA5OjE1ICAgICAgICAiPgogICA8cmRmOlJERiB4bWxuczpyZGY9Imh0dHA6Ly93d3cudzMub3JnLzE5OTkvMDIvMjItcmRmLXN5bnRheC1ucyMiPgogICAgICA8cmRmOkRlc2NyaXB0aW9uIHJkZjphYm91dD0iIgogICAgICAgICAgICB4bWxuczp4bXA9Imh0dHA6Ly9ucy5hZG9iZS5jb20veGFwLzEuMC8iCiAgICAgICAgICAgIHhtbG5zOmRjPSJodHRwOi8vcHVybC5vcmcvZGMvZWxlbWVudHMvMS4xLyIKICAgICAgICAgICAgeG1sbnM6cGhvdG9zaG9wPSJodHRwOi8vbnMuYWRvYmUuY29tL3Bob3Rvc2hvcC8xLjAvIgogICAgICAgICAgICB4bWxuczp4bXBNTT0iaHR0cDovL25zLmFkb2JlLmNvbS94YXAvMS4wL21tLyIKICAgICAgICAgICAgeG1sbnM6c3RFdnQ9Imh0dHA6Ly9ucy5hZG9iZS5jb20veGFwLzEuMC9zVHlwZS9SZXNvdXJjZUV2ZW50IyIKICAgICAgICAgICAgeG1sbnM6dGlmZj0iaHR0cDovL25zLmFkb2JlLmNvbS90aWZmLzEuMC8iCiAgICAgICAgICAgIHhtbG5zOmV4aWY9Imh0dHA6Ly9ucy5hZG9iZS5jb20vZXhpZi8xLjAvIj4KICAgICAgICAgPHhtcDpDcmVhdG9yVG9vbD5BZG9iZSBQaG90b3Nob3AgQ0MgKE1hY2ludG9zaCk8L3htcDpDcmVhdG9yVG9vbD4KICAgICAgICAgPHhtcDpDcmVhdGVEYXRlPjIwMTctMDYtMTJUMDk6NDk6NTIrMDI6MDA8L3htcDpDcmVhdGVEYXRlPgogICAgICAgICA8eG1wOk1vZGlmeURhdGU+MjAxNy0wNi0xNFQxMToyNTo1OSswMjowMDwveG1wOk1vZGlmeURhdGU+CiAgICAgICAgIDx4bXA6TWV0YWRhdGFEYXRlPjIwMTctMDYtMTRUMTE6MjU6NTkrMDI6MDA8L3htcDpNZXRhZGF0YURhdGU+CiAgICAgICAgIDxkYzpmb3JtYXQ+aW1hZ2UvcG5nPC9kYzpmb3JtYXQ+CiAgICAgICAgIDxwaG90b3Nob3A6Q29sb3JNb2RlPjM8L3Bob3Rvc2hvcDpDb2xvck1vZGU+CiAgICAgICAgIDx4bXBNTTpJbnN0YW5jZUlEPnhtcC5paWQ6YmM2YWYzZTYtNGE4NS00MjFhLTg3NDgtOWRlY2ZhZjhhNDkyPC94bXBNTTpJbnN0YW5jZUlEPgogICAgICAgICA8eG1wTU06RG9jdW1lbnRJRD54bXAuZGlkOmJjNmFmM2U2LTRhODUtNDIxYS04NzQ4LTlkZWNmYWY4YTQ5MjwveG1wTU06RG9jdW1lbnRJRD4KICAgICAgICAgPHhtcE1NOk9yaWdpbmFsRG9jdW1lbnRJRD54bXAuZGlkOmJjNmFmM2U2LTRhODUtNDIxYS04NzQ4LTlkZWNmYWY4YTQ5MjwveG1wTU06T3JpZ2luYWxEb2N1bWVudElEPgogICAgICAgICA8eG1wTU06SGlzdG9yeT4KICAgICAgICAgICAgPHJkZjpTZXE+CiAgICAgICAgICAgICAgIDxyZGY6bGkgcmRmOnBhcnNlVHlwZT0iUmVzb3VyY2UiPgogICAgICAgICAgICAgICAgICA8c3RFdnQ6YWN0aW9uPmNyZWF0ZWQ8L3N0RXZ0OmFjdGlvbj4KICAgICAgICAgICAgICAgICAgPHN0RXZ0Omluc3RhbmNlSUQ+eG1wLmlpZDpiYzZhZjNlNi00YTg1LTQyMWEtODc0OC05ZGVjZmFmOGE0OTI8L3N0RXZ0Omluc3RhbmNlSUQ+CiAgICAgICAgICAgICAgICAgIDxzdEV2dDp3aGVuPjIwMTctMDYtMTJUMDk6NDk6NTIrMDI6MDA8L3N0RXZ0OndoZW4+CiAgICAgICAgICAgICAgICAgIDxzdEV2dDpzb2Z0d2FyZUFnZW50PkFkb2JlIFBob3Rvc2hvcCBDQyAoTWFjaW50b3NoKTwvc3RFdnQ6c29mdHdhcmVBZ2VudD4KICAgICAgICAgICAgICAgPC9yZGY6bGk+CiAgICAgICAgICAgIDwvcmRmOlNlcT4KICAgICAgICAgPC94bXBNTTpIaXN0b3J5PgogICAgICAgICA8dGlmZjpPcmllbnRhdGlvbj4xPC90aWZmOk9yaWVudGF0aW9uPgogICAgICAgICA8dGlmZjpYUmVzb2x1dGlvbj43MjAwMDAvMTAwMDA8L3RpZmY6WFJlc29sdXRpb24+CiAgICAgICAgIDx0aWZmOllSZXNvbHV0aW9uPjcyMDAwMC8xMDAwMDwvdGlmZjpZUmVzb2x1dGlvbj4KICAgICAgICAgPHRpZmY6UmVzb2x1dGlvblVuaXQ+MjwvdGlmZjpSZXNvbHV0aW9uVW5pdD4KICAgICAgICAgPGV4aWY6Q29sb3JTcGFjZT42NTUzNTwvZXhpZjpDb2xvclNwYWNlPgogICAgICAgICA8ZXhpZjpQaXhlbFhEaW1lbnNpb24+MjI0MDwvZXhpZjpQaXhlbFhEaW1lbnNpb24+CiAgICAgICAgIDxleGlmOlBpeGVsWURpbWVuc2lvbj4yNDAwPC9leGlmOlBpeGVsWURpbWVuc2lvbj4KICAgICAgPC9yZGY6RGVzY3JpcHRpb24+CiAgIDwvcmRmOlJERj4KPC94OnhtcG1ldGE+CiAgICAgICAgICAgICAgICAgICAgICAgICAgICAgICAgICAgICAgICAgICAgICAgICAgICAgICAgICAgICAgICAgICAgICAgICAgICAgICAgICAgICAgICAgICAgICAgICAgICAKICAgICAgICAgICAgICAgICAgICAgICAgICAgICAgICAgICAgICAgICAgICAgICAgICAgICAgICAgICAgICAgICAgICAgICAgICAgICAgICAgICAgICAgICAgICAgICAgICAgIAogICAgICAgICAgICAgICAgICAgICAgICAgICAgICAgICAgICAgICAgICAgICAgICAgICAgICAgICAgICAgICAgICAgICAgICAgICAgICAgICAgICAgICAgICAgICAgICAgICAgCiAgICAgICAgICAgICAgICAgICAgICAgICAgICAgICAgICAgICAgICAgICAgICAgICAgICAgICAgICAgICAgICAgICAgICAgICAgICAgICAgICAgICAgICAgICAgICAgICAgICAKICAgICAgICAgICAgICAgICAgICAgICAgICAgICAgICAgICAgICAgICAgICAgICAgICAgICAgICAgICAgICAgICAgICAgICAgICAgICAgICAgICAgICAgICAgICAgICAgICAgIAogICAgICAgICAgICAgICAgICAgICAgICAgICAgICAgICAgICAgICAgICAgICAgICAgICAgICAgICAgICAgICAgICAgICAgICAgICAgICAgICAgICAgICAgICAgICAgICAgICAgCiAgICAgICAgICAgICAgICAgICAgICAgICAgICAgICAgICAgICAgICAgICAgICAgICAgICAgICAgICAgICAgICAgICAgICAgICAgICAgICAgICAgICAgICAgICAgICAgICAgICAKICAgICAgICAgICAgICAgICAgICAgICAgICAgICAgICAgICAgICAgICAgICAgICAgICAgICAgICAgICAgICAgICAgICAgICAgICAgICAgICAgICAgICAgICAgICAgICAgICAgIAogICAgICAgICAgICAgICAgICAgICAgICAgICAgICAgICAgICAgICAgICAgICAgICAgICAgICAgICAgICAgICAgICAgICAgICAgICAgICAgICAgICAgICAgICAgICAgICAgICAgCiAgICAgICAgICAgICAgICAgICAgICAgICAgICAgICAgICAgICAgICAgICAgICAgICAgICAgICAgICAgICAgICAgICAgICAgICAgICAgICAgICAgICAgICAgICAgICAgICAgICAKICAgICAgICAgICAgICAgICAgICAgICAgICAgICAgICAgICAgICAgICAgICAgICAgICAgICAgICAgICAgICAgICAgICAgICAgICAgICAgICAgICAgICAgICAgICAgICAgICAgIAogICAgICAgICAgICAgICAgICAgICAgICAgICAgICAgICAgICAgICAgICAgICAgICAgICAgICAgICAgICAgICAgICAgICAgICAgICAgICAgICAgICAgICAgICAgICAgICAgICAgCiAgICAgICAgICAgICAgICAgICAgICAgICAgICAgICAgICAgICAgICAgICAgICAgICAgICAgICAgICAgICAgICAgICAgICAgICAgICAgICAgICAgICAgICAgICAgICAgICAgICAKICAgICAgICAgICAgICAgICAgICAgICAgICAgICAgICAgICAgICAgICAgICAgICAgICAgICAgICAgICAgICAgICAgICAgICAgICAgICAgICAgICAgICAgICAgICAgICAgICAgIAogICAgICAgICAgICAgICAgICAgICAgICAgICAgICAgICAgICAgICAgICAgICAgICAgICAgICAgICAgICAgICAgICAgICAgICAgICAgICAgICAgICAgICAgICAgICAgICAgICAgCiAgICAgICAgICAgICAgICAgICAgICAgICAgICAgICAgICAgICAgICAgICAgICAgICAgICAgICAgICAgICAgICAgICAgICAgICAgICAgICAgICAgICAgICAgICAgICAgICAgICAKICAgICAgICAgICAgICAgICAgICAgICAgICAgICAgICAgICAgICAgICAgICAgICAgICAgICAgICAgICAgICAgICAgICAgICAgICAgICAgICAgICAgICAgICAgICAgICAgICAgIAogICAgICAgICAgICAgICAgICAgICAgICAgICAgICAgICAgICAgICAgICAgICAgICAgICAgICAgICAgICAgICAgICAgICAgICAgICAgICAgICAgICAgICAgICAgICAgICAgICAgCiAgICAgICAgICAgICAgICAgICAgICAgICAgICAgICAgICAgICAgICAgICAgICAgICAgICAgICAgICAgICAgICAgICAgICAgICAgICAgICAgICAgICAgICAgICAgICAgICAgICAKICAgICAgICAgICAgICAgICAgICAgICAgICAgICAgICAgICAgICAgICAgICAgICAgICAgICAgICAgICAgICAgICAgICAgICAgICAgICAgICAgICAgICAgICAgICAgICAgICAgIAogICAgICAgICAgICAgICAgICAgICAgICAgICAgICAgICAgICAgICAgICAgICAgICAgICAgICAgICAgICAgICAgICAgICAgICAgICAgICAgICAgICAgICAgICAgICAgICAgICAgCiAgICAgICAgICAgICAgICAgICAgICAgICAgICAgICAgICAgICAgICAgICAgICAgICAgICAgICAgICAgICAgICAgICAgICAgICAgICAgICAgICAgICAgICAgICAgICAgICAgICAKICAgICAgICAgICAgICAgICAgICAgICAgICAgICAgICAgICAgICAgICAgICAgICAgICAgICAgICAgICAgICAgICAgICAgICAgICAgICAgICAgICAgICAgICAgICAgICAgICAgIAogICAgICAgICAgICAgICAgICAgICAgICAgICAgICAgICAgICAgICAgICAgICAgICAgICAgICAgICAgICAgICAgICAgICAgICAgICAgICAgICAgICAgICAgICAgICAgICAgICAgCiAgICAgICAgICAgICAgICAgICAgICAgICAgICAgICAgICAgICAgICAgICAgICAgICAgICAgICAgICAgICAgICAgICAgICAgICAgICAgICAgICAgICAgICAgICAgICAgICAgICAKICAgICAgICAgICAgICAgICAgICAgICAgICAgICAgICAgICAgICAgICAgICAgICAgICAgICAgICAgICAgICAgICAgICAgICAgICAgICAgICAgICAgICAgICAgICAgICAgICAgIAogICAgICAgICAgICAgICAgICAgICAgICAgICAgICAgICAgICAgICAgICAgICAgICAgICAgICAgICAgICAgICAgICAgICAgICAgICAgICAgICAgICAgICAgICAgICAgICAgICAgCiAgICAgICAgICAgICAgICAgICAgICAgICAgICAgICAgICAgICAgICAgICAgICAgICAgICAgICAgICAgICAgICAgICAgICAgICAgICAgICAgICAgICAgICAgICAgICAgICAgICAKICAgICAgICAgICAgICAgICAgICAgICAgICAgICAgICAgICAgICAgICAgICAgICAgICAgICAgICAgICAgICAgICAgICAgICAgICAgICAgICAgICAgICAgICAgICAgICAgICAgIAogICAgICAgICAgICAgICAgICAgICAgICAgICAgICAgICAgICAgICAgICAgICAgICAgICAgICAgICAgICAgICAgICAgICAgICAgICAgICAgICAgICAgICAgICAgICAgICAgICAgCiAgICAgICAgICAgICAgICAgICAgICAgICAgICAgICAgICAgICAgICAgICAgICAgICAgICAgICAgICAgICAgICAgICAgICAgICAgICAgICAgICAgICAgICAgICAgICAgICAgICAKICAgICAgICAgICAgICAgICAgICAgICAgICAgICAgICAgICAgICAgICAgICAgICAgICAgICAgICAgICAgICAgICAgICAgICAgICAgICAgICAgICAgICAgICAgICAgICAgICAgIAogICAgICAgICAgICAgICAgICAgICAgICAgICAgICAgICAgICAgICAgICAgICAgICAgICAgICAgICAgICAgICAgICAgICAgICAgICAgICAgICAgICAgICAgICAgICAgICAgICAgCiAgICAgICAgICAgICAgICAgICAgICAgICAgICAgICAgICAgICAgICAgICAgICAgICAgICAgICAgICAgICAgICAgICAgICAgICAgICAgICAgICAgICAgICAgICAgICAgICAgICAKICAgICAgICAgICAgICAgICAgICAgICAgICAgICAgICAgICAgICAgICAgICAgICAgICAgICAgICAgICAgICAgICAgICAgICAgICAgICAgICAgICAgICAgICAgICAgICAgICAgIAogICAgICAgICAgICAgICAgICAgICAgICAgICAgICAgICAgICAgICAgICAgICAgICAgICAgICAgICAgICAgICAgICAgICAgICAgICAgICAgICAgICAgICAgICAgICAgICAgICAgCiAgICAgICAgICAgICAgICAgICAgICAgICAgICAgICAgICAgICAgICAgICAgICAgICAgICAgICAgICAgICAgICAgICAgICAgICAgICAgICAgICAgICAgICAgICAgICAgICAgICAKICAgICAgICAgICAgICAgICAgICAgICAgICAgICAgICAgICAgICAgICAgICAgICAgICAgICAgICAgICAgICAgICAgICAgICAgICAgICAgICAgICAgICAgICAgICAgICAgICAgIAogICAgICAgICAgICAgICAgICAgICAgICAgICAgICAgICAgICAgICAgICAgICAgICAgICAgICAgICAgICAgICAgICAgICAgICAgICAgICAgICAgICAgICAgICAgICAgICAgICAgCiAgICAgICAgICAgICAgICAgICAgICAgICAgICAgICAgICAgICAgICAgICAgICAgICAgICAgICAgICAgICAgICAgICAgICAgICAgICAgICAgICAgICAgICAgICAgICAgICAgICAKICAgICAgICAgICAgICAgICAgICAgICAgICAgICAgICAgICAgICAgICAgICAgICAgICAgICAgICAgICAgICAgICAgICAgICAgICAgICAgICAgICAgICAgICAgICAgICAgICAgIAogICAgICAgICAgICAgICAgICAgICAgICAgICAgICAgICAgICAgICAgICAgICAgICAgICAgICAgICAgICAgICAgICAgICAgICAgICAgICAgICAgICAgICAgICAgICAgICAgICAgCiAgICAgICAgICAgICAgICAgICAgICAgICAgICAgICAgICAgICAgICAgICAgICAgICAgICAgICAgICAgICAgICAgICAgICAgICAgICAgICAgICAgICAgICAgICAgICAgICAgICAKICAgICAgICAgICAgICAgICAgICAgICAgICAgICAgICAgICAgICAgICAgICAgICAgICAgICAgICAgICAgICAgICAgICAgICAgICAgICAgICAgICAgICAgICAgICAgICAgICAgIAogICAgICAgICAgICAgICAgICAgICAgICAgICAgICAgICAgICAgICAgICAgICAgICAgICAgICAgICAgICAgICAgICAgICAgICAgICAgICAgICAgICAgICAgICAgICAgICAgICAgCiAgICAgICAgICAgICAgICAgICAgICAgICAgICAgICAgICAgICAgICAgICAgICAgICAgICAgICAgICAgICAgICAgICAgICAgICAgICAgICAgICAgICAgICAgICAgICAgICAgICAKICAgICAgICAgICAgICAgICAgICAgICAgICAgICAgICAgICAgICAgICAgICAgICAgICAgICAgICAgICAgICAgICAgICAgICAgICAgICAgICAgICAgICAgICAgICAgICAgICAgIAogICAgICAgICAgICAgICAgICAgICAgICAgICAgICAgICAgICAgICAgICAgICAgICAgICAgICAgICAgICAgICAgICAgICAgICAgICAgICAgICAgICAgICAgICAgICAgICAgICAgCiAgICAgICAgICAgICAgICAgICAgICAgICAgICAgICAgICAgICAgICAgICAgICAgICAgICAgICAgICAgICAgICAgICAgICAgICAgICAgICAgICAgICAgICAgICAgICAgICAgICAKICAgICAgICAgICAgICAgICAgICAgICAgICAgICAgICAgICAgICAgICAgICAgICAgICAgICAgICAgICAgICAgICAgICAgICAgICAgICAgICAgICAgICAgICAgICAgICAgICAgIAogICAgICAgICAgICAgICAgICAgICAgICAgICAgICAgICAgICAgICAgICAgICAgICAgICAgICAgICAgICAgICAgICAgICAgICAgICAgICAgICAgICAgICAgICAgICAgICAgICAgCiAgICAgICAgICAgICAgICAgICAgICAgICAgICAgICAgICAgICAgICAgICAgICAgICAgICAgICAgICAgICAgICAgICAgICAgICAgICAgICAgICAgICAgICAgICAgICAgICAgICAKICAgICAgICAgICAgICAgICAgICAgICAgICAgICAgICAgICAgICAgICAgICAgICAgICAgICAgICAgICAgICAgICAgICAgICAgICAgICAgICAgICAgICAgICAgICAgICAgICAgIAogICAgICAgICAgICAgICAgICAgICAgICAgICAgICAgICAgICAgICAgICAgICAgICAgICAgICAgICAgICAgICAgICAgICAgICAgICAgICAgICAgICAgICAgICAgICAgICAgICAgCiAgICAgICAgICAgICAgICAgICAgICAgICAgICAgICAgICAgICAgICAgICAgICAgICAgICAgICAgICAgICAgICAgICAgICAgICAgICAgICAgICAgICAgICAgICAgICAgICAgICAKICAgICAgICAgICAgICAgICAgICAgICAgICAgICAgICAgICAgICAgICAgICAgICAgICAgICAgICAgICAgICAgICAgICAgICAgICAgICAgICAgICAgICAgICAgICAgICAgICAgIAogICAgICAgICAgICAgICAgICAgICAgICAgICAgICAgICAgICAgICAgICAgICAgICAgICAgICAgICAgICAgICAgICAgICAgICAgICAgICAgICAgICAgICAgICAgICAgICAgICAgCiAgICAgICAgICAgICAgICAgICAgICAgICAgICAgICAgICAgICAgICAgICAgICAgICAgICAgICAgICAgICAgICAgICAgICAgICAgICAgICAgICAgICAgICAgICAgICAgICAgICAKICAgICAgICAgICAgICAgICAgICAgICAgICAgICAgICAgICAgICAgICAgICAgICAgICAgICAgICAgICAgICAgICAgICAgICAgICAgICAgICAgICAgICAgICAgICAgICAgICAgIAogICAgICAgICAgICAgICAgICAgICAgICAgICAgICAgICAgICAgICAgICAgICAgICAgICAgICAgICAgICAgICAgICAgICAgICAgICAgICAgICAgICAgICAgICAgICAgICAgICAgCiAgICAgICAgICAgICAgICAgICAgICAgICAgICAgICAgICAgICAgICAgICAgICAgICAgICAgICAgICAgICAgICAgICAgICAgICAgICAgICAgICAgICAgICAgICAgICAgICAgICAKICAgICAgICAgICAgICAgICAgICAgICAgICAgICAgICAgICAgICAgICAgICAgICAgICAgICAgICAgICAgICAgICAgICAgICAgICAgICAgICAgICAgICAgICAgICAgICAgICAgIAogICAgICAgICAgICAgICAgICAgICAgICAgICAgICAgICAgICAgICAgICAgICAgICAgICAgICAgICAgICAgICAgICAgICAgICAgICAgICAgICAgICAgICAgICAgICAgICAgICAgCiAgICAgICAgICAgICAgICAgICAgICAgICAgICAgICAgICAgICAgICAgICAgICAgICAgICAgICAgICAgICAgICAgICAgICAgICAgICAgICAgICAgICAgICAgICAgICAgICAgICAKICAgICAgICAgICAgICAgICAgICAgICAgICAgICAgICAgICAgICAgICAgICAgICAgICAgICAgICAgICAgICAgICAgICAgICAgICAgICAgICAgICAgICAgICAgICAgICAgICAgIAogICAgICAgICAgICAgICAgICAgICAgICAgICAgICAgICAgICAgICAgICAgICAgICAgICAgICAgICAgICAgICAgICAgICAgICAgICAgICAgICAgICAgICAgICAgICAgICAgICAgCiAgICAgICAgICAgICAgICAgICAgICAgICAgICAgICAgICAgICAgICAgICAgICAgICAgICAgICAgICAgICAgICAgICAgICAgICAgICAgICAgICAgICAgICAgICAgICAgICAgICAKICAgICAgICAgICAgICAgICAgICAgICAgICAgICAgICAgICAgICAgICAgICAgICAgICAgICAgICAgICAgICAgICAgICAgICAgICAgICAgICAgICAgICAgICAgICAgICAgICAgIAogICAgICAgICAgICAgICAgICAgICAgICAgICAgICAgICAgICAgICAgICAgICAgICAgICAgICAgICAgICAgICAgICAgICAgICAgICAgICAgICAgICAgICAgICAgICAgICAgICAgCiAgICAgICAgICAgICAgICAgICAgICAgICAgICAgICAgICAgICAgICAgICAgICAgICAgICAgICAgICAgICAgICAgICAgICAgICAgICAgICAgICAgICAgICAgICAgICAgICAgICAKICAgICAgICAgICAgICAgICAgICAgICAgICAgICAgICAgICAgICAgICAgICAgICAgICAgICAgICAgICAgICAgICAgICAgICAgICAgICAgICAgICAgICAgICAgICAgICAgICAgIAogICAgICAgICAgICAgICAgICAgICAgICAgICAgICAgICAgICAgICAgICAgICAgICAgICAgICAgICAgICAgICAgICAgICAgICAgICAgICAgICAgICAgICAgICAgICAgICAgICAgCiAgICAgICAgICAgICAgICAgICAgICAgICAgICAgICAgICAgICAgICAgICAgICAgICAgICAgICAgICAgICAgICAgICAgICAgICAgICAgICAgICAgICAgICAgICAgICAgICAgICAKICAgICAgICAgICAgICAgICAgICAgICAgICAgICAgICAgICAgICAgICAgICAgICAgICAgICAgICAgICAgICAgICAgICAgICAgICAgICAgICAgICAgICAgICAgICAgICAgICAgIAogICAgICAgICAgICAgICAgICAgICAgICAgICAgICAgICAgICAgICAgICAgICAgICAgICAgICAgICAgICAgICAgICAgICAgICAgICAgICAgICAgICAgICAgICAgICAgICAgICAgCiAgICAgICAgICAgICAgICAgICAgICAgICAgICAgICAgICAgICAgICAgICAgICAgICAgICAgICAgICAgICAgICAgICAgICAgICAgICAgICAgICAgICAgICAgICAgICAgICAgICAKICAgICAgICAgICAgICAgICAgICAgICAgICAgICAgICAgICAgICAgICAgICAgICAgICAgICAgICAgICAgICAgICAgICAgICAgICAgICAgICAgICAgICAgICAgICAgICAgICAgIAogICAgICAgICAgICAgICAgICAgICAgICAgICAgICAgICAgICAgICAgICAgICAgICAgICAgICAgICAgICAgICAgICAgICAgICAgICAgICAgICAgICAgICAgICAgICAgICAgICAgCiAgICAgICAgICAgICAgICAgICAgICAgICAgICAgICAgICAgICAgICAgICAgICAgICAgICAgICAgICAgICAgICAgICAgICAgICAgICAgICAgICAgICAgICAgICAgICAgICAgICAKICAgICAgICAgICAgICAgICAgICAgICAgICAgICAgICAgICAgICAgICAgICAgICAgICAgICAgICAgICAgICAgICAgICAgICAgICAgICAgICAgICAgICAgICAgICAgICAgICAgIAogICAgICAgICAgICAgICAgICAgICAgICAgICAgICAgICAgICAgICAgICAgICAgICAgICAgICAgICAgICAgICAgICAgICAgICAgICAgICAgICAgICAgICAgICAgICAgICAgICAgCiAgICAgICAgICAgICAgICAgICAgICAgICAgICAgICAgICAgICAgICAgICAgICAgICAgICAgICAgICAgICAgICAgICAgICAgICAgICAgICAgICAgICAgICAgICAgICAgICAgICAKICAgICAgICAgICAgICAgICAgICAgICAgICAgICAgICAgICAgICAgICAgICAgICAgICAgICAgICAgICAgICAgICAgICAgICAgICAgICAgICAgICAgICAgICAgICAgICAgICAgIAogICAgICAgICAgICAgICAgICAgICAgICAgICAgICAgICAgICAgICAgICAgICAgICAgICAgICAgICAgICAgICAgICAgICAgICAgICAgICAgICAgICAgICAgICAgICAgICAgICAgCiAgICAgICAgICAgICAgICAgICAgICAgICAgICAgICAgICAgICAgICAgICAgICAgICAgICAgICAgICAgICAgICAgICAgICAgICAgICAgICAgICAgICAgICAgICAgICAgICAgICAKICAgICAgICAgICAgICAgICAgICAgICAgICAgICAgICAgICAgICAgICAgICAgICAgICAgICAgICAgICAgICAgICAgICAgICAgICAgICAgICAgICAgICAgICAgICAgICAgICAgIAogICAgICAgICAgICAgICAgICAgICAgICAgICAgICAgICAgICAgICAgICAgICAgICAgICAgICAgICAgICAgICAgICAgICAgICAgICAgICAgICAgICAgICAgICAgICAgICAgICAgCiAgICAgICAgICAgICAgICAgICAgICAgICAgICAgICAgICAgICAgICAgICAgICAgICAgICAgICAgICAgICAgICAgICAgICAgICAgICAgICAgICAgICAgICAgICAgICAgICAgICAKICAgICAgICAgICAgICAgICAgICAgICAgICAgICAgICAgICAgICAgICAgICAgICAgICAgICAgICAgICAgICAgICAgICAgICAgICAgICAgICAgICAgICAgICAgICAgICAgICAgIAogICAgICAgICAgICAgICAgICAgICAgICAgICAgICAgICAgICAgICAgICAgICAgICAgICAgICAgICAgICAgICAgICAgICAgICAgICAgICAgICAgICAgICAgICAgICAgICAgICAgCiAgICAgICAgICAgICAgICAgICAgICAgICAgICAgICAgICAgICAgICAgICAgICAgICAgICAgICAgICAgICAgICAgICAgICAgICAgICAgICAgICAgICAgICAgICAgICAgICAgICAKICAgICAgICAgICAgICAgICAgICAgICAgICAgICAgICAgICAgICAgICAgICAgICAgICAgICAgICAgICAgICAgICAgICAgICAgICAgICAgICAgICAgICAgICAgICAgICAgICAgIAogICAgICAgICAgICAgICAgICAgICAgICAgICAgICAgICAgICAgICAgICAgICAgICAgICAgICAgICAgICAgICAgICAgICAgICAgICAgICAgICAgICAgICAgICAgICAgICAgICAgCiAgICAgICAgICAgICAgICAgICAgICAgICAgICAgICAgICAgICAgICAgICAgICAgICAgICAgICAgICAgICAgICAgICAgICAgICAgICAgICAgICAgICAgICAgICAgICAgICAgICAKICAgICAgICAgICAgICAgICAgICAgICAgICAgICAgICAgICAgICAgICAgICAgICAgICAgICAgICAgICAgICAgICAgICAgICAgICAgICAgICAgICAgICAgICAgICAgICAgICAgIAogICAgICAgICAgICAgICAgICAgICAgICAgICAgICAgICAgICAgICAgICAgICAgICAgICAgICAgICAgICAgICAgICAgICAgICAgICAgICAgICAgICAgICAgICAgICAgICAgICAgCiAgICAgICAgICAgICAgICAgICAgICAgICAgICAgICAgICAgICAgICAgICAgICAgICAgICAgICAgICAgICAgICAgICAgICAgICAgICAgICAgICAgICAgICAgICAgICAgICAgICAKICAgICAgICAgICAgICAgICAgICAgICAgICAgICAgICAgICAgICAgICAgICAgICAgICAgICAgICAgICAgICAgICAgICAgICAgICAgICAgICAgICAgICAgICAgICAgICAgICAgIAogICAgICAgICAgICAgICAgICAgICAgICAgICAgICAgICAgICAgICAgICAgICAgICAgICAgICAgICAgICAgICAgICAgICAgICAgICAgICAgICAgICAgICAgICAgICAgICAgICAgCiAgICAgICAgICAgICAgICAgICAgICAgICAgICAgICAgICAgICAgICAgICAgICAgICAgICAgICAgICAgICAgICAgICAgICAgICAgICAgICAgICAgICAgICAgICAgICAgICAgICAKICAgICAgICAgICAgICAgICAgICAgICAgICAgICAgICAgICAgICAgICAgICAgICAgICAgICAgICAgICAgICAgICAgICAgICAgICAgICAgICAgICAgICAgICAgICAgICAgICAgIAogICAgICAgICAgICAgICAgICAgICAgICAgICAgICAgICAgICAgICAgICAgICAgICAgICAgICAgICAgICAgICAgICAgICAgICAgICAgICAgICAgICAgICAgICAgICAgICAgICAgCiAgICAgICAgICAgICAgICAgICAgICAgICAgICAgICAgICAgICAgICAgICAgICAgICAgICAgICAgICAgICAgICAgICAgICAgICAgICAgICAgICAgICAgICAgICAgICAgICAgICAKICAgICAgICAgICAgICAgICAgICAgICAgICAgICAgICAgICAgICAgICAgICAgICAgICAgICAgICAgICAgICAgICAgICAgICAgICAgICAgICAgICAgICAgICAgICAgICAgICAgIAogICAgICAgICAgICAgICAgICAgICAgICAgICAgICAgICAgICAgICAgICAgICAgICAgICAgICAgICAgICAgICAgICAgICAgICAgICAgICAgICAgICAgICAgICAgICAgICAgICAgCiAgICAgICAgICAgICAgICAgICAgICAgICAgICAgICAgICAgICAgICAgICAgICAgICAgICAgICAgICAgICAgICAgICAgICAgICAgICAgICAgICAgICAgICAgICAgICAgICAgICAKICAgICAgICAgICAgICAgICAgICAgICAgICAgICAgICAgICAgICAgICAgICAgICAgICAgICAgICAgICAgICAgICAgICAgICAgICAgICAgICAgICAgICAgICAgICAgICAgICAgIAogICAgICAgICAgICAgICAgICAgICAgICAgICAgICAgICAgICAgICAgICAgICAgICAgICAgICAgICAgICAgICAgICAgICAgICAgICAgICAgICAgICAgICAgICAgICAgICAgICAgCiAgICAgICAgICAgICAgICAgICAgICAgICAgICAgICAgICAgICAgICAgICAgICAgICAgICAgICAgICAgICAgICAgICAgICAgICAgICAgICAgICAgICAgICAgICAgICAgICAgICAKICAgICAgICAgICAgICAgICAgICAgICAgICAgICAgICAgICAgICAgICAgICAgICAgICAgICAgICAgICAgICAgICAgICAgICAgICAgICAgICAgICAgICAgICAgICAgICAgICAgIAogICAgICAgICAgICAgICAgICAgICAgICAgICAgICAgICAgICAgICAgICAgICAgICAgICAgICAgICAgICAgICAgICAgICAgICAgICAgICAgICAgICAgICAgICAgICAgICAgICAgCiAgICAgICAgICAgICAgICAgICAgICAgICAgICAgICAgICAgICAgICAgICAgICAgICAgICAgICAgICAgICAgICAgICAgICAgICAgICAgICAgICAgICAgICAgICAgICAgICAgICAKICAgICAgICAgICAgICAgICAgICAgICAgICAgICAgICAgICAgICAgICAgICAgICAgICAgICAgICAgICAgICAgICAgICAgICAgICAgICAgICAgICAgICAgICAgICAgICAgICAgIAogICAgICAgICAgICAgICAgICAgICAgICAgICAgICAgICAgICAgICAgICAgICAgICAgICAgICAgICAgICAgICAgICAgICAgICAgICAgICAgICAgICAgICAgICAgICAgICAgICAgCiAgICAgICAgICAgICAgICAgICAgICAgICAgICAgICAgICAgICAgICAgICAgICAgICAgICAgICAgICAgICAgICAgICAgICAgICAgICAgICAgICAgICAgICAgICAgICAgICAgICAKICAgICAgICAgICAgICAgICAgICAgICAgICAgICAgICAgICAgICAgICAgICAgICAgICAgICAgICAgICAgICAgICAgICAgICAgICAgICAgICAgICAgICAgICAgICAgICAgICAgIAogICAgICAgICAgICAgICAgICAgICAgICAgICAgICAgICAgICAgICAgICAgICAgICAgICAgICAgICAgICAgICAgICAgICAgICAgICAgICAgICAgICAgICAgICAgICAgICAgICAgCiAgICAgICAgICAgICAgICAgICAgICAgICAgICAgICAgICAgICAgICAgICAgICAgICAgICAgICAgICAgICAgICAgICAgICAgICAgICAgICAgICAgICAgICAgICAgICAgICAgICAKICAgICAgICAgICAgICAgICAgICAgICAgICAgICAgICAgICAgICAgICAgICAgICAgICAgICAgICAgICAgICAgICAgICAgICAgICAgICAgICAgICAgICAgICAgICAgICAgICAgIAogICAgICAgICAgICAgICAgICAgICAgICAgICAgCjw/eHBhY2tldCBlbmQ9InciPz6d2+UDAAAAIGNIUk0AAG2YAABzjgAA2ksAAIThAAB87gAA2AAAADI5AAAdLnSwtFsADnuYSURBVHja7P1/dBRXliaKfmkbSAySMiwhpcQPJdggycggwGVjY2MwtpGna2Zsqu0yrr6vzeLNKle92z1+dWt118ztmnJN9Ux3z6pbt3q6X7W93vVy9V3TwtWuxp7XPWNRZQrKtmyowiBjYQmwIQVGSgmJSP3AJNB2vD8id+SOEyd+5O8UnG8tljIjTpyzI8nYuc/Z3/l2yDAMKCgoKCgoKCgolBePbt8sDcre2LUvpOxX9l/r9nf3DrhNSkKdHa3KfgUFBYVKQAh46KmNxejZcI6UP9585S37CCFg3b13zBj733/3Q6f9m2+fOfbv+8hh/8r21hlj/7G+gaJ+/v/pR7vzsv9//9a2rD//GW1/AfyXDDs2tdl6f3l/f6go39AiReQls79In/+jnWtsvb/RfaQy7VdQUFBQUFBQUJhRuEl9BAoKCgoKCgoKhUXv+38QuO2/+2GfAQB/9u126XkiNvzZt9tdFwM71v1V2e6V7Pu9nQs8z5eSiPFn//3/HbjtW6/0GgCw8akOT/s3PtXhav+/+9f/Z0Ht//bffCNw22NvmcSLlRtbPe1fubHV1f4ffuNvCmp//8iFwG0Hh0cNAGhurHc93907AAAhtzZB0dZwi9RGfjxbEPEliP2KCKOgoKBgg5WS/OG3V2N+/RIAwPToGXz7hx8UhdAAAN/6flugdiu1Bs/zO/9wv8H7pPbH9BH86Hv9Nvtf+q+bbPYf00eCGftwaT7/3/23W9F6m/m5DHzcj5//5Z6iff53fnVpoHYLamOe59/4yT6D90ntz4/Hcehnp232P/rNzTb7z4/Hgxnbl/t9/uq196THh1KfY3B41Pb5NzfWoyl8Iz8f6PMnAoofkeR6tN8PnDTyFMJojZqvBxIlIpQU0P5nH4siGg0DABKJFHag8u3npJfOx5IIh037U6kUHkUJCDEKCgoKCgoKCgrXPEJKAUZBQUFBQUFBIXd87/96IutrfrN3zArA7tpSh8fXmKuulPwBzAQQ4bUjCfxm7xjYNVkvBH7///lqwe6Zq43E2qpx371zANiTRTy58867lxHvn7TeF5IMs+O7/4+sr0l8fNayP3rbYqy4sxYArOQPYCaACCcOjSPx8Vmwa7K2/+Uf/N/S4//qD7Y6jq24fZm0bW2TuThMpB0AmFU322pP5wFgfCiVsf+jU7g6dsV6L5JhTnx0ytf+/99f7Ql8r34EGJ4Y0TQN1eFZAGAlTwAzgUKYTF2Fruu2OUwuZJhCEWC42kuu9isyjIKCwoxE4RRgjBf+y7+04h0e/8jw7B/9I7MgOGQKMH/3yycDXetFgNn5h/uNl/7rJiveCUCWAZAhwgQlwHzt4b932F8gBQ/jT/7qOSve4fGPDH/6Bz/O6fOXKZD8/g8eDXStFwHmjZ/sMx795mYAJpklAFnGjF/TRJigBJi//e4bOX/+MgLJe6eHrd7uWdpoxQs8fpCBXSf9/N0IJPkowFSk/QXwX4BJHnk+TRgZSMAiv7jh+YQZU+dFJCmgAsyOTW3G88+a3/lEImWRX1ztfyFeGPsL9Pk/2rnGeOwp8zONJ1KI+dj/+ivm+byIMEVNfeT/H/vQ9vsNAHhz19tlIfsUdnwj8Of20Pb7C3ULRrb/GW/uerus4/vZpmSLFBQUFBQU8kdFK8B85ZuPGADwDz/5RRkCwEoLYEsf+HQ++bABAN1//8sZybZfc7+5a+DI25W9WyC9KzhQAF3JyRJ+H50drTw5ZPv8i3sPIXzlmwXbJlfQCcw//OSXBX+OH9q+scImYIV71DqffCjtf94s4PNrBPEbWfe6uMOZhD3bayZ3F3fUZ23/2d5Rx7Ejb/eW7PPv7u13fH86O9roODo72or0+Yeysa9gz2/w+ynM80vEF1J7ee1Iwpf8AsBqQ39JNSYXIkw+ENVe3nn3si/5BUC6TYYoUw5VGCBDfCG1lxOHxn3JLwCsNvSXCCi5EGHyAY1Lai8nPjrlS34BTEINb8tUY0pqv6j2Mpm66kseAWC2YUSTweFRI737OG9VmCxjnYLZXwxVmG/8x39dUfHP3/yH/36dzR/zxxPfeNIAgFf/5u9LZv/KO1oxOzIXc6pnVVz8DAAH/sdvsmp/cHAk57F0Xbfs1zRN2ubu5oai/D/kY3c29gdFse6TviM//PZq6wBXfhHjITpO7ZkyTFmecVJ94SoyXPlFjIfoOLVn15fLRxmAqfhC4MovYjxEx6k9U4Ypi/2k+sJVZLjyC39POD8et9qz60tmPyN/WJ8/j124cooYT9Bxas8IxMr+HECqKevZMSK/JJNAIuUkwwwkTIUYfn25FFVo/GcfyxhJ5JdUMoVkCg4yTCKRstqTMky57CfVl87HkkD6MyXySyqVQiIJBxkmnkihY5M5ryFlmJmuCEO5Ag76jXtou3PRodCkmHKPX8BY02G/RD2uGP6m3OMrKCgoKCgoBETFEGBosZLjL/7dw67nKm1Rc6YHkER24fj6955wPVdppBgiu3BseXq967lKIcUw0ojDRtpR897pYUPSPp2UrgxCDN8JTXbK7Gf3UFH2yz5/8j9//Ge/nAkTmBk9ASOyi9z/QOJ/3qwo+4nsIvM/e7sOOM7lQoop3rPbH8j/cNJJd29/iM5ng5oa7/MTE0nfPoQF2Kz8p+z7nzuZx47RoSuB2sX7Jw0ivlByZ3ToDLAmi3HSbamff/fDPiPWVl2S79Sj2zcbRHyh5M7uxHEAc4LZn7hktaV+Ht2+2ciXBDM9lgrWLnneIOILJXcOd7+Z0zjUz1uv9BrzIwtK8vkfe2vAIOILkV0+e+tS4Os/G8u0pX7SfZbE/sHhUYMSIJQcGRweRXVAAouu61ZbnkgZHB4tCQmmu3egKPZ39w5UkhqM8fXfMX3Ti//jTAH3KpduPrltW8R6PdNIME9840ljbedC63UpSTCF+v603GOSBI+/Nz7jvj+6rhv82dR1PW8SibLfGa+R6gtgV35xI7/wY+UkwhBxhVRfALvyixv5hR/jRBgqkVRCIowBAKT6AtiVX9zIL/xYOYkwRFwh1RfArvziRn7hxzgRhkokFYsI859+tFtKHOFzKK6c4kYe4cdKSSSpWPtzvFsijjzPyBVc+WUgAUTDciUYTpB5KlUeIoxl/7OZ7zdXfkkkUoiEIVWC4QSZvIkwOd4tEV9I9QUII5VKWWWP4okUohFIlWA4QaZjk7leMJOJMA9tv99Y3qahvmm2Nb+nDSIAsGNnFO+8e9l2/qHt9xuFyiGUe/xC/JZla//Jfr2QMWm5x1dQUFBQUFDIAhVBgPnKNx8x2tfWYEXMjAdOxA1rhzMAfHdnC147krCdr6RFzZkeQHY++bDR2NKI2qZ5AIDxoYvWDmcAeOBr7ThxaNx2vvPJh41KIcGsuX+NUbuoCjfXzQVgJngWrpxnnV+1NYpzxy7azq+5f41RThLMxMSETT6Wy+fz3cSAmSThx9Iy+gaAEBFNavwyywWGoFqTs/2VMoHK1v/0HZ6oKPtn8gSs88mHcvA/DxmlIMHULqryPL9w5Twc3ZPI2v+c7R01Vm2NhvSRLzzHHf90qqD30z8ybntPtdtzeX7fOz0covNB4eemRMWEoN//fPwP/0zaGmpL/v3/P15+B5RsFjG/folDBebrv7MEL/6PM67XlBo/eOk4KNksYqXW4FCB2bYtgt27k67XlBpdf/0mKNksovW2NocKzNrOhTjcfc71mlJj7yvvo2PjSrkfaQo7VGA6Nq5E71vHXK8pNd47PezqQ5rCNzp8QnNjPQaHR1FKxZdr2X6ZPyXfY+IMHZsRC7a0YcIi5yE5o0gwpPxikfNwbqaRYAwgk2g+jvEZ9f0h5RSL3Ja+p5lCgpkB9hs7dkZxd8uXHLGO7LUbeGwkEGGK+j3b+Yf7jS/vaLXNEbm/EV+7gcdGnAhTAhKMsfmJB7Bh4xpHrCN77QYeGwlEmKLa/8ZP9hm3bmp2lIfkZBe/EkjUhogynAhTaBLMf/rRbsfn39xY7yCH8Pd+JYTE2EIgkoT+2653rHa/t/2+69p+ETs2tRlPIewgt/D3fiWQACASARIJ8zVXhCk2CWbHpjajc30Y6zvsRnKyi18JJAAIR8KmxA1gI8IU2/5HO9cY0Y4k1rfabSTyCwDfEkiZ9qb9nAgzU0gwtGl2w5bMbwWt3Tl+S+4dsdbwzH8NeSvMl3v8QsWZG7Y0YEUshBNxI5D99907B/VNDejZO5IvabDc4ysoKCgoKCjkgLISYGihkidCKPksLoY8vgZWEtr8Fym7xPVMDyBJ2aV9823WMUo+OxdD+q0ktPnvtrKXSCJlF15+hJLPjsWQlXErCU3/KqBEkk0+til8IwaSKVSHZ0kXEyZTV9EaMSeG1WYSxQAAMxE9XDI1FVG1Jh/7iyH/n+3nv21bxFqMDOJ/Hl8TxYpYCLt3J4swgcmqBu6MnoCR6kv75tusRG0Q/7PizlrUNs2zlGHKoQZzc91cnO0dNcY/ncLijnpoDTdAH/kikP9ZuHIebq6bi6N7EjmXSMoXRHyh55cWI4ko4vb8VodnoTUSxlC4Hm/1njSaG2owODyaNRGm0P4zF/vJf5L9ANDWUFyD4/2Txl1b6vDakQT+l613AQD+tx32BV6R8CIDJ7+8diSBu7bU4Td7x4quAvPo9s1GrK0a77x72bLhuztbbG1EwosMPOZ7593LiLVVF0QFxg/TyfNG9LbFOHFoHP/qKfNzf/p/fcjWRiS8yMDJLycOjSN622IkPj5bdBWYY28NGLPqZuPER6dwz0O3AwC2PLXO1kYkvMjAyS8nPjqFWXWzqe9Qkf2OoWmaLRYQlaSCkOC4r5lMXYWmadB1vegqMN29A0W1v8wqMAYA1DfNdqhZpY9V9IItzQfro3PTKlPM/ujcii+JRMSX+XVhh5rV/LpwWUoi5fL9mV8dxvSkYL95rKK/P0QcIYKa+LymlVSAApQUuk7td6i++P5es1hIVgqplJCpvvj+XrNYSFYKqRyfP1d98QOPhWSlkEoJmeqLH4jgYs3DXM6V8vPPRjmTxxKyUkJe87sixEEz2n6Z6ovv9z9NcImGTcKL7FypIFN98UMiTXCJhNOEF8m5UsGu+hLs/yCetjEasRNk+LmZiIe2329Q3mB06Iq1OU32O0HH3kHm92506IqVd8hlM225xy+EL+L2A8Htp3VSuj69DhqaYeMrKCgoKCgo5IiyEWC4RPWJuGGpK8gWOjLHMjOOE3ED5ZS4nukBZOeTDxtEfBkfumipK8gWOujYiUOZXRnjQxct4kw51GDW3L/GIOLLZ2OXLHUF2UIHHTuHY9b7z8YuWcSZUqvBpEkflkQ1T6bIFgro2GTqqvV6IJly7Jrp7h0oZUkhm/1cccHPfrpGlP8HSloSyeZ/gJHA/oeIMnR9mghzvU0A8/Q/D9n8j+hrvPwPEWUy/gclUYPhPuZs76jN/wDB/Q8RZej6dF8l+/yJ/MKfX/FZ9Xp+iWiysWO5zf+U0PaC2C/6z1J9/iLBrhD9AcBv9o6VxH6RYFeI/gAgXqJ8ikiwK0R/AJD4+Gxp7L99mVX6qFD9AcCxtwZKYr9IUCtEfwCgl+j5nen2u8UT9907x5qLjQ4J35FYCMBsrIiF8M67lytuwZZURGku5iDApOdn9U2zK1IN5olvPGk0r6q15mIiAYbmZ7VN8ypVDcaoX6ZZczGRAEOx0811czF6qvLk33VdN+5Z2miV8RiUxA9IE23fOz1ccWowM8B+qepLPhDLJX37hx8Uzfgffa9fqvqSD8RyST/6XlEDIKnqSz4QyyX9/C/3FM34Qz87LVV9yQdiuaRDPztd9PWSQsYNYrkhkfSm7M/ATfXFD9G0SEoiBUTE7z8rlwQAryBVVPtlqi9+iISBZMr8J17JyyUBwAuvF4/R46b64vv5R4BE0vwXE26AVGKICNO7P4KZAFKMF2NTPhd2myeba5X2a5a3aVnlEMo9fiF8EdlvbobO2BXUfmp3Im5geZuWrSJ2ucdXUFBQUFBQyANlIcDQYiWBk1+8FhgeXxO1Fgv4Ne1ra0q6qDnTA0gqeUTg5BdeekTEijtrrd3F/JrGlsaSkmCo5BGBJ6Z56RERC1fOA5Uc4dfULqoqGQmGyC+0+NgUvtG2qMCJJCL4OSLMDKU+t3YPowQkGG6/TGUhiP3UllQbuP2lmkCR/1mpNWClllmEDOp/qN0xfQTta2tKXRJpRk/AqOSR6UfCtjIdQf0PtRsfSqX9T2lKIgEmYYX8j9ZwA7SGjF8J6n+onT7yBWoXVZWMBMNLHnH/w9VTvJ5frqIi+p9iqy/w738x7Df9Zz86O9qKYnS8f9KItVUX7UOJtVXTGEX5Hj26fbNxszaraPbfrM0qqgrMdPK8MT+yoGj2z48soDGKYv+xtwaMq/i8aPZfxefA2JWiqcCQ+kuxUGw/ROovxbY/XxWYr3zzkax8Kc2hiPzC1Z2ATMk1ih/qm2ZTvIOgMcNXvvkI/uEnvyjCXGyjQXMoIr/0HZ6wKUxRyTWLIBOda1335q63yrroTCqajS2NFvll8Oi4TWGKSq4RQWZ+Xbjs6puEy5NXDZpDEfll9JSOlnsycVzLPbU4/t44iCAzvzqM8U+nDACYUz2rqPanFU98v//NjfUWeUQsadbcWI/3Tg+DCCY2NZXmhlAR/EzWz2/O9gd8frt1XTqv/Mo3HgnM3MuF/JJNKSQqg/SDl44bE3pKel9f+UbGN/4DfoGHntqIHQiWVM6F/JJNKSQqg/TySwljx86o1P6HntpovX4Tb6HziYeBgLznXMgv2ZRCojJIv/67PuP82Dmp/Z1PPJz5TuGXWHPfGqwK+PnnQn7JphQSlUE6uidhrNoq//zX3Jf5DI/giO/n//6vPrKe6VzII9mUEhIJ/TJCifj5Z/P9qUT7s/ou58Bdi0ScxBdZvwOJTBmkx9e3Ga8dKHwZoWzJL4Cp+uJ3VTQaRiKRssogPY41xmv7C78Wmi35BTBVX2I+NxCLhhFPpDJlkMJLjTdeP12RZIJ1G9qNu7ZqtvV/y7+lcxq0xigSJKkNreERzL40rNvQbrzf0xeq5PF9Y4StawBM+7arb2qw1i95LsjPfg6eizncM10R4/t9Ngf3QEFBQUFBQSFPlJwA89D2jQaV7HBbLKAdPeIOH75Y4AzcavDQ9o1GsRc0Kz2A9LX/wduNVRvutBFYCLSrmHb0iDt8qI0osW/21Yh1D95uvP+rj4pq/8o7Wo3G9nobgYWgNdwAILOjR9zhQ20oCU2gvlbe0Woc+3Cg6PW3NU2T7iKmnTD0V9whQ6/F66rDs4DSkUgs+8VFDkpCy44DsCnYcBKM+R9TmOSPWT7IfyfOiljEejbFRUov/yOb6KyIhdCzNxXItjd3VfYEsBQTsPNj55BRf0k51Ay8/A8HJ+Md7TlXKP+C2ZG5nm2uJC/h5rR6iz7yheV3rPvz8D8cnIw33DcawLYWHPuwMA8xPb8yf+Llf2TtqsOzrBxIkaS3S2Z/sUDkF55YdgMldNzOiX6K8PXfWYIXcaYoJBgiv/DEsuv3VBKjiTGezC9RoroYJBgiv/DEshsooeN2TvRTBDNRjaKQYIj8wksXuUEWo4kxHvefhI6NK9H71rGikGCI/OJFUONxg9szy591sQ2PgwpNgiHyS6nsL1EpJFcVTre4h+YvZVa/s80lAacKp1vcQ+WdMuqbxZ8zusFLhdMt7qltmld29U3C5cmrriqcbnHPzXVzHep3xSbBeH3/qZyHVxwhe7bpuu7egcDf/yI8z3nb/97p4aI/v8vbNAMAnv2jf4SfCoxXySOxnd/8rFDYvTtpxFY3Yucf7oefCoxXySOxnd/8rFBY1tJuAMCf/sGP4acC41XySGznNz8rFI6/N25ULanGGz/ZBz8VGK+SR2I7v/lZPvjJy/tc5xtepBCvkkFiO7/5DeE//Wg3AOB//9a2XO2nUtvwU4GpFPs5/razzdgE4PlECn4qMMmkqfYiK3kktqPzxS6F9BdPLTVaATz/Qhx+KjCpZArJlLzkkdiOzhe7FNKjz5j+/5WfRhHrSGJ9h/sHm0qlkEjKSx6J7ej8TC6FpJBdvAMAazcsth3k+RR6vSIWsv2uijkX8f3aDYtxuOesH6m/3OMrKCgoKCgoFAA3qI9AQaFyMDg86ijpAZjkEdmOmEJK0vohyM5EXddd7Q+wGzPwOHlMoKykCYFPVI7pI9b76dEz1uIqPy5eA4ASKgZNkoppv98EjN5zm/lxtwlYse1f92Cbse7BNmPVhjttx3ki1ixvZL4f+LjfWlzlx8VrAGDVhjut/otl/yf7B41P9g8aje32xCon1OkjX1jvz4/HrcVVfly8BgAa2+ut/ov3/PYbYOop5D84EWQyddVWKoiT17jCiphwSfdpADCKJWWd3hlYdPu7ewu7oB/vnzTu2lJnU2fyS9q4l2HzbnPfvXNw15Y6xPsnC/Y9enT7ZiPWVg2u2ueXtHErw+bXpn1tDWJt1Xh0++aC2T+dPG9Eb1uM5lUZVQK/pI1bGTa/Ns2rahG9bTGmk+dztt9UlbrBItYde2vAmFU326Yu5UZwIchKJInHZG0WrpyHWXWzcXXsiiHaERQHB0esf+m4xaGc4pf0cCtjFiT2oWeZYinZPzE2kR1n8UhZ7C9iHES+zrZgGxTUlsUQxYx5pCAFF7P8I6QbEtxAbela6quUIAUXKv8o25Dg/mzPA7+W+iolSPnFLP8I6YYEN1Bbupb6KjEM/hxnM4+SJG6V/S4g8svXf2cJfvjt1Xj5pQSe/aN/DPa7LcRIIjmGz89E1Ghho0YL531faYIftm2L4Fvfb8M/vTyAnX+4P9C1YowkkmPEOSXHyy8ljJdfSuRtP5Ff1nYuxO/+263Y9+qv8ad/8ONA14oxkkiO4fMzEQvqFhoL6hbmbf/x98YNwFSRuvOrS/HJ/kG88ZN9ga4ViS0iOYbPz0Qc3ZMwju7J/vN//1cfWaovdzc3WPEDUzfBe6eHA/UlxhgiuYTPb9zWCvgBIpL4QUZ+aY2Ecc/SxhlhP8ffdprrAbEI8EzULFP0vAdhgk4lUk5iSzKZeR2JmOfdyC+Pr28zHl+f/1rEXzy11ACATetjePaxKLoPpPD8C3HX9slU5q9IbEklM+/DEVP1xY388vimNcbjm9bkbT+RXzpaI1jfmUK8N4JXfurePpHM/BWJLakUsz9sqr64kV8efWyp8ehjS8vxuxwIFHv6/X4EIUcG6avSxs85bn7i1qxi/WzmBJ1P3Frx4ysoKCgoKCjkj7IRYMQErNsCSJDdPUH6utYC2HxBi6d+CyBBdvcE6avQoMVTvwWQILt7gvRVaLglW5ob6y2iCF8g0HVdqqwgqq4UC2Iyxs/+ydRVy34iv2Rjf7GSPzt2RrNK9gTFilgIO3ZGi/7/MNMnYJufeCCrZE9Q1DbNw+YnHiia3ZS0uXVTc1bJnmz6v3VTc9E//+bGekcpMg4vkprsHC99Vgrll1LZX2gSDFeH4wS7QoH3Wwz/Rj5HJNgVMh6UlYcspH8wYxU7wa5w8VRKWh6yUODqdhTT+JFgsgHvN1vCS7ZxDyeoFaPfYsdtM9l+pBNL9dG50vnTO+9elpZRvO/eOXjn3cvSa9J9FZv8C8Akqzy0faNRo4Wl86e+wxM2oh4hXaZSek2NFrb6LXr89uTDRueTDxtVtZp0/jR4dNxG1LN+91bVYvDouPSaqlrN6rfY9l+evGpcnrxqzKmeJZ0/jZ7SUb/MWSasfpmG0VO69Jo51bOsfkv1/eeENv4cU6kgEfcsbbQlfvk1nDyr7DdJL/Tv67+zxKZ698Nvr8aOnVEcPP5b6bWc1Csj/NKakCx2onjkuztbrGc+FxLM7t1Jg/5t2xaxqd596/tt+PKOVrx2RJ755qReGeGX4jRZ7EQ+leaRy9s0iCSY5W0aePltGZa1tBv0b23nQpvq3e/+263Y/MQD6HnriPRaTuqVEX5pTUgWO1E88sDX2gGYZd1yIcEcf2/coH8t99Tayqnd+dWluHVTM058dEp6LVd9ERVgOOlFti5EmxJWbTU//9pFVRBJMLWLqsDLbxN+8vI+i/gCZMgvHGl1zBCVK5NBVlaav6c1Fdn1FD/QPCb912b/c//+r6Tj/uTlfdY/5guM1kjYKhdLfqQS7ef42842g/7FIib5hfBM1CxV5EZc4eowolIMJ73Iro+nlYefDYcRCQPPxUwiTLbf/794aqlB/zatj2HT+sz3+NnHouhcH8aBXvkNRKNh6WvATnqREV/iafbJdx6LIBpO4bloCrmQYB59RjPoX0drBB2tmf+A9Z0pxDqSONCblF4bYzbHRPsZ6UVGfKF76lgPIJzCs9EwKokEY6rHL3Od44qb1IKep77u2roM6za0G5U6fjEhrnl4bfYr1vpvOcdXUFBQUFBQCI6SEmC4ZLUsCPAjjLidp742bGko6m6+mR5AUvkjQJ6kEVUWgp6nvkwVhtuLZj+VPwLkOw5FlYWg56mvxvZ6rLyjtYgKDJmdxDIpfSoN1NxYbym+0C5mkp6VJX2prxLsHA5sPy34kBqEm/1N4Rsd9rPPq2S+SVys9FJ7CVLX/XqbAOYLUY3AS+1FplxQTAQhvIhJYy+1l2ImmLOBTK6anl2ejBUXJr3KeBCKpQITxH5SgsnH/kIg3j9pUOmjbPxHUOKvV5+xtmpr/Fztf3T7ZoNKH2XjP4ISf736vFmbZY2fq/3TyfMGlT7Kxn8EJf569Tk/ssAaP1f7R4+lDCp9xOEl7R8kjpNB7PMqPsfosZQxeiyVs/26rhu6rjvUU/zKCPnsDJZC7JNiibQNOcdrMvWXUtqftqFg8du2bRG0r63BaOKStJwZkV9k8Y+MGLNtWwSjiUtoX1tD/RUtfqb54/I2DRN6CqKSHwCL/CKLf2TEmA1bGjChp7C8TSv6/JFKHjW2NGJqXLfKGHEQ+UUW/8iIMe2bb8PUuI7Glka0b76tqGowVPKodlEVLk9etcoY2eayafKLLP6REWMWd9Tj8uRV1C6qotdFVVCkBK6u665EETFGoNdu7Yncnz5/XdsvI71wfPuHH2Cl1uBZBml+/RLP8keyORnFQOJxIsEEJcLISC8cP/peP1bEQp5lkFZqDb4xnmwdSFYem0gwQdVgZKQXjp//5R7UNoU9yyC13tbmWf5INiejGEg8TiSYoEQYGemF49DPTkNruMGzDNKC2phvjCRbB5KVxyYSjJcazE9e3iclvIjzoebG+lBaxdJTscltnYdDRpYV5z1szmMjt4kkElHxRSS9cBCJrpLs55CRXjh+mjDLG3mVQWqNep8HMmQX25wLYcdxIsEEJcLISC8cL7yeQCwa8SyDFI2GHeQXh/0ktcLtj0Ycx4kEE5QIIyO9cBzoNm3zKoMUi4Yd5BcRMgJPNBp2HCcSTLmJMOs2tBvaEi1QW9lvQ9BNvtoSTZpDKPf4BUKo+9VPzLkxI7C7rUd45WP4NdRXuu9QBY+voKCgoKCgUACULBMn7trLdnEjaEKFdvNdawFs3vY/eLuxoG5hoLayxY2gCZUFdQuLQoJZeUerMTsSTHlBtrjhRYzhmB2ZWxQSTLpWvA1eu2iqw7OgaRo0TUN1eJZrfXeXhYZikGA87ReT0V72u13nNVahJlAvv5RwPI9ui5VeiVx+DfWV7ruYE5gZPQF7/1f9oX2v/jrtTzI7mN0S0l6JXH4N9bXv1V/j/V/1F83+Wzc1hz7ZPwjAvoPZjdDiRcjj11Bfn+wfxK2bmov6/SFiClcxEH1IdXiWpeJE6k1igpaXHqK+0n0X3H5GpAtkP4Cy20/EFyK/0HMo+hovmX8Rfm2pbxqLxs+FBEPEFyK/kI8QfY2XzL9fDCe+p75pLBo/FxIMEV+I/JIpNWL3NV4y/yL82lLfNBaNnwsJZvRYyriKz0HkF/IjYmJH9I9+BGav99Q3jUXj50KCIeKLH3nESybfL14S38tIJIwIk3W8Vkn2FyCeM8SkrhdJ1iv+8bquWCQYvnlCjFvE137xj9d1xSLBEPnF/vxdlL72i3+8risWCYbILxw8BpKpaLrFP17XFZEEY4gEEL95iFsi1+u6IpJgKtp+Unzhx0QSzLd/+AFe+C//0pfc4hbj8NcrtQb84KXj+MFLx23td+9O4gcvHbeR3drX1nA1GOm9keKLxJdZ+NH3+vHSf92U1QYIt40UK2IhvPxSguaMFnr2juDllxI2lRdSfXn5pYRxsl+X2k+KL/yYSIL5+V/uwZ/81XO+5Ba3GIe/rm0K49d/14df/12frX3fvo/x67/rQ2NL5rva2NLI1WCk9pPiCz8mkmAO/ew0Hv3mZl9yCwdXeuGvtYYbcHRPAkf32D//s72jOLonYVN5IdWXo3sSxvinUzk920R+uWdpY1blytye1erwLNsGIz7vSZNt+NgOIomEROL4vxFJMKQuVYn2k+ILPyaSYH6aAJ6PhhGJBP9/42WPuOpLDGG8kErhhZT997k7BbyQSuEZxk95LuZPhCHFF35MJMG88HoCzz8b8yW3cPCyR5wcEotG8OevJ/Hnrydt7V85APz560k8xT6j56IpXyIMKb7wYyIJ5kB3GE89A19yi81+9vly1ZdoNIzeA0DvAXv7RNw8/iz7T342Gi4rEWbdhnYjttr0h6OJS9K4MxsVeLdrqe/Y6kZbDqHc4xdw/dlYdGsdRoeu2DYgU5y/Ihby3JxD58V5QX3TbIwOXcGiW+ukfrBCxldQUFBQUFAoEG4qxSAPbd9oLG/TMJq4ZAUPFDDwICKoMoHsWh6ILW/T8ND2jcabu94qSDKLAsgJPYXRxCXUR+c6giDxvV8AKV7rDCBhvN/TVxj7H7zdWNbSjqlxHdNjKcyvC2N86KJNBUZ87wXZtQAwPZaixRise/B24/1ffVQQ+1fe0WpULanG5cmrmJ5MYX51GJ+NXbIpM4jvvSC7FgCmJ037q5ZUY+UdrcaxDwfytj+duDA0TbOV4JhMXUV1eJYtCSvbdSPbbTyQTDmu5UiPZXT3DoQ6O1pRgHsIZD8AaTJdXBAR7XWzH0Cou3cAhbgHmlQsb9Mc/oMWJmlh04/0IkvcnogbWN6mgS1QFpoIYACA2wSM7ODvZRMw2Xk+Afv0k7Gi2L/uQXPhZ1lLu8R/UOmQsO29CLfztU3zMD50Me13zM8pXyIMl/gHgE/2DxrkG0T/QUkeIrX4kV7E8zfXzcVnY5dQtaTaGqexvT7E7bg8eTXPZ7jfoGeLnl1xYZKe3aHU52hurLepN4nnxWd8MnWVP7dAmqxSwLJIJbe/u7cfnR1tWRsqqr7UN822fMRKCYc2G7WXIG3NhZZMyRIiwcTaqgM9E6LqS310ruUjVsScKhDZqL0EaVvfNBv1TbOtkiVEgnlj175A9ouqL/PrwpaPkJHtslF7CdK2tmkeapvmWSVLiAQzP7IgkP1EfuH+gXYnL6iVxWPB1V6CtNUaboDWMA/njplx3VV8DoxdMWbVzQ5kv0z1xQvZqKXkothEz7Wu66EgdslUXyrB/nzjOT5Pqo/OdS0XlA36Dk9Y8yGg8KXLxHkTzZNqtDBO9uu+5UD8cLJfR40WtuZexQSfJ1XVahg+PmxLFOeC4ePDqKrVrLlXMcHnSXOqZ2H80ylpOZCsPpNPpzCnepY19yom+FxF0zQUIj4ZHB61YpLr1X4ivhDh5cX/ccZVAebg8d/a1F/E9yKo7JEITnzhr738GSuDZvD5DRFfiPCye3fSVQHmtSMJm/qL+F42Z5TFPJz4wl97+bP0/JLmmJb9RHwhwsvh7nOuCjA9bx2xqb+I70VQ2SMRnPjCX3v5s8aWRgwfH3Z8/kR8IcLL8ffGXRVgTnx0yqb+Ir4XQWWPRHDiC3/t5c9qF1Vh/NMppEkwlv1+6i9gxH2RsO9G4Cdwor743HZ2tIYoXqHjXv6AzYkMYX5vABnCy0Ay5aoAU0j7Za9zsZ+IL0R4iSfdFWC6Eyl0MgLGQMJb7YXKHol4IZUCfUScBPNczL2v52KmbY+vbzNeO5BZnyDiCxFe9h+IuyrAHOhN2NRfxPciqOyRiD9/PYloOGW9tmyMuv8OPxdNmfZvWmO8tv+IZT8RX4jw0juQdFeA6U3a1F/E9w7702WPRPQeAJC2v/dA5v/zWQ9yzbPRMBIJ4NHHlhpvvH66JEoblDugkqMTesqaU48OXbHyCWLugK9Ruq3X0bUUE0/oKdRo4fQxM4cAmPmEco1foByGkSaHZOwX8icydUqv9ZF33r1s7yNtP42TXgcNVcj4CgoKCgoKCgVE0RVgiPxS3zTbDLrSJBgKrN5597KU/OJVgoSSSXQtBSE8mCMSTCED2BotbJFgaMy+wxNS8ovXLkkKIOlaWQBZKBY1kV/m14VRVatZJBjAXJAdPDouJb94lyCZZ7sWMBd1p8Z1VNVqmF8Xtkgw+dpP5Jf51WGqFW8tln42dgmjp3Qp+cWrBAklnOlawFzUvTx5FXOqZ2F+ddgiwRQieCcVFCKREJGEyhyJCV1aOKBj4oIDJWzpWgBWv3wsFGDnMCWDgtgvym7L7KfjQe0vkBsyaBcd9z/8+cxmV99KrcHxTJP/YTXaC8niNxbdWodFt9bZ/A8fO5uyRitiIecuDjYBYzsRcjHV8W/dg23GspZ2cBKe3ddczKqskSm1bd/5TP6HxjEJN4bEnuzxyf5Bo2pJNTgJj+OzsUtZlTXSGm5w7Hwm/0PjDPeNFuTz7+7tR3dvv6VmIFNCmExdlS5isp13Dt8kS5jQ81vIZ5cWPMtnv//35+6ta3H31rU43HMWh3vOOsgvj6+JeqpM5Qq/a/miDJFgDvecteyVxzt3OMgv9907x1NlKlf4XcuTWUGVYE4d7XeQX1bcWeupMpUr/K7lJUu8lGBW3tGKlXe0Wr5GJL+suH2Z665nWXInKPyuXbgyExNexee4OnbFEO11ixc4qsOzXMsG5ZN4zebaoEowlW7/i3sO+s23MKGnbP8AGBN6yoxR2Hxj27aIdCNB0Gd2RSxklUCyYqChK7Yx+b+Htm/MeQ6pn9HN2C09FpVAkm0k8AJvU9802yqBRJ/JaOIS9DN6QVVgOp982Dg/dg7TYykr9qESSLKNBN4+56JtHkYlkCgGmh5L4fzYuYKqwFyevGpcSV7C9GTKin2oBJJsI4EXeJub6+ZaJZAoBpqeTOFK8lLBVGAGRybQ2dGKwZEJSxGOfutFNYMg5DRR6ZJKCNHzPJm6isERk2QxODIB/s/v2QWAF/cchHgd9VXJ9nPCixv55YffXo2XX0rg2T/6R/zxn/1SSn45ePy3OcU9pPLiB7c2nPDiRn751vfb8E8vD2DnH+7Ht3/4gZT88tqRRE5xD5s3esKtDSe8uJFffvffbsW+V3+NP/2DH+PF778qJb/0vHUkp7iHVF784NaGE17cyC93fnUpPtk/iDd+sg97uw5IyS8nPjrla4NsgwKpvPjOPfMg/HV2tIYGh0fx3ulhvHd6WEoeCfIMy+IGt7mOrJ0MnPDiRn65Z2kjKtV+TnhxI788EwUOAHg+kcJz8RS6EykH+UVGdhE5FWKZo8ciGZUXP7jZxgkvbuSXZx+LovtACs+/EMdzLySk5JcDvc4bEP87xTJHj4VTlspLrvZzwosb+WV9Zwrx3ghe+Snw+uspKfnlQG/S+fkL3YmEnscQtlRe/BCNoqTQlmgWSQQwFep5rOn3O+EXk/N+uMJ+fXQutCVa2ccvxNrn2g2LrXugHEzP3hErhyJuBhSVWLjyCo/9Kf/Ss3fEyr2Q7Ws3LLYWf8o8voKCgoKCgkKBUXQFmBotbAsQLMZwgMXKIMkh24ImC/Tqm2ZjNBHO236vADKXhQ5ZACn2TfcyoecfQC6oW4j5dZl+q2rNPoPsGAySHOL9UN+AmXhaML4wb/tnR+ZifnXGflJECLJjMEjZI94PV32YXx3G5UhhdvUROYR27gGwFh15skVcUPCTmuUJYd4PXacX6BnmyR8v+0Xkaj+NWSD7Lel82vk8mriE3bsvoX1tjYO9f0wfcSi98Pf0mrP4SamA/ISpYNCAnr0jhWDxG+nJkLXz2ZyApSxCD1/Ule3c4O/pNdldH52Lk/26zf/UR+eiProYh3vO5m3/ugdvN1ZtuNPyFUTC69uno7GlEdNjKVuieHwo5VB64e/pNSkszK8L065Cy//MrwtjVd2dBVGhGu4bNRrb6y1fQSS8s72jqF1UhenJFOqXaTafIyq98Pf0+ua6uRg9pWN+dRjjn07Z/M/86jDmt4cx3DdqVC2pzvv7Q4uGTOUEOnv++KKi144+fo4krGXPcHV4FqrN3XrG4PBoKM9dymW1PxfVBUouc99B4EmTfMgvXv6KP/fk23bvTgbuk5LL3HcQ3nn3stVnPuQXL39FMV1902zLt/XsHcEsuP+edD75sPWaksvcd1jjHRrHijtrA8c3QWIk0V9lyi3Ns3xb376PEbrRtK3zyYfR/fe/tPVTtaTaFpNQEkgkvvCkTz7kF8L58bg1BvXH/RaRYI6/Nw6tep5l69SZSWl/6eSp7VkSy41RPFEI1QRZf7L+dV3H4MgEmhu8k6SVbn8O8y+Dz19k8xP+/InHZHMZP6W5zC5QGBN6Kq/fr0zpXM117kfzS07wETckiMQXrzmotkSzSunmqyLa+eTDBp8X2X1Hxk/Qe/GY2FZs7zbnq6rV0Pnkw0b33/8yL/svT141RDU8ApFZiATz2dglxzGxrdjebc6XjrOMOdWz8rL/61vvBgDpcy9TjnMrLSsSR8RjHM0NNRZhbXBkIi/7mxtqXNWoKsX+k/166EXAIOKLWJYIAL67swWASYKhNrt3J7Ebv8Rf/Dvzt9tNDUZUgVmpNQDb7DGNqGYlqrTwdiK2bYuEdu9OWiXixLJEALBjp9nft77fZrXp2TuCnr0j1j25qcGIKjArYiFgSwN69o7wz9BGbuFzUlLyo3YiTh3vCwEwiPgiliUCgAe+1g7AJMFQm759H6Nv38f4+veeMGMsFzUYUQWmtimM9s23oW/fx5l5kqBmRTEWxVy8nYiWe2pDx98bNyjmEcsSAcCqrebneudXl1ptzvaO4mzvKLY8vd4RG9n8oaACozXcAHTU42xvRnlEVLPi5F9SwqN2fpCVuya1FvpL7QZhlR1znbuIKirV4VmApqG7d8Do7GgNdXa0hrp7Bww+D3Ijxoklh9IIDSRTBhFf3jvt/D8iG+nve6eHzRJGedjPyciimlU29v9+d3/obzvbDCJn7JeQWDalH0sqTfTjuFmuqDuewo9jaeUbFzWYSARAEiDeRQxhdIZT6E6Z5JL9KQAJ2MoecdIJq0KEn0ps++NXTof+AksNIr50v+5s1PmY2fmz6b9//noSrxwAXjmQwI+fNY+5qcGEI2FEkinLjlg0gqfWJ/HKgTCi4RQOADiQhK3sES9TxBVYXpFMI9/4qR569BnNIOJLuNu57p7qNPtY30mqLWa5otfjKTz2WDhtv1wNJhwOIxpJgXg7ZgmoFBLxMBBO4fVwEkjayx51tGZs6B3I2P9CMgkg/7xAruCKKWI8mlU/TbPtfUj6rcTxs0XVLfOtfsV5zMl+3VqnEOci4gZk2ZylfW0NevaO2NY9+Vg0djnHn7owDQUFBQUFBYXC4qZSDyhbfMxGvYBfMzqEwIua10oAmy+IDMOJK0FLH3HUNs2z9SHrtyj2p8kwnLgStPQRx811c219yPotJGgSb5FJ2AKA2+5iL5CKitmVVtCkjAxE4CmF/W6yubnAIqxJVJr6Dk9YiWoxGS0qUMnKH9137xzs3p20EV/4WERWmckTwHwnYAvqFlp+IUPEMxd6h48PW4lqMRktKlDJyh81r6pF376PbcQXPhaNnQ9mR+ZafoET8QBzMXRxh7loJ5LtRAUqWfmj+mUazvaO2ogvfCwaO1dw9Sfx2QVgI4+IzxtfzBRfW59/WpKaJ4sdYxUIM8R+g1SavEAJmVziHhm4T3J77jM7jGqMCxfkSa11G+4wtCVa+pl3V8SihEwucY8M3GYev3GfPXVhGlW3zPcshXT+XMJYsDCK82PnANzmPl46IZNL3COD3VddtL2mMc6PncOCuoUI3fjPhvH5TVL7SWnKr9wZ7XLORnXKCzw55Oa3Lk9ehY6L0Jzy+RZe3HPQ8COYFCNG4f2JSnT8XHNDDQZHJgxN06T29w7EZ4T9L+45GKLEvh/IF03oKWzbFsGJuIHRoSu8HAhWxCKe8YPseV0RC1nXE5GYSr29/JJuGzsf6Gd0ABr0Mzo2bGm1Ke1RMri+qcGpaOcxDyRb6XoiEpN66D+9PGyNmfezNXbO+tu++TaMD13E9FiKlwNBbdNtDjKLlxoM+RW6nojEVOpt36t9trHzwZXkJevv4o56fDZmKsFQORCaS4lkFi81GFLspOuJSDy/Ooyb6+bik/2D1phu5JtsMTgygXuWNlolWHmJxKb0cdl8zW0u1xS+0VZikatgvjIwYY1ZCLtngv0n+/XQDxKXLKdBhBeKT4gU892dLQ6CzB//mUkGdVNekWGl1oDdSDrmc+LYQIYM89qRhEWS6Ts8Yfsd27YtEnr5pYRlPxFeyN8RKWbHzqiDIPPtH34AANZcLOj6VY/zM3SMTfNMiruIJCOWQTp1vC80NW6V77QILxSfECnmga+1OwgyL37/VdOPb74ti/UfZxKZ/BEfG8iQYU4cGrdIMsPHh232t9xTGzq6J/P5E+GF4hAixazaGnUQZPZ2HQAAay4WBFrDDTgr+tW0P+JjAxkyzLljFy2SDJVBeu7f/xWfZ1n2EymEnjcixXACjFjCKJuNAuIGISLBiGPT2g3ZQc86lZh+7t//Fa3jhN7T3e0nUsw9SxsdBBl6n4/9QIbcko391Ob3u/tD39/UZtn/jFDm6KdpEsczUZOEQgSVZAp4Lm6eezYcnBgRg0nC4PhpAtgUBkQOCh+LSDI7wm3Gy8iUQfrjV06Hvp9g9ndkbEkmU3ih2/zOP9MZxU+7E5YqTSIVxnMvmOeeWh/8dyUWjQCC/3wlCawHsKk1LLQ138cTqTRJJoVvdLYZf8Psf+Onuv3zfyzTRyKZwvO95mfV0RFGb28qw0FJhfH66+a5aCy4/dFoGIm4/dgLySQeS0XQucluP5FhegdSFknm0acajTcwXLISM+L6HW3Ek811ffsS2sr6FdcKyz1+jjC47aScT2O4re3K5i4yxW5ao+X3YK3hJi5Zaw7lGp99BqoUkoKCgoKCQgFxQ6kGcgRNHiWD/CArKcRfF4MEIwsggy64yj4Lm/0egWmhYE9Aw/bab8FVtgDLIfZbDBKMmIAWk9FB5Lfd2or9FoMEI5YJ4iWF6DxfuOQLmOIxLoNN5BHqtzUSxkCy8PYPJFO+9nM7Rfv5OZn9tNBRHZ5VSPsN7nu4+gl/7kR/IlNmEI/RNeLEZUUsJPogI2/7hTq9XI5T5k+CTsB4Hzb1GrsPytl+KoHGkzPcXxBxxZn8SUl8Tkrqg0TyS23TPJsPyqcM29SZSYP7HiLakb+g5IzoT2TKU+IxukYkv9xcN9fmg8iGXL8/mqZJfY/omzhkz7GYUBGvEZ9hpnZluOw69MXg8GhF2B+wjJyx6NY6tK+tsSm5eam8EJHEq9yjmw+i13x3sBdqtDDa19bgZm0WbrmlxvGdIvLL8jbNtvPJKy6jhJNXuUc3H0SvZTuyZai6ZT6Wt2m4is+lpZCI/NLY0mgjvnmpvAweHXe08Wova0d9+GFB3UI0tjTC+PwmhG78Z0Pma6qWVKN+mWZL+nqpvNDOZN7Gq72sHd/d7IU51bNQv0yDPnkRWvU8h/1EfhHVCrzIImLs49de1s6vpBGHpmlobqhB74DzS0rkl5lgPwKUQuKY0FOOpCqQKQfCVV9k0t2y93SNrKTIjp3RgpBfrM/5jI4v73CqcFEymKu+iHNBt/d0jaykyJd3tBaE/GI9a2PnsPmJBxzHKRnMVV84Kc/rPV0jKymy+YkHCkJ+IVxJXsKtm5odxykZzFVf+GYEr/d0jaykyK2bmi3iTSHw4p6DxlPrnd8fkTzbFL7RocDp9p6ukSV9n1rfWhDyi/U7NTKBSra/RgsbNVrYAEzyyXd3tuCYPoLXjiTw2pEEVmoN+O7OFmzbFpGqwxB2707ij//slxYhxpr7M/UXintyUc+TqbMAwMsvJQwiv+zYGcWOnVGrxPY7717GilgIO3ZGsWFLg1QdhtCzdwTf/uEHFiFGFreR38xFPY+rwgixhbGgbqEBmOSTB77WjvGhFE4cGseJQ+OobQrjga+1o33zbVJ1GCue2/cxXvz+qxYhxpr7M/WXjMpd9v6dq8JwHN2TMIj8smprFKu2RqGPfIFzxy7i3LGL0BpuwKqtUSzuqJeqwxDO9o5ib9cBixAji3toHhZEHVgEV4WRzNMt8gkR1egflRprbqxHd++AISrEkIoLlRfyIrNR3CCLMzi5RgYPRd7A9svUYdh8zSqPlIv9fnCz//ub2gwiXzwTDeOZaBjJpEl8IVWX56NhPIWwQ4ElEs78eyFllkYiQgwhmcyov1D5I7EMEmG/x2PhUlnKbn9HGM90hJFMphBPmP8ikTC+0xrGs1Hgp932G4iGU9a/Vw4Az72QsAgxhBRTf6HyR2IZJMIBj88/5lJiyGb/Y2E881gYiWQKvQPmv2gkjBfWR/F8a8Qkv3CEU9a/RNwkwxAhxrI/lVF/ofJHYhkkwuvhpKv9Ha3lUX7xW8+XkU/EjSBivsMv32Ajt5R5/HxAapK2UqcsF8Nt52sJbvZbat3sHsScC62Blnt8vo6koKCgoKCgUDiURAHGL1jiO5Vlx8TzYj3FXMYsRQArKkKUI4AE/FVZ+E5l2THxfG3TPF/CTCFJMH6EFNpR6HZMPC/bsZjtmNlAnOyLCiei4sBQ6nNzN0x6cZK/BuzqKW79FnKXcjb203HR/ubGepsKDu9TXKTlte7zBU1euP+g53F06IrNt4jlPWT+h9pwH2TtDGAkGMB8nW8iyGsCNpq45JiAUULKzf9QG9kETCTzAMhbAaaqVrORX8g3EEmF+5bBo+NWyRA3/0NtuA+ivjgJxoSWdyJoTvUsG/mFfAORVLhvGT2lW+WQ3PwPteE+iPriJBhCIRJBMlUB2oHHn10uQy2W5hDb8GeYXnMSSSF90EyxX5YMBjIJkMfXRG1y/LI2fvBr5xcbta+twW/2jknPyZLB5P8AMwHjRrgJmtDxa+cXGy1v0xDvl5ffkSWDTf9h+uAVd9ba5Phlbfzg184vNmpsaUTi47Pye18m//wpgbPi9mWW+otbGz/4tdMabvBMDtUv03B1zKV0jEupDiK0usUt2Txrfu3EuEJsr2maa3J3ptsvwHrQNmxpcJQXs+KC6FybEgz3I24+hZd8FOMMins2ZEp80IVZ7WJct+EOa8C7ti6z7BYX9mu0sE0JhvsRN5/CSz7aFrNZ33dtXYbf7Dll2fF+z4fZ2c+It6s23Gn5BD4vopKQXAmG+xE3n8JLPvK4h/e9asOdONpzyLIj21KQnHjb2F5vxSp8XkQlIbkSDJ9juc23eMlHHvfwvhvb6zHcN2rZkWspyBf3HDQ2diyXzouI5MqVVNzmJLIyHJycK/a9sWM53uo9mfP3nz+/FW6/sW1bxFHqUVZKbaXWgJU7zXacCPPxLz7EbY/cYXv/lV98aL3/25/9rq0PLxIN4F6KiGIvgXRrbNjS4Fh/kpVSWxELYUWaSMiJMOd/exILvrTc9v73v3rSev9HL9xv68OLRCPOQ8Xj3H+R/e2bb3MosshKqRERBrCXSRo9cRb1Kxbb3v/gaz+y3j/x/UdtfXiRaAB7mUnxOPdfZP/ijnqHmp2slJrWcAO0tDoLJ8JMDp1HddMC2/vXfviP1vv7dtxh68OLRAOYpGAZ2YXIwkIZJKO5sd633DM9h/SMUvkift6mCCOsnfC5kN+GArdSROQDdF3nZJmc7BdILiHYN8qE3js9zO02Cm0/4fub2owogE6BnEH8CH64NQo8n5YeeZ4RKOKpMCJIWQSVeCqMZ1iY/B3WRwxhvJAyr3UjtCRT8nMWCSUJm/2PxYCIcAG15YcjkTC+kw7R/pyV9RlIhhEJm2QYev/MjzPf8T9ntY1i0Qj+/PVk+rORz2XiiZSU7EKlkET7OzcBUcH+RHr4KHPDRIQBgGcPsGcwEQMiCZMIk37/+k8zpzs6M22j0TB6DwBAONNeQO9ASkp2oVJIiQRKUgVp3YZ2I7Y6zNRXnWuTo4lLVtxpK+WZuOQsTS6cpz5kmNBT0M/oiK1uLNv4NVoY6za0G+/39AWOfQ7uOYKHtt9vrT3y/vl6pcx+vvYJwCoxuLxNs+YpXPlS7Euaqynj+PXRufj0k4wK+Ju73oaCgoKCgoJC/igqAeah7RsNLi/tCMDSC5O0cMoTzuZx3tp5XlygsC1gpMfMp457vgGsSGIpRQApLsIua2nH1LgOWR16ShzTwilPOPPj4qIsnac+pAuo6THXPXi7ke3iq7XYdUerVRJAJoVNiWNaOOUJZ35cXJSl89SHDDTmyjtajWMfDuS8+NrRGrOUTsRFyfQqJHRdhw7Ykrd8YVNcqOTHxeQwgcbsHYhnJZnPQXWleZmQQtvfKkyc+SJHemyju3cg1NnRmpMPkklTWhMMy/+kF8oY+YX/pdcrYiFHEpj3xdvRsZP9+fnQfCZgsnIiuUzA8gH3D5ywIvM/nPzC/9Lr2qZ5aF5Va1Nd4H3xdtax43naz/wDJ6zI/A8nv/C/9PrmurmoX6Zh9JTu6J/+crLM/OowpjCZl/0isY4fo2ebrOHPL/9Lr6vDs2zS+/waToDjSi357qOfKfYvurXOet2+tga7d5urhCTrv3t3Eit3Ntjk+OubZjuSHe+8exkrf0c+hqztfffOcSSbeGk3ssONnEPQlmT8+/I2zVq8IVn/nr0jWLEzapPjp+Q577vv8IQtkc4ha0vlU7gP5aXd+CKSFxYszKy0NrY0om/fx+Z9p2X9+/Z9jAe+1m6T459fF7aR7gCTYFfbJC+dJmvbvKrWkWzipd3IDjdyDqFqSXXGJy/TcPw908e13GOOd/y9cSz4cgwrbl9m2v/RKdxcN9eRrDl37CIWbJSPIWu7cOU8i/BCSajRU7ptXO7bvEDqc+m4w1y8bo1Zv+fVjfVojYQtFThSkOOxBbWTQdZWVv6R4pW0VL4VawQFV7bTWLm1mWI/AIOIs7SIzWMBTtjlkt5i7COqvdhiG0aW5X2JzzLN/yb0VGApb1KjqtHCiH8wbM3nxHkXlyInojGPfUS1F36MK9/ZCMXCvIwSCOs23GEEJcGse/B2Y0HdQlTVajh13EwWi+ViOQm4qlbD1LjuiH1EtRd+jCvf8b7EeRnN/7KZh11JXjJmR+ZiTvUsTJ0x4w+xXCwnAc+pnmWVbeOxj6j2wo9x5Tvelzgvo/lfWiErZyl4scwYxQP8OeYxhqxsIj/GyybyvjiplvyfrusYHJnIRsreUqMiP1rJ9ovkF8BdbYViH47bHrkDH6cJL5wIQ/j9r/5cetwNfYcn0Hd4wiqF9NqRhExpzroXWSlKN7UVin1ssceXluP8b09ar0X8l2fflh53w8l+HSf7M6WQ3nn3skh6sdkvK0fkprZCsY9tjrliMUZPnLVei3j1e29Ij7th+Pgwho8PW2SbE4fGRdKLzX5ZKUcPtRWHal110wJMDp23Xjv+v17+UHrcDeOfTmH80ymrFNK5YxdF0ovNftn6ixehxK08WXfvAPg6R5r8EhocHnUoxrj1TaWQBpEpJWRtqLK3scYqgP3cN9hsTY8rEmQ8MTg8Ci/7xc+/U0LWaI16rGsJ6iERpJBEGMkUEJOQKv48ZbaxXeNCoNgUzhBEqBRSMpU5RgoxL+/PlA+KSDpzU1sBMkQUbksyBSRTYbRGnPZ/55Wkw1438st6mLbGkymrFFI8kbLsJ4WYv+nO2B+V2O+lttI7IIwdSQDJ9IcVjTvbd0fNNhwu9j+WiiCRMP+PqRRS70DKIuS8Hk4CYeCNV4ZD2FW83Me6De0Gn1NP6Cl5DiR9jHw+xw+/vRqAWWJvQk/ZznvNh4n8Us7x+bqCmcPIjgA8dWHa4Eq0bptiuP09e1Ou9pttgtk/OnQFh3vOopzjW+sCZhl6o+qW+aoMkoKCgoKCQoFQNALMQ9s3Gpw0Mpq4JCWr2EghQ/AMCvh5r3qVfLG0RgvnRILJNoCVEV5Em8RF3GIGkLQIawWU4zrm1zmTMHz3oJdqi3jejfhCY1mLQ3ULcyLBrLyj1ZgdyXxGlyevSskqfPegl2qLeN6N+EJjEWZH5uZEgiHyCy026rqOoXC9tRuPJ1mr03WNKfEhS76kD0jLBomLEjzR0tEaI8n/rOzv7h0wqA+ySZbYaY2EMRTO3X7Zggq3P91fLnVQbf7HTXmA+x9a2BQVXei1jPgiXWBkY6WTMznZn80EbDRxyb4zW9jZzHd6+/kf2QQsW/tF/+OmisD9DxFbREUXei0jvkgXMNlYufqfqTOTNv/jphjF/Q8RW0RFF3otI77IwMeaHZlLtuT8/PJnTNwNzEkjnJjGn0F6LRLvZIumYvkzen4Hh0dD2dSIp/JHlWJ/tiQ8InqIRBiZ/+GEXkC+g5mSRuSD7rt3jo38Qn5nRSyEbdsigYkvbqAFGpEII/M/nNBLNooJJLKbfFD72hob+YX7WaYe4Ut8cQMRTkQijMz/cEIvIN/BTEkj8kHNq2pt5BfyO7VN89C++bbAxBc3EOFEJMKIuLluLvSRL2w+48RHpyyiDD8GZJJHC1fOs5FfALMsgNZwA1ruqc2K+EIgpZTegTi+vvXuEMVBstJC/PmyxQhwKuLRMd5O0zQpAVhMCGdJHHG1a6bZXx+di/vunWMtup7s11GjhZkfmu2IY8hnyPwGPbd9h+FQpCOFvRWxOdi9O2nOldJqLCZhOHslPCrZRgSY+AfD0JZoDj/E4xjyGTK/QQnkk/0ZVT3eB5VH6tk7Av2MjvroMutz6DsM6Gey+/yrajU0r6rFqTQB99TxPiyoW+jwQ5k4RrN8hsxvUAJ5+HhGVY/3QeWR+vZ9jPNj57Cq7k7LTw0eRdZKeFTyjAgwU2cmMTsyF4s76qXxD2CWICGIpY0ogTz+6ZSlqsf7oPJIZ3tHcSV5CfPbw5b/GT2l562E1zsQR3NDjZVUJVjPqabZVA3EWIVih0FJ/EDPcFP4Rrx3ehiDIxPY2LHcmh8NQMu6JBJtDuitfPtD3/7hB8aOnVGs1BpwTB/BibjhSoDxU2/5mCm/5AuPsXgsHfrR9/qNL+9otZSuRoeuuBJg/NRbiAhTCLiNtbxNCzFCTOjnf7nH2PzEA6htCmN8yFTVdCPA+Km3EBGmEPAYy/b5H/rZaePWTc2W+txnY5dcCTB+6i1EhCkE3MaqXVQVYoSY0Hunhy0VFT5PkYGeUZHE4lZmlRFI4Df/EEsrcX8gUZvJy34PFCxR6zGWNcb39veHdmxqM54LhxGJZMoVuRFgnpeUziECCWCqv8gQCagYQgSXTWGgN+E8DtjJL9/b3x/agTbjuZhJhEmmyxW5EWD+fMBpfzScQjJt90BSfp0b4UUEEVzWA9jPxuKlkTj5hex/dpNJhEkkTbKJGwHGpvxC4LYlYnLDAtpPJZAeS0XQzT50XhrpjVeGS0ImEDfNytbkKDZd3qbZ1hv578+OnVFzwwk7T9fI+q2U8cmGbGLnu7euMYBpi3zCyemiQjWtHeRrPz9+uOeste5ZjvHFMfka7N1b1+DgHigijIKCgoKCQp4oqgKMmGT1KwvEgwC3mpSyxLNstx+3IdcyJEEDSH6vbsouXoovhQwgxUVYDllSWVyIdVN28VJ8cZPhJhtyLUMiqr7Iksp8EZWO8/f8WtlxWb+iDfksvnLZfL6LbyCZstRPhlKfW0QYIpHYFijTBBlSRREXKAaSKdsu4sGRCWsBlZJSudrOZfhligq8bTb20z3QbmqZDDfdY5YqEgZ/dm07nW0liuxEFVuJIZeSZW6kF7E/PibZkibBBFkgMrKdgIl+Reab3FS4spmABbGfJPeJ/MJ3J4slinjymPsVmW8Sj9kWJIX++JhkSxalAIwryUsg8gvfnSyWKOJJZ+5XZL5JPMYh9sfHBEwSzJXkpUCfPy2CWknU9LNIz5hsZzB/fmnR1Sa7nX6u3QgsYn98RzGRT9IkGLQ13OJpP+12rET707smQ27PrKhwAsChuASYZYzEsiKURKYEzItDzh99r13JMsjIL32HJ3CzNgsXLmR2bZLiAl+UISxv0xy7j0/EDUdZEUoiExlm9+5Lgezxgoz8QrZwRYZ1G+4wFiyMYvj4sCNx3NjS6Nh9PD6UcpQVoSQykWEOdztjFq7+EgQy8otpy02iooQB2EuoWZ+roBgFmGWMxFJFN9fNtSWQet865hjba1e19HdBQn5htjhIkWmlAIv8AgBf33p36MU9Bw1SwKPfexGiMorsNz9bMoisPSfnsGNGc0ONQ6HF5oeEeKVc9uu6juaGGj9FidDJft24796oRSbjKimyckjiM2yqKMjPOWKPNIlvRSxkKVf27B2xyCrpZzbwwu37PR+G1m24w2hfW2OVItKWaNDP6AAapOWQKM6iuEXc0crPidfyUk60c/Y3e07hrq0mCSb+wXBWJZDe/9VHoXUP3m40r3rAKkW0oG5heh50m7QcEs2VKG4xVRTk58RricRX2zQP58fOYUHdQhztOYRVG0wSzKnjfVmVQJodmRuaOjNp1C/TrFJE6RjEEaeIcyWKW0hFQXZOvHZ+ddhSh6HYa7hvFI3t5u/11JnJnEsgkf9JPzO4Z2mja5lYjcUapEIgOydey+c6gyMTaG6owVu9Jy0SSVrFJRv7Q70DcaN1fatViqjC7Q+9/FLCABLYsTNqkV+IDLMiFrJUYmTxEGBXgfGCWC6JgxRfjukjNjKfS7xm3c+3vt8W+tH3+g0A+PKOVpsSKPkFmuPJ4iHArgLjBbFcEgcpvpyIGzYynyQGEn1/aN+rvzYAYPMTD1jkFyLDmOS4sGs8BNhVYLwglkviIMWX8aGUjczn9/nf+dWloUM/O20AwK2bmq04hWIZim0Ak1gnUWOxqcB4QSyXxEGKL/rIFzYyn4jxT6ccn//g8KgxCJN4Jpuf0DFSoBRLIHV2tHISjEP1xW++B3grvkius5FgsrXf7//Uy1fARQ3GR/HFdayX0yQYJIDnwmGL/EJkmGgYiETMY+thJ3MQSAXGC8kUkERYqhIDAE+lr48jZSO8OJ7zTW0GJ8FY9iOF52IZ8guRYSLhjErMUxHgFYlr4yQeNyRSpsqNTCUGAJ7pND+4eCKJ/b3unX2js83gJJiX0yQYIIVnN2XIL0SGiUYzKjHPRiJ4ISm7AaYC44ZUGEhFnGowaXR0pMdNpPB6wt3/P/pUo1EqEgzF3BR/U3zM1Rk5qZvIE1xVbaXWANw7YpEozH/2TSJplUVHzqBc4/Oxss5bpNc+eT98LYB+k7n9InnVy/777p1js7++qcGx6a+c4/P/G7IhvQarMpYKCgoKCgoFwE3FHoATP0gFRdxB6JiMuyjFuKogsMSLbKxiBbCu9rsoxbgpxNC5QgWQHKTGQjLbU+POHYQiZOf44qvbOedY8tJL2YDUWEhmm0oTeSkouCnFuCnE0Dm3sfIBEUg0VipIJIjwnTfirmBb2Q+XBAotbJJcdnNDTah3IG70IlOCIFcQgYaXGxFtlNnPF02I4MPt59fSgiwlmprThBlO7MkGorz9aOKSLfnKpfwBJ4HFS6lK1l58Xd8026HGwhNQhZoAiraJJZLcfJKMQFPICRiRX7jP4clgLuUPOAksbv7Hrb34en5d2FrkJRsyCSh/EPmF+wG+o5lL+QNOAouXUpWsvfh6fnXYWuQlG3gCyg+UOOXPLCd/iDXWRV8jI4qIxDVxgVQko9ACJj3LPJF8rdrPnzHuI8j3HNNHbP5HJr1PSgpuEMsdiUQaAo3JFVf84hAea3AfQb5HJPi5+UlPdT6ByOwW19GY5IfovZcf5bEG9xHke8aHUjb/w30Qv052XPQz1EYk0hBoTPJD9J6XO/HyEZTw0Ue+sIgo58fj1jGt4QZp6QDzuLv9YrkjkUhj/T+mxyTCC713i6Mo0RwkluDPGf32y55/t1iHXyMSZsW+3Mbw8jtu11WC/QH9qAFkVJcoabtjZ9ThK2QbDdyeYRkJmD+7J+IGduyM4uWXElbde6bamVUJJO67YqsbEf9gGF/e0Sol7YjzzfroXN+NBuL8lO7lyzta8U8vDyC2utGm2pltCSQgoxa1rKUdp473YfMTDzh8hWyjwfy6sFStU0YC5nOy8aGL2PzEA9j36q+xrKXdptqZbQkk/uxXLanG1JlJ3Lqp2aGEJ9toML867LvRgB/jMdCtm5rxyf5BVC2ptql25lMCiXzTU+tbHWqTMqUmTqaVneMxBPkEikmeWt+KVw4MoKM1ZisplM33n55f6jut4olKt58k/8VY5UTcwIm4qWpH/1zKEnlCRn6pj87F139nie3YSq0BK3eaCSg/xRmOb32/TerbyI+R6t5990bdyhJ5QkZ+satysRgwTYbxU5zh+N1/u1Uaq4wPXbRUYeifS1ki77U8CfmlqlbD2s6FQgwVtsgwfoozHHd+dantPS+d9tlYRrVu4cp5bmWJPCEjv8ypnuVQ19MaboCWJsP4Kc5wcAKHqKBCx5rCN6IpTWLzIcFQ+SPrnAhS+RTLSNMYgKmiIo5TKPt9SCoyOMgvQewPiucF1RQSe0mkgETCVIXpjIbRCbNEDifC+BFIiPwilkKKAVgvEGdiCINW3V5B8A1oz3eEHWNaYydSiEXDiEXD+E7ULEvEiTBcBUYGIr+ISjaxSAqb1tvXCGPRCJ7pNF//tDv49//5x4TPP5H5m0ik0NEaRkdrGC8git6BlJ0I46fwkgqbBBlJKaSOVrv/jEbDiKa5NL29uW8AzBd8PV88PqGnLOKJGFfLSgqu1BrwDs7YfpvEMsGVND5fu8wF3GZrMyOL3znB3vydDm4/EVW4/eJmm3KNT2PwdY5s1o4VFBQUFBQU/HFDMTv3U0ORIVtijFufbooqhQpgXW3Mkhjj1ieNmU/gwwkpsuMyZEuMceuTxvQayw+ckCI7LrUxS2KMW580ptdYQTCU+tya4GuaKSUt1mvnC5KtkbBDipaXS+LveR+9A3F0tMZCHa2xkKZp6GiNhZ5a3xoiUkwuoMVPbr9bAobsorayBLXMfgLtvua16bkN2UKqziQka2ix0bH46JqYdrblffExZOMXYgLoGEfwidkkpqVEmPQYsvGzAfc59FpM1gBwJJuzSUzLiDA0hmz8bMB9Dr0WkzUAbEQYei8eczsuI8LQGLLxg4D8C19UpGeKP0tuUtduz6fsuIxIwhO1hNZI2FKHuNbtF30KvaYdybt3J6X+JQjcCHfkmyihRGPxBFM2ySYZuY4WuXr2jnjGYZ7xoBvhLu2bKKFEY/EEUzbJJhm5jnYk9+372JPg4gU3wh35Jkoo0Vg8wZRNsokTW+g1lSQ6/t64lPgSBGK5Iz6G1nCDlfCmsbjyjKhCI4OorMKPUxwixg5N4RvNhG0AoiuPH3h7StRSsoSXWZS1z3YcHvPMAPuNGi2M5W1aeqfhbIfPMBO6TkU8ehbpPH9WxUVyukZsLxKB77t3Dpa3aRRD+O5qJzWq2OpGtK+tsSvbMeUXmSIexVpiuVnZZgiLgCe0F4nA7WtrEFvdmC5Fe4e//enSj8ta2tG8qtY2Z+LKLzJFPJpjieVmxfb8GrG9SARuXlWLZS3tNhU8v+/P7MhcVC2pRv0yzTZn4sovMkU8mmOJ5WbF9vwasb1IBK5fpqFqSbVVCjIXv/finoPGxo7lNuUUGRmEnlGB+BG4vVg+sTo8C62RMDpaY2huqAn0/QdgNDfUoKM1htZIWFoqtgLtN0TyCwBbGSSxJNLja6KWYgvBTdkFcC+NJJJfOI7pI/juzhZs2xbxXEf50ff6DZH8AtgV90T1vfvunWMpthDclF0A99JIbqUxyZfu2GmqeJnqV+7fGZH8AsBWBkksibTizlqLpGL5OxdlF8C9NJJIfrHHSyk88LV2tG++zXPzwaGfnTZE8gtgV6wT1esWrpxnKbZY31cXZRfAvTSSW2lJipFWbY1icUe96+aDH//nPwAAg5cmEzf3uM1TxHJmHJ0drSFOMHErkdTqUZtnKPU57lnaiObGekd5pCLZbxtDIMiE8rHfCzs2tRnPS0oG8TJIYkmkzmjYQZiJeZAwSB1GNHc9wq4klzhSeAphrId7aSXL/g7neV4GSSyJFIuG8R2hzJCbsguQIdOIpZBE8ovN/kQSz3RGsakj7FpaybL/Med5XgZJLInU0RrGC+uF/5Sox1olqcMI9ovkF45EIoWODpMMk0pEyp5s4etonHDB41cvlVd+jl/D+/Jaqyv3+EFwcM+REG20o9/sCT0lLdlE8xCv32mv33OZqtvaDYtRzvHFzdD0d+rCNA7uOaLKHykoKCgoKBQAN5VyMK/dx4Uco5gBbLGZuPkGkF7w2n1cyDGKBVJDKCbyVXxxLLykrloJjLSUdWhwZMKgST3fbcMTsm7JWj9wwksvgI7WWKh3IG7kcw/cHq8ktFf9aE7qEa+3LWIxZZkcyS+hCT1lyOTuvcocEUR1GPGcDLwvUY2KJk5pvxFIInjqwrTBfQ399Spz5HdfdE56nCeTJBOwGi1Mk0Jf+0n+n/sa86/mWeaIIKrDiOdk4H2JalSkQnV+7FzQMgChK8lLBvc19NerzBFBVIcRz0ntZ32JalSkQpVegPW1n/sXm3KJoDolljATn3VZPXjZ8yr2xdWoaOf1xo7lJK0/Y+ynJDT5oCD2n+zXUd/UID3XvrbGT5a/INi9O+lZauhkv+4aY3z6yRjqo/IkyPI2zVOWv1CQ7cYSbSSFLBGnjvdhVd2d0nONLY1+svwFQd++j6Wlj7iNpJDl8G+fTrn6jvplmkVMKSaOvzcuLX3EbfSKkbxIMFSKhD93PDbgJSHF5zMoegfi4GMUCjLir5v94j1kY7+sDFM+MGOZ2QDsz2+NFraV+uDxgVs5Wv6ex0l9h814gUoOLW/TbGVD8prPWbFMI36z51Tm/2OJZvk5sSSSWzlam0Ioi5NO9uvQz+iIf2D2HVvd6KtSGhQUyyxDO472HLKOL6hbiOZVt9niGrHMrNd7HicNHx82E8xpsYtlLe1WSbd8YfmjJcBwXyahOTsy1/ITYkkkt3K0/D2Pk8Y/ncKV5CVMYdKcQy6pxvzqsKsvzGcuxn1EK1M84OdF8r0bGZ/ijMHhURs5tqM1ZpvH5APqo6M1hrd6T/I4qaLsf+1Iwlb6iHZBi8QX8RoRXqWQZAQZPpbsOP2t0ZJcUdfhmN5597LNH5Lv8kpokcIWh1cpJBlBxm2+ScfpL5WA05ZoWN6mhRxlKQ+N20ofUckjkfgiXuPwtx6lkGQEGT6W7Dj9JQXOdOzjuOFzxy7aSh8RyderbOO5Y875oFcpJBlBho8lO05/SYFzdmQuahdVhUT1GbE0q4xEIpurvHdaSkwJuRFeRCKLbK2IH6e/g+lr3ZRgcrVfAi+lKMNrXD/7+ecjth9IwFb6iEoetXpU1elOONdyY+GUK1lFRpCJe5BfYghbf6nfWDgFXv7Iap9WeDHtT1klj2JR9/XguMT+1kjKlawiI8jEE0nEohHX4/S3NZLAQDKM1kgKvPxRJu5O2UofUckjkfgiXmNDMpohuIj/B3SciDBpJZhEIoWo5DOi49bfaBKpRAThaBKlKn8kje/P6Lhr6zJpbEm/A6QUS79r9J7ayFUczbKdNVpjRY/vh7u3rpHO8yf0lLU2OXVh2lpnkf1+etkvW8+tb5qNwz3TGE1klP3LOb6YY/r0kzHrszm4BwoKCgoKCgp54qZyDu4mqe2VwM2mfdHtd5HUdiPhZNu+2HCT1HZTesm2fdHtd5HUdlN6ybZ9IdA7EAdYGSJSgaEFSTFpQslYcWGAn+PJXTF5+/Wtd9vGf3HPQSC7+vMAYNnolYzhtvJj4sKJrGY9J7m4JbLzgZjoHU1cspFTxCSxPQkkJ8aQrxEnPVTyiJImIskvW6lsvwmYWBIpY7e74hXdt5j8ATIlj6i0m9sELBuIid6pcR3z6xotcoqYJBaTQCLGhy5avkYkyVDJIyrtJpL8Th3vy9r+qTOTVikkwCSicHIKL4kEOJNAIj4bu2T5GpEkQyWPqLSbSPKbOjOZ9XNrLniFMZBMWcnb6jSpRNd1x6462TMqOyfzTVQyiFQLiPwCBCuNwtHcWI/BkQm81XvSKt9WavvFJDRPPGULmyJC+nde9B9epDtxgeqEB5dRjCPa19ZkXWZA5jcIlhKV4D+CxmBeZSx5/wS+MypXcNIckXNF/+FFuuNwK3ck9k9obGnMusyAY8GSKbVQnCImbdySOCLcyh2J/Vv/X8u0QMov+YCrE8gItFQ+kdrJiLTc95G/4eQ16jMoEUWMr3jsJiPByOwXyz8GsV+Mt3K1n0A152XPF/3GU1zj9rx6+wST5OJWqtWr7yCgmMr6bJZkPhtTEaHBRjb284c8FuT3SIllt5gpVwweHbfNjXg8ZCoi3GbFNdLn0WMexn0SSyxLY6acff8p3eYTeDxEiggU1wTxJ3zORbi5LpNYdouZCj0fo00B96RLeciIIbL3bmXL0uRYadyRq4IlAEcJWD7G4MgEKsj+UM/eESswEUkvbiQVXp6RrnntSAIf/8I5AJFfSDXmmD6C3buT2L07aZU74uDkl2P6CLZti1A5IUeg9a3vt4V+9L1+A1gGwEl6cYvPeHlGuuaddy/j/G+d9hP5hVRjTsQN9OwdQc/eEavckSzWo78btjTgn17WsbxNkwWKoaM9hwzAJP+KpBc3kgovz0jXnDg0LiXAEPmFVGPGh1Lo2/cx+vZ97FCSMf1S2EaCad98G/a9ek76+d/51aWhQz87bQBmTC+SXtziGyKh1C6qsq45d+yilABD5BdSjdFHvsDZ3lGc7R21yh3JYiX6u7ijHp/sH0Ttoirp5z84PGogPSdxKx/k+H1gZVZ5vOBSWsjo7h2wlSkaHB7F4PCoVS5IFsPQXyonC0jVZEpiP4BC2O/4/F/e3x/avH6N8Z00n04kvXBCDAeVQFoPUxEGMEkxcYnxRH55Kq0EE4dZQukAO2Zrz8gvcaRMFZi0rW72P58m04ikF06I4aASSE9FMtfEEyk8n3TaT+SXZzqj6XZJ7O9NYX9vyip3ZLOfkV/iiaSpArMfUvLLy/v7Q5vRZjwHKtknlEJihBgOKoH0bCSCF+JhxDYlkYwDyQEJaylNeGldb/Yz0B1N9w1Eo84btpFfEilEo0A8gbKQX9zi42t5/Hw3Css2uRzuMX+X1m5Y7LrGwpW9OfFEXDcR36/dsBiHe87i00/KP744djbl5xUUFBQUFBT8URICjIzk0Xd4wpGEtpK0bguvEiUHSj57LXIWI4DkMnh8TEpUewWFYnkUWZKnkEozpIIgLn6ISWhKTsvqz1M/opIDJZ/lbQsDUkEQFz/EJDQlp90WXmVKDpR8dmtbqMVWSub2DsSxsWN56K3ekzZZblqYpESvjEBCSgi2hZ20sszGjuVuO6+JBJMzKHFjLQ5pGgaHRx1JaG4/X7ywFrKYkgMd58ln2cJrNqVHOGQTPvIT/PnjSaJs/A8nxFCfovQ+tyXb51k2ASM/we+NJ4my8T+cEMNtlNnJJ2ChkPf6gWGYEztZQob8BPdFPEmUjf/hhBjqc2pcx5REJIF2Hwax//Z2c4FdlpAhP8F9EU8SZeN/OCGG+rw8eVXqd2j3YdDP/8U9B227f+k1ETk6GCGPJ1n48yuD+Pxy8holh3vTSWjBB5nqD431vvZ/lDD/A5sbamxEFPI59LpY9utC/7quo7mhBoMjExgcmZDaf9cjazwXNwqJbFUVvNRg6F7W3tvuiMOKhWzJyl5qMG72e5FU8kW2qgpeajBkP/kc6zvnQVLJF9mWT/JSg+HPAvl9L3ByiizGIH8l7kDmMcRAMhV4nI7WmDTpK9r+QvcB27kgYxTTflm/skS0zBdteer+0ISeMvjvPJ9r8DjGy09xsp0X8U5G8BN9CFOUCwX4/QqZpYbMskk8nhLLwnr5KU628yLeyQh+4vxxQk9BP6Pj/Z4Pg9mfLjVUVavZCChiWVgvP8XJdl7EOxnBj2IpHjeRAl6A+Cd0JXnJoJiEE1DEsrBuinaASWzhZSLd2vLjPK7i416evIoryUuoWlLta79bPOpFjJUddys169WHG3mNzWECKRAOjkwY1J9IwLPimMq136YGw1+LEEsgASZ55vGf/S4A4AcvHcfHv/gQf/TC/Q4CzUqtQUp8IVDyyW33tRe4Ggx/LWKHhLhy371zcN+99wMAXn4pgfO/PYnHvnOfvNTuTnd5CvKrucSSXA2GvxYhI66suLMWK+58FADw67/rw+iJs3jw65sdBJraprD0+oxfStn+ZgOuBsNfi1glIa4sXDkPC1eaZKmjexKYHDqPlf9ipSPu0RpukBJfxBgsl1jMTU1FxD0uxI+mpY0GACqJGGpurDekpV49SijRcy0+927KMjPF/iDgajD8tQhZ2aTOaBjEB3kunkIqHMFjSCImkFxiCCPmYQMpw7gpxHiBq8Hw1yK+0yovm/TT9P0+1wukEMYz61OIRaNCu4iU+JKxIWn7m926Z0YNhr8W8cL6KJ7tBl5IArFN5jiRGBCJmWSX+AEAySii6xOICJ9Ba6fZfqA7gt79EXNdY1PG1kRaHSeRKK5ie7Z5BB53+s2Fg/528RjWi+xS7vELgc4nbi3aukTnE7ei+9VPKnp8BQUFBQUFhfxRUgUYmwR14pIjIc3rsMuUXngb8TVPQBdLUYUCSEoWiwlpa2HWRelFDEL5a56ALlYASQuvlCwWE9J03k3pJdPG3p73KSPbFAq08ErJYjEhTefdlF54G/E1T0AXsAxSCAAnwYR6B+JWIlpMSNPCpptSitVGWAhNy2MbAEJtggIMAIcqTDagJDQnpVSHZwGShDS3300ZRmY/KS+IterF3daF9EP0jNqUDFwUUiyflPYxbuWOSjmRJj/B/Qwdc/M/5GPcyh2VCkRUIcUWfpySRjL/Qz6GCDJiuaNSgfsJ7mfomJv/IR/jVu6o0OB+ZJARU0iRhaTuxWddpsrEyxERwYSXC6Ln2I2s9vWtd4f6Ry7k5H+ob+5ndOY3Cmm/OG42qNHC6Nk7gg1bMokZTvQlv2HGPTU237Ii5tx1TDGPLAEjJmZkpY9EknHP3hHP2KLqlvk43HPWtsOJE315DWyKASy/KfGX5BdlJByZbSLZRSQZH+4561r+CDCJbkd7DmHVhkwZJE70JZ9ixj2NNt8iElu4ekLzKmcCafDouO24rPSRSDI+2nPItfwRxSBne0exuCND4Bo9pVskFFKNMlVZMp/LZ2OXoDU4d01TclmWQBITS7LSR3xsADjbO5p3bMTJKeJzK/osmR+TXQPApjrlNo7Yxq9P2THyIaKvyNf+IGNn4ZOsMpCiUpNsTpV5pk3CGangUdKW+yJnO/liLh8ji/KPAID3ez4Mrdtwh1GjNTrKPsrmVAAQ/8Ccy8RWNzo2SnBfJGvnsF8Yk8gvge1nZSDFso+yORWQUalb1tJuHSefxH2RrJ0Iccwsyj8CAGZH5lplIMWyj7I5FZBRqataUm0dJ3/FlVxk7Rz2C2MS+SXfeIhtSHB9LvlxngT2e64HRyasZ1Us1ciUqQI/v4MjE4YmKfvoNj7dEyf9yeyXtRMhsz/A82upwGzY0mArb8QVYNzUYGRoX1uDbdvuD3ydV8LOTf2FkFGBAe7ausxW3ogrwARV6yMfuWHLfYGv8yK7/NPLA/jW99tCsrJL9PmbKjDAqg132sobcQUYNzUYGRpbGtG++bbA13mRXfa9+mvPzz+jAgM0ttfbyhtxBZiganeAqQxDsVSQ67zILp/sH8SdX10akpVdsp7Z4VEDMBVR+NpHUEKJiPQGIyPodV5kEVJP+fF//gPrWOff//KasX/fgSOhzevXGADwnbBJfCFwBRg3NRgZng2HEUfSjBvSai5ueCWt8uJ6PhXGvgNHXL//+w4cCW2Gaf/zsZStvBFXgHFTg5HhuWgKiXT461bqiMOL7PLCfnjbn1aBAYDnWu3ljbgCDL1+tts8F9vkPmYkCoRbzf/IZMJ8L0IkwkRbE/J7641gn0R9p1h4v6cvtG5Du0HKgkSivmvrMkeMLPr/bEuw0zrkXVuXpcuEaraSeeUY3/KpZ3S839OX7ecemrowbdBcf+rCtOe8n2wWlVj4b7ZXW9k6CB+z1OOLYwYtP6+goKCgoKAQDEUjwLy5663QQ9s3GpZsvlCPnZNeZAubPInrtfApqqmI/U3oKby5662sgwdZAAtkyC6c9CImkEUii+w8gSekZCoMOQaQ1iIsJVw4+YX/JdKKLfhiCWp+LT9vBYuM7MJJMIRsF1+txawPB0Ir72g1SImBk1/4X5lqgkhkkZ0n8ISOTIXhSvISjn04kEvwGRIWHHlyxlaaqHcgbjQ31EgTvLIErSxh29EaQ+9A3Hhxz8FQPoQXcRGWpLHFevLV4Vm2kiSifbqHvSLxhS/WEgnGWvgw5bmznkBN6CmDP39EFhEJdBbphch36feisgpvQ+dkCRROKhGe/2zuQToBFJVkuJ+h4/Sel4AS29A5GfGFjuczARN9D0n0k3+Q+Rk6TiQYKmnEj1EbOicjvtBxXhYg1wQQ+R6S6Cf/IPMzdJzeU0kjfoza0DkZ8YWO87IA6dchUoEJ8v0RVafE5DBgJ8KIyVWu8CQqNNF7Nz/04p6DhphoDpr8aWu4BW8JvodINc1pfyPzM4WynxSpeFkA8kEeSlShTz8ZMxbdWmf5By/IShOdiMsJv4B8F/Jo4hJ2775k61MGmS3pkmahTKxjJpwp1vErOyQrTTQ6NNc1RpOp/U3oKfTsTdn6lEFmi6jGQPYvWBi1/IMXZKWJxofkhF/ASXYhn9S3T7f1KYPMlvPnEqKaRGjqzKRRtaTa/Ox8yg7JShPpI/bPnysryHZRT0+mcPy9lK1PGWS2pJPYeS3I+ZE5gpTeoD4GJapT2YAIyqQ65QeZv8nHftEHebUJqMZg8HmFbMGVYgRxHiJTtuTPIm8nm8PIxkzHFEbQ7wz3RYBcwUVbollkFnoPmASX2Gr5sxj/YNjWTrzW9oyxMbUlGtZtuMMISoLhsQ8gV3BZULfQVpqR2p863odlLXJlBV5WUnYtBx9zQd1CrHvwdiNoDMRjH0Cu4DI7MtdWmpHaT52ZBPkxmd/g7cRrOfiY6bGMPEgwod4B+wMgI8hlC5rbEbmFx1yi8lOWKpwGL0kkK5vW3FBjjU/vySa3e+odiNvaiddy8DHTCnhBnt8QAPTsHTE4CfhE3MCJuJmYlKnBiOSWY/qITQGFEklEcBGJMDLiC8VM77x72XO+w/Gt77eFAOBH3+s3KFFIsdjokPlaRkaWlbS0NmyxzRRuCUZZMoxipr7DEza/FeTzP9pzyOAk4PGhi5YvkKnBiOSW8aGU1Z6XhySCi0iEkRFfKGYaPDpu+S1S4XTDnV9dGgKAQz87bTS219timc/SVXhlZF5ZSUjyHbzcLBFcRCKMjPhC5N/RU7qjHK7f5z84PGq4lWiVkUBk5a5lcOtD1p42AbD1mdAMt98XRNDYvH6N8R32FU2kgIRLeSTASYpJJs1rgEwpIyCj5iISYej4AcAiwSQARNN/96fCiARQgrHsxxrj+RgjwKSAZEJeHsm0106KSSZTIKHBaDyFRIzUZJLpPiJ2+yXEl3g8iVgsgng8ie54BEE4N0Qw2Yw247lW9vknMkosHa0m+YUTX0RySzIB0MeVSgLhCDsOJxEmmQCiHUlEomZppGhrwiLaJJIppOJRhBEpa6LFrcymDDKyZFAlMJH4Uinj5xKzTV2YNpUU02ufNVoY3a9+gs4nbrX9rmZL2BHnJ9RX96ufgNZw2Lpn2ceHIr8oKCgoKCgUFDeV2wCeSHYowQgJZvF8sZResgFfWBEJL+KCi3i+nHVBCTyRLBJexASzeL5YSi/ZgCeSRcKLmGAWzxdQ6cUVREahBVBGTrGCWkrA8HIfgJM4Yu3MSxNHeJ3kXGT7A0/ehJ3IfDcQqcGI9vnZb3vvMma+EygqBSAqpcj8jIwEI/NRbu9lfok9/zkRqMQJoJsfcSPByHyU23uZX8pnAkYkGAAW+cXNj4gEF1FFSiS7yN7L/BItuOZCwKtaUh2aOjNpALDIL25+xI0EI/NRbu9lfokIL1VLqkPZqsSQT0n7HLfyaBYRhkgwMlKImPAViSi8BFF6bAcJhvzeswHtTxNOjPRrq868Td2F+RmqEU928gVcVj/e9l5mf1P4RoCIM0S8CUbAC336yZhRdct827PFk8l80WTbtohtkYQTVWRxzTvvXrb5HCKUiAQXsSybSCARyS/W85omkdw0f5at3jRfkOF+kRJcojKEW1zTd3hC+rk4iDRCWba0vbaFPFkiesHCaOj8uYSBObAlWngymStLZXY2m4keTlSRxTWDR8dtPocILyLBRSzLxhPVgEl+WbAwGnLzN7Mjc22+gZd55MmclnvMRBYlbzhRRVaC7dyxizbFBSK8iAQXPoasPGQ6wR3iCexsQL5G9Bm5kEEAeyJX5t+I5MdxcHDE1d8ETYiTf8nXfvFz4BDjQPJJPmQ869mnZK3bQqzb/COjxOk85nctgRbRV8Tm4ER8to3sFnReRT7OTWnGbZGdK3GKx/yuFf2oSYSZi9+cyS4erarVLNKcW/kiNzUoUtkUyxgFuZZAiWuTCBP2TT7L5lXkI9zKF7klhbkSp3jM71rRDxERZjiZv8oiqb9QLOKmEtXcUAMI5YdkilMdrbHQ3c02MoYVc23sWI6m8I2k8hmiGMivhBOVY9M0Da3prKNbQllGXLH8hcT+INcSeBmloXC9FQuJ9m/7xsOOa5e3aejZO2KLEwi8JJKd6JLw9SWEIKUZiPxCypfSgC0Uwpan7nccj61uTO9kBzgRhuIw7lczRBd/X8Lvxw9EfpnQU66+KhQKYesTDzmOL2tpx9GeQwBgU8MD7CWRRKKLny/JvPf35UR+mRrXXX1VKBRCx30dsrkXhvvMeJ0TYSiOIRKMneji70usZyFAWSMiv1yevOrqq2Sff2dHKwCEunsHDHEewp8r8bnOptRPkLZByC9u3x9ebrZC7Hf9/A04n6VnIin8edJ85r8jPPq8JBInuiTc3Y+NBAPIyxqJ6i9RAOEwEE8BsXAqK/s7Y0k8Hzfnh5wIA9hLInGiS9Kj1A8nwZh9JH0/fyK/pBJhbAqn0CtRv3GzPxxL4McD5ofMiTAvxMNAPEN+4USXpHsYbyPBWNf5gMgv6+OmHQfKsDb9fk9f6KHt9xv6GR2x1Y2Y0FOuKtNBShK5tRXV8WOrG22kyXKOn8vmXf4Vq7plvsHWLbDo1jrX31M3xRWC23kiuy+6tc4ap+qW+TbVl3KNP3VhWpFfFBQUFBQUCoyiEmDe3PVW6CvffCQQdVhM+riVEKJzQcuO5KL+IgawQdqKiyzie68EtJ8NOdv/q49CnU8+HMh+MekjvvdKQPvZkKv9xz4cCK25f00g+0Uyi/jeKwHtZ0MutosqLG6qLGk1GGsRlib+tBDBFwQA++4ZIr0E2W2ci/0v7jloU2IQF0H4LkFOyKH31WzxRJTlFt/LEDTZ4zWBqtHChpdf4ce8CHUy/+RG0BOe84JMAN38Cj/mlZSS+Sc3gp71nOc5AZP5H1lyWVSlCuqf3Ah6hAV1C9H997/M2f408cTw8iv8mBehTuaf3Ah6hDTxJpTjs2sjwbiBJ6SrhcVO7nvEc5y8Rs89+S6vpHQ29nMSDPkdGWmOFmmbXeyXnSMSj3hPkp3WIfJFX996d2ACj3ThKF0qiCdzaCeQqJAiJn0pGcvByS+0Y1hWjqhQoPJpvH9avBFVI2S+UfSPnPxCyhO8RFuhQeXTeDKHlBJEBRexvMj8urBVeo3AyS9U7oiXaCs0pidTuLlurm0Hs9ZwA/SRLxwKLmLSmpLJtv8jRn6hHc80RjHAfQ3/3edkOgJPONNrsQ0pW8lILsyXhPj4bu3E8m1uZdE0Rj7O135ZP7JSSG6EGhcYVAbxnXe9YxnZxgNZKVaRGOu3EUFMCrN+fVUkSP1lQk+h77B3LCPbeEA7UPUzsCUAgMx7v40I4gYM6nfdhjv87U+rv0yN6xg86h3LyDYekFKCqGBH8YzX9aLv4mVrSQUG/mRmi4TnpkTlRtilZPGV5CWHgh3FM17Xcz/H/1K/aUJyzvGQX1zCSiQZogIc/XUjyImqnumStMjBXkuJagCaq6+S+Shd10mtBTL76b2Xkiifm3FyX1AVmOVtmnHfvXNw371m4nH37iQAu0IdL49UTEhIe1L7eUKq7/CE0b62xrKXiDw8vvEoQ1TweIvj5ZcSxvI2zfPzX9bSbjSvqkXzqgfM+9n3MQC7Qh0vj1RMSEh70s+fE1JGT+lG/TLNimfO9ppEDE4E9ihDVFCI87OjexJG7aKqkGxuMTg8SuQXAEBnR2sIALp7B1zVVEqNzo5W/NhlbsTKWRt8vicjwpTKfgn5xdf//G1nmxGLAM9HzGdnf9rVrGcEjoHSuB/sF5Z4d2xqM172KcPz+KY1xlOxCJ5N/8zsTzM3NjHVk3iiNCWrUwmmKoMUNq9fY3iVQQKAR5/RjGg0AkRNG3sPmH0cCIcRiZm/Bcl4cewd6I7Y3hP5xfz/T+LRx5Yab7x+uqSEAiKfiJviiIQiK8VOv0l+hAlRJd9eFr3RVu6znOPn/TtyYdraiGPZLxBwZMpsblgRC+Gddy/b+0jbT+N8+smYTQG7nOMrKCgoKCgoFBZ5E2DcdjQZhuG6KOGX4PBKUmez4BHETtdVKMN9UcJv96NXkjqbBY/87DdcFyX8lFu8ktTZLHgUw35RXUEGryR1NgsexbCfICPEUEJEJnntVs+dlznh9e0LbT8lZkiBwa2mMz8mI8jIQG1ku6mztV+2o0/mewqhIsVLronlknL9Ht31yBpP/1BIFSm3ZFexlKm47ymEihQvuSaWSyoGZGXV8lGR4iXXxHJJ+YISMl6lQWRqDDKiHX9G+XNKbfnzGyQpnY39HFTWiCteiUQcskdmv7hzkQg7dN9N4Rvx3ulh22IvJY8ClpULTV2YNrhqiknyyP77mA+Jhauy8GfZTf2FIJZCylxTl5NvzNn+tG8WF4Hc1F8yD9TnIVy+0SqFBKRLiqA9axtIxSUXUOKZlywBTPUXzPnc1f5bNzWHPtk/aPASIqICS1DkQ2Ih8gwv4waY6i+3bmoO+ZVoKgREBSofXxEK6FNCaWKg9DwvhVRK+70gqr9wFYtnAz5H9DySTyH/4Ebq9YoxZEp6os+ixfF8IW4aEGM3N1KvG/FFvEa8XlzML0S8w2MV8inkH9xIvW7EF/Ea8Xref9ANCkHnQ3OqZ1nKUkRMcSP1uhFfxGvE63n/2SreBfltDvo7LpaIFN8TegfiWB+Leo7H8Wwezz4vFyvbIEHviazCYxfuz7z8Eu+/AAqcADJKdzIiTFD0HZ7AiljE9Twvd0SJqEKRVEjBRkaECYqT/Trqmxo8748UX9yU/XIFKd3JiDBBMXx8GLVNt7me5+WOSPVq8GhhSDaLO8xYXEaECYrxT6c84yFe7shNGc8PzY31ODg4AkERCp0drSEZCSYb8HKuMvByQW6Kcpyc42a/bCNVswcRppT25woijuxPk0bWI7e4nkoa+Z1PALDEVgrAU2ldb3a2/0DKdj/ZYH8C8BI25OWOYmk/G48nAeS/DhRfn/4QBoBkIoxINPsPJZkIIxpxvy6RSMIk3cQRjUYQOxDBgVgCjltORlFqaEs0W5xMMWeQ+DiIUhjvR4zTJ3TNEaeXY/y8YugL01i7YbE1FsX4PXtTWN6mYTRxyRZTyIg7/D29rm+abZWyp404nOBfH12Mwz1nAaDs4ysoKCgoKCgUFiUpgSQmVWWJ6Fzg1U8hE7liTUtZIjrfz0Xsp0B1NAHAtpsQkCeicwpOPfoRx8wHfDchIE9E5wKvfsQxSwFx551IGuFljnoH4tjYsTzEdhrmrbwggpLQtJtQRoKhxdLqxnqbMgzBLZFOMt3ivdPCK991ma/ygp+fCULKy+aaQiR/ZL4iqH/NxScHHSsfXxHEj+Tie7IZKx9fEcSP5OJ7shkr2+c3G78jW3wkEhtfnOQqVW4LlUGT0kH8DwBbCSORHMgXWOmcjPDCj8kWZakdHyubz1GGGi3sWOAQF5l44sPmRyhRLSHD0OKJzNd4jZctqm6Zb5PlldlI6i1uflDmJ4mcI/M1XuNliwV1C60yRLJ4ZHzooqXeIoIS1TIyzPDxYVclPK/xssWc6lkWCUbmL/SRL2yJGw4issiSP6OndMyvDtvKlFificd4hQAnxrqpnviBiHbFjslkthXCfoqZZP4sz+SzVfqRfICsHJJMwlx8Vn03Kkj6oLJH77wrJZL4/n8RCY/ea0s0aTkkbpvbInyN5p3slfVBSlt9h804SGelj97v+TDkR2DmpR/JB8jKIXGfwtWmvAguImR9UNmjwaNmHMRLH73/q49CAYjkoSvJS5b9VP5RLIfEy6xxH+JFcHHYL+mDlKqo/MgVVvqoakl1CH3Fec75BgJKYkv8S6h3IB64TFquzy9XvWtuqJGWQ+LEXx6DZUO8k/VB87cBmGQaQX3T98tzsl8PjSbCBhFfCCIRhsDjHiJ9iCSQ+uhci9Ai7rQWyS9iqUhhXhPyi4na19aEevaOGGLpJpEIQ+BxD8VdYnnHGi3suDd+z5z8IpaKFMby/fxPHe8LTY0vNIj4Yt2XQIQh8LiHFO3E8o5VtZpFaCE/ZsXeAvlFLBUprAmF/GKi+mVa6GzvqEHEF4JIhCFwQgzFLXSMxzFEaBHjJJH8Qn5HBpn6S7YQ5xY2sr1AMmGqLI45mngNfeK6x3Pf3TsQzP8Mjxoyxcxi2C+SX3zId76f/+9394cefWyp8Z2w/TkXiTAETog5ADtJ5oDAYCHhGJFGwckvUZhlj3pTQERwNX7qLwDw2v4jocexxnhKqKkkEmHE+zLvTbxX8284mkI8bl4XE4iEIvmFyh5x8sv+lPnaT/0FAN74qR569LGlRlTgW0VbzfETA/YPhRNikmnFGTpG7xFJWCWqolG7/UR+4X9jiNrUXwDgQCSFN15/r+zlZGT5ilw2u9Q3zfYsw16p4+ey/uC23nqyX7d+l0WyDn/vpmbTvrYGPXtHpMqW9dG5tvWHco3Py1ErKCgoKCgoFAZFJ8C4JVrFQCmbJDS/1i3gyqbMkBfciChi39kkofm1bjaSlHe+cCOiiIsU2SSh+bVuix0k5Z0v3Igo4iJFNklofq3bYgdJeZcI1sKqmFAW1VGAzGLtZOoqOlrNyJpKneSTrHWDKJ3N7aHFCk6KIchqRTuu9djFmEfpI8dzSX9lfkcsuyHzReIx8bnl/fIx88XUhWlrIlR1y3yp35m6MG3zPTJfJB4TJ1a8Xz5mofwP/ZX5nfNj52y+R+aLxGOib+H98jEL5X/or8zvXElesvkemS8Sj4m+hffLxyxWEjrtKyylFtH3yF7zRUoi2xVC7SUIiITHF1UBc5F1cGQCzWkCnpsvEo+Rb+H9iGNli9/84sj2ux5Z43jW7CTXGlFyXx7jCCoKskUqcfeRVxxCz3faxl3SH6FQaPvae9ut519chDL9gWZLmPMyRjK/Ki6QiTaJxBlxbNFfhUKh7YZhSO0/vK9/+9p72x0xD1dUaGxptJLQgL2MEYddRUGTkmCmxnUHccYt3jJ90Y04vK9/+9YnFkrt/8e//sX229tbHL5CJOkKJQOk9n82dsmWmJaRYKYnU46EkFscRWP/41//Yvvd/+JLu/LyNyyB7EX2KPRuYLf4iO/a7h2IWzGIaCP5Ck5E9iK/eNmvaRoGh0cx6RL/iMfIL5H6i188ufeVt7cDwJan7u8iH3EibtieXSq/lg94H2bfZom3+qbZONmvY+8rbz+dtiPwdyZNNNkOAGvR3rW8bZmrTxRLxWUL3oeNBBOdi/gHwzj8bt/TAODmc6T2m0QT0/7N6CIfMT500UZ2ofJr+YD3wUkw8+vCOHX8HA7v68/a/tmRuaHed3q3A8Dt7S1dlFCW+RSx1Fq24H1wEsz86jCmzkzio77jTwNArj7H67nnc69cYqZizgdZLGJwcq+MnJwPRDIfHasOz0KvGSNlnTSc0FOh3buTBpAhvhBBRSTGABlSjEiS4cQ96oMru9Dzunu3/a+bTUHt37ClIdSzd8RIv7bitPa1NRCJMUCGFCOSZDhxj/rg8R7FRz177X89bAo65wr17YMBZIgvRFARiTFAhhQjkmQ4cY/64MouFB/17bP/dbMp6Oe/uKM+dLZ31Ei/tuKc+mUaRGIMkCHFiCQZTtyjPni8RDENtRfJNRKbfG0/ODgCXdeliitp0n2oreEW2/Hu3gEDsJdN4u/pGCeSsLhE/FwNITYJ6boelPxi+Z/BYfPzJ99D8yeZkosX8UUk2Unst5F3gvhEP7zx+unQ4+vbDAB4LmY/51RQSUmII2mySDrk55yR/YkMEQYA4i5/I2GAwsRIOBj5hUAkGAAgIgwRVIgIQ0gAGEiTYkSSTDiaShNewlYfprJL+s7TRJeBRMr2lyMb8gv//B99bKkBAESEIYIKEWFs95AmxThIMpFEmvASsfpIJDL2r49HEUMUiMP+V4BJfjldVvKLuH4obl4ZHboSmIgitpX167d+Werxc4TBbadYXVSqFO2RzWnEY3SNSD6xVCzTn83UhWmMJsJlGx8Byr4pKCgoKCgoZIebKtGoIAFcJSNIArqSESQBXckIkoCuZFBpIwnpxdEulwWCfBBkd7KsTBJPnnv1l0+5ALeFkwk9ZfgRRIKWRPLYXWj1ycgvhfg/CU1dmDZ4UliWJA5aEsmNlMP7ZOSXvO2nHdG2UiCSJHHQkkgeuwutPon88v6vPsrb/qol1aGpM5MGJ+HJSHlBSyK5Ee54n0R+qVpSXfRnmhI65Es6WmO2pC4nq2mahrd6T1rX8T7odRGSQ6HBkQlDlPUXMTg86lhwdfNNsuQ2LxdA5LvmhppQUBLeb35xZHv679N3PbKmiwgbvBxSjRa27fjxWlQSSb5uig1iQkXsm9RUyDayVSTBUML28Lt9T6+9t71Ln3aWD6m6ZT4O95yVK8F4EARlBEMCJ9DI/BonAVMyWkaC2fPqmzb7z58zl6l5OaQFdQtxtOeQlKAyPZaykVxEku/8ukZbWwIn0Mj8GtkB3GjZn7bVZv/B//nb7QDwUd/xp29vb+kighwvhzSnehbO9o5KfcxnY5dsJBeeqJ6eTNnO8aS1mBAS+546M2m9pmT0wf/52+23t7fkRYLxI5iJ6neFJMH4+RueEOd2kg8US5PISDB+9nv1ZfNrIxOWb/IqccnByS81WtgkjgxlzotqMIBczcVRMknShnY3mqovl21j1WhhbHnq/q69r7z99N5X3t4elARjkUfube/SlmhWmUmCqAYjxm1iLCeL7egY+V2SJOdjaUs0rEV71+F3+572It652r+5rWtB3UJMj6VsPkNUgwHkai5iySRZm/Ghi0z1Zdw21oK6hVi7GV2H9/VnZT8nv8yOzMX0ZMrmT0Q1GECu5iKWTJK1Ib9Fqi98rNmRubi9vaXro77jTx/8n7/dni8Jxgu8tJiH70K6hFpWpJk8YDQ31DgSx6IaDPkb0deIBDxZG67aOZBM2cZKx0E5JWAm9FRo7ytvb5/QTR8kI74QZGoxvJwRAE9lFzd8/IsPzefgS8uztn/DlobQf/w3P9+unzF9kIz4wto63ouqfl7KLm44/1sz1n7sO/dlbf/5sXOhw/v6t58fO9e1oG6hlPhi+VOJWgwvZwTAU9nFda58wizhELrlhqztX9xRH/rHv/7F9itJ0wfJiC+sreO9qIrnpeziOlcYOg8AWPkvVnra/3vb7wMA/Ldd70jjFFYGSdoPJ7rI3tPPiq7rRoD1kaDt/OwPAcBbvSeN5oYazxJGMrUYrhgqm3cFjcVydZyvHegPhRDankRHVwQpBxGGQyTFbIoC8aSd+AKY5Jd4DrZkQ36x7N9/xLQ/1dHVGklhU4e7/xRJMa3rw7ZyRgCYsktwHEAE4TDwxv7slVPeeP10KITQ9s7Oji5EEoh6lLATSTHR1lSmrFEaiUTSoeoSxH7TlvfKTn7xPC8hn/BjDsJJAOJ3kE3CpRo/H5CCpbg2YpWfZ7bx31w3+6kNvweRtMPHmrowXfbxFRQUFBQUFAqLohNg3tz1Vuih7RsNvgvaLRntSPoIC5h+ZY7EkkJv7nor/wRuT19o3YZ2g9eV50kh/l5M+ojljfzKHPH3+hkd7/f0FTwBLSZp+Hsx6SOWN/Irc8TfFyoBfezDgdDKO1oNXlfeLRktKruIO6f9yhzx91eSl3Dsw4GSTJxoYZUloW1S22K5I1J94Yu1VCqkCLAS0CSJzZNCvDwSl98VyyTJFkFkfQnnQoVQgYGkLICbD3HzNeIxrirD3xdi8UZm/9SFact+LzKMm68Rj3FVGf6+GPbLygK4+RA3XyMe46oy/D0fMx+bua+YHZnrKAvg5kPcfI2kTynphY9ZqFJIAX1QKO1HjI7WmKOcGh3zKztSjLIkaT8gTUpzH8J9kGwhmqu8MJKL7T0jwuR8H0Q0AQA8sqZLJMHkogzFF5wkpUUcfg0wyS82WwKCiBqAqcAgkmByWZQRFbJkfcjIL9yWnOy/F10iCcZdGco9acAT2GJpEZlfA0zySy72E9EEAG5HS5dIgsnFL/Bk9fRkStqHjPzCbSkk+O+6SLrzQ54lgnxB8VU63jFyJcF42U9teV8y8ktzQ00oX1KwKFVuV2zxJ8SIC96c8JL+tZKOVShwX0eEHj6WHyFG3O3KCS9eYxUKPG6pqtUcii1+hJj5dWGHcgwRXrzGKhS4r5hTPcuh2OJHiBFLrXHCi9dY5Zh7BUGhS81m4+80TXMotvgRYsSNB5zwUizfSiS8va+8/fSWp+7vouMyYotXWaOg/oTPxT7+xYc4+kki87v1SWJ7NgpUAPAf/83PM4RatHcBdiUYgqx8ZZByRo7Pna39nP/tSZv9R//Nz7f/h//v72Zl/+F9/dvTf59euxldgF0JxvqNEd7zY9mQXvhcbPTEWRz5wBY3bF+7uS0r+//xr39hIwRbvy8SYotXWaOg/oTPxSaHzuPUqXOW/af++tz2f/m/PuJr/+9tvw//bdc70JEpN9TZ0WpTXxkcHoWoAJPNOgCRW7i6C1eb6e4doONGts8zt9+x/iMowRDE9/xYNqQXYS0o7zlkCCYJdf+B3qc3re/oQrqckUhskRFd6Fg8CezPIhxIsrJHP90/8DS3xYCxK1f7sb6jaxPZJiG2eJU1ypBegpNfDiCC7v0HCmJ/d3fv052dHV1AEgCkxBavskZEepEpu3BQCapC2V8IrNvQbsRWh103v1okCqY8SHGsSPqWnRfjXNnvYfyDYQBa2cZft6HdyCePYSOtC+VPRfvFeYBtzSRNQqHfZbF/K9fEyCr10bn49BNUzPgKCgoKCgoKhUFJFGD4IoiYfL7QP4qae5dIr/Nb/LjQPwq01UuT0HtfeftpFCjkzSyCwEFYMS5e9VyU8YJx8apt4YOXPcolceKxGJJeBHEmn40LXwB18uv8Fj+MC1/gPORJaJLeLgT4IoiYfE59Ni0tkQT4L6amPjOTcLIkdLESP77zRlgLrHyXYSitvMDP26T7i1H6iMAT0KISA53jSWgL6cSNbBGEEVysfnnZo3wS0BL/sx3A01u33N1VW6dhRL9o8yFu/scP5H8IDcY8jI/p2LP34NMAsl50dUNaXcKy/+MLGSnsqyOfARJFhiC4OvIZptj727QGm/1upVKy/lKbO6It+wdGB20+xM3/+IH8D6G1vtmyP5sdz35I74h+es3qlq76ugjOjiRtPsTN//iB/A9hcUMEo2NJWjze3nFfR0kWbUQ1lxf3HDREIovsmBte3HOwYP6IElTNDTUhWujlKjMyRYkgi66DIxOOcgZ0f7RgnW4T9Pn0xaefjGHRrXWOGIj+ykizfjGFjPTCCTc+Nu9iz6cvKFYRCXj0lxPq3Egy4nEZ6UVWctLFp2Rl//lzCSxYGHXEQPRXJPBK+xCOy0gvnHATxP6P+o4Hsn/qzCSqllQ7yq3RXxnp1y8mkpFeOOHGIyZzqNjk6nOIdEfPrkhgE1Wo6Nktki+0yMSiSg0n+9q+s4KilJ/9MqUXcQy6Tx7vZRvnicln2fyKFl69yiOtiIUwOsQXdGdbNe3FTQuif6ISSPnOu1hQafOFXIbcrTxSfdNsx4I+LTKLmxbEsrP5zMP4vEt2D3yTgVd5pNqmeQ4VmdqmeWyOlulP9E/5zMPE5LPMl5D/8CqPdHOdU0WGFKnETQtiachSzsOCPFvU5sU9B0uxOcJG/JXNq4gc51UeqSl8o0NFhtSpeBla2uAgm5PmMN8SfMD9XcvbNF/yC/mR3bsvoXH0IhoBvN17ypyfPHKHIxYS135E8gi3Keh8jMgvgg/oiq1u9CW/kF09e1PQRiagAThxxiReL/jSctdYh9Z+/nlkTGr/f/w3Pw9sP5FfBB/Qtayl3Zf8Qn6kb5+O2htuQu0NN6F/4LTpM1csdsRC4tqPceELkfxi2RSUBEPkF8EHdFUtqfYlv5AfOds7ioY5c4A5c3Dy9KcAgOqmBbZ2sg0Iqc+mbeQXblOQ+djvbb8P/+lHu21zoXQcERocHpWWRsoGnNziGqdnyDFZq1SJ9rP1J6OjNeZLfqHxdbnvMGSxDsVatCaU/yKafT6w/0Dv08+jo+uZSMqX/AKkSS8JAJEIEAaSrOxOROARcNJLJAzEU2GTtCKxKSgJQ2Y/0NHVGfMnv5j3FUa8N4VUOGpWD0qa9scCjC2SRwphf3d379Od6OhCNO5LfjEXRsJIxFOIploRjwD08a9H0taMk14S6fevF8D+QoBvmqXfBBlZhG/y9cp3OOJXD6VqHtNmcgpa2cY3STBZxxE21Ws3xRluPxFLREUVei0jnkjvlY1FqrdrNywu2/jpzY+qDJKCgoKCgkKhFlgMIz8l31BI/rtM/YrJCVqQvdA/irbWpQCA/oHTWJpOQnuVCuLnTr97xnb9LelEtLjgSklQNztdoy+D7g82+9feay7IGhevSsf3SuDwc+L9h+bNki64GgYlebKMHl0+/7Wb20z7L3xhG58WN2Qy/rIFj9ETZ+3233KDdME1989fbj8tyKY+m8bypYsAACdPf2otbsjKk8gWPCaHztuuD988X7rgmq/9QUFJF0HVxQAQKkQyOR/72SIOGGElJCxmSBUaxAUP1kZ6PT/OE9BB7d/y1P2ei7FPf7Wza3xMR21dOvEwpmN0LJmT/6mvi9j6qa3T0PWz7qcFe3YJ9njaf9cja2zvxeS6m/3kf2RlRKyFTXbuQv9oIPtFEsxvfnEkq++9+Py62Z+L/wliv0iC8fse3d7eYvMfVA6AsHXL3V2jY0nU15kLN6NjSUxMTefkf2qq5tv6qa+LEPnIAl90vZK8hI/6jl/TAYmb35T5R+F8Vv7HLYHOlbRkY7l8f7b7PNNdfEFD5l/cyiYCCFxOUVRWCaD+siuI/RTzAMBN82dJ/YvM75AtsuNuffzzdCZJFyD5nLX9mPO51L9Iyxelk8my42594PKNBbefJ6FnR+ZKSyC5lX0EELgcpJiADpB83pVrvCM+u6QCQxBVT0TluHwJMPw59rK9u3fAFtuIdnJ73eyXlXl064OTXfzKsmTri6gkEgfJe6+IhWyKC/XRuVZyWnacCDMyVU4f0otfEmK713Mszq24RDpXXKjRwlZyWnacbJepcvo8t7nbny6JxFFVq2F+XdhSdOGlICk5LTtOhBmZKqcP6SVn+6kkEsec6lmYXx22FF24z6HktOw4EWZkqpw+fqfkO7lLiRe6D3iGR2JsQ2UfSdGF/IqmaZYyjOw4EWZkqlPwSLY827ne9n7bNx62PUPifMvL/4g+hlRfbjw6Jr3+7d5TuO2ROxxEYSoVBEBKHhHstb4/u//ml9jy1P22EkYi+cXL/4g+hnZ33zAwIr3+xJlRLPjScofS7z+PjAW2n88n977yNrY+8ZCN9CaSX7z8j+hjSPVltj4lvZ7WiUSisHHhC6uNjPximz898ZBl/55X30THfR22EkYi+cXL/4g+hlRfIpdvkF5P60Si0i/fiCAjv7jNx3rf6XV8/gQikfDSqgCyJsBw9RjuB7j6i0sbKX78n/8A/PMPar/M//CSs4Lqi1dsZnDiS7akF9F+A8J6A9zJ8JvWm+WQCI9FMgQYm+pLOCK9nogwkbCd+BJPZXyajPxiu3lGwgghlL39LHxbH80QYLjqy0DKhYCfTCIGs4xTjB2mUkEApOSRQtnf2dnRhXAycyCSIcBw1ZdoUv6MJJImCYYTX4j0kov9KGIRw3Ub7jBiqxsd83iRFCHCTVnFS3FFJFuI6wbxD4ahLdHKOv77PR8Gesbv3rrW4GsGZLOsRJAbKUZ2b273K+uPlziie6G1jLUbFpd1/IN7DisijIKCgoKCQp64qdQD0uLomtUtXc1aDQb1CdTXRXD63TOZRulkrrgb+kL/KC5Q0JBOHDZrNehHfjsNswEtjor2j/aP2hZRAdgWOQCTNHMh3U60v5CKL572pxdHHfan6zUDsFQVxN3QxoUvMHrhrNz+Aiq+eIEWR5ctW9hVe3M1xj+bRE3VfEyk6zVz8EUOwCTN0GJHTZUZYNfeXI2TKPxOw2wJJ9YCo9CN5FjJIeyKDgmLpbLj0qmlhPTidr01bqHR9bPup7duuburWbMvJJP/uaWt3jUZrZ/RcaH/qvX9r63TQP2Mj+kO8kUx4GY/+Z9ZDTe7JqP/efoqLoyMVqb9mXrx7snoyzda7cpl/569B59es7qlq/bmtEpCWmyD/E/45vlSEsyV5CWEq2chmW5H5BfqZxRJB/lFwe6DfM5bJZy8yqZ5Jc4LqVzDwYkodz2ypsuNYCciaDv+jOdS8ihozAOkySQBFdyrslSm+ufpq0WJgxz2B4QbEc8Vl28siv22kkjtLV0y8ooMQdtxH1UO5btsVJy4MkopICZoegfihhvBjiOXUiK9A3F0tMZC2ZRTygekOgVopsKLQGbhJZGs3+nEJbzzrvn6ZL+ek58qFPQzOvQzANAoJbPIFqgn9BT6DpuvTXl4BFKcKgZIdWoZ2qVkFl4SyfLx4zoGj5qvTx3vy81PFQhXkpfMudUSeVk1XhLJcpGTV63SR1NnJm3zNIXsfdPgyAQ6WmNSMgsvicT90kBaMYjIdkH8WSHiFL5Gs+0bD3eR0guBVF/ccH/HMrz9iw/TaxQZ+JFG/NCzdyR4HJH2fVueur+LlF4y/ZiqL25YsaQeJ9JknfNZkF6yi1P6fdZ+zPNbn3ioi5ReCKT64oa21qWWGgytAwH+pBc/nO0dzToO6rivo4uUXng/DXPmuF6/fOkiSw0mG9JLLnEiETWe+/d/ZTvOSyPJEJTMQs96NuSXAtjP504GU3oxbXK2kS6NcX+Tr+/JBpyc8tj61q7Xk4BNVCQJRGSKJGlEohEkkkA8ZT7zVEHOj/RSFPs3dXQdSERwIGFZhwMJIBLxUJ+MRLA/kS4FBSAcNv22H2mkUOjuztjf+VisC8kIMuI65uso3Ali0QhwIOn8/ymV/bnG2PQbyVVevRRA3JRa3BRaRLKEOFYljJ8NOPmF+lneptnierFEK4/3vZRuZO3F1/XRuba5zYSespV+Lvf4CgoKCgoKCvnhpnINXF8XweGTcWsHP6mJECljfEzH6X57svauezowqJsLDONj6VJBJ+MWGaPS7B/tdyabZ5T9YrK5pXLsr6maj/4zZ6yxSc2FSDGjY0krKZ1JNi/B+GfmouvomDnz6j9zxiLDKLBVilB+G6wLYUMuxJ83d71lN+QVpym1dRoG9Qk0azVo1mowPqZn1Iz6T5sLfe+etl3T1roUFy5mVJvGx3SLfDGoT1jPUS72cBzcc9j3/8HT/oG0/f1O+/tHTmdtfxB7skUg+wck9g9kb3+2OPbhgO/91tdFMP7ZJGpvrkbtzdUYRdKmJsUXWgl0jNqNjiUt8sv4Z5OuPvTI20cK/vlfw37H1/c8WwSfkw1+84sjTyOtCEOlirhyi9+Ckaztp5+MZfouMmTlIIlcN4VpX9KLrG0xyj562n9vuhxkulQRkeu81KcIsrbnzyVKZv9Hfcefvh2mIgyVKuLKLX6kF1lbSkSXqeyjBb4z2A1pRZSSOUFWgg2ApcpiKwdJyi1u6jAcsrZE6OloNesKUWKbxi8Uzv/2JMDKcLRe/RwDs26Uqrhw0OK2VW6ItW+9+jkGWHuuxlBo/PPImC3hdk9jNd4bnpSquIilkrjqAm9/T2M13mNlj7gaQ6EhK9k4MDooVXFJf1vM5zNd2oj8DW9PffAxigVZycazI0mpiovM5xDRhbenPtzGULD5opCs/KOLioujtJGsTK1Ln4Ft+oe/+QULvIKVIgSAgROJP70pfv5P7u9YBgAYoeSOT/ywYkm97T2VFwqK3X/zS6sURgghvPnKWznZP3w++ac3xc//CdnTkLbbj0pD90ug8k5BsfeVt232d7/6y5zsP3th5E/njF35Ez6fAgD4zKPEeQqtowTFnlfftNl/5J0jOdl/Zc7nf5o6feFP+HzKDGrm+K4b2X7rprLzN73v9Nrs3/Pqmz7321aUaVKhOsrD/oqbiGbz/XlnePybdy699SfEd0mmgl0XDmeII6lUbja6leLJyv7T53KyPyLUcMr2Hgpl/7FTxv+28pbG/8Nhf9j/8y+W/YWGl4KrqxpIlsQUt5idk0dkbcs5fhDwz4zPOyylGVbe1GajizqL7DiVSbURUdJjkP38Xmy/e2UeX0FBQUFBQSF3lI0As2fvwae3brm7ixKdIkGktk5zJDUpaTqoT2B0LOlaNkLZf+3bf+SD40+vWd3SRYlmUlMggkt9XcSxWENJ6/HPJjExNY2JqWnUVM3PeweTwsxC18+6n376q51d9F2XofOeDsd3XwQ/Vgr1EWV/ZdhPvpN8jQzrV97u8D0i+DGl/jJzcdcja3aJpcq88Pn4BNa3xPDbT+zJ1iA7fKjN1IVp6/WimzQMjsRzsRmAWSZMLFXmhdDlz7C+JYb34vbkExFbvEAljv55+ir0aTPpEovUZ21/2uac7KfylQNniaSWLluUJrZ44jJrmya+xCL1OH3uXM72397esuujvuOB7afyj2fPJG3HxcSzDNTGUm8A0LpkIXoHsiutlra5YM8QV3CqtOdbKEvpsJUSzkRs8QKpLvBSR6w/x3iFBlcoGAEARjiiRVaR1DKhp2zH+OL0yIVp8FnC+SL/Xyybc4NtbA4i0mVILRkFTk504YovIxembX2eKLL9C26ozvz+j8mJLyKp5fzYOdsxTtIbH9NtfY4iWVT752QqvDmS3+RPRFLLleQl2zGu+DI6lrT1qZb5g/lJGRhpzkZqoZJxdEwkGZaSUGgtPDHyC2ASSEZy2OGcJqB05auikov9nIwzcmHaIsFkg/RnUHL7OfmF1ntEfxQE9XURrFnd0lXqNRROfiE7siXjACYhZtmyhV35qsAozCxw8giQKWuUDYiM0blpfVepVUgKYT/dQzns5+SXmWh/LigFkcFrA025xw+6vDB1YdrgttJfTsBxLeEkqLOI56THeXklQc2GiP9TF6axdsPiso6PCiQdKigoKCgozEQUnQDjlZzgSb/6uoglTT8+pjsms6RCQuokQSbchpE/09swsCsUQpnsxy71+bvbz22oqZrfReVIRseSjp09pAJD6jBBFjwKYb9CeeH2/REJE09/tbMLMJVGuLoIfyb4gmEQwkIu3x+JAsYuADPG/pn++Qe1Xxx/65a7uwBT6WV0LInaJdX2Se5YRiVG9F3K/1x/0FPAl9IEU1qT0sLAb32SEF+q02zt+fWltv+eWL3DfpEUI+KeWH1F2D8+pqN18SLrNWAmgTKkGDlaFy+ytefXlxKjY0ksbohYrylG44lnGRY3RGztAWRN3ikm/JKx5SbIcHKKzFY/+/zuL1/yy5an7t+195W3pfFyOslqxfkrltRDG5mwVFVar37u/d1PnyciDJFpuAqDVyI3bVvO8b7M/mVzbsApRnzx9D3p80SEIeJLUPs5aS3X+cqa1S1dfE614IZqG/HF8/NPn7eIMGniC5+recUVQez3IuOdOnXu6WXLFnbxOdWcG4HLjPji53sAWD6KiC98ruY1Lwti/7UKN7/AiS0BfIuNuOfWnpe8LSY4aWRkBsr7c9JOLuSXcmN8TC9rDFOIGIhimFzILwrX0kIPsk4PJ1Mm8YJezzQo+2c2ZCQKN2JFLu0rfXwvfPrJmE1NllRriBzCSyIBGXKJW5mm0aErlq2OEkbpkkNUGkokCX3KNiqVe3wFBQUFBQWF/BEyjPzWk90WpMR+g+zQ3brl7i6ayIoLebRwGFRxREweZrtwJn4sbiSY4tkPwf4s54Mz/vPP3v41q1u6aDFVXEilhdugii/52q9QpnUQF3+WjULA1i13d5EiEgCL9JWNSocbeSGP79GMsH+mf/6FsH/N6pYuUqQCYJHustklWYTvj0KRfU4235F165Z1icc6O1qRvOS9EhiZG0Z374Dj+Pvvn8r6u8UUVK47+3kimsAJdl4Qy7PJ4qVi288T0QROsPOCWJ5NFi9lY79C5WDLU/fDjQAjYtWtUdt3aMWSelsid2CWyVDgxJiRC9OOsiNB1QsCEmACPwd+9r83bCqscWJMPvYHJMAEtl/0QbTJwPr800QXToyRbU4I6nsCEmAQVI1K9EG0yYBARBdOjJFtTgjqe64HAswL3QcCt/UjywUlxrD2vm2e7Vxv/z9BJl7OpgQG4Xc3r+riz+OKJfW4e5WG+Kf2slqxRbNw8KgOse3P9x3Neuc/L2GTr/3/r6/c28XLGN3fscyylYPuSWz7//mHd8tqP1/zIR+0dnnMobjZrNXg8Mk4xLa5KFcW0n6+5kM+qG3JEofiZu3N1eg/cwZi21yUa7j9ChWFrL8/j3Wu7+JldMJhYH0sjIT9JxbRCHAgnoLY9vXuA2X9/iv7c7cfRaTSr9twh8GVBkkZhZMbHCQKF3KFNW9jJAnxuNc4+hkdsdWNZR3//Z4PAznLu7euBQDDq5Qyt8FWFilL+2XXumHqQqZkc7nGBxASS9IrKCgoKCgoZI+iEWAKNUHJEcXaOa/sV/YrVDC8/Fk2CUYgo0qSbXkdL+WOPBfwK97+mf75F9J+UoXJdpG4iN8fhSL7nGy/Ixzr1i3r6uxoRWNEfn44CXT3DmRFFvH6bokEjOvd/jWrW7raWpc61KcIg/oE+gdO51UysZj2L1u2sGv50kUW8U7E+GeTOHn6U+Qj9y+zX6HyfFEu36NVt0a7eFmS2KJZAGBLRr/dewq5lOsISpq6nu0n/0PgBGBCrv6nFPaT/yFwAjAhV/+jSHcV6m/yTIC6PcP07BKIPFKIUkGFTODK7CcSDweRdyrdfrcYqBCxTynsd4uBChH7yOxXqCjk/f3p3LS+qzUaRlSYwySSwEAihUKU2inm91/ZH9z+UhNgJlgJUU52EEkjMpIJJ0jISCZe/RMBppzjF5IAw8fkdhLBBIDUfrKZE1T8iCcEToAp1/hQBBgFBQUFBYWC4KYSj7cLxScx7FL2K/sr1H6FIsNngTyr70+2xAsao4iL9BVv/0z//Atpfy67I4v8/VEoMrxKYPghTQzpAoAdm1pt517eP8Db5Gybst8d6eROVz+Azns6bOe63+vlbSrS/nRyp+skgPUrb7edO3DsI96maPYrzFw/xEsM3d+xzEEcYW2K/r25Hu0n/wOYalQi8SVX/1Mq+8n/AKYalUh8ydX/KL9zfWHkwjRiizTHsZkCWTmkhlvmO5SnKhVuJWhnCtxK0CooBEE8mUKUavOwY8p+ZX/guXBPX2jdhnaLBCOSRziJRCRA0DEZ0UR8T23otdiffkaHtkQr6/jv9/Rlu6AVmrowbZFgiHwiEmu4nXSc3nMyitiGzsmIJ3ScE14qYXxAsS0VFBQUFBQKhVIrwIgoFJmhXAtkyn5lv8LMhfr+K/uV/1HIC4UomyVCLDFUDOKITIFE2W9CLE9SDOJLMe0Xy5MUg/iiiHqV74ty/Q6J5YVyVS7ItpSosr+w/qdc9hfK/6hStBXubwqsAEDPLleBKaT6S9rmoikYkP1cBaaQ6i+lsF9UgSmk+ksp7BdVYAqp/iLar3DtreeIKiSFVB8pxfdf2R/M/mIqwAAhcAIMgRNGCF7KKrJrxfayvghEgCnn+CYBJtiHnVaAyfxXARb5hPr3U6CR2Rakrdh3mnhS9vHByC9KAUZBQUFBQaEAUVqZCTC5TmAqNWGo7Ff2K1z7Cyjq+6/sV/5HoZDfiWJhl7Jf2V9G+xWuTz+0S9mv7Fd+59qGISS2Ckki4e8LTR5J26rsd0EhCcDlsL+QBGAv+xWuzTinc9N62/en4OSLIn//lf3+9hebAAMAD22/3zaKG2mEHxffB21Dx71Q6vHf3PV2KJsPWyDAoOqW+YaX3W7ngiAbIk+5xp+6MG37kVEEGAUFBQUFhQJEaRVGgFFQUFBQUFBQuNZQqiTiLmW/sr8C7Ve49n3QLmW/sl/5HuVfKhS7lP3KfuWflP9R3//r0/58cx7BICfAAPAllwSBG0klCEo5fiEJMDL1lVzJJ6LNbuWK+GdWjvEVAUZBQUFBQaEIUZoiwCgoKCgoKCgolATFWiTcpexX9s8A+xWuLT+kShAq+5XfUSj271OpvmfKfmW/8lPK/6jv/zVof6kJMGIZIgB5Eyn8yhbxMcs5fqEIMF5250PgCVr+qVzjKwKMgoKCgoJCEaI0RYBRUFBQUFBQUCgrVAkwZf/1bL9CZX+Pdin7lf3Xgf0KpfstKhV2KfuV/SW0X0H5H/X8VqD9pSTArNvQbojkEzcEJVEEVXrRz+gAgHKO/35PX14EGABG1S3zMXVhGlW3zJdeM3VhGoturbPZ56dy8+knY5790ZgAUObxFQFGQUFBQUGhwLhJfQQKCgoKCgoKCmXFLmW/sv86tl9BfY+U/cp+hWvDh2yfwd9HZb+yX/kz5X/U9189vyWFTB0kF5WRmTq+gNDUhWmDk0VkZJSgSjZu5B3ep0g+Kff4CgoKCgoKCgUOLpQCjIKCgoKCgoKCgoKCgoKCgoJCnih3EnSXsl/ZX0b7FZT/UfZXkP2lUYDJYN2GOwy3ckSy8kQEv7I8Xn2Z6isfhiph/GwgUYCx/tvohR8ZJSjEa0nxJY1QhY0PQCnAKCgoKCgoFAKKAKOgoKCgoKCgoKCgoKCgoKCgUCiUOhG6S9mv7K8g+xWU/1H2V4D9pSbAhEKh7Wvvbe8C4CCMGBev4pa2+pz6vdA/itC8WY4+AeDwu31PG4axqxLGzwYyAsxvfnFkOwBs3XJ3V22dho/1Eevc1ZHP8rJ/VsPN1vvbtAaMj+nYs/fg0wBw1yNrdlXC+ByKAKOgoKCgoFCA2EwRYBQUFBQUFBQUFBQUFBQUFBQUCoxiJ0J3KfuV/RVsv4LyP8r+MtpfSgJMKBSy3S8RUYyLV9HWuhQA0D9w2iJReCmy8HMX+kdt14fmzQJgEk+87Cn1+NmSYEQCDJFPCE9/tbNrfExHbZ1px/iYjtGxpGW/lyILP3ehfxT1dRFbP7V1Grp+1u35+ZV6fJEEowgwCgoKCgoKBYjPFAFGQUFBQUFBQUFBQUFBQUFBQaGIKFQydJeyX9k/A+1XUP5H2V9i+8tJgCGsWd3S1XlPBwb1CYtEYV2TJpPwckKASVohEHmiWatB93u9OPLB8aezsatU4xeaAAOYSixrl8cAwGE/KaqIJJSpC9P45+mr1j1w+wHg8Mm4pbzih1KOrwgwCgoKCgoKhcdN6iNQUFBQUFBQUFBQUFBQUFBQUCgidin7lf3Xsf0K6vuj7L8OUV8XweGTcUsBhNRUmrWaDKmif9RqS2SJQX0CgKkYApjEifq6yIwb3w0iwUO2wbq2TsOgPoFmrQbNWg3Gx3SbGk1b61L095+2XdPWuhT9I6etduNjukU+GdQnrM8hCEo5viK8KCgoKCgoFB5KAUZBQUFBQUFBQUFBQUFBQUFBQUFBQUFB4ZpAJSjAAKaSCCmHtLUutRFM3EBt+gdMgkV9XSSwckk5xs9WASbo5/f0Vzu76DUvSUQEFCKXEMhmTkDhpBO/0kflGj/fz09BQUFBQUFBEl8oAoyCgoKCgoKCgoKCgoKCgoKCgoKCgoKCwrWAUhJgAG8SDGHrlru7iBAhliQCMiosdD4I6YXIE+UevxSfn0hIoRJFBK52AwQjvGTz+RVzfAUFBQUFBYUCx2aKAKOgoKCgoKCgoKCgoKCgoKCgoKCgoKCgcC2g1AQYIDgJhYgnRz44biNIrFnd0gUEV3wRyRPlHr8Unx+/DyrZBMAq6ZSNUk4un18xx1dQUFBQUFAoYFyhCDAKCgoKCgoKCgoKCgoKCgoKCgoKCgoKCtcCykGAAbIjUeR5f7sqcfxSf36kypJteaNCfX6FHl9BQUFBQUGhQDGFIsAoKCgoKCgoKCgoKCgoKCgoKCgoKCgoKFwLKBcBBig+CcWPPFHu8XP4vMRDxSbx+Nlf0vHL+V1VUFBQUFC4VqEIMAoKCgoKCgoKCgoKCgoKCgoKCgoKCgoK1wQqhVRQKDJKrqSTco8f0Eav04Uio+Rqf9HHVwQYBQUFBQWFIsQXigCjoKCgoKCgoKCgoKCgoKCgoKCgoKCgoHAtoFJJBUEJKeUuMVTKEj1Z5peCElKKZX/Bx1cEGAUFBQUFhSLEF8UgwBiGgYe2byx6HMvNKPZge195O6sAe92GO66p+z/8bl929//g7dfW/e/rz+r+V97Rek3d/0d9x7O6/xf3HLxm7v/ZzvVZT7CvpfvP5TNQUFBQUFBQUFBQUFBQUFBQUFAoF0pDKjCX5B7afr+xvE0DAIwmLklb1kfnor5pdla9jw5d8ewPAE726wCAco7/5q6302uTwT7zu7eudfx3rd2w2Gb/hJ6y7ms0cQnta2uwImYOcyJu2F4DcD3Xd3gC9dG51udUo4Vt9h/uOQsAKPP4trXdg3sOqwdYQUFBQUEhT9xUjE6/8s1Himp0jRY2AOC7O1vw2pEEevaOGChBEjgoik3+0ZZoBgDs2BnFO+9exm/2nKqo++988uGi9r+gbqEBAA98rR0nDo3jaM+hirr/NfevQWN7fdH6H/90ygCAVVujOHfsIob7Ro3G9vpQAfu3Xl9JXsr6+lKRPzZ2LMfg8CgGRyYq6v//er9/BQUFBQUFBQUFBQUFBQUFBQWF6xVEbuDkkWzJJ3SNrQ9Jv5U4fraoumW+1S+NQTjZr2PDlgYAGbIJgb+XkVIAoH1tDXr2jjiIJzQWjV3O8acuTKuHRkFBQUFBocC4aaYa/t2dLZhfvwSPrwF69o5cd/9xO3ZGsVJrAO4dwW/2XH9f3Ae+1o7W29oA9ONoT2Xb2rFxZUH729t1AKu2RrGgNgasjGO47/r7/9/YsRxN4RuBxnoMjkyo+1dQUFBQUFBQUFBQUFBQUFBQUFAoG0QCRX10ro0sMjp0JTARRWwr61cka5R7/BxhcNvrm2abY6fHIOKIaI9IRpEdo2tE8gn1M5q4hKkL06i6ZX7ZxmefgdrcqKCgoKCgUEDMOAJMjRY22tfWYH79En4ME3rquggUtCWasbxNM8kvmWPQz+jXxf0vqFtoNLY0pskv1jGcHzt3Xdz/3q4DRu2iKpP8ksbsyNyCq8BUMIzmhhqT/OGcLKn7rwQDS1S39ivffMQAgH/4yS9Kct9B6xGX6v4f2r7RAIA3d711Xd5/55MPGwDQ/fe/rLj7X3P/mpI8amRasQc68vaRrO7/4ODINXX/dzc3ZFuPPBAOxBPX3P2X4vlft+EO2yDv93wYEo/TsVL7guv9/tdubivlsw/hGShJaUivkqi3t7dc8/fvVhK1ROU/y37/XiVBX+g+cN3ev2EY+MZ//NflvP+i4W/+w3/3/Q0s9dyHUClzoFLd/xPfeNI20Kt/8/cVcv+lmWOv/50v2UY68D9+W6L7z+26N470F/z5Fzb+hJobarLu5NE1hY1VDMNAd+/ANen/OjtaizIHutbhp4oiI5/wYw7CSZqIEXTMco+fD2q0sKNEExFSRhOXbLb1HZ5A+9oaT/upDb8HkbRDbT/9pLzjA1AKMAoKCgoKCkXAjFSAeXxN1PbelJJLXTf/affdO8f2fnmbht+c0a+b+19xZ63tfWNLI86Pnbtu7n/hynm297WLqjCcvHTd3H9zo728VHNDzXWlgnI93j9f8P2Hn/wi9JVvPmJs2xaxztEx3uZaun8iuwAm4eWh7RsNkl99aPtGg47xNtfS/RPZBTAJLw/83oPGlza3WOe6//6XIbHNTLm3xR3+5fLO9o4arH3obO+oQdelX4fENi79zNSvgJjYM6rDswAAk6mrRP4rSfJP3X95wMkdd21dZltgpHN0nB8DiksGKcf9x1Y32iSz6Rwd58fKcf+rNtxZ8D7TpU4BAMta2jG/ztw9OT2WwqnjfQY/zo+l7cnr/qfHzPnlqePB5BaLUQJ1uC/j36uWVGN+dfr+J1OYOjNp8OP8WNqe/O5/0rz/qTOTFeEDO1pjYP4PvQPmFls6zo9dQ/5wRtx/ocsgCL9rqI/OdayBvPPuZUMy7jXxG8jjesBMylGijc+PJnT7Gti1MgfgcT0AVNVqaF5lXwN64htPGlPj9jWwmTQH8MKa+zts9z+nehbql2m2Nut/50vG5cmrtmNH3u69VmJAi+xCax0drTFoWuYzIF/H211DMbCDVsXvHQB0XZdRrxRbpazxersRWx3GhJ6ylD7E37HRxCXr95LPZ/hxq71wnvqQYUJPQT+jI7a6sWzj12hhrNvQbrzf05fz95D3zwkjMvs5+YT/pdf1TbPRvrYGfYcnHP1bcykPdZtSj18fnYtPP1HPkYKCgoKCQqExIwkwXP0FMAkx11MZJK7+ApiEmOupDBJXfwFMQkyll0EqJLj6C2ASYq6nMkii+knzdVYG6Hq7/3Ub7jC+vKPV9j62uhErtQYc00dc21wLSU+6l7u2LrO915ZoWBELWdKqsjbXzP0/eLvBE6rrHrzdmN8URW1TGONDKdc27//qo7Lc/8o7WjE7klk4qV1UldX1WsMNtveHfnba4AnVT/YPGrMjc6E13AB95AvrmNjmzq8ute6f2nFbxj+dyuqegqLQOyAHRyaMjtbMb17vQNzoaI2hKXwjhlKfm/en6wZfFE4vCBfs/79bLw7BWA/Wr+PeNE27Ju4/qP8D7KQXAFZddWA2uO83j2eOiWQYYGYRYkRyC8G+ULvMcZyOiWSYct5/bdO8rK/Z9+qvbeQWWV+r6u50HKdj02MpG3kGADY/8YDv/Y8PXSz4/d9cl700/Cf7B23kFllf89udx+nY9GTKRp4BgFs3Nfve/2djFUOqt5E7ZHHwxo7ljuN0TEIGAWZWcvB6vn+jfW2N5etPxA3m9+1rICfis23t+g5PzHhV0Ie2bzSWt2muu/EJ7WtrMDo019aOiPEz+f47n3zYaGxptHz6+NBF6W9I86pajA+Fbe2IGD+T73/N/R1G7aIqy6d/NnZJ+htSv0yznfts7BLW3N9hzHQSzODIhOX70rE/+FyA0NEas53TdZ2uzUkZptJ8P8X2uq47yC90np9LzytU+ZSyxezthrYk8/80oaekZBFOYvcijornvUoMEfmlnONb38slWpoEk/X30Ki6ZX5mfBfFGW4/EUtERRV6LSOeSO916AoO95xFOccnVN0yH1MXptVzrKCgoKCgUEDMKAIMlT9yOXfNl0Gi8kcu5675MkhU/sjl3DVfBonKH8lwnZRBMnwWM671icJ1cf+ivDeQUf06po8gtroRpP4CANu2RbA7/ZqTQsolE54vxB2fQEb160TcgLZEA6m/AMCGLQ3o2ZueWDNpVbGfmbIYLu74BDKqX+NDKSyoW4j2DbdZ59o334a+febr2qZ5VuJS7GemLIYf3ZNw3D+pfukjX2B2ZK5NNWZxR72l7HJz3VwrcSn246YKU3FxjqbZ7B4cmUBrxEzmEuGDJwKrw7PQOzIBTdOs3e/pXaK2fnRdn5H3r+u67f51yf3r7PVk6qpbPzPut4GIfSLxhXy8rN662Ka+yU6QIULMTCDBENlTJL7IdhlyiBLbnCBDhJiZcP/7Xv21ISO+kI93I6nwNvPrwjaCzPRYCvte/bURhARTbnyyf9CQEV/Ix7uRVHib+dVhG0FmejKFT/YPGkFIMJUQ88qIH/Q7QH9F8DbV4Vk2gggjhKj7r9B75rG96NfdwM+tiIWwIhbB7t3JGacCxON2HueTX3eDWKaivqkBM1EVksft7Ztvc/h1N/BztU3zUNt0G2aiKiRXfBHVIb0IlPzczXVzcXPdXFtfM4UMMzgyYXClFw4Z+UV2TtM0IoXwUkkzhQxj8PsQ5gZe8wbHa0EZRiXRSwhRdUVGirD8NTvO3/NrZcdl/VbK+GSDfib77z6RT3i5IbFEEJ/72JRaJPcmHpP9bhLxpZzji2OSLWkSjHqGFRQUFBQUCoAbZprBYvkjt4WSaxWi9K/bQsm1CrH8kdtCybUKsfyR20LJtQqx/E+QhRF1/zMH6zbcYbSvrcG2bRG0r61B/INhW/LSLeHJz6+IhfDlHa2IfzCM9rU1+O7OFrSvrZESayrx/pe3mQSX5W0a9DM6uLKLb+3l9A7Ru7Yug35Gx/I2DTt2RrG8TZMSayru/h+83WhsaUT75tus0nZc2cVvVz7tEF214U6cHzuHxpZGPPC1djS2NEqJNZWGT/YPGrWLqrC4ox61i6pwJXnJVk7Db1c+7QJtbK/HleQl1C6qwqqtUdQuqrKVUapgGECG4CHu+JxMXYXXIvZk6iqqw7OsHaEALPKISAiZCfcv7vgkcovf/dOO0Bl4/w6IST8Z+YUnP0/EDcfvhJkQnZlrh47FaAn5xVajfuiK43fCTIjOnpH3z8kv/DeA/xbw5Of40EXH74SZEJ03M++/Ouzw8eJvAU9+fjZ2yfE7QQnRmQhO/gAgJX9wNZSh1OcOYkhT+EaHcqK6/8r8/du2LYJt2yI2v7dSa7CUb0/EDes9/SN/z9uR76T+ICklUmmg0qYbtjTYEpj892t06Ir1nv6Rvxd/52q0MKi/mRD/dz75sNG++Ta0b74NVbUa899h1DaFWYwftv0jf8/bAWa5JOpvJsT/a+7vMBZ31GNxRz3mVGeee63hBksZ8rOxS9Z7+kf+nrcDzHJJ1J9YSqkSQWqPmqbZ4vzq8CxbTEzv6R/FurwdXxtJzyGMGaCUaxB5R/wNyPX+WX8zMv6fySA1lPQGXZzs1z3JELJ43+0YPzeauIST/bqj3FE5xxdL8gUFkU+4zbJSRG5zGz/7ZXMhUXWlnOPXR+c6PkuuRqOgoKCgoKCQH2YMAYbUX8TyRxw7dkav2SCf1F/E8kcc6UTxNXn/pP4ilj/i2PzEA9fs/ZP6i1j+iOPWTc0OqfNrCEZzQ43nIi4tcqj7n7l4v+fD0D+9PICVWgMeXxPFl3e0YkUsZJU66js8gW3bIpYfpL/btkXQd3jC2vlPJJjH10RxTB+xyY9W+v3/Zs8prIiFcN+9c6yyH7TAf7Jfx4YtDdYiN/3dsKXBnKind/4TCcaUhjdwsl+fGff/q49CR3sOobYpjBV31mLVhjvTu/nNxZTh48No33ybtchNf9s334bh48PWzn8iway4sxbjQykMHx+eEfd/66bm0HDfKLSGG7Bw5Tw0ttfj5rq5Vgmj8U+nsLij3lrkpr+LO+ox/umUtfOfSDALV86DPvJFVuWOyoyQrutoCt+I1kjYKvtACb3egTiaG+stP8jLPdDCMCfBtEbCrrvkZ8L9k6oNK3Ukvf/mxnrH/WuaNhPv3wIv6+ZGXuEJPy+SCyfEkG8UywJV4v3HVjdaNsvAF1O9SC7iAmtsdWPF3z+pv5h+Xk5e4cQWL5ILJ8TMrwtjWUu7VVqpUkHqL4D7zn9ObPEiuXBCzPzqMKqWVFullSo55iXyo1vcy4kdXiQP7gPpt2EGxMrX2/0bfCMTbfbhax40LxDx+Jqoox3vg+YIlfx/TuQXAqkdi8o2sk1Q9907x9GO90FzhEomwRD5hdC8qtYW49Nr2SaoFXfWOtrxPmiOUMkkGCK/WL/TyzRbjE+vZZugFq6c52jH+6A5QiWTYMRSp0QCEdUOZZuAmhvrHe14H3x9pIJJMIZMxaVQ969IMKUFJ5/Ijkvj+SyJKV59lnP8fEkw3GZ6zdVlLHVLYb7jNgeSHZcpuZR7fBpDNr6CgoKCgoJCYTAjCDBEfnFTf+FI75y5poJ8Ir+4qb9w3LV1GbQl2jV1/0R+cVN/4Vi14U4sqFt4Td0/kV/c1F84GtvrMf7p1LU2yTWaG2pc1U9sCwHmriF1/zMcrx1J4Jg+YvP5rx1J+F5H5Bf6e0wfsZKfM6UEEgC88+5lnIgbNp//zruXfa8j8gv9PRE3rAn2TJFAB4ATh8YxPpSy+fwTh8Z9ryPyS+Zvykp+zhQJdAA4d+wi9JEvbD7/3LGLvtcR+YX+6iNfWMnPmVICaXBkAgPJFIZSn1vqJQAwkEz5XkfkD/o7lPrcUk2ZSSWAcrl/ANfM/fPSRyKphe98B+BQA3AjwswkEgwvfeS2yErHRTUAt0XYSibBiDv6eekjkdRCRJcM8SUs/JMTYSqZBCPu6Oelj0RSCxFd6Lh4rRsRZoaRYKzSPyKpg4geQUghHDOMBHO9379UyQsA5tcvsW2EEt/7XT9TIFPy4r93bu/9rp8pkCl5AUDrbW22jVDie7/rZwpkSl4AsKA2ZtsIJb73u36mQNd1S9nEy7+5+Tu369X9K5QDpSAyeI1R7vEDIjR1YRpAhjwzoaccqjViqSXZHCfoOd7X2g2LUc7xSU2Hjw2AbFLljxQUFBQUFAqAiifAcPKLl/oLYUUsRLterokkOCe/eKm/WAFU02wsb7t2mP6c/OKl/kKobZqHxpbGa+b+OfnFS/2FcHPdXNQuqrqWlGAs8kcQCW8mnavuf4YitroR//TyAE7EDRuBRVR/IYgqMHzR+0TcmDHqL8zn4zd7TmF06IqNwCKqv/DfPCCjAmPbUTJ0ZcaovzCfj6M9h9IL2BkCi6j+kvH5dhUYvug9PnRxxqi/EGZH5mK4bxSfjV2yEVhE9Rfr+yKowPBF78/GLs0k9RcAsMoXTaau2ggcvQNxbOxYLk0IAqYKDF1H8CsZVJHPf7p8kXj/ovqLeP+kAjPT718ET2SKvk/8LSClMGo7U8secfBEpkhsEe9PJPnM1LJHHDyR6STDiOWRUra5wEwte8TBE5kisUX8LSClMGo7U8secfCSPtmU8ZnJZY+uw/u3qb+ciBt4fE3URoD3I76I7+l67hMrVQVGVH8ZHbqC++6dYyPA+xFfxPd0PZ8PVKoKjKj+Mj50ESvurLUR4P2IL+J7up7PBypVBWbdhnab+stnY5ewcOU8GwHej/givqfr+XygUlVgRPUXinX5ph8/4of4nq7nJJAKVoGxqb8U6/6VCkwFxfUSEoUbsSKX9pU+vhc+/WTM9p6IIFRqybUsbOKSlGgyOnTFstVRwihdcojfSznHF1VzRFsUFBQUFBQU8sNNlWoYqbi0r63B/7L1Lt/2K7UGa/F7RSwEbGlAz94RI13HccatgpOKy/I2DV//nWDEH1rood2tv9lzytCWaNDP6DPu/knFpbGlEf/qqft825t1oFPp12b5i6M9h4wFdQtxfuzcjLv/vV0HDACoXVSFjo0r/b8vDTdYi99U/mK4b9SYHZmL2kVVMzELZACmosk9Sxt9G9OudzbJx+DIBE301f3PAHzlm49YCzNU+oErupCc9zF9REqCOaaP2CS/xd2fvP9KVIPhC9PaEs2aLJOiS5rYaH0mMv9PbWQTbd5/JarB8IXpBXULAdgVXdLERowPpaQkmPGhlNWGrnXrvxLVYM72ZkiLsyPmAgtXdKldVAXATHLKSDD6yBdWG7rWrf9K/E3QtIxyHS2Gc0UTOjaU+lxKAhlKfQ6+iC6SP6j/9IJwRd8/+XB+/3TM6/75IvpMu38CV38RwX06L43H4383/89BvpFUUN7v+TBUSfdP6i9udlOcz4lB4v167kZML7ZqS7SKu/+f/+UeS/1FBPfpvDQej//d/D/H9FjK+p3Z9+qvjc1PPBDo/tPziaLe/6GfnbbUX0Rwn85L4/H4383/2+5/MmX9znyyf9C4dVNzoPufHZmLK8miqwpY6iciuIqJH7nDq/Qb+cbmhhqKkyvJH87Y+39o+8as7pPvGOdxbSGJi7wv5iMNwEo2hYpwb764e+tao+qW+TZ/zcvZFQq8L/pNoLnA1IVpHNxzuCzf/XUP3m5QnM9jffLthQLvi34TaC5wfuwc3v/VR2W5/5V3tBjh6lk2f83L2RUKvC/6TSASzJXkJRz78HjR79+FcGKk/Q+aG2qg67oVv/I4tgBxtfW6dyBuPe+dHa0Fv88X9xzMyv+lNyuB4vJi3z8jwxjs/yVUhHtTSGNCTzmUUU7267a1GorJJ/SUa6khIkbw80SeqLTxcy19ROC/i9xmwK4y03d4wrInG/uJkEJt03kiq025xxc/C1KlUVBQUFBQUMgfFUGAkZUs+u7OFqniy/TomcBKMCt2mruHdu9OGpJgpGIWvGQli3bsjEoVX2TJX7dFjy/vMCd4PXudjP9KIsXIShY98LV2qeLLwMf9gZVgNj/xgBmk7nPefyWRYojswrFqa1Sq+HJ+PB5YCebWTc0A7IlP6/OprASowz7ZTn9Anvxzm/TTxL93QJoJU/dfQVi34Q7jyztasSIWsvwbJTQ5CYaXNhIhJkep7YpYxNbmn14eqLgfYlnJD7ofToLhpY1EiMlRalvfZN9Z+ps9pyrv/h+83Vi14c70rn1zgYESmpwEw0sbiXAmRy+m+7PvLD3ac6ji7v+T/YNGY3s9bq6ba5FbKKHJSTC8tJEIMTlKbcUF8OG+UYARZSoBgyMThqZptpIPlMDjJBBe2kcEJ3zwMkC2cYZHrQX3CoNBdl+n9+8Zy8t8PE+YcqUwv75sKinRuYh/UNn3L0tg8t8F+iyClLug3wU294J+prLvX5bA5L8L9FsRpNwF/S4Qqmq1ohNa8oUsgcl/F+i3Iki5C/pdIMypnlUKQkte4PEu93tiLOxF+OB98XaapqEC1QCuh/s3ZGqGpPwiQ5C1n+lRpzOj+cRrRxLS+UDP3pGSE6Du3rrWWLthsYPoQsovMgRZ+5HNi+gzfufdy5L5gIa7t641Sk2C4fG+GMO7lboOsvYz8HG/xOeb84kTh8Yl84FGrHvwdqPUJJiVd7RY8b4Yw7uVug6y9nN+PO5cC0jPJ84duyidD6y8A0YpSDDi80/KtlzlZHB41LXUc5C1D5kPpBj4rd6TlbTuIS1rXcz7d+u7Agmg1ySI3EBkB5FQwVVGHAojEnUQ/poTKNzKEJV7/EJ+jjQOt5OOudlPNtI5sdzQTBlfQUFBQUFBIT9UjAKMG+HFa2EDMGVv3c7xvjm+/cPKW/F2I7x4LWzQ4o7bOd43x4++119x9+9GePFa2ABM2Vu3c7xvjp//5Z6Ku383wovXwgZgyt66neN9cxz62emKS4C6ET68JvaAc0HXrW+O9EKIuv8Kwvs9H4aIBAOMWHLex/QRG5lFVg5DTHzy9hxEfrlr67KK2/VO93/X1mUAZlvlO07EDRuZRVYOwyGpytrbJuFp8kslqh68/6uPQrQoDpiL1rSrn5NZZOUwxMQnb89B5JdlLe0lWfSeUz0rcNtbNzWHiAQDmCQY2tXPySyychhi4pO35yDyS9WSagz3jRpVS6p97//yZMlK6IR6B+KWDDrJeQ+lPreROYgEAmQWdkWlEy/yBwBeIq6SFn1Duq4bSJMWi3X/RH6hRe9KJsL0HZ5A+9oahzKASIIRfb/fOXH3XaWCdmmKygAiCUb0/X7naNG12AvV+WL4+DAaWxodygAiCUb0/X7npsdSmBrXUVWrVfT9j386hdpFVQ5lAJEEI/p+v3PTkylcnrya1e9TOUAJO574E+NdMfb1IoTQucnUVdtue3X/JYchrkkQ3MgvtNbjB6/1oMfXRB1rJbRR6uWXEiWLB+7eutbofOJW6Tk38gut9fjBaz3ovnvnOH4T65tmo/OJW0tKgln34O0GbU4S4UZ+obUeP3itB5nlkFKO34TNTzxQUhLMyjtaDNqcJMKN/EJrPX7wWg9auHKegzhPG6VKTIIxaE1CJHsTQUM8Lvo2N4j+kfezsWM53uo9aQAIfX3r3eV07WW5f7GcEgAgTUCizwUKBVrP6Qut29BukJIvJ5/wvzLVD5FIIjtP4DE8J6Gkld9RrvEJ+hkd7/f0Zfu9Ck1dmLbU0aYuTKPqlvlW/zI76Ti9P9mv2+znbeicjHhC19CY5Rh/Qk85xlfPpoKCgoKCQuFQEQSYCT0V+sFLx432tQnPBZCg6idu1712JIGevSMVF0zoZ/TQyy/BWN522XMBRJbUDQK67p13L9Pu/4q6//Nj50K//jsYJ1rGPRdAZKUvgoCuO3FonHb/V9T9b3l6fWhv1wGjdtFFzwUQWemLQN+v9HXnjl3EcN8oGtvrKy2YDr3Ve1K6I4ZDltQLArqOEoAVOJm43u8/vWhgkkAAILY6iW3bItY5WQLUK/nJX+/enUT8g2EAoNJwqPT715Zo2LAl81snS4B6JT/56569I9DPmLt9Yqsbrc+i4u4/TYIBzFIT7ZszOzVlCVCv5Cd/3bfvY2uX/7KWdpw63leR908kGMAsNbG4I+MLZAlQr+Qnf322d9Ta5V+1pBpTZyYrNR4N9Q7EjeaGGkym1WAI9JqXepMRP2SvKeE3A5RPQrquGzpQ1Puv5M+B/B/BS/HKL+aV/TaciBsO8kslEQId95+2NYi6i/i5yX4bRoeuOMgvlVQG6ed/ucd2/9NjKcyvCwdSd7HH/PLfhvGhiw7yS7ZlkIqJQz87bb//yRTmV4cDqbtwuP02fDZ2yUF+ybYMUjHx9a1320oteCleecGN/DGU+txB/qiwMkiGLHa/ju5fQUHhGoTo20X/lK2Pu5ZQyvsPQqRRKA04EUIknIgECfF8IQjs5R7fay48dWHaAGCRT9zscCOhyO7R7b3svqjsULnHV3GZgoKCgoJCYVExCjATeirUdxgG7foUiTAkcb7SZdMSnecL3fz17t3Hs6r3XGroZ/TQScA42Q8sb9McRBiSOF8RkxNk6Dxf6Oave/bqlAStyPtPlyQyaNenSIQhiXM3AkzmfGahm79mSdCKvH8iwdCuT5EIQxLnWoOcIEPn+UI3f322dwpXkpcqkfxiBfmDIxMGJedEIggl8apdCCLirkbxdW9G5lvdf4UiQ35pRPta9wSt6OP9iIHbtkWwG0D8g2GL/FJJ6ifi/WtL/v/s/WtwHNeVJop+BZFggcSrCBAvkgD4AAmKIAlSpGiLEtV6WKS6PbfH8qNN+Zzu8VGHX3Fm5s6E+/T8OB2OuZ4fZ6YdfcZnItwtx+jqtM+YtEdu+U6Mp0XYlmjRIi1KNAWSoAAQfAAgiUcBhUQBIFAAKeT9kbV2rdy1MyurKqtQIPcXgUBVPnbulVW19s61vv2tUFJ9Zg7Zx6vUXjgOPVeLM29bq3GI/FKQ9jPyS/32esfjZB+vUnvhaHtmK7pOAWPjdwT5Jd+S517AyS9VLgpdso9Xqb1wbGyvESQYIr/Ut9UEZqYKR3qXknBNtRUpV6Zz5RMntZOk4+NtMvJHwX3+D7P95Ps4QZEkookEIqubyNu7LkQRHipJKGWNzKFtXwW6LkQBVIjzCn3sIx8ty4pz0g5XcaHtfd0GwiNBm7R2y45QXOo8JM4rRBDxhRMUy6pCmI4YmI5Yr0urE3N/ruJC24d7hzEzbr2n/fXb6zHcOwygXpxXiCDiCycoripfifmpe4KwUlrO7GcqLrQ9cntaEGZof9WGMkRuT9vOKyS4rcQPhUIwDANG/LWK1Me3DwyHBXGQ9jfV11jKX/F5s0waLCCYANDe2ozOnv4H0X6Tz0czWcwjl0AipRfVtnRwtd+Mz5FHOfnI1/Hx4JF9ou19hzamnLM7xbj4AjBSelFtSwfhoQXsO7TR1ke/1WBobg8Auw/tTzlnV0EugURKL6pt6SAydBe7D+239dHv54Odu7aLtuvbalLO2ZUxMqkEEim9qLalg9nxOdS31WDnrsRv1G81GPLzXz9yEN2jE2K7U1kf1Xankm+pysAVCLFG3FuuyLuU9vPtTB2n4ONEywW/P9MVeP7YU56Y+zKZRH7vRqBwnD81eld4y8X16R5kExMtW1tquvWLb3Mj5KjscyL4EEiBZSmvPz0xo3+HGhoaGhoaPmNFIXaq60I0HrRGkgrAFWMUO6GWw5UVAN58czJp8rYc0NdtoK87ESwiJFbCqpVwZAWAuNqNWP2/XDDcOxwPWiNJBSAyFEMP1LWgZQWArlPXrKBAfPX/ckHk9rQIWssqAJaErboWtKwAcKvTKvlAq/+XCwZGo6IuPZXEAKwgMAVwVUEDnjgMhUIikLzc8LDYL692f/zIZpG0VBEZyedRkJerwqjAz+UkGPnaS0UGke1v3lMvkpYqIqNc8omrwqjAz+UkmIKxnwWcASv5SUlLFZGRyI8kY85VYZR+lJ3LSTDytZeKDDPcFbbZX9ZYLpKWKiIjqX+RjDlXhVGBn8tJMPK1vZRCyhFM8neAFYSlMkUyyYP7PArcclUUFfi5MgkEgElqKPC5FNBbH3UXtP382nEsuf97/Mhm1DQU4xev96B5T4L8ZiN9xEkt8j5REo4RZsT7oQXU1JWI5wl+niAP1pWg/+LS2t+8px41dSX4oOOGLXDNg6JyvXjaR/bKEuRUj54kueXz6H5VhIIwBvNv/6k33jW57y+tDuLSmfNYV70+4ROZUguRWuR9RGrhhBl6PzMeQ1lVSDxP8POIKFNWFVqSZwQiPJLvLy0PYrgrjOLKxHeeK7UQqUXeR6QWTpih9zNTMawqX2kjwdB5RJRZVb5ySZ4RVOSXVzvOmdwX8zktkTrkfTQn5oQRPl8OhULCr/LziCgSCoWED16K8Y/m+eXBlTjd2YcH0H5TNadVkWB+/pG7CrCK4OKV9PLzj0aUZVGpTxRrCQ8toK/b8E0R5+CRfeaGLdWJ8Yqpeslz9/fOuqsAqwguXkkv752dV5ZFpT7tO7RRvPazJNJjzz5qkn8nf02qXvLc/ep5dxVgFcHFK+nl6vmIsiwq9YnKr86Mx3wtibRz13aT/Dv5a1L1kufud664qwCrCC5eSS93rtxVlkWlPlnlV63XO3dtz1lJpNOdfUkkEBH7iJd9o+2pSr45baP5Mt8XL/28FHNdG7Gd25hP+3lJvaSY03BYxJriapFaESwH8FJ61I1kkartQr++X/fODxUaeYFBqvuz1NfX0NDQ0NDQ8AcFQ4CpCAVNwE544TLmfLU/MIqDjADD1V94UIUnUgGrFEbUiBXkxD7UGDIBO+GFr1blq/2BYpsSDld/4UGVRNDJajNeCqMg7V9Xvd4E7IQXLmPOV/sDALbyIEZMqQaQSKRaB8dVYArS/rePv28CdsILlzHnq/2BEqxjMSKu/sKDKjyRClilMIa7wmaBqsCIFZDCLhbspdWOhmEAoZCNAMJXQ3LlE3k1fZwQUqgP9g+V/XLyE4CN/HK13xRJy23NlUnkFyfsDNWKYywiZWIcIFUZSjRS0nEpyj/IyU96+CWfHQ/CW/1tqE0ivziBl4giIiW12bIjhL74g3f/xWGEGkOoCAWXxn5GQNm8vQ0AbOSXyNBdkbSsatiaRH5xQlVDUBxjESkT4wCpypRVhXCjtwvrqtejrCrka7DbKyQCCgDYyC+z43Miabm6uiSJ/OI4j6gtEscQkZLarNpQhgisBOj04BSKK0votZlvEkw8wAogsSLydGefSATysj2H21uSyB9OkIO+lBwUq+Tj7Q0MhxEKhdBUX4PTnX3mwGg0kM+yQCr7qU/cfgAor6/xzX4AQhWArjUwHM77mPDYoV0mkV5kv8XBk6bku93gtF/eblOTiRNI8kkKfOzQLpPGH+qPSp2GJ03jz0mpnqM8bef3g4K5+bT/1Bvv2pKitrk9A0+aku92g9N+eTtXkyFSDSfk5Loc0vXfDNiSory0na2fLGkK2AkxKjjtl7dzNRkizHBCTq7LIbkpv3BwIiCAlOpYTvvl7dwfkp/lfXIq1eHnfJ/GOpXfXgr7kRtSpCnHNGoaih1J69uaA4Kokkm5axVkdWD5ehYSsRPrTyjCZHUfDh7ZZxKxhPy4rGYmj0tEVMmk3LUKsjqw2zhYU1cS/9voCwnmsWcfNYlYQn68tDroSFqvalgjiCqZlLtWQVYHlq8n9620Oojd1ft9eS7YuWu7ScQS8uOl5UFH0vrq6hJBVMmk3LUKsjqwfD25b6XlQZS2BbFzF3wnwbzacc7k5BcZ8tyUfKOXuS+fA3NMxe6hs6efVE7yHteRYzpuZa5zZX8616W/zp5+TYLx4/c3aNhI7SoiRSZwa4dfc6mv7wfc+pkJaSQV0aXQrq+hoaGhoaHhH4oKqTOc/CI/wBM+t7cOV/tNsepnJjyYFNxwShK+9FIlTTrMQvwweKCIgwfGn3xiFcJDCyLJe8UYTQpuOMm8H3qulialBWk/J7/YAxiJwPi2/VWIDN0Vq356rnUnBTdUgXRqP766tCDt5+QXDh4YX79zDWbH58Sqn7FIf1JwQxVIp/aLK0uSlAcKBTxQYHuYYkSQpvoaGIYhggGqmvb8eIf2tf1LCEp+0t8HHTfwQccNsVL/zTcn8YvXexyTmeTfeYCc+3w5cE5tdl2IiuDz40c2ixXwzXvqk9RYcm1/85560F//xWH0XxwWK/XPvD2KDzpuOD4gk3/nYx73+XLgnNrs6zZEyYzmPfViBUqoMZRf++MrQunvRm8XbvR2iZX6Xaeu4dKZ847JTPLvPEDOfb4cOKc2h3uHRcmMzdvbhGLAuur1SWo0ucRwV9gsaywH/U0PTmF6cEqs1I8TFR2TmeTfeYCc+3w5cE5tRm5Pi5IZZY3lQjGguLIE04NTebOfSv3Q3+nOPrEq1DAMnO7sQ2dPPwZGo8rgq0oFi5d2kAPAvE0i0zTV1wiiSXtrM5pqK5bcfvLtA8Nh14B1JvbzNmX742NH3scESvJx8svjRzaj/+KwIHwI4ks8MemlTdVxNuUYiVRD4GPSY4d2mfSXM/vjYxEnvzTvqYcxaIggKFezSUX+cTuOB1VlUg2Bj0n5sJ8SoZz8snl7G8bG7whSChFfKDHppU3VcVw5RibVEPiYdOqNd81LZ86bl86cz5398UQoJ7+UNZZjYXJOkFKI+EKJSS9tqo7jyjEyqYbAx6Trvxkwh7vCZi6eFdzIL18/cjAwMBoVc1hO4HMr80ZwOo7PiWVSiQrx8cDMpV8sD65EQ/ARG/mlvbUZS2V/e2uz+GO2Z22/UBkZWsCTT6zyROzwi/zita1tzQERW3GLoWRkP41lcYK/l3HML/KL17ZqGorRtq/C1le/QH52ZjyGpt1Vnkof+UV+8dpWVcMaNO2usvXVN/vjfnZmKoaazSFPpY/8Ir94bWt1dQlqNodsffUbMvllKnZPqWTLfZRffpbm2anGn1yAfK88p8+n/SrI16bnD7cYkkaan70DEYQrNcrz81SQz1OdG2oMwRg0lvz62WJ6Ysb2X9Vv2udmi7xtemLG0Q5+zaW+voaGhoaGhob/KAgFmIpQ0PyrV7Yr9qhX7vBSSFeM0aTSRwAcV/y89FJlwSnBhBpD5ldfUcn+FitX7vBSSFf7zaTSRxTAUQVaWCmMgrF/XfV68+mvtCn3qVbu8FJIkaFYUukjp/MAWymMgrH/7ePvm7uPqD7/EuXKHV4KyRhdTCp9BMBxxQ+VwigwJRj1qiBJ0SSxOVEKiCXwxD56gFethmxvbS5EJZiHzn5abQgkSh9xVZaaukQ5JK7+Qsow25orASQUXyy1mArw8nBt+ypspBfZh1L5Cz+DvekEEYjgQqWPuCpLRShRDomPaaQMU9NQK8a7q/1mXC0mBCCxcrRlR8hGerHZz8pfLMWKk+mIIQguVPqIq7IQOcVSb0mov5AyTFXD1ri/txRfLLWYerENsJRfOOmFg5e/4MnRfGF+6p4guFDpI67KQuSUqg1lNvUXUobhZZGM0UVW4iKxcrRqQ5mN9GKzn5W/4MnRpYCsAEPEl6baCjPE1K6GYp8kJe148lBFDCHSy6c31SvPIxIIlYDIpwqMbL+88pPeZ2M/J7242Z9PEAHS6xjB57KcLMLHECf/7tQevQessnjUH2rns19tFcf5rZBFBEivY4TNTjZe8THEyb87tUfvAStIT/1JXGezTRnHT/tJ/cXrGEEr87nflscQJ//u1B69B6yyeNQfamd39X5x3KUz583N29t8s5/UX7yOEbQyn/tteQxx8u9O7dF7wCqRSv0R12lLnB8nbOZ9rkhzWLmUG/krPseVk3wqv8bbo/eApQr29SMHhX0nO3vMpvoa0XYOVsKbTmT3pbKf+kPtHG5vEcdlYb+t9JFX+En+yLRNq8+hrEohyaWP0ru2v0i3TavP1VmpwMilj7zCC0EmXaTbZml1EJvRlpUKjFz6yCu8EGTSRbptlpYHgUbktBSSk/oVj1t4VT3hkM+Jl39b8tJHS2U/gCQyvRPxRu6DLoWUf9A8nZfZyWdpnKW+voTA9MSMWba2NDGPn5gBf8+fZXgf3bYlPWuwNsvWlhL5JBDft6TX19DQ0NDQ0PAXS6YAUxEKmvT3V69sR2lNI0pZWSPASm7ywAUlNp3KYfCVPm4Bj796ZXs8yWhdfynsDzWGTPr76it12BmqTVqptK05YAtckE1O5TC4zW4Bj6++UodQY0j0YSnsX1e93qS/p7/ShtatO9C6dYcUtAhK5Jag7b9cDoOv9HELeDz9lTasq14v+rAU9r99/H2T/nYfqcO6qmasq2q2f0dqi2yBC0psOpXD4Ct93AIeu4/UobiyBJHb02bk9vRSqYGIFYa0Kl9+KC8PrrQFA3gQGEhewciDwG5S4YxsktMVntp+Z/RfHBavwyNz6L84LJJw4ZE5kXwjsiMnvzjhF6/34Gq/aZEjpbFDXtnZdSEqlGd4X/IFvjomasRsK3X4ahAiO3LyixM+6LiB8NCCIH+qynzQ/75uQyjP+LFSJ12Mjd9JPPxHDIyN3yF1LkxHDJGcJLIjJ7844dKZ84gM3Y2TIoNJ8ub8/3DvsFCe4X3JFxYmE8np+al7WJicQ3FliXhPyUkiO3LyixOGu8KYHZ+DMbqYNHbIKzsjt6eF8gzvS74gCCfxwCyRXwzDECSUgdEoyoMrMRT7xEb+iBP4ktDZ04+p2D0MxT5BQ/ARmz/kilkA0DMZw8BwGKc7+5ZktaNsP5FdyK/zlf+y/U79NQwjbftJGWZgNCr6lEvw0kfkq2geS76ZVGBsfmtoQfzx7bJ/V73nRBcaW/g21ZxZ9p9+2k8kz/DInNImUoGhsYCPiTJ5RbZR9Z4TXWhs4duE/SxRW9NQnHbi1gt46aOZ8VjcX9+1+WZSgaGxgPbRH98u+3fVe050obGFbyPwRG1Vw5q0E7dewEsfzUzFMDs+J9RfyDeTCgyNBbSP/vh22b+r3nOiC40tfJuwnyVqV1eXpJ249QIvq+9JBYb7OvKJTj5Qngvz95zoYRiG+ON+WIbsP/2c9/Myf+TbeZ9JBSbf9nN7/bJf9qGpSngSKLbz849GUpY9dTr/5x+NKONETpD75of/l32oV2UZ6st7Z+c93zP5/PfOzqd1z+W++eH/ZR/qpM4rg2I7V89HUpY9dTr/6vmIMk7kfM5d175nZL/kQ53UeZPmcvHYzp0rd1OWPXU6/86Vu8o4kRPkvvnp/1/tOGe6kct5/IP7nYHhsI3Yzf/kc/n2qdi9pSh3lBznDXkrA5ML++PEH8fr+NV3DWf8/kxXgM+x5ViLHAeieXnUiOF7396D7317j20bn/e7tWUMGvj9ma7AUl/fj3tYtrY0QGosMvlEfp+q/6xNm8IKvWfXCBTK9TU0NDQ0NDT8xZIqwBDxhUBljVRIJWPLyTFOAQ/eBinOfPe13iWzn4gvctBHhVQrmDg5xingwdsgxZnXXxtZMvuJ+EKgskYqpJKx5eQYp4AHb4MUZ979cdeS2U/EFwKVNVI+jKaQseXkGKeAB2+DFGcudSzJ528CEOUoCG6rXVIFY1UrJN3a4KoDWCI1lAKyP2+gBCAlIykBSUlRQnhoAeGROeHLZOILKWDRayLQ/OL1HgDAZ79q94GUPOQJTyLc0Ll+r3R3sp/kYYn4Qn3hAefwyByiRkwEpWXii7U9ofZFBJoPOm6I+8lBwQtj0ED/xbg/kGpE58X+Zx8111WvF8lISkDKK0VnxmOYjhgiKC0TX3iwOjJ0VxBoLp05b/m3Q/ttx1tJz3jCMz7kE+GGzs1mtadXDHeFzeLKEpGMpASkvFJ0ZiqG+al7IigtE1+s7Qm1LyLQDHdZQc/6NvuKP0p6LkzOYRpTACAIN3Tu9OBUTlf6H21vtVbX11ZgYDQq6s4PjEaFP6Jv+dePHMSrHeeSSC9NtRVob222+bip2D3aH+js6TebaiswFQ/eUtCdkoecPNPe2ky17um4nI8DA6NRk1S4yH4AynJHBqBMePJV/GQbre43DMM6Twpek/2GYWCAtUP3Nv6ZmAOj0UCuVHCI/PLkE6viW5LLdnISCPlq8lfcXxPkfbLP58dTuT0OlRKNTCSnkkjZ+kYa+9r2VTj2lYKkXELcGEz21+I7Iu2TfT4/nt9TeQzksClK1pUA8GdsjCupoGl3VdI+mdhCYwT5Z9lfizmzbV8oyefzY6jcHodKiYYTJ0kJ4EZvV9YqMFT6rmZz8mclE1tojCD/LPtrgrxP9vn8GCq3x6FSouHESVIC8GNs8EJ+ebXjnEl+m8gZsjoXJ23Y9kk+TyZ5fP3IwQC1z/pks+lkZ4/J1cLKgytJNdGPscFsb21Ga2Xys6zs53NhP1N/tI2BMvgziZ/2J1S5ij3FNCgekkk5pJ2hWlzt90ae4QTMXJAeuS9VleJL1a9MFHG2NQcQHvJGflEpquUCsipXKlUWiuNkUg7JigPd9UR+4QTMXJAeuS/lxMRUqiwUx8mkHFKotgiz497IL5yAmQvSo23+Oxy2zXWJrM19jxwHobiF6lgZdC6VPUp3/MklQqFQXu03XPy6Kt7ESfga/uHC2a6X96HtuDxPNwYNmHetcZ8rpVGpQMJXX6nDe2fnbfv7uq1z+cIp/sxw4WzXy4Vy/Wzx9k9+ewzAy0eeO3i8qjqEaxOJMf3e6CywtjSj/t8bnQWPqmwN1SIybqDj7XMvAzj2+At7TxTC9TU0NDQ0NDT8RcA0sxMACAQUZYa++RlPZRWcSx95g9cAyc8/GhFBBH7st793EV6DOm//5Lee+/Xcl5/ytKreufSRN3gNkPDJFz/2b77T7dn+C2e9E0WOfPF5T6vq3UofeYHXAMnV8xERbOHH/uz7Hd7tP9XtuV/tT7ajakNZ4v3hnervlGPpI2/wGiC5c+WurWQG4fxPb0JVBoknWyl4/nGXd6LY3518P9UhwukoS/94BF8lnyroopIKl8gfjt+Dbxz9VFr98mC/uA8FYL+n738690AeUx47tMtxkCHiC/dLpHYCJBKDA+/1i/1NTzZb48xLlcKPyYk8nvQk8ADvBx03ROklJwUYOeGnGuuytV+UfFKQf4BEEnPySoKoVrnT8hmHnrPGsl+83pOUAOVJTwKXsSXSDyfh5Mz+Zx91tJ+ILzwYHhm6m5QQHe8ZEPurW5sAWOXsAODUG++K5CiBJz0JvGTGjd4uUXrJaaySyTBe7X+0bbsoZQRYyUOnY4n4woPhs+NzSQnRwHQicWKWWcdubLcCqdd/M5CUAOVJTwIvmTE9OCVKLzkpwJQ1lgd4EtXrGPDWR/axMi6jbf12WVCaE18oOPu7m8MAEDja3opXO86hqbbCjCfw+M0Xq+jJv1HZJHmM4f6Vl5KgQLQghYxGVQlGGxnkxb07MrIfLipbFAx3IkISQSYUCgUYCcZUlUqy/f4pkcqC7V7tdxoTvdrv9EwhE2BohTr3804JOJm4Epi2zr07O4vVtSGbP3UbA1SQE5EqhcXw0AI+6LghfKKbL3CznxNgOKlTJZetGs9S2S8HuOV7orRfLp/EArX88+m/OOzJ/n3P7EgiIALJBJiBSxGbbwYg/LMMmbgSGL8PAFgsKkJgbRF/pnAdA1SQk568jCphZjxGJfoCY+N3XJ8HHm3bnkRABJIJMOEbhs03AxD+WYZMXCkJWHN/4+4sgqsTK1D5OKAaA5T2S0lPXkZV2D8VoxJ9AbexwDRNvNpxTrlPlYCUCSlOpYEUql8BlW+Vx5f4dT0N3FT6iJec476TSJap5sMu838bAaZnMpbkr50SkC722+6Byv5U5Zbk54ds7H/uy08l2UzzVO5LeYIoFTIhwPD4kBfwGAnhzNujSWNgqjiQ7PsPHtln7ju00W5/vLSrV2RaEiod5RgqFWuLeZy5Bbn8Uao5sGruL48FM+MxJQnSCZkQYHh8yAsGLkWSxoFLZ86n/QwgD/07d2035bFgZiqmJEE6xglrMxPqTkc5JnzDSBoHhrvCkMsfBTKkwP3dyfdtCjAqwrfXxUDpgkogHW1v9XS8NCYF5DHM7Tug8P1J5e6oLGm+7PfStuoZgvv7TGNhhYhscx7eEKDfyzHb3PgJi4hi3r2HtTtqbHEcPjbKY94VYzRpjIqPT5joDiOwxhrDUxFP8n1908SJFI/A8nhpf+775Ue2+/fynxw9Hhk3UFUdwmjgrug/Lfz10n86lvpfa64BtXn8pydd71++ry+TYM51XICGhoaGhoZGdlhSBZioEQt8+3sXzYpQEJwI893XeuGFGOM1MGIFmiviQYERMfHAEtdYNAaNwN98xzBDjSFwIszrr43ACzHGa2DEUg+IB12HbMmEJbV/bPxO4Gffv2Ouq14PToR598dd8EKM8RoYsdQD6uNBkbtCJWCp7X/u5U8F3vrBKbO4sgScCHOpYwReiDFeAyOc0DI7Dq4SsFT2B+JPRIHTnX1JicrTnX2eiDFeJbr5iknD/l70Y6nuQwHYn1Pwkg/08Nx1IYr+i8M28guV7Un4NWu1qLxqsi64gIH3+tH0ZLNrgJeSnjyZx9viagA8QUhB4PDInG+r/kONIVSEgqLtvm4DxqBhI7/w1aeizyNztlrMZP/IlRFU7qxzlVMnm7g9vC2uBsCTppSAjRoxf+yPK76UVYVEgHm4dxhj43ds5JfI0F1GUrT+z4zHUFYVspW72P7oFvR+fB3VrU2ucuqU9KRrym1xNQCeNKUE7HTE8EURZnpwyiQyDAWYI7ensTA5ZyO/zI7PicQj/Z+ZimFV+UpbuYua6kqExydhlpW4yqlT0pOuKbfF1QB40pQSsPNT96jvWdlPiiflwZUiCNszGYNhGDbyC61u/PSmevzk/R7z1Y5zgfj5yut39vSLxJ5DGYvA4fYWkyfzuDoWV58hJRjyqUQM6ezp90MRRZBVZPs5+YWv7uSrQKmfUsmLgGEYJlxWa8rEGif7ASvpKhMk48QY38ZGIr+ER+bw5ptzNn9b01DsuBqel0UCrLnr7KiBLWtXYCRWLPb95ke/x+rakI0oMjtq4A/+9LGkNr2uvOfPD9mujKdxMGrEcObtmM3f1tSVOLbPFXEAiwgj29+8px4f//JjrK4N2ciMs6MGHn3h0WT7U9gijyt93YYjMccriPwyHTHQdcqw+dvS6iBKq9UkHV4WCbCIMObEItbVrMV4eELsu/67SwisLbKRGc2JRWz59O6kNlOt8pfHleHeYUdijlcQ+WV+6h5udYZt/ra0POi48p6XRYqPJ4jNzmBVWSmKFhfFvrGeIQRXl9rIjLHZGaxrbUi2P8Uqf3lcidyediTmeAWRX1SEF7d5LC8LRH7fwScFAJjSWBDwuuqfyC/kK21jmD8r400q8fc75sppbChXJES92h9XaFHa397abKb73OCT/Sb5N/KfmaqrUElTen2138Tn9tqfj2mRk1N57HRABPT4fNnM5Fnp4JF9JmCVNiD/mekYwp+NeJKNgyfXVGNYWvbH1SfL1pYKO2QijJd5P82tyX9mqq5CJU3pdWToLrbttxNoaJGTU3nsdEDqk6QKCSST4VPGJndtN2luTf4zU3UVKmlKr2fH57B+p109hxY5OZXHTsv+uPpkcWWJsEMmwmTxPGCbn8p+R6VqwuMhRNiWzycfRb7NawyFg6uP8eeXDGMloq1U5MZU9svjgRf7vfp25ffNrkKWqf0aChBB5LkvP3WciCey8pgqr7EzVIv3MGgbo+j8MwDe/slvX14O188Wx3968uUjzx08Phq4C95/riaaqv80hor+vz2KFfG2C/36GhoaGhoaGtljRQH0IRA1YmZcjUUZaPVKiHE7npFeUGAT+oAxaJh/8534Q5JCytwrIcbteHkFbSHZPzZ+x/zZ9+0y5xxeCTFuxzPSS0HZ/+K3ngm89YNT5vmf3gQFTGR4JcS4HU+kF8ISkl9Un4PpVoon3WCG6nhFklTbnwf8/szlgKWAEidkNBTHE36bRVmirguUlCu2lXBLSKYDB76wA+GROQy81y9IMEAzgOQV7rZSQvGHe5vCSvy6ctkhvp+vdvfH/pDoW0UoiIpQvShL1NedGPe4zZyw0/RkM6JGDCNXRgQJhr4x8pjBx1BSveF20nWJmCODVGF8sf+djwMJBRgrCF5WFRJklOkIMNybIJ4QGQawS6ZvOtSO6YiB3o+vCxIMQR4zeLKSZM0TwXe6rhXgViU2SRXGj3JIZY3lAa4AU1oexKrylYKMMj91z5ZgJDIMHUsJ0OL1VvI0PD4pSDCR21COGTxZSbLmPPhO1+UqNRykCsMVYLLxb509/WIVZEPwEZHw4z7vcHuLCAAfbm9BnBgYoFJIgJVEPdnZQ6QYk62KD9B+AgWzqU0eWKZyQFyBhkNe7Z71/I6RVbj9REAZgJUQoL7KQep4aSM5EB2gbXJgnQfB3ewH1IkICrL7PUbIJRZUCVFZCYz7QyK/rFm9GhsaqzFydRxb1q7Ab370e6xZvRp196YxEivG3dlZAEib/OJWPhRA1qWQuAKXPE6p+ieTNon8Itv/8S8/VtqfLvmF32sVsi0TyBW4yL/LkJXA+BhA5JeixUVUVYcwHp5ATXUlrv/uEooWF1FdVInx8AQWi6wkYLrkFz72qBAnTWZMCuMKXOTfZchKYHwMIPJLaM1qVFdbtlaUlWKsZwihNauxWAQULS7CuGt9/umSX/jY4zCWkZpZ2vaf7OwxiWyo8lMEeaU6J+05+GQisSftS0V+OdnZk1BOiSu/uCUIsy0FRGXqfLafyC9J+9Ilv/hov8kJH7LPrWkoxntn5wWJgxM8nEDEF/LTMsGFfPfV/hFPC4P4NeWV7fS8wP1vnAjj6XM/eGSfWba2NDGnlxW26krQdSEqVGC8lF7iqpg1DcVJ4xT1NzwET0Qjfk2Z4EnPC5w0f/DIPtMrCYaT3lU+t7Q6iIFLEaECw8nvTiDiS8JPx5S+20tb8jVl9RciZHLSfDpk+J27tpt8bi373NLyIMI3DKECw8nvjr4jTnwhPy0TXMh3z46nLq0kX1NWf6HnBU6a37lru5klCSZAZIqm2orA6c4+k5dhptd8vkq+iB/XVFuhnLMSobszPqfPhPyiUsqisqLxvnu132yqrXAkvMilkLgyo8p+EcNxKZcqiPKK/U6KXk4KkvLrDOzXcMFzX37qeMuOkHLO76aM9uQTq2yxMULLjhDw5aeOeyWhLPX13SArnKjUlu6vKwb1f1tzANuaE/3y2n8+92jZEUIfDM99zOf1teKLhoaGhoaG/ygEAgwqQkGbLDiXh/3ua72oqSuxkVpkgou8r6auBN/+3kV879t7AABt+yrQdQG2a3gp0ZQvhBpDYkLV122AT05ff20EFaGgjdQiE1zkfRWhIP7mO9341/92h5ig9tFEFQkFgkLBuur1qN9uJbGHe4fFa8Ais5RVhWykFpngIu8rqwrhZ9/vwBf+5REAEO3xa3gp0ZQvFFeWiJJJkdvTtvJJlzpGsKp8pY3UIhNc5H2rylfi/E9vYv+fbLKCQxvKEIn/p2u4gQfpV5WvTJJf9xtcovzVjnM2qdzTnX34+pGDgVc7zikDJvJ71fHxlSzimYonVQvloZ6X35Dtb6qtSLLRzX75eLJfUeIjL1CRYDiIkEJkGABJwXNOBNl2OwaMDCqvxUscET771Va7wko8uCsHpnmi0Q/yR7L9IVsfCURIITIMjYn8WBqvKnfWYdddACODiDmMpWRD4p5sttlLQW2Z/ELX8Iv8IuxXkGDoNQBBSCEyDAApeJ5QbqlubUJTqAJ4dAsii/eTrsVLHBF2V+8XRBg6Rk7GUj8A+EZ+IdS31QSGu8I2EgwHEVKIDMN9MB1LRBSzrARVq8uBamB0ft7Rd3OfXdoWFEQYOkZOxvJrEPnFRxeQRIIBYFvVyckw7a3NNh/IE5lUGgn2xKcNNIZQwLhhU71tdWV5cCUv/ybaSJVozMZ+mQRjfTESAXBOhpFXcpYHV4LOlVVZnMgv1J6T/TwAL9ufC/IL+TKn5FwigWmywGIgiQSzZvVq1AWt1/u3VeP81XFsWQuMxJ0hJ79w5TBbP1gfUiVLeXLQqb10nnOcCCiJBGYiySknYdOx/9EXHnV8xklFQuLg6i/ZPjO5qQDwBCa9p22cBFO0uIjqmrUAEmpgNUwNhpNfuHIYe9qy9SFVspSrv6jb8w43FYBEAjOR5KRtnARjEV0sG6vjdleUlQKLiZJIgEV+cSIv8j6kSpZycmY2ZEgivzgRMCjhR0k6ngTkJJA0nimS1Gb4PBtIkF5c+82Sg5IKV/rP+S4r9P22v7212VT2V+pDrux3Ir9wv0Ml8IjQkcoXZ7ufQGMMv76bT66pK0nb9zmRX/j9oRJ4NXUlnkgw2e4XzznxMYZf36mPRIKZnphJ29cn5u8KHxQnwdBrL8SVbPcLnxYfY/j1nfpIJJh040VO5Bfug6kEXml50BMJJtv9BBpj+PWd+kgkGKcyqRnEOQJU0pTUb+l1KtJKqv1N9TVKcsinN9XjdzeHzZOdPaIMUpz86KksUigUSjtmkkrthUgw9JoTUtzsy2a/PM/n1/fbfg019j3RdrxlR8iV/E/kTpWamYqkb7UVgvFE23EvJZCW8vp+YHpiBjUNtWIsl8d9t/6r5gE1DcW4cGZm2VxfQ0NDQ0NDIzsULXUHKkJBU66HTPK2RGYBEsHX777Wi5deqrQd37avAt99rdd2XMuOEEhVRpbLbdtXgYpQ0CyEDyDUGDI54QVIsIOJzAJAEFZef20Eck3tlh0hvP7aiO245j31+JvvdNva48eHGkMFYf+66vUmJ7wAEPK2RGYBIAIQ7/64C23PbLUdX7+9Hu/+uMt23ObtbfjZ9zts7fHj11WvLwj73z7+vskJLwCEvC2RWQCIAMSljhFsbLc/6FZtKMOljhHbcWWN5SBVGVkut2pDGSK3p5fa/qRV+/KDPCVFGVlFEDykoApkBZWvHzkYoG2qwIBXafQ8wEyyh9kv7zvd2Qd5pZLKfr5Ntj/eZt4///6LwxbRhSX5ABYsZ/9rGoptfosHaa9uCGJXXSPmz1+17ZcDuc176tG8px6/eL0HH3TcQNeFqCDa5Iv8wmEMGogaMXEtTkiR/9fUldiIoJys8uEaYFddI4LXB237ZUJLqDGEUGMIH3TcQP/FYfR1G4Joky/yC8fY+B1MRwyRzOSEFPl/aXVQrBDl+wDgQiSCplAFqopW2PbLhJZ11euxrno9Lp05jxu9XRjuHRZkm3yRXzgWJucwP3VPJDM5IUX+X1oeFCtE+T4A+NgYQ9XqctSuWmXbLxNaiitLUFxZguGuMKYHpxC5PS2INvkiv5D/aqqtQGdPP6Zi92xJPsAiZLS3NosAN5UhAmC+2nHO5P5f4bvFONI9OmFy4iOV9vndzWEMDIfxk/d7cLqzj5NfhI90Ir9kWf7I/vs3DEf7Q6GQ8NMUCOfJSdoWD1aLxAElJcuDK5MC6LL99N+N/NLZ0+9YdipTUPkjJ+KJvfRdIjgoBxcfP7IZZtkqDK8sw+3BoaTrDK8sw+raEB594VGb8hX5UkrodV2IWmPB0IItmCsHdin5KY8pFpkxPftltTFZcUDeRmQYvq15T70n+9cf2Cx8PP217AgJ4mNft4G+bsM2FtM15TFRNaakaz+VP3Iinsil7wAoV/Nv3t4Gs3oFxhanEBlPTsaPLU4hsLYINds2Ch9Pf/Xb6wXxcbh3GMO9w5gZj9kUX2T1F0p+ymNKunMnKn/kRDyRS98BEGQYvq2ssRxzZhHmPwHC45NJ15n/BAiuLkV5wzrh4+mvakOZID5Gbk8jcnsaM1Mxm+KLrP5CyU95TMlg7mjK5Bfu23jpNwKRQfi2+LzXVFyfnATtM2lFP/0dbm9Be2szBkaj4o/7Yrqm7BPl5GCGc+dc2w9uf1NthUlqM/TXVF+TWM0fHwNyZH9SPMMJbqXv8oF0rh+3KeXnfvDIPnPDlmpv13cpfZcX+9O4/oYt1aIckutY9+yjJpWrSwW7MmP+kc71N29vQ4LE74ydu7abVK4u5fVdSt/lxf40rl/WWC7KIWUCmrPLJdrgQrRORc7zAmrj05vqAcA82dljnuzsMWkeTe8pptJaqb4fzPd68vUqyG3z0qO5tl8Ze1Zc3wf7NfiXwcSJpbz2Ul8/+zZM0cbjL+w9/vgLe4/vO7TRdoz8DEfvrxijgnzCt6ue9fYd2ija59de6uvrX5CGhoaGhob/WFIFGCK/8CB31wWL5BI1YjYlFCK0VISC8cmDVReas2u//b2L4hxiJfPSSpy9HFeFMaNGbMkUIIj8woMwfd0WycUYNGylPYjQEmoMiZqTMhv7b77TLc6xAhsJEkyoMWRbSRtXhTGNQWPJ7CfyCw9yD/daJJex8TvggRQitKyrXs9WiQZtUrg/+36HOKe0OojNSJBg1lWvt0mcx0k35tj4nSWzn8gvPMgduT2NSx0jlIi0BSDO//QmiitJptyq98ylcM//9KY4p7Q8CDQCvLQSlzgnEkzVhrKCkzWVyByU4AzQik4KYB9ubxGlLOg8ribDz+Ft8aCMnFzN9zOiLJU7MBpNEFf4alVGaDEMQ6zk5CtDZcKMTIyhADjty5esLSUASZWEr6SXSxPV1JW4yojK2HY7hqsbgra2wkMLePzIZpsKjKrcEe8H9S3bMg9O9ocaQ4KcyFeTyqWJuBqaFxy4axFieFtU3omrwKjKHfF+UN8owemr/XFJdCInWmQTeYVoQpWFE19SYV9VFS5E7Cs5Z8ZjVK6CjzWOpBcgQZwsbahLS+7cC4a7wmZxZYkgJ/KV9HJpolXlK23El1R4NLQOHxtjtrZmpmJUrkIcpyp3xPtBfSuuLMH04JTpswKMyVcRcp/FA7SkWiUSgpvqHRuUVL3wasc588ufasWXP9WKodgnQhKccLS9NSD7+qbaCpNWX1I5JZbg891+8r1O9hMxJc3At1Cx4VLnsv0q9QHeD27/wGjUHBiNBrIl/xBRgpNfaK7PlV4AXjd91Lafz29rGoqFmtcHHTeAwSEAxRheWQastF9H+Hiu/MUSnuGhhYTy2FCyMo1cFoITJNO1n489/Pr8feIZyL6fk1J46cD+i0iy32mMsxFL2RhBZMjwSLIyDVd+4WNFOsqRl86cN2nuTr6Z5vpc6YXm8hy0n5NSSquDQs3rRm8XMB733YtTQPUKyCQbGgtoG5W2oO2kOjYznqxMw5Vf+FiRjhIAqX5x8gvN9bnSCwCEamktin0/J6WUlgeFmtf04BTC45MogkV8AYogk2xoLKBtPOE5MxUTZEh+DH8O4eMFJ0im4/cA2JRf5HIMsq+T93NSRnlwpZjzS6V4kq7DfRxto/NpO/k81XlyWQjy3WmuhC84+8uZ6phhGDAATCnGBj/sz4bcIo8PS9VOqrJwrudmQW6Rx4elaoerj6WLbMgt8viwVO1w9bG0z82C3CKPD0vVDlcf8wG2RU9OsRdO/FOV7/EC2a/SnJjPe53IH62VQfRM+qsQnk7bubLfzz5qpDEJMHEiEMAxp+cSJzgphzj5ePmahXL9bPH4C3tPfPDLj44BwNEvbsnJZ1TTUIyjX9yCk29cF9cslOtraGhoaGho+IslIcCQ+oqs5MK3kTwtD0IQuYUIIDtDidrIYrVnQ7FNOl2UnUgKNAOAIMGIh7N8gNRXZCUXvq3rQjApCEHkFgpIbGteJQL51krPenEPEqtX623BGPukV5Bg8mo/qa/ISi5828ClUFIQgsgtFJCwCDB3xUpNUg7g0umb0WYLxtgDIYIEk1f73z7+vgkgScmFbyN5Wh6EIHKLkEOvXYPZ8TmxUpOUA7h0OhrtwRg5EBK5PW0uTM6hvq0mn0QYMx4ISbombVPJl8v7BobDGBiNcqJLWu3xYIxbQCZX9qtWCtE2ldw4T0gahoHy+hoboUX8qiWii833SEEfqsudq+8/JQH7Lw7byHlCBYWVOOIlMvjqfx6EpnMvx0sgXR4ZxKoN25IeJul4TiLkyit0PdpGx1GCk/qdLRGE2jEGDYQaQzT+iYQiVzjjJTJUJZv4udx+bGm028+Op2vSNXgbvB90HCU4fbM/vmpybPwOrZ4XK/Etv2zddyK/kJ/mq/95EJrOHTCsRAz95+DH0zXpGrwN3g86bmzojq3f2RJhpgenTMBKHMZXz4uV+NwvE/mF3vPV/zwILVbxz1rkFvpvs58dT9eka/A2eD/oOEpwUr+LK0uysn9gNGo21VbAMAzh2zhxjwK1clk3efW7AwJxH2dyRRMqHQFYxBcnH9xUXyP6QX3r7Onn5EAAyJYIYpK/Jt+rsl9WZXGyvzy4MmW1cm4/9/d0Tbo+74dsP5jKTKZ+7/Ejm12P4XPxK4ZFaCdSu0zulhVTBMFxpTvBRg7ycqKJKDvExiJVWQg5Afj7M5cDqtr0sv187HEKehJovFOVfZL7Q/P6/otIIr4kEWykJKztPsbHCT4W9XUbYoyQx4107CfVFzfYFV9iqGoIClI7J6vz+Tu93ow4wVEivsgEGzkJy69ZWl0viDBUGmm4d1iMEfK4IfsdN5Dqixv4XNwYXUSotkiQ2jlZnY8T4nUjlbkrciXYyElYfk0aJ/hYJJfg4+NGOvbDZSU891NefBj5LP66vbWZSCCuBBOZ2MGvycgkog1VWYgMSx8VvP3l8fGPE+o92u95TPCSaEuOy+QWqjIO2fTdtQ2F2mSqsSDX8Erq8dp3N3ACotexINeQx5Zs++7ahoJcmGosyDXksSXbvmcKRoRJWf5IVsdK15/Kc2gvJeX4nD1TeG0jVfmj5Wr/wwv745Np4sRjh9rEM5HK36ciazqNWeTP420f//2ZrqQGlu76/ogGxQkhx72O6Tx+KPc71fivIp8s9fU1NDQ0NDQ0/ENeCTBEfPmrV7aLbU4sY0HiYKs36T3Jg19pdq6t6BRIlici25orAQCvvzZixhOCOYvEEPHlq6/UpZ5UsiSt/J5Wrl7tL3YN3BAJxmkFj7UithZALX7xeg+pFOTMfiK+PP2VRGCcK7hwUBKTr96k9zPjsbh8ufpcSp4SCcZpBU9VwxpUNWwFsBWn3niXVApyZj8RX3YfSXz+XMHFZn88OM1Xb9L7makYZqZiMEbVQRNKnhIJxmkFz+rqEhF4uf6bAbO4sgQ5VoQxgUQtZyKtOJQjEivbFfsDAMyB0SiaaisC6RBXUpQ+yrUiis1+AJ4CEU5wOpcCF6kC91wCl4Lpftnvtvqd+3NKQMrkxfDQAn7xuqXgQm3wYOyq/dswf/4qVu3fpvR9AESSlCciVeWWuH+Uk5aZEkHoPK68IicxyY9z8gtPypKCDbXBk5KxLVYJpJhEfuFjBqnAcBKMqtwST3DyY7OyP04g4cor9iRmvfDjnPxCfntmPIZLZ86Dt8GTkpHF+6gqWoHI4n3bdfmYQSownASjKrfEE5z8WG5HukSYhck5k0gvlEyUk5jkxzn5hfz2zFQMw11WMora4EnJ0fl51K5ahdH5ebv9bMwgFRhOglGVW+IJTn4s2ZGJXyDiiyo5R6+pzAMnv/DE3+9uDiPu45PGiqPtrYKwODAaFeQRThxpqq/Byc4ek0gwccUvmw+Wg8GUtOR+Mb7qPZCJr+fKK072c/KLbD9vg5dBMgyDxiqTyJAq++WV/FwNwM1+NpZkPS6ER+aUxEY+993WHEh6FpADhfw99/FO5Be3ZwM7SR6OpfH8QNSIKYmNNoJLQ3FSv5NIMBIRtP+iO/nF7dnATpKHY2k8PzAdMQTRkRMbeRLS8vuxpPl58jGM2NLrri7j9mzAnw9IfWw6giSVMD8wP3VPSWzkScjV1SVJzwJyopK/Ly0PYhpTruQXt2cDG0k+3kdVaTw/4OSfeCJPlbyTSSD8PfkvN/KHCnR9aouRSZT+72GwH/FnBQPwNeHZdSGalpqh7Pv9QDbtECEy0zGhr9uA13JQqmv7gWzaIUJkpmPCcO8w5PLWXuEXISabdogQmemYELk9Dbm8tVf4RYjJph0iRPo1JqRTdtpJIctpW6p2UkFV+odiKJn6RKdzvarALHf7NXgcpc2UYyupnlHkbR5zDHjsUJspk2CW+vqZIhAI4PEX9oq3J9+4bh794hbbc1S6hB35WZLaiquvBPi1ASzp9U1TVx3T0NDQ0NDwG3khwHDFl4PbDwAAZsLWCnZa8SmXM+IP7zxYbU02rOCtUH/hsubSxIQHud3w1VfqsDNUi+++1msC8JUIwxVfPrfXIj+QrdRHFSuYB7aFyg0P2LPksdjGSTNSkNsNn/1qK7Y1B/D6ayDFAt/s54ovhw5bk8mea93xAEVQrP6UA+A8sE3BagpoWASYu7aEJyVUVeelwjNffBpVDUG8+2OQYoFv9nPFl22PWgz8sUi/9d2Ir/iUyxlRAIKCGBSspoDGzFRMJEq5rDl/Lwe53bDlD5oQqi3CpY4REwBWla/0tQQEYAVr6UF7KPYJDre3YGA4bJ7s7AkcbW9VPv+kej7K5Fg5mcqToqc7+3KhiKK0H1CvxncKRMivvRBcvK5epUC6H/bT6ne16pTdv3OSXnhkDl0X7OWIAOt9277WJBUYIr/Mn7+K8P5tgsjilshU7XM7lvoQJ4IEvNrvRHyRr0vqXZSA7Ou2lyOK+2K07NicpAJD5Jfg9UGMb9uM8Slr9fb41DSqy9VDuyrJ6RTgjhox0Ye07I+XPFIRX2T/TupdlIAc7k2UmRCqLON3UL+9PkkFhsgvVUUrEImfD8A1kUlkGw63Y6kPcSKM19+E6UR8kf07qXdRAjJye9pWjgiwVFmqNpQlqcAQ+aV21SrMhVbjHoBVoVK4UepUSU6nAPf81D3eB8/2D4xGTSfiCwcl4eJ+1yrZFie8EOmE1EjIN8dJL4GvHzkoAuonO3sCzG+hqbZCEEoGRqPC3zfVVpiqMhFOqy+nYve4Mkpan78T8UVlPyeqyGWLyM+XM3UYlrQUvnpgOGwO0P0HbGoysk3p2M/6kJb/k9Vf+LxcFRiUiTFyUFEVZCSCIyfBqNrm58q12OUxRR4fVGXyvI5/TuOOiqAiP8fIY6ZqDE2Uuat3bdtWZjD+jCTbx8cgJ/WXNMofJam/8Hm5iqAiE2PkxKUqkUkEx81oc23brjRz13aMPKbI44OqTJ4X+2X1Fz4vVxFUZGKMnLhUJTJFmbtGuLbNz50dn7MdI48p8vigKpPnxX6ZSML9jiopJxNDnEoDyXNWrt7i1La8ep4fwxWwDMMQ7YnvPJs/s/I/gQfNfnpWkBOeDva7IldEwqVEOmWAckUkXErIKmBuUM2xlzsUKmBpzbGXOxQqYHmBRyVIx3O9QCZ/qMgp6aiAqUgjPZMx23W8lhlajvZryM8DbWbznvp4udH4IlZpjp+O2pjqXD5GWWW8IUgoS319P2OoG7ZUJ11fVq5xIp447ac45IYt1bh9fdwp/rnU19fQ0NDQ0NDwCUW5bLwiFDS56guRX2TsDNXa/qsmDfJrPvGiFZ20stHpfCeQ9Dr1U+57pgg1hkyu+kLkFycbVX2VVRNUQRmyW1ZJUJ3jdH26NqnT8L5ninXV602u+kLkFxlVDUHbf/u+NcrXAC+FZK3oLK0OukqeO4Gk16mfct8zReT2tBm5PS1UX4j8kvQ9qS2y/efgwWs5CE7Ba1rRWVoedJU8d/yexqXXqZ/xgIc5P3UvW/q5CaZ6olpl0lRfg4HRqCmruLitFuL74iWQPHfo1Y5zFJw2X+04Z5L8LikCHG5v4SUgcm4/kLwq3/bZsECK00ocruTidr4TuLoAU6fJ2P7fn7kc6L84jA86biRIKQ6r0mXfVVNXYiO+9F8cBpdtVfkzUoPZdjuG+fNXMfBePz7ouJGk/gIkk1HkwLZMoqE+pKOA8vszlwPGoIH+i8MicOyowhW3mRReKkJBG/HFGDRspaNUiYXYlkaUXb2BJ6buo+zqDdy9dFv0W171Iwfm5cA2vacgPvUhLfvf+TgwNn4HN3q7RODYSYWLfDYpvJRVhWzEl7HxO6L0ncq/Awk1mH1VVagqWgFMTONGb1eS+guQTHaRA9v0noL41Ic0FWACC5NzmB6cEoFjJxUu8tmk8LKqfKWN+LIwOSdK36n8O2CpwZSMzGLD1AqUjMxiumsI04NTSeovQDLZRQ5s03sK4lMf0g3IdPb0Y2A4LBJsbrLdDcFHyOcGmmorAgOj0QBdb2A0KsobkZ9uqq0wT3b22MaA+PEBAIGB0WjgdGcfTnf28e0YGI0m+ViZdEjvKWFJSdE07Q8YhpGe/fU1KA+uRFN9jY34YhiGI5mF+X2T2w+LEJOk/qIaY7zYHw9+p/X5c18tyCXSGKAaEyg4yIkqcuCQB1yb99QLpSyV1HQqIo0Yf+JjELVLf3wcIt/uyX7mq4lc4jTWqO4JJ6rIyi50HhEUqW/y/VSNl0nv2bhLYwMRYWgsoDEgHfu5ryZyiTwGqMYEIqdwooqs7ELnEUHxRm+XbT+f+6ci0lA/aQyidumPj0Px5wJv9jNfTeQSeQxQjQlETuFEFVnZhc4jgqJVCimZ/MIVHp2eB6ifNAZRu/THxyHAe0k8hWKVo6/hID/JiRqysgmdZxgGmmorhHqL7GPJt8rbVP0sD65EKBQS7TG/h4HRqGfyx3K3n487DvanXGjAS6pRSTnu39z8fj6gupaqX1z9xWuZ7HMdFwLTEzPC71NJOe7z3fx+PqAkYCr6xdVfpidmcK7jQkr7ae5Pfp9KynGf7+b38wHVtVT94uovXp8BrlzuDZCvXFW+UpSU4z7fze/nA6prqfrF1V8WJudw5XJvrpKygfhcXQnyhV4IHV6OdVPd5eQPTmRJQwUyQL5SXoDkRnhx69Mys1+DgcgnNL/mzwHhoQV0XYgqySdyOR15Ds/PJf/NlYQtEkqbudTX9+k2mhu2VGPDlmr1c9TQQlpKb9uaA8nPovH+03Wk2OdSX19DQ0NDQ0PDR+RcAeavXtmO0hp7mQZSf0kVoNjWHGDkGLtqCqnA8ImbU21FPjnhJBun8ktEgvn29y5mbT8py9gekh2uKwcoEoo3wLbmVUny7/JKK6dyT/I9ShV0IhLM33ynO2v7n/5KG1q37rA/ZF3r9hSgsALYCXIMKcRwFRieEHWq7Wwn0QTZdWKOfQaAn32/I2v7dx+pw7qqZts2Un9JFaBYXV3CyDFrhEIMV4HhCVGn2s486M1JNk7ll4gEc/6nN7NZySSIH3LQVX44JyUYToJpqq3A148cdHuqEGUtTnb2JJFgSNUFCaUXW+mLw+0tjoGApvoaNNXXUAI1q7JIXuyXwdVeBDmmviZptaYMt+0EngB1sp/ukVtQKhUoUfbYoV1m/8VhNO+pR3hkDm37Kmz+Temv6koAJEgw3A+KsnbSQ+iuusQYY5atcvatrIycajsAkVDtv5h+6R+V/R8MGgg1hhA1YmjZEUoQFx3K01lB5wQJxqb8FVfMkYkrXu2nIIWK+ELBbkqoGoNZ2B8PFj/27KPm2PgdrKtej+kIbEouTuXpOEllbPyOTfmLFL1I7UX8ZkMJqf2xxSnHfhGxRUV8oetSQjUD4otAcWVJYFX5SkwPTpnD8VJI81P3bEouTuXpuM9dmLQrf5Gil0xcqVqdUByYd3EvRGxREV/oupRQjZdwCtDrdDEwGg0MjEZNo7YCoVAoSX2El3SgUkdJvji+jScB5WPjpY2U44MMJ7Ut3reB4XA6CT/X8ckwDPN3BlLaz0EKL3ws8FLeQh57s7EfAIzs7Lf5eJXCilzmVJaEVs1TeXlP8qH9F6F8FnCa8zs9J/DzaQyQ/Xna9itUvrgymEoZJkmFRlJs4eOGRVJUPws4zfndx13YxoBs7VepfHFlMJUyjDyvlxVb+LhBJEXVs4DTnN/pOYHKIfExgLB5e1uAxom07FeofHFlMJUyjDyvlxVb+LhBJEXVs4DTnN/pOYGfT2OAGJMbywM0TqQD8jUhRZkdrn7IfZvsJ2XFEu6/QqEQBkajSt/qhFR+NxQKCVKJYjwxH3T7AbjZ7xnpKsHIhEe/kS7JRvbP6SJdJRiZ8Og30iXZ0JiVqZpNukowMuHRb6RLsqExK1M1m3SVYGTCo99Il2RDY1a+1Gxo3s1LRMtwU0RJNTdWxTv4oiQn5ZNsSiDJ4EowsgoM9c9JkXG52a+R+bxZIz7ZskoA+X4Pv/J8+s/yS3h9DQ0NDQ0NDR+RUwJM1IgFvvtar/lXryTv++5rvYJoIoMCIDJxhJdJIhKMaoWnE8lF1d53X+vFzleSlWfi5JesJj7GoBF4/TWYX1XY//prI4JokhR4cagtyQP3YnWtYoWnE8lF1d7rr41gm6IfcfJLVvaPjd8JvPtjmPhK8r53f9wliCYyKAAiK8KoSDCqFZ5OJBdVe079iJNfsrK/akNZ4FLHiLn7SPK+Sx0jgmgigwIgsiIML5NEx6hWeDqRXFTtXeoYQUjRj/M/vSmC3tngdGefMqAhbyfSCX9IV5BYPIFUXeLXMV/tOAen0hcDw2FbeQnePx8QON3ZZ3qx3/a5sAC53F+ZBCMHJzhpRg56qNpz+3z8ePDjRBAASYk9SuRxYgxfef/4kc2OCgAUoO6/OIxtVSFcHhnE8MpEzXUqEcFVYETylZ3bH+c50n8/gxay/WEWTKZVHwBsxBi+8r55T72jAgAFqI1BA1DYX7ppHYybYzYVGApm83ONQRqvcmA/I8IAdnLLzHhMJBQ5MYavvN+8vc1RAYAC1GPjd4CqKgwYUfSEB0T766rXg8g3BLo+P5dWrNL/TEkvKpQ1lgdKy4MY7gqbADDDgskzUzGRUOTEGL7yvqyx3FEBgALUC5NzQAiIzE7h1uikaL96TwPGLw7ZVGAomM3PJXIL/ed+Pwvpc2qDVkSacnB7KPaJ8E9f/lQrfvJ+T1Jpuqb6Gk/kj6baCvAyepwQEyfI2MofkS9VJPr8DngJIoyb/a2VQfUKfxf7Hcrm2bJ88hjh1X4VGSkdKMv4KMjaXMWQl/RMpX7ilJh0Ir44HZc8Py5G14WoKK+UqT9U9Y8nEmn84WoJfBUlJ0lyu2WFLqdnB9V8X3UcT4rStr5ug5VXysx+mZAi+34isVi+PmR7X1YVspEkuc+n450Sk07EF6fjeFKUtg33DovySgCw+9D+gJOCmaP9EiGF+14gQX4h/8rfrypfaSNJcp8vK3Q5PTuo5vuq43hSlLZFbk8nyisBqG+rCTgpmDlBVWpN9kNTsXtWkjA+Z6X3RBbk/or7RDjMfQF4Lheh8qm0bWA4LMoLZToePOz2q/yR6r1q3NjWvCon8Si3Mg+q7Sqifdr2eyy3ahs3ckWAcSHzqLariPbpQh4DUpWjnhmP5YwAoxqT3PqlItqnbb80BqQqRz0zFcsZAUY1Jrn1S0W0zwWIwB4ntjvGTPi8OaN4rOQzifzhpMySTglpJ6h8NF2vtTKYRIKRy50ud/s1NDQ0NDQ0NDQ0Cgk5V4AhEgyQUFb57mu91gNWXBkmlSKME1QBXjfSjBO+/b2L+N6394jXcfiSBCESDJBQVnn9tRFbX1P1zwmqQIkbacYJf/Odbvzrf7tDvPbTfkGCQUJZ5d0fW4FlUoZJpQjjBFWgxI0044Sffb8DX/iXR8RrP+0nEgyQUFa51GF9/qQMk0oRxgmqQIkbacYJ5396E/v/ZJN4DSBr8svXjxwMEIGFyCSyskiqxKZEYrGRYJwIMZz8Qm3QinYVaKU/lZlQEF+y/R4ETnf2mZnYn0lwxY004wROgmH2+77qgZer4GV9ZH8mB53fOztv20aJuZq6zUIBAICN/EHHySWQ5CAwL7fEk365AC9XQaQUOSkaHzNt53VdiNq2UTmKilC9UABQ2T8jkV+obX5NXm4p1BgSbecCvFwFkVLkpCiApKDzwKWIbeU9l1gnBQAANvILHSeXQJITp7zcEhFmcgVeroJIKXJSFEgmnYRvGLZtXGKdFAAA2MgvAJLIL9Q2vyYvt1RcWZKR0otXNNVWCP8SL0Nn81df/lQrYJWms/mfodgnsl8OuJWkoHGnqbYCA6NREAESSE5M0vbOnn6bqgxvP1syCLWXyn4aD2R/PRT7RDmGlcfLJrFfrJlqjEhlf7qlPtzgtuJcJjHKhA/VOGBTj4mrYoWHFsS4YpXKSxDAaV6tmmeryiVxPxwemcPjRzbjw1/exGOHdpmZkmBS7ePKMPJ44KbSRVLj4ZE5Nq7U28ZRt9r0qnJJBOpT8556RI1Yxva7kUZkEiP5fO6bieyi8t1lVQnSDI0rm9Fmey5IkOWDtvfW67uOzxLUp83b2zAdMXDpzHmTFGDSst+FNCKTGMm/c9/sptK1qnylIM2IcaXR/lxA8356JuDPAapySQTqU1ljOean7mG4K2xm8jzgNu+UidyGwl8R2YO/p/0hRhqhMkDky7yQQFTlgrjPNAwD7a3NMAwDA6NRrgIZeMjtTwUzU8UQ7pu3NQfw3tl5PPlEdmQYaiPbEktxn5jyPhw8ss8sW1ua9bhZ02ARMdv2ZTf3oDayLbFUtrYUB4/sS2n/Y88+aspz7nQRGbqLqoY1GLgUQdPuquzmXfE2si2xtK56PZH4Xe3fuWu7Kc+508Xs+BxWV5cgfMNAzebs1DeojWxLLBVXlmDnru0m0Js3RYuB4bBj+c9s20hF/lA9u3j0g6bX5wVSg5FJMMvcfg0NDQ0NDQ0NDY2CxYp8XCRqxAIAQEQYAHjppUrlsW++OQnAXjopU4KM3CZeSibI/NUr2/Ht7130nfjCYQwaAQAgIgwAHHpOvTr1zNtWkJ6XTsqUICO3iedqkwgyX32lDn/zHcN34gvH2PidAAAQEQYA2p7Zqjy269Q1APbSSZkSZOQ2257ZmkSQeforbfjZ9+/4TnzheO7lTwUA4O3j7wv7N7arH2xvdVqJLl46KVOCjNwm2muSCDK7j9Th/E9vCuJLJqs9PSAAWEQW2kDBWhm06pCXDlKUSArQqn7+ecnkFxEEoKSepI5CbVNSUlHn2CwE+zMlyMhtqlRwyP5cEl8IRP6gmsRAMomPl8vghJnA9DzqggvYVdco1F54gvHyyCCwssxGYpHJL6rVmNRGrskv8XHA+ho2hmxlMGz2s3IZnDDD7Se1l6gRSrKfk1hk8oucmOClkHJNfomPAwCsYDIvg8HBy2XYCDNF5aiqDlmljuJqLxFGihkwoqJtfh0OWTGAl0LKNfkFSBBXiitLbGUwbPazchmcMLPqEaCmutIqdRRXexmdmhfnRWYTxBp+HQ5ZMYCXQvKZ/BIAkokj5Ie5H1KVhyN/HwqFPPulo+2tONnZY/LySKF4OQuCGzmQVrzTuX6QXjg4uSSV/bxsBiO+JNk/MBxWEl54CT3ZXi/2+0GCUa02V6mOkA9UKpJIJeKcSvwQCdKJ+OFGfFGBr/w/8MKmpHJIHp95kvytrObC/bBqn1yqTkWWpO3GIJJKKcn3Q3Xvlfazlf+cYJkOVAotspoL98OqfXKpOhVZkrZTqTwguZSGG/FFBb7ynxMs04FKoUVWc+F+WLVPLlWnIkvSdiqVBySX0nAjvijtZyv/OcHSC17tOGc21VYoFUpkNRPus1T75BXoTr6cygDJpYRURBAvc2lOKqS2057rPcT2c5IiJ2Bwn+2kxiKUwIb8KQVU01CM987OK581nPrCCSjcFq9qKJyk2NdtCHVHmdzppLoilwrMyv74Z6B61nDqC73v6zZstkxPzHi6JicpDvcOC3VH7rOd1FiI1Oim1pIOSquDGLgUUT5rOPWF3g/3Dtts8ToOcJJi5Pa0UHfkPttJjYVIjW5qLWnZXx5E+IahfNZw6gu9j9yettmSS3I8zXEpBnO6s890ipGkAz6HJv+pUl0JKYiGMuHQqx/k56ja4tfgajA9kzFlf5eb/RoaGhoaGhoaGhqFiqJ8XoyIMECCiMLJLVeMURFkIPKLDLcAttu+qBHD1X4zFZkkp+x2IsIAzsF5SkI6ybd7WVXrcG2EhxZSJQByaj8RYYDEqkxObokMxUSQgcgvMtwC2G77xsbvIDJ0N5UaTE7tJyIMkFiVycktxuiiCDIQ+UWGWwDbbd/C5Bxmx+dc1WDq22p8s5+TVVT3Vw7WAvbgrxy8baqvweH2FkpMmlTSAhZJxaTAuxMGRqMwDMNxVSbJ7+Y6wJOp/Tw44fgbTyFX62Z/Lr//VP6neU89Hj+yWSQ85aCzCs176tG8px5m2SoMryyziB5xzJ+/im23Y6i/Ny2O5ecQnBKPtI/+6LzHDu0yqc9+2h9qDKF5T71IeLqpHQg/0RhCqDGktD94fRAH7kLYT4QXOodAQWxVAL8iFBR/dJ7v9sfLH62rXo/N29tEwlMOOquwrnq9RU5ZnEJPeEAQXQCgqmgF9lVVobWmSRzLzyFQEJsnU/k++qPzHnv2UZP67Aeo/FFxZQnKGstFwlMOOqtQXFmC4soSzH9iKbwQ0QUAaletwqOhddhYWymO5ecQKIitkjMnFZlV5SvFedODU+b04JTpowswAYtkcbi9BeXBlWgIPmLzcXJijgKv7a3NaG9tRlNthQlGSCQFsJOdPeL/wGgU7a3NjsQXle8rD64Uf3QurHJNpo8B37Tt5/eB+oRkQmaA/anOych++V5ngv6Lw7byRjbCiuK96jX3z/JKeCtJuuDqO6/2m2K+y1+nen6QxyIaE9Kc69vKG9nIO4r3qtfcP7fssCdDuGqOU2LWdo/Y61TPD/L9pDEhzbm+8Leyr1e9V73m/rl+u53MSklSJ79OzwP0TMBfp3p+kMeiOBEzLfsXJuds5Y24r1e9V73m/rlqg6TuFk+SOvl1eh6gZwL+OtXzgzwW0ZiQ9vNufD5K/kX2ObJ/kl9zXyavYp+K3bOXBVJgKPaJ8Kv8tRPkEnTi2SP+zJGO7fS88bDaz/1Z14Vo0lzfTR2Ljw+yzyYyiwryPl4u2o1MEx6ZSyoFx8kv2YBIMPJc341Mw8cH2WcTmUUFeR9XWXOzJWrEkoimnPySDYgEI8/1nXy2PD7IPpvILMrfnLSPzpXHGxnTEcPm82XySzYgEow813crLcTHB9lnE5lF+T2W9tG58ngjY37qns3ny+SXJUKgs6c/yRe5qvlK+7jKFp8Pq1RPZKKhU4m5dOFEfpHB+8T7u9zt19DQ0NDQ0NDQ0CgkrFiKi5K6C5FfrhijePPNSbFqkkolAcnqL5/bWyfOIRBZZGfI+Xrffa0XZ94eRVcoiKv7TNEOAHzv23u4AkzOQeouZMPVfhNn3h4VZSioVJJsJwAhCcwDQ0Smcaqd/dVX6vD6a8AHHTcQagwhvCNkkxb+1/92B1eAyTlI3YXIL5GhGLpOXRNlKKhUEpCs/rJtf5U4h0BkGlndhV/v3R8Dl86cx7rq9ajfXi/aAYAv/MsjXAEm5yB1FyK/GKOLuNUZFmUoqFQSkKz+sn7nGnGOeGCNk2lCtWscr3epYwTDXWEUV5ZgdkOZaAcA9v/JJqEAkw+QugkPuLJ68+AqLnLQtqm+Bk31NbaV63LQWHW90519GBiNilIUPKDMVWDkIEwh2i8HRsh+p9rRWdifFTjxxUnxBYA9SRdffSiv/ieFlpFYMTAyKMr9DEcMYGUZAtPzaHLoB1/h6ESCof+kPMP7n0n5B36+m+IL7xMFxinpyYPkpNDiZn+lQz+4GoETCYb+k/KML/Yz4ouT4guQSDhSYJySnjxITgotkXFrG5U76onH/NYVlQNry5T94GoETiQY+k/KM7z/v3/n44zsp6Shm+ILkEg4UmCckp48SE4KLeHxSaA6Ue7oFqz/qx4BUKZOcnA1AicSDP0n5Rmp/2nZz4iIJpFSnBRPuI8bin0iSvTIpdsoGEv+i9ReAEG2dOwjL/vjRAKh/6S8Eg8C0zUCGSrCmNR3P+yXAuem17EqE/sBwDAMM5Nx8PdnLgceO7TL7L84jJq6zcrV/jyx56QGII8XQh1AWrHef3E4Xv4ouf2ahmLHckdX+01xbU5+CY/MCcJNJqUjyH5j0EBFqF65mp+PQ26r/WVyDB8jCMagoSz1J85xKHfE7yUnv0SNmCDcuCWqXRAAYI6N30FZVUi5mp8nHN1W+8vkGD5GiDny+B1s3t6mbL+0OuhY7igydFdcm5NfpiOGINy4lXFKZf/C5BxWla9UrubnCUe31f4yOYaPEYSFyTmUNZYr2y8tDzqWO5odnxPX5uSX+al7gnCTiRqkKCsa95ly2TXZD6n2y76J+yc5OUdjjKr98uBKx3I/3N/yubhhGMp5drqf/8BoFKFQ6GG0P8mHyeQMN3UYGdx/k6KLXBrpvbPzSl/vBFnlhRMKnebpmYJIMKptKnUYp+cj+b5xCDs8jleyygsvw8efCfwAkWBU21TqMDK4/yZFF7k00sCliNLXO0FWeeFl+PgzgR8gEoxqm0odRgb336ToIpdGCt8wlL7e0X5J5YWX4ePPBHlEAEgQ22kBlVwGjhRNZELgwHBY+FovkFVODMNwVNvikFWHvUAxd3dVh1HN3wvFfg0NDQ0NDQ0NDY3ljLwSYCpCQTNqxOJkEzvhpGVHSAQiVOovP/9oBJ/bWyeIM0QgkZVS6DgVKKjbdSGaKAtkR05rnIYaQ6YxaOBvvmMAsBM7LGWAekSNmFL9hYI+ZPe25oCola06TgUKkvd1G/igw8i7/euq15tj43fws+/fAWAnnJAywHTEUKq/XD0fwbb9VYI4U9UQRGQolkR6oeNUoCD5cO8wLp05n3f73z7+vrkwORcnm9gJJ6QMMD91T6n+cufKXazfuUYQZ0K1RTBGF5NKGtFxykBUPEgeuT2N4a7klSTDXWHTTxUYxb00ASjJFl8/cjBAAQZVkpAe+ok4QsFgOXDsVjeZX0O1uj8PNY4d7adkwcBoFLmyn1/DQd3AN/sfO7TLTFnqKJ7QBOwJO4ITCWYYq5ISfqryRXS+qs3+i8OiDX6MPRCdIMKkSwJ57NAuM1WpI24fLznBxkslCWYYq5LKG6nKF9H5qjaJbEnX5iQYNmJlbv+zj5qpSh1RQhNIEFN44NmJBDMWnkoqbzQ2fgfrYCfA0PmqNolsSdfmJBiVLemSYBYm58xUpY4ooQnAVnKCoCLBzE/O4dboZFJ5o/nJOcgpJDpf1SaRLenanASjsiVdvzAwGjXbW5uFL1KV+pFJgIA64Se+jZYMt8mVXsT33zBMVckJ2UfSts6efpE05MfY/GmcCNPZ028OjEbT9YumG/ElU/uJlCLbmiv7qW1kSIKRfb48FsgEDCeoSiNx/0lt0ryYjy0EPldWlQWituTkYiZQ2q8Y48j3piKaqEoj8fGBj7O8jKBtPHRQXJPHIFltJhPsPrQ/cOnMeVP2+fJYQL43FdFEVRqJjw/UZlXDGkSG7trGFgIRXwB7UlUeg2S1mUxQ31YTIOUv7vPlsYB8byqiiao0Eh8fqM3V1SWYHZ+zjS0EIr4A9qSqPAbJajOZoKm2IjAwGrX5JJWPowRcqsSdigzIE4vcz/L5MYeT4paspOI0f87g2cdU2fCQ2J80F1dtI2IMJx2mbEtBdEmnXBK/pnren5PYl3IbEWM46dDLvVSVEfQKfk31vN9/qObVnBgzHfHud1VEl3TKJfFrus37/YRqXs2JMZx0mNJ+BdElnXJJ/Jpu8/6lRLzENQDY5qrk/1Rl5LyC/Jxc4ieXULXP/Xc6iivL0X4NDQ0NDQ0NDQ2NQkBeCDAVoaBJD+lOQQ5ajahSf/nua71CNYaDiCJcTeZze+vw3dd68dJLlTYiCanA8JIXDsGBjFa9uj6wNIZMCjK07Nistj++8lKl/vL6ayNCNYaDAvpcTebJJ1bh9ddGcOi5WlvA31KBGWElL9TBhv6Lw77bv656vUlBBqcgB628VKm/vPvjLqEaw0HkF64ms21/Fd79cRfantlqI8dYKjBdtpIXKjCpc9/sf/v4+yYFGZyCHLTyUqX+cqljRKjG2L5XcfILV5NZv3MNLnWMYGN7jY0cQyowvOSFMjgUD9qXNZb7Zj+t6kl1T1/tOGeq1E9Od/YJ1RQOOegLWMHb0519Scowh9tb8GrHOfPrRw4GiAgjX9spAOMDTMAioDgFGgzDwMBoFLm0/3Rnn6X+4l4qypfvf0IFwCKuUIBbEF9G5vBBxw0AaoUYLt9N/pGOVUG13W1lJZFp+Lk8qVpTVyL2Z6KAklABsIgrFOCmtqNGTLSvIsqQvbJyi0x8YWNM0jaZ/CIfT6QZmQhD/2l/Rva/83HgsWcfNYloQgFuIr5MRwzc6L1D40MSUYaSkrJyi0x8YWNM0jaZ/CIfT+X2ZCIM/af9mSjAFFeWBBYm50wimlCAm4gv81P3MD04RccmEWUoKSkrt8jEF3a9pG0y+UU+nsrtyUQY+s/2B+h1GggYhmF2xskqU7F7aK0MCuLHVOyeIAKqFGLIn8nKJfJKd/F9VvhVt5X17a3NQnVLJoLQf6bKlYkvDBiGYRpIBKz9sN9p/MiF/WxFaMZjwQcdN/D4kc3K8jpEROxnXHhScpHPk/06HcPPSSghJkgwHCrCOEcSSTED9RfFfFqMf9yP02tj0IAxmDyOyefJfp2O4eeQvZwEI9vjliiWx4oM1V/k+TQ2b2+TSCYJnz42fkf4WSBBUpfPk/06HcPPIYILJ8FwRIbu2kgwMuSxIkP1F3tfB6dQ1liuLFdERETuW4mkLp8n+3U6hp9DBBdOguGYHZ+zkWBkyGNFJuovYOonQCJ5aSNZJIh1NiI2VzKRz5PnynQM91/kOzkJhIN8r+NzuuRD/VA/8WI/vwcPgP2Bvm7D5ApSbuQMPt9N5Z/8gPxc4Xos63ucNJJyHDzXcSFw8Mg+c8OW6pRzcHl+n+pe+WK/9FzhBt7329fHca7jQiAQCHia95NPdpuDy/P7VEowfkB+rnD13azvN3q78Pt3Pk5p/5XLvYGdu7ab5JPd5uDy/D6VEowv9kvPFW7gfZ8enMKVy72pzPcjRiTHI9BUWxHo7Ok33eb/KrRWJu4llf0h3+mF8MEJIlyhN5X/6+zpp/LcKYktTG3Rdqyq7+kiB/bnukS4hoaGhoaGhoaGRk6RKwKMyR+wORlFLunD6zRz9ZeZ8CC++1ovokYMh56rdbyQSi2mpq4E752dx5sjyUQY23GKYEtNQy3CQwucCCMebNKxnyckORlFXrnEAzJc/eWKMYrXXxuBMWgkybtzqGyrCAXjKjexJCKMfJ+St22mxERW9vOEJCej8NJF1vtEnebpCATJpedaN979cRfGxu9g96H9zg95CrWYsqoQBi5F0HXKSCLC2L47imDL7ur9mBmPcSJMRvZzyVtORuGliwB7nWau/jIW6celjhEsTM6hvs15RZ5KLWZV+UqEbxi41XkviQhjs18RbClts1aOUvmLTO3nb0529ohgBoCAU7ADsCcAKUHoRthQBXSbaitgGAY6pfIbmQZlvpGB/+NvOKlFBk9scvWXfNjvtiqJEWEy+fwBJIgTtBJeVmkhEkpNXUmSL1aWaZBX/UvbVPtSgfpASVj+P9PSP072fxAnlNA1iIRSEQom+WKeGJCJKVwtJtW+VKA+UBKW/8/a/jhxhEoJiURnb9x3xUkoZVWhJF/MiTAyMYWrxaTalwqlDXUYG0okYfn/TEsfiXEoTiIkXzocT3ROI0F8oTIZsi/mRBiZmMLVYlLtSwXqAyVh+f+yxvKAlzacQKopFLw2SIEKiVJGA6NRlAdXJvkxVZkG/h9A0jbVvlRoqq1AZ0+/8LGddmWsbAO+ASBRSuh38a9jIdtPvxjDB/uJBPhBxw0b4bBfqjY6O2pgzerVMMtWCVILANtrwCK6kE8ngggfO4jgwssZyfN8udSRsiSdYnV9/8XM7e+/OGwjHBqDzvbzMVI1XpJPJwUvPnZ4UVWTSx2pEqHyuGmRIdO3n1RgbvR22QiHnPACAObEIooWF2FWrxCkFgC214BFdCGfTsRKPnYQwYWXM5Ln+XKpI1UiVCa+cDJkOiAVmOnBKRvhUCYTxmZnEFqzGnNmkSC1xMcNeTwRPp2IlXzsIIILL2ckz/PlUkeqRKhMfOFkyAz8n0n+hYgeDuqLiI8VYpucdGxvbRYJvIHRqE3R8XB7S5KqFldapDm4XOrHiTgoz4kdFBP9sp/8rJmO/USop/m9F1WxPNkf6Os2TNW81gmqZ4BcIJ1r8JJz6YyFRIIpW1vqWVklnXuVlf1pXIOeIaYnZnCu44Jn+4kEw4ntKefKimeAXMC6hvc+EUkznWcBIsFwYnsqqJ4BcmJ/GtfgapFXLvcuBfmBq2iJZ4lUJBhO/ADsBJJ0lE5YLETuS8p+d/b0m24LnlLFYnomY8IO+u+VCJND+zU0NDQ0NDQ0NDSWNXKmANO2r8KxFBEHJ4ZEjRi+8b/9d7GPyiJlEuSgFZBvvjmJNzGZVgDkySdW4cknrL6/d3Y+qX6zF7TsCDmWIpL7CliBaWPQwCv/4jdiH5VFyiTIER6ZQ0UoiDNvj+JMmgGQtn0VQqmn60JUWV4kFeq31zuWIuKgFZmRobsYG7+Df/fP/6PYR2WRMglyzIzHUFYVQtepa4oAiDuadlehaffTAKza0nIg3guqNpQ5liLioBWZs+NWEvKtH5xKBGDiZZEyCXLMTMWwqnwlbnWGcSvNAEjN5pCoMR2+YSQF4r1ARbxoqq/BwHDYfLXjnK0cDxgp5ifv9ySOr82uFAEl99INtpD6ixtRJxP7VZBX+Ofafi8BkKb6GiGDPjAczjT4b93UQOAYgJf5tn1PtB2nhGjznvqk0gxyEk+WKZdLGrntcyutxPvQf3EYF852vSz33TTNE9l8Bk72U0I01Ggf41SlkWSZcrmkkds+t9JKvA/GoJE/+5/ZcZwSouuq19t8sqo0kixTLpc0ctvnVlppXfV6jA3dQWlDHWaGRnDhVLfv9p/7xw+T7H+0bftxSogWV5bYfLKqNJIsUy6XNHLb51ZaifdhYXIOH3f12vqJLhxrf7L9RKa+h/t3eh3fblJCsL21Oak0g5zEk8vzyCV93Pa5lRaihCLzs4FU9mT6M+BvBkajBWO/lJwNZDvmyOAkEP4egM3ftG5Zf5zPlsyyxNw5MD2fRI7hqmFEZmnbV4Gr/WYSuYW/p7ElH6vtub1cTStT+/k8nKuGUZK2ZUdI2MbHDf6eJ3VzXfYCSJBgiEDCSyNxf7t3z/bjReP3E/ZXJx5NA+P3k8gxPLlKZJb67fWIDN1NIrfw9zS2pFIm8AtEgiECCS+NxP3t5s3rj4fWrBbnzZkJ0npJYDGJHMOTq0RmqdpQhtnxuSRyC39PY0sqZYJMoVBOtCnCIDmpKfbFyyaJr4DcBp/LyiqOA8Pxkq71NaLEG/e7pzv7TJqTu5E/coBU9juNE6728+Qq2dNUXyMIk9w+/j6f9ufDv+YatDApE+TDv+YaFaEgpidmMjo3H/4118iU/CjPuZcrsiA/+gY5/tBaGUwig8ikDyBz5RQ5XjKQISk+W/9K/ZeJMCrb8mi/hoaGhoaGhoaGxrJFrggwgTNvj5pdF6J46aVK5QFvvjmZtE9VA5mSo1eMURyU1F5+/tEIPrfXrgJDCjNOMuAy3GR3X39tJO2HHjr+g44bZl93yFG95szbo0n7VGU8qP9X+03slG7Pe2fngSdGbSowQlGHkWBc7XdJBPzi9Z6M7b905rw53Lsebc9sVR7Qdepa0j6SzeVIrO6MAVJTV89HAHTbVGBIYYaTYNzgJrt76o13M7Z/uCtsRm6XYGO7Wr3lVmc4aR/J5trsjydHjdFFrJP4RHeu3AV29ttUYEhhhpNgXO13kd29/puBTO0XxAtZ/YTIFVTWJ/7afLXjnK000asd50yWMMVU7F7SKvmB4TBQX2PbzlcvcnINlTjKltji9fMn1QMn9Rey33ZvXJKPmdifqk3AXaKXraDNePWPaZon4iQIgXji7zhPYso+2Um9ReWrvZSqkIkwMglGJn9Q37P9IjjZvw8WCcZpBb5T0F15vzwo3chEGJkEk1f7T3W/vO8ZHHdaIUoJShVUvtpLqQqZCCOTYGTyi1/2H/zDAyfiJBiBj7t6XyYSjNMKfCflFZWv9lKqQibCyCSYJPJLvO/ZKMCQ/1GteB8YjZpOJEFK4qmgUrwisogbZCIIJQJDoRCRQAJO/c/F+FAo9jMSTCBXgW5ZSer3Zy4HZJ/Qc/3Oy61b1h8HgDWrV6P+XkJBD0Hg+uisUEmRxw1ZLUzlJ8nfO+1XjTE0rshKNEttvzxuyGph3M8TyN877VeNMVxtJxvsPrQ/IL//v//d/2Oz/6OLvS/v3bP9OAAULS5iXRGbC9cA4fFJoRIjjxu0qp+PG/K4Qv5+OgLlftUYQ+NKJgR4jvq2moD8/u2f/NZm/40bd17evNn6/ENrVmMV+5kvogix6YRKjDxuyGph3M8TyN877VeNMTSuZECAD6TxXhBCUiQaA0DKUhluc1YxJwfcS2nIpPQ0SPSZ3o90zklSFigPrgTiZfacSlzQan6Dvc+H/ekQDbsuRHOqBJMu8dEPkmQ6RMO+biOnSjDpEh/9IEmmQzQc7h3OqRJMusRHP0iS6RANI7enc6oEky7xMVckSa/gZEry+692nAv85P0e88ufanU9V0X+SKf8T6rYiFek04ZT/7gaDEFFeClE+zU0NDQ0NDQ0NDQKCUU5bDsQNWJ4/bURW9mfq/2mkvwCWIFn+Y+fNxNO6HBfMUaxrTmAK8aobTu/lpdkaU1DMc68PWrb/t7Z+WzIL+I8Y9DAL17vsbUdHlpQkl+AuAyw9MfP4+WjrvabqGkoxtV+07adX8tLsrSmrgQfdNywbe+6EM2G/CLOGxu/g1NvvCtkxwFL6UVFfgGswLP8x8/rudbN3sficucxaftdW3uqIIh8zUtnztu2D1yKZEN+AWAFuRcm53D9NwNCdhywlF5U5BfACjzLf/y8sUh/4uF0dBGrq0tgjC7atvNreUmWlpYHMdwVtm0P3zAE+YXKeGSK0519tmTeVOxeEvnjcHsLmmorzFc7zpknO3vMeMmkAKxEoXgY54k+Sl5Oxe7ZtpNka7z8hue+xwMsJKnui//zaj8hFAol/XG7vNrP23IKgvBrdvb027YPDId9Ib8QZCIBKcDwYDdXfPmg44ZIugnCijQeeB036Hxqj/s58rHNe+qx74m242599tv+pPIVTPGl/+KwKJdBAWh5PPA6btD51B4n1lSEgqgIBRFqDOXX/rgCDA92c8WXG71dYtUlBaDl8cDruEHnU3ucWFNWFUJZVQjrqtdj3zM7cmb/c19+ytYWJ7/Iycb5qXuYHpwSqy4pAC2PB17HDTqf2uOEllXlK7GqfCWKK0vwaNt2m/0H//CAb/Y31VaIP7q9RP7gpX64f6SkGyXjGoKPKMkffB//I9D51B73xeXBlSgPrqRkqCn3NUfkFzTVVhSs/UuJnut3Xu65fuflu7OzuD5xH9cn7mMkZvnyLWtXoC64YPPlfI4v/kv+j48Hsn9Uld2Tt5FfzrYcnJ/2ky+3jY/x/+TT5bGB7+Njimoc4aDxIh/2f3Sx9+WPLva+vFhUhPD4JMLjkxgPT1h9q65Edc1amy/nc3z6Tz5dHhv4Pj6mqMYRDhovNm9vy7n9N27cefnGjTsvG3dnEZ2eQXR6BkWLFqG9oqwUi0VFNl/O5/j0n3y6PDbwfXxMUY0jHDReZPsckGMIhTF5zvr1Iwc5aUY8E3T29CcRO8gfus2XCwGcKCQrf8nzfm6T/Fwh25rC/rQ/f8cScy6E7VyWQXJrW9Unr2VUneBEIHFTlMmlao5b26o+eS2j6gQnAolbadJclkFya1vVJ69lVJ3gRCBxI5XnsgySW9uqPnkto5pLyEpfjnOnyZjtTwU3MofKzxNpUB5nvMKJQOI2pjj1MZV9ebJfo0Dw1IEWk//pO6KhoaGhoaGh4Q0rctx+AADOvD1qnkEiGSeTXzhphcBLIwFWgvTnsBRfrhijQurcCmpYKig//2gkSdFFTrCqcOi5WnRdiMqljgJ+2f9Bxw0TsGTL6Xq24Iuib6rE8HtnATwxqpB5L8a25gDeOzufFHSSE6wqPH5kM/q6DXmlp2/2k+T5uur1AJBEfuGkFQIvjQRYCVJSfIkMxYTUOQU1qhqCuHo+kqToIidYVdh9aD+Ge4dxo/eOr/bTyk+SPC+utD4LmfzCSSsEXhoJsBKkd64A2NkPY3RRSJ1bQY0ShGqLcOfK3SRFFznB6tBPRG5P21Z6ZhPw/vqRg4G44oqo28z3y+QPInOwmsMmu/+B+HubpHe8XStJyaS9U6xiT9umLMkwnu2XIQLRLAhBx9F/EZxg9suBDnrtFsggFYBMpX7TgRP5hYgvAIQqi2o1KC+RpPKRVLqN7+NljuLfeOEbyS/G1beOXzjb9bKf5AeV/SryCxFfaJwwBtWrQXmJJBV5hlTU+D5e5ij+rQBgD3CHGkPYh7bc2+9AfrGIL5b/pfJIqtWgvESSijxTv70+ye9TqSVZypwHuC0SDI5fONWdU/udyC9EfKFxYmFyTrkalJdIUpFnqjaUJfl9XuaIgwe4iQTzcVfvy36SX2Rw5RNO/iDiB5BQjeHHEHiJIBV5hFZG8n00TvDxgnws95mGYZjIfa17k0pRFJr9sEgwOU90y+onMnqu37GVBro+a6mi1AUXRDkg4Qel8UAud8Tn0zROqBKhqnEmPDKXtfpJruyn5Ko8HsjljvhzgJv6jWqciRoxG9nGL8jqLzI+uthrK41E6i/VNWtFOSRKrsrjgVzuiD8H0DihSoSqxpnpiJFx+Qs3yOovMm7cuGMrjQRYqjCLRUWiHBIlV+XxQC53xJ8DaJxQJUJV48z81L18lr/wxe9wJSuuFiOVZiLVGUelRq6mksv5cIb3yaTkKpXI4/95uSP+PKEqh5f0vCHZn4UqWCBqxEyn+asKNXUl6LoQFXN4N3Ver+BtkMKM07VVfYvPj9P+7M91XAgcPLLPlAkwbqoqFaEg+roNMYf3Q4GGt0EKM07XVvVtemIG5zoupG3/79/5OPDYs4+aMgHGTVWlrCqE4d5hMYd3U+f1Ct4GKcw4XVvVt7HxO/j9Ox+nbf+Vy72Bnbu2mzIBxk1VZVX5SkRuT4s5vJs6r2f7WRukMON0bVXfFibncOVyb8GQH8mPey3vw0koboomFHuS9/MSrun6v4HRqCm3l04f3I5dBvZr5AhPHWgx/+JHR5O2/fbDPv05aWhoaGhoaGikwIp8XMSN+LKtOSDILnwbYVtzQKidhIcW8OpQQu1FBLyHgPcwKLYpAxyK7RRssfpg9e3NNyezWvWifLhwIb7Iq05VBB4q5RQemcObb84lBW3CI3PoupDY5hTgkUHBFqsPtQBqcebtUd+D3m7El6qGNYLswrcRLJWXuyKAfeGkffXnzHgMM+MxDFxKbFNBtZ2CLVYftgLYiq5T13wPersRX1ZXlwiyC99GWF1dgtnxORHA7v1d4rtJ22amYgjfSGxT2q/YTsEW3odbneGcBb1VQeakVYehkCiLxB68BZGEVuXTgzmRYwyHYEm6wRUOn5Rg0rKfthFI3pwCGIYiaOFF2ly1vbOnH5SMpr4x5RffwBN+VP6o/6L6WCKqNO+pd0xKqkDbVf6Tt9l/cVgkNeU+UBmgQCBwzE8ShGz/PrQdNwaTr09jBRFWnJKSKtB2FQEyaoRsJBjy78bgEtgfL380Nn4H6FWPFURYcUpKEoGHg4gsKgLkush6GwmG/Lvs56kMkt/284QnlT9amJzDNKaUYwURVpySkirQdhUBcr7yno0EQ/5d9vNUBuncP354LIckGJF0lMsjcd/e3tqsJH84lQai7ZwYAlhEEFbmh9TBks6PXzsfAcSAYRimAWCAbeTl/nJtP0ExZi45+UUGlQa6OzuL67PAlrXAMFbFfXh9EgmGjw98u8o3qojnvA0aJ1Tl4ZbafsuHh5JIMHx84NtpjOAJTtVYytugccJP+1ORX2RQaSRShampWYuxxSmbQphMfuHjBSe+yAlOFSmet0HXuHCq+2VVedZsxwIvoNJIxt1Z61m6rBT4BDaFMJn8wscLTnyRE5wqUjxvg67xcVfvywcbDxRsECOeFA0AMFXkF3l+L83rSanRBCwyuE0NMUdl4bIF9UsmwfC+8+30/MCfA1RjCW9DpaiTLmSfGzVi7uXn4iQYp7iNGylGtc9r2TtV37JRf+Ftcp87PTHjWlaISDBOcRs3UowTgcdL2TtV3/yIg8k+l4jtTiASTGL+Xp/kn51iPKp9XsveqfqWjfoLn5dzn0vEdicQCcYpbuNGilHt81r2TtW3pVZ/STcGk0pxJVU5n4HRaJLqrmoM+UYa/Zf7JF9DFadxW6zkRmLJh/0aSwdSetn/l08k7dv/l0+I/ZoIo6GhoaGhoaHhjJwTYCpCQVNV7ojUSoh4Qui6EE3axoMh8irOVCs7ebtEdgEsok3UiKHrAmzXo76+/tqIL6thQ40hU1XuqOtC1Aq4NNj39XUbSdt4MEQO5qRa2cnbJbILBYuMQQN9gO16Vl9r8YvXe3yxf131elNV7mjgUgTTESNOPElguHc4aVsiGJK8ijPVyk7eLpFdAItoQwFufj2rr1tx6o13fbE/cnvaVJU7Ct8wMD91z0Z2iR+ftI0HQ+RVnKlWdvJ2iewCWESbhck5RADb9aiv138zYGaqAhMPWoia9apyPwPDYQyMRpNIIZ09/Tjc3oLD7S0yCQZghBe+XRGkdux3uqQYH5CR/amCIxSoUG1TgZNdALuKjlyOCoDq3mcEVcIvRULteCpfpvL1slw5D4a37asQxBevyTzqd7ZEiHTt3werFFGqYLV8f2S5ch4Mb9kRwgdx4ktB2B8nmijtf8b6/FMFq2VfL8uV82B4/fZ6QXxxu3Yu7D/3jx8m2U9EExWoFFGqYLXs62W5ch4Mr9pQhuE48cXt2qp+tz/ZngsijFyygvt0E1CvUueQySE80QfYiSCtlUEYcfJHXCHAVPXFr5JHL+7d4cl+AHjro0T5xngf8mF/zso7pesLvGLN6tXYv60atweHUH9vGsMry+I+3emMBDmG/CH/z/0k/y8rvvhJCvTbfovMiHi/k2YLghwDJJKZclJT3i6T3zO1X0Uu+dnfvZGx/UWLi9j+6BZExg2sKyoXJBhBYlSQKYkcAySSmTKBMrHdeu9EivzZ371x7Avf+KJ3+xXkEtVY4Pk5cs1qVNesRXh8EqseAebjJBgiqajIlESOARLJTDmpKW9fIlKkr0g1x2eEmSSfLKs1FigE2ceNoEPkGCCRzDQMQxDqbdszeJby0s+oEUt5P91Ua2Wlx/DInDMBhuIgkjKkUxmmVOWZMlV/Eb/3uApMquNkkgy9jhqxJKVHNwIR+XBZGdKpDFOq8kyZqr8QSAUm1XEySYZeT0eMJKXH6YiRRIqx+/LksqpOZZhSlWfKVP2FQCowqY6TSTL0en7qXpLS4/zUPcc4D/lwWRnSqQxTqvJMhab+wuFG9pBVb1MdJ2+X4kpZ+T/pWcOTLbz/Knu8tlUA9mtkCV7e6HN/fRi3xu/jmZ3lScc9s7Mc+MsnsLF6he0cTYbR0NDQ0NDQ0LAjLwowr782YnvvpAjjBFKB4cENDi8yudaDvT3of+g5S/FE7p/f+MXrPbb3ToowTrCRfDzIlysfjAYNYIf9gefxI5vxQccN/OL13DL9T73xru29kyKME0gFBvAmX67C2PgdIa1L2H1oPy6dOY9Tb9zJqf3XfzNge++kCOMEUoHhwQ2b/R5kchcm54C4tC6hvq0Gw13hpP75DSdVESeihwyFfLktyMBeuwUb0n4QlK67ZPY7lTeSAybpgpQBcq36ki5k9Rexkj9ekqKmbrNytSepAji1mUk5i0yJENnYL6u/UBCcSlJUhOqVAXxSBXBqMxNlr6WwX1Z/oSA4laTgq/5lHx+3VtlmJspemdrf+V5nxvbL6i8UBKeSFHzVf5KPd2kzE2UvsuPRtu2+JD9lFRKVf5bVT4jMMRW7Jwh7stIJkJzcc/GRgRRjxZJBpf7C7TcMA+X1Ndnav2zQusUqAVMXXMDW+mIADYIEAgDDK605TWB6PjEJKFslyDGy32/eU+9IdiE4kQT9VobKpf1EjpH9fqgx5Eh28dN+P1bPA1YJJACorlmLppD1/EYkGAAYW7SIH4Hx+wn7q1cIcozs99dVr09SeEmy34Ek+bO/e+PYkS8+78l+v1bPUwmkxaIiVK0uB6ohSDCARYQBgJLAojhnziwS5BjZ7xdXljiSXQhOJMlz//jhsVwSIr3g1Y5zjuoumczVFaowAWmsKlRCTEB65rE9BxE5RqWyplB4yfpZya2fMglGVb5TGfdgCrdeIR/vFhtxKiNKePsnv335uS8/lZXxKhIMJ5+4qawQqT0dJRb5eDcivaof0xMzYv8Hv/woa+UvFQmGk0/cxgkitRM50eu4w493I9Kr+sHHBK9keTdcudwT2Lmr1ZTHBk5ycQKR2tMZS+Tj3Yj0qn7wMcErWT6XcCIzkn9rb21OjnUyEofbvFdFFslBGegkEoxXUgtX+E0HBWa/RobgpY6ujVoKgH0jM0oCDO3bWF2Jz/31YWytXS3a0CQYDQ0NDQ0NDY0Eck6AiRox2+Tr7Z/89thL3/zMcRX55fXXRpQP7ER+4eotMpz20fYzQFxat8K2fdsrdXj9tREKdvge3DMGDZv9F852HXuu8anjKvLLL17vEeQYW6BGUrhRSbc77eNJYktaN2Tb/tmvtuIXr/dYpTmeaPPd/rHxO3b7T3UfO/LF9cdV5JdTb7wryDEcRH7h6i0ynPbxckqWtG69bfszX3wap954N16aY4fv9ldtKAtw4snbP/ntsfYn24+ryC/XfzMgyDEcRH7h6i0ynPZxdRcurUvbt/xBE67/ZgAfd/WK779q9Wo2AQDFNqUqikzEIBUYWq0pB7m/fuQgTnb2yFLdplvgJB34VAIpY/sJRH6R1Vs4nPZxJQFSgeHb4/fY12BHNuQHAMoyFV0XoiJhqSJ/2JOa9YnANpWZqytxUQvwbNOJfNivKlPR150oXaRavWlPaobEfrpXFaFgUsmjQrVfVaZiuHdYBKdVqzflADbtJ6JMWVUoq9J26dj/cVdvVvarylREbk+L4LRq9aYcwKb9RJRZVb4yq9J2cZt8I8FwkP+m/031ibFxKGZleHsmYzAMA021FUll4sjviXEgFBL7iShSHlwJA+oA71KoobjdE26bbD/ZqrIfSJBg3OxfbuovhGvDyfNeIoIgCIzErDnt7Kh1n1bXhmxljPY90XbcSeHlQbWflzHa90TbcSeFlxzM+yHP+7Ntc8BITtgTEQY1wHh4wppcTVhkkMDaIlsZo33P7DjupPCSqV1OUCipZG1/ZFah8hInwiyiCEWLlt2xWSuJHVxdaitjRKX3pH6lZX+uyqN6RYp5fSDddtzm+GwFfCGrwgRctpnys5HPCi+e+8hLfz335aeOq+auXhf3kJqvvM3LQiCaE9McmhNf3v7Jb3PiC891XAhw///4C3tt9hPpRBX7Um0jNV95WyrVSH6/pydmULa21EZ88YPwosLv3/nYZj+pPMo+VUVWUW0jNV95WyrVSP6sQORI/tzgB+FFhSuXe2z2k8qj7FNVZBXVNlLzlbelUo3kzwpEjuTPDYVAeElzzhzgil0qMowyJmsYYh7sZ7k3rz5aJsTwcnYyvKq3uJVGSsN+TZQoEHDyC+HW+H187bkGx3O+9lwDTl2ZwsbqRFrnL3509IEkwXCVG0Ar3WhoaGhoaGh4R14UYHjwQ0V+efPNSUdJVgIRVuj11X5TJDdV++RzaDXNmbfjyf3nasX+r75SB+Cp42//5LdgQRrfyBAXznbZgj8y+eXM26MwBg0l+UUEghiRhRRhKLmp2iefQytBP4gHwB8/stlGggFw/MLZLnG8n2QYHvw+8sXnk8gvXaeuiYCEEziRhRRhKLmp2iefQytBKdiy+9B+GwkGwPELpxLlCPwkw/Dvv4r8cqszLAISTuBEFlKEoeSmap98Dq0EHY4HW+rbamwkGAC2738O5c6TyB9eFEh44FsOgnsJZqdLiPGJ/OKb/TzhSYowFPRQ7ZPPIXT29ItgkUSC8aXkEWCpZWST8OM+jFRfOEgFBkjIovNj+Op/XgbDB5vyYz8r50SqL7YAVlwFhu6PfAyt/o8a9jIYy8V+XtaOgtUcpAIDJGTR+TFi9X9kva0MRr7sf7Rt+4lsEp68rB0FqzlIBQZIyKLzY2j1/3zlPVsZjGwQtylXPlEQUQZGo2gIPiKIH+TnADt5pTxOkhmKfWI7RuXjqC1BsHFWoSkIONkvft9xFRgn+w3DgAFgKj42UFtk+3JB65b1x9esXo27s9bqx9uDQ9jQ2IANjQ3i9e3BIXE8HUfnzI4a6Ll+52U2D886wZNPFZjlav/v3/lYdV7a19q7Z/vxosVFLBYVAbCUX6qqQ6iqDonXkfHE956Oo3PMiUV8dDGR1PMjwXnhVPexVGPBlcs9vti/efP646E1q2HctT7X8PgkaqorUVNdKV6HxycTv/v4cXRObHYGN24kPn8/Epwfd/WmtD/dufa+9tbkOVB1JU7++v2sf0P72ltxobMn477KhHvCN1zO+cbRTxWKCw2keL8kiC82Og4AE91ha+OOGiWp3YkUk7TQx4H8omojasQw0R3GBIC1O2pEn/Jl/we//OhlIsHci6/snwaUpHYnUow8p3eKnanamJ6Ywb3RWUyMzmJlXCkgV+QXBx/6MpFgiKw4hjtKUrsTKUae0zuRX1RtjI3fgTmxiPDELQTWFvk2NqThQ18mEgyRFQEoSe1OpBh5Tu9EflG1sTA5h9jsDGKzMwiuLvVtbMgnvn7kYEAqtY3Onn5TJsGoiCGMcL9U5MakUt4Do1HTK6klHRVgF/sD8f9mIY0NGs7gxJZsjlnuUJGDtNKNhoaGhoaGhlcsyWyJCC88IAI4k2Pk1T5ecObtURvJpW1fBc68zVf5PHX8zBLddCK8iIBAPDCtUoY58/Zo0mofT0GWjhs2kkvLjhA+GDR4EPz4Un3piPDCAyIAoFKG6Tp1LWm1jxdcOnPeRnKp314vr/JZMvuJ8MIDIoAzOUZe7eMFw11hG8mlakMZhu2rfJbMfgXhQ6xYlMkhPFlJ8ucpZNCzegjKIfElI/tPd/Z5XtnEQWovRHKhckd0Lb5yKhegJFkmRAhLqStRoiIwPY+7s7NYs3o1zLJVAJyl0/mxMhEmGzvyab+l1JUoUaGy30kWnR/Ly2B4XR1aCPZbSl2JlaHrispFwo9KXlgrNxWljvixrAyG19Whftnf/mT7iVXlK3HuHz9M235S6hIrQx8BotMzqCgrFSUvnGTRbceyMhheV4eq7OB9yTWaaivQMxlXM4qvVAQQIOJGU22FOTAadQz48pWM5OO4H5R9biESQrj90vgAxAPWKhUw+VjDMEwDSCJJLieQLwMWsKFRvfqRiCBPtzfi/NVx3J2dxZa1KzASK0brlvXHOQlE27+8sFiUUDapqlb/5okIs6N1E3o/vo7FoiLUVFdiPDyBvXu2H+ckmOUG4+4sQmtWYxEWKUQFIsK0bNqA8fAEjLuzqCgrRdHiIjZvXn+ck2ByjUyIPn639Q3/+xRQtavhDXwBCI/57N2z/XhNdSWqqkPo7r6JcCiY8TzdK8Ijc5joDmNH6yZExg2Eu8Nw8w9v/+S3x7JdDKWaA3/wy4/s9vfcRHRtLON5uldEjRjujc4m7B+ddLXfD8Knyv4Lp7qT7HcivPiJ6YgBc2IxYf/40tj/cVfvy5s3rz9eUVaKmupK9N28jeKpzOfpXjE/dQ+x2Rm0bNqA8PgkotN2kmRy33HMNJETwi/FWjJR63WI06RUhFGUE5JLyeVtqJTfG4Zh5rpUadz+gEs/NJYQpGwy9myzKHvEcW10VpQ3Uu1TvR57tlm0u5xJImTD/r98Imnf/r984oGwUUNDQ0NDQyP3yAsB5rkvP3WCgiBv/u2vPAXj3nxzUrzuuhDFtuZK2/6uC1FEjRjCI0HlvopQEGfeHsUZWAov25oDOCMFYNz666f9+55oO0EqMF5XGp15e1S87us2UNNgJ8ZQSYyoEVLuCzWG8EHHDQCWwgtXgwHcV4P6XQpp3zM7TpAKTMcbv/Zkf9epa+L1cO8wqhrsxBgqibEusl65b131elw6cx6ApfDC1WAoAOPW31x9/zvf6/Rk/63OsHgduT1tU3OhbbTKX7WvuLIEw11WG1v+oCnpGLcVP+1Ptp9Q1YTO0YO/EgPDVt/5Sn0KlBAJJpvkpRx8yQfxJR37OUmms6cfMjGGVA4GRqOO++j/4fYWxwRwrpEuESLul47T69Yt648D1qr2uuACRuIVH0gFhtRfAtPzAIC64AIQXIHrE7PA7CytgD/ef9H7Cng/V/hnYv8+tKW0n1RgSP3Fzf59aDtuDC4T+9nqUAqSh2ERWqqqQ8B4PKgTV4ERcubxUhikENDdcxMA8NHF3pf3PYPj6Uic+2k/KWl5JcLw1aEUJI8BoEA5rfifj6vAkPoLlcIghYC+m7cBADdu3BGlL7yu8uTqX05EGz/B/fjAaDRpdaRtXLBWbaKzp9883N4i1E8cFF1kst9yCIwFDMNw628AsMgt5fU1XP3F9VhjCe3PhATXumX98S1rV+D6xH3Lp8XBVVC21hcDsJNC6oILGMFqXJ+YxZa1wPXZnNlzQtufO/spORoen0R1zdrE3JapwDSFkud/1TVrMR6esEiQNWttCinLyX5KjkanZ4SyDWBXgalaXQ5U289bLCqyFGDiJMgc/p5PQEMjS8ikNpnYTqV9RElTB1UYeZ+qzJHq2rnwD9nYLxPbb18fR9naUkGMcVNK5vtUZY6Wg/1Ukohwo7fLRmB3I8nwfaoyR4Vov0xqlOfb04NTNgK7kyqMvE9V5kh17ej0zHJ0GwE5JsRiODZFGF7mR4onBTKNzeQSMkGns6cfTbUVgvDvVuqI71OVOdIobDx1oMX83F8fBmCVO/rhW4PYurEcz7bZfQSRW4gIoyLKAMA7XZO4dmsKLx5oAA40iGssJ4IIL3X0ub8+jFvj9/HMzvKk457ZWQ785RPYWL3Cdo4mw2hoaGhoaGjIKMrXhbySSt58c1KQX6798jKu/fKy2M6PiRoxhOIPM6p99NBfEQri9ddG8PprI772M114JZWceXtUkF/GPuzD2Id9Yjs/xhg0sHlVkeM+Ug8INYbwi9d78IvXe3ztZ9r2eySVdJ26Jsgv4au3EL56S2znx/Ckp2qfUA+oXo9Tb7yLU2+862s/c/X9v9UZFuSXqaExTA2Nie38GJ70VO0j4kpxZQmu/2YA138zsKTff6843dmH0519GBiN8mCFcnXOUYV0+tePHHRdUfRqx7mlJL94tj/ev8DXjxwM0HZ+DO132ufU5nLAhbNdLxNZg1avf6a5DgBsyUA5sF0XXMCuukbxns7l7T1I9suB7QfG/lPdLxNZhVZn7mtpBmAPmMuBbTkpSufy9vKJ+al74i8dfNzV+zKRVWh15o5G63PlAXO5XZEUjYPO5e3lst9+IE6GCUARjG6qrbCRZUgFRVW/XiJHBlT7C7gckNJ+GS4qMBm157sRgcCxbEqhjcQSpO0E4cMO2vYHB5ttfhAArk/cx1Kqn2j7s7N/PDzh6NvF7zi+jcYHAIIwk2p1f6HbT8o3Kt8u7kt8G40PQKIUVKrV/RoahYIdrZtw8+ygbW578+ygIHSER+bEfF9FaOH76HVFKIibZwdt8+SbZwexo3VTQdovykHBKlM00R1G2dpScT/IDhWhhe+j12VrSzHRHcb0RILkQOo3hWg/xXoAi+AevnpLlMWejhhivq8itPB99Hpd9XqEr96yqQ2Hr94qSPtbNm0QsR7AWng0NTQmymLz+bhqXs730eviyhJMDY3ZFjFNDY2hZdOGB8JnOJXC5kPw0fbWACt5VND2ELmf+jowGhXKl4ZhCCKLitDC99HruHpygNvNr6FROJDJL299OIT/8M9a8bXnGrC1drVS9eXa6KyS/ELHf+25BvyHf9aKtz60yqRurF5hU0pZDvfkL350FH/xo6Oge9M34kzYo32f++vDoPOWi60aGhoaGhoa+UNeFGBUErgqcHWY3VvqjgPAtsYaoGcUi621uNpvYltzwEZ+KYrvA4Cr/aZtn1FbgagRS6u+M/XVTyIAqb94uLba/tEojNoKhIcWUNNQbCO/hOL7ACA8tGDbd2N+EYa97JHnvvpJhCH1l1Tg6jB791ir4GuqK4GJaWBtGSJDd1HVsMZGfqF9ABAZumvbN7Y4hXRW/vO++kmE8fr95+owmzdbyg8VZaXA9BzMshLMjs9hdXWJjfwSiO8DgNnxOdu++U+sQEo6yU/qK5W+yDPEwzk9+JMagFPZIxUJRgUnkkshkV/gsLIpXu/anIrdE0ouRH6hfUAiIUr7aDuWscxt65b1x60SEEiQO0YGMTJtL5HEiSGApZiy3Ms/pLKfl0h6UO0nJQAA9gTouL1EkryStKa6cknLX/ilnEVKAEAi2YlqK7k7z0okyStJK8pKMy5/ka9yR16gIqlQYNcwDFNBflGNIa7tLVOkUopZ2s5lkfgnUPmfDY3VguhB5X5U5YBo++3BIaxZvRp3Z2e1/cvYfip/xMkvVO5IVQ6JtkfGDRQtLtqUU5aj/VT+qJqRX0gVR1UOibaHxyctFZi7s9DQKFTE52aiDE5NdaWNBKOCm6qLkzrKRHcYE2xeSL5iqQlyKvvDjASjgpuqC+2TcW90FhPxRGnB289IMCq4qbrQPhnmxCLCE7cKzv743FyUQaooK0WUkWCc5uZOqi60T0Zsdgax2RnxXEBjxXIlSLotcHLYF3BaTPWNo59COnPoXJfBS0VQcVN1oX0p7NcocLz14RC+9mKjb+197cVG/PCtQXztxUZsrF6B88vgHhD5hePW+H187bkGZzufa8CpK1PYWJ1IaxEJRivBaGhoaGhoaIiJsWlmR5B1qK+dVfBv95a640+1b7ZtG52YwWJrrSC41LIHfXkfANv+33bewKXrI9k+6KVDCMiJ/UZthSC4yPbzfcvd/r17th+XV+lExg1gbZkguPAAuLwPsCsFdPfc9CPQkTf7N29ef1xepRMen4RZliC/8AC4vI8HegCg7+ZtPwIdnu3/u5Pv+xLgYOQUkwIUmdSLltpKGyxIklf7FTaY8f2BdPZla3+690AeUzJNBhH5g5RNLo8MpvzPMRIrxt1EGaS0IZfCcRjrtP05sp/IL5QAHTCiKf/LY0Y2Qe6ltp/IL7T6PzI7lfK/PGZkE+T2y/5cwMGfZT1OZDDX1VB8/n4QAKgMEFc/uTa8gNuDQ/iDg824NryArfXF+M25ftsxvznXDyDnCigntP25tV/2/wAwYEQRGTewr6VZ+P0Lff22Yy709Qv/l8MEZ87tl/0/AERmpxAen8SOxkbh97sHB23HdA9a84AcJzh1CSQN5Xf/8996IWn7m3/7q2Nuv3N6Tc+t9Hs++btObHrCSgYSOYbey5D33zw7iKOfbhc+g3wCwYtveOmbnxHf83/4wS9TzgGc5j5u/iCV/Wt31ACAUIih9zLk/RPd4aztT3cOmAv7a7ZttPoeJ8fQexny/vDVW0tgv2pK6m4/LXYCEgQV8ufvX/kY5Q3rAEAoxNB7GfL+qaExfGrno2LMoDGB4GVsME1I9mfuF2Sc7LSrUntdzJQO+DUkEkygqbYCL+7d4bv/k+3yo1m6/dL7pJ+Zw/G+4Gh76wPxDJSP59N08dSBFnN/vIQPkVVk1RenUkcyVOdRmwDw8784XbClgUixZezZZvyHf9aaZLtKCUd1j/hx/9v/3YN171jPBJoIo6GhoaGhobGiUDv2284bkEkgRT2jCMFO7kD8/Wh8n6qd5QiV/aHRKEIS+YXsR3zfg2J/d8/NZKnaiWnlan9a9SlUYaR2liP6bt5OkqoNTM8pV/vTqk8iv8jt5Bt+JR+/fuSgbwot2fQp3VU/6RJm0rhewGV/IJO+5hJ+JIEIv+ofAVAMxMkeAGzlfui9dRySFFGy6b8cBNX2599+SmoCCSUYuSQGJUNpTHiQ7KekJqoTSjBySQxKhtKYsFT2L2GQNJCpz9YoTL8v4/bgkPS6QbzeWt8MADYVlFyoYJmmecLtO67tz539lMhUvZZVYooWF3OiAraU9vMEbnh8EqhOvK5qtKvEhNaszlgFLBv7NTTSAf99EumNfss7Wjeh++xN8ToybuDm2cEkEszNs3ESWHXIdjzNCwtB8SNj+7vt9oe7w0kkmInucML+7gfM/h7J/qu3kkgw4au3Evb3FJL9ATjzFSxw/0ykR5rbt2zaIGI4LZs2WKT2obEkEszU0BiILMmPp+eCMCYfqpJ4KhJKXDlyWU6pPXypAi7HaywT3Bq/L15fG50VRA5OfpG3ye+dzuNtFyJ4GagfvjWoJPxw21T7VK8BiBJKWg1GQ0NDQ0NDIycEmHiALOMgIFMrESsjtjVaD/xXB8NJBBDazo+5OhiW28rWHm1/nuxnQYqklUHh8UllcpPLgofHJ0Wg2I+AR77tZ0GKpJVB0ekZZXIzOj1jO4ZW+vgR8EjX/hwEx3Vic5nBjyRQz/U7L7duWX/8+iwA3Mea1asF6ePyyCBGYtaK988024Phd2dnQef4kfwLBALHMiABaPuzxEcXe1/eu2f7cfLlPDDOV3Xua2lOGgv89P9LZf+NG3de3rx5/XHy5Twwzld17mhsTBoL/PT/mdivoeEHRmLFQJzccW3YTuojFRQCKaIQ6oILcT/o77ONtj9/GA9bxUtUCl+kAkMgRRhCdc1aG2FkOdpftLgoyC2ywhepwBBIEYaQixJQehzQSIV/+MEvk+cQf+v9mZCe7+m3TcQG8b1npBi+jeaD/DX5hKrqUEa+QGVLruHJ/u782L8U8GR/z4NrvyjTFPftRGwhcFIM30b28dc0JtRUV9rUX5YgHlBQ4YkHwE6dxH+A8NsP+wKkAvPigQah2CITOTj5QyaCbK1dbSPBEH741iBePGAR5c//+7MFqYLCyS8A8OKBBrzTZfmwZ9sqbcc6EX9k0PlkO2ARYTQJRkNDQ0ND4+FGzhRgsiUBAEnkjeN8X/OGleJ1/22rHq6fpA9uh7Z/aeyXVwbxfTzQTYESP5OehWC/vDKI7+OBbgqU+Jn0zNZ+jYcbfnz/AdgIHK1brN+AXOqHtu2qa8yq5I+fvwFtvz/2J40BLUhKhNIY0BSqyMkqz6W0XzUGyIlQ2la1ujwnqzz1GKCxFCACIIIrROmfkVgx6oILguyhUkShbRZB8P6y/Q087PYTAZL8e2TcwHh4AtU1a4W/VynC0P/x8ATgEwlkKewnAmRFWakgPBYtLmKxqEj4e5UiDG0rWlzUY4DGsn4e4L9vIFEaB5I6rKwGSOdmowTo53de26/tz8R+mbQjSt1J6sBVq8uFGhg/NxslSLn8kYaGRm5A5BcCkWAIWzeWpySCEN7pmsS1W1O2tgj7//KJgiWA3Bq/j43VK3Br/D76RmbwtecalPY6vRf3Kn4/6P8P3x4CUCra1tDQ0NDQ0Hi4kdMSSPQA6UciiEgdu7fUHf9t5w00b9gu9lGZn0Igfmj7c2M/JTX37tl+vLvnJpo+3S720WqgQiC+5Mp+Smpu3rz+eN/N26ja+ajYR6uBNPFFo5Dg5/ef8Kv+EdQFreTe3dlZ2zYq/1MovwFtv//2X+jrFyUuKDh8AdY2XibpQbW/e3BQlLggwiNtE2WS9Big8QCBVFDI541gNcDK/9Axd2dnMRIbt/lHP8iAS/07eNjtJxWY8fAEFouKxHv5GNpXXbNWvPdLAXIp7ScVmKLFRRh3ZxFas9pW/oiOMe7OWqSXoiLx3i8FSO2FNPIJrvCnIjGoCA8cNEeUCRTafm1//pG6DJIMrvCoIrHI5U9l0DOCPE5oaGgUFoj8srHaSscQSYMTV976cAjPtlU6lgWyvb81ZTuXQO2jwEkwfSMzSWQfwK5w4wRVeaRn2yrjajCl+sumoaGhoaGhgYBpmtk1oJB8lNv0uyb67i11x59q34zmDSvRf/seftt5w1fyR9yGE6nsdDlX259D+/fu2X58R+smIYve3XMz56v+C8n+zZvXH2/ZtAFVqy1Z9L6bt3O+6r/AJGw1ChipxpRsfg+kggIk1FFU2/z4znsZ67T9+bWfK4FxUqS87UG1nyuBcVKkvG0p7dd46OHrfEf2b61b1h9fs3o16oILNiKgUEzxwRdmOR/S9vs83+f+fe+e7ceLFhdtRBe+z4+xoJDsl/375s3rj4fWrMYiI7rwfX6MBfp5QGOp5v70G6Yk/g5J7QNIJkCoVAG7e26KNtL1B05zoVTfe23/w26/4x7P9pMPrygrRXR6Bi2S2guQTIBRqUL23bwt2kh3PHBSf9FuX+NBH6PyCSr9w8v5OKmUvPXhkE0JhhRivvaiVQKZlF9U5BeAEWDi+PlfnC6YckhPHWgxx55txosHGgQBRiazpCK/EFTnvdM1iZa6Urz14RDWvdMPXQJJQ0NDQ0Pj4UXOCTB+J/8BiwACAP/zZ7fj//lFLwD4TgCRH4IzJUBo+/23nwIkRz/djpO/60w7uLHc7acAyad2Por3r3ycdnAj1/ZraHjAsQLrzwltv7Zf26+hUfjf7VwRPbzMhTzMh7T9OUauiC7Lxf5cEV18sl/jIYWXeJLXZ2L6jXMCBJW1UZXGkUveZKoM60YEzpYAou1/0O133ZuW/eTjOQGGyhqpSiPJJY8yVQZ2K32k3b7GwzBG5QtuBJi+kRm01NlVS976MFHylIguqm3CB7A2CpUAI5d/4gow/L4Q5G1ejiECDOH8vz+bU9ufOtBiAtBEGw0NDQ0NjQLEsiTAAAkSCJAb8of8IFxIBAhtf34C4IVsfz4C4JoAo5EjHCvQfp3Q9mv7tf0aGg/k9ztfvw9tv7b/YbZf4yGF13hSOs/FR547eJyIDbz0pYya6krw4zrePvdyBv3PSgVP2/+w25/yCmnbv3fP9uNEbOGlT2VUlJWCH5dJXMyN/GL1W/s4jYdjjMoHnMofvfXhEF480GAjrcjKMPI58nbaR23J5+SaBJKN/W5lkNygUokh8ot8jVzZ/9SBFvMvfnQUAPDXf3pSk2A0NDQ0NDQKDDkhwHhAIQYI8xnc0/Zr+x9m+zUeXhR6cuiEtl/br+3X0Higv+e5/m1o+7X9D7P9Gg8h0oknpUuCSFXKhpfOyQX5Id5nbb+236UNT1dK2/69e7YfT1XKiJdOygX5xeqz9nEaD88YlQ/ICignTg7g2NEmbKxega21qwWpgxNdZDUX2idvp33UJqEQyC9k++f++jAACFs5CYbDqSwS30bljji4Ag6/n7lQwKHP8pmdVom6U1emCuZea2hoaGhoaMSfZ5aAAFPIgcF8BPi0/dr+h9l+DQ2tAKLt1/Zr/6+h/fxywgltv7Zf26+h8UCNEye0/dp+bb+GxoOPQlOAqfiz3TjfGUk4gzhRxYnMQvtU5Bi3c06cHBDb9rdXIfr3lwpCAYYIMKo+E7yURXIqd6S6L7lSwOHqL9THQik1paGhoaGhoWFhhb4FGhoaGhp5hCrgdqwA+qDt1/Zr+zU0NDQ0NDQ08jcXeVjnQNp+bb9+BtDQeIjAlV9ajpaib2TGRoSRQeWMvvZiIwA7AWRj9Qr88K3BpLJJMva3VyXIIX/5BJ460GIuNTnj1vh9x1JPG6tX4Nb4fbTUleKdrkk821ZpI7oASNomk1/ka8jkGr8+SwCo+LPdtu1ba1ej4s92i/2aCKOhoaGhobH0WKoSSE445vCQlsmD4QmX9goV2n5t/8Nsv8bDjXwFAE9o+7X92n4NjQfmO12ovxttv7b/YbZfQ6PQfjMntP3afm2/hsbDh0JQgJHLHgEQBBheqoiTNt76cAhbN5YLJRQZ73RN4tqtKRsJhpM9TpwcsBNg4ljqEj3yvegbmVGSWGgfgY5RbePYWL0iiRjjp82k4tNSVypKH8k4dWUKfSMzBaG6o6GhoaGh8bCjqMD7dyLFA9uJDM9bLtD2a/sfZvs1Hi6ceECuoe3X9mv7NTTcv28n2J+2X9uv7dfQ0MjVb2K5/Na0/dr+h9l+DY2HEvvbq2ylim6N38et8fs4cXIAk5F7YpsM2jYZuYcTJwfEeeKHHye/FBqIPPLWh0N468MhG/llY/UK8UdoqSsVf27b5HNb6iyFHboOV2XJtv9E3nFT3qF9++OqO/qbrqGhoaGhsXQotBJIJzI4NpVCxnJ64NP2a/sfZvs1NDQ0NDQ0Hhyc8OGYY9p+bb+2X0NDjxsuv4cT2n5tv7ZfQ0OjkMHJHlzFRCbB0DYAON8ZQcvRUmVJn/OdEXGc0/lu1803VCo4125NoaWu1JVMAiSTTW6N33dVjqG2t260FFpa6kp9KwFl9cW67rXRWWytXW2/brw8E9l1Xn/1NTQ0NDQ0lhQrllFfeaL/RBr7HqSHYW2/tv9htV/j4QX/Th/z8Vhtv7Zf26+hsXx+A8cK4Deo7df2a/s1NApjTqTt1/Zr+zU0NJYVOAGFE1ic1FqIHHPsaJOrwovT+XSNpSS+qEAKLanulRM5ZmP1CvSNJI7hBCHVtfwAqdfQ9bfWrsa10VkbCYbIL9Z76/XYs82+EG80NDQ0NDQ0MkMg23qYgYAewzU0NDQ0fEMqMle6q9+WGzlM26/tf5jt19BAmt/9XOOEtl/br+3X0NDQ0NDQ0Fh+yDbnkS2eOtBijj3bjKG+CA4/u0lsP98ZwbGjTeI9EUJU5JDznRHbe054kdVdOOFDJsqcfucmGlqqsO6dfuSTkEFlgCr+bHdSf6/dmsKLBxpsCjd9IzNCwUVFguHHAEg6/60Ph+zqL/HrRf/+EgBkZDsp2KRSq5Fxa/w+zv/7s9AEGA0NDQ0NjaWBJsBoaGhoaCw3yImgE9p+bb+2X0Pjofvu5xontP3afm2/hoaGhoaGhsbyxFISYIj8QmSM0+/cBACsXluO/e1VSeokmSq1EGlG1d75zghmJyyiCBFwrt2ayhsJhu4BAExG7inVani5Iv6eyDEAkkpAcZILEWEIKvLL+c4IKqtWAkBGtj91oMX83F8fFmozsuqL7fq1q3HqyhT6RmbwbFslfv4XpzUBRkNDQ0NDY4mwQt8CDQ0NDQ0NDQ0NDY0CBy/5mI9rafu1/dp+DQ0NDQ0NDQ2NjMCJHYef3YRrt6Yw1BcBYCeCyOQXTmZJtY/2q0gwsxNTaGipsvVj68ZyRPN8D67dmkJl1UqhZlNZtRIvHmhA38iM2C/fs60by/HWh0N48UCDrQQUJ7/I95jjrQ+HMBm5J65Hx2VqOynPPLOzIXHteCkkek14ZqfVd79KMGloaGhoaGhkBk2A0dDQ0NBYbuBJoBPafm2/tl9D46H6/sPhN3DMp7a1/dp+bb+GhoaGhoaGhkbOoCp1pFKG4WWRnPbRuZmqyOQanAQDQBBTqP9OJBYiwcjbVJDvDVd9yRa//bAv8NSBFrPiz3bj2uisTQHmna7JRN/Y9q0by3X5Iw0NDQ0NjSWGJsBoaGhoaCxHnND2a/u1/Roa+jcgbTv2kPyGtP3a/ofZfg0NDQ0NDQ2Nggcv70MqJw0tVTj9zk1RkgiAUEZxghclESLBEE6/cxMNLVXKfqxbgnshK73ItnHyDt+mIrzw/WQbV8CRiUB+2d5SV2ojvLzTNSmuybf/8K1BvHigAef1T0BDQ0NDQ2NJoQkwGhoaGhoaGhoaGhoPAjQ5Ttuv7dfQ0NDQ0NDQ0CgIqEgfRILh71WlkbyCSh3Jbabqx1JCVbLp2q0pvHggUWJIJrSoFHDOd0ZwPmJXwPFT/QUAnjrQYu7/yyfENYnswvtD27kN+//yCTx1oMXUKjAaGhoaGhpLA02A0dDQ0NDQ0NDQ0NDQ0NDQ0NDQ0NDQ0NDQyBJUNmfs2WbbdlIjcVJEURFDnAggstIJJ73IyjOEde/0560sDy8dxFFZtdJSvWlPbHNTwUmlgCPaY+856B5ka/vG6hXx/5UAgFvj9237n22rxLNt6n0aGhoaGhoa+YcmwGhoaGhoaGhoaGhoaGhoaGhoaGhoaGhoaPgAIoAAwMWNZTj87Ca01JUK4gonwfDSSDKxRSi7sLJJfJ+s9sLLBm3dWI7T79zEnlvTok9LcQ8ubizD6rXl2N9ehWu3ppSklcnIvYwJQDLphe4B3bs9t6azst26Vqkgwcj7VCQd+XPU0NDQ0NDQyC8Cpmlm10BAq7hpaGhoaGhoaGhoaGhoaGhoaGhoaGhoaCw9ss15+AmVEgqQrNBilUKygwgubvsInPxCiP79JSx1GR7ZfqeSTJORe9jfXmUrf0REGdV2VakjIhbRvfDDfup/S51FgiGFl76RGVvZI9rXNzJTEPddQ0NDQ0PjYYZWgNHQ0NDQ0NDQ0NDQ0NDQ0NDQ0NDQ0NDQ0MgDOAkkVWkkIJnsws+jczjxo5DhVKKJlGHOI7mkkdN2fs/4ffQb0b+/hLeebVb2/a0Ph7B1Yzn6Rqzt697p119wDQ0NDQ2NJYYmwGhoaGhoaGhoaGhoaGhoaGhoaGhoaGhoaOQYRJ4Y6osklUbikIkcKtIMvVaVQ1oO94DbQeWRVPfgGqYc78/WjeU43xnBNUwltbcuy35y9ZoKh34n2RM//qkDLaZWgdHQ0NDQ0FgaaAKMhoaGhkZG8FtO9vPfesG1wX/4wS99fWjUJfz8/xz5Z3j3qj04sWZbeYafYUD63PRnpqGhoaGhoaGhoaGhoaGhsXzgps7ihfxC25wUYlTX8YMAkgv7yYbJyD1go/N+meST6j562Z8piKTEPwNekon30YnQpKGhoaGhoZE/aAKMhoaGhsaSgkgTbfsqAADbmhMMh6v9ZtJxgP9kGA1/PseNu0pQt/ERa8Mfltr2j9z6BJ//1gvmP/zglwH9WXpHJvyko1963gSAk//112nfW00w0tDQ0NDQ0NDQ0NDQ0NDwD7/9sC/w1IEW89qzzWLbUF/EV8WWhpYq0SYRNNa9049CUCBxsv/ws5vEe5m0ki7JpbJqJSYj91BZtdJ3+6/dmkJLXamN2ELkF3rNiUl9IzMFRT7S0NDQ0NB4GBHIduW3vILez5XkL35ur1nZPInJ/kq89fOPll1K5p/80V5zfb2BO8Mh/Pf/sQz7/4XHzZqt9xG+tgL//Wcf+NZ/N9UFP78/f/TSH5tVm9chcmMM/+PN/5aX/vtpw6sd58ym2goMjEYBIPD1IweXRd+fP3ZY2civT5wO5Lr/GvmFH9+Xz3/rBbNtX4WN9EIg8ou872q/ia4L0ayJE/r7lP3nyIksByTCC8fIrU/E61uX52zHfviPVvDA+fN8uBVg0v14jn7pefOb/6IGAPC3/1c4bRJMtvfXrb/PH3vKTB4bfpvWFdNtQ//Ml8dYwLHvUJsJABfOdGnVL42H5vv/zB8+pWzo1D/+9qH/4hbgb9c0TTPwkNmsoaGhoaHx0D+n+IGnDrSITl3cWCYIMLLyCRFZVGV2OHFGdd6eW9Pi+EIrvyPbzwkwHOc7I6isWqm0n0guTvcmF/Y/daDFHHu22ab+snVjuU0Bhm+/dmuqYMhHGhoaGhoaDysKlgBz7F9tMptbg+J9f08MJ/7Pm8tm0vCNP282WzYn+t93I4a/+8/9y6b/r/ybfeam1jLx/mbPNF77Py740v98EGD+9Nt/bm5qXc/6fwc/+t5/znn/vdrQPTqh3D4wHBbNNNXXyNsDfNuO2rVL0ncVOOmlZUcIAPDkE6sAAO+dnbd+A92GOD5TMozXYHA2XyNSTpCRiZJCot+5+Z0+9+VEsoTuaSoCEt+fyefAP4NMvi9ymSMn8osXvPnmZFYkGJ1cyO53n6T4kgVGbn2CW5fnAKiIMN4IMH4MH3/2744qW/n7//2kDwS+TD+f9PwXkV8I6ZJgck2A2fvZCvE+fPM+7ly5G/dH7kleIr6s37kGNZsSAoYf/SKqCTDL1IeosO9Qm9m0tcGa+1wb8pUEo32+RiF+/4n4snV9q3L/tTs9AB5uIky6v91cJrvaP9VuNjwSwNAnJjrf7wwUis0aGhoaGhoa+Z0TZIo//U9fM6+NWvHRRzo6McYUUTi8EmBkrHunH58caQcAbK0N4Uf//IeBQrffzcZ0CUC5tP+pAy1m3x4r10BqM8eONqFvZEYQdiYj9wAALRfvaPKLhoaGhobGEqOgCDDH/tUmEwAm+yvRfjSGYGWCQBKbjKHzZBCVzZMAUJBkmG/8ebMJAHeGQ/iDQ3MoW5vo//REDL85U4L19dYkrxDJMK/8m30mAISvrcDBz5ZgdWVihf7s5AzO/WIONVvvA0BWZJhcEWD+9Nt/bgJA5MYY9v9hO0oqQ2Lf3KSB8//YiarNlvhgNmSYXBBg4gQXEwAGRqM43N6ChmAiqTwU+wSnO/vQVCsSh4Gj7a1L0ncZzx87bLbsCAnCSyq8d3Yefd1G1uQLdzvSa5eTXjYd2Ibiant1uIXx+7j54VXxPheKCunceyKxtOwIoaahGABw5u1RAMBXX6lTnvP6ayMAgEPP1SI8tAAgQUpK57PIhgDjpPby3tl51DQUJ5U+UhFj3js7b/uuZUOC0ckF758jEZfuXrWCCid//X7g6POfMls/XyuOURFhuPKL0zF0HO378B9npM80twSYz3/rMyYAlDY8gh3tJcq+GZEFzAxZtvzDD36V4fct08/Hux975qVafO7Frei+3AcA2LGrBT9/6xpOvTnq2W/lkwBDCN+8j85f3cbFd7sCdJzlm6yE756n28z2z2ywEV8ImgCzPHyIFxD5JVi5Jj73v+srCUb7fI1C+/4/84dPmUR8mZubUx5TUmKNS9fu9CxbEswzT3/aBIBT7/4uL/O1XBNgPlVVgvcjc5oAo6GhoaHxwMzDXzy6wwSAt052P1Dz7kIjwHDyB+GRjk4AsBFh1r3Tb9umInk4nUPkD0IhkWBS2c+VUwrRfq4CQ/0hwgtXpNHqLxoaGhoaGoWBgiHAEPmlsjKIyjrYyC+E2GQMkyPA5GQMQGGRYIj8UlkWxLp1sJFfCNMTMYyNAZPTVv8LiQRD5JeKilVYW19sI78QZidnMDG8gGjUUvTIlASTCwIMkV8qKlZjbX3IRn4hzE0amBg2EI3OAsicBOM3AYaTX0KhEMqDK23kF8JQ7BNMxe7BMMTDQtokGD8JMJyEwQkJO0O1ScdeMUZt74kEA2ROvnC3w1t7RHzZ/uKjad3H3rc+BgBfE8rp3ntOfuFEkVT3n8oKAUB4aCFtMlKmBBi3UkekEsS/R06kmPDQQs4IMOnY853//EUTAP7tn7/h+/e30IJCn//WCyYvWTRy6xP0/EPiO8VJMGPvLijbWNEGhKqs76sXxRg7CSY3BBgivmzcVeKpX0TmSSjV/CovpYVkuzhhj/sglfoLQVaBcWojm356/RyeP/aUyVVctm6x7uvZX5vo/NVtrGsIYf1OiwBx58pdjA0ZaP/MBjzxvNWxa9etz4nUY1Ipx+gc4tL7EC+gskfb97fYx9vzFpnLDxKMTig/WN8Zjt27d5sAcOnSpUAm++VxJh1/nqktRH7hxJfq6mqMj48rjy8pKVmWJJhnnv602bKlEX3XBzUBZomfl9ObI73gehGnubfqPC/zdH5etiVOHwQ86Pc/m/E4H99/J0VVgtOzs+o8L8/Z2Sq0Pmh40O+/3/NRP34TLx7dYf4vX7FiLP/fH8/7QoLRBBg1VAQQAhFBAKCtuQxd/VYZH1khhoge/BggmfhBKHQCzHKyX0WAcXqtCTAaGhoaGhpLjxVL3YFj/2qTOdlficrmBPnFDdb+ICYnY3jxc3vNyubJJSXCfOPPm807wyGsr0+QX9xg7Q9icjqGf/JHe8319caSEmFe+Tf7zPC1FajZmiC/uIH2R6Pz+CdfeNys2Xrft9JIGU2ev/3nZuTGGKo2rxPkF/f+h+L9n8UfvfTHZtXmdb6VRsoEA8Nhc2A0iqbaCkF+cUN5cCUQCsEwDAyMRs2TnT1Ahmow2QYlVKovKvIF305EjCefWIUnn6jDe2fn8fyxw+ZSBHqOful5U1Z7WdVQJF63rN8IAOi7c0tsmx9aBGARZhbG7+Pol2BmUxop02BQOuQX+f7T8Vf7zXgbIdHuUgXcnnxiFd47O5+k+hIeWsC25lWiv5z8wok8+cZ3/vMXzc/trROv0yHB+BWc+fbfftMEgO99829zSsChMkccdRsfAeKkl1uX5wQZ5k+eWoe1z9p92MSwZdOvu+5jDHFyzNPWd9eILCBUVZxEPJFVY/wEkV4A4MAflgp1l1BVsU2FxqkvRmRBEGZ4W5mqwmTitzjJ5eiXnk/yQT23A2jdYCa9TqeNXGJsyMAX/2UpgMS9vXb9ETzx/Cfo/BUQbEiMK8GGVcAQ8MTzAVy7/gi2bvlEEGa2bgngB78y9Ez+AcC+Q21m1foqlJasQmzyrm1f09YGzMzNY9+hNtPPckgPO9LJBezctd0EgCuXewOZ7M8WTuQV2g4ATetLxTY6jl7v3r3bVO23t7PLhRxjG0mztoeXPJLJL/RfRYKZm5vD1vWt4vzlQIQh8suDhk3Vq/F+ZO6B9Q+f/9YLZk2dfe5Hzx2kIkmEiX/4wS8DnDwhn8ePpeNV2/l5mZI49P3X99+v5+2KkH0xG92f8Mic7Zn81ydOBzh5Qj6PHys/azudlymJQ99/ff/TAam9EP7k8yUAFsVreb9fqjAaqfHH+6zv4/UJoGrtKtSXF6MrTvggtDWXYXhqwXb8f7sQ0/bnYw74p88APzqFKKAsXUXEl3V0rIaGhoaGhsaSYkkVYIjAUsnUXpzUXwikAkOYnIxhsr8Sb/38o7xPyInAUlmW6K+T+guBVGBE/6djuDMcwn//H0vQ/ziBpaIikWxyUn8hkAoMIRqdR/jaCvz3n33gSxI2ne8PEVgqKlaz/qvVXwikApPo/ywiN8bwP978b74lkb0qwJzu7DOJ+EJwUn8hkAoMIU6EAYDA148czEvfVeQXJ+IFh6wCQ0inJJKfCjBHv/S8ScovKuKLDBURpvetjz2pwPihAEP3HUCSMkqm959IJcJGD59DLhRg6Hsg28bLHdFrTnzpuhDNKiCb6fjFCTA//2jEswqMXwpM3/7bb5qHDu8FAJw5/ZFnEozT9em6qoA3V36Rcfm/zCEybuCbX6rx1O+JYRPd4WnciVhBzBVtiX1Uemjk1ie4dXkuJyWQPv+tz5gbd5V4UqDh8ELIsfr8q5wokZBdcokjubwR7QdgI8AASDrGqY1s+un2OVBJo7Eha/x94WtWsIjILISzvzZx58pdmwLM+p1rhPqLCCzFVWB++UMrGLauwfKNKjUYLfqRe2TyLHH4ucdMAJiJWb6/rGINGloakggwwco1GOobwnTU2l4atMaE02//PmdlFB+Oz8zbcTt3bTc31lZafm50Elcu9wY44UW132MPPB3FySsDd2ZAhBYgQXoZuDMD1TFN60tt+2g/QSbH0LkpvkVJfiWd779bySMiwABwVIEBlldJJD/UXzL57eZaAebY9iqc6I08kAownHzByfYq4nl4aEEkpDmBgs6jY2znjCS+9zJZg+/j+2saitF1IQrgwSdiPCz3v1AVYDj5gtsv30e6X1HDSrhyAgW/r/I9pePlc+R9fH9NXUlGyrnLEQ/L/V9qBZgXj+4wW3avxLY667yrIwE8tavIdsxvLy/a9vddupc2CUYrwKjhpoBS82E36suTF6VuWXvP9v76RPLCyeGpBYQP7BDvt9aGQNdZLgowhW6/3He5dJWqBFMh3XsNDQ0NDY2HEUumAHPsX20ym9uDIDUXL+ovhMo6iFJIlZVBVLbHcOxfbTLzqQTzjT9vNndui/d/OuZJ/YWwbh1EKaTKsiAqy+bwjT9vNvOpBPPKv9lntjy2CsAjiEbnPam/ENbWF4tSSBUVq1DxmNVePpVg/vTbf25u3ttkPaxGZz2pvyT6HxKlkCoqVqNibxP+9Nt/buZTCWZgOGy2t1qTZMMwPKm/EMqDK0UppFAohJClCGOe7OzJuRKMXHonEYxLkCu8kDHovG3NAZsKSb6COpz8kg22v/ho3lVg5HuY7f0H1EGlXMC6TrFNhUY87LLglirIW9NQnFS+aSnw+W+9YL70UqV4v605gM9/6wVzuQfk5TJHgJr4QdvG3l3A8ztWYG19jedrrK0P4FB9uU0VhkojEfEFyE1yg8gvZIMXEkw6SjQbd5Xg89/6jJlrJZjWDSa6L1slYbov96F1A3BKcRwRX7Jpw58xwyK+BBtWoSq0QhBbfvnDfnzr3yeTDWs2rUDEsCvAWKWS7J/F1i2f4Ad/eQvtn9kgtkWM++J6qcoiFQLcgrF7nt5lXnz3cl5sWIrg9OHnHjPNcutzXhP/j3nrMw5WrlGes6bGkpM2WRuZkGByjf/j707aPth/842jy25s2Llru+mm9kKEFyLCpNtGKqhUWvg+IraoUFOx2qYMowJXg8mkD5nASfWFwMkvqUDnF7oazIOq/vIgw6YIolCa5KBnCJq/h0fm0LavQuwnwgQAsT08tOBKunAicVAbXReiNuUTff/1/fc7ziHfC/k+yPenpq5EEDFooQoAQZgAILaHR+ZcSRdOJA5qo6/bWHLVVn3/l/f9J1WXP3phhZhRXx0JYF/LCpD6C2Ffywpc6LuPbXVm/G+FOF+rwWSHH/3zHwaISLG11vp+clIFlfQh9ROZ/AFYhJDrEysxPLWAyMS8OJ6jEMkvy9l+J+LOH+8L4r/FiS9/vC+YpERzbdTAn/6nr5maBKOhoaGhobE0WDICzGR/JSrbrYlBpYviixv4eZP9lXnt/53hECrLrIABV4BJq//svDvDobz2P3xtBSoeiz/sVazKqA1+Xvhafr9KkRtjqIgTYLgCTHr9X21rL58YGI0K5ReuAJMO+HlxFZj8fX/iRIbw0IItMOFGvtgZqrWpkFAbS4Gx8TvYDu/qL7SPVGBWNRQJFZix8Tt5CQYR8Sg8tCDuOy8JlOn9JyJJrssh2SW6k1cm1jQUJwW5ZNJL0jl1JXkln5CKDWBX1GnbV5G3fnzxm18y9x1dL95XNQTxxW9+yXzjb/9rIBu7VEovKpJI3cZHcPm/zMXJL9YlJ4ZN8doJ/Ji19QFMDJtYXzWHO10lqPufHom3bZUkytW9vHV5DpwE42SjbL9XBZh8gcoaqcob5bMNT752yLCRVACLqLJxfx3e+P5MvBRSPDgUV3WpCq1AxLgvXtM+rhbzxvdnsHF/HSLGfXFMVWgFEFqBzl/dXtYT8z1P7zI37q/LKwkmn9h3qM0EgFIARIIpmv8EDS0Njuc0tDRgqG8Ii6us70hgah4zscIoiyQTXlrb2133FzohhgguTuQWIr84vafzqI10STBEcHEipxB5pYbN4Wuk5wBOkKlJ8YzA1WHo+rTdLxKMm+oLkB75hYNKItE1lkNJpOWO9k+1mw2PWLe54ZEA2j/VbuZSBSafoDl6TV2JbT5O83D784KdTL+teRXeO2snXVA74aEFsZ0TMQArIa1KdHMlSF76h7fpVNZH3399/7N53q4IBe0KIg4LLuTn164LdtIFtRMemRPbOREDsMgXstoJ/yy6LkRtpX8qQkFBRHIq6/Og3n9Z6Ujf//Tx4tEdpkV8sUgvpO4CAGuCi0nHy9uujgRA5794dIepSTC5AVcwCQOIdHRieGoVnpTIkO/1m4hMTNuURsLa/rzikY5OtDWX4foE0NZsLWal110dnba+aWhoaGhoaCwdloQAQ6WPJieTyS/ByiBikzFlGSTaHpu0M2onJ2OobI7hxc/tNfNRColKH01OJ5NfytYGMT0RU5ZBou3TE1L/p2NYXx/DP/mjvWY+SiFR6aNo9H4S+WV1ZSlmJ2eUZZBo++ykfdVlNDqPmq1Wu+mUQsoUVPqIFFw4SipDmJs0lGWQaPvcpCH1fxZVm9fhj176YzOdUkiZ4tWOc2ZTbYVQcOFoCD6CodgnyjJItH0oZk/GGoaBptoKDIxGzVc7znkqhZRpYIKrvxAJg69MI1IAkS1k0gVBpTzSsiO/KjAq9N255akEUj6DQfye86CMTD7K5v6LVVRxEgxdO9vPQlVShwet5G1Oq7zczpNJMPkIyF7tN5UqNrnGF7/5JbNpdxUAoOdat9jetLsqaxKMkyqKvP3yf5nD+qo5AGUAvJFfgATphR+7o6YMwDQu/xdg1/9kBRjrNj6CsXcfwVe+/KL545+85dvn9w8/+FXgz/7dUdOIWN8hKrnkBU73BQCovdKGR/D3//vJnPsuWdnFTekll214xcV3uwJ7nraWGLZ/ZoMgthCuXX8E4Zv34yov8d/0pgQBhm9XHQtAkGCI+HLx3a5lG5Al8ktVaAXwgJFgDj/3mEnljpq2NmB8agaBqXlUbajCytLURPLaTbW4NxND5HYEZvkqNG2owsC1Iew71GaWBlchn2ownNTS2t6OOhcFy7qj7Qm/MWI/t5DIMCqyysbaStwanUzMUSsq7HNW6b3qHKe2ZajIJrLSCyezlJQWKduh7U7EFzfijOqaTn1LB6SypCK/AMC9e/ewcuXKjNqem5tDSUmJLu+VRzRmuHCnkKCan1Oy2Gkuzgn3fO5Lc2KZyE6EfWobsBLKbfsqREmdVCoPvPQpvz4pn9B1lpsSo77/SwtOXiBUhIKIGrEk5Q/5+Vt+HqXn15q6kqTSO0S0IJJFX7dhLWiJl9RRkS842vZViGtxdR9+rfDI3JLHT/Jx/7n9+v5nhruz86DwPy9txIkwSTGjOlMcw4+z2tLIFrxEj9P2T460I9LRievlZfbnX4n8wc8F7Oon2v7c9ZuUaEi1pq25DFvW3kNXv7uNGhoaGhoaGvlDINt6mHLALVV7n/vqXrOuOZa0nZc/UpFcVNsnR5LbH+kP4uev545E8pWX95oba5MDmLz8kYrkoto+phAduTVagh8fz13/v/y1J82GTcmr2Xn5IxXJRbV9Yjg5GT108xH85IfvBdL5zqTz/fnCK39m1jdXKPqfmNiqSC6q7RPDyccM90fxs9f+PuP+u9lwsrMHAEyV4gsvf6Qiuai2T8WSpSANwwAAx1JImfZdRcRQEWDspXXguv1qv5lEwAgPLaCv23BcSeM1wO/0NXrsWUu2te3Th1C5NZH4kFVgOBGGXnMCDKm/AMDktVl0/e4MAOD373Q79NtLn03X+y4TRLK5/3w1Ib/39Fm4fQ78M1D1mQd1qVQQD9Ty1YluQSf+vZCDXRRwovO5fLdK/tspKJvO+MVLH8mkF7qvb7456Uq6yfT3R+AEmKoGK2gXGbLGlIFLEaQiwDhd3zRNfP5bL5gbd5XYyB4q5ZOefxjF7u1B7KgpU5Ja3EClj+g8AOgOT+NSbwytn69F3cZH8OE/zuCztVaQ/dfd92GRYAKefk9ut+/z3/qMWdrwSFrEF68YufUJjMgCZoY+gVsJpEzzk2TX0S89Lyzc+lgFNjZZ34FTb47i5H/9deDol543n3lJrQKlOubWQAzXfp/4PVIpt2zzqE6fw56nLeWPdQ3WGBhssD7nHfuSk4nhm8kEGEJ3XFY4NmQFX8eGrLHcifhSqHlh1e99z9O7zBe+1ize//KH/cg1AcaPxHkq33X4ucfMqg1V4v341AyK5j/B2nWWvyYCzCMrHsEn9z/BIyssP0SvP7lv+aJ7M9ZnPzEWxeKqR1BdniBrR25HUpJg/LD1//i7kyaRXkZG4Ep+UfqL+DkjI0BPZ+eSkWD4R0aqL0Rc2VhbiU9iJh4JBsR/ALbXKtD+W6OTkNu7NToJOwkm0QG5rFHT+lLMzSyipLRI/Adge82h2p7OsfK+gTszkPszcGcGFgkmkORX3L7/pP4yNzeHijhhKBq1z4MqKipsBJjx8fG0P88DBw7g/9fxM99LIT3z9Kdtxp1693cBr+dR+aO+64Oez/Prt5ttfMMJ7Z9qN49tt3zZu9cmMPSJiVwpwGTzvOw2l6W5M5//8zm1/FxgJz4kP1uowBVE+LMFn7/z63kllaueeficv9BJGPr++zMeZ/r9V6mMUPkcebvqWdQ2T3UpxcsVRORnVbnkjuozz+S52C1+UihI5/7T/eLP9Q/S/febtJpyHn54s9n+qVIl2aW0LDH/INWXu7HEPGlmOjnmeHUkgM73Z3D69I1APu3Mt8/INZxK6qjwSEenfc7toC4iEy4KrfzRcrb/T//T10zAXq6J+jX2rPX8vi5eCon3j0g4ugSShoaGhobG0mBFIXZKRX5x215oUJFf3LYXGlTkF7fthQYV+cVte6FBRX5x256PYIVMfrE//CeTMpwDFerSN/bAQm6UYB57dof5+IvPxL/LzgEOIrpwwksq9Rdq97FnYTqRYDKFJdsbcryvPACZyf3n955WC3IJYa+goC4FqniQ1P66UvS560I0WdKYE1tYqSfR7xE7AZECZ4eeq7Vd62q/KfqSzcrEz3/rBbOmrgR/9cp2AJbKjkwwAizVnZ2v1OKb/58/NsMjc74H4Xnpo8hQTBBfAIsMU9WwPisVGCpRdeuy9Z5KBfGyQUR+IRCJJVvs3h7EpX8Yxa1t5QCAX4zO47O1q7C+ai6uBIMslYg+Y5INuYBFGipGqMq6lhsJJlMc/dLz5jf/RY14/7f/Vxgbm4K4NZA8r7g1EBPkGP5a3n/t91HwNo9+6XmTSDD+jiFPmQDwwtcqbGWMSNGFCC0qIgwHHVcVWoGaTSuw9YsUsC3FteuP4PljoXj5ttyVAUk3gLrn6V3KE1Sklj1P7zKpXNTWLZ/g2vVH0P6ZDY4qMOm0vdSYic0jECetBKbmUbRqhSC/cBDRhf7Lrwlr11VgYiwq1GCK5j8BqcvkCqTckkrxxbPfqAPQ3i7aLQQ1GE5aURFd3MgvHFwZRi6R5AZOOlGRVFKpvniBl2O5MoxcIikdqMgvAJKIMNFoVJBg0iW/VFRUIBqN4sMPP8Q/PfKFnJRCIiILYBFbsiWzLEe0f6o9yd82VgYxFJkT+wq5FJJMvNjWHBBzcVUJUiqr4wYvpAmuICLI/IpSI87PLfbjnMqiplKQ1Pf/4b7/MvGCP1vKyiGp7ot8jBtpgiuIEAmDVEf4s6/y/ktEJadr8TJWD9L9T/UZ6PvvHYcPbzb/l/+5EjPT95IUXzj5xQmlZSttJBihCPNP1+Dw4c1mKhKMhjN+9M9/GFCRKlTwWk5HVj4pZNLFcrOf+isr1ADAWod+avKLhoaGhobG0iPvBJjYpKXSUtccE6ovkyMJNZdKD0FllfILYLUbm8xt/6eiwC2UYGPtnFB9GRtLqLlwJRgnqJRfAEv9ZSqa2/7fnVjAEIrRsOkTofoyMbwg1Fy4EowTVMovgKX+cndiIaf9nzMmMQygvrlCqL5MDBtCzYUrwTj3Xz25Hu6PYs7I7RdoYNT6gEOhEFrjEto9kzGh5sKVYBy/gwrlF8BSf6H2/YYqCMEJE3ybihygKnnk1G4uQOSX4uoVWBi/j9WV9uvODy3aVGDcwNVfAIi2iqtX4PEXn/GVBPPrE6cDzx87bLrdf3lbNveft5kOAenz33rBbNtXYQvG8jJBHHw7kWE4EUYOKLmRXwAI8ot8LR5czhRk1+f21tnKS6lA+7/+R434+UcjvsmBf/GbXzJLq4N4+X993vIX17qF+gtH69YdaP1fd+Crf/Wn5sx4DJkQYXh/uZLPrctzuHt1CoBVtqg7PI3u8HS8hJF7GSTa56T+Yhufrk7hD/7fDQCAn/7HIezeHkRkPDvi4vPHnjLX73wERmQBoapix1JPmUJWySlteATPH3vK9JOEQaotO3ZtRfflPuzY1YJnXgrg1Juj2PqYnUTgRIiRcerNUajatFRm/CPBPH/sKXPvZ4n4Yr9X1rYVQuWl+0JMkFtsvuDmfUSM+zaCDCfS0Put/5KIMP7e/2whShrFETHuC/KKTFap2bRC2Eb3Rwadq2r31vmRgnvQOPzcYyYATEfvArDKH8m4NxNLWQaJ1F8IRKAZuDZku1YuSiHJqi+ETIgw8jl/cLRdlEYqBBKMXNbIK+lFdY6qRFLK+aZc2jQNcosf5/FzncooecEzf/iU+U+PfAEffvihjfwi5i6SCoz8XoZKPUbVrt+rrU+9+7vAM09/2nyyfZu1YUujZxJMbVkQo9PpL/4g1ZmlJtpw0sunqqwE56C0GKfhkYDy+EIiwxCR2/5MgKT3TiqS8txXLq2qIkA4PQM4PX+ori0TQEjNRH7m2da8Cu+dnUdNXUlBliLR939p8fyxw6aN9KB49qX76BSbcFO+UREgUpGCVMfL15bPVymoElGk60IUFaEgHju0y/z9mcv6/uv7n4SZ6XsoLVuJbbjnehxXfnGCW8kkjfTBSRWAncDhVR2FH8tL/iwH0sVys9+pv6o+LafPQUNDQ0ND40FGXgkwn/vqXjNYab12Irq4EWEmPcT1g5XWdXJRBukrL+81y+OxRieiixsRxon4wlFeYV0nF2WQvvy1J801a62HOSeiixsRxon4wrFmbTG+/LUnzVRlkDLBF175M7MkVBnvX8ih/85EGCfiC0dJqBJfeOXPzFRlkDKE2VRrfYFaHerHuxFhnIgvHPH2zZOdPY5lkNINWrTsCDkGCeSgRXhowRYwk9VJnAIbPFCRKxWY4mq7u1sYv2/bRsQWJyKMTHyhNnjb8jWyvfcAoLr/9ntlv78cFADl5aZUgR2n+w+kJsLw0kAiMMICVe+dnbcRcyzSVELS2wqeJogwhKgRs0kic3D5YhX5hfcjGxIMqaJQv598YlUSEYYHot87O4+rDSO+ybBTyaNDh/ei51q35Tu27lAeS/v/X19+EmdOf5SVGgzZ/pUvv2iur5qziC616/Dr7vvKYzn5RaUKw7c5kV8ACPILvf7Nf7QS20efP2gCwMlfn8vqnlKZIqDElQQjk1pUx6rKQwFAqKoYd3DX98GjdYOJ7st91r273IfWDcApl+NVpJds20wHe55uM9c1hJAgv6QGEVyo/BG9rtm0QlkKSRls2vIJ8NkKPH/sKXNsyHAsi5QvXHz3cmDP07tMMLLKjn1B7NjXjPBNNRHm2vVHHO6pdWz7ZzaI+0H3isgvhar+UrW+CqUl9mTazNy8bRsRXGQijEx8kc8lQs3M3DwidyK+95+TX9xQh0qMYBJ1sI+HtG0Ek87nMjWYfJNgqPyRH3Ajy2ysrcTOXdtNexmkRPkjv+BW4ijlM4DLeU3rS7F7927z0iVk/fmkIrvIIKILL5Okwocffog/fuHzePaPDpvv/A//5s+cBFNbFkRt+zZXEgwvf5Qu6Ny+64N5+w2o1F0Ai/SyqXo1bo7PCuLL0Cf2Q4c+MQUJxokMw5FvYgwnXxDJXZ4X0zOCXGpHRfiWyReqeTfNh7nqpNPzh+q5wQly/7gdlIQuNOj7v7Tg5AtSAEkqqRsvQSWX2nFaxOEGufSO8hiFWoiXBUFy/2wLkOpKMlJv1ff/wb7/Ij672vrtqkoZ0TYnJRjVORr+gwgSnFgBeCOB0PHLmXCx3OyX+yv3Uau+aGhoaGhoFBbyrgATrJzEZH+leD85AkxOxlApEQK8kF3k82KTQGXzJGKTlTnrf9lqA3eGE5OrsTFgcjqGyjJ7/72QXeTzpqLA+noD07OhnPV/zdpZhK+tAGA9/E0MLyAanUdFhT2o4YXsIp93d2IBNVvv4+7E6pz1f3VoJSI3xlg/DUSjs6iQVml6IbvI580Zk6javA6zRu4e9Jrqa2xElp7JGAzDQChk/8y9kF3k8wZGozjc3oKB4bDvQQu5FI2bcoiqJI8b+UU+llARCmZBgpECJPO7xEtSgQGSSTCAmuiiArXx/2fvz8PjOu47b/TbBAg01kajQewrsXIHN5HmIlIWKdG2YklWxJjI2Ne27NyJZry8z/WMZ2wnfpPXzkwmyU1sz1XmiSMnbzwv6EgjeRnFoSTK2kiKFCkSXECAWIh9a6LRaKyNjef+cfpXXae6Tm9oLCTr+zx40F2nTlX175zuPlXn099fgGbiAvuP8H6JCB7JUgGZxTAwzVFCWPbUsvjTWMyOgQx+MWubwKgD+xIDfkUI+EGYf3hR//CnlEaylEyUkiucBVtAX7QikCVSMOWVF96w/OGfPqnx9t9VpRbDIjSV0TGKVfqjl//2Jcuzf3hcA67A1T+Jql2OABCGngNAyyUXXP1X0HXNhcXALwBggF98KnBMA0gLcIHh3V1CwTAi+EJtiRrsWWBADMEm0aQXovNYB1909VyfhtulQwZ2h/F9kVsUZwBeBnsWWP9u16x0H/aZ7NsuAluxUnOvBTWFGvsPAKOu6Yjb4feRtblYbTu0WXvsD0oDytva4wJSIMmUXRbPwA4z8EXWFv98+xM2ADZsOwQNWD0QDEE+5O7y2B/4QZh1+fpnPg8AZZfFY12+naVHonhQiqTssng0XfauWvhlx/7NGgC4+lwgNCXVmgiLSQokQA68iEpNSsTIHQ+0mfmA1Ec79m/WLp9d/DGv+ew3pG8IEYThgRcRfuHL6D8PwsigGuq3+ed/syLHMxrHl1hqMc4tvIKBMIuBZPzXd+ZxIveXlpYWqXNLRN9hnMvL3NyctDxYWawkOsFUhnCCyfHNb1vbu8N2clkMOLNYEexCIujlfBjfsSIUkx9nYTBMMbdOcT6K7+tYi65lg6XPCeV0KALgZi6V4Ui8jg/mdCLbl8bPz49i5cCo4n8fxp+DkcRxm8WEn+vJjp0UqAgzJY4s9ZXYX7B92Q+QOIfU1ejCo+K/cnr44fXa9p3J+Jc35lG5dS12VOrziMWCLS2DFrRem0N5mVWlQYqhRGBCBELC3U+9/uUdL6Vxut+Oh5KSkpKS0v2iZQVgvKNAbqkVKB1F8/kMADoQU1pjxeig7voyGoF7e0aGFaOjXnhHMxj8Qv0shcY8QFGOFYAbl2/oF2JpyW5Urrfizh3d9SUc8IWNP82K0XEvxqfsDH6hfpZCkyOzyC9LBCpmcOOcfqMoJXMGZTVpGBmYRWZeQljgC8lmS4THM4PJkWQGv1A/S6Fp9yjySkuA9evQ+EEnAB2IKaspwMiAG5l59rDAF//4k+HxTGHKPcfgF+onlrrQpS8g2e125Fv1G34fdAwA0IGYmrI8NI96UZNhRfNo+Fbhdrsdbrf+egl+EctjsVBB1rI3LnuY3WuwhQDZL3vCyePs7J9lfchS3USrnfu3aOsKcg2wC0EwU6Oz7Hkkon2TMxIM+84Oz2NdQW5MLXBXe/wJ/hCdXkgEvPB23Nn5CThzbkb6a0ICX/ixtTb5oYJgMZCJFmjpl1uRgjCUBonGd/atIYBzneHLaLyxXPx9+W9fsnzxjz6vOfJTAACufi8c+VYD+EJljvwUuPono4Zfnnn+MW2yZQynTp+3uIbdKHBY0eQcR7tG8U4AfNALD8EAMIAwZuLTJvFlAJBSlc5AExFC8T9OwjPPH9WA0BCMXk9PSSSqaEuS0K65jONIwmDPAnOSoXbYZ7IjAW7XLFLz41j/kQI7ZmrutQR9vlraJL3xd/p3dO3RQgDxQWEV9lnlc3uROcDQf1EyEMbZMY+GN3tX1cU2QTAbdpQaUhwRxFJ7tBB9jZOG106vn+LIwy/8/qsZfkmz6Z9bCT5XlxnXBAAEwC+iG4xMYp3MdTa4el0MqBH7jhaCIQDlO589AQDoG3Sbur/IgBerwL95vYH7yNxgcnOBZq7fH/hIi5UCYWKhlYZpFqtYwTih5yNGh5fh4WG2zePxBAVbCKyhOuQC88gnD2pv/ya2qeBEJ5jWGLZN7UaTMmmxajjfYKndW6vJABVybKndW6vtdSRJIZb8OAv6FzRDXdrWz9VfibRI5JjI3xAW3Trp2pUkS/kpwhD0XOZmEmq+QWMI5XiyyZ5jCmHIUvx43F5Y27uR/cS2VQNhqPivrNzdbgB2A5juHJwO/CEPd3xk6aDM4iybc4daV6ExhHI8CeZiKpvbu7vdyJsbR6I9b9VAGCr+q0PZaQtoAYLCL6ITTChApipXQ+s1ID1zDdARu7FqWvDPsP2f+z4QDoks3y+ozv7su6vuOvRBBynuldevgBclJSUlJaXVrWUDYD7x9HbtjmsSpYjTwRXf4q/u1uJlKY8ihWBGOzOQUToKSq3E9/evv4hdGqHf+dR2bWRsCoDF59qiAwa6W8s0S3kUKQTTN2BHQZ4bacmB/f3vf4nh+H/3IW14ZBqVSPW5tkwBAHNroZRHkUIwzrZ4ZFdMISUzsL///b8+jNn4P/WZJzXXyBjWAz7XFn385NZCKY8ihWBct+/AsX4dku3rAvr7l1d/FcsLWc3tdgMZeToEk5cNAOgacCK/LI+lRIoUggF0iKbE1x7JbrdrF7qGLHtKcqIarJivmSAMcbIvLgBEAibI9uUtlGmRYjGLCMeOH9XWb92AcZebwS6AH3hJzkjA1Ogs2yYCLbx4YIbq8tsAsO3rt27AseNHtVMvRX7zW4x9pPGPxu2FP3YEv/CLUeEeA3Kckf16i1/wrSq1wNkP04UtcSGrcoMdrU1u5vzCL0zJFnEDFmkM4zGAMGEdn7Nv+ReAbXarAXg5+9aQv4yrEytRGiRAB11uvN2GzY9UwJFvDSgDAEd+SlTpj555/jFt9ydTgU+m4tiRvRoAXLvlRUpVOoq2+FMGXfzNBNqHdMeFcgsY0CKDW0SZwS/tWkJYUEpuURx6rofzWo5qRVuSmCMLEBn0YiYCdMhNpue6/l5JzY9jrjB+d5hZ2B0JUbnWhCNKcTTcOev7rDuiZZWav++zShNw7PgRjd+np8uLopLYu9XwaYd0BxbgDd/zK760SIARbnG5jeAHn+KHtrvc83DY49k+FeV6Ny//cAJ3+t2sD3EMlmVckqI0RTKty7f7gBb/dwwPwQAp6GucRMGmFP81ou+56PzCPiM75plDjPnxWD1wjKPQEXgd1uuSlotKTUoMqEuPJ6ZnMOtzjtFm5qMeX81nv6ERgALo8EtNba3880iAX6wmbyUq50EYMwimprYWzQ0NKMi1G0CYpYZgFrxaSFglnDqh9jdTOI4ssjqLc3KJTNMT4bkD8u4vvHiIhXeDkaU3ysrKMkAwa9euNbi/iG3wZTabDRcvXsRTj//ukkAwvEK5wIQrEX6JxDUmVgoGpxD8Ekz5cRbU7q3VGs43WFYCdAl5fU7X9r5raILW+etkEWowgx/M4ItI5328zFxPZNuDOZMk7qpalQtuKv4rKxFEoh98BJs/m8XXDL4I5xwwcyYJ5WgarjOJt7wYiSr+Kv7QnV8AYPvOZAALqNoQZ4BaWgYtqMoNfC3BwBdxn9wcPS7kAgMAy+AEo/3RV0/g5beuoflmY9hrOUpKSkpKSkpKSg+ulgWA+cTT28OeoZMTjFgWie64JrHOkRIzCOZ3PhX++MkJRiyLRCNjU8hMT44ZBPM7v/tQ2OMnJxixLBINj0wjKzMpZhDMpz7zZATjdzMYhi+LRK6RMTgy02MJwYQ9fnKCEcsiEZcaaVEQDFuUCOEIEg5wEfbiBKVKCtO6Nph27t+ird+qp4lJc9gx1NqJst36whwBKzLYxTS1EYzQC7nI8PWHWjuR5rCzPiN1ghFTH0UT/3CPRbjHLRiIpC9o6TdvyOlFBsEc2JeIlk4tIF98KPCFF0Ew2fnhn8+yXygG+0WXTK+88Iblmecf0/jjwAMvBLvY7FZ2rGL9q8cbb7exx2kOuwF4ufF2Gyvj60QiBr/4dPgb+RjsWUDP9Wnw5QDY88GeBbRfh8ERBjCCMGaOL9du6Z9pKVXphjaXSmYpi0KJgBfD5ysH1Uy2jCHnsJ05v/D9RNtnyO8In0tL20ce/OHX/ODj3/4ovNR34j5FJdaYOr+IIhBl26HNWtEu/eLuymseXPFt72sErPmJDGxpuuxlaYIAGMoIhOlrnAQAvNyo17HmJ6IoP9fnhLIy6Y4IQOGdWgI+1zr0sfc1gkEtBLPwzi8Nb/aiaJf+evi0SGJ9ikPBphQGFcn6pLEtNwiTak3EuGcSqdZEzMKrgykOMBeXiekZzLgmAuCXtalWlgaJfwzowIur14VER2pAO5bEeJYSKdUa+S0Igl/SckswPtiFtNwSYND8+nEQo1IHmLA+WyTwCy9+DN/57Iklg2A2banWinIygsIp4SocQKYoJwObtlRrjddvWQBg69atWklBathwSbSKFrARVVKQiq1bt2rXrl0zfaEWjrgT3VnMxMMvJB6CmZubC5pCyax9yxLQf5G4wIRyc3nk0Mc0AKC0SqtRMueXjuEpQ7okSoHEQzCrZfynT75nkaW0Fa+Lza6PyeGRruXp2lomakeEO6RzC98cgPZpdA+ZQhaycvHaPjs/ATdb4uFxe/UfDOQmrQoXkgcp/oBvnraK4v/R2euWnfu3aPZi37WUBIKgWMlSDfM/zCHHEDPwgtoR4Q7TtRXuXBDnq/wxlpXLHFSGx9bB3XEHNnveItNIq/hHE38gD51XB1ZF/B9+eL1WXmZFe4cX2Wn6XDY7bQGtPfocQlu7BlW5WthuLywWuRpaBi0YH9LnLOmZa/z/O7Bs6ZBefusalJSUlJSUlJSUlMLVmuXqSHRoyfDd5LdmjKL5vJ4CieCXzmb/ghkPv4wKIEBngzWgXbP+Fqt0YW0xw5fbPC3Zjcs3knDnjh9+ab3tHycPv4wKC4GNLUkB7Zr1t1ilZBonaroLDJCSOYUb5xYwMjDL4JeO5nFWj4dfPJ4ZQxutHy0EtGvW32KVZM8Qxq8vPCbb16Lxg06MDLgZ/NLR3MeN382Nf8rQxu0rXQHtmvW36PPHalzcplRIJXnZ+KBjAM2jXga/9Hv9N115+EVMa8SBLiH7i1SnT75noV/rkEQIg8EqEQAXoaxq+T6cg9PwuL2IxeJBcqYNaQ47hm/fCUh7FGn6I9m+U6OzGL59B2kOO5IzF/fmFWPAP+bjFSz+ssUhvkyWe9vZPyt1fwlHtCBEi7PO/lmW9oj+ZMdfdm7Izgn6C1iIEfKAhxOHSMWnQKJFXUAHXgxpmXzlm3fYWJqlmCzy/O1LljSHHXnVeQa46sbbbQx+oTKqE20KJF65RXFBwRTa3q4lMCcXEp8WSdx27ZYXh7+Rj8PfyA9IIRRKMiBFJvrskkEogz0LYbcjpmKiNlPz41Bu8Z9bIvzCl4ufo7HQ268O4ZHP5GDDFj3t3YYtlXjkMznM2UWm4c5Z6T5vvzq05Nd/PPwC6MAKqWBTCjbssDLQxWEPTIHksOvbssvisWGH1eCQwrdVtCsX2w5t1rCM2nZoi7bt0BataFduQJoi/g/QYZ7tT9hQsEl3ernymicg5RH/2mTPnR3zuPKahznDbH/CFrLP2qOFvtjoY12OuDz86E49BZkPRNFm5mFJjMeMawKuXhdcvS4p/DIxrV9nrk21Yq0vbRKVkRyFjoB2ePgFACa8M9ixP/xzgYdfALD/QT8fooRfwt2XH8t3PnuCpWZaCoXr7LIYUCZYH+G6uIQCZWj7UgA14Yzx4596WHvysWcC3F8M308SkEV0dwlnH/98yBZQ12azoaWlhaVCiuR1PnLoYxqBKeHoQG0V+PoEx4TTx4HaKga/rKT7i5lE+EUEW7p9czQq71/QGASz2hZ8gl2LhAIqyKFT3BbKNUF2PS5el/N9N7qH2F+48w4ah7N/FocPOxgsv5okm1Pfj/HPzk9YlfEHKBUPIporMjCDm+Px2yJyvfXNYc3WUiim4o9FQo2ZxuEcnMbGqjSUbtMhjNWkj85etzwI8c/OTVoV8Sf4BQBSkoVUa2kLyE5bgGXuLoNfABgeh9L40DzSM9cw+IWt/fr64t1glkiW5puNaL7ZCCzC/eXsz767KlMeKSkpKSkpKSkpxV5LDsA8/cXtmjVDB13WOVKkdawZoxgd9WJ01IvOZq8vLZIu3g3GO5qBwU4rq5tROsrKeVE/1ozI3Gdk+v267Vq6TQddMtOTpXXSkt0YHfdidNyL1tteX1ok31g4N5jxKTt6hpJY3YI8Po2SX9RPui0y9xmZPvsHB7SUzASkZE4hK1N+szElcwoezww8nhl0NI+ztEgADG4wkyPJ6O+IY3WzK+ZZOS/qJyUzISL3GZl+97n/l5Zkz0CyfS0cmenSOsn2tfB4puDxTKGjuY+lRdLH74/tlHsOA50eVtexfh0r50X9JNkzInKfkalpaERLt65FvjXOFFYpyctGunUt0q1r0e9dQNeA/5f8ohuM2+1mdSnt0ZjXOH7qxwfBaBe6Ir/BuXP/FkMaHpYz2QcqECzBLz4EgxjExQx6TFCHDI7Izk2CzW7Fzv2Lu2FHQEpypk3/87m48M4tCVnxYYEwYj1qIzkjgbXP9xmpTp98z9J5dQAfvn7b8CspMXe8LP6RSoy/2YLRh6/fRufVgZAgEi0a0WKQeG4EjF9yrrCyINBLuAq2gBXOovEzzz+mPfP8Y9ofPVeNqlKL8dz1LcaJi3LZ+brzzR89V832X+x3KJ8CKTXLitQsH3zpsDP4hS8v2erAs394POJ+w4VCZGrXEvDP79/BP79/h7m7yPTa0AwOfyOfPc8tiguAYGSACpX1XJ9GOOmETp9830Lpidhnp2tW2mYoIEa2ze5IwOxmG3IO2zHRv2CAX9yuWbhds+i5Po2J/gWcPhm79BOU9ggAago1NF3Xf3vfdL0VNYWhD3mwffi2Y6lthzZrtUcLDWXe/hkUbErBs19Pxb4jwq+Iy+INDiricwDYd8SCZ7+eioJNKfD2G+GI2qOFywbB8OCLw+5P2SSTCKUUbEphIIy4D7m/8NAQtU3gi5gWidoO+Az3te2wG0GY5Zpk3OkZwYR3BomOVCSkWpHoSEWiQwfrePhlYnqGObmImnFNsO3sOs23ryUxHpbEePYYAKbvTEY11mDQy2AYTpSU4ohPdSQri6aPcICcWCkWbjCLaStceCVc2GUxMEwk+378Uw9r//Gr3zaU2Ww22Gw2eDwe9ieKygiCmZubw9zcnCEFUjiStd3S0sJSIUXSFqU2Mtv+9rsfWM40tIRdn0TgS2V5sdT1ZTXBLyTe+YXAFioj5xceeKGy1Sh2E1jyYwT+mllPWWoxvc7ntxH8YDbXCzbHCOd6PVjqnVA3qsmFRMVfxR/wQ2ABEIT4AxOT+TXFUraWIb5uQ9sh5rLBjk+w1Duhjiu5kKj4P5jxz0kz/oDDOW58PjE+x5xfeAeYSGCYsZG7QftcQlmwSPhl/+e+r+3/3PdX7xe2kpKSkpKSkpJSzLTkKZC8o2CgCqC7uGRk6BCLdzQD1ozRgH2sGaMYHbRK2xPrWzNG4R3NYBCMrL3FaMwDBqoAuotLRpoVo+M66JKWHPiLhrRkN+7ckY9frJ+W7Mb4lJ1BMLL2FqPJkVkGqgC6i4vNlgiPZwaTI8lIyZwK2CclcwojA3L7eLF+SuYUJkeSGQQja28xmnaPMlBFH/8UbLZkeDxTmHLPIdkeOElLtq81TXsk1k+2r8WUe45BMLL2FnX+eOcMEEu/dwH51jj0excw5p2TOrWU5GWbpj0i6IWUbl2LMe8cg2DSrWt1SEaoF41kLiD8IoJsu7joFgrQ2LzDxqxtZe1m5yah8+rSfT4FS3cUi/qRimyC3d3uwF87CamQxO1ivGMRf5K92Dyd02JSYEmdakwWqjxuL/j0ULQITKmXqkoTDduidX+hxdo/eq4agGj3nSAdN71+3kqc9qf2IrUBJ4il7t8fQXNbEwDA1a/f2CXYRZQjPwWOfCv2P3yE7R+JGwwPe4jOJ2b1i7Yk6XW51EjXXhkypD7iUyFRH9R+blGcoYyey8CTyZaxsOPncXuB6+ydC0CHUzbUJklfbzQAkN2RgIn+afCwTWp+HCb6F/xjiIGGBobR0xUI1TX3WlBTqLH/4SjYPj1dXgwNDMfs8ywY/LLviAVt7XEM3vjfL88ZUh+J2rDDiqbLXvzOs/p3Zlt7HPYdWcA56BAJ7wSjQzDQljIdEsEvBL6IolRFABicIkt3VLApBS63H1KhxySXe95QzjvC8GmRxD7M5LDHAz4IZqlSIpH7y4R3BtkV2UhINR7XWS6lEQ+1EPwyN+Fl7i+U/mjGNYFERyqrT+mPAq6xbSlIs6Vg3KN/Vu7Yv1m7fDb4eUDuLzIV5Jqnk5OlQAoGwYj7msmsz6VKhWSWuihYOYm282XBUiHJgBiz1EPBysMpE8vF9vjnweqF04/0O8jnxBLMvUWsGyrVUTgKt8/lFoEvAJCT5v9MWI3OL4ARasmP8w+rOMOK865pdAxPBWwDjFDMakqFFOo6XL+57Hc0oLQ74vU9X0+ENMK9QczPG8J1MTFzJaHrfT59is1uRWuTG/sfzVkUSK/i/wDEn3MGoR+eZOcmsblxwFybryc5NuHMZw0/cAlz/hzM6ZTao/7sxXZ0Xh3AQ4+vXxIXShX/1R3/qdkk5KTp1zC5ORY4x/XHlAqJHrf2xKGyyMLgl9YeDds36vFITVuLifE5tPZoqCzyf0Z8dHUB6ZlruLbipBDM9dmkVXvOEfzy5ROfxJmrXWi+2ahhETCNkpKSkpKSkpLS6teSATAWi+UEABx7qpaVWTOA1o/WYp3DCmuGNej+PCATCm7xQzBAT/taFJUHjkXTtJPRjP+JT/rHn24Drt9KRGZ6EtJtwS/seUAmFNxCdcY8QGdPIkqLYjj+Z3azspTMBNz8cBpZmfFIyUwOuj8PyISCW/wQzCy62uZQUpEcs/F/8ulPs7IkewZaLrXDkZkeMkURD8iEgluozrR7FL3tYyj0LdAuZvwAIDqvpFvXomvAiTG7PeS+VLckL5s5wpSYQC0EwQBg+yxGfK5mXiKAEUx8zmZaFGPpdUycQfiFDn5xIhh8EUwfnb1uOXb8qCa6sUyNzjIXmGAip5dwoBdKq8Rr3OVGJGPm4y7GX5Yze6njT+LH5HPjCQrB8LbAwRajZItCvOtQuAtSBMHwC1TU74F9iaZ5vM30ygtvWI6ceFhrdA8ZQBrn4DQ+8xn63Am0IgeAV18dZTFsyR9EVakl4jRePPgCgMEvjnx/bAiEITnyUwx1mtua2P7hgDCvvPCG5ZnnH9PIjSUc+MWsXm5RHPBMDl67Po0ncvw3qV8b0hfzm18ZQs0zOVLgJBiE0vzKEE6dvhAyjkdOHNRsdisKNvlBlIn+BaTmx8HuSMBgz4IUvomVqE9AhxWeef6opp8DsXGCIUiluTfHGJ9eC4YGhlEBG0Zd08hw6MeSHgfbRwbXxELr8u0M4OAhDt25JNC1hMAQ0fFF5qrCu6n0NfreBz4YxeWex7p8O5ZafH89lwLtOyglEg+lyF4LxYbiI7q/8IBMwGcvB8HwZQ1v9gbUJWDHYY9HzxLH5k7PCApri4PWcfW6jNdaPgeXiekZ2Ln0R1TOu8PMYCJo22m2FDjbnEhalxLRuHN9YQ/H8WWxKZCCQTDRjGclFEu3mOWQCLDEMlWSpmm4detW0PRHwect0UMrtG8s4RdydQkHSslJswJBXGB4+AXwQy+k1QK/8NDLXt93aDf3g4T+BQ2yTzWCXvLjLAYghm9vNcAwdN2dnZskhSNEZwVxriC6O9L1dbBUrMFSq+pOJ3J4na7rZeCFeDOan2+sRuDimecf0/jUQCr+KyM9DY8dNrtVOk7xBzji3FV0/WTHJcgPhug9J5vfSp10fftR6l0ZeCGbu4v9rSYdOfGw5k8NpOK/HBoaX0BOWhxy0uJwtWkeVRsC5+sEwUjnspwjTGuPPwYVJRqEzMb6NeqQhtwcC+t7tfIkPPxCqtm4Cc03G7WzP/uugmCUlJSUlJSUlO5TLQkAw8Ev9dYMf7k1YxRF5XpBT/skdj8aB0B3g5GJgJdwXF162iexzpGCovIUoQ19HBaLBeFCDBz8Up/O3RdKS3ajtEi/qdLZM4WDuyz6+Mfl4yfgJRxXl86eKWSmJ6O0yAiPpNv0cUQ1/md216dkJgDQb56kZE6hpEJ/QV1tHnzsaCoA3Q1GJgJewnF16WrzICszibXvbyMBTzyzO6rxf/LpT9fzoEuyfS2DU3rbu7H70S36ZNMjHx8BL+G4uvS2d8ORmR4AvyTZM/DJpz8d0fg5abzDS741DvDBKV0DTnysLA+A7gojE4Es4QAtbrcbdrvdzCFGu9A1ZNlTkhP2wGlxIjs3Ca1Nbua8wQMSPFAhS8lDCwL8IodsH9niRawWENIcdgy1diKnspSVTY14ANgMEAwPxYipkEQQRgRopkZnMTXiMaQ9GmrtZOlpolEk8TdbyIk2/s7BaXjcXtjsVsN/mU6ffM9y5MTDWuUGu9TSW+yXP7b7H81h4AgtMJ19ayggDrQPPRYdZ2SLU2aQDy30vvrqKF554Q2L5W8toV+Xb+x++MUcpPnMZzLw6qv+76uzb7kjgl8AHVQ5dvyo1tzWBFe/l8EuE8Ne7DhWIN2HwJfLp/qYO4yr/woc+VaMu9w49VLotEEEwQBAblHqot53uUVx6LluLCu3zOouMDnr8M8+CIZ9f1+fZqmQmoVtza/o50Q48Mszzx/VCjb5F/N4N5aJ/gVM9E8jNT8Obt99dzF1Ef885Geua9YAu4hKzY9j/1PzdRAGeDPmi2vNvcYmR12Bi8pimbjPUmjboc3aunwjtEHuLwAMriXsfVsmvySlctEdhaAPSiUEX18Oezz6+mew7dDmJXGBIfcXHjIhNxXaBiAAQgnmGCNLeSRudwhuOqSmy94AAIfa6rk0aBhbD7c91i4w5PzCrqsaug0OMOT8Mu6ZRJrNHEyZcU1gzufwMuOaCEhxZLjImpmXljvbdHA4zZaCHfv1lFjBnGDMUgyl5ZaguaEBNbW1GBz0AymA38UlUhBGBr4Q4EJ9RTLGxSrOagnpAhML0IX1IfAZSalrQrrAxBJUiVZsjB7TuQs6Ojqwdu1als4oEhcY6bVgGPuG07bFEv7b/O13P7CIwEq4MoNczNpqbe9mfa7ksSVQhaAXQAdf+HRG+XEWtn2vIwnnXdMMdsmPs6B/QQuoL4NhVgMIY3btL15Hy67rxfJw4As2R5HcqD5zbkYKftC1fTCXk6pSS0jHR0rDE6kLo4r//Rt/GRQhznNlP/oRnT5k6xd83Pk2+XksrxuXPVLwg4eezObW4lzebD3hyImHtUjnoir+92b8d+3dpG2p1jA4pAHQIZjcHAtamhYAHwTDO8Hwz53jcbhy0ySFueAe4xwn55e7AfDL4JCGLdX6WC6db1yVUMmZq11QUlJSUlJSUlJ6cBRzAIbghZ0HKw3wi6h1jhQA+sQkw+cGQyBMBucOI8IxsrRJGRlWrHPInQO8ozoEs/NgZVgQA41/34EqA/wiKjM9GYA+4cnwWTkTCJPBWTuLcIwsbVJGmhWZ6XJ3hzGPDsHsO1AV0fj3PrLZB7/IlZXp789m0280EAhDz/kykixtks2WiKxM+ak0OTKLlMwE7H1kc0Tj33PocH0wlxdHZjrXf7JvrFOG53wZSZY2yWZLNrTHa9o9iiR7BvYcOhwRBHOha0iTpTci2TkXmHyrPiElEIae82XsfJCkTcq3xgV1lfG5yWin3O6IJ6E8fCFbmDCAMCYOJaKriAhlyPbj4Qub3Qp3d+SfRTv3b9HWb92ANIfdB73oIlCFd23hgZbZ4fkACIZ3gUnOSAhwfEnOtBn6IPglGueaSOMfLI6yYxBqP3putlgkE38O8IusZuCLKFpgrXpOv7soAjEMfqHFrxCLv7zoV4yR6vTJ9yzPPP+YRuCLuOi7ya6/DnKKIVH9V18dRbQLXqdeetNy7PhRLa86DxPDetx4+IV3g+G141gBLp/qY89vvN0WFvzCi0AUM4WTJmmwZwGTLWN4DekAEliapCEAF38zgZSqdAa2pFTpn730fGu1Fdde8YNQp06ft0T7SzJyfqHHYpnbZXwf889FGIa2BYNezPpeCclAmOUWn5aIvV8FyIVAGG//DJz2eJYaiVdF+QLOndbg7Z8BsDYAnuFdYAx99y/da+PBEtm22qOFgAC09FwaRA8CQRiXex5Fu3JNIRgqJzcdfj8CX8T9HPb4AACHH++2Q1uWxLoj0aHDc4W+/64+F6Z9MAoAJK1LQao1+GeyJTGepTqSwS2ixj2TmL4zaegju8IPA/MpkYIpNzf06xMhGMAIwsjSIlGZmeNLWG4zuUvrAtPv8aDIZNIWCfwiq0vgS7A+nJ4plKTKwcvlhF/M0islpa4JOsallM1m881nVl9ao6FxL0tnlJNmDXB2Mb22XSXgC6CDKQS2nBe+NxvON1j47d2jXhT71ij2OpIM7jAEu/QvaGw/vi1qYyVSI9Gcav+jOTj71lDgNTU3PxNvAItzvGCwe6hrcrF9MQ0Pn06HxAMWsrYpPSl/I5pPmZqdn7BqXElU/FdGlFr4ocfX48PXbzNnU/FHHoYfW5g4iMigDNkcWiaxfTEND59Ohz++wdZZ2L6+H68AutNN6bY8ts9qcSVR8V8+5eZYkJMW5/tujkNOGjA0soCKEsG9SQK2hKv0zDUYG7nL4BfqC4iNs+r+z31fA4CzP/uuZf/nvo+zP/tuLNoEAEvzzUatZuMmff3hZiNqNm5S7i9KSkpKSkpKSvexYg3AnOCfeEeBO65JVO6k5zy8koHBTityS71c/QzDcyAQjhHbyciwYrDTCmuG3h8BL6Q7rkmsg/+XpsHS2RB8QRrzACNjU9hSrT83wit29AwloSjHP/Ean7IbngOBcIzYTkaaFT1DSUi36f0R8EIaGZsCkBzV+CdHZjE8Mo2ND631PefhlWT0dwD5ZQtc/WTDcyAQjhHbsdkS0d8Rh5TMOEyOzDLghTQ8Mi0b48lwzp9p9yhcI2Oo2qXntDLCKxkY6PQgr9QfrCn3nOG5Pj4jHCO2Y7MlY6DTgyR7Bqbdowx4IblGxuAIf/wB6hpwIp9zehHhFv75mHcONUJqMBGOoXoEweRb49DvXWBpkERAhp7b7Xa43aGdiGTpj8x+NSb+CkfqCCP7VU0IYMZs8cos/Y7Z61hXYLxLNe5ym7qyiK4uwdIeydIdmfWxriA3onG7u92IJP58nXDcXSKJuWxsMpFbitmClAi+iK4v9Jj/lSEPxLR0atIFY35xSnR84X/BKPv14uYdNvjcTkyPyzPPP6Zl5yYZ0ir5gaQEAEOsvcBti//V46mX3rQ8+4fHNQJfXP3+7xBHvhU1FRv0hRufUwyJ6l8+1Rcx/DLZMgZsSWKQCwEulDZosGfB4JTCpxOi57x2fzLwZiHBMPBtY21vSWIQzO8dXIcm5ziu3Yps0VA/16zM+YUHUEQ3GF4yUIWHYcKBXkTQhh5Tv7FYAOVTG5lpuHMWWaUJAWWxaDsSiSmIXO553Ol3A9C/o50d86go10/Pl3+op7PZd0R/LjrD0LaXG/W625/wt0FAzZ1+N6z5iQZAZKnSIAVzTeHdVmTbCXSBD4LhXW1oW0bROga9yNIh0X58HdEBpifMccZS7731keXhR3dqBMEAgKPAgVmf28u4ZxKp1kQGyZAjjMzFhbaJEutaEuORCgDrwMAasa1xz6Sp+0vNZ7+hfeezJwLKeeCkINducGahcjMQRurwEsT1hdTc0ICCXLthDKK+89kT+AGgNf/8b2J2/Mpy7OgZGjW4wCzW8cXMUYb64lVsT0FX34TBBWalHV/MHGlorKI+/qmHta2VOzA3N4e1a9di7Vr/dfhiXWD885ngbci27969G7964xX89l+ig3EjSYMUjlYT+MKLwBcRTBHhl2ApkHg3GBnkIgIxq0UitC5zWQg2FxGv+QPmhBIgnpd47U9OjfwcIRToHkp0PU7PV8KNxOw1qPivrHgowuP2mjqfBvtRiOz6XgQ3zOYAovuOmE54sXN3GgM/T18JNxiz16DivzQi+CVm3xPjcQanGHYdy7m/8MCNngYpelGaojNXuwiEsTz3X36BF//z0+E2QfGWX/tv3GRpvtmo0WNfnzGBbJSUlJSUlJSUlFafYgnAnJAV6k4vo/COZqCn3Q/DEMDS2ZABQAdVgEl4R1NQWmucpBjhF/qf4dtnAUXl1Ka+vad9kqVC0vs3SgaRiPAISXd6mcH4lB2dPX4YhgCWxhZ9sVoHVaYw5knGpirjIgMPv4x56L/dt4+G0iK9jCCYzp4plgpJ7z/68etOL/OYHElGV5uHwTAEsLR+pJ8CBKpMjiShcqdx0mSEX2Z9/+N9+8yxtEcpmQmYHJlFV5uHlfFOM8K5cjKc84ecWabcc+ht72YwDAEst6/oFpaukTEAwLQ7Heu3lwjj98Mv0+5R33//PpT2iCCY3vZuVmbiDBM2BEMpifq9CwYYhsCWZt+5TXBKM+wBEIwsRdKYdw5utxtdXB8EwXQNOA1lfPvRLgiJk39aiJNBGKF+6WVmV8uXx+JmcZrDHuDMAiAgXRGV0Y1ZHoQx1PGBL+b7G0V17vSF97Ptj85et/hgmbDjL8Y0ElcY00UOLgWSeCw+OnvdIrPSf+vn79cBwKOfPVgv20blMsiFFpr4PPS8qkotqHouF//w4qABggnXoUaWIinUOUYLteK57O52AxvkN9Vpm/irzWghmGf/8LiWmmVlcIurfxIDtwaQV53n+6xo8pV7A7YBQGqWFc/+4XHt5b99Key+T50+bzl2ZK9GKYh4oKWpwR8LPmWRCL0AgWmMeImuMfQ8tygOud/Ix8XfTGADgA3ZaREDMKdPvm85cuKg5nHL873zoIsIqoQrHq6h/cxAGwB6ah7f2Cw/j/7zTObo0tPlRVGJlf0PR8H2iZVrzJETB7WCTSkGuMNhj0cPV6fhzV40vKlDKtb8RHj7Z5jziwjA8I4w1vxEXHnNgzf69e+0x/6g1NAHr4JNKThy4qAGvL/ki80i8FJ7tDDA7cbZMc9cWQiCCXqsLsm/O3jnF3KbkfUljmkpoBfSjl0btFRbMu70jGAd5BBKmi2FpUMCgIRUqwF0EVMlhSpn17+J8UhLjIc2o59v9J9d992Z1NMgzSwAUdhJpeWWoADA+GCXIQ2RGQgTSjInl/HBLhTk2pcszdFKiIdo6LE9mLXmKhMP4dDjrMx0EPwa0TV1lBAM7UePzSS2nZWVtajXzqdBOlBbJYVgqE5ObRUAY8ojWfqj1vbuVQe+AOYpiQh+IfBF5urC6zdnr1hq99ZqlPpIhGBWKvURwdybd9ikczyzeUCw8mCpewzOCpL0trw7CC9yVQR0Z0UZLB/s+p53jOi7eBuVG3aazj2XMyUPxZ8kusCo+C+tjpx4WLPZrajcsN4wXxN/bBLO/DCc1D38e0s8xu5uN9zdYO4g4lyXj6sMxAg4H7htvPvI1JAbgLEPfizLmZKH4k8SXWBU/GOv9g4vcrYGrn/npMWhrcvvAsNDLWGtDwnuMHoKJPMxANGBQwS/kGo2boIPVgk3ZtofffUEXn7rmul+outL881GKCkpKSkpKSkp3b+KX6qGi8pTGKwy2qnDKjqUMmqoR24tRRn++sF0xzWJdY4UWDP0fURZM4B1SEFP+6QBfpGBMMFUWpTMYJW+AR1W0aEUY0ogWstNt/nrB9PI2BQy05ORbtP3EaW3l4zOnikD/CIDYYKppMLGYBVnWzyGRwhKMaYEIrcWgldCaXhkGlmZSUjJTIAsxRKVdbV5DPCLCQhjqsLyYgaruG7fgWtkjEEpvMitpdAHr4SSa2QMjsx0JNkzUChJsZRkz4ADQG97twF+MUuRZKaaDCsDVwh+ISjFcLx9gEp6XjbGvHMh23W73bDb7Ui3rkW6WXt2O7oGnKwegLAdYMSJOv0KR/xFWjiOJJHCF+IiXqhf7YQjEVYhhxYRWOHrBHN4oboy4IXaZimWRqL/tW808Q9WHkn8xXjLfonFi4fvCISRSVxckjmzBCujRWO2QPJoDtv26qujQV1hItUrL7zBXG34RS17sR0fvn4bDz2+HuT04uyfZYt5skW9aBa5nv3D4xoAlv6Iff8N9xkgF9k2V78OXNC+0UIw7LPMB7KQ60vzK0NIqUo3QDA9130AZcsYa8csPdJS6/RJHXZ45vmjQX9tLYIqfDlJtp2HX2TOMeI+NJ7FipxdCFLp6TKeG+Jzmcz2oTbDcYqJRASk8Kl73vi7Tv2aTwJ/yJxf+PIrdJ2Xn4ii/FxDe+w73teXCMMshXjARAahBL6meAbs8DCMGIvRnjt+pxjxGPrKxP74ftra45BdFm+Ag0QgZqlgmHVFmQD8EIolMR7jnkk4ChzS+uToIoIxMiWkWjELL4NpAr6LfH2lWhMx4fVfqyetC379T9AJn96IIBWCXtJySzA+2MWeizBMNOLb4sdB5bLxLAUgw0MpPUOjyLfFFlLp93iCtslDJV19E8i2JWM1yemZCntMHo/HFD5ZjBPMcsIvJB5wIQiGymX1KRVSuGmQwhX1i2hzIS5C513TQcGV4gyrIQ0S1V1ptxfebUO8Nhavp212qxScF50c+Ru4ZmlH+FQ+4vzC4/bC2t4Nb3mxdMyN7iEGYWyy56DRPcTmDgRaiPMIcQytTW5Y281z5pJDpor//R1/3m1DFjeCMADdYZaf48rWHkRgRjZP5stlc2Z3txt5c+MYWJsmHTM/3+VjzsdMdDsVx9B5dQB5c+NoN4u/xFnoQYi/x+19IOK/a+8mbV3aXQCJGBpfkLrAEASj6y4AubOLmcZG7mJwyP/e31YR7/veX2B9Do0vICUxESmJd7Fr76ZIwBWmM1e7FhWLl9+6FrKOgl6UlJSUlJSUlB4cxeoOgcG9Y+fBygAXADMAxZqhu8Poj/WyzgYrc4Hh3V9GOzOY20soyfrbebCy/qP3W+sAo4uK6J6y70BVwPjNAJS0ZDfGp/RJGa0hN7YkMRcY3v2lb8DO3F5CSdbfvgNV9efOtIQc/95HNgeM3wxAScmcwuRIsu+xPrFr/WiWucDw7i/OtniUVIS3CCzrb+8jm+vPv32jjjtnTsrOnz2HDgeM3wxASbavxZRbB0cIhrl9pYu5wPDuL67bd6QQjUyy/vYcOlx/4d13ZOM3qGloRONTGwGQwi+AP4UR4Idhmke9zAVGTH1k1o4oHn5hbdvtUU1CafGAFhTEX47JYJdoQIxgFraxUHKmDe0fXAOyxpFWqZ8HwdIihRK/73hrN5zDo8j5VOmSfFCHin+0MefbkC1ALVbk/ELpj4wLRwkBLjCyMt4Z5ovPyX9q/5nPZBggGMNisgDChLv4SuDKzv1btNJtebDZ8+BxewUIBgbohX5V1nl1AB+djf4G88t/+5Ll2HEd4Bh36WV3hvuwLqsA185ewtb9u/yfa/2TuHb2Etu2LqvA0FakaZAAPwSztdqKa68Yf+2+tdqKDdn6MflnHwzzRI7+vMminzfXbnmDpkeSwTGik0yTcxyOrOjem0dOHNRsdphCKkDoNEiiy4tsX759MxeZIycOarGCYGQKB3yJxT7RijmeALj2nv79v/XhzfVi+h9rfiJe/uEEnv16qvw98cMJWPONLlHkKkPtAqinvmqPFi7ZayKQhO/DDEbhVVG+gLb2ODg79Ndde7TQkMqIRI95CIb+F/lSJwH+FFBifyIMQ+Pjx0uvIVYgzOVLTZYduzZoAJAqgQVcfS5M35lEdkV2gKOLDHhx9ekffCI4k5BqBTyThlRI2sw87vSMmIMuuvMLLl9qkjqYGT6HBsGAFCAQOCFgpW/QjRoBnOGBFVm7fFolAOgbdKOAa1PsAwDGB7EsrjBFORnoGRpl/2MFwfR7PCjaUISeph4U5WTAbfJLgZKCVHT1TbD/qwWCcXqmkLehCANNPSgpSMXwyFjIfYaHh5GVlcVAlOHhYf+1HOfoYnq9J8Au/HPZvksBv5AIgjngg2CGxr08kAJAB14IfhGVk2bF0Lg3IvcXsf3K8mKWOmk5xYMvItBSlpWMjmHjD0qoTsP5BstKur2YzQec/bM4sC8RrU0wzCVam9ym1/40L7C2d8Pjmz9TnVCpdcS2+y7eRnlm4LLTmXMzOLBP/24n6IJXMAcS8ZreZrfCU16MjbuseOefPsLhz+8MmAPQ86VwIQkn/vSaVPwfi3pNwvzaXwcvZHNY5+A0Nu+wofPqQMB8ja2dCD9goNS/eXPjGOg21gnnRzp821NDbkAS/xuXPcydSRbrUHNW/vjbi+0Y6AYKdttx842bwGMbTddnlsKFJJz402tS8X845uc/r/YOL1BmZRAMD8TwZWMjdzE2QsPQHV3SM/3pH3mXFwJfxJRH9JggmPYOL1ISExczfEvzzUatZuMmfV3U59YSQfojlt4ozBivGGSrpKSkpKSkpKS0PFrSn8hSSiISnwJJFJ+2yJqhQzC+VnypjmCAX/j6osglZrGilERsIsWlQAqYZHFpi9JtOgSjK8mX6ggG+IWvL4pcYhYr0dWFT4Ekik9blJKZgNaPZtkpQumRePiFry+KXGIWqyTB1YVPgSSKT1uUZM9gqZGAwFRHYn1R5BKzWPFwCwBDCqSA+Atpi5o58IucW3j4xcxRhuqHC8qYibeZFRcZxHzlkYiHNWTgjLhoEsp9xEyUTmj91g3MBYYcWRxZdrhafSspmWmLitO4rx1Hlh3O4dGAvm5fazJNGxRp/KlcFv9w0kpFE//FAEiPfvZgPe/SIltUIrjlwL5EnDk3w8pki1Bm7YhjDXjNksWrcM/bIyce1p74Yg2c/bNwDk6z85EgGFrw4mOnW83XLHpxkcCVnR/fqK2v3ow0hx3jLncABMNDL+urN+vn3a0b+Oi3N2OykPN7B9cB0IGUa7e82JBtfM8Q/GL47qnSPz9l6ZH4cgJh6HnP9WmUW2bR5JzFtVtenDr9TlSvgT+PQ6U3so7EwZu5gJyBaQzl+c8dM5cXsb1Q7ccCJrvyfoNl+8FaLas0P6z65BZDj8PV0MAwrrzfEOnHlVR9jZO40+/m4RQAOvxCgIcIwdzpd6OtXb+uIIiDAI47/W7m+kL7AgwWqb/23o06oa/6dfl2xFrbDm3RZHCNGYzCi0/lBIC9djO3F1EUN95Rh9oNF7oh0WvwgTAxg2A2VJVp02NeFNb6r6/oEyPNloJxzySm25wAdLcYMVXS7IQX2sw8pu/o1/0z1sQAhxjWTs+Ifs23LoU5zwD+lEiAnnppesyLppaOkK+xuaEBBbl2VNYGpjkC/CAKpURqbmhATW2tod5gkMPIb6O++DZ58WNobfABN76+lkJlOXb0DI2y/4AOrwCIGIYx268sx/z9WGxPQVffBPsP6PAJgGWHYcz6Lbabzyt/+y/vWT7+qYe1Jx97BhcvXjRsy8rKCoBggn5nBIl3sH1F+GV4eBhlZWWLjgcPweSkWUEpjwC52wtBL/zzVm67CLiIqhTmZgTPxOSLKUyJwEt+nN53cYb8+5y2y/ZdLhiGT7UjOhXwLgZf9KUU3f9oDpz9s4Z5Fg/bA3Jogt9u5lZiuBbwtVGeGQ9veTEDP2iM2fkJaOnU2Ph4SEQUwRpnzs0EuInwY5i51ILDn9+5rJ8b4cZfLLPZrbj5xk2UZ8bDU15sGv++i7ex8bGNEcWfb/t+jz+fakfmSEvje+KLNXjtH5rx0OPr4Rychr3YzkALSpFDmhpyB5z/VBewm7qV8GJtZMZjYG0aAz/4NFU0xwRggEREEaxx47InwE2EH4O1vRsbH9u4KuMvltmL7ew8H+iGafynhtwo2L0+ovjzbd/v8QeAWa8HSDPO0YfGg89ReYiF6pqlNiLwJeIxRaGajZsYxBIh/MKmAmHWC5kuSUlJSUlJSUlJ6d7XknvEk6uLd1R3ZWn9aBKVO42pXryj4OCXUV9pBtsuS3XEp1ji+4gV/EIiV5cxj+7Kcv0WsKXamAZpzAMGs6Ql+ydm/jYCF2/5FEt8H7GCX0jk6jI5MouszCTc/HA6AIKZHJnl4Bf6RVtyQBu8+BRLfB+xgl9I5Ooy7R6FIzMdLZfaAyCYafcog1mS7WsDzh9ZqiM+xRLfR6zgFxI5wfR7F1CSl40POgbwMQGC4Z1dROcYANJURyVcyiRyehnzzgWFX8JJgUTgiL3Ybgqj8JP8YHnkzZxhnIPTAY4joUALd7c7KpCET3k07nIju6oITc0d2FCj3xRoau5A2sfshlRJYtoksYzgFmdLj6Gd7KoijLvchr4jVbD4y2IVLP4yRRp/OuYU/4DVBcF9Kuxx+BZOaRG1qtQSdNE1lFo6tYAUSbLzkX+9wdI10a/YvvhcrjEXuA+C0WOTJ40v1f3ic7msnWhBmGPHj2qPPHsIrv5JTAx7AyAYAAx+ITei1CwrHtl6CMeOH9WicX/hxcMuG7LTcO2W8TxxZNnR5ByXQjGvSVIk0XPSO3/Tr3+H+ICZcov+naLDL+ejHvsrL7xp0V1gzN8b7Je1SGH9Dr3jRs5h/3e3zD0mNT8OfY2TzJI7VB9L6f6yWsW/ZosFAZ8RPLxBj/sadeCBQBIeFiF4w9s/g4JNKQFt9UjGcPXdG/4x/Dy2r49cbWQgjAijiNALD6I47PGsLRK5wvDPmYsOl/6Ib0+MV7D+xdcQS+3YtUFbV5SJRIfRxSch1crcXtJsKSx90bhnkoEqgA6/jHsmMX1nkgEt5OyShkCnGB56YcdaAGqorx27NmiXLzWZvhcJZjFzcBFFEIyYvijkNYmvPg+/hFJlbQnSBksMwE0sJbqykAvMw1vL0DHkjsgRpt/jMexXlOO//ran26QOMKKrCrnAHNycg2735LI6wjg9U4Z+SwpSQbfBsjLTw3KAAfwuMCSZMwsPxRi+N6JIkSRrf/fu3fjVG6/gt/+y+F/5EwQDAAc4AMbM+UUm2f4kGUhDri/hOscsRmbAi0znXdMoy/Kfj/0LmqG+uO9yADEy+EK8gWuWFtTj9qJyg92QvqZ9ZB4Fu9ebzgtuvnET2L1eOnewtnejfWSewRobH9vIIAzZWPxwe0LIOUB2fgKbN8iu7dln2BPb/Nu59CV8X7FMRRJp/A2Pc5OQ/fmdeOefPkI5/PHf+NhG9C0y/gAeiPjL4AuzNFGy9YXSbXksfQ3FP9kE2CSoQt83cHve3Dh7/7i7dWijXQDJ+LFE4lKanZvE4Itg8/fEXVUBx4efn4az7rKU8ecf2+xW2Ng5Om74/Jkaci8q/gAeiPiTrjX0WrbWFmoF6+Q/7uJdYGQpksjFha8TTKHq9t0Zx7WG3ojX7s7+7LvY/7nvA4CFXGCWUuGkS1JSUlJSUlJSUrq3FQsAJuDmxvCgx9SdhSAYY1lgPT8IA5YiSaY7rknAZWw/XAjG7Oatc9Bj6s5CEIyxLLCeH4QBS5Ek08jYFPj11Mz05LAhGNPxD4yYurMQBGMsCzwN/CAMWIokmYZHpplDDLUfAQRjEv8BU3cWgmDEMlF+EAYsRZJMrpEx8AfAkZkeCQRjlgbJAr+dpkEEwRgm8/bA84MHYXgXmYCFG7cbsNsNLjFj3jlD+iNhXGFLBlfIfm3jcXtNnUaCtS22I7uRvJgFAoJJpMd92B2QXoXAFnosAi/8drEtXgS+3OkbXNQHq1n8ZRDSaoy/fyEpQZo33rhILF+Yp18m0v7h5KHnY2A2fjP4hYCVyg12HNiXyH4VmZ2fwP7MFscCc4Mn4IvP5eLMuRk+H3pY70FKf3To9zfD1e+FI1//PiMIBoA0dVdqlpXVPfT7m1k7i0mDRA4wAALeM0c2xON0UxI2cMwdwTDlllngxqzvsb6t/Tow2eL/vNXTKaWhyTke84ub0yfftxw5cVCjXwPyv/Kk5za7FQUW43tl/gYQv9m83Yn+BZ8zk75gzi/A8n3Yi+0xh194ZxcAGHVNI8ORxP5v+lg+Gj/oR06e8Wbo0MAwNn0sX7oP3/ZSSNO0k2bXKuRk0vBmL+I8c8jLykDDm7147A9KDfUa3uxF3toUOJucuNO/lkEiPEgj9rlUP+LjUwZRGiFAh1JkMAr7TOiYZ5APoDvaADCkPiLARfa6+HoEr5DDTV8jULAphaVhMoNueOiFfx2xdFYQ4RcCX2SavjOJNFtKAPiSWuR3lSLIxdnm1EEYH9AyfWfSUI8d+xn9tfIgTJotBeNOc3CBoBQZ/EJlMmcXHmDhQZjxwS62jR6HC8qYATi5uUAzjOmZFqtNW6q1opwM9DvSsC/FhveudQCAwQUmHEcYWTnvKNMxN4+inAzYMtKkAExvlh2F3HUU7wKzHI4wsnZ5R5q2BR3KCSXRBUaEYALmYybbzMCYcPenNmLh/sKLQBQCWSrLi4MCMPw2cnUR3WFE8amOlhp8ITAlP86CvY4kBrVQaqPuUeM4+xc08DNTMQ2SCMKw+ZxQ9sn927X+Bf2rI9YwDF2HVpVaUFWqO3XwoutpcoGh611S+8i83y0EYDeN20fmUcD99oTgFoItCnavh7W9G17J3D07Nwk3od8U9nLX5HxKoPDmEmDX4XyZOGfhHU7MrtfDTYW6VPGvKrUwuJ7GwoMq5ZnxBmiFB1rEuu0j+ncePRYdSx6o+HMQUnZ+Am5c9gT0m52fwFxgAH8qJPH8HxDO/2Quky/BLQRbJOfY9TQ9awPBA5vdij5Af29wcxA+JVDI+PMQRRAHXoJ5qK7ZWkAs4aNo4k/nBj9GHlQpz4w3QCsikFewez1zdhHPfzHN0YMUf4Jf7BlJwKieBqm8zP89rKcwCt8RhoCYoHOitnmDMwyf/qhgXRq21hZG5apCEEzzzUZfydNYIkWaLklJSUlJSUlJSekeVMwdYEoqs+uzcm0BKYp4KEWEU+64JqUuLySCYUQQJhjoIm6jNEoJSfH1s9Pzpr/8r6jIqc/OtQWkKOKhFBFOGRmbkrq8kAiGEUGYYKCLuI3SKCUlra2fnp4zHf/6mvz67LzMgBRFPJQiwinDI9NSlxcSwTAiCBMMdBG3ESRjTU6o907Nmo6/rLq6Pjs3LyBFEQ+liHCKa2RM6vJCIhhGBGGCgS7iNkqjZE1OrvdOTdWFeh/0excs+dY4dnOMh1JEh5auAafU5YXEu8gYJtqc20u6pE2hn7AndbwLCS1omYEwtF3m9mI26efT+8gkbjdzH4nktawr8N9Vyq4qgrNF9wzIzspA+wfXUP6xrfrEnXssAi9iveysDLiG3XAOjyK7qsj4+dM3uOgxm8VflqYolvEX+1xM/EnR5NUOtn+o9ug1BnN5ken0yfcsO/dv0Zx2K86c85fTIt7mHTbTX9Hy9Zilcr8ec+Zg9PPgYSRgJa86D1W7HHD1e+Hqn4QjP4X9ufonpfsS+AKA1Tn0+5vRcsnF2o10cYcgGAJVAAQ4vhzZEM/KSfxjHnApt8wC1VZDeXjwS3SuxASgHDlxUIu/M4tHax3ocyVhyDIJm92qwzjVVvS5klDgmMbWaiuu3XIjB3aW2ohcYPoaJwPeM6Xb8uBxe5GjpaDAMY1rt7xLAr4AGq68D8v2g9tZGqRRl3EBVXwuU7B99PRHVyxLsQaoAymB0G7PpUH0ALj23o267duq68ty7BjonWQgCeCHN8py9DRzvjRH9QDgEBxYqJ/lkhkME0yP/UEpnB3zzMmG3F56Lg1KHWUAvwsMQTB8veyyeLzxd50MqAl3vEuhy5eaLDt2bdBSbckBTiyiewuBMQS2pFoTpUALiUAYAmXYhQ3XD8Ev4uMJzxSCub8ESy+US26CuaOGchGI4cEW2WMz8EUEXqi/QYwG1K2prUVzQ0NMj9lXv3IUr/36Ejbvr0bRRf91NO/cwovcYQh26fd4WBkve7otoI3Ntbno7O7Ff/vus9i05WWt8br/gyYrMx0lBf7jagackDtMrCAYp2eKtclLHE+0EiGYUFAMgJDbZX0kJSUhJSWFPec+E2P+Pn/nvfN0XVUPDmzhZQbGEPzCgy68lhJ6EZ1YeOiF1DE8he5RLwhQMczF4oIPLT/OEvZ+VBYLdxhyH+HhC9n1sXjtuv/RHNPr8cN7SnFq+G7Qfm12KzzlxSgol6dKys5NYtfiBMzQNRSNhwCRYK4pYllAndwktDbp3388zCPbn+YOrU1uLCZFaSziL46RQBWKPy50Bu1XBsGIceHrrsb4W/528YeA3Edk6af4ua84R37o8fWG7eL5f/KyK2i/9mI7BrqB5Bw9PY8MvCBAnoAZmtfTePg5o2wcMohCfG6zW9F5dYDNSYLtT8ei8+rAouf1i42/OEYCVcI9/3lgRnb+8/O11Rr/UGsC0cie4Y9zSmIi2jv80BsPw+jfxwsBKZBEV5hQys2xGPog+CUWOvuz74ZaGIjVhFWBL0pKSkpKSkpK97mWJAUSgSdXzurpDbJy9YXSYMCKd1RPZeQdzTC4v/i3ZwTUD9b/Hdck7rgmcf1SB/IKM9kYwhGBJx9eHPBNYPR9gwErYx49ldH4lN3g/kIS4ZcxT/D+dWeYKVz5qAMFBZlsDOGIwJOL7+u/5szO028cBANWJkdmkZKZgMmRZIP7i397ckD9YP2TM0zDhRbkF2exMYQjAk8un73gi78+oQwGrEy7R5Fkz8CUe87g/kIS4RdKf2TWv2tkDK6RMVy9+CHyiorYGMLRhpxMsjC3NI96pRBMwPnj29bvXZCmQQrmAiMq3boWsNspRZLFDLwJR+E6gFA9muyHSs0TTtqeWNnD8k4wPAhDbhaOLDuaPtDtT0UghkTAS7uvHqU+AgDnsP9cIteXWC0s3cvxf+vn79fhswfrAbvEHcUo2eIw/4vDUHL2z7IF2FDpjcI/X/IMsdj/aA7LE56dm8R+OXnm3Awr27zDFpCGKZKFxlMvvWnZ+fGNWprDjpZL/sXXrmv645KtDgPoIorqpWZZ4eqfZKmT7gz34aPf3ozYhthisZx4/NE9DHgpcEyjz2V0fOGBGDEVkphCieqH27cRaIg+NfdbP3+/7vFH99TTaxgaAawjcZgE0K4lwAowCCalKp3BLwAMj8sts2jXjOeju9uNHbVrjOf9MmAY5AYjQi05eVkYGhgGgTJDA8MBjjC0z1K5vsiOJf+cnEh8MAtToU3DPhTiHOcC0/BmL/YVFqLQpuGCrx63X72sn+UGYQA/XEIgDO/YApgDLg57PFzueazLtyO7LN6QIomUXRbP3F5k7jAiIMP3yY9tOXT5UpNlQ1WZxqcnMnOF4R1dACO0Ij2PEuORlhivO7p4Jtk+BMHQf9oG6E4xTS0dUb3+XC6Vpgim5ObKXWEiaj9X3hc9l0EwS6mvfuUobjQMorM7MD0WubzwjjAkKusXUveU+VJIPFJeis3P6C/Wni6fy7RmJQPtgW4w7Dve59LCO8LEStQm9cGXA0BF3Cy6fWOs1D9VTdsSXWCA8B1dIv4O8ME0SUlJaO+/hfL8akxPT4ufvUv2Oe4DYeory4sxNO4NKx0SgS8cRON//y/h53bt3lpNdHnpHvXivAk42nC+wcI7xIQrqss7vIiQC193ryMpYJyLcYUR3RGDuXDIdNiXiidxIQGAF4m7qnDzjZs4/Pmd+vFrMr43+zjHBnJ/aR+ZZ/XZdxgHw8iu+/kx8m4LfLlZ2h1youHdZ6Tt+vpbKveRWMf/8J5SfLCQYIi/mXME7/6yUvHn076sVPzFuWYwFw6ZCCry+uAvb3kx+i7eZu47BDqwtaUhtw5+ZcYz9xfRrYfm3GK6Hh4KEeNJ+/DlZml3yImGd5+RtUv9LZX7SKzjf8wH4fHxN1uXEM//lYi/4fNnheLPy56RBPfoNANSJmdmpPVEh5dIUiDxiiX4Eoa0P/rqCbz81jX43FsUwKKkpKSkpKSkpBRU8UvZ+IZN+g2YpsZ+bN+vP5aBKwSskAsMwS4yEIYUKs3ROkcKfvv6DWzZZbSAzivMRFerM6zx11TpN0CbWwbw0G79sQxcIWCFXGAIdpGBMKRQaY4y05Px1tuN2L7TOP6Cgky0tQ2FN5HcVAAAuNnYh90H9XZk4AoBK+QCQ7CLDIQhhUpzlJWZhNP/ehW1e4y53vOLs3C7uT+882djtX7+3LyFHfv3AJCDKwSskAsMwS4yEIYUKs2RIzMdv339NLbtfsh4/hQVoePWrUjeBhYAWk2GvjAsA1lK8rINLjBURwbCADosw7u/yJRuXYuuAaeFT6+0ISd8CImHRuzF9qBABZ+WR0zNI6bYkS1emLVNqURiAZN8dPa6xWKxnNixD/Xa5Bw21JShxG5Dl9uDpmYfKJaVAUeW3QDEsNgJwEtTcwdrAzVlaGrugCVlLS6fu1EXi0X8SOMvizcPxdDiSzjxpzrhxD9YehPACMHIZFiAMlmM5RfTZAts/CJTJOCLb+xhxZ+HX8xE2/Y/moOzbw1Fff5+9Nublp0f36ithz8Pz7jLjc2PVDCgJTXLiqpdeu7AlksuVlay1YEbb7eBj/ftWzfw0W9vRvwekh1XHWIZR5NTLDMXAS+ic0w4IEwgBBO5LBY91d7rb12oA/bUb622YkfmGvS5dPit+WovSrflwToSFwC38O8Pd7cbyHTAOhKHIcskO76P1urH4dotr68PvU9Niz0G03CmoQ5AvQi5GL57SxMwNGCEW/i0SbwIjmn8oJ/ajrnE80iEXgBg+7bq+uws/fu70KbhuK0AL/1dJwDg+KYC0A/9srMysH1bdf2Vq7fqzNrynzdYdghm26Etmgi5uNzz8PbPoPZoIXO1EUEXhz0eff0zbJvpdYkAv/Dt1R4tRF/jJKz5iawuOeRsO7RFWy4IZseuDVpSuv/7xAx+GfdMGuAXAAGuMcFEEEyqNdEAwfDbACAp3YoduzZowRxgSIOD5imIVlqLhW3MlO3IQGlxIc6+04r9hyuxuTYXm2v1INxoGIRnVP+cfnhrGUuRVPHIVrS9fY2Vk6iOPd0GW0Ya9h+uNPR19p1W2DLSkO3IMJSnZOrnbLE9BRDgl6zMdABDOLg5B+/f0Oc+ZYdr0PFOc4ALTKgUSeJ2p2cKBzf7XTCojyxubpCVmY7hkTEU21OQNTwVVkx5CIZEMAwQngtMOMrKymLuLwDQ3n8LfJ+/euMV/PZfYuNyEew6L1LJ4JdYfd8H03nXdADwYgab1O6t1UTwRUyBJIpPgcQ7vATro981veyfJWfOzeDAvsSA1KLk3nH48zsN17oymII99gEbAFBQrs9HbNzNZz4dDmBnAA1/3S+7jpa+f01S7rA0TL4UTQEwvQB0LNcN6Ejjz8fbOTiNDxYSAuIvumjw8aeb/htln/PLEP+NuDfif+Oyx+DmSa+L3DvILYetpUlgCvbYB2wAuhOMvdjOXEb4NvV45/kAGrvfiUeIRbAfnpil3PGnYZKfIyLQEasfF8U6/ny8PW4vc6Di4x/gRszFv2D3enh9n0MB5/8yxJ99/qxg/K819Fp27d2kVRUlwj06jTvja7AuTY9jSmIiBvs15Ob7v44GhzRD+iI2NwwCvoj7DPZrBviF7/PO+Bpca+i1xBLEJb381rWwl3sA4OzPvmvZ/7nvQ0lJSUlJSUlJ6cFULACYkwCiWhgT0yJ5R/2piorKUwJcX3raJ1ldMb2RDIbJKwx+w9/Mlj9ciWmRxjz+VEWlRckBri+dPVOsrpjeSAbDFBQs7fjFtEiTI7MsVVFJhS3A9aWrzcPqiumNZDBMfnFWOOcOoj1/xLRI0+5RlqqosLw4wPWl1/fLQ0dmekB6IxkMk1dUFO74A2Sz2dA0NEJPLfBbdTLJ0iJ1DTjZcxGWIfDFbrcb4BczZxmCXyIBX3hdPnejbse+zfVkG8uDEqHS8sgWE4Kl3qH2RPji8rkbMbkpy5wBJPBLdlYGnMOjzBEG8MMwAODibsg4svQ0HNlZGTo4I0Aw1FcsIZhw4i+LqwxKCnas+GMUS/jID8H4F8P5haTWJjfIPjmcxVjxl4rRpjsKJ/5HTjys8fBL59UBtqApLlrrC2v6Nh2CQdQW6wTBAMC6rAID/GIm2rb5kQrceLsNd4b7WFvRvl+CKRT4IqtP0Av/2Ex1v3esvv6fT9UZ30+R/dCL4BfS629dqHNkHWOuIQWOaRQ4HHirwferzh6jhfVkyxh2VFvxVsMAA12cvSPYsS0JyNTTKfW5qO1368S+Ywlh0DFpONNQV3ugtj5W7Q4NDDP4JdY3IMX4myk7KwNlOXb0enQAJtVmwZf2+UGSCY+GXo+FOUqE2/dyQjAEv4ipm8j5JbssHhXl+nd6W3tcAASjpzCysTq82trjcKffzdImAX74xV8/HkCKwQmG6tQeLVxWCGZ6zItUH2Qw4/K7ddzpGUHSOv01iPAL4Idi7iYa4d81MwtSYIYHXaa5tsWx8ECOTAW58vNqEKNBUxKxcQ92sRRH44Nd+tiCPJelQ2LOMiH6MxvrYrS5Nhev/boXr/36EnNoudzaibIcuzSVUcC1pqROQ8I0Orn23GMe2NNtDK4JpqzMdHS7Q6dDAmBwbSkpSEWxPQXv3xhCti3ZALwQ7NLtngxIoSRLd9SalQy7bz5BEEwkIgiGnvOOMMDiIBjal5xlpqenUZ5fjfb+W/jVG68YxhDL755gCuX+kpNmZemPQvW1FBBMuK4q5Nay15GE7lF9vOTmwru1dAxPBaRP4lMg8SAMtSmOYTFOL2YSU9rQ41CuG+LNaHIMEW/miiluAD+wIasvjqO1yfza3vQ9Lrgw8OB8JDeTqR2P2xuz9EdLGf9wxQNLD3r8xZQ2/JiDxl9w7CDHEFnaU1EEbLi73QH1xXF0XkXEcZP9kMifohgRtxOLtMbLEf9wxQNLD3r8AeDS+UbLrr2bNMAPohiuNfs1wQ3GGlH7k1MzaNeXu6SuL+vS7uLO+Bo2liV6mRaf8wtCLApoXz7xSZy52oX9n/u+piAYJSUlJSUlJaUHVzF3gOlqddYBqCf3F0BPgdTTPomi8hRfmiNzaIXKzJxiZCIHGX77b1+/EQDAXL/Ugdnp+aA3SdvahuoA1JP7iz5psqGzZwqlRclIt4GBLjJohcrMnGJkIgcZfvtbbzcGADBXPurA9PRc0PHfbu6vA1BP7i+AngKpq82DkgqbL83RrCm0QmVmTjEykYMMv/30v14NAGAaLrTAOzUbdPwdt27p54/P/UWPfx5627tRWF6MJHsGA11k0AqVmTnFyEQOMvz2375+OgCAuXrxQ3inpsK+yU6pkJpHvWge9VpqMqxavjUO/d4FU2gllKtLel42pTYylEvas6Rb10YNv5AIgpEtBISjUIsYMkCG7zsms2STxXsefiGHlxK7DZdbOw0wjCPLDtewGzsqS9Hl9mCDD3YhCKbkY7XSPmPtBBNp/CNZQJK1G8sFGgan+EAYXvkLVvT7QB0+jzgPt1CZaL9uaDvGorzmtKAXrpyD0yyf+ZETD2vRLvRefrup7vFnj9Tz8MvtWzewvlp3hnH1G4/Z7Vs3QK4xOgQDvP7y6bpYvV/Y55oPXhEdXcKpT8/D1bd+cKj+z7/zbl007ycz+KL+n0/VfesHh+oBoOeafl49WutgKZAIhrEX24F1CWw7oKdJ2r5N/w8ARVv1xdo//867dWZjiAWEEZBCyO/WUp+Tl2VweBnunDWkPMrJy2Lpkvg6PPgi6WvZwJHt26rrebCl12MBfCAMe86tb5bl2A0uMKtBovOLs2OepXmSwS+8+honffBLaDW82Yt1+XYDCNPWHoeK8gVf+/EsHVIP1zeNYzkgGHJa2bFrgzY9ZvyMkgEqgJ7GaMKrL8iPeybhKHAYtrucY2xbqjVR6hSTtC4F03eMEENSujXi9EeiC4wZiEKOLOODXegbdAODbhTk2gPgFh586RvUj3OBr1zmOCPrb6ncXwDA6RpFtiMDT3x6F0t/RNAK/effn/0O/fO7KCdDT3vkSIN9zl+HQJgy5zz4s7q0uBCba3OR7ciA0zVqMpcwgibkxEKpiAA9RRKgwy5dfRMGqKXYnsIcY0jk6kIQjZjuqDfLjqy7C6wPqlc5PIXFJi56+zeGa5N6MUURnxqJYBgZGMOXDQ8Po9/dzVxfQvS5ZNfPAHD44b31leXFUvjFLCVSpZ4mot7MBSaW18+RitIkAUD3qJfBLAACUhV1j3pRlpXMIBl2PeuDYHgQJhw3mMXolRfesBw58bDGpxs1SyuanZ+A7PwE5kIi1uX3N7q3wBTioDad/UmGMpkqN9gZ9M5f2/PpQWguIEIddG0tE38TnE+1I0ttEmv4YqniL8YydPxnVzT+4utcrvifPvkeS1srvh5xbpadm4Ts3CTmQiLW5fc3ureYQ0PUppObc5sBTKXbdBcScokRf9RCIA396EWsY7YGULB7PfvhingsSbH8YctyxF+MZcj4m6QrWq74i69zueIv06XzjZattYUa0tLQd2ccmyuz4R71x4cHV9o7vCgv01+j6BAjlrV3eIOmOuq7M46CdWmY9XpwraF3yV7n2Z99Fwjxa5j9n/u+9uUTn2TPazZuYhAMlJSUlJSUlJSUHjjFL1dH6xwpuHJWT32TlatPeqwZ/u0iFMNv4+sA5vDMHdckrl/SsfRQ7i+RKjM9GR9eHPBNrPTx86nsRShGluaeoBgzeGZkbApXPtLHH8r9JVJlZSbh4vu+VC95etuU8ghAABTDb+PrAOaOL8Mj02i40KIv+hVnxXT8jsx0XD57wRd/fVEiye4/SUQoht/G1wHMHV9cI2O4evFD/fwJ7f4Slmw2G/bYbAyE4cWnOBKhGFn6I1n6JMP55Z2zyKCaxeryuRt12yer6wEgc0O2YTFL5joSzA0mFJQx4sutEqubm+LiPaXZ6HLrb0ZydAHAXGFIJXaboW6X22OoQ/vSc2qb73vx6VssJwAsWfzFxRw+/uGOP1QaJF48rHL0wK76mjI7sBbI8P0C6aawwLRxrdVQtnGtXo/eSoMD7qjiGup1Udx5+AsAdhfk4CLn9EKLXZ1XB7htxveO5efRwBuWE48/e6Q+zWFH1zVXRK9tYtiLiWEv0hx2PP7skXqLxYJoz8P/8Pyh+mu3vFLYJRyQhfYLVVfmCFPgmGaAylKpwDGNa7e8KHBYUeDQFwcJdjGrD+iuUFurrVgmmb63yA1maAAG6EUmSok0NDDM9g3R55LfgNy+rbp+z6YyAXZBwGMS1cOmMgBYVRAMAS+kq+9et2w7tEWTwS8EyKzLt8Oan4ii/Fz0XBpkdXgXGB6YIWeXvsZJNLzpZoCLCMHw/a9ELOjzk57XVJbW8/AL7+TCwy8AgJkFzE54kZCqv79mJ7zAzALgc4WZ8M4gFf50SYZ0Rz4Iprm1s24x38MEnATAKRyIwju71EgcXUSJ9Wh/wF8WrL+lUOP1W5ZNW17W/vGvv4JsRwY+/mgGgBo4XaOwZaTBMzqOjux4ZPiYFIJbku0JyM+xo2dIv3aiOvZ0GzqG/N/JPPTC6z9+/2U0Xr9leINXCumFCEjhnVgITknJTITdB7JQXXoMBEIvMvEplagP0XnGOIdKZ3WjufYkieAKATE8DCMCL+L28vxqtLXcQEXV5pBjWC6QxAx4uRckur7w4AuVAzr0UpxhxV5HEs67ptExPGVIe8TmdpwTjAjCmLnBxELiDWIZvM2DFi2dmtFRkUszKgMozKAKs+1mKX74uQd/o5oAd2t7Nzw6KGU6nxFheLoJLsaDn08slevIvRZ/gmBiEX+rz1lXBhwsd/zF+azsBxM8aCECOjzwI3s9oVx5zNx3ZOASwRA2u38u2embP+bNjWPA5yzCp1Pi1SnMNW12q6Etigf1Ayw9eHGvxJ8gmFjEP29u3PR9stzxF3X9al8dthXUb67U143sGXp8eBAG0GGY9g4ve8wDL4P9+mcHvz3onHqdDtxcv9q3KuZmZ652QUlJSUlJSUlJSQmIHQBjSIPEu8DccU1ieNCDdY4U8K4wTY39KCr3L4JbMwC4uMeCZI4wJOojK9eGLbt0J4fhQQ/7n5Vrw/Cgx+D+wi8KijdweReYkbEpOAc9yExPBu8K09wygNIi/0Joug2gHy4Gg19koj6yc23YvrPMNxH0sP/ZuTY4Bz0G95dg4+ddYIZHpuEcGEFWZgF4V5ibjX0oqfAPNCUzgaU/Cga/yER9ZOdlonZPlT7ugRH2PzsvE86BEdH95aTZ+cO7wLhGxuAcHIAjMx28K0zTzVsoLPdnY0+yZ7ADEAx+kYn6yM7Nw7bdD/niPsD+Z+fmwTk4ILq/RLOozE9+DStS+dY45uwSDH4R3V+4soCJ9WLdXwIWF7Iy4PQBEoAOY4hpecJZIBHrj3BtkiPLUqrEbsOpDxoMwArBLgAC0iGJZSV2G5q48TY1d+DYx2oNqZJiIRm8s9zxX6obKAd2bdbhF07NHW5sLAtcbCLoherk5vnr5ObZcWDX5vozl5bGLYhciGorMur3bN+JtBTzGzxpKVbsLsjBhSsfoaFttM6k3ZPh9v/6y6frdjyywQDgrFuTbnB6AcCcYWibYfxvN9VF2z+gO5383sE0/PP7d8KGWAh4IaBF5vzCwy5iu9duefF7B9ehyTmOIxviUR/FuRhO6p3quTQ0YRxbq624dstrAFqCpWji61bPpeHW2vGQY1mEC0xYYBkPvwwNDGPTx/IZ8JJVmoDGD/pZnZy8LAbBhNH3ot77moaToY5FoU1Pb1Ro06QgDNUhUd0LYfS9XBfSMlcV3hVGBr7QNpd7PuL+CjaloGBTCjqbZ9DwZq+vLf/l/HKnPDL7/AAC4RdAh14AGMEXulYb8wKJcXD4AJhxz6SexohrY8I7A3hnkGoNXIxPWpeCGpTWixCMeN0sSpaayAxAaW5oQE1trWkcwgFZqC++rVDAix+aia1++g+n8aUvHvFfBzAYRneIwcYynH2n1QC3kJLt+nyBnGC++pWjrA2ZfvHKxbDGRMAJObHI4BQCXMj1hfah57xzDD0W0x2lZOrnkOgEw49h2AfH0HhuRPE+ePs379dpD88FOOBVVG1mEAzBMdPT0wbghS/n1dZiHInMVWUx13DRpj4yS3VEaZBWkwsM7/py3qXHt+F8g4WHYgAEOL2YlbE5HQfB8O0tlRvM6ZPv+VxIAtPU8CIog9wXeGiCHElkwIqoYHALv50em0EY/E3yyg12vPNPH6E8Mx59F2/j8Od3orXJLZ3bEHjhLS9G0RPbArY7+2cNqXYoNkulezH+7/zTRwDWLyr+ibuq5PCLEP+llt8t1R6QpoYXnW/M3YgbO3MkCZGuij9uwVx5+MdmEAYPspRuy8PNN24CmfGYGnJj42Mb0Xl1QJpmh8CLgbVpSNxVFRj/wWlDqh3eSVbF3x9rSokUbfy95cXS1ynGfzXqzvgaVBUlwj06HQC2EPjCrpOE7XfG5emVVpkszTcbtZqNm/Rr7ZuNqNm4Sbm/KCkpKSkpKSk9oFqzVA13tTrrmhr7GYgiasOmfOYIA+iAy/CgB3dck8Ev2H2wC1+PIBdeWbk2DPTqEMb1Sx0E5YSttrahuuaWAQaiiKqpymOOMIAOuDgHPRgZmwraLsEufD2CXAyTt1wb+vr08V/5qIOgnLB1u7m/7mZjHwNRRG3cVMAcYQAdcHEOjDAIxkwEu/D1CHIxjD8vE/3dvl+aX2ghKCdsddy6Vdd08xYDUQLOn43VzBEG0AEX5+AAXJx9ukwEu/D1CHIxxj8PAz09APTURz4oJ2rZbLbAiRm3eBoMcJFJqMcmdBtyMtnfUujYx2rZH4EToi2sbLFM3M7DF9QepSGK2cxXWLyv+71j9a+/daGuy+1hDjNNzR2s3y63hz1vava/N/gycnvh61y5equuy+3B629dqKv7vWP1wcZwv8Y/0hsVZy7dqLvSNAD+b9rrRYbVHDChbR0dA4a/SOGXSMdaW5FR/7mnn0BaihXjk158vKoEnVcHmB1459UBfLyqBOOTXqSlWPG5p59AbUVGfSyO9+W3m+ouv91Up43cxbo16QFgFi9Hlh3r1qRDG7nL9ltM33W/d6yeHE8CPn9NYBi+3Mz5hQdiaLsMNgkGoSxWd/tgmpJJNmazOk3OcdztW9mLuIYzDXVDA8OgPwJdskoTWNojgl7oL4T7S0yladrJYO+5Xo+F3VhPtelfZYU2DTXFQE2xH36hbR1Dbqk7TLj9rYScHfN44+860fBmL669d6PuTr+bpSZy2OMN9QA/MMODM+x97qufXRaP0Z47uPbejbqGN3vxxt91GuqtFiWlW4GZBT090Yx+nTPhnZHCL7SdXGCY+wu/jZOhHa6PpPSlc6JobmhAQW7g53Burv8PAHKRgVxkSLfxKsi1o7mhYUWOzaYt1dp/++6zAHQIhlITOV2j+Ok/nMZP/+E0Xvv1Jbz260uG/cqc+nlGjjC8Xvv1JZx9pxW/eOUi/r/vXzG0SfDLf/vus9i0pVrzzz9mIho3ucX4Ux4hwO0lmPuLmO7ITOG6vYSrd947X8dDHwdqq9DWcgNJSUlISkpCW8sN9py9f4Ryen6gtsq03eUQpT8CzIGXoMewvBiHH95bv5KfTQS/nHdNM/iFygEj/MKnNaJtovuLWIeHXcQ6vBtMrEQ3YlmqEZ+TiOFmMJeCxPAdxd0griq1sD+ZRLgi2HYABqcT0aWk7+Jt9p/gC8N54rtR3nfxNqtrbe9G4q4qeMuL2fbVoHst/oc/vxN9F2/D2t4dNP6VG+ws/tb2bhZ/M/hlpURuHXw6XdFNRHdKsQa4kxjS50iOm2F9SIArgm2nYyumkyJN+a59p4bcuPnGzYD4UxqmqSE3q5s3Nw5veTEG1qax7Sr+kcd/42MbMTXkRt7ceND4l27LY/HPmxtn8TeDX1aLNE07ef1qX92NVv+PnMj95c64f/nfnpHE3GEiEd8G+zz3ub+sljlYzcZNluabjQx+efE/Pw0lJSUlJSUlJaUHU7FMgWRw8QCYEwxKKrPrZWmLsnJtBgiG5B0NTI8kanjQw+AaEX6RjUGcFMjKxJvVBJ1UVOTUy9IWZefaDBAMacwTmB5JlHPQw+Ca7CDjl4Ev4Y6foJP1Nfn1srRF2XmZBgiGNDkyG5AeKWD8AyNwDvjbMZMJ+HIynPOHoJOy6up6Wdqi7Nw8AwRDmnaPBqRHCoz/AINrRPhFNoYwxh9Se0pyAABNQyPMtaV51IuaDMMEWuv3LgSkRwIM0IuFnvMpj6j9WE6e+XOKv/ne5fboEEiT8fyhFD1mbiS82wgAqQsL70ASy0l0/T+fquP/v/7Whbrt26rZAnxTc4dhPHw6JBprU3MHSj5Wy8pef+tCnaztxUoGzqxE/GkssU6FBMAMXKl/ZHsZctKNNzuHxuLw9pUOLNbpJcTrMB17S6f/cz5vnR27J70s3dHughzkrbNjfHIA45NejE8OIEQfJyPpf/u26vpjH6tFl9sD17AbNdklaOZcYG7fuoGa7BK4ht1wZNmxo7IUME8PE5GrRzAIRZYWKZw2ggEmSwW8iFpToEMw1K8jy44N2fEB45Q9p/chPV9TsDou5ngXmOHOWQa/kBMMbQ/T/SWmMvtc8J2j9fznUKrNguZuoBB+N5iaYuN+Fxo7TNPkLWfaj3BEri/X3tM/u7Y+vLn+sT8o1T9/y+Lh7JiHwx4Px9FCNLzZC9rGpz7yu7yA7QeA6tZT2wDq+Xqr4hh/1FwH6E4w02P+76WkdCtLa0RwC22fHvOCr0tlDGzh9hPrUX9BxhiRC4y4HUBAHR5sIehFfD6IUVaXd3pJyy0BBt1h9x1rkVPLE5/ehRsNgwAG0dndi9EKBwNdSGU5dsA1LrW5TLYnAM5AAOvvzt7CvhS9/v7DlXjt15ek7jCtWcmwtwyi2z2JrMx0tGYlM9CFIJdiewow7AYkKUzFtopH/PPNkoJUZGWmY5gD30VHmZTMRGA48AcMDWvicNc3JgCGNhajivIiWCwWVJQXMSeXivIi5KYl4UyDP70RwS6D49OGemzf9p5lf68ffnhvfUW5niaW4Jdo0h/52qhfbniHFw++8DBLsW9eRtvFNEeAP2WSuL+Y9oiXmBopFiLnkcoNdunNX0B+o5iHMLJzk9DSqQXAE2YQxia7Pt9sdA8F1Nlkz0Gje4irN4Sq0kScOTeD7PwE7H+U5qp2AOvRd/E2yjPj0T4yz9wsDgugwOHP7wQAvPNPH6Fg93p43V4D/CI6QojpiJZS91r8+Vgd/vxOBr6EG/+Nj21kY14N8Sd3k9JtedI0WOJY2fcEB2HY7FY4+2cDjpMZhME78MhST5Hjjl5Pj/mNyx5k5ybhocfJdScPnVd1uIXi7/VBhRt3GT9PKeY337iJgRw70O02wC/0+uj1huMI+6DGn4/Vxsc2MvAl3PgX7F7Pxrwa4h9KvnREbK0rwWpDTooNeRnAh63d2FyZDffoNPrujCPBagtwdrkzvgazXg8K1unz5b4743iovBgDo8DQuAezXo/YVyzmEzF57ee4NdNzAF78zxqUlJSUlJSUlJQeTMXHuL0AiMFwEW0CwZDWOVJArjEyqCUc4CWUgt0YCXUD1wyCIWWmJ4NcY2RQSzjAy1KO3wyCYcciMwm6a4wcaiE3mWDASzjjDzKxCXr+mEEwJEdmOsg1Rga1hAO8LHL8YYncWS50DUnnfWPeOYx558RZmmmn6da1S+b4QqIbla6sDDiy7HANu7GjshQl3I155/BoAGAhU7avjRK7DV1uDy63dvqP0fCo6Y3NKI9VWEAGwS702gA/ENIEMLjAOTwaAMZE+369H+MfKQQjyge41H/2kPGO9zLAL6bS0xl9VA8Ae7bri8BVpf7PEP7xhSsfcfvETvwxKrHb4Br2pztatybdV+Zmf7FQ/T+fqjvyfz5RT2mQFqtwgJkN2Wm4dsu/cLhUcMmff+fduv/w/KF6ADjdNI8jG+JZ/7Ix8TqyId6wz59/591VkescgAF6IfBFLF9uhfo8uHL1Vt3jj+6p7/VYUAgNqTbdEeZC4yj7vKoptmPCozHnl1CfUToEgxWDYPj0Rw1v9rIUSRQLZ8c8g1ioDvsMFraRqwvV4QEX3vHF9/l2kvpeqTRIZuJTEgG+1Eg+oIUglnWF6UhIlE9LZmfmcafXl+aS209sd7ESIZelAk+C9b3c/RP8srlWJ3no/43ZQXhGA6FEt4/qL8uxw+6cR0e2/5jZ021wj3lQWlyIf7PRaHlzo2EQT3x6l3QMlOoIkDuvtGYlw+6DT3gIhUAZPnURnzaJr+uuykXW8JQBqMkanjL0R/v0ZtmRAh2MWQos0wILBsemkZeeDPjAF5pbiFCMxWJBXnoycn0gTF56MgbHpmHByr21+b41H6xI49egse2D49MBden5SoxfdF2RgS39CxqKocMvsu28ijOsAamQeBCGUiFRmegYw48nmpRIR048rDG3Be5GMN0grir1p9WhMhkIQY6GgM2wv0wEX9DjRveQocysTnZ+gmEMADmM7NRvRrN5vRGsaG3yt0sghmFOI4Evliv9zr0ef4ppsPjz7jSrLf4792/R7MV25jgijokfGz2WgRB+Z1S7YT+ZZOmlgoFLVIc/Rwh+0iGWPHjcXhSU6/VFsIJP00MghnEdLBC+WK70O/d6/CmmweLPw1yrLf7hrskQmPLJj3+sPi/Dv/2h8mJ82KrneEpek4HNBen4sN2Y8+mh8mLc6LCg784oew4AeRlAXoYNA6M2/Oa3H9TFet1LSUlJSUlJSUlJKZaKNQAjvQHqc2Gpz8q1hUxxtGFTvmmdSMCX65c6MDs9XyeOLZrx+1xY6rNzbSFTHNVU5ZnWiQR8ufJRB6an52Iyfp8LS312XmbIFEcbNxWY1okEfGm40ALv1GxMxu9zYanPzs0LmeJow8Zq0zqRgC9XL34I79RUxOMHYvbLhVWXp5ZuOm7fVl0vpstxZNkN8AiVkcRygkvoxn0swZdIxDsP0Dhff+tC3eOP7qkn0CU7K4OVBdt3qT9HVyr+kS5mxAqCeWS7/hqXEX4xBfD8QMtH9YC+AEywC/88DPDlZKT9X7l6izkV0Tm3o7KUQTE+xxcAfveeIO+liI7lrbXjAOTWyH2uJPgMhwySgS4yJxkzIMaRZWfblhIuWVMA3IL566Nxmz2/tXZZ3F+CQqHs/DzTUFd7oLZ+aADY9LF8ZJUmoPED3V1v08fyAYA9jyD90bItYvpdp+yAxwjibd9WXd/cbQeggzGiQ9Vqk8ViObH1Yd29gZxfZJ+H5AwDAPsKdajlXG8v2yaK1ZGAMNSv72EdOCeY1eaIw4vAl6R0K1LTE0zhFwBISIzHusJ0TIzNBri+xEJ9g25DaiMZeCLWkYk5vQjOL8FUkGuPWf9RXQc5MrC5Fj4HGAggjA+GaRiEe8zDABdRZc552DLS2L68+HZl7i+8ZtONr69hTRxq7y6YQi2Vw1MhXx/BMcHqhmpneGSMgTOxuAZqbe9GZXkxrt3uR3aWHRaLDsToF/8WckdhoAwA5KYnwQIL26dVuFEVi+u3cEXjdw67pePXoAXAL7SN9gln/IuVCLzsdSShLCsZHcNTAeAK78pC8IuY9oid7742RInQi+j4wgMwIlwjjjUUEMPDF4D/JrOzf5aBFyT+hvCBfX43EMCfcsTZP4uzbw1h/6M5LG3OgX3GdkTQwqyMHEj47cGgjmCpdPyOMZC6RIhaCfjlfo4/H+/VFH8evgD8qaecg9NBnUQ277AxCINeO+334eu38dDj6xmUtHmHzfQ4BisjBxJ+e7C4BUul43eM8b/GYFoJ+OV+jj8f79UU/2iUZx1k13QAMDAKFDl0oMXl1q+rfmdPFYaGfc5uWVb2mOoNjOrwi7FNJSUlJSUlJSUlpdWt+KVoNBgEQ89FmGV40MPcYeh/MFhG5hIzPOjBQK/uUhIN/BJs/ATB+CdExr6dgx7mDkP/g8EyMpcY56AHfX36+KOBX4KNnyAYNn4BZnEOjCArU7+bRy4xwWAZ58CItI3+bv03nNHAL8HGTxCMP/55QuwGmDsM/Q8Gy8hcYpyDAxjo6fGNfyrq8d9PMlvIJ4CCIBGCKACjwwjVcWTZ0dQcmG4rmFtFLGIe6kbE629dqKv7vWP1gBEa4MspzRH931BTZihfyvGbaTniv9i4A6HdH8xEEAz3eFHjiJV4NxgjFBN71xdePAxwGZ3655XvePPPFwuRie8Xv1OKEQTRYZbIcoaHky4JAAoc0+hzJeEvXnhN8hlsCfN14KTFEhwc+fPvvFv3rR8cqi9wTIN/fTIwRyzT9wnP/SUGTiRhQzC+h/Uhnofb57KJIC/n8CiyszIM5/GVq7fqsrMy6sOAu1ZU4mcdn/Yo4Fj5IBbanvdoSn1Zjh37CgtxTkh31PBmL4NfOobcfJv1ZmPx1akXx7aarmOaWzvrtu+sqQeARGsC5mYBYB4FuVZMzRgt2JMT16Bv0Iu5Wb0uOzeCpDuKlaKFTsIBX2LdZzRyukaR7chgEMxrv76EhgT/tf+Uexab5tZI92UwTLYDAOAZHcf/vDmNjDYXRiscrJ77Yhu++pWjDH5xugJjI0st1JqVDIzMmI6dB1JEOIWe92bZUWhyncNgGs4BhpxmUjITwxpjNHrnvfN1hx/eW08ASHaWncEjgA66XLutA4tb1+ezbfTf4xmHxzPO2lru6/9ox08KZ/yx+Kyq3VurEfDC5pLDUzh5yyWtb5auCDDCL+dd04Y2RYcXHnoJ1qbYN98HjR9hXPTQTVmzG7zGdCDhKzs/gTmFkHuIMbWOEbSQ9alrSNo27yxCr0P22ugmOHMYCZJWaDlT76j4r474e9zeAAcSw5iCjDdo/HOTmFMIHV/xWBrjHNinrgRp22KsZGlzPFyqL6ofLK3QSqTeUfFf2fhH8j3+4m866oAOfPLjHzPMHwh+IeVkBQJBLvcYHHb9umrAdwnHO788yGulSkpKSkpKSkpKq18WTVtcPkzR7UJsz+wGaElldsDi/YZN+ab9iDAMpUMi4AUIhF5icTFuNv6KipyA8ddUmTuMiDAMpUMi4AUIhF6Wcvzra/IDxr9xk/nP2UUYhtIhEfACBEIvZuMP5pAS7vlTVl0deP5srDZtV4RhKB0SAS/6+KcWPf57XWafB/xx2L6tuj6bS8Uj3pik7eRM0eX2oKm5w7AdMDqoiDfvzc77cGMf7nlU93vH6uv/+VRUNxCC7SuOP5xxy2IvG/dyxH8Jzv8Ty3wqL+Zz88RKjUnTtJDQEB0/8XiGAgOCpW/jzz2x/2/94FB99ZwRCDndNI8Cx7QUFAFCwy7B6t1aOy4FS3gAxuwU5N9CoQAY8TXe7UPQsdOY/+KFyFxpeABmkV8dJ+6B985qeO8v1euI6LslEj3+6J76shw7Cm0aXmrsCwrAhAIvw3wNEX8/xeKzS6aaytJ6wJ/WqKgkFcmJRuBiauYuerom9Otkn/tLNKmPZJ+BNZ/9hvaFw8fwj++cwnc+qw+fB1D4xz/4+UlWh1IUkXJzwxvDoPBjWXJ64dsO1j+Ntfnnf2NZ/DEDNm2p1v7xr79ivD72ASqv/foSAB104UUOMKMVDga7lDn9rkWXWzth31+Bf7NRd3ETXV++8H/8BI3Xb1kADVu3btXKDtcwSKVtIQGODX643tU0gr3rrMJ8RL+eD8eRpWFNHAqH3dK6rVnJsLcMwl2Va3CAudw+gLQ95f5jdKGducj0ZtnR8U4zrl27ZuHPpXCunUUdfngvm8dU+tIKOIfdDA4h2WxpyPY5+hF0Egp8idWNqNU0/kg/pzRNC3BVAfzOKrSNwBNyhOEhFR5gKc7Qz8PzrmmcqHYwBxizVElm7fDbxLGI4wz2mh/97EFNTNchSzlCzwFzNw9yXAD0m7i86wqvUG4LYj+h6gMw3OSWKdgNZ7Pxiw4kR048rMXalYQcYFT8Q8c/3DXESLRj32bNXuwHRQ1uPIJTh+w18HUoDQ+gO3jwriuy12uIDwdbiP2Eqg8ArU1uNn6ZaFyy7WbjFx1Idu7fosXalYQcYFT8Q8d/Kc7/SNbwQn2XP/dJ/YddNwaS8ehuo7XrWxed2Jynf9fpAE3k1xyrZd10sfc8lJSUlJSUlJSU7l0tOQATzoU34AdisnJtzAGGZAa/+FxlIr4Qj/J1Bh0/ATHZuTbmAEMyg198rjKrYvwExGTnZTIHGBZvE/jF5yoT04lQtOcPATHZuXnMAYZkBr/4XGXu2Yncck8ORQiGHstuvPPbw6kTDvwSSeyjOY/CgWFC1VkMuBPJwsVSxn+Jz/+lvhkey8/NEys8pmXrP5yb+v/h+UP1lMqoz5UUFIABgkMwBNCI9Zqc41LARHR/CQeA8dWLKIb0GvnXwj9fDPwSbNz36ftnOca73K8nKCwWrXgAptdjwble3QWG4BcqjxUAI37GryQAI6qmsrQ+Izsd2Tm+G2tDsxh1jkUFvMhec7QATN+gm9XpG3SjprbWtB8RhhkM4hDf3NCAglw7g1vEdEjLAcA8vLUMT3x6V8j0RE7XKG40DKKzW3cwIgeY0uLCsNIbOV2jeO3Xl/DetQ4pANObZYd3aBKODZmYHJlBSmYiA2Bas5JROTzFoBUgfACm9u6C6XZZaqNgAAwAvH9jKGwAJpzPCR4kAQLhkFDbV3r+uFzjjwaAkYlgkxPVuksRpUMS3VkIWulf0AIcYIIBMLzzi1mbfF3APN1RqPnykRMPa4D/5qzoRGLmvhDM/YMADJnLgpiWh0/lI33P+yCPqlILS+vD16dUKOHcqBYdG0Qgg78JvRwADLWr4m+MfyRxXsy1h6Zp2Ll/iwYABGKITiRm8E4w9w8CMHi4h9+PT8vDp/KRxp9zByJIiK/f2uQ2dU8J5VAiAhketxfubh3mWA4AhtpV8TfGP5I4LycAE873+Sc//rH6vAy/A8zQsBcDo4FOL5FebygARklJSUlJSUlJaaW1bABMOBfeMlcYM5nBL0ttvxhs/DJXGDOZwS8rOX6ZK4yZzOCXxU6EFnP+yFxhzGQGv9xLE7kV1Io5ZKzi13DyHj8GavyxH+vJe6X/cN2HAN0tpedacACmz5WEIxvMMyyebppH0Vb/4mKwVEKy1EdRfATfSw5Ey/2aTt5D7/MVf230XokV/ALoAMzBqgz2nCAYADi+qQCpNguauxFTAIa/3okVABOruJArDClW8IvJaz1R89lv1ANgcAsAA4BC4gEY2i46wYQrcn6htghuIYn9Ux0AaP7539TF4tx+7ktPaR982IT/9t1nmdvLE5/eBQCGdEUy6IV/zDvE2DLSDDAMucn8+CdvoizHjic+vQv/8fsvo/H6LcuXn3tK+/BiOw5u1t0O2hYSYM1JQUpmoikAA4TvANOalYzJkZkAAIaHXoIBMDSGyZEZ3G3tRbE9BW0LCRho6sFDu8vx4k9/aVlFn4lL/Z1zzzmQidc1MvDlvMt/HdJwvsFSu7dWE2EWEkEwBMDwbciAF7Edap/fzrvK0BiimS+TG0mwm8HiDWX+5jQPj5D7iFmaEf6GtBnYEU65CF8QpCET3yfdtKax869luQEYFf/A+C8nAEMiNxIzF49g54rNbjXAI+Q+IgMw+P35NsVt4ZSL8IUsLZWsz86rAwbghH8tyw3AqPgHxn+1AzCh5vjPfbKsHlYfxe0dNHV9iWS9WgEwSkpKSkpKSkpKK62YAzARSN3AVeN/kMd/P+nEfRDzE/fJ+XLiHhz3vXb+nFjh8cS8/8X8ep13hiGZOcQA4TupGBfXFg3ALMV3xr1yXq7k+BQAE0K8+0uqzYIJj/l7calcYJZocXqlj32458AJAKj57DfqCUAR3WBI//jOKQapiE4tgB+GGR/sMn3MPiM5ZxmxbWofgAGM8Tm/1MXq3N64uVorysnAV79yFABwo2EQ5yY9SLYnYMqt3wiaGXTDvkG/IUtpji63dqIsxw57ug2XWzuxo7LUAMJQCiRqAwD2pdiwuVa/qfLjn7yJnqFRxFkSUFKQytxVRAAGAHOEAcAAmMvtAyi2pyArM10KsJAIgEnJTGTuMZXDU4Z9LrcPYEd5XkAZATCku629mE3Xj0nCmBtdfRO4fj0mNxTvpeufe8qBjL+uqd1bq5Friwi90HZAh1xENxje7QUIDsCQZCBMsLRHPFzDQzCRAjBA4I1mM3cDMX1H5Qb/Z5nMxUQsN7QnuXEcypmEd2fgU/UQhGEGZDj7Zw0QBol3aFgpAOZBj3+kMY41AAMEQgkyKMPj9hrqubvdKN3mT2MuczExO5ZinVB1+WNOAIaZa5DsuDoHpw0QBokAEmDlAJgHPf6RxngpAZgo2o7p+tEix7IkUgCMkpKSkpKSktKDq/gV7PteBw7U+NX4le6fY3FSHQs15ntkvDHvP8Ti1EkEWRiLNC1QuK9xCRbM+LjdjwDlyXvo/XPiHmgz2PsloC8OJlnUOFJt/vOeYBhW5omuTbOxWSyWE0voOrisxyTK9wQbX+loA4BjARV4MIXqiLAK4ANauOc87CK6vfD7UFt8/zyAw6t0tAHNxrEv+tiV5djxd2dv4Q/2V2NzbS42w5i/6UbDIBrgv7lE7i8ydWTHI6PNhUd2b8HmjbnSOj9+5TyQmQYMjQIAiu0p6M2yo3DYjYGmHhyMy4E7M9e0j2EhpalMvFsMXxbOfpReSVRX3wTyfADMbLod6Jt4EK9/Tt7L358nb7kABLqs8PALYHRrIdAlUuXHWQzt5MdZWFnt3lqt4XyDhR8HD8NEo9Mn37MQhCGCFyJsYSZDPTMnBCGFjlk9fptYv7VJv1FPY83OT0BLp2aAMEgyFxS9PTuDMHjXF0pJtNxS8QeWEjAKpY/OXrcQhCGCFyJsYSa+ntlxElPohDqe/HlAZZ1X9TTcNNbs3KSA42qMtQBB5SYByGMQBu/6QimJVPxXJv4r/QW9yHnzydUyllCgyvVXX8avXvghVbJ89/QZKCkpKSkpKSkpKQVTvAqBkpKSkpKSUhAtJTwi6+NeeD0Kwlxd8Tq5xOdngGIFj9QUAxMeHXjhARgRhim0AR1DsRlvLFM4rfDnRkzOs1On3qkDoKdeyqgF4Hd/eeeX/9VQpxQAgTAyUIUHXUTohcSDL+/8sgGHn/pPrB9k1Br2E/qPufJd4/jxT95kTjCA3w2Gd4ARJcIwZc55uAG8ffE6zk16DK4vgO78gsw0lK2NRw+3X+GwG93uSfacd14JpW73JNxVuWEBL1Sn2z3J3GPE7cPCGAqH3ejN8ju/zKbbURE3iwH1WR6L9/SyfYeK0AuJh1zIzYWgFQJiCJyh51S3THKOkcsLAS8EuxAEQ21QeajxxUoyFwU+7Q7gvzkdzDkBCAFdyG46S9Ln8NtvXPZg8w5bgNuICGXQ4zPnZpCdn4DWJv9N82A31leDVPxXVvz4ROcR9n3W7QYQPI2PeCzN+uHbkKXP4be3NrlRucEemOpHgDLoMaWu6ryqj5mHMFT8VfwfBP3qhR9qTz7/dbT95nU0djZrEG1ilZSUlJSUlJSUlATFBIAxI7WPHt3DNrz55oWgF6c7d9aE9auFjz5qDmjnD3//EygtLkRndy9Kiwvx0hvvS9t6qKbMwtf71n/5yaJfu8ViWaSlYmBYjh3ZI23w1OkLQm7w1XMi3fXEvs1nn3tKA4CXX/xlVK90z/FdGgBceOmS6f5rbLEZ68rZapqH5tjxIxoAnHrpdJD4rV47UItFzWeVlFahYnlTWzmnPDjnSqzOGZi0eXK5jmcw8CVaJxiCXcxSIPEwTCzHeY9+bizJe5gAk2PHUN836Hd94cET7nG9CMqI4AsvWZ13fvlfWXunTr3jv3Y7hnrgGPoG3QH9x1odQ26U5djRMzSKH//kTZTl2NHvCExdp6czWiNtw8wV5tykB52/7mX99AyNoigzDR1D/th0uydRbE9BV98ESgpSTccZDIoR4RdR9pZBuKuid5UpHHbjbkEqc4HhYR31+R7xe3pVfN+S4wrBLwS5XL1wtc5qtf6bmtoalGUl4+QtF1LiUv6vyYXJP6J99zqScN41jbKsZGn6o7nxuW/2p639SyovKyv7952dnXXYs62+3zWNvY4k7HUksTHECn6J1AHF4/ai7+JtlGfGw1tezMp4hZPOhyS6MwQTX5ccGERl5yfgzLkZ9ph0YF8iWjo1U1eJlXIiWUz820fm0dTWG7D/vRL/lXR/IQU6oNiD1nd3uzE15EZ5ZjwG1qaxMn6/cNL58MczFLwhq8u7BonH/sZlT8Bx37zDBmf/LEvBI8IXK+VEspj40/mv73/vxX81uL88aGr7zesqCEpKSkpKSkpKSmEr5g4wBLJkZtrw0LZN6OxqBaDDMCMj5pREZqafRMjOMNpQOkdnA9qXgTAfNndoHzZ34Ngj+5BbZFzsHOwZxKm3z2kfNnfgoZqyVTlRIfDla198BmXbygzbOq524NgRnVYQQZjVKIJXSJFCLM8+95RWtG+BPY50/z3Hd2n7H89jj4NBMPejjh0/oj38/67xPYYWHIJ5sBUNvLXY8xvww1eL6f+Pf/w9/OlX/wR//OPvYUvydks0/SspLUIKHlFSQnSOKo8/uqe+LMd4kyDVZjFAMCL4UpZjx+OP7ql//a0LdZGOaQWgl3vyc4N3gzGDTwqz1gHDDSBQhhxd+LRGfLlYp3S0QW8jyv5jocbrtyybtlRrPb50ROK5ODPoRiLnXhMs/RG/vSzHjo6b3UjcWGw4b3uGRtHT1MP6/vJzT2kfXmxHly+dULE9xdCed2gS1hx/mQiqyMCV4ZExwOfMwUMzlcNTGB4ZQ1ZmevB9fePobu3FmspCto0gnQHf+B/aXY7r16+rD7578FqAXF86hqdw8pYLVy9cNbzHamprfrbXkYSTt1yYGJ74Vpera6SkuiSgnQ4T8KqlpWUoNTX1D1Bd8nd7HUk4D/wYnahj/ezZVg/A1A1mMeJBBDMYg24mW9u7DeV9F28bIIxQ6XzYGo3k5rFZPXILqdxgl+7D9wUYwQuzND2rSdHGvzwzHhsqCjUV/8WJBxHM0gG5fWHPmxtHO1c+NeTmIAx/ihw6FnTsRMhC5n5jVo/cQkq35ZmeF/x+opOPLE3P/RB//vxX8VcKpSef/7qFT4GkIqKkpKSkpKSkpBRKMQVgdu6s0Y49sg+n3j4HAPjwaiODWbIzEpCd4V/sdWT7FxZdzt6g7RqBGBtEkKZjcAYdg/o06guf/wwrH+zx53LPLcrFFz7/GfzjP70KAHj7w3Z8axUekL/+m2/6X9fVDva4bFsZ/vpvvon/4xt/uepPqmefe0rbf3xNQFm4kIAOryyguHCtXrBvLiqIhfY/+wC9ocn1JWur/72WtXVdmG4wSuGe30f/ewEAoKnFGfH5Hav+P6Z9GTNXm/HfH81Fz9VmXN92RYsUglFSUlJaJTqJ0C4C4dRZNi0mjdDjj+6pB4BCm4YJ3yUtwS4ytxeCYigNUrgQjNl4VxEMsyrPuVDgSe/wHRRmrTOkLeIVqrwwax16h++Yth8G+BKT49d4/ZYFADZtqTZ1LtDdXyJXvmvctD/SQ7vL9fnixXbTdiJJiQTosIssBRIANKyJ049flh2Fw8HTFsi203iV7l1RSiIAAfAL6bxrGhPDE98bHx+fLqku+Qmf/gjwu8CI7i/5cRZg56afDXQMfH1ieOJ73XGWPxHbFkGYpUp/RI4k/H9ABzP6Lt4GoN94JtFNaAAo2L3e1HWBhytkgEaweuI2/n/ANp8rCX/TmRxJSOQ+EonzynIpmCsKxdks/uWZ8fD4XHnuhfivxvc5OZLw/wEdzJgacqM9SPyTc/xpbcjpg3/NZs4kYkorM5ciPnWUmEKKymRAEjmSkMh9xAw2Wen4Bzv/20Oc/wM+UOZeiL/6Vo29vn/kQMgpTQR1ZdIA4Lunz1i+f+QAvnv6jAq6kpKSkpKSktJ9rJgBMAS/5Bbl4tgj+wzwC8EuPOgSCnoBjM4vsv7IBabiuf+BD/7q09qxR/YB8IMvvAvMYM8gG9upt89pxx87GHLCcuTgXg0ASqv8vxT4+xd/sSQTnWNH9mhf++IzAPzgC+8C03G1A2XbyvC1Lz6DY0egrVYXmD3Hd2nf+ko5uu92oLt3DoAOopz4bHlIiIVSFn3rK4fQfbcDhTWP+La8jQNfOYQ9xxEypRG1Q+4vALD/8bwHwgXm2PEjWvUnNiKn+K6+mFBZ6t/4MQeGutdE4QZjifg8Drb9XnAvCqZnn3tKK/yaDlYR/AIAhV9buywQDN//T1v/DP+pQ7dvL+p4F//+7/8ZL7+ovtSUlJTuOfHpi04sos6yaDHgC6+yHDtSbX64xSz9Ea9Um0V32Bhyx+Q1KBAmeqWmpqDQ9x+dDQD8aZNqSn3XX5LyiYlJfZ8gAMxyatOWaq0oJ4OlQwJ095eeph5U5PqfY228oQ6dw2IZAPQMjQKZaShbq08zO4bcKMrJwKYt1RpBMH//4i8sX37uae3Di+0oKUhl6ZAA3f1loKkHZTk17DniYKhD4p1dut2T7DGJytoWEkC3kgluKbanSNvs6pvAbLodFXGzrI2SglR8eLEdD+0ux9+/+AvLiz9V973uVZmBL/y2+Pj4OJvNlm5Wj6CY7tFAB4KEhITE27dvt3V0WH7/7t27WqRjWGoV7F6P0yffszDgxcd10Q1pL3RHGACABIaRuY6Q+LoyQINuOJvdaHYOThvhDUl6nmD93wtqauu1AIEgDP1vH5kHRlT8l0rJOXZ8dPa6xQ+8GM//AeiOMCS3AGPIXEf8df3gjAzQIBcSd7d5HR7ekMU6WP/3zfkPFf8HXU8+//UlafdXL/xQ233sCUw1t+H7Rw5o3z19Rl3MKSkpKSkpKSnd54qpAwwBJ7lFucDVRjhHZ5GdkQCXsxeO7EIpCGOYUHPAi+4YkxBQDujpkmTplGRpjwxjktSRicCXr3zpaZRU6b/A6WrRZ19ffu5prbNlAKffPx/zi2VZ2iMqE/+vZp3pbsGB4iqgUAd5iteU4Ux3S9B9dHDmEM50t6D7bkfA9u67Hdj/eB4OFFdhz3GYwiwEvxQXrjUANHhAIBgAGOpewyAYvmwpxafvMjuX9XqxTeOlaaFvGP7b/6SnC/of/9UIp1gs0Q1hQ1W2AX4Zu5WK9OqJZTu+1P+XKr+NnqlmFHW8i56yQ/jjH9cA+KX6VlNSUrpXdNKk7ESIevR82UGYWMEvpAmPhl6PBTX+bDFo7tadYQCjG0xzN1AIDbF0/Pa9HgXBLEKlpaMoLc3AKZ+7C4NffI/J9eXY4QwAo7hxY+2qfS0dQ25gbt5QNjMYGWzV70jztye0FUrd7knMLhjTDHiHJsPaV5bWSJR3aBKhkhj0ZtkBDAEA2nxjScCkOtHvE4XzGb5u3bqs/PX5PwL8oEu4yo+zAAWO/+YocGDMOfZHHR0d7aHGs1IgorY2Fc1NzZYjJx7W2kfmUZ4Zj8LifLSBc2do7/bdkAawez2AQFeS1ib/Z4S1vRve8mJTBxleslQloWQGXwRzgVmtLiUyEKCwOB+FxUBvd3/U8Qdg6iCzVPG/F0Xn/879Wwzn/8DAuP/8nxv3x98n0ZWk8+oAe5w3N46BtWmmDjK83N3uoNvNjplMwVxgVqtLSVjnfxTxB2DqILNU8Ve6N0TwC2lTaY2CYJSUlJSUlJSUHgDFBIAh9xfAD508tG0TOrtaAcgdYIK5u4Szndd/r6vCzr/y902Qy2DPYIAbDD3/1n/5iXwB5eBeTQa+kI4e2Asc0OvFDoLRAOxlwAvBAx1XOwLcYPxpkWJ7EyQW2nN8l7Z+Sy56zsWhu9APsXTf7UDPuTis35IbFEI5092C4sK1KF5Thu67HVjT0sm2Fa8pAwo7goI0BNHIAJriwrXMReZ+hGDI/QUAcorvGtxf9MedGOpeg+pPbIzCBSZIvxz4EgzOom1//TffRMfVjpiDMEAg6ELPv/XN77HtIgTD69nnnmKLRzInFz71ES+CX4K5wIRq+/rUFe1Pv/on+OMffw9/+tU/Cav/n7b+Gb607dv4ds8b+Ma2Gvy09c/Q+6Po+ldSUlJaJp0Ms86JMOrfs+DG629dqHv80T31HUMwuGfoLjAW9Hr0j+lCaAYI5v2WUba/OpVidj5GBTUxJxeMorMzAzWlGQB0IKaz0/8Y0K/HOjv156mpKZiYmFzq99Ci1NPUg6KcDOS7xtEBMCeXcJTvGsdMTobexoYiYGTctO7fv/gLy9atWwNu3A009aCkIBWFw260IYE5sfDinVt4+GV4ZAzwpUAqHHajm23XYZbZdDu63e4A1xdS4bAbdwtS0dXUg7wNRUgYcweMWb1t7m/N351PBMKDX4ozrAEuMPlxFvQvaEjPTv+/0IFV+Vl95MTDWnNTMzuXC3avR/vF22gf6UbB7vUoLM7navcjcVcVcwXhgQvAD70QfMGXkaOCKCuBHT6og1d2bhJLvePsnzVAF2ZjuJfFgwDtI90MBIgk/rL4AjoII8afti02/qsVLApHO/dvMZz/yTl2tA+50T7SjeQce0D8veXFDBbigQvAD70QfMGXkduIqLwAsMN/HWizWw2OPPzxMxvD/X7+h4q/LL6ADsKI8adti42/Sn90b2qquU0FQUlJSUlJSUnpAVPMbCFyi3IDHFcIYnE5ewNcX3iHl0glc38BgFNvnwsYEw/EyOrwOnJwr3bg0GZT+IXXV770NHOKiZV+9A+vGJ4TDMODBWKd1aY9D+nHtLt3DsVrynSYxZcKibYF7MOlLPK7tujgDA+z0DZKaSS2c+GlS5Y//8m7rN6alk4G0RTWPII//8m7uN8dYMj5pb21k5XRY9EVZrGitF1//TffDEjXJfvjz+u//ptv+tJ57YnJe+jf/qentG9983v41je/x8AXAHjyd/XUA//4yz/Dt775PXzi6a3S/gguOfrfCxjIYrpQI7i/hBKlLTJr+/rUFW3majP++6O5mLnajD/+8ffC7v9vXvsR0qsn8NPWP4u6fyUlJaVVqJNYnYDLyViN7fW3LtS9/taFuo4hNyY8GnODAcBSHPV6LGxbx5Cb7bPYvjVNO0l/6lSLXIVZ69ArpDDioRbdFWZUug0AeofvoDBr3ap5PT1D/rH2NPXo12pCWqOOITd6hkYN6bdkZfy+1JbYh6iuPr+L3oBvHxFQ6XZPoqtvAt3u0PCQvWUwrNdt1ib1PcCNnx+j0r2pcNxftu3ZVn98T/VfiPBL96hXmu5IpuIMK/Y6krDXkYRte7bVx2Jcy6Gmtl4L3Yx+t6Hb78IgqO/ibVjbu9kf+1wszmc3rum/WI+HL5raei3UVjBnBboZLer0yfcs5PxyL8MYYvzbR+YXFX/+OPD1+PqxiP/9pnDP/6khN/LmxtlfsPNfrMfDF01tvRZqixxjZDJz6fno7HULOb/cDzBGuOd/qPjzx4Gvx9ePRfyVlla/euGH2q9e+KG25TPPxvQyoLGzmT3xPVYgk5KSkpKSkpLSfa4lyYtCLitAoJOLc3TW8BeNMjNtxitZ38JRZqYNv37tLUP//Jh+/dpbbF+zxaYN5ZXLfAg0NpbCkhz81V//zAALkDquduCv/vpnKCzJCTr+1aCifQsY6NdwprsFZ7pbMNCvoWjfQtB9igvXorjQaAtPAE2oeiQepAECARozcOZ+kavPeDOmvbXTAMLI6kSrY0f2aGbgC0mEt8xAmFhAMF23bqO58wIAIKdirQGCae68gC889W22XRQBIoARLpEuzgjbQ6U+krUtQig/bf0zFHW8q793Ot7Fn371T5a1fyUlJSWlqBQzGKbXo7u+dAy5GehCj2nboq82FfQS7DhGpL//ny8zCKmzM8MAuJD7i/h4YmLS8JxvYynHGkqN129ZGq/fsvQMjaJnaBSN129ZAH8qI5n7C52b4bTNt0tt87p27Zrlod3l6OqbQFffBB7aXa6/J7J0iCaU+wvVI1HaosJh4/ionUzLAortKWGBNOK4rl27pm6UPAA67zKmeRHBlzKfw1Ck7ayUeFAkmI6ceFijenQjurfb6D4ik9GtIXAbf0OaVJ4Zjw0VhVp5ZjzaR+bRd/G2AcJw9s/C2R/43ncOThscUHjw5X6AYCj2kcZfdgxEIICvs9j430ux5kGRYNq5f4tG9fj48+4jS3X+Tw25DRCGc3Bamm7K4/YaHFB48OV+cSQRz/9w4r/Y8z/S+Cv3lyWXtvvYEyxFUaQQDMEzsm2bSmssjZ3NaOxsxqbSGnUclZSUlJSUlJQeAMUcgCEXmMGeQebUsljghUTtjYx4MDaqL1xaLJYTO3ZU19es139JuaFqPT682ohfv/aW4e/Dq42snZr167BjR3V9KIikpKqYucGI5bGSxWI58fije+oPb9dBgX3ba/Hqb8/gr/76Z4a/V397hu1zeHsZHn90Tz2itG1fSl34cBbFhWuRl2/BQL+GgX4NefkWFBeuxYUPgx//4jVl6G1+m0Erd6tKcbeqFIAOs/Q2vx0AxMh07vQbhnrFa8pw7vQb9/2b2VGwDkPd+lua/vOPh7rXwFGw+F8ck/MLSUzVZZbCS1YOIGZOMDWle/CPv/wzfOGpb4PcYH71v04BAP78L/8EP/rBC/jXX8hvXmyoyjbAJWaQyIaqbABy55dgbjDB9vtS5bfRU3YIANBTdgh//OPvLWv/SkpKSkqLVtQgDA+78A4vvEMMbYumfQW9hBejSPc5deqduubOTjR3dgLQXV0IhOnszGCwy8TEJHOLofqnTr2zKuAXXiKgku/y/7K635GGnqFRFOVkBOxXlJOBnqFRBsyEalemv3/xFxYCYdh1GAew9GbZ0dU3gZKCwGsYqtftnsRsuj1wbiHALplrjEB+SUEquvomAkAaEoEvKvXRg/E+v3rhal1qfCrOu6bZH3sfLPgvy3kIhi/vX9DYflcvXK27euFq3VJ8/iyFTp98z0J/gB8C4OUcnMbGxzay9CHijeeKvEC3V75MvAlNKuBS8Yg3nikNCf3dL6BLKC1n/Mn55EGO/0dnr1vozyz+HrdXTxcW4/gnc45rohuPx+31pVLS/x4U+GI548+f/yr+K6vvHzmg7T72BHtOEEy4+//qhR9qTz7/dWwqrYEIwTz5/NcZ+KLgFyUlJSUlJSWlB0fxsWqIB18A4MOrjQFOLaFEgEtmpi3gcWamjT0eG51Ea3sPu2gdG5uAc9TGUiplZyTAOTrLnhN4Q+XO0VmMjQU6J5x+/7zlyMG92le+9LQBchGBl66WbjS1t8bsIDiHR9E2MoWKTH0xrSIz2fC8bWTKUN42MgXn8OiqOpH2HN+lnXiuGCdf7AaQi7x8C/Ly/fOKCx/O4vb1QZx4rhh7jkMTUxGdfekuLpTewp6HEljKpOI1nQDgf164Fi+fv4X5znhp//sfz0PPuTjmNsPSKfnSIPWci2MuMCudCunY8aOGCdmpl95c9HhcfXcMEAwvKouVAwzv7MKXydyLABhAGLGOrK1I9a+/uGb5xNNbtRd+8n+zsubOC3jyd4/hV//rFJ783WOoKd2Df/ufntL+x3/9ZUCsCX4Zu5WK9OoJHyhi/utmmfNKevUExl4PrEtwDbUt6k+/+if44x9/D9/ueQPf2FaDn7b+2bL2r6SkpKQUE0UNJQeDWxab8sgHeysAJniM4ItRRMeQQJZjxw7XA77URgBSU3V3Eh5+6R2+Ey34gpU4fh1DbpbKaOamnjaDIBhKZ8Q/nrnZDfjqh+MOIxNBJlu3btV4l5e7rXoaXYJguvomAlIkdfVNIM8HwLQtJBicY6i+WEZtsT58bRIwo6CXB1Nnz541vk9N0hiVZSWjY1ifoxMEEw7wstr1zPOPsTnqxsc26msVg9MRp8KpmJtH29p4VAD6/znjzWy6id3U1ms5cuJhjZxqbHarAcIg6ILq3O/nX6zib6b2kXmQ8wXFH/A7BZnF/0F5//NuSQRmedzeiFPh7M5Lw8WBcVTkOXBxYBy789JMz/+d+7do5FRjL7YbIAyCLqiOiv/SnP+h4q++GZdPU81ti9q/7Tevm2578vmv41cv/FAFWUlJSUlJSUnpAVJMAJiPPmq27NxZo33h859BblEuAODTTzyKf/ynVxkEwwMtMhHkQpDK2Ogk0jNSDK4vpLXx5sN2OXsNz0XXGWrfTATBlFbloTDPgQ3llQyA6WrRF4Cb2ltx5t0bOP3+eYtv0Txmcna1GC/gffALiSCY1SgCVUiUqogvF+uwE7F0Puh2flt86Txw3V9O8MtAv4b40nn0nIvHGbTggG/7me4W9JyLQ3zpPAb6YYBgNM3PoRCUEgmMEunxpz4e+UwOagr1vpt7LVH1zWtoYBiA7gLTeWUApdvzDCAMlQ1fu8PqRiOZ+4vsMQCD44tZfaqju8BAO3X6QkzeUP/4yz/D3tpH2fOa0j36pPd3j+ETT2/VzJxgIgVEYgWV/LT1z5Berf9fif6VlJSUlBalE/fA+BQEE1onozmWPNhy7NjhegzfkW6LRpqmnYz1XCMc9QyNMgCGIJfG67csm7ZUa3wdKpPVX4x4yIUglYd2l+PDi+2B8wMfsDLQ1IOSglTmBNPtnmT78kAN3we1KetP6f6T7/0U0XucoJZte7bVn3dNG9xfyCEmWvBludxfxDRIMqCBBy+yc5OQne/7IVH/bEBKkI2PbcTNN24C6GeuChV5CUjSrADM1yl6u/uB8mK0j8zj8Od3mqYZEcf+IJybsYp/RR7QNjBrHn/ANP6ydFn3Q/zFNEgyoIF/3Ta7lQFHvAMOqWD3erRfvG1y/iP4+b82De0j89j42MaAcx2AIRWP2VjvR8Uq/uGe/7L4y9JlKfhl2WVp7GzWNpXW6Nednc148vmvh30Mnnz+6xZyfjHb78nnvw5AB2UaO5u17x85AACW754+o6KvpKSkpKSkpHQfKmYOMGOjk8wFBtAdYUQnF8AIslD5yIgHlMKIh1MozRGvtfHxaGrprLNYLCdo0aitra8OQH12rd9JQu/H3ye1DwCdnX20j3HidXAvm/B0tgygs2UAvQMu4Mx5VlZalYfOlgGcfv98zCZDV67eqgNQX3F0u3+C1jUEIIc9phRJAHD5o1u0D+4aw4nKjWUaALTe7IjpZM2s3TUczzTQr4FcWAYwjwEud/R8ZzwIUuG15/gurTitEHseWoOzL91FT6deXrRvgaVCAnT3FtL+42sw31mIPcehATC0m5dvQfFDa3D2JeAMWti++4+vQXevPy0TQTAfnoLh9Wx+pALHjh/VTr30puXZPzyuvfy3Ly06jrzbS1ZpArbssDP4BYD++DM5uH7ZbagbKQyTmGvHrX+9icRcO3ODAfyuL7QNUQMwGoC90i28s4vo6CKCMMGcYvQ+og95c+cF1JTuwRee+jaaOy8w9xdKjRTycyxEiqAL/3sK6dWB4EkwEIX2MfbhXpX9KykpKSlFrBP30DgVBBNaJxdzXBcLvIjjWAn4hVIWbdqiX2fzKYx4CIbKg9WPRteuXWNOMIAOvpAIWOGBFgJZAOiATN8EBrj6VF4sOLzQNvr/vg+uof6V7k9FA8EAOuSybc+2+o7hKYP7y2qHX8IRuSvQTefs/ARUlVrQ0qn5QQwfLMGcSHwQRmEUmaEJvnjlhTcC3ms8hCGDL0RA434QwS9LFf+KvAQDFBAq/g/aZ4K92B7wPsjOT4Czf5bFm2AJ5kTigzCiOf8JvpDFmocwZPCFCGjcD6L39FLFXzz/Q8VffUuurDaV1lgaO5s1ehzp/uECM42dzdqTz3+dgTBYzCKkkpKSkpKSkpLSqlXMAJjW9h5LZXmR9rWvfQ6DPYM49fY5w3YCX0SohZ6XluxDZ1crOm/rZH7b7d6Qi0kEwdAi1ocNHXiotoylOOLTHFGKpA8vd7JrW1p4+vJzT2sA8JUvPW1o/80z59HZMsCekysMX7ZY8eN/6c0rOH50O0txxKc5opRIL715hd+dLZwRoJJ4Yisq961B5UbEBIShdjf/uBat5+4GbXe+Mx4DmEfRvgX0nDOeWkX7FjDQr0nTFxXtW0B37wKK9oHV6TkXh+Lj+naCX+JL55GXb2F1u18HLrx0ybLn+C5t/RY97RK5zuw/rkMw9BggR5o5DPRrOPv6ACgNEkEnmx+pgCPfijSHHceOH9UO/f5mBsNEEztqt2KnDaOuaQ580dDcazE4wNQUaqgpzEBzrwXXL7uR4UgK2xVm+8FarXh7JdKy45GWrUMv4855AHfYY35b8fZKbD8I7cr7DRG8Li7vfZCURaG2mYEvxv0in39+4umt2kOfqsaPfvACvvYdvex8w1tsOwExZhLBk9GL8VgT4fEOB2wxA1xWun8lJSUlpZgqKieR+6j/++UYYgXiuCw3xcPjanSQJbBupOWy+U/oOiKIQvM13rWFnpP4x7we2l3OABexnkp19OCJ1gCiAWHIBYbcX6Lte7klc/cAAm86V5X63w4ihAHAeGP6sY2A07/eMm0xOipUzM3j1HA8jmWtQduA7rxQUA6p88uDKh5+iUX8zdwvAL/zxYMYf5m7B2CEX3jnnYBYU1luEpyD0/r7Zvd6gEvtJZ7/u/PScPKyCyd2ONA2MIv2kXkk50Dq/PKgiodfYhH/UOd/we71Kv6rWN89fQbfP3IgKvAlGgVLl6SkpKSkpKSkpHR/KD6WjbW291h279ioAcAa7vbtqGfcf5FpAra89Is364NtDybBHlxvJ9Dhpb4TQNttvZyHX44ekLtafPlLOoHx9z99CZ0tAyjMc+iOMDGVRTp+cnjhx3+ZK+f3qdxYpm3+ca3/OJy7i8QTW5FyG6jcCC1aCKZyY5mWuWcrJtfrbVbuWwPsq/VtM7argyjQ9ufrbixF+xYMbQ30a8jLt+Ds9V4GnvDbSH4Hl7u48OEsO015BxdRBMHseagY3b1zBgiGF207+3o3NwYLgCPY/EgFXP2TcOTri4CbH6kAAAbDnHrpdEQxPHb8qPbIZ3QHn+uX3XLXF9PHdly/7AbtHw6Ek5Ydz0AXes5vI/F1IniHhV2TT2sk2xZZn+GF/BNPb9W+9p3n2fMf/eAFAEBJtZ43mgdhfvSDFyBLfzR6MR4Zu+cNj0cvrsOzzz2lvfziLw31RZjEDCp59rmntPTH7ab9rET/SkpKSkoxl+xm5krDJ8rtJfbH98QKnEf3raJ0tpHudP369Ygb4vd58aeKf3mAz6+TkXxu+91ettUbn4deq1itsfK4vfrNZ+7GM69gEAYA3MlOBYLcUD6WJUf6yX0kmKPLkRMPawTuiP/vl3M1FvFf54w8bZvM/eVBlLvbDXux3QBZ8AoGYQBA29rg6yondjik5eQ+EszRZef+LRqBO+J/FX9//Cvm5iPu90F0OrqX1NjZzB5X4PEl6YN3moFyf1FSUlJSUlJSum8VH+sGL16+Ge3F46IWhriFpZORtN/ZMoCSLxWjq6XbUF5S5ffTPHpgL37S8gtW3+mZwtatW7XYWWRboGk46QMNwhi/hV2ji/ALAFTuW4P+/3kXk+sB+EwvyMkFMHeFkdWZXA+k3Aby/41x8Wrzj2t9bjCBbeXlWxjwAsDwOJh4BxfeRUaHadYYHFx4URql7l7aNgcArK3u3jk2DmAOxWl6+iSCYE69dNpy7Di0vOo8uPq9KNnqgCPfCle/vpi3+ZEKbD84zBxTjh0/otF+stdx7PhRrWKnzVDGQy6hVFOo4fpl//OKnbawnWgcBetY+iNKfcSXjTujdy/aUVuj7dhZLYVceLhFTIUkgi8yEKbjagcKS3Kwo7ZGu9zQHPX76sN/uYWS6vX41je/x8r+/C//BD/6Fx2KkcEvAHzAiQ6e8I8JQqF6ZgALKf1xO6svg0/M9l2u/kPtr6SktHhtfXgze8/WHi1Edlk8KsoX0NYeF/Cfl7NjHtll8XB2GN+jVJZdZrxkM2vT2TGPhjd7Wb2r795Y1kW9bYdW1+u/9t6N1bSoGWtnFuX0srzHDksQbwUqKSmtrve4qID3fBDwRdrGSqQyC0cEkvA3l1s6NQZXHNiXaKhP7iQtnfrXPH8jmtedbA7OH5hARZ4R7sjOTcIzzz+mhYIweNiF4Jf76YSLVfzvZKeiArMxj//9LgJJWFodAM7+WXZOb95hXM9h6ah8x8dmt0rdRAxQzMBsQPxtdmtY5zMPuxD8ouIfGP+2tfGoWIL4K62cnnz+66bbfvXCDzVfnVgcP8t3T59RAVdSUlJSUlJSuo8Vv1oG8rkv/9uwCIGf/f3/iOlE5fT75y1HDu7VDhzajGOfeNS03oFDm3Hm3Rv4ypeexk9++gucfv88N45YDSm6dpg7C//836xhTjCVG6FRaiQAAWmM+DRHbH/fPoAOv8j6kIlPV8SDKlQuE6VFKn5oDYNY8vItBheZCx/OMkCmh+t7z/Fd2v7H8wAssD56Oimt0lxA/7StCHnYc3yXlpmeoU+wfY4vugtMCgCg65oLO44VwNXvRcVmPW1QTl4W8qrzMHArOEhSVOKfyGc49EUtPu2RmagO7UNttX3kCbof7+wy7pyHo0AHX/jtjgK/U0y0qshMNjzn0xqJKY5koItYX2z7cpTjOt/wFr7w1LcBvMDgl3/85Z/hC099G0/+7jFT5xdePHgC6LAI6W7mOqwZuRMAj/hBFf9+0YIny9G/gl+UlJZePHCy7ZD+ffuG7/mVfDu2P6Ev6PLAh8sdCH1QHdrucs/DYY9n+1SU6928/MMJ3Ol3sz7EMTzor3+V3HdcKnjiBFYuVc+DqpMhjkek+ygpKd277/l7SsHcU5z9s+wGM7kunDk3w8r41Dzsuzo/gaUj+YBN270GoMMJoAKzuJOdisOf34nWJn+61nAcXXjnl/v5JFtM/AHggwXfTf7shKDxf5AVzD3FOTjN4kZg0Y3LHn+ZxKEnOzcJHrcX9mI7Tg3716d4oKPN7UUFdChj42Mb0XnVv4YUjqML7/xyX5//i4g/AH/818YHjb/Sva1fvfBD7cnnv46237xOjxXEpKSkpKSkpKSkFFRLBsB87sv/VvvCV38AALjYehGNp34ZtP6mY08BAHZX7g7YdrH1oqHdpYJgCHAh9xdyhfnJT38RVbtffu7TbDL79y/+OuiYjx3ZExYAdOr0BWk7zPEFugMMASozJ69BdIjZ/ONa3PhqQ0AZiVId3fhqAxJPbGXwC7WZchvA+sAxUBqk4rRCzHfGM4CF4JPu8cD0R7TP+i25hhRHxYVrGcBSXLgWA/2zzMElvlTD7euDrK09x3dp67fkIr7UfwON3GPYic5tG+gH2/8TXz6ibX6kgqU+cvVP+v7rTjCADsKUbHWg7UYr8qrz4MhPQcM7w8KrtwDQcOz4US2r1DhBLyqx4s2z+uS8pjAx6PHt6fKip8sI0ABAVmkC5wJDIdRjdeX9Bsv2g9A2Pb6Bub6Q4ws95v93X2kFudmElt4Hub8AwKu/PYP/jyTNEe8MI8IvZuWkV397BhWZydixszoqF5gvPPVtNHdeCCgDgJrSPSipPoVPPL1VM4NgzMATQIdPzET7iBCKWT0zrXT/SkpKSyMCMbYd2qwV7crVP7Nf8+CKb3tfI2DNT2RgR9NlLzbs8H/+82UEgvQ16t9TLzfqdaz5iSjKz0XPpcEVBV/U62cSIYjlunkqusGoNEjLLxVvJSWle0YEl9DNZ4IweBgD0OGMqlJ9DsvcRwjW4Fxg6IY0n6JHptYmd8gUJA+CO8NSxJ+2LTb+D4IILqE0VOw4cDAG4IMzBPcR2s67wNjsVri7zZ2RSJ1XBxAKaLnfgZelir/4nog2/kqrV22/eT2seuQU893TZyzXX31ZBU5JSUlJSUlJ6QFVzAEYcnLZdOwpXGy9iN2Vu9kfYIRZZLCLTPy+m449tWQQDAAcObhXA/yOLwBQWpWnT5ZaQqePIZClsCQHn/n4AVxr0D0tvvzcp7XeriHT/QpLcthj0WWjbWQqoH0CYVpvdlgqN0KDz60FgAFUmYHcIcafwkiHX8wcXlJu62mQeMeXyfU6WNN6s8Oyxhb4WrrH9dQD3WHMTSh90XwnMADjTXpKYcRroF/DfGe8IY2RDtHoEAzgS8EktEVpmQAY4BlKf5TmsPtSH6UwFxg+DRIBMo78FLxVf14CkOhtDw0MI6s0Hz1dXgPEUlRiRU+Xlzm88G4wfBnV5dXT5WVt+/sKPP15FxjAD7yIdSLVjtoa7fjR7YYyHnbh4RYecAlVzrfFn/sVR7djR22N/EVK9K+/uGb5xNNbta9953mUVK83gDA1pXvY84c+VY1PPL1Vo32ozssv/tLy7HNPaaMXddBkzcgdBp3wj8NROE4vY6+78fKLv7Ss+V+ro38lJaWlFQ9/ADqw4e2fAQAUbEphbidNl71w2I3pfpwduusJQSDZZfFw2uMZBGLN90OVRbtyse0QtNUGwTzgr/9kBHVOLLIO1VNOMEpKSkpKYYtuIBOEISo7PwFnzs2wx7wO7EtES6e/rLXJ6GbiHJxG28AsZro78c7IPAp2r1cB59egOAecWMTf2T+r4h+h3N1uAHYGYQTEPzcJNy572GNem3fY4Oz3l3VeNbqZeNxetA3Mwtrdj5sj80jOsauAc/I74MQm/s7BaRX/+1hPPv91SzgpkH71wg+13ceewFRzG75/5ICmIBglJSUlJSUlpQdXMQVgfv+zn9B+/3c+jmuJW0zhlnChF1E8OLOkixA+Nxh6XlqVx8CX0qo8vHnmvOm+x47s0b72xWfwo394BYDf1QLw3djP9N/4zy6p8k/UulqCjskIxORABGkYBAPg8QObsdYWhznPAurffh+OZLvBvQVAwHPR4YXq3DgJtL79LurWHmRtvn7mButTNlaCUcy2SU/C0nnMd8azVEgA0J0/xwCY7t45wzbaB9cD2+JBF16UVkm2DYAPfgl0gSH3FwDIycuCq38SFZsrcex4lq+h0+w1bT+4Xfvsv9uEni4vRl3TASALQTCA1ZAKieAXEZohjbqmkeFIwmf/3SZsP7hdu/L+FUMctx+s1Yq3V2JmUF+8IRHswqdGmhl0o3i7ns4pfBcYYGvtDlxruIy2kSn0dg1JXWBElxczFxhRr/72jO+czkFFZjK21u7AS29eieh9SxBMSfV6/OgHL+Br33kegJ4G6cN/ucWeD7XN4Vvf/B6BMNLXzwMnMvhEBpmQa4tZiqJItNL9KykpxU7bDm3Wao8WGlL8ePtnULApBfuO6B9Bbe3++gR+iM/5/fcdsQBHUnHutIa+xkkDBFJ7tHBVQSAP+Os/GeF2M3jlpORxKFhGQTBKSkpKShGJdxLhQYzs/IQA8MLZP4sD+/Tv36pSC1o6NVSVWnAWBGVo/rYAFCIfhcVAWzjrMVzaowch/VEs4x/gFCPE/1LjIDI25aqTXSLeSYQHMbJzkwLAC+fgNDbvsLHjw0NHOpQxy9pqc3tRUazH/+LAeMhx8GmPHoT0R7GMv+gUI8b/UsswtLREdbLfwwqV9ojgF9Km0hp8/8gBlS5JSUlJSUlJSekBVcwAGIJfHLv+AFsv/R0utkYPu5DMoJelcoHhtaG8kjnAHDi0GRvKK/0bD+hOMeQaA/jhl7JtZfjaF58xwC8Eu/CgSyjoBTA6v4jSnWD86ZAISKncCO2JT23DWlsc6h47iHeKjGALoAMv5OBC+7Ria0CdxBNbUddzF2ttegqj18/cMAVfeBEEs6+kEABwrqvXFH4BYIBb4kvnkZdv0dMm7dNTIPWci0PRvgXm/iLuw7u/8MrL17sUoRfePQbQXWC2HxzWAODRur2o2uVAyyUXHPkpAHT3l3f/nxvIq9adgHRYpgAv/eU7rM3tB7dr+58oB6CDLn7YBQFOMAAY8MKXmTm/bNnhh1r2P1Hug2C0oMeBd3qJxvWF15Wrt+q++xcv1lMKJNJf/fXP8JmPHwgAW8xAF1EdVzvw6m/PBJzzL/3Fi7hy9VZdpOMkCOahT1XjRz94gZU/9Cl93L/6X6fw5O8ek+5LLiyAETqRObDIgBJKQSQrJ4297mZ9rbb+lZSUYi+CP3jx8EdbexwqyhdQUb6A//3ynCH1T8A1yQ4rmi578TvP6mBoW3sc9h1ZwDmkrFoI5AF+/Sej3BarPmLZj5KSkpLSAyBKQwIgIKWOLCVPdn4Cgy5IBF2cOTcTAGwAwLsN3TFxILnfgBgCfWIRf5YixiT+AHBJpT8KkLvbDXuxnb0XABjeDwEpebiUVfxxAYAblz0BwAbFPxYOJPcbEEOgTyziL753ZOd/07UWdf6vcoWb5shMU81tMW9TSUlJSUlJSUnp3lRMHWAcu/4AgH4D/Frz4tuTpU1aTpVW5aEwz4Fjn3gUANDV0s22ff+/fp3SJbEJlCElzG/PoG1kChWZyXB2tSC7pEoKwhguyjngRXeMSQ4oB/R0SWbplMgN5i/+3RacvqqXURoj+h9MsrqHSu/iP/z/rocFvyzqZPTBL/S451w8ewxYWGojGfxCZWLqI148QLN+Sy72HN+lfXhKh2DIDWX7QWiP1u1l+5RsdbA0SABQtUt//tJfvoMr7zdYLFxEZI4vwRTNdrN9ZgbdSMy1S5/zjxNz7T6nmPBksVhOACAgpT47KwOFJTns3Hz1t2eA357BZz5+wPAeMBO5whD44nc30s9p5/AoD7+cQJg38Si1EQDsrX0Ue2sfxY9+8AIe+lQ1htrm8Ku2U6wunyKJF4EhBKKQ1oz4U0kFc1TJ2D3PIJNg7YfavlL9KykpxVbr8u1wufUUPg57PHMx0V1NdPCDl7OD3x5Yzov2zS6LR1+j7xrM7ndLWZdvV6//3pTo3qJAFiUlJSWlZZHsxjMQ6EhiTFMSCACIjwGgt7tfBTiI+FRIi4k/uWGYxb+prVfNB02kp0KCFIThY07lovg6Yiofdf4Hlz8V0uLin52bxNIgqfP/3lVj56JuJlgaO5u1TaU1fFuWRbappKSkpKSkpKR0jyomAAy5vwDA29c/wCNbjmLrTPQuMBdbLxrgF+e515C9z29j6Dz3Gu5OdC15cArzHDjz7g1sKK9ESVUxSqqK2TYehiH3F0C/wV+2rQyf+fgBXGu4rC9aSMCXYO4u4WwPR2ttcTjcs4B31q8B4AdbRi5cM8AsBM1k7tnKoJfJ9cBh5v5yN6r+71rpl9+9Qet1j/eiOK2QpSia74xHfOk8ivbpN7gG+nUXGOYO06nvAxhTLhWnFbJ9ZSL4pXu8F7gupmTSmYMr78Oy/eB27dG6vXD1T8KRn4Ibb7chrzoPjvwUtFxyoeGd64gkfdBS68r7DZbtB2u1Yh/cwoMvvGjb0MBw1OM/vN0IuFT8/9n78/A4rvPOF/82QGwE0NgaO4idiwSCIkUhlEVrsRZbluNrWooli9dOfol/yc0TjZ2fxhM7T25u4mcm109sj0cTezRPxh4n12MPGckjhb7yImuhJEuUBFMUIYKUCQo7saOBBrobaKBBsH5/FE7hVPWprat6A97P8/SD7qrznnPqdKFR3f3B+5bvRP/88mYml43MRwcO3qxqx8onaWP5++3lLbZLHwGy/MJKHAFQxBdALnn0qd+7H/uaj+DycLdhFhiGnijymS8ck5h8wosoWinFqWiS6vEJgnDOTXfulyrrNqUMYDP7CQAl+wmPVvzQbufLALE+AKC+Q86Cgo2xKsp2YHxiFTfduV+qzZHHe/6l7qS8LsjZ6YDJtSWkw/GnSykom1AJI4IgCCLpMAmDzwYDqDMwsC+W+SwMRsxMRVA5E9b9NOChP/uoxP9k90vK8rGdyh+x9QcAPhuM3fWPeWxx/QHgmf/6gkdv23aASRh8NhhAnR2JyRdsm1a00LIYWEH72jXd9WfSE/vJ7pc1lmE7lT9i6w8AfDYYu+uvfWx1/bW/f9ptRPL465fecBT/d/d+GB3N+zyXhi9LANDRvM/z6f/+32lhCYIgCIIgtimuZYCpuOVP8ErvW/jUvjCCG4/R+5awLS+46JGKrC8bGV0AAN//p3/FH//Rp1X3m/Y0YuTKKF58420MX5nES6+/7WEpQFpualHkF/aYlUESZXzRy+5iBb3sLwwmtPzuJ27CvTd5cC8k/MWTvQCAVUCYyYXFYCM5xrce6wTKPXhtGAnN/sIklCMPQ9oxUaPK7qLl2vAOTOIaRkPqkkp8H0yCATazwfB9amN5Dt1+SAKA9v27FekFAIorylBRV4i5iSWw/fc/7Ns4V15S+ro6sqJkaOHvO0XbbywSgENYnQpgetKPxhrxf75PT/pRrYqx/pQeumnvib/7iy8oUhfj1fNDqowwyjnNtdNmNmLbXj0/FCPU/N1ffAF//a0fnLBaAonJL/uajwCQs7t86f/8M3zn//6vaNrbqsgvAOSfvycLMr/81wseVfoeixhlYFk4uwPR8YGY7R6vFPuMBeP7dbI6vmhMp2MTBGEPviwPQyt5MBFkZWIVM2U7lNJAquuFtnW8+ZKElYlVADkx8gifBUU19gTwn7/5bbz55gu4/15IRnO1KsgwwUWPh499DLfd9lE88vifpsXxpzOSZLiUlPmFIAgiTYnnPUSysfrFLZ95RLRNm42Eh8+4INoHyF9AV+qM/dCffVSqqinAYmBFETzYNjmTSYEiY2wnEcPJ+mtFGe36s35fOvlrj3qto8pai7Zl2vpbFUf4zCOibdpsJDxMwtDbB2xklaktFo7NRKfAKHuey5RtVTUFmNmQwOz8Pm8FnKy/VpTRrj/r99yZXo9qraci4H/ntNtIhMm0v61nAOXDzjOQSIAhCIIgCILYtuxIRKdyFpgPAYiVXczEFpbxBQCqbvtd5T7LAsMeu829t98qffjO/bihbbey7fv/9K/48J37lfvAZlmk4SuTun3xIgwrg8RwI7OLUQkkEVYFFr4NK6OU8Dc5yhf1XYbyC4O18XglSEGPEv8793dJjcUNSjYZEWzfkYch/eb5sxvH6gHL/lJd61MyvVx8Rc6eMjexhKYDFRi5MIciXz7C/hXcfH895iYq8PKJt1nXj/a80XMcwImjv9uWkHVi4suZnw2g542e4x6P51FJkk5uZq457zl0+yHJE4pg9PwHqK71qY/9/AfwhCKYhh/nXz+/ceySrTlc6HkXBw7erEgw7Fzmz2+rtJfvxNiI+veD79sOTHD5f059Hf+fY3+llDiqbs9RMr+83fMybj14j6PnYGV8ALnllTbOabM2noSMb31+9DkOQSQKbQmeucA1zE4EAJTI1zRD19DeJv8O/uQfwgCA2+6VH2szo7B9P7kktz30u5t9MKFkdiKA/Lo8VcaVyroyvPnmC7jtto/itts+qtzftffg5t+Wvh4AwP33ftnSH4T//M1vA0BMH6xvAHjzzRfS5vgJgiAIgrCPXjYYvUwk2m16lJTlY//NJbj30Tuk3TeUoaouFx/8Fqiqy0VVXa6qLdvGRIztJsEAsdlgzNbfLCOJaP35tab1l9HLBqOXiUS7TY+yxjLsvkHO7tJ8Uy2qagow/N6GdLTxPPLPNS9ibDcJBojNBmO2/kZrr7f+/FrT+hMEQRAEQRDE1sI1Aca79iIOrA7hp5c78al9YQy98z30Pncanb/35zHSy8ybP8PPN4QWbakjbTvR4+mJAczNrrq+GLz80rSnUZFfAFl8Gb4yifs+fCu+/0//ipdef1v4BojJL0PvDWFsZBoNTdWuSC8AlP7GRqYx418QtskqkdPmt9UDdzZfj9l+fdH4v4r5eEDu42c24nmhJWtlTCmDxLYbZZ9gZY0AoBU1mJyQhPtixwJ+8/xZz+/c3yWxn3wmGBbPt9H2dej2Q1L7/t0I+1cQ9q+gdm8tJvsmlSwwobkAiny1aDpQwZVBOh+TRWRhLoLSCvnNM8vcos0GI8oOo9eGz/iyMGf8gdb518977r/3VumuQ7GlhB657xBePT+E5196O6437hsZWU4wYaV/fll1fmvLGWm3se2M/vllTuSSM8g8e/oNvHuuD1azv/BcHu7GrQfvUeSXpr2tqsdO5Rc9WEaWhbM7UvICLhrfioBDEETiuPfR26X6jkJVyZ6Ksh24yrXpeXEMPS/KkkZ+XR5WJlaVzCdaAYTPiJJfl4fzP1vECxOypPnRP2lWjcFT31GIE2deUcQUQJZTbtv4ybjtto/imZ++vPn3Z0OKYYhkF2zEM7GG58SZV5Aux3/vo7dLwOv0gTVBEARBxMH42UGgq1UlwVihqqYAH/w2gPY1debK9194H++/ANR3taqEiz3N4j/VV4YlWcIwETto/eNf/5mJKD58Wx6tv4Dlafl6k5cwrFBSlo/h9ybRpcn+Mn52EONngZ3VZSrhQisfMWYmomBZkmj9E7P+M1MR7L+5hNafIAiCIAiCILYgrn1rq2Q9ea8XQAteOjeC6ro2JXOL8iaCk1qYCMOYnpDLd1TXtcXcr65rU9rMza7i+ZdPu/aFhsfjefSeDx/B9//pX/F3f//nAICRK6N447WLShmkN167qBJiNjNwqI9/6L0hAMCzp99AQ1O1rXmwrC58hhd2v6GpWiW/vNtzWSVfMEEFANrqW0787iduAiALML/7iZvws5/jxMD40HE9kcVpPL8uAND1sVuE2/Xizv7qneMA8NDvHTsBAIO9Y2jtrIF8f0rJ6vLM/zp13GDc47/3mU/HZIJh93/vM5+Wzv7qnePa544hZ3ZZwdzEEsL+FUxP+lG7txZzE0uYnvSjuEJ+483kl42wR/k+mPzSf24R7YdLdEoWWSlrtLmd9cX6Fp2DHo/n0Y/dc+QEO+duPrw3psxWQ1M17r/3VulXL3cfFx2/CEnCSY9HPkYmwbAcLVW+UtUYokwwIvmLbzs2Ip/3755bADcGw3SO//Lf/hM++8d/gC/9n3+mbHu752WM9A0Ks7683fMyf74I++d/F3g+ISe1UmQT7U/tuR67ltbWPNXjEwThDkzImAtcU+6/8L1hAMCuW2pi2osyn/DbmdaYX5eHXXU1qv4YbCxeBtm196AitTzyh1/B1b4eRVxhj5/6528q7fksMaJ9j/zhV/DUP39TEWvYYzZWuh0/QRAEQRDOMCrzon2szcQwNrpZk7C+qxUAsPuGzS+0//ALNcIx33hzdTNDSU3BtstColwHrV1Dv431Z/fv92Whf9J8/fXkF1r/TQKjgY17Zbrb2OPAaACBUQjP/53Vctvmm2qVbb/7h/uEY158d1GRNEo2yiFtxywkXbXFOGtj/eX7wKM3V6B/Mmq6/nryC60/QRAEQRAEQWQ+rnxD8D//5Zee//2zH5f++qYvKKV//viP7sLf/d0PFAmGF1pEMMmlrvYaJiaBudlVVFTmKXHsp9uwL4tffqNb/uL9L//hRPOezTdEvx34ADe07cYbr13EDW278f1/+lelLfsS/fmX3vbcf++t0hP/+d8px//lxz+Px/9//1GRYHihRQSTXFj2jBn/Aqp8pUpcbMkjsfxilawSPMpkFKfx2j66PnbLCQBK9he27eyv3lEJNCxTBXsOHvq9YycayuX2dXW34u1eucTQbU2b/Tz0e8dOPPO/Th3Xyh/C+D45/ta9tyJrZcws/jiAE9W1Puz/SDvC/hXcc/xWvHzibRy8q1N1n8VohQJWBgkAOj5Up1ovJrNoM8Tw9L4biJFcAMDXnIszPxvgxxCew8Bm9hUtTDoZG4Hu/K3ABJVDN+09cdehFvDjsnFEmY/4TC+8KMOy1cST9QUASqvv24j7ryf47U17W/Gbn/fJzz8nwfzm5314/lQvG0slwZj9Hvz8rd7jnwBO5Hbeiqz5WVzfKEfE7kd738bP3+o9bvZao7fuqR6fIAj36XlR/ttzFcCFX188DgAH7th/oqJshypDSn5dHn7yD2F85s+LhP385B/CyK9Tf0HBsqo89cQ/4s03X8A//ORZZayD94lLAfLlipj8AkAltfDCzK69B5WMMaz91b4e5T7LKGPl+P/8Mw/K4z7+p3Dz+Nm6sr+/RsdPEARBEIQ57MveG9obJECWMF7rGQU2BArl7/fAKBbbGsHa9OfIHy99umIn/nVO/Z60vqtVES/4jBdXhuXPBFgWmDfeXI1ps50ZG51Ae2NdzPrnD8iWBb/+7bW5KJDkf7KJYIXWP04OH+2Uzp3pVc7/rtpief011K6FMLmxuau2GGcnQwCAPzpUj386P65qu7O6TBEv+OwvMxNR1XpffHcxps12P/+72PmvWXsAqvU3Ov9p/QmCIAiCIAhi+5HlVkdzs6tK9hNAzojCsrcwuYV/zG6ALLccOty0Ib/sUPUpuv3q9CvH9bIcuEFDbQWGr0ziyvDwn7/x2kVLMTP+hZjjZxlbtBlc+BsgywF3HWqJkRdm/AvC2/n3+o6zrBxa2upbTnzrsU7l8WvD8lP8rcc60VbfcsLsOPh4FmshPmYuTDrJWhnDrXtvjT3xSvCoFPSo5I1n/tep42PzwNg8lDgmv7DtfAYYj8fzqFk8m4d+/Obce97oOT496cfcxJL85veV/s1zcWNbz6u9ioQiyiLS80bP8Z43eo5femtCuFD+4aju2uvtu/TWhNIvv12SpJP88c/4FxQBJeaDg5FpRazij9/Kua0nTBw4eDMOHLxZ+Lvw7rk+1U1Usksv3mhMvXbPn+o9zt9G+gbxO5/Yi9/8vA/f+b//q3Lj5BfAhvyihckn2vtWEK17qscnCMJdxi8toefFMbz32kXPhV9fPM7LLyz7iTZLyexEAP0D2aqSP+zx7ERA1ZbF7rqlBo88/qcANkSYX7yNP//Mg+h5cQzjl5aU9kx6efPNF/BH/+bfe9588wVFcmH3H/nDrwDYlGT4NrzwwrdhfWlLIbHj//PPPIg3f/E2nnriH+V+Hv9TuH38B+7YfwKQRZjanELU5hTGHD9BEARBEOa8dPLXnnsfvUOpp/rb/jHlv27qu1oxfnYQ+QOjinyh5X6f+OOllbZG7L6hDFV1ucoXzXuaParSR1eGJaXkDi9fsC+oAeChP/uotJ3ey/y2f8wzMC8Lw3cebBSuv9HzQetvj3Nnej2Hj3YKz/+d1WVYng6gdi2kyBcxH4rdXCHcPplTjOabalFVU6CIFaJ1ZiV3VIIGV36K/93cjue/aP2Nng9af4IgCIIgCILY3riWI/5Xp185DuDEE//wZxh6bwj/87nTqv1MdpmbXVVtn5t9HwDQ3tCB/rFLeP+99/n+DIk3i4UZLOPL+vXr64CcBQaAKvuLlvPv9R3/62/94MT//PHfYei9IXznn59R7WdSglYEYI8PHLwZF3rexbvn+pT+LEw1RsAYGB86/hdPyv8FjU/chDubr+MvnuzFzzb2mXXIx3/rsU68NpyFn/38PaP4mA9ANsoZnWDyytt9bysljniySvCoVuJggoqczUX+z3GtuMLQZoCJJ177AU7PGz3Hq2t9JwAgpysfDWhAz//bi4N3daK61odf/eQly5lKzvxsAB0fqkNpRQEW5iJgUsz0z/zKdgC6+/jtevDHwEoUVflKAcSWH3r3XJ/qvLL+u+MRrtWFnncVieVCz7t4+sXzZufuiXcBPHzfIUV8udDzLsTPq/XssqK5AcB0/xoAaKUXPkZ5fH0RJ61IKHwWFh6z7Ctma57q8QmCcI+XTr7OvYBJ0L6e8eIHu89kjZmha6hq2aGSQGaG5A9+VyZWUd9RGNPXVUARUG6DLKvwJY4AYHZZjrvtto/in/4LJFa+iEks//RfILFMLmwbAKUtL7ywbdq+2Bg//e+/jMkmwySZf/jJswk5fuVa9OVu7m+cfH3k+Rc6JwmCIAjC+nVMbJmPsdEJoK0R9V2tGDg7iC98vB3P+6+jobEO/Vy7/skokKP+iInJF0bwkgX7Uprfxr6EZmV+EvU5ULoyNjqBhsY63HmwEa/1jOILH29X1psv8dI/GUV7LZQsGLT+9jl3pld8/ucUY2d1GQamA/jCx9tx8t05NDTWYXIypD7/NTD5wnD9OcmCyRf8NrbugdHAtjv3nZ7/tP4EQRAEQRAEsX3Z4WZnvzr9yvHH/xwnzNro7Dphsj8pbAguJzbe2GcBwBuvXdQVX2Tk98jn3+s7/r9/7q8Nj19PDvjrb/3ghNF+I7RfnjNR5Wc/xwk9cYUvX6QXz0QYk/iTgPiL+zdHxkznLQXFcsUz/+vU8Yd+79gJdl8by7/pdBIvSTipzaajSC4/kR8f/PDBE5N9kzHyy0YsAJyUJECbTYY/rzXbVNuN9olKHrEv9di5J5Bg8LF7jpxgclWVr1T1peDm8XsgfzlrBeE4J5j0YuXc5fbrxtmVX9gx8OeDx+N59PlTvcfvP4YTvPxi9kGFXkkvLUxC0W4z6tvKhyTJHF8KUvlqgkgWepLeXOAaKsp2oOfFMWQvrqHWV4qeF8fw0T9pVrXreXEMtTmFmPntDGYncnDwvgYllrFr70FgI2sLNjKxMDHlvzz5JL76la96vvHNb0j/5rHHcNtGe3m7LLr80b/5955vfLNQ2f9P/0X+48AkFqO2m/u/6vnGNyFvZxlhuKwwu/YeTNjxi1/z6HWOIAiCIHhEcosVBuavoQ2jWNkot/O8/zra164pYgxf/uh+X1bMW8yZqQiqagpU5UZY6R2GSLxgscJ3gR7Po/d89vYt/5xdHhg/DtSfAGQJANgULdiX/2w7Dy9jJGr9M00EEMkthp80eDyP3nzbfvn8Lw9hMqdY/vDn3Tl01RYrYgxf/ujRmytizv/FwApKyvKVteSfC2X9BeIFi90Kax8PG8e5UYoq/vOf1p8gCIIgCIIgticeSXKWxZHPogAg2elQ3XrT8ahL46fD8T/qcM3ijX/Upeduq88/0ef8o2n+O5PoeREEQaQU9WWV+hrrpjs7pYP3ydnRel6UJdGC8PWvRNfXv3mkowVvjo3h4H0NqGqRv0SaGbqGnhfHcFtDA7ovDWE5HPk3efXe/wIAfD9//pkH8cgffgVP/fM3lbFY9pen/vmbmF0uxL957DFc7evBT186g0/de1QlrnzlK1+R/uiz/xsAKFlbtPf/6V/+X3zzm99URBpRX5U7l1Tj8nN56p+/iX/4ybPQHv+OhbUvSx5828rxz88v/mlJi+8ftcfPSkypP4z2bFynput5QlnUCYIgMvIDlBT/YXH77wcr66Enx9z76B3Sy//y+vF9bfUn6rtakT8gizCs7M7KhgDDaK+VRQomyfTn7EBJ2WZGBr68CA8vYIiki8XACl7+l9dV0v89n739RLxST4adc4/ua6s/AQBt5Ts2hIxNEZgXANj6MwEgkesfrwTg5HfI7fOflTzSk2MOH+2U3n3z4vF9bfUndlaXoXZNFmFY2Z3JDQFGu/5Mkjk7GUJZ42YGHv65UK0/J2CIpIvAaADvvnlR9c89h492Snalnkw89wEg3vM/keufqX9Dtt97c3rPRRAEQRAEsV3Z4XJ/utlAEjBOqud9Mk2P/2SK1pbFORUwUj1/o2M46VI/iTymZIkkJ106RhJfCILY8rAPbw/csV8RP5i08eEjB5qj6+toKJFwGxrwJpcFhckfDSUSugEsLa9E+349GpNh7OlTvxKWPmLyyqfuPaoIKywbzKc2tn/lK1+R/vZv/2ZTaMFmthZecvnbv/0bfOUrkP7os/p9vfnmC7ja14Ndew8q0gvLRPP0qV8px8Qf/0fvOrJvNrBg6fhHrk4FcXUq5vi160z/lUkQBEEQ7ly7sCwrlwfGj18eGMc9n739xPjZQaVdfZv8pfNmOZI65Uvo9tpcYDKK/o0MDFU1BUo2EkAjXRiIFwBi5Ivtsv4MORMMIGeDkbPyALIQkKr136qZMPi1v/m2/ZvrPzCOm2/bf2J5OoCBjf07q03OfxTj7GgAZY1lKCnLV7KRAGrpwki8AKCSL9gc2dy2+rnv6PxP4PrT+w2CIAiCIAiCSG92JKDPRGRFScYbi0QJHJly/Il6/jORkwno59Etuo7xHCN9UEAQxDZA/m8z/kNcJn3wLK2sfr3KVwoAaCiR8HBJPZ7+3jAA4OGOeqWfjTbfG5ucOa7t6wKAhz51z4mHj31MkV8AyGWINn5eHl3BN7/5TQ8AVdYXXn7hhRYAMdtYW5YNhu9rX2O+MtYjGwINk2Ce/sqXY0rxMWYDC39j9fgP3bT3BCubJ1pLhvyhNP2tIQiCIAg7iL541sJEiH1t9SfayndgxUb/TLDQihb8Y+2X0NtJfLGy/kwEYOsPWv+krT2wKUKw9Z+0MQZbW+0a84+ZcKEdj9bf+flP608QBEEQBEEQ2wvHAoyFdIKZ9gXEyTTvj8hMTtIxEm5D6XMJIu1/R00/zK3ylaKlugxji7IAUlTiwR/d1qDsDy9KGFv0oKW6zLCfDcHkBF+CiM8Ec9ttwFe+slmTaV9jPt588wXcBgiFFgACYUYWXPY15oO1AQC+fJJ27KdP/UpXfnHz+GPXHiTBEARBEIT59cnxez57+wmrX0DHQ/7AKBbbGgGoS5BoRQxWZueez95+YiuLF26uNV/+xa3132bX5sdvvm3/iUSOWbsWwqRcMUxVjkcrYrAyOzfftv/EVhUv3H6dsXL+211/+gtBEARBEARBEFuDHbQEBEEQBEEQyefQTXtP8GLH2KIH2BBBlMfYFN1aqstUWVC0/Orl7uMPfeqeEwDw8LGPKeWImJjyt397UGnLyiOJhBaWzUW77c03X1BKGj3yhweFx8T6fehT9yhzStbxEwRBEAQhk0ihxQhWhgQ56o+axs8Oor6rVfnSmRcxRKVH7BxnOpYiSfn6axg/O4g7Dzai32D945Ff0nH9U7X2Ruu/PB3AzuoyJcMIL2Jos47Qa09i1v/Og404a7D+duUXKoNEEARBEARBEOkNCTAEQRAEQRCuY5yh6dBNe08c6WjRyB6Iuc9g7dDRAgCGEszG3RNPn/oVHj72MUVaYSIMf/8Rblu88DLN06d+BQB4/qVuj8ejXxovUcdPEARBENv2yiPJXzw3NNahH8Bb67lAVS7yqvZg9Z0rAID2tWsAcmNi2teuoT9nh0p6YeLFPZ+93VYmjnTLVpKK9YfO+osYG51Ae2MdxkYnlIww6biOmbD2bP0nJ0N43n9dFr7aGpE/IKca6aotFsZ01Rbj7GRIJb0w8cJuJpp0ylaSqvUHIFx/vfO/a+P8nxxNz3UkCIIgCIIgCMI9SIAhCIIgCIJIAJIknTT6QLihRC7v01AiCUUQ1obB2nZbGPv5l7o9AHD/vZCYlALImWEACKUYK/CyCwDwffPjpvr4qfwRQRAEsZ1I5hfQ+9rqlS/qS8ryUVVTgKq6XMxMRDFzyx7MAqicCaN/MhoT+1rPKOq7Wl0tdZQOmRhStf6zVUWW139g/hoG5uVv/i+fdU96SfX6J1u+4Ne/rLFM+R2YmYpgsa0R/dgQvXTO/53VZa6VOtpu5752/ftzdlhef9X5P+CO9EJZYAiCIAiCIAgifSEBhiAIgiAIIkGwD0VFHw6PLXowNB1AQ0kpiko8CC/KIkhRiSyBhBdl+YPtG5oOACizMN6mRCILKZsSyf333ioBanFFT4oxk13k/t/mjBVP2h0/QRAEQRDucc9nbz+hlNPJ2YHdG/IFAFTV5SoixgeBFbSvXdsoSbLJ5YHx4/VdrSdoJZO//pcHxinThUNuvm3/CaWczmQIzTfVoqqmQF7/mgJFxDj73iS6aouF5//N1WV0/qdg/en8JwiCIAiCIIjtBQkwBEEQBEEQCUQkf2yU8DlR5StVthWVeHB5FGjAZjaUfY3quO5LQzAq/yP/JyKf/URS7VcLKzIiKUaEKFaNBJF8ktrjJwiCIIjtd52RSB7+yw/h6b9/C/VdrZiZiijbZ6YiyhfQTognK0wqMzFstfWPdw1Ssf6pKL1z1+8fxqv/4xx2VpepSnktBlZQUpbvuH+7WWG207lvZf35bVv53CcIgiAIgiAIwhgSYAiCIAiCIBKE0QfD59/rO/6xe46cGFv0oAFy5pOh6QC6Ly0AAKp8pdjXWIbwoqSUBjKSPzbHhC0JxFxs2drHTxAEQRDbGTvCidz29hPARpkRzZfNM1MRLG5kHzEbjy+D5EY5pO3wRbQb65/Ia75MXH87wslG2xMA0FVbjLOj6uyEi4EVBEYD6KotNh2PL4PktBzSdpEw3Fh/OvcJgiAIgiAIYnuQRUtAEARBEASRGmb8CxiaDmBsUc5+MuNfwPn3+o6ff6/v+Ix/AZdHN0sFzfgX6PgJgiAIggAgf+ma6AwMIilFu20xsKJkXeDli/ZauTRPQ2MdAOD9Vy+jtqbyRG1N5Qlaf/eeE6vrz9Z+K6x/stZeJKVotwVGAwiMBpT7TL7Qrv/k4DRo/d1/Tqyu/1Y6/wmCIAiCIAiCsPC+RZIkWgWCIIhMfAH3eGgRCCLNUF9WSZZSgx+6ae8JQM548quXu1Uf6n7sniMnmPhhJfsJNw/dMkgJfFXSziLlx5+uL5N0/U0QBEHX307+fqTqy2fGvrb6E23lO9DQWIfXekZR39UKABg/OwgAuPNgI9prc9E/GQUAvNYziof/8kO4+O6iqkSJW9lfNGt0MgnnQVqtf1v5Dqy0Nca1/gk4R08m6ndIkqSUr71o/XdWy1lIlqcDuut/1+8fxge/3ZQ1AHUWGDr3nZ3/kznFca1/Ms/9dPgbsv3em9N7LoIgCIIgiO0KlUAiCIIgCIJwCfVnmtY+4DQSO7RCSCLnkYDVSJPjJwiCIAgiUbSV78AKgPt9WcDH29E/GcVrPaNor21X2tx5sBFP//1bqO9qRUlZPgAoIkYiJIzttv4D89fwhSPxrT/hfP0nATx6cwWACt31f/V/nMPO6jKUNcqyDBMx3JYwtu35//H41p8gCIIgCIIgiK0JlUAiCIIgCIJIDI9u07Hp+AmCIAhim/Fq97CScaGtfPN/rdprc9GfIz8m+YLWfzuu/9nJEACQfEHrTxAEQRAEQRBEkqAMMARBEARBEARBEARBEBmCJEknU12KpKGxTvV4YP4agAnlcf9kFO21uXjefx0AcONHbwQgyxeJzPri8XgeTXQpmHRb/zsPNuK1ntFtsf7psPZ2zv+T784BgFImLDAaSFjWl+1y7ts5/7fa+hMEQRAEQRAEYQ3KAEMQBEEQBEEQBEEQBJFBpMMXre21uWhorEP72jXcebARA/PXNkSATe73yR87LQZWEi5fMJLxBX06rT8Ay+ufPzCKfW31JzJ5/dNFMmDr31VbrLv+cmkkWbxIpHyx3c59q+e/dv1r10IJPf/TQQ4iCIIgCIIgCMKFDDC/vPpDyWi/3+8HAPh8PuF2RqL2a7fbZSW4CgDI9+ZRfALia2feod/CFDJS2WH8/C2uyc9fSU58z3+C4z/V+KcevdjuvkXpyN4STyrX12wO3/iL45KT/v/+36XvZysVJdkAgLnF9ZTEW+Gr3zrhoVeB1PHfvvWIlMnzr/B2ZcI0dT/cnSpuz+jz57Hf/bQHAB585BblPHr2qXdifqfN9mvbmLU1i7c6h4H3z6rGDEciKCspBQCsRVdV8cMjk8jbWYDacq/uHCbngwCA1eVIzL7mplpoD1A7yWSP335jl+3X3zMvvyh8zTh6z32eZMTz/HT0H6VMvn7K9RQYxkelSELmZbWf66Esw/cPevPLlPUf+3e/3NZ///+vl17P9ENIq+tH9kV0qr90ba/NRf9kFHcebMTY6ETM/vyBUay0NSJ/YHRLnc+ZtP4NjXUYG53AwPw1XB4YP05rn7z1r10LYTKnGLVrITr3U7T+W+38J5JP1n1/6bSLr2V4fEq5/uLff43OwhRe/Ho8nzRp8tzG3wYrbdnfkefiHEuJ93iUy/JPxjMWQRAEsbVJWAkkraCifWzW3q39eiKMr7BG3r80ZdhvOCq/Qc1HnuF4ZoJOvPFOBB6/3+9YAIpXfHEjfj77OsrXsyg+RfGXBt7nTib5R0fbjbg08D6ip+ZQ6pW/CFsIBpF7rAIdbTfGxnHx/H69eFEsi7PLkb0lnu6+RanMu4o9tVUewFhIsSLMWI2/MjkjBYJ5cCLgpFogSYaAkkgyff7bBZ+3IiPn7Q/KqbRzG1sycv7R0aEtcf48+Mgt0oN5VarHzz71jocXTrT7hf1wbbR9abeZxWtlF705ivpZi64iJzf2usmzIwuryxFMAiguykMR14aJJ9HoKqRr15G3swB79rQBEnDlgwGsLkcgwdq3tW6MP+lfUPY1N9baGl/Eue63pJVwGADQsnevsA0TW/REFrbfLD6/qAiHj3zI8RfbRtdPf/WR76j6//orX5LsXD/pxbt5/WR4XV+SI4/ljx3Lzfk5ef9gtP4PFcjnwMULl7H/wD48E+mzdf3K4hksPp71by/fuS3/7vfPLwMAXnr6b+T32oEJFJXV6b8XT7P99z787+niTXQ+1+bqP+cbZUgY2uwMRPLWXy4RA/ryn85/Ov8JgiCIhOFUNiFZhSAIgnAL1wUYM1ElVdgVSraKwOOGBCPC6vhm8WaQxJL8eO2H+NFTG1/0HqvA+W+/jlKvF6W1tcr+qsJCRE8v4fyp15F7rELVno+/dGxTfLETz+bDf5FQXdQgnLtWQhn2j6PMW4/uvkVLmSZYO624Yje+zAsM+wdR5q2XrMg3bhKJyP8VPab55+iCgoKkvuaKxBMmpejtdzOeyBw6u8SZSHrP9hvu18Msrvdsf8w+O2Oxtoz6umZhu/GJYcP9epjFjU8Mx+yzMxZry9hVnFmJkK6G5JdjrVgCyCIKv713dgWo3Ny/O+hFWXkQDdny/rH1GQTmvao2fFsmszCR5Xd2AA3ZVRhbn1F+auN3B73orMw3neN//LZ6vFB4FUUFBTHZV8KRCKRr1wHI2VVWlyOY25GlbANkQWX/fvlv5MpSGMHAHHJy87Bndxsiy2FcHZ9GTWWp3BYQCilOx5+Ymo9Zw+HRSdT6SjE1uxAzvhWY/KInrjDY/jMvvyjxEovd+KG+PpzrfkuKV4LRXj8xGeTrr3xJ+lTjn3o+1Rgbw7fh74v2GcVfGoiNN7p+CizNGR4LazcdHnPl+NyaH3v/MBEeMl3/D/vzUb2rCc9E+rBvYh37OHll/4F9uHjhMh46sA+YWMczkT7cv94KAHg+e1AdvyG+8PFMoHmoYC8wsY5LG+2LyuqUeKPjG6M//QCA06++tXFvxKRleuy/+64Ppe1aJjsDw762+hNt5dY+ShobnUB7bbOcfSHJ2V/4dUlkyZZMWX9gIqkCRjLWPxXZR+Je/9EJDNC5vy3O/2StP0EQBEEQBEEQ+rgqwKSr/KKdo8/n0xU3MlXg4fezY2T3tfsS8Vxr+7Yr3cxny1+klK9nKdIGu6/dZxcrMdq++fH15rmV5q+FSSi8rBI9vaQSV3hyCwsVkYW1mTk1CQCoijM+enoJC0H5P8uZDGMGy/oCAMP+cRxqrYd8fxDNvlYM+wcBtEoiwYVvU+atV30/N+wftxuPQ631OD84jkAwTyjVmGFFAGGyixVEbY2kmEwXUEigIQjr1NZt/nf75MSE6rETJicmYvo32i6K187NjAfzqtA7u6JIKIze2RWV/AIAgXlvTDvWFgA+W3uL3OcjUOQXQPOzfAa9sxCO92BlleW1ikZXMTm7gNoNUSQciSAUXsXqcgSdB/cr7VaWwri2voaJqXlEN2SV/ftvxMqSnCVlLboKD4Br0VWsQBZOVpcjmJoFaitLdeUTJ+OL5BflOfMvoNYH0/EBcYkiM3lF25ZJLABgRX4RxWvnYadEkjYDit42ozba9k7imWziFm4fn9vzYxILAKAMmL46god2ic8BJsFUlhXg/rLW2D4M4lns/gP7NmPK1PHhwATe8K2Yv/4ePILw7KTu/qJK+bp4cVwsaZTUN5nG68VajXdj/OVZ8XvvlsYqVJYV6GZhCQcmUL2rSbd/9hwmOv65n/2aLhY0yF8ob7ynkPIR8Wye73cdacar3cOq9nIWhjoMzKemBBL7QnqrfBlN60/rv13XntafIAiCIAiCIAgr7EjVwJ3XN9+Q9GY1q7ZpH/Pb7MTroZcVJZMFHq3sIjiWmH/69fl8Er8Wfr9f+AH2RjvVP+1ujMe3l7gxVNLNSlD+goRPZ87mz3QIrSyiFTfuPvikp+fcF6W7Dz6pjNlz7osSn+Hk4OHvCuffc+6L0sHD3/Wc7nlMmX/5epaqPeubtdETRfTEEbP5F4/nATVr2FfYhshyBAU7CzATHFJlaCneIc6KE7o2heIdNRiRJlTjVXk3S2/MBIdQPJ6HUP0q4pk/sPmfqjtPr8WIKtGlJeQWFmJmclIRWrREl5ZUj0XtWD9W4pkUA8gyzCVs/iet8h/J5bH9HNlb4nnqzHmJyS/r4TUcqKpCdtEqyrz1OD8oSyx8zLB/cEOWkdswAsE8eLPCccfLEswgHjl6yLUUC2NTYddeT3gpJtkZYgDgg3l5/N3l6rHX1jf/NA0vhmL2T817AOxATnZ6ppA+9vjjMV/onXriiYxJs9F19IGY+Z8984vMShNCbHlE5YVirjUr8xWZRSu/6MHaH967R9m2O+hFg0CUAdQSDBvTcN6rM3j2qXc8r3RPSwCQy5UTikZXMTI+jdzcPJV4wuQWALi2vgYAqKspx9DgOHxVpVhZCsdkbgFkGWZHbh6am2oxPDKJyVmoxnJjfCswCYYfX5tr6czLL0r1lSWx1wbzU8gtl6+PplbWhP3X5OcobVV9FJQ4i+fmZiTBsOsnKyJIsvmrj3zHwyQT/vop12P8N1+U+SURx2c0P6P3D6L1V8kvG8wGIpgNbIoqIozK3xjF8wKNqI+isjp82D+BN0TXrxyL4yOGEkl4dlKRUESYxQOypKInsCRrfK0AEw5MOH4OkhmvnXM6kYoMDMprOVd6pEDKR3utXHIEUH9BrS0Dk+r1cvOLaFr/uNbrZKavfSau/1Y692n9CSJ9OLKn4YR2W/eVMSo1tv34JIDnUjg2QRAEQcTgmgBjJI/wsgqjruSuzQeLr6q3aR9z2+zEA/oyjNPSQJ8/9GXlQ+Afnf+2xG/TPua32Yk3WmvR3DmRJea91sZ2j6Yfj9lzp4nz6D3fmjaSdq4rwVWsBFdVH2JrYXKGSH4BYgUXPeFFC2vHyzNGbXhRhgkqVjKn6M2/yVMHcBV7CnbKXzpUeVtQvBxRfgvZdi0FaEFkOSL3w7Z51W2rvC2AF4gsR1SijJ35A3LmFz35Jbq0FCO18EKLntjCEO23Gp9bWIiFU5OWM8HwZBflYD28hvXwGrKLchRRhYeXVnh2lUUB5OJqIBfecNh2vFvolTVKxBhA4mQYPusKL7nw90Ww/QZJBhIOL7UwmYVt4+WWY48/Ln3hc59DS3W1Ejs0PY1jjz8u6cWJ+nYbXmphMgvbxsstXUcfkB5+6Bjq6zdFgfHxGXQdfUDSixP1HS+9Z/vx+rvqL9G0j61iFKe3T7T99ptrLZdhGp8YxrBfXbpD+9gqRnF6+0Tbm30VtsswuY2VzC3xIJJgWKYXQBZRNoWUWDGlrDyoyt7CYgPzXqXNub4rplJLQ3YVGiqN+wY25RcAaG9pRGBxAXPzcqYz6dp1+KpKAQC1dfJFAxNPmHQSc3G3Iwu1dQ0IBdTPO28k82LM6rL8Ou+rLEVZfbUr4/OlkMzgx+fh5ZeiYvW1QDi0hOj8FOZ3yn//D1WrMzmcnx7B1MoaypfnEhZfX1liKsGko/zCz81KphWj8qaJPD69+eV78yy9fwDE8svQ4AAqy+TrGT5bC+PihctoaW3T7dMsnmEmT+wNAH27jZfPioQSj8TCZ39xKsE4HV+8biOOngOnz6Gd+KFR4+d6O6EtP1Igif9GttfmKl9Gt9fmKl9Qj43uAFB/4vLAeMq+HMvkL6K3wvoDcE2CofXfPuf+Vln/TD33ie0FL7UwmYVt4+UWkfzCtuvFifomtgypkGBIfiEIgiB0cSzArARXEY6GhPuY+KKSVQRo94vaG/VhGL/4qmlGGMBYAuFlFSv7Re2N+jCK15NhbAg8qfhAXiXBAJr/3jQp58RjJK0kCq0EwzCTR0Q0eepQsLMAkWWxuaAnvehh1r5gZwGalutUEoyV+bP/ni31emP2GWV+MZNezLATX+r1YnljrpVFPlRV6/8nf7OvFbykkl2Us/maNSd/2Zdf4TUcLxDMQ1FZNKYPq/HqucSHnRJHSsxKFL6yQvgDckYddr8gP9f2uFoRxknZIDPJJR4+mI/EZIcxIp75MznlC5/7HI60t6O7v1/Z9ndf/rKqDd+Op6q4GPjc53TjRH27JcIwOeXhh46hs6MVvZcGlW2Pf+lPVG34dqrXjtIiAMd040R9OxVhfv9+OfvG2f5h+Lz64ps/OBez3x+cQ1d7syvx/+P5K3HNv9kn9xkdHUJuY4tuO9F+fpvT+Hjlm0yByS8sawtgPdMLEJu9hcU2VMriCyALLGPrM5vtLaLtGwAerKzCg4/cIj371DuelZV1FOQVQ7q2oOyvrWvAylJYKTNkxNDgOPJ2Fqiys4guwvj7vspS1NY1ILIchhvjK3G+Ukz6F3Tb1vpKY8YXoZVP2LZwSP57ppVX2Lbz0yNJiTe6fsoEzK6ftOLLzPQMZsP+lM7P7P2D3vrz4gIAVJYVqAQIO+KDKN5uH31YMV1/tyUUrXzC9idLgjErvWRGop9Du/GEDPvyuaGxTsmoEPGsxJQg4TMu8JkY2ONUleGh9af1p/Wn9af1Jwh9REKLdpue9BJPnEiqIQiCIAiCcAvH30jme/MQ9scKMJ3Xh03Fl3TASOAxE1+SwecPfdljlBFGlB5ckwlG4rdtbHf1uHw+nyrji3YeduEzqTARhZc3rGZ+sUrPuS+qMr5o56G9b2f+I9IEsLS5LRSEqnSRVYzEl5ngEOKd/8ri5hdcouwvDL2yR0qsQWkjK1iJd5IFRo/1sHz8vCDDKPOu4mogjytvZC/eKVbkl8iKLOhMh8KoLi6Cr6wQkZUo/IElRXxhIoy2LQBTKSYSidjOBlNRkg1gUzZhZY6aS4pV7YYXQ6r72v18G9F+tk8r1rhZFunY449L3/va19Dd369ILUfa23Hh4FEc2N+CquJizIRCYBlfqoqL0d3fj5lQSJZe2O9oSJ7r9772NcyEQhiansaR9nZ84XOfw4WLQ6q+sSHD8Blj4qXr6APSf/ibf4veS4OK1NLZ0YrLlw5jX8culJcWYX4hDJbxpby0CL2XBjG/EN6QXjZeVxbkL6v/w9/8W8wvhDE+PoPOjlY8/NAxXL50VdU3IMswfMYYM3rP9sdsO9s/LP8dsSmvsBi34o3myBifGI59TRuVX5ftyissxq147PTqzpEnURlaauuc/7e8lbmpM7TI961IK2PrM5rsLZv9MBmG9cO3N4IfV5QZRgvLotJ5cL8l8YSnsb46pvQRL76wx/wvYmQ5jNWVdVfGt3QObMgveuNnKvz1Uzpnf+HnyGdZEb1/MIpN9vzsrL82+4ueuMAECABxiQ98vN0+PuzPxxu+FdPjcktCYff19idagtEb3yrJeA5JfnEH9kUz+/K5fzKKsdEJ5UtnPgsD/wW1nMEh5VlIaP1p/Wn9af0JgtjAqtiSqLFJgiEIgiAIwm12bPUDrCu5y3IWGJ50kF+sEo6GgKD4vySxWf4oYePrCDWSWakmI5jIkYwMMCKh5nTPYxIrHxQPbP5mGWDcoHhHjXK/amOsEWkCVucfXAkAEGd/sQJfIikeCcZOPMsCY5T9BQCG/YMo89bj/OA4mn2tG6WMgKuBXJRpMresrcrPjZ4Eoy1vlG8jns3lyN5DltejoiQbY1Nh/WOblesAMYmF3Z8OyTFa8YWHtWESDJNiAH0Zxo4Ew+QXdv/toc3j4IUX4XHFsV8kzayt78DwYshWZhgRTH4BoCpnBAB/fOy+zd+54mKV7KLN/qJtw98/0t4e056N9b2vfc2RBMPkFwCqckYA8JmH71Tul5cWqWQXbfYXbRv+fmdHa0x7NtZ/+Jt/a0uCifk74a2AP6ifvcRoXzLizVBJKKLXPYN9yYjXEo+oYiamuCG/aPvQjslKIO0OenXLFBlJK3rbWQwvv1jBqH3v7Ao+8AaVEkiq862qFOFgwPI4E1Pz8OwQ/33nM75ofwIQyifxjs+XPzLLAmM0fqbCrp8yCf76SfT+Qds2mRlg+Pn5CmtiMtJo3z+I1j8cMH5dUsrZDA4IBQir8UalcIzkCbPrV0ZRZa0rEorRfiNBJZHjm76vTdJzGG98OiJJ0smNshoJRVt6hIfPuBDzt3F0AmOjm5kYxkbTY43dKgVD6x83jkvBJGvtt9r6Z9q5vwXPfyqDRKQdqZRf+DmQBEMQBEEQhJtkudFJvJk+tEwsvpq0eDZnK//5mGqMZJx8bx6KcosRjobg9/vh9/s9G0KKx63nJY7zQdoY28PNx5D57OuYz76Og4e/6zl4+Lueuw8+6YlXPnFKz7kvSuXrWbj74JMeNh+r86/ytqB4Rw2aPHUq+aRgZ4FyM8OuLKPtO3RtCuXrWWjy1KHK22KYcSa/JAfe/DIAwEIwGNd6sRJJ8WaAsRNvZY7dfYvKd323725Q5BcR2UU5yMmLX5SwGs/PyQheINEyPDuPyEoU1cVFKuEFkKUXtk0kvgCb0otefGQlqsg1btFcUqy6xRtnNx5wVnLp2OOPS10Hj6K7X876wQsuwGZGFzfQ9sXG6u7vR9fBo6rySlbpOvqAdGDfYfReGgQAleACbGZ0cQNtX2ys3kuDOLDvsKq8kh6dXe3KTfW3REdC8Qfn8JF7juAj9xwxlFTciDebIwDU1zUrN9Vrm46EEh0dQnZpDrJLcwwlFTfizeZolcmJCdXNLZz2y0ogdVbmq8ogAfbKFWmxK8yYteudXUFnZT4ezJNLIGnbl5WUWp5bKLyE1eUIcnPzYrK/MLQXLVOzC/L1Qr74dTSe8Xn5xYy8jesT0fjnut+SkCHwc+WvnzIR9v4hXdHKL0bXr4xwYALVu5qw/8A+zAaMr6UrywowNDgQd7w2lu/DCSz7Snh2EkWV+tkXmYSih1UJJlXj6/abxOfQaTyhhv9SmZUnKZDylcfaNgPz10DZF2j9af0JWn+CSD3pIL+k41wIgiAIgsh8EmIYxFv+yGnJpHjjUyWKOIGfM5N4tMfhdqkjq4ikl41t8BXWwFdYI4zTCi9ulzqyikh6OXj4ux6+vBATXkTzZzJKlbfFkvACyNILE1+sxujFM+mF72dtKgd6888vkTOX5B6rQHRpSXeMwuJyFBaXY2JY/R/u0aUl0xJJbsRHl5Yslz86UFWFQFAtt10NiP8rKLsoR5W9ZT28ppQ20rKntsqzp7bKYyder3ySHqLsL8Oz86qML8BmBhhfWaHyU9uGwZc9Movns8Io5xdXjqmiJFtX1GFljwBgaj7219eKxGLUxq4EI8Jo/jx/fOy+mOwsM6FQTHkjO4jEGVZGSbvvSHu7KtOMXT7z8J0x2VnmF8Ix5Y3sIBJnWBkl7b7OjlZVppm4/9ZpJBYmrzDsSjB2452ilViYvKK8ftiUYOzGJ4PaurqYWzJg8osRrAyR5eervBG55Y2qeNF9J+PxEszMnJxdw07Zobn5IDw7shCNrmJyQ2zhkbibct5siDJXr15VvyY5GF+UgUZb7og91hv/XPdb0ko4jJa9ewEA4VDsNQi/7fx0bMYJflsi41v27sVKOBwjwQCAndI9qUI0x3xvnuofAVaCq0ppJLPYZMxP9VoueP/A1v/5bFn2rN61KVzEI0DYibcrT1gpf6QtPZRsCSbZ4zPifQ6cPoduxKcTbmRzsPV+ZXRCKS3yavew+P3pRskRlplhYP5aOmUfofWntaf1p/UnCIIgCIIgCGIL44oAI/qw1A6izC3e8uakxWvJpPJHPBtljtLxQ3jJyrzms6/jdM9jaTf/0z2PSdp5la9nxQg789nXcXlpQJFR9DK5WMnw4lZ8ZDmCy0sDCNWrf0e18+9ouxGAcYaVwNRVDF25BF+lOlMLy9zCyzMikcZpPJvb3Td9VDi/7r5FqbtvURr2DyK7KAdl3lVcDeQqN7kskvlrlVZosYsoftg/qMzPKJYXSJTYDfmFiSoAVNlb+IwvojZMfrETL5JgrDK3uC48jkQwvBiKKY3EHg8vhvDBfPxfXLDsLzxMfLGbAcZInGF9ifaJ5mAVlv1F9Xu/Ib7YzQBjJM6wvkT7RHOIByaxaOUVBpNY9EQWp/FOYRKLVl5RXjMsSjDxxm8HemdXUFYedPY8ceILj12JRkRZeTAmQ01kNaRkcrF1QcVlXolGVxGOqF/nPNwN2Mz+woSVsclxzMz5XRlfrwwTL8Kw7C/a8QGAl19yy2W5IRxaUt3Yvpp8+dw/Pz2iugFATX5OwuOBTQmGh10/ZQJ6108MrRBjJSaZ8xPB1r9QcN1mR4CIJ96uPKF3fCX1TTHyCSNZEkyqxnf6HKRDfFq94U7wF9GXB8aPD8xfUx7LpUViv1DmS5GwL6kZA/PXtmz2BVr/rbv2tP60/gRBEARBEARBZB6uCDDaD0t7s5ptlSMSZW4Jzg8nLd6pwJNqNsSXmPeh6fBeOGauS1Mxac21mVQApIUIY3UO2vnPj81hRNL/7xJRhher5ZHsxI9IE5gfM/9Cd2VxDZcG3gdgnAUmt7AQVbW1uqWK+O2iNk7i+ewvp997QRh/ZG+JZ9g/qGRcWQ+vwZsVRpl3FWXeVd1MLHrZXkSZYK5MzkhXJmcku/GHWusx7B/Ekb0ltuW6jsZq+MoK4Q8sKYIKy97CRBYmsWjLH02Hwo7iRTgRXLSyCg/L7mLURm8fE2GGF0Om5ZKszP/UE094fvDjH6O7v19YoshuBhgjcUbU30wohO7+fvzgxz/GqSeesH3OnD3zC8/Tz5xC76VBYYkiuxlgjMQZUX/zC2H0XhrE08+cwtkzv3AslPIli0S88nI3utqb0dXebFryKJ54p/Ali4SvFQtrSrkis5JH8cRvVZ596h3Ps6szivziVFJR1nt+1PW5NmRXKRLMs6szePapdzxz87Kws7ocQSi8ZKmfUHgJnh1ZaG9pxP79N6Ki3AvWD7vokjQXYNHoKqRr19HW0ojOm/ajotyL1eUI3BrfTILRG194PbWzQnhj1OTnCG/KtUN5Dd67dAVzkXXMRdbx3qUrirxiJd5sfKPrp3TOAsPmpr1+0nv/w29nMYk8PtH8tHMTvX/g1/+ZSJ+w75bWNkOBYTYQwf4D+3T3m8VbkSdY9he969fF8RHD9TGTUAA4lmBSMT4rF+X0OUhmvNMSV0l58y1JJxP5ZTT7Epr/Iprdf7V7WPlCmv/imc/QcHlg/Hi6fPmciHWi9bfFyUxa+620/pl47m+x8/8kCCKN6L4ydpzmQhAEQRDEVsQVAUZHwIgbJ9lbRPF1JXeh8/qw7py1As+Pzn9byqQnkSt9xP/TbzpkseHn4tErNcUykdx98EnP3Qef9LD7qZ48P5e7Dz7p0WZ80c5/X2Ebmjx1qN/TgH2FbTFCitXMLYBYaLEbv6+wTZnLvsI26M2fpZAHgOipOV1BxSpGZZTijc8tLET0lPkX080+dcmXtdWIrqDCMMr24ma8dm7C50/zn/zDs/OKlMIkFp7q4iKVxMJndmGSS7zx2iww2rmZwUspfKYWraDCP+YlGCvxevf5vqyUO9LjSHt73OWOtNgRZ6qKi2PKL8VDZ0dr3OWOYl7nbIgz5aVFMeWX4r6+0MnawmDyCkMrsTiNd4pe1hYGL68A5iWP7MZvBzor81Xyy9j6jHKz9VzNj7omv4jm0JBdhc7KfOXx/v03YvfuZnh2ZME/s2BJQgmFV1FR7kV+YRFWlsIoKylFRZkXI+PTqosudhE7MjKJ3Nw8dN60H7i+ikh4DqUlpei8ab+r4/MSjLYMkt74Z15+UWLZXwBgamVDGK1uUt34fWacff3XaGhtQzAYRDAYRENrG86+/mtLsVbHb9m7F2deflHSXj/91Ue+k7bZI/Xmpn3/E08fiZpfOBoy/QcFfv0fKtgbs38pvIbCohzdLB5m4oNZvJU+WlrbsPcD87eVi+MjpplWRPuLKmuxOD5iu9xRKsaPiS2Ty+U5eQ6cPod24vk5ZwLsy+hEfCHNvkTmsynwX0qzL5z7J6PKF9LbLesCrf/WXHtaf1p/giAIwpDntsmYBEEQRIawIxGddl4fFmZlsYqd7C1uxLst8CSCzx/6socXc/x+Py++sPsSfzw+nw9+vz8lH8j7fD6Jn4cZ5etZ6Dn3RQnYzKhSvp6Fg4e/m5L595z7osTPw8r8Z4Lyl44jS5txxTtqFJHFSoYXozZW4yPLEYSuTcHO/N3EqUDjJF4ucyRnenFSxigR8XIGmEO2+uAlFl9ZoanEwtq7FR8veqWHtIIKn7UFMM7+IornY/T6iSdbzbHHH5e6Dh5N+et+18GjOPb445LdLDBdRx+QDuw7nPL5H9h3GF1HH5DMssD0no0t9cQkFDvyinL87c042z/sSrzRHBnjE7HXHExCsSOvKK+BnMTiNB47vbpzdIvJifT5j3it9DK2PuNaZhi35xAJyef4/v034sqVAczNB1FcZPz3LxpdRW1dG1aWwliLynJA0c4CwAOMjE+jolx+viEBoSV5/57dbYiEOanr+ioi4U2xwK3x5+aDqvJIeTsLsLocMR2fhwkn2m2sVBEADPX1gRdnACiSC5NflPcDGgmm6/Y7VHHavqyMvx3I9+YhKqW27EtRrjP5dPrqSExJoosXLqOyTL6WNhMfzOKt9MHLE306GWp4mEQiKkUEbEoobD+TT7TxehldrO5P1Pjp9hzajc9kJEk66fF4HnW7X/4L5c379SfayneoSpOk45fPySjZQutvyMlMXvtMXv+tcO5n+PlP2V+ItOPInoYT6TQXygJDEARBEIRbuC7AOJVfEkVdyV3A4qvozWo2bfv5Q1/2ZOoTysk8nlSKPbx44/f7pQ0ZR9mvJ8UwaSPVGWB48eZ0z2NS+XqWqtSRnlTC2uwrbEvZ3At2FqAALSjeyAYzkj0Bs/l3tN2ISwPvyyWQTi85lljchi+B1NF2o7BNd9+i1OxrxfnBzTJI6SLBnB8cR7OvFd19i1I8ZZAA4/JEVsQVp/FW0ZNfeLSii5n4YhZvJNB8MB/B7vICy30fe/xx6Quf+xwAuRSRWxlg7DITCuHA/hYc2N9iS4LpOvqA9PBDx+TXo4Wwaxlg7DK/EMa+jl3Y17HLVILp7NrMdsNEE5GEwvPKy93G6+ByvGiOjPq6zesKJpqYZWJZXzDOaOF2vGiOdqitS8x/vSeqX55kSjB2s84AsgjTWF+NwOICJqbmUVdTHtNGm52FySeMooICoEzO0FJcmIe5gCyjtLfVquWTRI+/tIrV5Qg8O7KwuhyxNL5dWvbujcnq0tC6ec3l9XpjYth+bZxWiIkHdv309Ve+JKVrFhhWYkjv+inVxyean9XsNGx+z0T6lCwweuLC/gP7MH11JG7xgY9nj630wcozWVl/qxIKa6sXn2gJJt7xrZKM53C7yC/JRv6iuf5E7LbUk8wv/mn9jdff4/HQ+tO5v53Of5JeiLQlneQXfk4kwWQkz6V47E/SU0AQBEFocSzAZEL2FACYEMgv2iwqmY5GMJFSlf2Fh2WCsZINhhc0es59UUpV9heennNflJANS9lU+PnPBIdQ5W1J6dwLdhbIWWkszj+dyS0sxDKixm+S9pZ4uvsWJSa/AFDKD8UrssQTHwjmocy7qurjUGs9AkF5jnpx2hJD2hJEqSCyEkVBfq5qjgUFBbb7EQkqLAOMG/Fm/ayt70BO9jXL871wcQgH9rdgaHoaQ9PTrpQjskN3f79qLna5fOkq9nXswvj4DMbHZ1wrR2SV3kuDqrmYthdkVzGSVwA5s4uRxOJ2fLwZYPTILs0xlFjcjo83A4xRdhen8koi+m7IropLQkkkVuQb6foqykpKEQpPY2JqHsVF8pf/ofAqotFVJbNK3s4CTE6MycKJhqKdBZgLBDG30b69rdbyHN0c37Mjy/b4cV1fVlVDW0JJlMEFAM5Pj6AmPwe19fL1gdWySETqYOWP7JRpAmRxwYjqXU2YDVx2HJ9IecKOhGIUbyShuCXBxDt+OjyH8canA+kuD6RrqZGtKl1st/Wn85/O/Uw8/4mNc/Her37NaR/SS9/4mp0+s+77S9fmLw38+g8cr0HbHT900OcfuDl2xp0/Hg8JDgSdf0R8r9+SRKWyCGKbkrWdD35f0/6MmStf/sgK6SC/OJlHOsgvTuYhkl8iyxFEluNPKR9PvFUJ59LA+wCA6Km5tMv+wijtzlXNVcSwf1D1OLsox1EWl3jid5VFUZTtQSCYp/QhmpsZrCyR1e0AlDJHiYw3g8+20lxSLCxbpP2ph1vxduQXADiwv0WRXlqqq5N+rrMxj7S348B++yLdvo5divRSX1+V9PmzMTs7WrGvY1dcfYhKE/FYyeCSyHgzRKWJeKxkcElkvFtMTkwIb8lkbH0GvbMr6J1dEWZ7SWYJJNHY2vnpviG/vopdtaVYXY4gFF7F3Lxcyqe9pRG7dzfDV1WKaHQVofAqwhvCJH9hKAHIzc2DdO068nbaFxX1xpeuXcekfwGT/gVXx9eWMcok+Lmza5J0zf7Cz83o+sns+jCRxyeaX743z5L8wmIeKtiL6asjKCqrQ1FZnaHEwErhxFwfuRC/FF6LiWeZaeys/+L4iKFkEp6dREl9k2G8aD8TW6zEJ2J802vfNHgOrcQTGQllYKD1p7UnaP0zFOmlb3yN3Yz26bT7muCWVDxtd/yQ3Yz2idoZ7SMIgiAIgiCM2TYCTF3JXei8Pizcp81KYlc2SQX7mvbDV1ijdxzp9iG8R7vOvsKamPmz7CSpLn+khc3HLHsK2x9v+SMncoxRH2w+mZr9xSqbJZDGUzYHJr1o4UsgWe2rurhIJaFMh8KYDoVjtiu/U2WFqvtux8cDn5lleDGkytjC7msll0TFA0BFSbZyE8HKHzH55Uh7e0pKIFUVF6vm8IXPfQ7HHn/c9Nxh5Y+Y/NLZ0ZqSEkjlpUWqOTz80DF0HX1Ad/6dXe2qm3I87c1CUeWVl7vh81bA560wzPTiRrzR/Bj1dc2qGyO3sUUoqqwvrCG3scW0zJEb8Ubzs0NtXZ3q5hZu9BuY96KzMh+dlfkIzHsVCYbdnJJb3ojc8kbL7fmxx9ZnYuZnhq+qVB43Nw+N9dVYWVnHyso6CvKK0VBbj2h0U07xQC2hMFYdXE/w468uRzDpX1D2TUzNJ3T889MjlralazyReETvHwAo4gnDrgCR7HgruC2haLO6pJsEsxWfwzSDvoSl9ae1J2j9iYzBSHqxE6+z+2tIsAzjVFgxinVLhknH8keZMDeCIAiCIDIHx9+Ia+WR3qxmTCy+GtNOtM0ubvTB41+aypgn6vOHvmwohfBlhiD+PiKl713MGsxnX1fK9JzueSyt5q+dDz9X0bbLSwMYvzKmyCjsZ8HOAhQI/iua3y/CLF6vj8hyBONXxnB5aQBm82fkHqtAdGlJtW1mctJ0jaJLSygsLkdhcXlMe7fiF46Yl0A6srfE0+xrTdm5UuZdxdVALl7/YExVBqnZ16rMz/JrKyehMBGlo1HODMLLKXqSilvxWowEEuV4OSGFySpMVBHJKlqZxe14KzD5xU1mQiHl5hQzCYbJL24yvxBWbk4xk2B0j0sjsTB5RTlPbUowduOdopVYmLzC77cjwdiN38o8+Mgt0oN5VeiszFe2WZVMeMbWZyyVTbIjwTCY/MLP78G8Kjz4yC26vwulxQVYXY6guCgPKyvr6r/1qyGlHFE4EoGETQllaTmCaHTz707/wCQWgvZFFDa+Vn5RLugSNH5Nvpwt7fz0iOrG7wPk8kUNrW04es99nqG+vrjjG1rbVKWQrMbr8fVXvpS28rwbc0vk8bnR9/PZsVn2rAoQem3cin8m0mc492RIKHoljZIlwRi1ScZzkKh4giAIgiDcxYn0Eidfg4siTLKztMQ7XiYIJiTBEARBEAThlKSlhKgruSulfUwsvorerOYt88T5l6ZUAo8m+0s6ZoDxcIJOzPz57C/pmAHm7oNPepg0Ur6eFZNNhT0uHs9D8Xge6vc0KDKKVlrRZmkpMCkVYBav10fBzgLU72lQ5mQ0/462GwGISyBV1dYqUoyezJJbWIjA1FUEpq6iqrY2IfGsBBKbq+6bpL0lHj4LzHp4Devhtbiff7vxZd5VHGqtVx6fHxyHHfGFh5dQ2E+WqYXfPh0Kwx9YSkh8vPAiilZaYfu0mVwSFW8HpyWPtNJLVXGx4ywydubktOSRVnopLy1ynEXG6ZyYxKKVV5Tz1KIEE2+8U5jEopVX+P1WJJh44wn9LC5WxJfo/Gjc/cdL3s4C+GcWMDPnR2Q1hMhqCDNzfoTCsmAiXbuOufmgSj4JLa1CunYdnTftR+dN+9G+uxn+2YW4JBhRCaO6mnI0N9Yajj8xNa+US5r0LxiOP7WyptyUa6nlOeHNKomOF82ZXZNkQgkks+snEck4Pr35rQRXsRJcNXz/w2LuXxfLz7OBiLDUDQ+f9SMR8Xs/kAyvX80kEgCOJRQjUjV+ODCRtOfArXh+zkRGQRkoaP1p7Qla/wwgyeKLFsdjp7I8EZVGIlLMczQHwoRFWgKCIFJBwgUYUdYWb3lz0vsQwYQMXsxIV8zKMmXCMRjNUy8jSbqhN0+2vX5PA+r3NMTsjyxHTDO9GOEknp+T3vwvDbwPACj1xv7nfHRpCbmFhYguLcXIKXy2mNzCwhh5xu14fq5WyS6S/3M7XgnGabyl5zei/oKwsCBHEVL4TC78Nh6RxOJWfGGB+j/fx6aMs4Gsre+wffzxiCp24tmc5hbXlZseerKK1SwuWuHFTvYXvbZ2BBo9WcVqFhet8GIn+4teW6cCzdn+YaVkkfDvSnAOPm8FhmZCQpHFavzZ/uGEiDDR0SGlZJHRfnbf7fjtRO/sCsrKg6ptVsQUs1JJ0flRyyIMT1l5EL2zK7aO4erkAqLRVeTtLEA0uopQWL6tLkewZ08bdu9uRnNTLXJz8zAyPo2p2QXMBYKoqSxF5037EVkOI7ggSxudN+2Hf3YBVycX4hqfSS/NjbWQrl03HH94VBZcf/Hzf8Uvfv6vAKBIMKLxD1U34VC1/KX51MoaovOy1FBUXKi6yesv72PZWxh8Fph44vksMGbxTHrh5x3PNUkqMZurqLxQMo9PO1a+Vy4rqZVgrM5vaHAAlWUFqCwrEAoQFy9cRktrW1LizeaqJ5GwzC3h2UnHEko88W6Or4VJJ8l6Dtx4Do1EmQzgUfroi9af1p6g9SfSlRTLL4y455AOAgpJMBvnkiQ9x25W2hjdnIyRrGOMZ/4uk07iCUkw6cmi5idBEETScCzAmIkXoqwtwflhW2O41UfndWsxZuWG0gHBuqdj5hfdOWrnn46ZX7QYzXFfYRv2Fbal9eI3eerQ5NH/4FaU/QWQxZSZyUndfWa4Gc+ywJihLYOUXZSjiCwrc0GszAVtrZ2TeCclmXghxShTC7BZ3kgksbgRz2MkkGQ6WgmFZXOxI6Gw9uxmR54RlUyyI9FoJRSWzcWOhMLas5sdeUZUMslJCSUmr+j+jmzIKwxtNhc78UyScVOC4eUUK/u12VycxrvF5MSE6paO/TL5RU9mEQksDdlVpvKLpedZR45pyK6yJMEshCK4OrmAgZFpNNZXo6m+GsVFeZCuXUc0uoriojx0HtyPlSX5d0kCUFtZitzcPESjq6go88JbWoHgwhzWNsoQrUVXEVyYQ/vuZqwuy/0vBCPCjCxOx5+YmgcARXzZ33lo8zn2LxiOz8skTDjhYduYvBIMqv/+5hcVgUkwduODwaBKgjGK186VJ52zv9iZoza7SjKPT2+MfG+eIsJoyr0qiLK/MHGBoRUgrIoPbsV/2J9vugZaiURbtijZEozb49sl3Z7DDGc7fwF9ktZ/W68/rT2t/3Zef4LY9jgVQ1IslujOJZExNngO6SmcpOu8titMehnRPCYIgkgKO9zusPP6sGGpIm95s215JRF9MIz+qzCd+PyhL3tEWWBWgqvsg2G2L50/hNfNYnO65zEJkCWTdJ08m2O5wBu7vDQAALoSTDxZX9yMB4ARSf5ykZ//yuJmVhNR9heGNnOLFpalJVnx/LydwLK6MLkl2fF6+ANL8JUVwh9YEkosWtg2PsbN+IL83LiOg5UnGl4MxWRpYfv09rsdv7vc2u/Q0PS0SnbhpRSrEoy2ndU4vmySdk5WGR+fUckuvJRiVYLRtrMax5dN0s7JLkxCsSO/MHiJxWl8vDAJxY68wuAlFqfx2OndFhezTDAJzHvRUClvG1ufQUN2laXMLVpYaSQ7cgw/DhubzYnNsbNy80twbVaU2spSFJdVIBSQs7cUFRRgbkcQ0rXrqK1rQMg/u9k4OwsSgJrKUoyOTwMeILIsFs3WoqtoaqrF1OwCQkurclaZpdhrX0fjQy2/NDY2K48f+MSnMelfQO1GpU42fmOtvedEJL8AwOEjH/Kc635LijeeSTC23z8srmXk7wqb9/Us+VqQySXpcnxs3NzSgrjXX09c4AWIeMQHp/FW1pWXSHj5hN9fVFkr3MfH65UdWhwfiRFbkjm+VdL5OSQIgiAIwj3SJPMLz9c0Pw1Jt6wrbD7SwK//gM6uLfI74pK8wvrxeDyfdNhVpsglbJ6fpLOIIAhi+7Ij2QO6Ia64Jb9sFfx+P3w+H/uvSGnjftqIJD6fT2L/senz+VQ/GeXrWZjPvo7TPY9J5etZOHj4u2kz/55zX5RY6aDydXHSJDb/y0sDKF/PQpW3JW3Oj5ngEIzmH1wJOOqfL1FkJaOLG/HBlQC8+WW6+4f9gyjz1gv35VeovxBeW5X/G92qxGI3ftg/iCN7D9n/vRZkX2GiynQojOriTcmAF1tE4otb8WZUlGTj7SFxthJeWEnFfjNOPfGE59jjj0tf+NznYvbZyf7iBKNxfvDjH+PUE0/ovi6ePfMLT9fRB6SHHzoW+/rksASRVYzGefqZUzh75hfC+fee7Y/9u+GtgD84p//7YbDP7XjR/HjGJ2KvScwysZhlaXEzXjQ/LaLsK7V1daitMy73YLZfL6uLlb7NMsI8+9Q7ngcfuUXaHZRfk1npo95ZGGaCMYPJL+x+PP00ZFdhbH0GgXmvMq/AvBe9syv4wBvEs0+94zl9JiJ1HtwPAEpmFSaf8DQ3VKvlEwCe9etA9ubf86KCAiXzix68rBKNrkK6dh1ujc/Qyi+q53NDgvHsyEI0mhnyuZVrkUycM7t+CkdDQFBfgknF8bH5+QprYrLRaN87iOYXDhi/bjCpYWhwQChAJDre7PoVsJZpxUhCAeBYgknk+Gak+3NIZBSUgYHWn9aeoPVPY9JQfuH5GowkmJwCeBq70rbkkKftjh8aSTDdV8aOH9nTcCKdz4/uK2PHt/XvR4IyzbgowhDbE70MLiUGbUewmQGmaWN7icO+CYIgLJG11Q5oYvFV3e29Wc2qbT6fT/ihryjTSrqS781DUW4xk188ADzpJL8AYDKOYYmm+ezrSomhdJJfAODg4e96zEo0zWdfV8ogFe+ocTReZDnieM58H1XeFt0STfklOcoH8QvBYFxjGZU4SlS8N78M+SVi4aS7b9Hy7292UQ5y8uL/D0+r8XbmpAeTVtiNz+TiKys0LXHkNN4qt7YUobmkWHizitvxfPaXipJsVJRkC+NOPfGE5wc//jG6+2Xhobu/31b5IbeYCYVUczCTXxhnz/zC8/Qzp9B7aRAA0Htp0FH5oXiZXwir5qAnv9RUfdOwHz2JxR+cw0fuOYKP3HPEUGRxI94JehJLdHQI2aU5yC7NMRRZ3Ih3A22ZokSWQLLb97NPveP5wBtUJBOGG2WNGLwQYwftHMrKg4r8AsgiyMpSGKGAXLZIK7CEIxFI167rD7B+HTm5cpmicCRiKf1fY321ct/N8QE504tWfnngE5/G6OiwUIix/TwMDsAryFR3rvstaSUcjjve6/VibHDA/vU3d/2USbDrJ/b+wcrxff2VLyX8fREbg81PVIrJbP3DgQlU72rC/gP7MBswvpauLCvAkOZ5T0a80fWrqi+LEoqWospaLI6PKJKLHlbKISVyfN3rn/lo2j+HRMZAX0DT+tPaE7T+RMLwlNSl/xx9bUCO/ueV6SyYkPyS+DJLcY6RiaWFUjnnRcEtFX0k81iTHUsQBGGI6wJMb1azroSSDIzKL+mh/Y/CdEQr5fBzzvfmwefzwefzSZDLDLFbWly3sZvP55N8hTXwFcYKIuXrWeg590XpdM9jyi0dJs/Pp+fcF1VzYllV2PxngkO4vDSAEWlCKYlklchyRJFW4i13JOrj8tKAcpsJqr8oZfNnH8TnHqtAdElffigsLkdhcTkmhtVfBkaXlkxLHLkVv3AkqpqzHgeqNkpPBPNM+80uylFlb1kPrymljaxgFn+otd7xeajN2AJAeewrK1R+atu4Fa9FTyCZW1w3jLMisRi1cRpvlQsXhxQBxU75IbdgY3b39+PCxSHb8ZcvXVUElHjKDzmFjdl7aRCXL101bd/Z1a66qf7WaSQWJq8w7EowduPN5gcA9XXNqhuPVmJh8ory+mFTgrEbrze/CU1pJJaRxSwrSyqwM7fAvFdVZige3JRnOivzlRJIMRdH164jsLigGxsKG2dJkbLlTCq+ylL4Z+R+zCQYz8a4jfXVro5f6yuN2c/kl4u952OOmxdxzk9vZokIh2KvQdi2rtvvEEosK+EwWvbujSueyS9dt99hGq+dK38tkgxBxClsjvz1U743T/WPACvBVVVp2PySHHS03Zi0OXa03ah7fSd6/8DaPp8t/72r3rUpXMQjQCQy/g3fiqXrV9W5Z1NCYfIJI9kSjN3xlWsebg1bGgvT9jnMcOgLWVp/WnuC1p9IK9I8+wtDf44l9T9M+9mX1P8QayT0ZtzvRhLklzjHei6DlzWd5m5V9khXKYTPxjICdXYXu/PWthX1R9lfCIJwhGMBxk15xIk4I4r1ljfH1dfnD33ZQ6cGYYZeOSSGXiYXKxleeJklnngr7fj5sy84jLLABKauYujKJfgq1ZlaWOYWXp4RiTRuxPNz1dLdtyh19y1Kw/5BRUjZVRZFUbbHkgjD0AotdhHFD/sHlfmJYgoK1NJTQX5uTLkiJqqwbQw+Y4uojdP4gvxc1dwaaowlGTMJJtXMLa6bzvHAfjlzRkt1NY60tyd9jkfa29FSXa2aix32dewCANTXV6GzozXp8+/saEV9fZVqLiKmZr5i7TpjQ2LRyisMJrHoiSxO453CJBatvKK8ZliUYIzih/1z2K48+9Q7nt9cc0d+UV7nOAnGqRDDJJjfXIOS/QUAdu9uhn9mAZOzCwhH9P9eh3XKBXnWr8MDoGhnAXxVpRgemYSETQlGlHZvZHwanTfth7e0wvXxmQTzwCc+HSO/PPCJT8sxO7KU8c9PjyhCSU1+DnLLZbkhHFpS3QAo+5jEwjjz8osSk1/iieflF7P4mnz5d4+ft9E1STpiNletEMOTSMnHSd/smAoF1212BIhkxOutvxsSilY+YSRLgol3fAAoLN2VtOcgEfEZxHb6IvokzYmOldae5kTHShBEppFM+SWVY25D9EQR/v6izj5RbKphUkqThePjt/P3jY6xSTMOQRBE3LieAabz+nBcWVgAxB2nFxucH7YUy/+3Yybi9/tZCaSY65hUX7vFzHVpKiat+Xz2dVU2FUaqs8BYHV9v/iOSuJSDKMNLwc4Cy5lf9Npp+9AbP+b8X1zDpYH3ARhngcktLERVba1uqSJ+u6iN0/jlu+UPpi8NvI+VxdgMLUf2lniG/YNKxhWr0otethermWCsxB9qrcewfxBH9pbYkuumQ2F0NFbDV1YIf2BJEVRYphYmqTCJRVu+yI14LVYEEj2GF/XLCbHMLUZtnMZbgZVBunBxCFXFxSl7/akqLsaFi0OWyx8xWBmky5euory0KGXzLy8twuVLV3XLH9n6G8eVLBLxysvd6GpvRld7s2nJo3jincKXLBK+ViysKeWKzEoeibgaLUCzTy7XtB1FmAcfuUX6nR2IW37JLW9EbnljzPaG7KoY+UWvrem1cWU+fmeHPFe2bS26iuYm+YtllsGFZ3VDYi3KNfhbtn5d1WZqdiHmAoyJMCMjk5CuXUdkOYzgwlxCxuczwWjll1pfqWr8mvwc5ba5vjV479IVzEXWMRdZx3uXrihiiqXrsZ0Vwpv1c8F4fO2c+eundM4Cw+amvX7Se//DtrO2HW03oqPtxoQc49df+ZLE+ufH1M5N9P6BX/9nIn3C/lta2wwFhtlABPsP7NPd70Y8y/6id/0KOJdgjLAioaRi/Jl5Oavj0sLVhD8HbsWHAxPIcE6CvqCl9ae1J2j9iRSTIdlfGDFz9bTd8cNMmbzZXNOx1NB2L3+Utr+3kmTpRvNSYSaKiMSXRZ226SaF8MfWpJmvSHiBYJs2pgkkvxAE4TKOBRg35BE3s7foxdeV3IXO68OqbUwa0f63o7bcULrDsvBoJBjRP/8m/Vqbn4OOpKNkIuElkrsPPum5++CTKZ2/dg4iyUVv/vsK27CvsE3VzmrmF0AsxNjN/KKdg978+XTs0VNzuoKKVYzKKDmJL+3OFc6Zp9m3me3CmxXG1UAuXv9gDGVe/dcpo2wva6sRUwnGajw/NyswSYVJKUxi0bbhJRZeWHEr3i4fzEcwvBgS3gBZVOHLFPGPeYnFzfgP5u3/9+6B/S2YCYVS9vozEwrFlf1FeQ3q2IX5hXDK5j+/EDbM/mIVvawtDCavMLQSi9N4p+hlbWHw8gtgXvJICy+/yK8zFdtKgmHyixtli8zElnjEF56G7KoYCQYAaitLAQCTG/LK5KyclYXJKXoZWDZPIvlve3NDNVaXIwhHIqqLL4nru/PgflyLrqouDt0cH0BMJhh+m2h8nrOv/xoNrW0IBoMIBoNoaG3D2dd/rWrDsrjw2V8AYGplQzitblLd+H18PJ/9xc74etdPf/WR76Rt9kh+btoSSEaIrrW+/sqXJHbjt5nNQdte24d2zHA0ZPoek5/fQwV7Y/YvhddQWJSjm8XDTHxwK56fm2hNw7OTtssNifabZXoR7S+pb0ra+FqqyuXr+mQ8B27EA0BRWR22CFv5y+iTtP60/rT2tP60/gSxbXkuU8dMZSYWygKTVETZUvQep0PWl0WDm9ncRyysgd46mI1LEARhiR1OO8j35iHs3/ySsDerGVh81VY2FyfZW/SwE68nZqQTnz/0ZQ8v5vj9frPyU5LP54Pf70/ZB/I+n0/Srq2FeQOQs6+Ur2fh4OHvpmz+Pee+KGmlkfns66aljwDg8tIAytezULyjRhFZrGR4MWpjJ0NMZDmC0LUpxDt/JzgVaJzED/sHUeaVM8BkF+XAGw7jQFV8X4w6KYMkipczwByy1QcvsfjKCk0lFq204la8W2jFFSaoWM3e4jTeDhcuyhLC0PQ0WqqrbWeDmQmF4sogMxMKYWh6WjWHeLh8SS4ZNj4+g/r6KtvZYOYXwnFlkJlfCGN8fEY1h3hgEoodeYXR1d6Ms/3DrsTHC5NY7MgvymsgJ8HYkV+U3404JJjJifT9r3azuYnkl7H1GcP9qudqftSW3BKdHzXcbzR2Q3YVfnNtJvY5a6rFyPi0IqHs2dOGlaUwmptqMTwyiaINucSMvJ0FcjaXKqBoo7Te1OwCVpcj8FWVIhQQnxdujr+6HFFlglGuCQ3GZ5IJk0+Ua3mNhKIVVrQw4UW7jS9ZlMjxtwr53jxEpVhZgGVpEWW9+enoP0qXBt6PEYFYhhdte74/EUW5zjKwTV8dQfWuzfNh/4F9uHjhMirL5N8LM/HB7XgrMMlEL6OKlf0l9U1C2QTYlGDYfia/JGv87fAcZiCiL2wf3WLHQ+tP609rT+tP608QBEEkE62koZcJRXTf6HGTpu+SJB6DCDPJxSzWaHuThblRlhiCIExxLMAkQh7xljc7FmCc8PlDX/Zk4pOpFV5SLfZwc5HY/IxItfCihc2FlUIyE0fK17NQ5W1Ji7kX7CxAAVpQBVnGMZt/R9uNuDTwvlwC6fSSY4klESwciSpzFdHdtyg1+1pxfnCzDJLbEku88ecHx9Hsa0V336JktwyS8vsU0M+sY0VUcRpvBauZVrSiil1xJZ74D+Yj2F1uLpEde/xx6Quf+xwA4Eh7u3xu9fdblllY1ph4yycNTU8r4wJyJppjjz8uWS2D1HX0Aenhh44BADo75KxDvZcGLcssLGtMvOWTxsdnlHEBORNN19EHJLtlkMwklFde7k5pvBnaTC5a1hfWnMcbSJFuZoKpratLWKyTvhlj6zMq0YQXUET7RZhJLVbbmI2t3c8jXbuO4vI81NY1YGUpjLVo/BkWQ+FV5Wc0ugpfVakixCRj/JjrU8H4fGaVhtbNbHVerzcmnu03ysYSD7z4Ynv8o+rrp6+/8iUpXbPAMPHESDixg14/HW034qej/yiUXOyObZadRnv9+kykT8m0oicu7D+wD9NXR+IWH+KNZ+WZrKxBsiQY1jbZ41sl3Z7DbcZJZNYX0Sdp/Wn9ae1p/Wn9M4q+DJ2zfKGZs3M842afs3Mca8v1ol1H9jScSLfpHtnTcCLOMkipzGLyHIBPbuVfXI/HE3N8epljRG2Fn0EkMT5JWW5E0ogdScToTZRIDEmECLIYx5zcxqzfpgQeP0EQW4wdbnbWeX14I5tLs6N+EiW/1JXcBSy+Kmep2WKkOtuLEUW5xaYfZKe63JGdufWc+2JMynZtuaN0Qju3meAQtiJH9pZ4uvsWJSa/AFDKD8UrsrgVf6i1HoGgPEe9tgUFBYhENgWSgvxcRFaiKV3TgvzcmDkawQSTeEoOJRIr4kvM+cRJKPx9M6qKizETCsWdAUY7bnd/f3x/jzkJhb9vRnlpEeYXwnFngNGO23tpMK75m8knH7nniKHEkuh4M4zkFUDO7GIkwViJh8HLg135JR4RxSwzi1O5RRQvGtOqYJIqeAmGzwATGBtTtSvJBtbm5jA6Jz93pa2dGBvqR/aOXFydCphfaxWXoKa+BWND/bgWXUdgfhkAkIUdKCypQ2Cw1zDezfG1WBnfLv6ZafAlkGxdM1dVwz8zTe8C42BlUX7d0itF6VY/rPyRVRGGMX3V+LOy6l1NmA1cTlm8FcwkEwCuSTCpGH87PIdbgEz4IvokrT+tP609rT+tf8bRl9Fzz0T5hZHJcyfSFquiylYd34QRzU83+wSMM6TEy2KC5x/vserBizAkwRAEIcTVWii9Wc2YWHw1bQ92IoPlF778UaYRjoZM5RaRVJKO6M1zJjiEyHJEuYkw2meFeOP5eenJLyydffTUXFpmfwGA0u5c1VxFDPvVX7ZnF+U4yuLiZrx2bvHCyhWJYGWOjNo5jbeCVjhpLilWlSxi26ziJN6u/HLqiSc8P/jxj/H9Uy9alk9Y1hdGVXGxofyibS+iu78f3z/1In7w4x/DavYXADh75heep585hZ88/Zpl+YRlfWGUlxYZyi/a9sLrgUuD+MnTr+HpZ07BbvYXAMLSRDxWMrgkMt4MUWkjHisZYIy4GjU+r0WlkZwwOTGhuqV7vzxm2V8ydayYv5G+SqF8kq7jd91+h3IbGxzA2KCcrS4YDKpuAJT9rL1bxDs+Pwd2TZKu2V/4uRldP1klvyQHA/4PcGngfdWN9b/rygp2XVlBWfcg9k2sq/bxtwH/B4YSTb43z5L8wvp/qGAvpq+OoKisDkVldYYSAyuFE3N9lKB4lpnGzvozCUVLUWUtFsdHsDg+ItzPxxtJLlbiEzm+7jVumj6H25STSWh/0kEcrT+tP609rT+tP0E4JM5MK9tuTkT8SJL0nN7NzZg0gZcwEplOsklnTCcw+YVlrGnibukEPy8+u84i/bYRBCEia7scqJH8oi3Nkwmyyb6m/fAV1sRcI3C3tLre8fv9qpJMvsKamPmf7nlMYrd0mrzVeY1IE8otXlHFKdo+IssR1by29Bs3pQRS+v1jA18CyU4cL6FMh8KYDoVRXVwklFOYuMLua9vFE+8UJq7wj0U/ExkfD6eeeMJztucMWqqrY8+z/n6h8CLarmUmFIopp8S2aWmprsbZnjO25BfG2TO/8Fy4fA719bFfxvdeGhQKL6LtWuYXwjHllNg2LfX1Vbhw+Vxc8gujq71ZKKq88nI3fN4K+LwVhpla3Ih3Qm5ji1B0WV9YQ25ji2mZI734q9ECNPsqTMscuS3B6FFbVxdzSxVaASUVQoorc/DW2BuzpR0L/ln3DiLJ4/MiCl+CyOv12hJfzk+PWNqWqPG3EtVFDagualBt42UXANj7gaTIHbuurOD+9c0MYEwgeKhgL/ZNrAOQRRDWXtSf3riqaxXB+wcAWAqvoaisLmZ8PbQCRLLjraCVUJh8wki2BOP2+NvhOdwCnLTY5qTm/kmTtifj2L4dv3ym9ae1p3Of1p8gEk46CSfbWX5JZTaTRIydKGElA0SYEmxKKW4LJHx//DhI0BiJOIatOjeCINIUxyWQNkrvKI97s5qBxVc3SiFtMiHYFg9u9QPIEol/aSojnqjPH/qyx0jM4Z+DjedFSoeSSBvziJmr3++Hz+cD+9h0Pvu6qk3PuS9KBw9/N+Xz7zn3RQnZ6m1sruXrWTHbGKFrU8ByDQp2FiCyHEHBzgIU7BT/x77T/XptIssReR4W5s/IPVaB6OklJQvMzOQkqmprDdcourSEsppdAIChK5dU7a3EW+1j4YhxOaDN8kKtErCaVr+/zb5Ww/JHDG0ZpObKcgzPziuPOxqr4Q8sKRIL/zPmd0+QycVOvKj8UUXJ5sk0t7huetzDiyFFQmGZW/j7vODC73czns8AY3f+Q9PTMZlcWFkiUYYXUXvtftE2UYklUVu7jI/PxGRyYWWJRBleRO21+0XbRCWWRG3jgUksH7nnCIBNeUU5zzckFj1ZxWm8U5jkkl0qZzpg8ot2v17Gl9zGFgz757ArV35dYPLL5muLLMEkS3ZJR3pnV1BWHlSVGYrruSpvlP8ezY86npNoDmPrMwjMewGveXyprxIL/lk0tLRbzqoSDrn3Dy+lvkr5OJI8ftftd+Ds679GQ6tcupHJJzz8/rOv/1rZX5Ofg6mVNaHwUpO/mWlkqK8PR++5z3Ou+y2Jj7c6vh5ff+VLUrpmgfn6K19yTSznBRYcAC5euIwPlxUAZbFtmUBQvatJFcfffybiTib857MHVQKOdnwRTICoLCtQiQ9ux7/hWzGcu1k5ISaZiEoKsXJGTsshpWp8AEl5DtyOl6SMTcwaDyczJI7Wn9af1p7Wn9Y/zcm67y8BAJ57v0qLQRBblGTJKWycNCyDpC0jlIgSSE3cOCUuzxmafhexKZmk8r8DtPKPaN5UCokgiNjrz2QN5Ja0Em8/dSV3ofP68JZ54vxLUyp5R5vFZkM6kXw+X0o+odsYN0Z+YXPVzlcrY8xnX8fpnsekVJVG6jn3Rel0z2OSVmxhc9XOVzT/EWlCKTnEZ2bRZmkxEltE+0WZYlgbvtTRiDQBq/PvaLsRQGwJpKraWkSXlgDIIoqI3MJCBKauIjB1NUZ2sRJvtQ9WAonNVY8je0s8fBaY9fAa1sNrcZ8LTuPPD45bkl/0YHIK+8nEFn77dCgMf2Ap9neNy+QST7wbsLJFTFYRZWXRCi18G6fx8cJKIbHMLtosLSzbC79PlDGGh+1nfWozxvBj2S19pIWVQmKZXbRZWli2F36fKGMMD9vP+tRmjOHHirf0kQgmsWjlFeU8t5gJJt54p7BMLlr5hd9vlAmm2VeBq9GCGPmF32+UCWar8uAjt0gP5lWhszIfgXkvxtbdka6YCOMmTH7prMzHg3lVePCRW3SvbUpbO/HbWT8mJQ9+O+tHQ0s7GlraHc+htLUTpa2dltoBwGp4BqvhmYSNP7WyptwY0fkp3NSxBxUF2agoyMZNHXsQnbcuqpcvzwlvVjEbXzRndk2SCSWQzK6feKbDY5gOjwHYzNSikl84ROIAYzYQEZaaYez9QFJlguHHXQmuYiW4avj+hx2TVn6xOr7T+VuJ3/uBZHj9aiWTihFm8QAcZ4JJxPjhwETSngO34vk5EwRBEAQRN49m8lyl0XfuzZTJW51rOmRecTiHdMgI4ngOqZA53BozVZlZ0iwjTCLlF71+3Sz9UwL9zDKpzLaiN7bRfAmCIAC4kAHGDFHGFm95M4Lzwynph4d9gCqSNNINK2WZmFTiK6zB5ZGLyrFxWVgS/uE8E25U5Y425sVnfhEhyqgyn30dPee+KM1nX8fdB59M+PyZcMOLI2xe89nXMZ99XZg5xWj+uDaF+ezraFquM83kogeTXsziQ9emEM/82RcPpV71v6ZHl+RsMNGlpRgxhe0DoJJm7MTzsVb6AHJwaeB9W1/iZBflKBJLdlGOsE0gmIcy72rc8azE0a4yOUvN1UCubn92KcjPRTU2yxb5ygrhKytUCSt8WSMmuPgDS0pbALbilyJrjue9u7wAa+s7VFlcGKKsLUZt4o3Pyb7m6BhOPfGE59jjj0sA0HXwqJL95cJFWVb4629/G10Hj+LAfllqMMr+wvazzC4/ffltHNjfovR1pL0dFy4O4Qc//rEyttPn4OyZX3i6jj4gAcCBfYeV7C+XL10FADzxne/hwL7D2NchZ18yyv7C9rPMLi+/cA77OnYpfXV2tOLypat4+plTyth25tp7Vj/LxNn+YaG4ovwtD86pJBZtNhen8fzcOrvEIsD4hP61iFGGF+1+UVuzDC/8flFbfm71dc1b8mK2szIfvbNAQ2X8fUTnR4XyCxNrnJRTYvKL+iK2Bgiq5Q4mv/CwxzdsSCh8RhY7YgorUcQklAX/rHB8QJZfGOx+g8vjt1XLn1+cnx7B1MqaIqoUFauvBcKhJUTnp5BbXqPKzgIADa1tShYYJqoYxbPsL/HEz++Uf68Obcz7akB9/ZQJmF0/sdJCouyYez+QgAPqbRcvXEYL93xoGRocQGVZgdJ2/4F9wviWdTmDi5Z8b54iweR783SPyen4yYjvw4rh+icqkwtftshpJhin42uRpZORpD0HTuOHRo1FGYIgCIIgiEym+8rY8SN7Gk6kamwH4elUDuc5AI6EEo/H88lkCR1uyC/pIp+kQUYYJqKMaH4mAr5vlg3GiQRSYmFfqjLBiDK/2D0GgiC2MY4zwJjJI6KMLfFIK077mVh8VS7PtEUwWnedzDCeJM3LoxlXBSuZZVU6YrJGMuQXAGBll6xILnbm3+Rx9oGpVXGmytuCeOevzf4CyFLKzOSkUE7RE1bsxNvtg2WBMaPZp/5P4OyiHEVeWZkLYmUuqNq/qyyKomwPAkHxFyxm8bfvblDkF7O5mD7XBbHPc0F+rmmmlo5GObsIv18kuZjFi+QXNqe5xXXl5iZOM7ZYjY9n/qeeeMJz6oknPGd7ziiZXs72nFEytJztOQMAuHBxKCZLTMybek6eYX2w+O7+fpztOaOM59banj3zC8/ZM7/wXLh8Tsn0cuHyOSVDy4XL5wAAly9djckSo4WXZ1gfLL730iAuXD6njGdnjm7IL4CcyUWbzcVpvJW5uiW/ALHZYOzIL/LrjXE2GKO5xsvkxETMLRk8+9Q7nmdXjbO+jK3P2MoME50fVZVA4mOt9GNlvGdXZ/DsU+94Sn2VSlYUdtPKLzy/nfWrMsI0tLRjYbBXvm2USyoqjn3P39DSvim7BKeUGNH4gCy85BVVKTeGNiOM0/EZTCgBYuUTfhuTX4LBzb+/wWBQkVjM4of6+pBfpJb87MRr58qTztlf7MxRm11lZnpGEUwqywpUWTTsiANW4y8NvI+ZafXvT743T5Ff9N4/iLK/xDN+IuM/7M83fY6sZGKxk8lFK58wSSVV49sl3Z5DgiAIgiCIrU73lbHjejJKIrLEGI1ngeeQXvKLa/NKhsSxleSXNJzTyBYYY1FzY2OOpGAtRwzmRBAEYciOZA/oNGuLm/34/X4U5Yq/OP3R+W9Lnz/05bT/QJulBtf7z0gmpOjBl0hyqy23T9LE2z4+JqTowZdIMmvLtzdqy/ad7nlMNX+78gsAFO+oMRRXWIkkYFNe0SOyHFEyvBi1rfK2ILIcwbyk/hJSNP+VxU3ZQZv9Remv1jitOZ8JJp74ePrg5+2E9fAagteLUKQjr8QTfzWQm5Df9YL8XDTnl2N4dj5mH5+9xR9YUrK/sPsMPtOLNr4gPxcF+e7O3WkGlnQam88Gwwsq/PYD+1tU5ZCqiosxEwopWV8AWXxhogvbJurXbfhsMLygwm/f17FLVQ6pvLQI8wthJesLIIsvTHRh20T92oXPrPL6u5OKhGJVXlH9reEkFqfx2rnpyTp8ZpVh/5wisdiRXxi5jS2KxGJHfmFoJRh+bvEKMLV1ifmvd6f9PvvUO54HH7lF2h2MzbDipCTS2PqMMOOL3nazdnKGmhV84A3i2afe8QDYlEC8NSj1VRrKL1pisrcEp7AQnFIklnBoUcnOwssmqj4046+GZ7Ajr1glvQCIkWDcGt8uWvlFGXpDYjEjv6gIh498yBNvvNH1UybB5n09K8vw/QMPkzd4gSAeccAo/v71VmEWmHjWP57xkxFv5bxxKxMLu6+3P9GZYPTGt0o6P4cEQRAEQRBbHT4bDC+oxJslhu9D1K9NnsuQZWTzjEs0YYKK20KHmyWP0nXhJUl6LoWZYJKVJSURJYmMpJJUyC/QrGWTwXwpAwxBEEISIsD0ZjUDgpJFAFyRX9zsJxMwK38UjoaAoO6H2BIAz0YZJO0H/5KmVJFpmSWuPWur6pMbR7cvOyLM6Z7HpLsPPunpOfdFSSutnO55TEL25mNehtGDlQZicos2swwbRyu/xP0XWppA8ZU85NSsxUgrl5cGwM8fnAxjNv/5pQEAwL5C9Ye3M8EhrE3lIFRvvfxOcEXO478QDKLKQkYWHr48Ua7NWCd9BFcC8OaX6e4f9g+izFsv3JdfoRZ9CtZmcTVQiWH/IA611puOrRfPj833M+wfxJG9hyyvR0VJNlBShLGpsHB/c2W5cj+yIos32hJGWvGFwdpMh8KoLi5ShJfm/HLd+Ygy0pjOH1CyrOwuLwBwDWvr6j83fPkiUZkjvo1ov158Tbm0Mb77r8V6ggqTYC5cHFLKIQ1NT6vEFwBK9hdtP4kUX3j0BBUmwVy+dFUphzQ+PqMSXwAo2V+0/TgRXwBxWSGftwL+oH4mE6N9iYzv7GqPkWBEZYW0mVxiXvdGjV/vzTK5GO0ziq+vaxZKMNqsLVbElERJMUbz0vLgI7dID+ZVAQalj4yEFT2hpSG7StlnR6Qxat9ZmY9O5OPBR26RmAQj/0GbAnw2azcFp4SbFwZ75Wwuvkrr4snG+DvyipGdU5D88TMYdv2UaXNm108m7x9QVV2F2bBazFLKwQwOCAWCcMD4d9Ysvqpa/n30FdbElGLSvn8Qrb/T8RMdb3b9yiiqrHVFQjHabySoJHJ8M9L9OSQIgiAIwjEnM2yuj/IbPI23vJQpk/c03vKSNPrOvfHEGmWCsSPBaPtJRCaZrYxbIoybQkg6yy/8HJMswZRgU8hItASjlV+cyh+iT9BHTB4nmxGdddAeA4kwBEGo2LHVD3Bi8VUA0C1/lO/NA4IbHwJrSHUWGCPxhX0IzOYv2i+QVSSd/QBiyyrxHzT7/X74fL6YuA3hRduHJOrDCCZ2sCwl5etZKlmlHFmqjCzl61lqeYTrQ9WG21e+nqXqF5CFF1VcNmLHcTj/UP0qytezZOHF5fnPBIegnT84+cVs/vklOQDKMBv2I/dYBaKn7YksrDyRlSwvbvSxcEQWPrz5ZRtzj+WpM+clKyILAKWsUQ7CsBqjF8/ua8WbQ631eOrMeemRo4dMX0uYPAIADTX6EgyDz9jCJBa9Ekcsg4wd4pVf2H2+1JBZRhZeaLGzXxZsAOCa4fiJhkkwZ3vO4Auf+1zM/h/8+MdKu3T8W8kkmAuXz+Hhh47F7H/6mVNKu2TM5/V32RdvkyYtE70/Pob9c8BOL6AnquzcEOlMRJZhh/utwsssbpYwMuvLrmij11/v7Ipyv6w8iIbsKkuZWpiwEpj3qmIBIDDvRQAr6KzclFqs9sng+wYQk6XGLjdU+kzFEiah2P57ZiK/sNJIiRrfjLHBAWEWGK/Xi7HBAVR07DGMXwmHca77LUmbBcZqvNH109df+ZKU7mWQvv7KlyT++inXI37/YJXKsoIYgSAcmED1riZU75LLyxhl0BDFq96TLE1ZXv/nswdx/3qr4/ETGf+Gb8X0+hWAKvuKGxKK3f3JGl+PdH4OCYIgCIIgCBmrEkyCZJdPwmIWGD0BwqrA4TQecWZ/MZuL0/k7IRPkF36uKZBgAFnGSJQEw8svbsgevPwyonM/XRgxWRd2PCTBEASh4FiAKcotFsojLAsMg2WDYUKKKDvMBNde20YbJ+pHG6/MQwdeIslHnrCuPC+hMBmGbePlGK2sItpnJ96IfU37VR8Ma/9zk5VF0sonPp9P+Y9KdqxWBRW+HS/BMDHGKr7CGjlO88G2SNTQbtMKIXpxIvh2vETCxJJ44GMzdf6A/CVCR8mNuDTwvm4WmMJiWZz4oPcy6po3v9yLLi1ZElf04u32sYApdLTdaNp2PbymCCk85wfH0exr1WyVf3+GB+XMLethOT19IuLtwgSUSCRiPcaFMkYNNUUAIBRItBle7LIpqRTgg3n5uJjEwvZNzau/R+TlmYqSbLw9FFbFxTN+IuQYJrewkkaifekMk1tYSSPRPjepqfomrq18I2b77TfXIpMxKltEuAsrgfRg5ebfld5ZAOXWSxUF5jfLJ7HYwLwXh/fKQsS5vivorKyyPTdt3wDw7OoMVNlfbGBFfmEs+GdR2trpWhaW9bWIJfklnvHPT29+hhEOLaGoWH0NEg7JUmfX7Xfg7Ou/VpUrYvJK1+13IDo/ZRjfsncvhvr6VPvsxLO5Hqre/Ccj/vopE9BeP+m9f9Buf8O3opRB4tEKBNW7Ntdm/4F9tgQEs/JHovcP2vV3Mn4y4s2uX7Wlh8Kzk0mVYJI9PiOZz4Hb8QRBEARBENsVJreIRJgkZHnRlRo8HvO3206liBSW10mL8QlDmFCSqJJBfDkgt2WPJoPx0okmg/kSBEGocCzAGMkjKvlEm4nFiqzCtdHGifoxkl20aCUSK2glFSNpRbTPTrzT58QI9iFyPDiJdZN4pQ+34p32kS7z16prellgAlNXsRAMwlepLv/Dt4suLcVsM4vn2/MlkETlkMZvNP997e5blJp9rbgwM4hDRXImFiatDPsHYZSF5cjeQ+juW5SG/eMx2WBYH2bxT505L7GxtON39y1KR/aWGL4Tm1tcFwoafCYWOzKMHdgYTgQRvfnroRVYWHxNuWQYf2tLkXC/3fETRSbILkYkK8uLHnyZIVF5pN6z/cp2/r62jVE8P47deDP4MkOi8kjjE8PKdv6+to1RPD+O3fhUoM304laWGaUEEn/+VOajdxZo2KgqxLLD8NldlL9NGkGFxfIc3rtnQ4LRz97CZ3ph7bR9A8CDeVUxJZBKWzux4J/FDZWbZZB+O7t5TX1DpSwZ25JZglNY2OjbLJaNX2pQhik7p8D18XnxpSY/B8ivUSSUmOuEcvnaUyvBMHmFtTGLb9m7F2deflE6es99HrvxNQCmVtY2561xTdM5CwzL/hLP+4e7b/ooTr/3gm4MEwj2H9gXs8+OgIDdHtx900cxHR6L6xifzx7EQ9gb9/hO528U37fb+LRg5YJEokmyJJhUjQ8AQ6MzGBqdMdhv/vynOp4gCIIgCGK7QiWNtg+ZlP2Fn3MShaFEyy/g+gfckWBKBPNnfWvHSwe05Z9Ex0EQBKGQtBJIWjnFiqwiahNPP2asBFeR780TlgVKN3w+X4y4w+YvOi5A/YG2SPpJdbxRNhQrmVKcxjvtI9Pnv7K4Jv8X7cZ/pl7C+1g4JX/QXer1IrewELmFhSgFDMsj5RYWKhIMAMxMyn1U1dZajhfdB+TSR/x/zrI5q950cYJJmbdeOj8oiywsY0ts5pZYjuwt8Qz7IQWCecJ9ZvHqsVbB5rCnVo61KsEY4aYMIypxZDb+Vt9PJI+pma/A56VsKUR8iOSXmGvG2ZWY7C5mmWFkCWYF5/quKFlgPvAGUbYeFMbGZpFZMZRlmATzre/KcsjYkCxbhUPyZw1FxSUqGWbBPwsEp2yvT6mvUhFpbhCIKExOEY3PyzCJGr8mPzZL2vxO8euBVfU60fH8nK9ej71+SkcJ5uuvfEnSu34yun7PKpbvM/lFLwvMbCAilD8YLa1tGBoc0JVIZgMRRRA5/d4Lylpq5yZ8/6FZ/2cG3sdDBXttj+90/kbxfbs9ptevvIQiwkxCAeCaBJPI8ZdnY5/Du+/6EMKBCRSV6ZfDS/f9BEEQBEEQBEEQWwCRDJOoUk7xoJVfSHohCMIUxwJMJskjDK1Ewn/Aysr5pNuxGJUZMsr4Eo6GgKBxG7ZPVM7ITny847OSPqJyPny5n0TFO+0j0+ev/SAekDPBAMAyoMgwuccqsHBqUpFieKJLS1gIBpU2fB8zFuIZC0ei2Hl6DbmFhVg4ErU1Z14s2VNb5QkE8yRgVdne3bdo+h/Q3X2LkijLC8sOY0WCYW2uTM5Izb5WRX7RztEqFSXZutKGSGDRk2JEbZ2Ovx3iCWI7oM3I4laGFrP+rIxjdy7Prs7gQUHJIiW7CyfBlJUH0TuLGGGFSTD/MvmO3OdGqSVAjh1b3/wpyvTC+nh2dQZ6kg4TT2Kum0KLiozS0NIen3zS2qnKIqMVUdJhfC1TK3L5QL7EECBniplaWVPkE5YFht23G8+ywPhnpuOKN7sW4bOtMBnGihjDt2F9OI03u34yyxjJs/cDCShTbzOTP5bCaygsytHNpMLi9wN4JtJn//2HYP35fu5fb0VhUY4s2HwQ0R2fxTF5hvXhNN7qnIFNScQo04pIQimqrFWVMHIqwSRyfC2nX32Le2T2eWq67ycIgiAIgiAIgtgyMLlkEekhwfDyC4kvBEFYxpUSSIx0lUe087PTlh2LNlZ7jInaX5Rb7Oy5Cca/PnbjnYxvlOHESrkfp/FO+8j0+fMomWAG3gewKbIAwKEv345LA+8rIgsARXw51Ha7HHfsfVV/LL6j7Ubgy1DFMxGGZXhZGHgfy3fnYBnRmPnYQSSr2JFX7O4TtdlTW+VBLSyLM3rYlTfiFV3cGn+rxROJh5UbsrOP3x5PPL8v3ngGKzdkZx+/PZ54fl+88YyrISkjzxsmpfCCybOrM5ysAsALdGJTTvnAGwSuAb+5xpW78AZVbfi2fKki1i+LVfrQxH/gDeKD1aDpHF/rRkoWXk98Sfb4e26I/duulU/YNr5ckhGpjtdeP/Eiyk9H/1G6NPA+tCILy9DS0XZjjLjCHne03Wgarx0v3usndv0eldQyrVZiMZNfpq+OoHpXU9zx8bz/0a7/89mDwMZh7Li/A28MvK9ksWHjPxPpQ0fbjejAjXhmQH39yuI72m4E2mAYj4FY8cXu+tuVUHj5hI9PlgRjd3wRLY1VGBqdQUujfmaudNpvVCqJIAiCIAiCILYqmVj+aCvMPcXwJZ3SgRG4U/aJIIhthEeSnH3+/surP9TtwKo8wki0RGLnPx2J5FA7845rfVktF5SupGL+I5UdGX3+fKrxTz2ZPP9v/MVxiV4FUsdXv3XCQ6uQOv7btx7J6PO/wttl2mZipzdt559lUgoo3Xnsdz/tAeRSSGwbL6wwzPZr25i1NYu3OofXun9p6fxvaGlXlQ4yo7S1Ewv+WVUJIgC4odIXl/ySqPFzsrLRsnezXM3UyppQQAHkLCx8Bha9DDBW44f6+iDKAGMrfvdARv/+5HqMZVlegGFCyUMFezF9dcS2/KLdp41n4ggvjNiZXyYy9u9+ifbynQCAnZXqIl1GEgogiycAdEUTMwnFyv5EjM9KIPXPL+P/eun1jH7+5ufn6fqRIAiCIOy+/7zvLx/duHsyw6b+KABIo+88BgCexlteyqTJS6Pv3JuJ8445jpe+cY5+i1K4/ttcIvF4PJ80acLLIiMbawaPx+P288D3mcisKFr5pYk/tiTTxI2PeI6ZJCiC2L44zgBzeLVIf2fxxr5Vne1azNoJ9le1P6T/l2TX1n8Cf3n1hxlTekrExw9/N6PXf+KD/+TaF7jxfBVZt/vfOrqSevPv/11Kv4D+s7/8j47mf2VyxnD+62G5pEF2UU5c/ZvF76mtcjT/+cBiSs/fb/z3nzua///3C5+2dP40l8gS4vBiSLWNfxxP/F//p//haP4zi4spPf+rSkoczf/5X72U0vnf/7F7Hb+T83krhNv9wTkAwEfuOaIb+8rL3ehqbxbuO9s/bBq/52Znr5/f+dH3pF254i9hr0blL2+bfRW68cP+OTiJ/98+/pCj+f/m3NmUnj+/c7jL0fx/dOwBCQAe5NzmH//+AzHHZLZf28asLePzpzZfP//1lzA8FvH+511dz9KN8kJMMgmHFnFDS7uyP9GZX1IxPhNhGlrbAADvzulnZ5gEMDbonrSS6QKu0T8wGFG9qwmzgcu6+6evjjiKZ6wE5Td9ev+8sG9i3XB8PQEHAC5euKwr8FiNf+hPvuvo+X8S+gKc1UwsZvHxSjDJGB8AXnr6b3D61bfwOzc1qdY7Ec/h9NUR/Oa9Edx914dw78P/ngQWgiAIgkgtjyJzJJhHtRuk0XfuzRSZhMkvAHBkT8OJVM6l+8rYFUfHItH/DxIZQxMAeDwet6WRJq7PRLKoPRbN/RHNthGX107bf5NgLmyelAmGIAhDdtASEETyiCzLX3YW7CxIaux2JV7xxa14u/jK5JJQ/sASpkNhVAtkQb3tbsTbxUxiYeKKtj3b7jSe2Lr4vBWKBCPilZe7DeO72psVCUYvfs/NiZv/rtyIIrGIGPbPJTTeKpMTE8LttXV1SYl3g9zyRgBAdH407jZu9OE2DRvyyIJ/VpFL9DKxlLZ26gomLKbBoE06jq/HUF+fKnMLoBZhgkF17U2v16uIL9q4ob4+VRYaIhY++wuDlTPSCgjTV0dQVFan3NcTGLTxDxXsxTORPlwaeF/JAmOWtdPN8eOJTzRWJJR4yh3xfTqVYJyUW3rp6b8Rbk/Gc6g3NkEQBEEQBEEkCrczgSQbEpBsYSaNxNtnk8t92qEEsnDSpHOsIy6tm17/bHyCIAhbZNESEIR7MEkl2bFE5sPkFXa/urgI06Gwsm06FFbkFX67W/Hx0lxSrCuk8HLL8GJIeczfdxpPZC5d7c2GkovPWyEUXVjmF5+3wlBy6Wpv1o3Xyzxj69z3VRhKKrtyI0JRZdg/h2ZfheN4YlNKcdLejT7cpqGlHb+d9eO3s35MSh7lPhNRGKWtnUrJITMWBnvR0NKuiC3pOP756RHTbSJhpev2O9B1+x0YGxyA17tZdozJL2y/Fm1fVsYnZJiAwFgKryniAQAUldUZZoPRxlu+Viqsga+wxvXx7cYng8XxEcNMK0xCMYrn92uFFivxbo7Pc/rVt3D61bdU25LxHIrGJQiCIAiCIAjCGAslgGjuMvwboBJuW5PDPkVlf5oSdAwlgpuoJFKTS8dn1B8bb1FnXgRBEIYkXYCZWHw1qXEEkQzMsrPw+7VtnMS6RXRpCYXF5SgsLsfMpPq/PbWPExG/ndGTUXiJhbXpaKwGAJXE4jTeDbQyCy+0MFlFtM+teCJzsSvBaMse2ZVg3JJfGHYlFq284jSe2PgbZJKVxUrWFjf6sIOeCMLkExFMQlHEk8FeLAz2otRXiaJi8/f+rL2RiJKs8Y/ec59nqK9P2VeTL2dcOz89orrx+0xfTzgJhpdfrGB1/KG+Phy9575tVz7lmUhfzDYmIOhJClYFBlHfVnBr/Hjj3SIZEopeNpdkSTDaNr9zU5NyA5CU51A7JkEQBEEQBEEQRCLe4sFYzrDyhqTJQf+JxkzysSLE6LVPhuBDEMQ2IuklkOpK7kpqHEEkAzMxRSS9sG1OYt0it7AQgamrAICqWvUH3VW1tYguLSG3sBAzk5Mx+92ITyTr4TUA8ZczchpvBi+j8Flc+Md82SJfWSH8gSXlsdN4J/BZWETlilgbo31O4omtAStXpCem8BIML7/w+8/2Dwv3sRgW76b8opyPvgoM++ewK1ecxYuXWETyitP47YxIShlbnwEANGRXmbY12i7qx00JZmGwV1UWiC85BHhMY7WPWXaWcGjRNMuLqCxR0sdvj21Tvqwjw+XXAACmVtaEu5mgEp2fwk0de5TtFR17EJ2fQm65tXiz8bcjHW034tLA+6oSSFr4rBtaZgMRzAYuG5YNun+9Fc9nDyrljxgrwVV5+blySP6lKQCA18XxncY7xaycEAAUVdY6LkeUTuPzpYkuXriMlta2hD6HQHJKVxEEQRAEYYmTGTbXR/kNnsZbXsqUyXsab3lJGn3nXjrlCCLhiIQUPmuKKHOK3hswbRs+dpEbKxUSjFZUMcoMo3eMIkFmRHB8opJLBEEQtkiaADOx+GqMxOItb0ZwfjghcQSRbjjJ5JKoLDBMTAGg/NRrE11aipFXnMYng+yiHKyH17AeXotLYnEabwWRxOIPLMFXVqiSWNh+JrG4Fe8Up0IKCS3bG15eEYkw/uCcrtzC9vOZYLRtjeQaN+CzsohElqvRAkNxxWk8sQmTVth9rQST7H7MWPDPKrIIL6KUAsIsLDdU+mLkE6WvDQml1Fepir1hQ0wRxSVq/PW1CK6thrAjr1gRY0Rx+UVFGOrrQ8vevYjOy2JDUbH6WiIcWkJ0fgrzO+XfgUPV6s8/zk+PYGplTZFXEhWfW16Dob4+5BcVbdnfH1+hLPowyQQALg28D0CWFLQCgZm4MDQ4gMqyAsvxlwbeV0kw+d48rARXsRJcVUkwiRrfbryb6EkkfOYWNyQUu/Fuji9iKz2HBEEkj1s/8TuJHkIy2e+xEeexOZ6HnuGtvf5v//w39AwTBJGReDyeT0qS9FymzTlNptKk83NE0E7bJtUsah6XmBwjDI5RK78YyUAlmrEXQWWPCIKwSdJKIIkyuFiRWOKNIwjCHD1pRdtmZnJS2NZpfLLILspR5JWVuSBW5oJJjbcCK0/EiykiyUVPXHEaT8QyEwopt1TEO2V+IazcUhFvBW3mFm1JJKvyCyBnd9GWREqm/ALEljSyI7/EE08Yw4ssiYyJl1JfJcaG+hX5BIDy+IZKX1x9asWV3876VaWLEj3+angG11Y3X/PW1yJYX4sIxz985EMeJsEAsfKJdptWXtFuS2Q8k18OH/nQlv1iyr80pZJfGB/256OyrAAXL1xWttkRDwCYxt+/3irsJ9+bp8gvfr8ffr8/IePbjU8E2nJCWmElPDvpuByRnXi3x9eyFZ9DgiC2BFKRNx/8raq1DFWtZcpjyMIEkybY/Zg4TVutnCGM07QXxdH60/oTBEEQmYeozI9IBjFrk2qsyC8lMC+NpC3j1GRzPIIgCEvsSNXA8WZxoewvRKbiJHOL2yWPtPCZXESYZW5xGh8v6V7eyCp8dhZ/YEnJ3sLuM/hML27GO0VUpoht19vPlz9yGu8mWlmlqrg4qfFO0coq5aVFSY23g17ZIlYSid3Xg5dfeHgJJpnyC4OVNGL3ExVPxNKQXeW6wJKo7C/wGpfVGRvqxw0t7YrQckOlDwv+WZS2dsplioJqUaG0tVOYtYWh9MMysvhnXR9/fU3OXrQjT37dy86Rr12YBJOdUyCUYM68/GJGfLmwleQXUXkh1f7F2HJRvEBgRzywE8/GzS01vu5N1PhW4/fempjnhZdIRNlWmISS6EwwiRqfYVdecfs5TNTzRxBExiNtSBDY6ZNfQ8qqsxCYvq7attNXgGV/BOHgigSAiROqNgCw7I+o9rH22piNfarH/DxmBgMszkPrT+tPENsVj0f1K2g1q4flbCWSJNkZ3wzX55dGz0PGZIFJw+wvgLp8kbbET5NOG20fqaLE5n7tMTYJ2mlLKen1u0ivggRBxEPKBJh4JRaSX9x9g5nJb+JO9zwm3X3wyYyc//iVMYTqV1E8nof6PQ0pnQtfosgsS4uorZ34RLC2Kn/hZlViya/wuhrvBtoSRlpxhcHaTIfCqC4uci3eDcyElETvdwsmrMyEQkJ5pbu/HxcuDuFszxkAQNfBoziwvwVH2ttV8awPvX4SBRNW5hfCQnml99IgLl+6iguXzwEADuw7jH0du9DZ0aqKZ33o9ZNoeAlGhNE+QBZf+EwyWoz2uQEvsQjPZ/9cQuOtUltXZ7h/cmLCMM5pfCLgJZh45BWn8VZh2VeMYBIKuw8A4dCiXLbIV6lbjsiITaHF/fGvrYaQVxS7Ztk5BVhfi2A1PCPcT6SGcDQEBPUlmOBKIGYbkwqGBgeEAkI4MGE4pll8cCUAb34ZfIU1MdlofL7NrESJGt9qfEKfFwuZVowkFACOJZhEjs/WcSs/hwRBZCTKN5+8fCFC3l7Aixioai3bfA84uPn3k23XyhiAWrrQkzhYHxt9bmURg9afIAgzPukw5rltPj/XyAQJJo3kF+Utks42rQRTohO3mGZzt7LPrTHcHIcgiG3GDlqC7f3mPhPfxJ3ueUzS3k83ESayHInJ2hJZlkWLEWkCqJe3hepXcXlpAE0e+cvARGd6EcFKFFnJ0iJqayfebZxmbkl15heGr0wWh4yys2ilFf5xvPGJQpTNBbAusTiNd4pIWmHbjrS3o6W6WhFgPnXPrbrSjJlMkyhE0grb1tnRivr6KkWAueejh3WlGTOZxikfuecIXnm52zDLCyDLLr/tj+rsVX8Bd/vNm69DTILRZoHxB+fwkXuOOD/PN7KzWMnkIi2Iz90hzfYWbi1EmWDYWJQZxhin4koixZd40GZrGRvqR1FxiSqbilH2l2SMv74WUTK/CP/e5hTg2mqIJJg0Id+bBxhUc8wvyQFQhtmwH2/4VvBhv/pLI5HAEA5MoHpXE6p3yRk+jEQDbfzz2YMAAG9+GfJLcoSlmBI5vt34RGMl04pof1FlrSKeuCHBJGr87fAcEgSReZ+PFXnzVfIDyzyihW0vq85CWXUhxi+ppQvWz7I/omznRQxAli+02U5YnwAwfmlJ2c7kjfqOQoxfWlJlMsHWkDEM15+tGdtH608Q2+wF+qVvuCUysH7cFjfSfX4JIZ0lmDSSX0ostlm00D5TBRCt5EMiC0EQSSUrVQNHgxHhfSLxbywd7E8pvPgSz/5EE1mOKJKLSGQZkSYwPyb+r/35sTlZjEnF7+LSki15paq2FtGlJdvxhcXlKCwux8Swu+UpsotyVCLLenhNKW1kxPnBcZwfHI873i2YvOIrK9TNyiLK2KKVX+KNdxs9ecVsn1vxbqAnq8yEQvj+qRcxND2tbBuansb3T70YU/rISn+JQk9WmV8I4ydPv4bx8c3fwfHxGfzk6ddiSh9Z6c8NPnLPEd1sLl3tzfgfz1/Bb/uj+P379+DP/o/b8Wf/x+34/fv34Pfv34Pbb67F7TfXKttvv7kWr787idff3fxCTpsJxi35RXVeGmRrkRZCkBZCaGlvxofvuAsfvuMutLQ3q2789qH+YQxx68Fkl2H/nK5oQ1hnbH1GVSJJ+ziZmJUg4gmHFoXbxob6TbO4iGDljNwen5U80sNIkJH7XDLcdn469st0flui47ca+d48VfaXleCqUhoJkCWYjrYbdeOZgKBcV+za/Me1/Qf2YTZg/P5OG9/RduOGeCO4Viqsga+wJqHj241PNFYzsTB4+QTYlFz0WBwfsdW/2+Nvh+eQIIi0/UxMdROJEDyyaJEVk5GEL81T1Vqm3IBN0aLIm48ib74iYuz0FejKFzz1HYWq++wxP9ZGH9JWX392/LT+W4K9Gz8fzaA5P6rMfW25HgCk0XfuzZhfODbXjbln1IvFS9/4pIvyC88n4Y604lY/yerXddIwy0pazskCJdjaYghJLwRBpAzXBZiJxVcttcv1FgjvZwq/vPpDib9lyLQ9/Bs0PpU4MqAc0t0Hn/Twkkv5+ubpm47lkJgMw9hX2IZQ/eYXC/z8Q/Wr2FfYZhhvtj1e+FJGDLP7fKkjs3jlA4qpqxi6cgm+ysSWSdIKLSICwTz2++DZuG8r3k34UkVMZgFiyxWxfQX5uarbUmQNS5E1y/H8vlSyu7wAu8s3X/ubS4qTJrjYgZUxAmSR5Y+P3YcLF4eU/RcuDuGPj92nyvZiJMMkG1bGCJBFls88fCcuX7qq7L986So+8/CdqmwvRjJMIjCSYOzQ2dWuygCj/F5tSDCJkF8AOSvLrtwI1oNjQhGmpb0Z9XXNpv3U1zWrMsDw/VPWF5O/Y+WNyC1vNGxjJLqYSTBW+k8ERcXWPicYG+rHDZW+lI5vJr8A+oLM0Xvu84zPypJNOLSkusnrX4OafPnv8vnpEdUNAGryc5BbXpOw+PHZRRy9574t/x++WiGG5w3finA7ExAKBddNVgUGlv0lHtwY30m8K79nLkgoWvmEkSwJJt7xt8pzSBBERqDIFhqBQSVE8IikFz0Jg9/PyxNMsGASBp+pZKevIGaMwPR15SYag2/LZAxkhoRhef2X/REs+yO0/gSxnV+wEyO+aPlkimLTaQzHeDyeT6aDdJIu8yB02eqSD0EQaYrrJZDqSu4SbveWNyM4P6w81ooyfJy2bTrxy6s/lPz+2DTzP/J/W/L5fPj4rj9Iyw/IfT6fMm9efGH3N/ZJPp8Pfr8/7Y6h59wXpfls+Y0nL46w+/PZ13G65zGpfD0LBw9/NyXz1ytfFFmOIHRtCmbzv7w0gPL1LBTvqDEshZSoMkkiqcXovtV4fltVofvyy3p4TSissCwu2n3nB8cBTvYa9g96hv2QDrXWW4p3Eyan+ANL8JUVqmQYtr+jsVr+HQ0soSA/V7evpcgaIitRw3g2RiKyvzSXFGN4MYThxVBcJYyM4qzEJ4qq4uKYEkZne87g1BNPeADg2OOPS3987D7dtqmmvLQopoTRhcvncPbMLzwA0HX0AekzuFO3bTJ45eVu+LwVigSjLYn0+/fvQVFTddz9J0p8IdKP3PJGROdHDdvw5Y0asqssyS+JoNRXiVJfJQDoZnEp9VVazvAyNtSPG1raARiXQ6r1SAkbv2FjfN2/12sRRFY8yBO8xBy95z7PmZdfjPkCoWXvXuU+k1j0n6saDPX1Ib9IHmAlHI4rXjS3rfj7shJcFQovK8FVZBUDK4trqiwwb+D9mFJIs4EI9h/YpztGS2sbhgYHdEvRvOFbUWWZYWNq56ZXEsnp+E7j3SKeckPa/XowCcWoHFEyxl+e3drPIUEQaYuqvE5ZdZYqc4g2A4hWsBDB2uiVSALkrCH8OKyMDkMv8wiwmb2Ebycaa9kfMewnU9e/rLqQ1p8g0ozuK2PHAeDInoYTCX/RSI78wvgk7JccSvf5pQQmnyS7LBJJLwRBEIQRrgkwE4uvxsgvvMiilV96s5rVHXDx6Sq/AIooor9vV9rOW8n+4vf7VRIMf0zpKL8AwMHD31Wyv8xnX1dJJEwsYe1SPdfIcgQFOwsUUaVgZwEK0IL5pQGYzb/K26Lc14ourN9EE11aihFY+G0zk/IH4KzskfaxKD6RGAkqa6sRVRtefmn2tQIAjuwtwVNnznvOD47HSDDaeLepLi5SSTB8qSK2j4krRvKLcs7k5yoSjDZeJNi4AS+t8BKMUfuc7GvK493lBVhb32Eapx0vmTLMT19+G0xy6e6P/TK4u78fR9rbY9qmCy+/cA6feViWXHovxf6nfe+lQXR2tMa0TQZMfgGg/DzbPxwjwcT9ty/B8gvL/sLYlRtxtVRRupY9mpxQl+yrratL6Xyi86OmogovvljZLhrDTRYGezculmsUcSSeckY8Y0P9KCouwQ2VstiiFWFYlhhl7ASNz8Sa9bWIkvWF3S/1Fcjjt8fKMlrR5Fz3W9JQX59KYjGCyS+Hj3zI40b8Vkcv24uyX1COiM8Es/cDCfsP7MMzkT48VBC7xkvhNRQW5ShtmDyjl02GHzMcDQFB4zmaiQ/8+BcvXI4RIJzGu/Z62tNt2iY0Pupov558YrYv0eNvleeQIIjkcej2Q5bb5nlzJF560MsmwuQGkfxSWbH5nmR2blj92iYQIALT1w0lGlF77dhaAWT80lJMH0wUGb+0hCJvPubGQmmX0ZnWX7gm9Essl0Hqg1xa6GSaz/VRbs4ya8v1yNk5Lo2+c6+n8ZaX0nnymVj+KMnyC8OOZJLu80s5yRJhSHwhCIIgrOCaACPK/CISWYTyCyBvE0g06YSVUke/vPpDKU2zwLDsLgA2JRheftl4nJalkFh2FyaLMImEl0fK17PSohSSSFJh2V3M5n95aSCmFJJRv4lAL3sLE11yj8lfxkZPL6kez5xSizCpRiStNPtaMewXp9qXhZhVw/hEwEQVdl+7D4jN/lJQoJGjIhHdvll8oiQYPnOLmZQilzy6FrM9J/sadpcX4IN54zT1Wtkm0bBSRgf2t+D7p17E2Z4zAKBkf2H3jz3+uPQDAF0Hj+LA/hZVyaRUwkoZ7evYhZ88/RouXD4HAEr2F3a/6+gD0tPPAAf2Hca+jl2qkkmJhJdfePhsMIzwyLTqMdvv81ag92zsl/b+oFyKKJnyC4NJMDzjE+rjiY4OYWKnF82+iph9rG/5dSn95JerIfWl0K7i9LhksCOoPLsqZ315MK/K1X7jIjiFhaD85XBDaycAYME/G3d3fNaWG1ralb5KfZVq8SUJ4ze0tGN9bUMkzSkQj2/A4SMf8jCJBYCuyML2awUaJrKwzDJm8YmWX77+ypckAPirj3zHI3qcLuR78xCVYl/bWKaWSwPvAwD6dnvQF5HX7nJdNi4NvK+IMNNXR1C9qwnPRPrkuIFY8YXP/KKlKNf476eZ+MDGZzAJBwA+7M/HbCCizF8k74jiSaBwl3ieQ/45cBpPEMTWhpcvWAYQbRaPwPR1LPsjqpI5gFq6UF6z5oYNx2MChSxLiF9nRNlCrGSc0c6PP46dvgJVWR9af1r/DIGXYAB3RRg3+nxUM1c1nAQDAG6KMG70qYgvbK4OYdlf2P1kZIEhMp9EiTAkvhAEQRB22JGojtO5jJFbaMoHpf21BzYywBiUQGLt0o67Dz7p6Tn3RQnQLyHE2qXj/PcVtmEmOASz+evJL6kmurSkiC7AxpcW3FQvDbyvEmOSmQHGCF5i4bO/PHL0ELr7FpV9G2JMTCmkZEowiSYR2V8YVrKxyPKLeRszCcbqeG7w05ffVqQXQC2+8PDlkFj7roNHU54J5uUXzinSC6AWX3j4ckis/YF9h5OaCSbm76u3QpFYYubLyTH+4JxQoulqb46RaHheebkbe25O3Px35UZwNSo+56OjQ5vnsk6GF6N4FpcMtJldtJlf7MYnA76kkSi7y7OrM3j2qXc8APDgI7dIIgnGrI9EwQSR0g0RxW5GloaWdlUMX5bIinyS6vFF8EKKqEQSYF6iiO2PN94pTHRh108/Hf1Hid2/NPB+2ooweuiJKx1tN+Iye1DXigCADtxoGKOHWXYaO+IDE1/YPAJt8hvgjo3rV7ZfK++Ixpy+OoLZQMSVdeyfX962H0DYlVdEz4GTeIIgth9MfjAqnyMSL4BN+YLtZ49FQoXVkjha8cIo04kols2fL9eT582RVoNrHlp/Wv8MgRdLeOEkXnHlUZ3HJ+OIN08fyYklvHASr7iiklZgX4RxW3oB1OKLaLvbIkyKsr8wrGRZSff5pSVGwoqeHEOSC0EQBOEWCRNgtrr8koFIeqIOnxUmXTnd85iEbPE+PqtKunJ5aQBW5l9F56mrrIfXAMgiy6HWepwfHFcyHB3ZW6K0O7K3BFr5RRtPxE9zSTHW1jfFFa0MYzXzCy++JCMDzIH9ckkyXoKxAssEk2r2dcg1+XgJxtJxb2SCSQYtVeLnkZdXhmbsC09G8guQ2MwwAAzllYmdXkfxQHpmhiHscctHP236AXm7oExQ3DFu9pWk8bXwospPf7qZlZG/Hw/xxH/qU3+Q0V9wpGm2Ssv0jT8pfM6cyg1m8dW7mjAbuOx4/rff/RGEZyd19xdV1uruL6qUMy2axS+O6x9LSX1TSsefEWQDdOs5sBJPEMTWZzUov4/nS/As+yMx5W14YUIrWvDbtI9F2UyMYONYyXhSWdGsK2GISvysBtdQvxrAircRANJCwqD1J3T4WgL7NhVdrr/4947is+77y4RN3oroIg38+g/oFNq+SNLm2x+Px/RlxqpA8pzVMZFgAUdzTM85OCa9/kmqcXb+PUerQBBEJrIjUyY6kYblkTIk8wt8Pp8iv/DZX7j94PZLfr8/rd6w9Zz7oiK/8NlTGHwpoZ5zX5QOHv5u2sw/shxB6NoUrM5/JjiE4h01wnJHkWVZEkhWKSSe3MJCLJzaLIF0aeB97Dwtf6ixfLcsh0RPyRkJStOkBBIQK64caq1HIJgXU+aru28xRn4RxSf8d7VM/jDGH1jCdCgcV2YYVuZILz7efkU0lxQbZmPRSiqs/dr6DuRky19+GMkvevHJkF8AoKW6Gi3V1TiwvwUXLg7h2OOPS0BsJhi2nYkvLdXVaXH+19dXob6+Cvs6duHypavoOvqABMRmgmHbmfhSX596Fc8ogwufHUaU/cUsHkhtBphmX4VpiaNkZYDRy+hiN3OLtp9UZH5hmGVseTCvCg8+covE7sfTB5F6mpubhdtXVlYwNTWFhYUF7Nu3D/n5+bb6dRovgi95dGng/bQvgZQJXLxwOSYDyPTVERSV1Sn3mejAMrs8E+lTyjRdvHAZfbs9qv168VqMMo9YZXF8xFBCCc9OCiUUXiwxiy+pb9KVUFI9PitHZPU5dDueIIjtQzgol99jAsT4pSWVdMGyefBSg578oCdfmLHsj+hmJtHLeiLab5SZxF9ZhSJaf1p/gnARluFFmwmGSiClJZ90KY4kB4IgCGJLkXQBpq7kLmDxVfRmqd9odF4fNhRc0kF++fiuP/D8yP9tyaxNuj3JnNASI8JoJB5POko9TGg53fOYxEQRbekgIPXljyLLkRg5pWBnAbBcg2IAI9IEjObf5KkDdqRGcDEjurSEqg2xZWZDhGGiCxNj2P7oUvqUQBIx7B/EsF8ug8RvK/PWp3ReTH7h7+vJKpFIxFJffPx0KAxALrfktgQDiMsS8bIKv394MaRkgYk3PhlUFctj//Tlt/HHx+7DHx+7D939/Tj2+OMSX/boC5/7HI5sZDf4/qkXlfupprxUfo5ffuEcPvPwnfgM7kTvpUF0HX1A4ssePfzQMXR2tAIAfvL0a8r9hJ/z3gqc7R9GV3uzcH9XezN+239Fvkbo2lzT3rP9KvFFu4+Pf+Xl7phsL6+83K0rztg69zdEll254t/HXbkRjG7cr6/bPMbxiWGV+KLdx8eLSiTplU1KFruK0/O7+tzyRvlv0PyoaVs98cVpvwRhhFZ0IfElfrQCxFJ4TREfAKCorC5GgGCiC4uHzXi3sSuhaLOqWIl3U4Jxe/x4nkM34wmC2PJ4VoNrUp5X/ocWkQTBpAu+pA2/b/ySXEKYZQzREy9YP1q5Q8ROX4FK+JidG9aVLETbtdlHdvoKsJa9A8GRAIq8+SzjSjpkIdk26w8Ac2OhdFt/gnCNI3saTiSq7BHhiE8muE+SYQhXuO1DH7rjrbffHpEkKa50rR6Pp+lDt97a9OZbb/2aVpMgCLtkJWsgb/nmm4e6krvQeX1YdeMFF77txOKrhn0lG1EGFSv70gBV1gu/3x8jv2y0SUtO9zwm8YLLfPb1GPnldM9jKZm/lcwsI9IEisfzoDf/4vE8jEgTpv0nSo6JLi2hsLgchcXlmJmM/SCbF1qqamsV2UX0WCu/iPpLJRuZXqSnzpwHADx15rww+0uyYGJKzOtJWaEiq0yHwhienTftq7AgRzceADoa5cwkbLtbMCGluaRYufH7mMjC7/tgPoK19R1xxyeTT91z6+abf4Hcwm/j26YL93z0sHJfJLfw2/i2SfmbuiHBJAomwTDckl8Yzb4K03JFTmASjPL7kGL5pbauTnVLF5ikYsTY+gzG1mcsb49nDIIgkgcTIPRK3jABIlHxbrA4PqKUFBLBJBS9kkJW4kvqm9J2/K3wHBIEkd6wUjwizISKnb4CobShlSCMWPZHVD9FY8/ODSs3M1gcm8eyP4KSshxUNBRjbiyUbsvv2Q7rv9NXkK7rTxDE1uWTW2QMYhvi8Xia3GhDEARhhaQJMMF59ZuJupK7VDe9tqLML9q+ksnHd/2B5/OHvuzx+Xzgb58/9GVPOmZ/4f92aDcIhJ20nb8ou4u2nFCqMsCYSSkFOwvQ5KlDeUOF7vzLGyrQ5KkT9qXdxoQYN8ktLERg6ioCU1dVMgsgyzGi+1r02lXV1iqPUyHDrIfXsB5Wf/ByqLUezb5WSa/0kVm8mzAZxR+IXVsmsbB2vOCiJbISNY1n2/jHTmByCiAuV8S26e1zGp8MZkIh1U9ALnV07PHHpWOPPy51HTxq2DbVzC+EVT8BudRR19EHpK6jD0gH9h02bJsMmASjJ8K8/u6kKrOLHr1n+/H6u7GvMUyCcVt+Uc5HEwlmqH9YldlFj/GJYQwJ1oBJMKmWXzIBK1laeNnFivhCmV8IIr3hs35omQ1EcPHC5YTGO8WKROIkHoBjCSaR42+F55AgiPSGleHRShDL/ohKhFj2R4RyRWD6ekyZHiY/8PCyxrI/ErNf1K8eRqV3zEoAFXnzkefNkWj9af0Jwi2O7Gk4kejsL557v5rKjCPPudQmIRy6ae9zHo8HG7ekiSkej+eTbFyCiJc333rr1yz7y4bY0mQkuGjbSJI0QtlfCIKIlx2pGjgajCDXWxBz3wxveXNKBRhGusguH9/1B/iR/9u2rl82fkpcaaSMgUkup3sek1hppEyASSz70IbxK2MI1a+iytuCtStjqN/TYBqfqCwwfLkivbJF/HZ2n49j90Xt+P18GaVkkl2Uo0gs2UWbAkmZd9VRvJvwGVmYoOIPLMFXVqgqZ6Tdz2Mn3ldWKBRu4sWpjJKKrC5WYWWQZkIhzIRC+OnLb+PA/hac7TkDADiwvwXfP/WikvmFtU8XWBmk+YUw5hfCePmFc9jXsQsXLp+TX5M6duEnT7+mZH5h7ZOJPziniCnakki/f/8enO0fxuvvTgrlFgCq7Te058aUVDrbP5wQ8YXBiynakkiNVTtwNVqAoX6x3AJAtd1TWhxTUulqtIDEF7O/ZRYklYbsKl3hpSG7ynH/CSGJVznf+9F3lA/q/+TzX/JYacdjFOPm+PIVLJ3zBHDxwmW0tLbp7h8aHEBlWYHSlpXKcSveTRJVzojP3OK0HFIixt9KzyFBEJkFnxlk2b+ZbYSV3dFmHuHbaSUNrRChJ17wZYCsZjHRy0oSmL6u9MfGy/PmYG4shF0HqxTphNaf1p8giC3FJ1M0JpVDIgAAt33oQ/xHMnfw+zyASFK5AwDeevtt9kaQiS9NHo8H2rJITH7h2wDAh269lW2LGUPSzAPAr9kHSm++9RY9aQSxzUmZAMMLL1blFwBpIb+kG58/9OV4wjJa301Vthc34IUXK/JLQn8PdaQXI2YmJ2NKHmm3accw2p8MeHFlZS4IAMiv8CYt3godjdXwB5YUcQWA6r5IknEznjCnqrgYf3zsPlWGl5bqaqUEkjbzC/84HcSY8tIifObhO1UZXurrq5QSSNrML/zjRIkxvPwCbGaDYRILk1duv9k8liGKTxTarCzNvgqVBKPIKzoCiyirizCecAWt6GImvqQjbgoofF8Hb/hQzHZtn9/70Xckvp2oLzvzsDs+z8qKtS8WrLZLVDyRGOyIDwBQWVagEiCcxicCtyUUbdkitj9ZEozZ+FvxOSQIIj1hZXiKvPlCOYKXLbRZRNg2fjsTLrSSBh/DBIgib76wTVl1oao/FlffIW8XiRda0YOXL9JRuMjz5khF3nylNBCtP0EQZnju/epz0kvfSLbk8ZzNtqmaXypLEpEEQ5jCRJQNEUaRUt56+21gU2oBgBIAi9BIMBr5RWnD+vjQrbeC6/fXvPiytLRUAgCFhYWL9EwQBMGzg5aAINIfN7O+iOAzupi1YyWN+Aww2m1aEiW/sNJE8WZmcRrvFryYwkss7D6Dl1jcjHfK8GJImMWFlTcS7Wf73Ih3Ez1pxYrAImqTbPFFT1qxIrCI2iQyI4yewMIkmHjh45MpvzCYBMPuJyqe0IdleolXcHEanyicCChf/fqTEgB8468e85j1xbZ/70ffkVh/Ru31YtiYPPGOr2Vqakp3LgsLC0obdl9LaWmpo/gjRz5Gv2gpxI74wGAChBvxe29NzHG5JaGw+3r7Ey3BmI1vV15x+zlM1PNHEER6I5IitOICLzUwtJk+WDstIhkiHFwRShjjl5aE4geTLIyynJRVZ6mkDREbY0qrwTUPrT+tP0FkEkmWYJ6LMyad50cQSeVtWXDBrbfeyv7bnmV9ETUv4X4qEswGTTptwPfHRBgPgPDSUklvb+8igMXOzs4SejYIgtBCAgxBbHP4EkVmEoxZuaRUsLYqf/BgVWLRZm5xGu8G2uwsWnGFwdpMh8KoLi5yLd4NzISURO93C23JI34b3+Z7X/uaYT8sdiYUSqoEoy15xG/j2/yHv/m3hv2w2PmFcErKIvm8FbqCDCDLM1bi9TCLdwovsQjPZ/9cQuOtUltXZ7h/cmLCMM5pfCLgyxyNrc/YllicxicKpwLKrqZ65F4fVbY9ZNCX8relpMlQQtGDjdG2ax3RrMbNa4gkjc+jFV30hJZExROJYWhwQChAhAMThnFMinAa7xQjiQSQs6e4IaEY7U/l+JUHCjL+OSQIIv3J8+ZgNbiGXQercLVnBnle+f0+kyKYKMFLEnoZRERSBo9IyFBelzT9a8vw8OV0GLxgIepbjpWlEDbX1eAaKhqKlZh0yUpC608QhF2SJME85zA2nedHWESSpJh19ng8n9zCh5ywc/dtsfACbAotou1KlhedtvzjRSBGrFEEGcr+QhCECNcFmInFV1FXclfS4ggi3YgsRxxlbHEabxenJYpSWeLIaeaWVGd+YbCSREbZWbTSCv843vhEIcrmAliXWJzGO0UrrdiVWJzGO0UrrdiVWJzGW+Uj9xzBKy9360ouehKMPziHj9xzBAAcxzs6zzckFb0sLXr7+W1O4wk1vLziZp+plmD0yh7poSegRLMasWvjo4VnXvgNWBuRWMPkpYGr2fjq15+U2gD0/PYtVJc06QpMPb99CwNXs7GrqV4eD7L0wsZ2NP6u9ZjsNjU1NQDkMkX5+fkx20XU1NTg8uXLrsQTqaOyLFagCAcmUL2rCdW75PI4RqKD03in6Eko2hJCTiUUu/uTNf5WeA4JgshseCkiHFyJkTJE7UR96G3j+xbBZxgpq85SSvLwmUaMpA4rsCwk7HEqspHoHQOtP0EQZnju/epzAJAAEeY5l/tJ1/kRBojEF+2+LS7CuMGvAdxxy+HDeOfcOdF+KxlZ+CwvJRbaQtB+8ZbDh/k5EQRBKGS53WG8EgvJL0QmE1mOILIs/4dIPPKK03gnsBJGZhQWl6OwuBwTwzOuxjsluyhHJbKsh9eU0kbJiHcKk1d8ZYW6WVlEGVu08ku88W6jJ6+Y7XMr3g1EGV+SGe8UUcaXZMbb4SP3HDHMxqLN5KKVV5zGOz7fTTK1aPdr5RWn8YQx8Ygr6Vz2qOe3b+lm1WH7mYCyq6ke0axG5F4fVSQUHiapDFzNjumTPX7z4hjadq2jbdc6qkuaUF3ShOnFEeEcJicmVPKLGfGMLxKBmLjCJBbtT+19t+OJ1MEECOW6ZtfmP47tP7APs4FIQuOdos2Uoi09FJ6dRFGl/vU1k1Cs9p9u47PngM/YkmnPIUEQ6UueN0cq8uZj18HN67rVoPF7fD1ZggkaRm35x1phYzW4hrkx8T9yVFY0KzeAyRjGH9MGpq8rogaffWRlcjambZE3X7nleXOkZK+/ct13sIrWP4nrTxBbCc+9X32OyTAOeQ6JkUvc6tesn1SKMVtKyjGSX+Jpl0Fr7/bx3KGzvQTW5BfX2i8vL5eYzIkgiG2KawLMxOKrMdu85c0JiyOIdIYXWkT7Eh1vB1bOKLq0WTKHv6+80Z+6iqErl+CrLHQ13m20Qkuy4+3ClypiMgsQW65ItM+NeIJINVYlFj15xWm8U6xKLHryitN4YhNeXnEisrjVj5u4JaDwQkzbrnX5b8JGn+wGbMongFxeqbauDrV1daguacKbF8fwzAu/Ud349jws84sb42tZWVnBwsKCYZkio5JFTuOJ1MMEiELBdZsdgSLeeKcwSUQrnzCSJcEke/zfvDei3AAk5TnUjkkQxNYjz5sjsRsvQbBSNkzCYCIGL1YwSYFHK2yw9noxIoFjNbiG+tWA7pxn54Y3X882JAxAlKFELGYUefNNx3CaycSN9V/2R5K+/uHgyrZaf4LYBjwH+7JJPDHpPL/nUrTuWwa7UksaSTDxnscJ/R14++23tdlfSlKxQO//9reLBiWYCILYxrhWAkmUwSU4P5ywOIJIJ+xkbRG1dRrvBkxk0d7nt1UVFiYsPl7Ww2tCYYVlcTGTWZzGO4HJKf7AEnxlhSqZhe3vaPz/s3fm8U1Vef//3BZouq9pm65AkZa9KsoqoCDg0oIs/gbURxQURxlAh3FGncdtxmUcNxx1REFxRmEecaMdFxCUTTYVyt4ipU2bNk33plsKbe/vj5tzcu7NTZo2SRc479crr9zlnHtvTtabvPP5xgCArA1Jb3G3vycZGBqMwrp6FNbVd6mEkbv9OX2XH3YewjVDBuKnc9J7f2dLFrnb310KK6uQOKAZbWYDii/4d7pkkbv9L2cGREhixYVqW8KJI2FFra2z5WrbcdS2O2AFkP0nDcBJg12blMQ2XFAsY+UTqK4rQX6xL/KLDfbbUulrqtMjJdG23cRgW5p7cb2IAe1FTvfp7v5Z2FQWVmIh00ReCQsLUxVZ3O3P6XkqapoxcnSaw/WDBqeg4Hy+w1I47vb3BB1JKkRCcVSOCIBHyiF15/5vmDYBDTWlVEbx9n1IUmZumDaBP2k4nEsQkqyhViqnqbIZ8SMCaQJIZIJ0nskmgviFyM/3iXgR31KDEnO4rE1HpXWU27YYK4AI+69dS041In6E9N0IK2EQ2FI8ahCphxxbiTkcoan9UfLTecRfM9hOumDmRU+X4nFl/MltutzHv8FsEQHwUkgcThcQRVmIUnYP778jPHp8V6WnKbfdXaV5Lmv5he3Xi8ohKe9/5W3K6I77T+hdSSu0jJL1DXYKeCkkDodjpZ+3NhwSMbBLIktX+3E4vYHmpmb4B/irSipknTf7e4ILjY2qAkt39e8szgSViy3NHbZxt787xAQHySQWtlQRWUfEFTXBxd3+noCVVViJpaP2pI27/Tl9GyKvAKDXP50rpBKLq/JLV/u7C5FXCIkDmmXCiqvyS1f7cyQGRCQ5lVKIuOLtbXQH7gooyjQWwJeWGCKSjbG0FKY6PU1qMZYKMgHngk+SbL/08RssAJBSapT7cnf/pjo97r9rpcMfDEiSC5FVWKGFFVksFotX+nO6n47Eh8aGiwgM6o+Ro9Nw8niunUDhbn9PQiQRR5KJIwklSKujYoknJJju2v/3uw5YZRTnaSyeug8bmD/mf7/rAK6asZo/gTicSwQ2bYSVDpoqmxEQ5U9FhdGzYnF8WxkS06PRVNkMv5D+VLRgU0kASZpIUUgT7Ho1CUOZVkK3EdEPJX7hVPwgxxgQ5Y8aUzs9PlYSUUJkjZJTjbLbpDyGqIpyBF0zuFeOv3KZX0h/1OWVIiWiH0rM4Q7H32KsQGhqXKfGn932pT7+HA7nsqU7JJhsPsy9ggwVcafLpbK8LPKE8ruLw+H0Nny8teGuSixcfuH0ZZwJKq7IK+729wTuyivdKb84wzeoP/r7+fdYf1chogorr7DrAFuZI7aMkaf6uwsronQkpShlF0/05/RdWHmF5ZohA10qWeRuf7cf+wp5hUAkls7KL53tz+l8Eotae09sw5vcf9dKIefMAfkxWAUUpYSSGCwgJjRZVmbIpfchRj4BpLSZ9GETZGWXDueVgByHmvyiPL5OvQ+6sH9nEGFFWbqISCxEbPFWf07305H4YCrWy0riKEvpuNvfG9SV6DssN8SuZ+UT0t/dckjdtf9BSR2XlvP0fUhwZd8cDqdvoCZfkHI7BEflZ1rMF6kUEd9Sg/iWGiktxPG+YDFWoMV8EVWGeirNkAvpT5JKQlPjkF/dKtsGeyykpE5AlD+VMRyljgRE+VP5gr4mM6WACJYU2+cvMgYBUf6yffXk+LPTQSEaxF8zGPnVrbLxV6bB8PHncDgch3ijtE13lozqVtwtZdRLSiH1FqYAwAF5yaGell9CFcc0hd9NHA4H8GICDIfD4fQ07ia3eLP8EYsrJYmcpbe4299dOpvGomzvbn9O3yQ2+iUAb6uuY0saqfHDzkNOt+1K/6FXee+2JQ5oRvEFx19yFlZWebW/p2ClhJ7o7wquCCkdtfHENrzJ/XetFN78+EuRSC2uCCjOBBiyLr9YSl/RxcXBWFpqd5+R6eJ6EcX6Ekwcqf7jdnG9KDuuxGABpjo4TKPpyv5X3DHX7kaXlZXRaSKvKCUW5TJP9uf0HB2JDzGJyap9TMV6l8SJjvp7C1eTWEhbR/29nQTj7v7n/OlZ7PjkyW6/DwHgvj99jPn3/4M/iTicSwgiFkiigZTUwVJjakd4jA9NgQFspZAAIL+6FSkR/aQ0EoCmj+RXt0LDeIEkiSS+pca6TiuV6fELtzumoBAN6gBUaqMBJp2ELQnUEaxEwQomSliZR5lQora9nhr/8Bgf1JjaZccYmhqHfGtaS0pEPzpNxj80NU42/iTZhcgtdFqR2HM5jf9lxNOK6z6FmL/nbgAQUqZ8yO9KTmc5kpMLQXD6HYCzMjid6cfhdERvlF9kHDh4EBPGjyfHykshcTiXOW4LML/4NThdbzG3AAA0IX4ubS9PfxapyUPt+utr9HQ52+amDsqnzl+/Svxs2VonjUS3bn9r6zmHG2ix2PKWW5vqpAEPCIWfJtylbXdH/379hvRs/Vlm768ff0wEgNWjX1A9pq37T4gAMGfiKNX1HfV/o8giAsDKJE2X+ld9/oUIAJHzbqPry38ucOvmR4cMcqt/zi+/c+sB/OCf/tGn6w8H+bp3+MXN7U438NJ3L4if37c282BhmepJQWl5hUvj39Amqh5rRLh7nxH/+PdNwuL/vVLc9JejAgAs/t8rxWhdCMqNZgAAWU7WkWl2uTus3/BFn378RIeGCh2cRAIAFry4UPz0T1t6421165iyPt3c6dePerP0XhIc4v75zZy7kwXgbw7XO/NTXJFX3O3fESvvur9PP/6vvfqaPn38d335VZ8+/k6/X3lAQOlMKoy7qEk43bl/Z7ib5sLTYHqe1PEPCY7XOevnyrbd6+8KnpJQnPV3tP3esP/q6moBgMNSRJ6+D1PHA1MWkn2v5k8gDucSgKSPsPKFElJyhyUxPVq2nmXauIH4OKeuo/2ixBwOjU4qz6MmXpByPESYIakk5HiIIOJIqlCTKJTzQSEaVBmkP4WwMo9af5JsYm0v9OT4K4+RiCpk/HGo0Pn7JyPMKBNeyLiwbXvb+PuF9Bf4s5fTUxw6azjrTn9xx9/cKp0izPijW/tXfHfnccFDFEWvjr8r3z12gQx3b/flgKfSW0RRzPZyCaFejfUxTE7ykrvzPujsuB84eFBPjtnbz20Oh9O78XoCjKviCyCJLZlZycjKlAQXIrrk6c/i/uaFQK61nf9ZO1FGjfnrV4mZM4e5IMG4R2trAPr1a7KbJ6JJi6UG/QKkHwuJiMJKKMr+T6x8FQCQlBSA5Wse6HR/5f7Z7d1572y7/o7444MPiqTfQ3962asnaq8ff0xsqLDQaaWEsnX/CfGGkbZppQTTUf83iizi5MCL1mmISgmmo/5Vn38hDpgxhE6zEgxLta90chvR5n51sRK9iAitdEzVFdKJfITW0m2lkC4lHAkoAFBTU2O37KYrh2XMe29V1l8zngTeQ9b4gbGZ3xw9I/uwFh4e7vK+OzoGNSJDfaXHW12bwzZEaiESTLQuBAAQrQvB6w/ulu2MiDGekl88xZp//pZOH//8iAgAo+ddJTtG5fJXHnzH4x9g1SSXBS8uFAFg2cLfA1ZbsrtFmMeffVFMjrE91oL6S7f7jnsf6JH7MTgkFPXmOirCcDic3olSQGGn84t96XT6sAkAnKf1JAYLKHayL7VEGlbCUdKV/SsZOHCgaluLxYKysjLU1tYiLS0NGo2mU+Pmbn8Ox6XPhhVGtyWUriS9sNvs6f1zOByOp2DlC2XCiCvEXzMY+T+dR+V56Tu1Sm006vJKEX/NYOl83CBPH7UYK6SUkoh+NP0lv7qVtqfnbYwMQ2ClEPYYSTmdoBCNwxJCbMkdkkTDps+obZfsz5vpI54c/wXjBuLT802y8VeWGiIQCYZc98T4V2qje3z8LyOe7ssHz5Nf3MMN+UbZry+KIRke7sPlGI67sPJLb0p/CQWoV5sMm6zD4XAuY3qsBFJUYKx0ctloix9PTR5K5RcyT+SXAVePpu3u/wV4138L8vRncVOitGz++lX019DPlq0ViPzCMu6RTDFh+CDaxmODyMgnavNKEaa1qQ6tTXUIjBio2h4AnrjtOphP7MK6l9/B8jUPdKq/s+199P63uPPe2bL+auzYul5k+7314hqxMxLM7Bnj6f3x7Y6DTvuR5BXlMkdJLL2tP4HIL2Q6os2HXiuXq9Hc1EzllhK9iPhkAYA0H58sra+u0CA++dJ8MZqxaAp7P7BjT5fv2Lyn089bVkB5Y/ezePyGp2yvCckxQHIM5q9fTffx+X1rM+e9tyrrvrEPyLbz1L/+yLx+vC4AQGl5RYf7D/IVOi2/uMqmvxyVJcC8/uBuYfXbU0WSAEMEmU1/OSoohRhAkk/0x6tEAEgeHUnXs8vUprf88xOP35jjnx8Rx/r3R0JkMDas+168fvkNgnL5l58fEZVyjCdY8OJCkUgu9fo6bPvndoFZhrOlJzAkOQVxCSnAi+h0Gsy6detEAFi+fHmn+j3+7IviyOFp0Om0AACjsQL1VSYAwMfvvyN6QoKpN9d1Os3FE+kvHA7Hc7gioLDSSUpim2y+MyjTZpxBJBzlvtzZP4dzqdDdEoxyWz29fw6Hw+lOSk41In5EIJU1SCoHSe+Iv2awTHBQkynotFXYAACNTkqF8QuxibxsORzAJtCQbShlCEeCh1pbAIoyTJDtS7lNInQ420dPjj873g1mCz61Skjs+LNjrxz/0NQ4VAII1drvszvGn+y3t48/h9MXcTdxxgHsNnu7CJLh5e1yEYbTWZJhk1966xfD5LjqmGPlIgyHcxnj05sOpqNUl+r2cbL5ScOnALAlvWTOHIaURAHz168SDacLcOpMLm077pFMceqswSDtWGHGE7RYamQlh9QgIgxJc2Hbk/67vtoFADCf2IWQUdMwZ0A91r38jsv9laht76P3v7XrT9ixdb24Y+t6cdTY4Xb93npxTYdjNnvGeHH2jPHifz/Zj/9+sh+v/fMzukytPUleaaiwIEirQZBWAzLPiilzJo4SNhRuwobCTbISSK72X5mkEfaUPI89Jc/LSiC52j9y3m10/8r0F2XqS0Sbj6rkwgoyLM1N0kk1m+xCkl/YNiQFpjM42ifL3JcyxLkvZYiOljma9hQzFk3BjEVTxHuWxuKepbGYND0GsEkv4qTpMSDrZiyaIs5YNMXhtr4q/7fdst1VH0lfPvgKuOOGFdCjSrZ+/vrV4n1jH8BfM57EzMRFmPfeqizD6QIk66KhN5YDAK59ODPr3lmP468ZT+K+sQ/IhBlX6Ir8UlXXZpf+EhnqSy+ALfmFbdNRygtbCol+gh0dSaUX/fEqMXl0pPz4ozSy5Wv++Vss/O3tHn8PiJhyGwBg6ZWD8cO67+lxJkRKXyLOTYigaTCegoguRHJ5eM2zmPXbmWK9vg7rt7yCXYe/BADEJaRgaNyoTm9/3bp14tCRIzF++g1UhHEFpfwCADqdFkNHjkRwZAwaLgp4/NkXxY/ff8et8SCJLqqP2+AQBAWH8E9KHE4vorhepBJKR5DyR/nFvpg4MgHzZ16L+TOvRUxoMiaOTHDYz1haCmNpqWyfXYXsu6f2z+H0ZohE4oi6Er3TckOu9A+NT3Yon/T0/jkcDscTlJxqRMmpRplU4aj0DktAlL+sHREklMKFssQNIAkaoalxtD3bh92uMkFE7aL6+qpY32C22O3HpfcZ6zasSShCbx9/V28jH38O59LGS/KLkt5ayiajm44toxePgeceSx4qf+St7fWx49fDJpPUwZa20ptgj4s9Xg6Hc5nSLQkwFnMLAHk5JDb5hYWVYPL0Z3HOUAdYf4uN8DlE26UmD5W2ESFPfBkxLA1ALgynpXanzuTCcLoAU2cNtq4Dsraf6TAB5taJo2Xftv93/3HP1MrVhMuSXNhSRAd2HsOoscPx3bYj+Mc5XyRd+AVAME2A6ai/kl1f7VLd3pIV/w+AtZxSkH0/Ir8AkPVLtY6fI2bPGC++9s/PcEWkDr9WSV9yXhGpw38/2Y9bb5/o1rh1VKKoN/bXN1cjOChMlvqiTIOJdtDXP8CfijGS+CKdaMcnC7KkGFdwljpDuHlJMua+lCF++Wi2MPelDPHmJcn4eqPtM8KgaUFQW+6pz1/3LI3F2UIR5aUXEB03AFcMC8evZ2rEK4ZJj+99+1sQHTcA9yyNxQcbykRHXx6UmzTQR0uCSzJsEseW05/inlELZcsIny17XSASzJT0KzAl/UksOX0P9MZy6E11MJwuwL2zHseU9CugN5bjvZ/foQkwvQU26YXMk+loXQjYVBhncgyRYACbFGO9hnK5N77ACTi1AwBgqKpHpDYMxz8/Is5NiAAANI2YAQCoOvquR/dpTXMRp0yaKSW8AAhODsWQ5BQc3XME0xbOxdnSEyg15GPPj9sxZdLMLqXAVJvKERwZg8effVF8/sk/Oez7+LMv0vuAyC8RMdGy7eh0Wuh0WgRHVuDk6VyPpcGwEPGlod7MPylxOH0YIqCwJYbo9EkDjKWlduWHlPNSiowkXjpKflEmw7DSisPtd2r/HM6lSUdJKgAQpNW5ncTSW/fP4XA4XaHFfFFoMV8UAXnpGaV4QZYFRPnTFBJlW7a/Mr3FUekask1H5XJYIhOCUWWoh19If+k11SpREKmCCBJ+If1lySGkjSNJIzQ1jpb4YUvtKEv1WBH6wvgrx7K3j7/ydnbX+HM4XaH9uxfd6i8If+uW/QuC0J1SRgZ6TxJKRg/vlyfCcDpEFEW9IAiALV2lDr0nDYYVcvTMsXI4nMsYrwgwyvJGmhA/WMwtsJhbZBIMS57+LDKzyGtnC7Iy9VYR5iweNazHS78so213px2z6//ZsrUCSXkBgKmzBmP3tvMg84Akw+zedh6HXs3qUH6ZFOmHBF/pR0dDWzlunThaVJNgGqsL4RcyHH7MHwFaWwNkZYiU83TwA0Jp/wM7d2HaLdNQZSpHUlIAFtw1TzpZi4nGrq+kdc76K/e/b9vXTrc3YfoYmiRDeOvFNSJpB0DWj22jVgqJyC8EIsH8WmXEFZE6mgSjLIe0evQLgrIEUZBWQ9cBzksU9XR/wCa1kLQVIr4oUbYjOJJZyHJS/ggAmpsct2eTaIj0QqYdtVPCprsQKUYpvbCyjCdfN4YOFDB0oB/27W+RLS8vvYDJE/1c2sYNo26A9CnMJrqUmzSIjnEeOfv5fWszDQ8XZN0763EAwL2zHsdT//ojyHxyTCj25PyK97c9j8OvZWVi2etdvp2kJJMnSiJF60Jk16z4okx6YcUXsi4ubjxdRkSX+qoagBk//fEquq6qtBGRcYH0c6+nv8j50lCNsf798XPzRZCyR00jZlAxBgBmJWm9su9SQz6mXTsXuw5/iSmTZqLUkA8AWL/lFVr+iAgynUFvqgFwEsGRMaivMqG8vMxh23Xr1omkndTPJr9Um8rt2ut0WtRXmXDKUOPWbScpMGxpIy6+cDi9E08IKISURCllTE1CIcv3nzQgJdG2D1dKHxFYccbd/b/77zfE++9ayb+94FySOJJI2OQUT0gone3fXfvncDicLr9+KuSE8vP250WsaFFjapdJE2RamUai7OsI5XpHJX4AmwzBpoiQ8jzxLTUoMUt//iGihhLSln5vpZJIwqSNEAQ+/jYJxhPjH99SY7ednhp/DudSo5vlF0JPSzC9JYWFizAcl1CIJcnoHRIMm/oCURR58guHwwHgpRJIlY1ldgkvmhA/Kr9UVlaisrISgCS+EPkl9sZr6SUzKxl5+rMAgCEJoXi0aj0erVqPd/23yPoDUgmk+etXiQnDB2H3tvPIL5a+9CfzRILZve28rL3asbPyy5g/L5W24xuNSZF+dqkwBKXc0tG8Wv88plyTUjph17m6f2fbc0YkkzSg7MeuU+OKSJ1d+gsAKsE4gogoavOulCjq6f765mqHt62+oZZOs+JJR4ksavgH+MM/wB8levVSAI4EG+W+HO3/5iWSgFZzvFG2/OuNerruTKEtCcSDpZCEDzaU4YMN0mtGdNwA2Uoyz7Sh99UHJ7bI2iYjEsmIxPPfP0OXESmGfinRJlIJRXo9WC3Oe29VVsLwQXh/2/PYXryZvn68v+153DvrcehNdXh/2/MAgHnvrcoiJZCU2/I2pCwSKY30+oO7BbWSRqvfnkqXlRvNKDeaqfSi1p5NeKH7KpUeB8pySESI8SQk6WVuQgR+bpa+MCJlj4j8EnBqB6r3fOHxMSUlkOISUnC29ASVXI7uOYJt/9wu1OvrcE4vyTAkBcZR+su6detEZZmj55/8k6A31eD7Xbvw04kzWP+menrQ48++KAZHxtAyR8kx0hdw1aZyVfmFEBwZAwBwVApJ7ZhUtxPSW8u3cjicd//9hgh0vhRQR8kpMaHJ2H/SAMBWdshYWorPth/GZ9sPW+WTNqQPm4CUxDYMaC9yWIIpMViwk2NI+own9h8TmkzHAQAsFovqRYmjdu7253A8jbKckFIYaagwul2OqDP9u3v/HA6H05XvEVrMF1XL1LCX8vM1MjGDlS3iRwTSVJKOCI/xoYKFo/Vq0/T7NGu6TJWhHlWGerSYLyIyIRgWY4X0mcNYgciEYLSYL8rakEt8Sw2VLywpSXbbb6psZkvtCHz87cffYqxwe/wrtdGujj+XXziczryg9Iz8Qsi4zPbb146J08vozYIJl184HA6L2wkwauWNOkNyeDL0NbbXpYYr70PQ0fcAQCp/BEmAIdepyUNRWVmJqsZqREVFgZQ+IpxKFKyiyyCkJAq0FBIRYUYwZXzmr18lfrZM/aTE0FYO/HWDbRpAucptJCksgREDVW9fi0U60WNLFZEyRmz/5WsewLqX38HyNQ+gyvpjZ2RMNNa9/A4tWbTrq10AgGm3TEOLpQYHdkpJONdMAAIjBsrWO9ve8jUP0P0rYdNm2H7s/pXMnjFe/O8n+6noopRgvvzlgEuPhc6WJepN/UnqCyu8kHll2SO1ckgdUV2hYZJgHNcddrZNZ8kvrORCILKLcjlp6+FSSAIAUt6I8uuZGvx6BviRacNyw6gb0NAmIshXwPPfP4PHb3gKAHDHDStsrzGIxMcnz+MWqwfzxu5nsXLqk9bXAKn0UbIuWip5lCiJLtuxGTMTF+H905L08v625/HM//wNyTrpuaA3lmP++tXiC7dICTHkGFzBE8kvSsqNZprwQuSXaF0IFWQ2/eWoTJQh69b887d0G1WljQiK0gAIR1VpIxoqLXQ5SX1pqLRY26iz5p+/xcu//Se9ZpcDkC1jqaqoBRIi0DRiBsZWfYFtRRUw+PdHxJTbZGWRACBiym3AR54rg0RKIAGgSS9D40ZhT/J2zPrtTPHKKVchLiEFpYZ8xCVIZZHUWLdunTh05EgAsCtz5KzkEWk/cngaLXlEMBor7Ja5ysfvvyOeMtSCHNO6devE5cuX8y/hOJw+xrv/fkNMHzYBwAGgvQjF9dIX7krZRC2ZpSMBRRcXh5Q6PZVQCCSZ5YJPEtJT4wFIsoqpTo8B7UW44JPkNA3GlfSZzu5fFxcHU53tc0dZmeM0rdraWtqGTCsJCwtzq/+4cbP4g5PjcViJRC0thUgo3k6C8fb+ORwOx1OQtA4iX7CJICRdhCR1lJ+vQfTgcNn68BjpPJcVJtTSW5RyhbKNUrggSSdE9mDTWyzGCmh0WliMFSgxViAlQv61LEkrIWKGRqel4gWRNvj4d278ybHEXzMYJT+dR0pEP+RXtzocfwAo+Un6AyVZX6mNlt0eDofDcZOMXn5sPAmG4xBBEJJhK4PUm0gWBIFLMBwOh+KREkgNF+oBs7oEExUYa5cGExUVJT/BCIyg00R+IRDpBThrvQaqGqtxf/NCvKvfgs+WrRVYCYYILls3HAJmXotaQwV2bwNNgTllTUbJLxbx2bK1AvC6bH/lIX74RZOAqy0GVE+/AXv37MPVbcAvmgTgosHrdwgroBDhhIguyuXy+ULZPEmAUdueGqT8ESmRNGrscCq+VJnKceLn05h2yzSMGjvcrgxSxozJdDvKtBciwpwqLETGjMmqZZCc4UqJop7sn/Pz70Q18UU23eZcPnGF+GQBJXoREVpp2hXU9uls/2cKqzBoWhCdLtjVQKeHDZQSPwp2NdA2hDsfvUUEgI9e+sruwO589BZRudxZe9gkFzE0XBrnuhoLu1z+2tEmvXY0tInQaYdDjyqaAsNCxBg9qqDTDqcSyuf3rc3Ee8giEgwglT96dcPDwEyg1lAhS4EBAL2pDtuLN+OzZa8LpeUVoqcTYCJDpXIRJOXFGcqSR2yZo3KjVMJGKb+w8/rjVSIpbyR7Ta+0oL6qBrpU6blM0mCI/GJtLyjvTyK4kGty/7Pii/L+/2Hd9+KiO+8HTu1AwKkdCIgMxiwA24oqgI/exawkrSS97PkCPzdfRNVH7+LIsbMeFTnq9XW4ZfFCDI0bBQA4W3oCAHDllKsAgJZDIteOMBorUF9lQnJMuJ0E4yoRMdGoNpXTZBej9YtPRyIMKauUGCxJL3fc+4AAAKcMtUiOCcfZk1L5Jb2pBv987UXxtw87P6Z6s61kakepMJ2tpXrjUik16rsN7pVPE8XuS13icHoSm/ziHQGFbNeaEguyL/qaZk1k0cXF0UvOmQMo1pcgJbGNyjh2+9eXAADmz7y2w9vo6v67ilJ0cSS0eKs/h6NGRxJJR0krzvoDcFuC8fb+ORwOxwOIAOykC0BeVkcJm0QSFKJBjandTp5wlDKijRwIAKioKrRro40ciIqqQqZdIcJjAlFyqhEBUf5ITLelKVdBkmCIhEHEivgUuVgRf430HWbJT+dRotMCCvmF3D5ye5XliPj428afHav4awYjn5FgOhr//J/OIzQ1jh5zLxl/DofTzXggoYYVSvpCygqXYDiOngtK+aU3RIqHwlYGiUswHA6H4rYAownxA8yO1yvlF7X+er0er15VgEe+sy1/9arjVH7J09vkFzL9rn4LXfbZsrXCuEcyRSK5AMCcpeOwdcMhhCVokTB8EC2LdHL7YYQlaHHo1SxB7cPMNbPG4sln38GzTz6Aoq/+I60ITsB1Uybj46/+A0EQMkRRlH0AUKbAtLYG0LJEfppwtLYGALCVKZLma+z6A8CoscPp8lFjhyPvTK5dIosr86PGDsen//5cdXvK/ROI8KKWADPtlmhZGyVEfPm1yiibBoARAwfiVKF0+5b98RVVCWbr/hMiAMyZOIouZ0sUqc2zvFFkEQFgZZKmS/2rPv9CBIDIebd1un9Emw8QFIaINh/Us8uskHSYiDYfVPu2o76hls4TpGQXqcxRc1Mz/APsvyyQxBd/l5+baqWPlMx9KUNUS3Mp2NWAmuONuGql9CM8SYMh8svXG/X48lHbj9ijrgqnsgN7zS4HJPlh1FXhOHFEPYFo53/2LgKA6b+5ztHyzezyIF9BVoLo4+/fpLKLGsmIxD2jFtq+tRHFbEEQMg0PF2TdO+txuvyRpa/h1Q0P09cPUhbp5Abp9ePwa1mZWPY6PQaWzqTB2D0HrfILme5IgmGFF8AmwTgrd6QUZQCpzBGRYJJHR+LkD+ek22JNfCFpMMY8I4Ijw9kvvQQAiB2UhDsfvUWMHZQklBUUsdd0OQCQZWUF8rIcJOVFydJlt2HD+i9kiS/XL79BOPLgWY++EW7753YBgPgVtiA4ORRDklNoGsyeH7djSHIKzunzUa+vQ3ByKBa8uFBkyyCx6S8j0kdYBZYKl1JXPn7/HfGHI7nAcEneJOWOdDotFWoIagkxarCJMkSo0em0+G7nXmz69Etx8YK5dsdExBcivQQFh0j7KCn2aHmkm2+/CQBEdyUYDudyw1sCCklWUconZB0AmYQilSMqtaa2lKhuMyWxzSq2wGP7N9Xpcf9dK2WvG7GxsQCkMkUajcZuuRqxsbHIzc31SH8Op6u4KqF0dn2QVkcFE09IMN7aP4fD4biJ6BfS306+IFIESRVh5Qo1EaLBbLFKC+Gy/moQ+YJMV1QVypY5ahMQ5S87BsCaMJIQjEqzBaHW0zulWMEmxhARQ3b+rCJfMOV3+Pg7GX8yps7Gn4xrLx1/DofTTVyVnuaNzfalEkNcguHIUMgvob3s8Mjx1MEqwYD824rD4Vy2eCQBRpn84qwsUlSg9KUyEWPy9GdxzlCHIQmhyErQ25U9mpo7BqnftSD2xjF4138LJg2fIm1I8b36oVezhHGPZIqAlNoAAGEJWtQaKug8WaYmvxB+2vZz5rKHb83686o/AQAKzhUCAD7+6j/4advPmc7GocVSAz9NOJVf6CCrzPfrF65ahogVTNgElq7MO9penfWfEUGh/Z3er45kFwAwlewXY+InCgCw4rFXMt8Esq64/yUqvpCyR0R+GTFwIOZe/ZJqOaSt+0+IN4y0Tc+ZOEp4/fhjYkOF9KP768cfE1ePfkFwlNjyRpFFnBx40ToNcWWSplP9qz7/QhwwYwidjpx3W6f6Aza5JNk/AtWwj2ytb6gFFEkxBCK8NDc1o0QvIj7Zv9tfCFgJ5uYlyfj4Eal2GEl8IWkwR94wIXy09IXG3JcyRFaCidL6g5VelPu489FbxCit+m0jggsATP/NdZtCwzWIjrW1nf6b6zbt/M/exaSd8B9hM0mBILLJDaNuwMffn6YCygcntshkFz2sgociHYZIMACyXHn9OPxaVqZSgmPxRokj2fNSkRCjTHch16vfniqypZHYtqwEoz9ehaAojUx0GXn9EOiPV6G+qgZAOJJHS2OmP259+VVJjenvF8kKLnb3f1lBkdjfL1L1Nhmq6pEQGYymETNQvUcqgXTk2NnMWwtMWUeOnc28cca1WXPnXI8N679A4DmL6I0vloKTQzFl0kyUGvJxTp+PIckpNPHl6J4juHLKVTiHfCrG4EXIJBhSrogVWFh5hUgy10+apHrspC0ruZDp+ioT6qtMOHk6F8kx4QiOjKHtfzpxBlen2P9YS/qS4yGyjGhWl1KDQ0JRb65DvbkOwSGhaKg302kOh9N78LSAYiwt7bCNWgIL2YdyHZFVXE1t6cz+3/33G6JSgtFoNLBYLLBYLAgLC0Ntba3sGoBs2mKR/zvX3f4cTlfxtITCyifs9rtLguns/jkcDqeLUPkCAC1zw5bTIbBCRfwIWxoIAFlpnOKcciSmR9OyOfEj5NtRihaOlpEEEna9M6nDWSkdNjGG3Ean30X2gPxyKY+/spRTLxp/DufSfXGXvpvtKTnE7jteL8kvHE5ff57qrWJJMiTRpLd9aUxSYPTMsXI4nMsYH29sVBPipyq/OIIkvaQmD6XiCxFhyr47jKBH30PZd4edbmP++lXig6tvxtRZgzFn6TgAQMLwQQCAkTOvxZyl4zBn6Tg8uPpmzF+/ymn9hJ+2/Zz517Uv4q9rX8THX/3HJfkFAFqb6lSllhZLjepylo/e/xYL7prncL1SZOlo3hEL7pqHT//9OQCgoe6ibB0RZ9RKJZFlrFyj/KC47t1HafrLiIHSCSeRX0hZpBEDB8pKJqmhLDnkaFlv6U9KDVX7tqPat90uaYUtiaQ27x/gjxK9iOoKDSK00g8rzU3NNBWGXBOU8+xxkGPpDF9v1MvKHwHAHa8OR/joQNQcb0TBrgbcvCQZNy9JpvLLzUvsf1jTJdq+QGBFF1aIYdsQWPnFOr+4rsaCX8/U4NczNairsWDnf/YuVnRbpNxOMiLx+A1PIchXgB5VMFacptKLHlX4+Ps36TSLIAgZ895blfXM//wN9856HI8sfc3u9eORpa/hkaWv4Zn/+Rvmvbcqy5WTsoY2EZ0tj8QmvrhSAgkAonVSUgdbCgkAXn9wt6BMeiGQ5cmjIwVASnohaS9KscUmv0iiDJm3e42Ks31RxYourBDDtiFcv/wGYVtRBb40VGP7tk+wragCS5fdpr4PbZhX3ggXvLhQHJIspb3EJaRgyqSZACTxhZVcpkyaibgESYyp19tKBf104gzqq0wwGiuoaHL25EnoTTWyNkajlAqj3P/VKbH46cQZAKDbOHvyJM6ePCm9ZlhLGBFYsYYQEiofG9KXbI+USnJGcEioTHjxlvxy8+030XJINy7NEMk0h8NxnZTENkwcmYD5M6+VXSaOTJDek10UUEx1epdlGbv3fZV9dLZckav7V9uuxWKRySkEtkyRs5JF7vbncNz+dq5E71K5oY7WK+UTdvuh8cm9dv8cDofTVUi5GUdiQo2pHTWmzn83EhDlj5JTjSg51Uj7V1QVyuQKMq+8kH3WmNpl7dltq90O5YUtE0QSRpoqm2WpJGpjwcf/8hl/DudSxdmfDb2IbJ9Xpad5U37J6IN3SwZ/ZHIUz1M9bMkqdb3p9Np6refljzgcDsEjCTAWc4uq8KKWBKMsiZSaPJS2I/PAWSrAxN54Lcpekq7PGY4D2GNXFmn++lVi5sxhOHVGiiTfuuEQRs68FimJAjDzWpzcfhigMfC5yJw5DPPXrxI/W7ZWUH7QIj9sOxJeHH0Y6xcQitamOrQ2ScftpwnvUw+E1GHShztWcCHSi7IkEmnLsuKxVwQAGXjsFQDAmy/8Pousm3v1S7Td95+9hof+9LJs3OdMHCWQEkgFQZtAkleCtJIsoUxiUZZLWpmkEd4okmoQt9c+02F/ZbmkyHm3CaQE0r+HHO6wP1suSSmcEPmFFWHY0kgkIYaUQyKqklTeCFArcaQsh8TOK/fTGap92/Hlo9nC3JcyRJLwMmhaEL7eqJcJLmT66416DJoWhGED5QIEW+6IlDdSS3ohy4zF0ngypZE2QyG0qAgvSmSlkJRpLyTl5dlPXsWG259DMiKRX3nBLv0FAOa9tyrrvrEPQG+SnruvbngYI2dei5mJi4CZsL5+SG1nYhHuG/sA8B6y4OI/fDpbEqkj8YVdz6a/sKkuZDk7v+kvRwXl+ouVV0jjxUgu9VU1qCqVEmFIHLFs/6WNJCmGlD+i5Y5IeSO1pBeyrKq0UXn/g6S8TBg9HAeOn4apQBI8nn11Y+ZVY4ZmTRg9HF9u/QHf7Tic+d2Owx597Vvw4kKRCC8EUvboyilXAYB45ZSrqPgSl5CCo3uOkLJJAID1b74uYMVqETiDa0YNQ32VCT+dkKbZNuvffN1u/3fc+4Dw8fvviEAZ6qtMCI6MkSW90Md0TDiVZJJjpPtFmf5yx70PCMq2pB0Au6QYUuaood7s9feYG5dmiDfffhPSYq9AbtmvsnW8LBKHo879d60U3v33G6JaeSDAsYBiquvcuX5npRVP4+r+Y0KTpRQYSCkwGo2Gli5iJRY2uYXMq4ks7vbncDxFV8oNKdc7/BbQhSSWnt4/h8PhdAVWwiDihDK5o6kSstQRNs2DlOHxC+lPU0hIOwJbxoeVKli5g4gRpJ9a6ghpT9oQycJRComj9WrHz8f/8hx/DudSpZuTYOhvPDzxhcPhcDicSw+vlECSnRRdqAfMztso1xEJJjk8Ge9iC85dVQdUHadJMbY2Ep8tWyvMX79KNJwuoMtSEgXbNZFgABgStMgvFqGUX9gPWoCUCqG23OlgBtj+Ld9YLZ2cBUYMhG+/eFkZpNbWAPTr1wQ/jX0ZpCpTuWopI7JcLZ2FZdot01T7KbenZNTY4Tjx82mMGjsco8YOt9vGqLHDAYC2UYwNrGNGxihjxWOvZL75wu+zYq6+DV/+cgAjBg7E95+9hhWPvZK54rFXaB8CkVlePw6nSQBq5ZIAm8zSUX+1ckmAJLMAAI4fdtpfWS5JTTqp9m2nJY8ASUwJDgqzE1XU+pJySErphV3H0lnpRdl37ktS8gIrudQcb7RLhGE5U1iFgl0N+PLRbEGt1FGU1h+VFc12wktlRTN0iRpUVjRTUYaBCC2LOjjszcoFbMoLYJNf7rhhBZ795FUqoGy4/TnVDX5+39pMvIcs9vVjZuIi2zWRYAAYEgqQMHyQ1GfZ604PNMhX6HQCjBqRob5OpZhNfzkqsPILuxyQlz1il2/6y1Fh4W9vF+uraqA/LkkwUmkj62u3NREGAE2FISWSyFP/zkdvsTue/n6RuNhSZSe8XGypAhCIiy1VVJRREjMoBjh+WrbsyLGzmbdOn5j13Y7DmcrXHE9BxJa4hBQAwJDkFJzT52PKpJk4iiM4p7eJL0dxRHUb6998XRr/FatFALhm1DAsX77cZaHDlgIjF2cAeeJLeXkZTXK5OiVWlvyy6dMvxcUL5gpB/UVcM2qYnfgSEhqG1NFjbe/PLogv9WZJDHMnDYbIL45Ii70CX+MbWXsA4EIMh+M9SKkiAMg5I5WndCTaKPs5I+fMAZe309n9O5N7SJKLsnwRWQdIIoujEkbu9udwugJbgshdCaWjckdNFeopcL4DBnTL/rkEw+FwPITQYr4oAoBfSH87CQOwFyIIbJoHoJ7cQeQJVrAoOdUoK8ujFD2U+yHrw2N8aFkftk35+RoEhWhUE0nIsRHxQnmMQSEauyQSa/kdPv49O/78vJXD8SDdJMFk85G+DD40CEKGJ5OFurtMV18/fg6Hw+lp+nlz45oQP6CLfywngksykkFStVjpRYlSaBn3iFacOmsw8otFGE4XIO+TA506IXH1zUVNYgFsMgwRYfpFDLStY2QYtf5PrHwVAJCUFECXnfj5NAB7+UQJEWTYduz2nJVZIhIMmWa3wS4HgJj4iUJHHyJXPPaK8JcnWkQAyN0N/O9zb3Z4H6we/YKgLDdEkljY9Jeu9ifpL13tT9JflKiVHqpvqEVwUBj0zdUIDgpTLY+kRE18cWUd2b8jIcfROgCoOd5IU19uXpKMrzdKz7eCXQ1UgmGXEea+lCEGQSpxBAAnjtRg1FXhVHDZ818jAGl+4YJwbPm0hrZRPNfY2c2dfa1IRiTuGbUQelTJEl6SEYm18//q6omVLPHp/YTns+6d9Ti2F2+G4XQBzm45QNcf7sTrQ2eSXxzhaikkVnBZ/L9XiqvfniqWG810nqxjr+urajref2kj6qtqEBwZTpNiTv5wTnr9Ch6A2EFJAICygiLEDkqigovURoeLLVUYMWkoTv14lrZR8vu3H8h+5cF3MieMHp41d871eOh3f8sEgCcfWZL17KsbM599dWMm21YQBI9JMJ/+aYuw4MWF4tE9R3DL4oWylJev9Fuk57K+Dl/pt8hSXxxBRJj1nTgGkgJz/VVhAIAfjkjiSnS0dP+wwgtgX+6IbEM5LSXL2K/vDMEhoag316HeXOeSBKOUV9jkFwDYcex7JMQkIiQsxKkYw1NhOBx1PCGgEOEkJjSZpq/knDngVERh92uq0yO/2BcxoaWy9BZjaanqck/s39ltJ8IKK66oLXOEu/05nK7Ayi+A60krXZVQOsLb++cSDIfD8SACALSYL4p+If0BQLU8jTKtA7AJDURwIPIISR9Rg6SbsPPK/bDLyTXp40y+IJKG2rabKpvpcVYZ6qlw4kjO4ON/2Yw/h3NZwH7v6sEf7XtSeunL4kEGuDDE4XA4nD5IP2/vwFnyi6v9U0OGdrrfoVezhHGPZIpk2pu3kZQ7cibCtFhqHJZFIsvZdJUnbrsO5hO7sPVCsGrqiiPYpBb2mmzv039/rtqPEVroD6ZqMowz8cXBD9K0/Z//+g+XbsPq0S9Y01wkEYXMA/JySST9pTP92XJJJP2lM/3ZckmR824Tin/+XgRASxoRySXCPwL65mo6XY12rz7PlPtXW6dGzfHGDrd9prAKNccbET46kCbFfPyI9NgIipO+ICBpLsZiC2pKLUhbABjH2OQXAKgpteCKMeGy9p5ErbyRqwKKMvnp8GtZmQCymGm7E7DeACu0sOWQAIDIL2w7pQhDYFNggqI0yqQXVfklODIcgPT4IWkuVaWNqCy8gBGTNNCl2uQXAKgsvABdqk7WnuX3bz+Q/eyD72Q++ciSLLXb+vu3H/Da2H/6py2y17+jOOKS7OJJ1AQVIrCMSAhzuU9n1rtKZ9NflPKKsuzRvu0/YuCYJCTEJAKAbF1HaTEczuVIzpkDiAm1lSZ0R0BxJJmQ7evi4mTpLGQdO58+bALSh9n2yR4TmSbtWcnFnf2T7d5/10oBd0rLy8psiRYkpYUtVaS2jMXd/hxOV1HKL4TukGDOVUt/xBgSEdDt+ycSDIfD4XgSNSmBzLNihrJdi/kiIhOCabuAKH8qQ7D92HQTFqX0oUwacSRqEEjaCSthsNPK/qyEQejm9Bc+/urjz/+wweF4GesfF9lFrsokXNrgcLzznNRbn5PJAOoAhPbwIdVZr/WiKPJ/XHA4HIrg7r/ovyn+0OEGLOYWAF2XYFzpf1PiEqcnG/PXrxLvnDAct41wVIpC7NE7oLX1nAgA615+B6nD0pB3JhdFRU343ZA2hIyaRiUYZ8ktjiCyi7PtdZDk0g2PQNukmnDCYjz1lggAuhEPCb3k7nPK9k8miM21Wsy53yZgbX03U/QPq8DM29UTiba+mymS9p7tr343T73zejqCRHAhJY4A0ASYgl0NdvJL+OhABFW205JHJPXlijHhuH6qBj/stuDXYzW4f6UOuedB17ElkD566Su3Hn91dXUOHwGmphY6XXNBahY+QEBMgO31JDQ01On+v83JFfWmOiyfNU61XWl5RYePQFIGSU3GiYvW9ujzb/btN9LjJ5JLVWkjGiotqK+qgS5VR2WYoCgNIuMCcfKHc1b5BfALbqQlj0jqiy5Vh6FjI3H25yoY84yYesdIVJVa6DplCSR3+rv7+HGFH/cfEMeMGY2gwECP7+uX4jzRR+j8Ztut79tXJ6b26ONHUDl2IrB8/ck3+G5DtkDmDaZiAEBCTCL2bf8Rk2dOomIMEWKO7z6JuLQE/GbmPLz6xhsOSyB5ugQWh9N7P6VLV+/++w3Zg56VR9QElJREW3KYMmVFbRuOUIooHfVhj0VJ+rAJnSq1pLb/++9aKfT2z34cjiscf+d10ZFEAjgvRxSklWTijvorJRRSAkkpwATHJ3XL/lmu+8tr/MdCDofTJa687kq7UwOSQgLIS9eoJXUoBQy/kP50mTOUySCdbV9lqJfOn63HGj1YOp9Wlvwh8+wy5Xb8Qvqz4ovAfDJSvraK8L6cwce/E/iF9MfBrw7zJzLnkuGq9DSvbPdITq5Hj+fosTzAzQQWd/8Q2ddLz3j7D6FCx9+NZvT08ffUfdgbSiCpHcN1112XsW/fvt4gvxDqJk+eHLp3714uvnE4HIr3SyD1UP/X9z0u7s1tRObMYfho+2noax4XV09+vke/bHt028PiS7Psv/BrbZW+gMw7k4sFd83Dq899hH+c80XShV8ABLu1T09t760X18h+bnjoTy93OJbkx/VvP/lOmD1jvPjtjoMCu0x2fx1/TGyosNBppQRjPPWWGBQZTaepBGNtdarqlJSUEDlCUJvvCOPbyyW55sF1gtq8808B0tX+7NvECqP0o5N/WAWC/GMRnZJApZXmWi2Sr06G/hdJTpl5+wGB9Jlzf5awP/s2MfnqZNres/3Ho7lWCwCYc79rJUVqjjdi0LQgKsOcKazCsIFSCkj4aKkG80cvfSXc+egtIgCkDQb2WPvmngd+PVaDKbfqVLedNhg4ccQzz6vGlgsI9BtgN09EF1NTC8IHSDdZEmFaZBKMGuu2HRKTY0IxYZCOzjuSYDoiyFdAoN8AmJpaPFISyZMER4ZT0cWYZ0RVqfTlU1CUBvVVkMkvgC39hZROqq+CEDWwSkpEirN9cVVVaoExz4iR1w9R3W9knAZlBfLHT1f6dwcJCQnw8fHxyrZrLfUI09hekwMG+KHpQkuf/2BhMBXTFBil/EJfAxSpMAAQEhaC9NGj+CczDscBauIIkVt0cXGICbUXUNg0FuV2iLDiKC2GLDfV6V2SVkh6ixps2SP62asT+6fyC4dzCUCSUDqbtMKKJR31d5TEopb80p3753A4nO7CmXhBINMdSRjOpAtl6omyPZEm2PXl52sQPTjcTrKoMbXLJAwyXXKqEQFR/qgy1FNxpDekv/Dx53A4HA6Hn96i9yTAcDgcjox+PbHTqMBYAEBlY5nH+s9fv4oKGtelBYLILyzjHskUE4YPAgB8tmytV79IZ2WXR7c9LAKAmvwCAP36Sf/EW77mAVSZypGUFEATWiJjorHu5Xc6vf9P//15p7dHJBel3PLWi2vE5fe/BAA4ZjyLJ1YtwUN/cr7/2bffKA65OhSJyRrMnjFenHblIMyeMV68ftkQFOstmH37jSKRYEjyC4uaBOOIU1WnxMaCJgQOCqDiCwA0FjThVNUpsSMJxvj2crG4TUSir0DFFwAobhOBt5eLrkgwRDpJvnqsdEKdX4GAuAQAgFbni4ZmYPCICJD/ZAf5x2L7JxNEaX0str6bKWp1vvC11CP56mSv9TeW5GHruxkikWDCRwei5ngjrloZgyNvmHCmsAqAlPxSc7zRLgmGpL84Kp005VYd9vzXCF2iTXzJPW9bT9JfOmLGoil0esfmPU7bsvKL2rxShKm5IKLmggVpYbYvQL7NyaX3u95UB1Z+IRApBgBmp6d1+vUjJsAPjS0XetUbABFZGiotNO2FyC5sm6Ao+VgQcUbJyOuH4OQP5xAZZxNXqkptX3yR9BZHuNvfGyQnJXrtvSJME4xaSz2ddiS/tLfbvpjz8fFBe3u716Qcd2DTXtJir0BO2gk7+YWkvwCSKJMQk4ig2BAUHrOVxdpx7Hv+6YzDUeCugELfi0K9X35EWTJJeYwcDqfzEowyVcWV/u5IKD29fw6Hw3ERocV80eVsuBbzRViMFUiJ6IcSv3C6jMVROR/V1zom6aTD11WmbVCIRlXqCIjyR8mpRjpNiB8RiBpTO00wUZEvhL42/vnVrdDotHb9+9D4czmbw3GCWoqLtxJj+gjZcDPFpIePvW9/WBCEDHeSVPp6go83aGttrZs8eXKoNQWmJyUYLr9wOByH9LsUbsT89atEIrucOpOLvbmNMJwuwKlEASOGSR+uNn9+ElNnDabz89evEr0hwShlFzX5pSMhRq3c0YmfT2PU2OF0GkCH8862BwBBobaoUiK53Hr7RCq3zJ4xXsyYMRmW6BlY++V2AMC0cQNdGodvP/lOmH37jeK5X6T3IBK3/cPnJroekCe/BGmtJ7oqSTC6EQ8JzkokBQ4KQGNBE1KKDACA/KQEBA4KcPl+S/QVUNwmYqBOOsktNDYj0cW0jq3vZopEOgEAX0s9mmu1aCo1ICAuAcERoag41QbES+sAIDgiFKgGGpoliYvIKQGaBK/2BwApJUaSYIjIUrCrAVetjEHBrgYquxBIEgwLEWdIegeBpMAYiy0OxyttsFyKIcxYNEVU+wKHXb5j8x7VO4WUO3KW7BIT4CeTYExNLQgNleQXIruUWiTFSG+qQ7IuGnEaX9p/SvoVdP7bnFyxMxKMMqWmN2GTWcJlsotSciFpMGR5cGQ4/IIbZfc/SXGpKm10uL/IOA2VWpSPn872vxQgEowyDYZAZJe29nYIAL1mpZjeBBFelOQcPyFLd1GmvwTFhqChzEznR08dCQCiozJIHA7HMa4KKGoySkepLB1BJJz8Yl9ZKSbAXuLxxv45nL6EqxIMaduV/kRCCdDGqp8POil35Mn9czgcjheh5wuOZAwijMS31CCfWW4xVsgkDL+Q/nbihZpkwaabsMvU2pG0kMiEYNU+7L4AuXihTCS5lMY/JaIf8o0VIh9/DufyoauljTicyxVPl54SRTHbUzKPb79+eyCXunpCgqHyy+TJk0P5I4bD4Sjx+id5i7kFFrP8X+2VjWUup7+40v+zZWuFrO1nAAAjhqUhhfnD/qkzuTCcLpDJL1nbz8Db8oupZL9I5n8/ciFd70h+WbLi/2Hdy+8gMiaaLiNpLQvumodpt0zDiZ9P48TPpzHtlmkdzi+4a57T7QFAa5NjQXL2jPHic2s3Yvn9L2HV3JlYNXcmpo0biCdWLcG3Ow46HbvZM8aLs2eMF1FdD1RLwoZBbxNflOWPXIGIMg0VFrvEmDXnHpdOoIsMuFD2LS6UfUtFGFdKIN17tfRYGqjzR1SKH6JS/KgI40r6i3+YJL7o4lPRVCrtN/lq6R/WRFgBgPpqaby1Ol86rYtPpeuD/KUvpts0wRg8IsIr/Ul7csyATWYp2NUgS3YhywkkDYYsJ2WQRl0VjppSC5Vaptyqsyt/RISYUVeFI/c8cOJIDT566SsBkNJeZiyaIt6zNBb3LI3FpOkxgK2OtThpegzIuhmLpohsOkxnIYIMkWAAKc3lQIH0xX2cxhfJOttzptTSBr2pTia/HCgwdikBpjdLMHZfBFVa7OaJ9KIkdlASKgsvUCll5PVD7MoXEaEldlASqkotKCsoQmXhBcET/fs67e3taLPKLO3t7bJ5wJb4Qm6sr0/v/wJuxpgbZIJLpanWrrSRUpSJigmj0yQtJi4tATcuzRDB4XBchogj+cW+dutcSZHhcDjdS12Jnkomqp/JHMglrvYHpHJFvXX/HA6H42EElWsBkGSX/OpWpETY/geYEtEPFmOFaDFK34+0mC+qlrZhhQtWmggK0aDBbKHL1Nop5521bapstksmKTnViJJTjXR5L08fERxdOhr/+JYaPv4cziXAkZxcLrpweucbVBfFj55MfxEEwZVLhvXiUntPsXfvXgC9QzxhjiGbP9I5HA6LxxNgSHmi4X6TpQURwPbCj2Ext0AT4udyfyK4aEL8qATjrP91aYF4+/WvMXXWYADA1FmDsXvbeToPSDLM7m3nsWjeSI/e5rryHaLloi1txFSyX3zl5BYAcvmFrGfll8bqQviFDIef9Q8Hu77ahWm3TKPThCpTOV1eZSoHgA7nnW0PAPoF2N6fsnfsw/iMs7hx8dN468U1YsaMyTiYvR4HAYzPWAYAGKMbihsXP43ZM8aLahLM7BnjRQC4fe4sAEC5/izOVTfBoDchITmGSjAsq0e/ICiFFpIEQ5JenJVIuunQHPHlIc8DkFJfUjCbTgcCHZZAuunQHPH9X6THXKHRdqJLEmCMHZRAuunQHPGBHC3K83+GLj4VAXEJaIMkngTEJQCWetRX10Grk36IatMEIyAuGL6WehhL8oBqa5oLQEsWEbzRHwDK839Gc63W6WOayC7sPCu9EGpKLcBVwBVjwrHnv0ZAIb3oEqX78tdjNbhijMPSR+I9S2NxtlBEeekFRMcNwBXDwvHrmRrximFSn337WxAdNwD3LI3FBxvKRPKFQ26tBYn+PrLkF6Vo4kg8CR9gu1v1pjoqugBS2suenF/pPCDJMHtyfnXrtaK3lUBSK2WklF+U0gvbvrLwAmIHAbpUHU7+cM5OWomMkx4vxjwjdKn2P46427+vEzDAD00XWuBrTXipsdQjXBMMAYCm3wA0XbDAx8fHrtxRbyl/ROSU7zZkCzcuzRCtqS3ILfuVJr6wosu+7T8iKDYE+7b/iIFjbKWs0kePQs7xE3Td5JmTqDRjFWd4EgyH4wFyzhxATGiy03QVTySvmOr0SEkELvhIz/MB7UXdun8Op6/hbpKKo/5s2aKu9O+u/XM4HE53oNFpAUDIN1aI0ry0nAgZJZAkGQktFTFI2Ru11BEC21YtwYSkkLSYLzpswyaYqJXncbb/PjL+AgCQ8SfjTq7zq1sB8PHncPoSR4/l2S1z8AO7pwQCl37cvnJMam8dsr5YBumSEgo6WwqpF5Y+yujkOq/ef62trXX9+vVjBZjuTIGpu5QfqxwOxzN49Fe0KRELMNxvsk1+sTJz4B1UXqmsrERlZSVdN8bvZozxuxlTIhZI61XSYTQhfg77A1I5o725jUgYPgi7t51HfrHkS5B5IsHs3iZFVOzNbcT89as89q9yy8UAPPjNJwBswgsLkWEA9bJH/fo10WlSxkg5HRkTjSpTOapM5YiMie5wvqPtqbHrUCGmjRuI5fe/RC/jM5bhYPZ67DpUiGPGsw5LIM2eMV68fe4sTLtyEPYfzcH+ozm07JGynXLZ6tEvCGxZI3aeTX4J0moQpNVALQmmsaAJgYMCUDZ1KMqmDqUlkVyluE1Eoq+AtnIL2sottCSSq0SnjMX5U9WyZWz6CiCJKmRZfXUdTWxx1N4b/c+fqkZ0ylgAwPZPxovKlBfAXn6xk14U7VnRRa30EVlG2uz5rxGjrgq3K38zdKCAyRP9UF4ql0TKSy9g8kQ/DB2o/vu3Um7paF7Jtzm5YnJMKJJjQrEn51eYLdKXJ+lpA2USDJFfkmNC8W1O7iWXSkESXpRCjLJNRWWJbBkrqqiVLiLLSJuTP5xD7KAkRA0cIHqif2+hrqFB3LNvX6eOqcHSbJf4UmN93lpaL6AvPMhuvv0m3Lg0Q7z59pvoMmW5I8CW+BIVE4ag2BAUHiuSLU8fPYqmwBhMxYiKCUPO8RP8UxqH0wUkAaUNF3ySqITC8tn2w53eJilN5Ar5xb6y/bLHYarTd2n/HM6ljitJLJ1JcmHlE7Le3SQYb+6fw+Fwuguxf5BNxqhuBQAkJEkCbkpEP6RE9EN8Sw0sxgpYjBUOU0mqDPWoMtSjxXwR8S3SObSjtiwdrVd9DXYsXzg7ZeyVfyDQ6LSCRqcV8qtbZeM/NT3JrfF3liDjxfHncDgdk9Hd2yIpNOQiijxYmMO8ObootfQx+aU7nn929OvXb4+lublOkQJTB3s5xaOnzuCljzgcjou4LcCQ8kREYHGEcv2UiAWqyzq77/nrV4mZM4eBXKbOGgzD6QLkF4uyUkhEhHlw9c20rSclGABUvHEkw/x+5EKYSvaLgK0cUr+AUDRWF9I2ypJFLER0cXW+o+011MlP/KaNG4gxuqGyZWN0Q7H8/pcwbdxA7DpU6PT2k8SXIREBmHhlOn7/8F2YeGU6TX9JSI5BQnKMqgQD2IswrvDNuK3CmnOPI3CQlMBTt+8M6vZJ5bACBwWgbt8ZnKo6JZ6qOkX3yc5/M26rcO/VZUj0lXare3CdQBJfEn0F6B5cJxjfXi4a315O+7PzD+SItNyRVucLX0u9qnjC4mupR0NzGV1uLMlDmyYYbZpgr/cnSTDJVyfbpcCQhBel4KJs01hoE9C++min8Osx6cueK8aEQ22aTX/Z818jna4ppV8iCB9sKMMHGyTxLTpOLqyQeaYNfYyEDxCQW+v4ywhTUwtMTfISamxazLc5ueKEQTqQy5T0K5CTWwiz5SJCNP1pOyLC/GZ8Gm3bFQmmoU1EQ1vvO/EiUosj+cVR+aNtW3YsNuZJ//bVpeqgNs2mt5z84Rydriy8gG8/+U5wp39vIz4+vkv9wjXBaGckGEAqh6Qsd+QjCLJLb8BgKkZcWoLTNmx5IxZS6ggA0mKvoPOVplrV9jcuzRB5SSTO5cj9d60UPCmgqGEsLXUquZjq9C5JMDlnDiAxWf21UE3GcXX/HM7lgKckFKV8wq7vDgmmq/vncDicbkD0j/KnJ1IanRb51a3YnSPJ+QlJcfSSEtEPoalxiEwIRmRCMJUryIVIL+SanW4xX5QJGkS6IGIHWcaW7wkK0SAgyh8BUVI5brKOJJMEhWi6JG/0VlgRZndOEQxFpZ0ef3Jhx5+IMMrxJ+s8MP48mZTDcZ2MPrLN7iSbH2vPQ8oGdXZdDz6PMnqwv0P27t0Ljb//HkBVRPG0CGMnvihLH5GyTBwOh0NwuwRSw4V6wAwgwvpK1NiE0MAAh+2joqJkoouy7Ri/m2XL9lR/atef5c4Jw/HR9tPInDkMADBiWBoAYOuGQ8DMa1FrqMDubaApMKfOSHUo84tFfLZsrQC87vYgEuGFJb9YBEZK61ISBToP2MohvTTrNaGx4ScRANa9/A4W3DXPbjsL7pqHT//9OZaveaBTx/Tpvz93uj21dSzHjGfl94tuKHahEE+sWgJl+aPZM8aL064cROWXOXfPBwAc2HUC5XppO7fPnYX9R3MwJCIAhk6kX7tSIgkA1px7XJogoSjnpKuXJz9P02FYCaaxoElWHuneq62pQ4fmyPb1/tvLRZIOw0owxW0i8PZy8WRDCPCLHoNHRMjKH7HUVzt+rw+OCEVDSRl8LfUyicVb/QPiEuBrqcf5U9U42RBCPzc0FlYicGCUQ/mlIzmGpLxUlFTDWBxut5xQUVKNKbfqsOe/Rnz10U72cSQAIOWNQEofAcCPO034kWnjSfQm6fZPGCR92R+n8aXlj9LTBkqvQUwKTKmlTepnLMfs9DShtLyiUz/GB/kKvUqAURNeKipLZEkw7HVFZQkGp46060dSWioqS1BVqrNbzm575PVDcPKHc9i2ZcdiABiRGtal/j31xVON2SxWVlbiisGDZfsPDQoSQoOCOr29tvZ2+Pj4IEwTDAAwX2ikywmk5FE786+V3iDAWMsSiTfffhNNciGliwDIyh8RKk21iIoJQ0OZmS4zmIphMBVjxpgbgJlSqaSomDAqzoSEhdCUma8/+YZ/cuNclhBxpaMSQZKAoi6aXPBJouWIiGzibHuskJJf7AtA3+H+84t9kejk921Jginp9P45nEuJjsoBBWl1bpcjcgRZ35P753A4nN4ESYMBIO7OKUJKRD+aCMNiMVbQcj0spG2JqRkJSXEoMTXLpIwSv3DEt9SgxC8c+dWt0Oi0gsVYIaZE9EOJOZyW+LF7LQ7ROEoeEWBLfmGn+/T45xsrxPzqro8/PbcsKpWNv+xzqmfGn8PhuEaGl7fdWTmjN8kcfaEU0mVRTqYXprx483mU4Y37de/evbjuuuuyW1tbp0wYP54uP3DwoFcGhOyjrbW1ToSUQsNfbjkcjiPcFmCCBgTL5p3JL66g7D8lYoGdBENPlEL8cFPiEkFf87j49utfU8kFAOYsHYetGw4hLEGLhOGDaDrLye2HEZagxaJ5Iz02iIbTBUgYPgi/1Y7EiZ9P259kFYt4+6bbAdjKIbGlkPoF9I6krl2HCoFxtvknVi2h08+t3YhVc2fiu01Pkw8H2SRCsLyyVlbuiBVfopOHItr6HeiQiACcq25CeWWtXc1F46m3RADQjXiIjgsRX9hySOw84ZtxWwUAuOnQHJFME05VnRJJOaSUIoN0fyQl0MSYjvob314uknJIA3XSP0EKjc00MWZkkBmDR0Sgzfrjta+lHpHRowEAVeXH6XaCI0Jpm6ZSA4L8Y1FfXYfgiFBmWmrrzf5ElBk8AsCpamzfYy+0NBZWymQX9rqxsBIJmcl02S13TheJ0EKSXRxBZBi1MkkAsPM/excBWPz3pUM2fSuF+ODXMzWYHWjEHzacWwxg0fTfXLdZ2Y+kwKSFSWJUY8sFWvYoJsAPjS3ypBB2fvmsccK6bYdEAEjW2RKSiAQDSKWQSFmknNxCJMeEUnEm0G+A3fY7fM307T1/GCKiizYqHhWVJdBGSf/aJ4ILu4wtfUT6zVo4YxMRUkgyiyOIzKKUWg7tPYtx1w1FNfxd7j8iNaxHxqvGbBYBSU7JPXdOTBsyxO0709fHB379BqDpgvS8YEsisdckDUZNhulpWNGlocwMjFaXXybPnETlFkJCTCIMpmJUmmqx49j3mDHmBuwjyhtDRykzHM6ljqcFFFOdHjGhtobK7RL5xFSnx/13raSvde/++w0RAGJCk2kfY2kpkyzjiwHtRQ7TXiQBx7fL++dwLgUcSSih8clUPPGEhNLZ9d21fw6Hw+kmiBzS0ecIemKl0WmFfGOFCJSiUhuNoBCNw05EdnG0jsC2SYnoh3yrfCGV/6kAoKUSRlOl+vYazBZl+otSgunzsCKMq+Pv6nJDUamnxp9/JuVwXCOjm/bRlyWN3izBZPOHMH9udhYiorS1tgIAlWEOHDzI/rO7sz+C0r6sXANgj28/+c/aPP2Fw+Go4XYJJE2IHzQhfvavTo1NqGu0SRF7qj9FVGAsogJjXXt1U/QH4LD/6snPC4vmjcTubeexe9t5bN1wiMovtYYKnNx+mF6I/LJ68vMePXExnC4AAPyz4iQA4Ldae8HmwW8+QX6xKCuFxKIsUaRctuurXbJ1615+B+tefke2jG3T0fZYvt1xUPhu09O27SjKHREZ5sbFT2PW9HFZs6aPE9lSRkMiJKEkOnmoTH6ZME1KAmDLIykxnnpLDIqMRlBkNBVhXj/+mNhQYUFDhUUmvjgrkaSUVwBbMkxKkQEXyr7FhbJvqQhD0l+c9SfJMAN1/ohK8UNUih8VYXQPrhP8wypw/lQ1yvN/RlOpQT7WVhGFlVdkJ9HNZTCW5NFpZdKLN/q3aYJRnv8zzp+qhn9YBcJHBwIAAgdGyUobEcGFXcZOs4KMsdiCipJq7P86H9r4COz/Oh+AlPbCXrPrrxgTjlvunE4fP1b5hfKXYXp6YVG2YyGljoj8QlCbZ8sgLZ81TtCb6qA3lkNvLMeenF+p/AJI0gu5EPll+axxAiCXbfoiRHQh5Y2I5FJRWSKbJjhKf6moLMHxH3+GNioex3/82W5bAGTrdak6zFo4YxO7nQg0Y9qkEYhAs2p/dv2hvWfxyl+2dPt4mcrLER4SIpSVGqGN0rr/BmyVWVpaL1DBJTIglKbA+Pr4yMog9ea/9jkqW+SobVBsCPZtl0SXhJhEKsXsOPY9Bo5JQuExKaXCYCpGUGwIomLC8PUn35DUGQ7nsuNvjz8k3H/XSiHnzAHknDkgS0cxlpaCLAdAU17UIOvuv2ulYKrTq26LCC1q8sn9d60U2L45Zw7QdvfftVL42+MPCfnFvijWl8iOY0B7EYr1Jcgv9qW3pSv753AuFZRJKax8AkiSibvliDqzvrv3z+FwOL0IgbmAlOWRveaZLQhNjQNZrpQshujsvxNgl7Ht2RQTjU4r24dyn2zJH1wm8kU3j7/Ax5/D8TgZl+i+vEE2PybOpcDevXvR1trKSih7rBeluOJqWSRZO2YbdLt79+6VXTgcDkeNfp7a0J7qT2WljdjlhOF+kzu93brGJqcpMADw+r7Hxb25jXhw9c3WEkeDsXXDISQMH4RaQwVGzrwWKYnSucqIYWnI2n4GwOOipySY56Zm4Ind2Rg1djjwzUm6nJRGUpNhAKkU0lOTFqOh7iJSh6WhylSuKqikWss6sbDiy7qX37ErkdTZ7SkhMkzGDOk+y96xD2u/3I5p4wZi2riNGKMbiltvn2jXj5VfAGDrh58BgEP5RfX+VJQ8IsucyS9q3HRojvjykOcBSKkvKZhNpwMBWQkkR/3f/0USrgqNtn+CkAQY49vLxeZaLbQ6XwRHpNoJKOXmAvgqtulrqUdwhCS7BmgSUJ7/s+0Eu7kMwYwI643+TaUG6OJTUe9fhwqjFjXHGwBIQktjYSWVXJTiS+BAqfQYSX8h4gzLxJtToEvUYM9/QSUYVnqZeHOK6jjv2LwH2IzNgiAsAoA/bDi3+O9Lh1A5wpr+AgAQRXGzo/ur5oIIoEUmtwA2MUa5nD5/th0Sk2NCMWGQDqWWNiTromkJpJzcQqSnDUSIRvpHUJzGl/YhEgzQtSSY3gKRX4jcEhwZjvN5J2XLSOkjgrWdUF9VQ5+royeNRWRcIE7+ACrBsNLL6EljHR7Dob3ykmvjrhuKaZNGAFbpBVbppadJGzJE+PX8eXFM+hiEh4R45P3DhxFcfHx80N7ejnCF8EYkGJoCIwgeS4ARrKWUVq+4RwwJ1uLZF14SAODJxx6V7eDZF14SRDf2mRCTCAAw15oRFBvSqb7po0dx+YXDsUKEkHf//YZoS12BTBT54/NviUAJUhLbaBLLgPYia4qMJKA425Zye86OQw2yfXIc1lcyuryj2+LK/jmcSwFWElFLWyESireTYHpq/xwOh9Ob8AvpL9qmJWGiwWxxmkKixrgYfxwyNWOIbgAOmZoxLkaedEokDqt8IQIQWswXRb+Q/jIJg5EuXEmx4ePfAfnVrbAlv8jkl47Gn8PhuIAoij1VTuZSSIIht6M3HAeH0yX2Hzggu7ayBwAEQSD/jCDXdbClwZAf1JTzAKC3bpOfUHI4nC7htgBjMbfQBBhWUrGYpR+dyTo1OcYZoYEBsgQYZxLM3txGZM4cZpVfgK0bDtmkl5nX4uT2w8DMa62tc5E5cxiytp/B6smeGcRRY4fjOes0KYcEZh5TR1IZhpRCevCbT6iU44wqUzm9HjV2uGwdEVnyrLebHAvp42x7SgRByJg1fRzG6IZi7ZfbpU9ejPxy4+KnMW3cQJoMc/W9acK3O6RafkeP5WUCyLr9xivp9ogIQ0ojEfnlk++OkvYU3YiHBJL88n9tBjRUSCedQVrpRJfMEwlGrVySMxoLmhA4KABlgyQpJ5BZ5grFbSISfQW0lUvHQUoiJfoKmLM8S9i6LlMMjgAVU6rKj9P0FYKvpV42TxJZgvxj6XV39CdtKoxtmHN/tvDqnutFIrOwcoshSy9bRkofEWqON2L3R98LgFQGaf7yEQBsaTATb06RSS8kBUaXqAEQjl+P1eCrj3YKzOMPAIjcsoiVXqwnUpsFQYAgCFD7ET58gICaC6JDCcYZrPwCgMovIZr+MgmGMGGQ/N+wpqbO7a83oZRYiAxDyh6RZRWVJVSOIf0AYNuWHYtnLZyx6fqFU6XHnjUNZvSksTLphaS4RMYFAtDBmGfEti07FgPAvl3HhMnTxsju1I5kl327jvXYF1FXDB4s23eN2Sy2t4vIOZaD6VOnduq41EQWVohpt5ZAkkky1j4+gueGYPWKe8TUlFSMv3oQzPWSCHPNFbH46dcyXHNFLAx1F4gQ49JOc46fkJU56gi1ckkcDsc5nhBQXNmWOzjaX3ftn8PpC3SUlNKRhALAYxJMT+yfw+FwvAxbKghq5zOseBEUokFAlCSsNFU2o8FskUkRoalxyM8rBVBKU0WG6AbAX9TA2R+aDUWlgF848qtbEX/NYLWSRnbzuEzkC0+N/xAdcM54wfH4A87GX2gxXxQvx/HncDz2Ytsz8guhr0swQM+JMFx84XiViRMmTAGgF0VRL9i+y05W+eBkJ75Y+yRPnDBhyv4DB/bw0eRwOJ3FbQFGrfwRoeFCPWB23sYZoYGuCQrXpQUia/sZWoYIAJVLZBIMAEOCFvnFIq5LC/ToQLJyiuF0AUb9/nYYXsm2rWOSYTJf+RsShg/CS7NeExobfhJJmxM/n8aosbYyRVWmcusy27aJwMKmuJC0F+XxuLI9wqzp47L++8l+HDOepekv2Tv24bm1GzE+YxkAYOzIYVRcWbMUrIiQHaUNxSffHcVVV6diSESAqvgCgJVfZB+wqMyikv7CQsolkWlnEsw347YKbApM3b4z0uNq8jAEDgqAs/QXtj9JgdE9uE4AAOPby8VEX4HOA4CxJA+6+FTb/VR+HOXMMpIOQwQU+hxpLqPySpsmmIoq3uwvlU2SonZ3f/S9MPXOG+iYsyWR2GWNhZWy5Bciv9DbX2yhqS8kCQYAfj1Wgym36jDx5hT8eqwGvx4Dptyqw6/H5GOtkFpUU146Sp8IH2A7pNxa6UuStDANgnwFWZkiUraISCt6Ux3Cw8ORk1tI25DEF1aCASRZxhweDr3J9pksyFegKTNBvn3vOxIiswAAkWFYMaa+qgbaqHg7WYalqrSRpr6QJBgAMOYZMfL6IRg9aSyMeUYY84CR1w+BMU/enwgtShFGCSu+TJ42Bvt2HevRsatraBABoLq6CtOnThV+PX9eVAoyHUFEFqXU4uvjg5qLTQjXBONiWxt8BAHBmgA0XbDAF8DFtjaP3paEUOk5cvfts3HwlwIkDJEkqIQh8TD8UuDSNipNtbR8UVRMGCpNtYiKCaPpL2mxV+BrfCPrQ+QX0pbdDmBLjuFwLkvcDHr6GxSfkR7jQ8rh9EaIJOIsaUVNQgnS6qhY4gkJpqf2z+FwOD2FX4h03k9SRgKi/BEe44MaUzsVMYiAQZNIrBJGQlLn98fIF2rnjKysI3j+k2GvHH/Rm+M/RDdAJsW4MP4cDqdrZPSSY3Aoc4hin3kJ7S4RhosvnG5HFEU9QP8ITf6FQU4S6Txpx+FwOO7Sz1sb1oT4AebuuRFSKaPHRaSNxN7cRiQMH4Td285j6qzByC8WYThdgJHWBBgivniq/BEAxMRPFEwl+0UAOPTqVmHcI3Pop6rnpkqfVwynC5D1+z/SPp8te10AAD9NOIAaNNRdpGIKK7OoySrOlqu1cbQ9tjzStp2HMo8Zz2btOlSI59ZuBCAJL9tGDnPpA9J3Ow4L1g9nWUeY5WTaKr50+OFq9egXBGUJJJIEw6a/dIY15x6XJmKtC85JV99gq0v97726TJo4NEe2728AbF2XKQ4eEYH6al/UV9chOCIU9dV1aGguo+2UpZHqq+sQEBdMyxc1NJcB1UBAXDBd763+9dV1CPKPhS4+FFvfzRDn3A+BlVmIDMOKMTXHGxE4MMpOlmH59VgNDv9wVLjlzukiEV0O/3CUJsSQdl99tFO45c7pIpv+4tZzL8CPyicsRIahIgzj4LEyDAAsnzVOWLftkOx26Y3lSNZFw2y5iJqaGttyUx30pjqw5Y8AufjS0Cb2GRGmvqpG9Usf63IivMiWqfUz5hlx5Iczi2ctnLGJiC5HfjizGDgDALSclTX1ZZM1OcZOdOrJZJeuUllZCYPBgCsGD0ZUVFSXt+MjCLTEEX0ca4JR1Sw9fyP9Q9F0wSJr7w0M50rodcKQeDrvdAys8kqlqVa2nCxLiElEWuwVyC37Vbauocz+Q0LhsSIqvxB4+SMOh8PhXOp0VkJh5RO2f3dJMJ7eP4fD4XgRZQoMALn8QsQLeh6mkDAASc5oqmyWRIzUONm2mgWLbH5cjD8+zqnDHemhOGe8gPzqVmh0kKWZXO6w8osnxt9R+gsgJb+Epsbx8edwPEwPlj1yxKWQBEPwlgjDxRdOt7L/wIE9JNWfQe9gGgD0yra8BBKHw+nyiaC7Buw3xR+6vIHOlkFSolYC6abEJbJXxNf3PU6PZ/PnUurKonkj6Xp78cV7BjCRYlhBJiZ+omz/ra3n6AG0WCQRRo2g0P5WWcYxLRbbj9KOtgPIxZd+/YYIADUvMzrzwYh97LBvTCofgLMd9nfykyYRYVaPfkGeNtLJEkgAcNOhOeI347Z2+QdUR/33Z90mVhjboNX5oqG5DLr4VCqgkPJE7HIyH+QfK2tDYAUab/Qny8kxT8z4wumYTL3zBlGZ9tKbqKurow9CNRGGRa1MUWhoqOy2sSJMcoyUtsOmvSjFl9LyCrdeQOKitX3+R31BEBZZn8+byTSZZ9ezbci63kxdQ4N4LCcHUyZPdngf5RcUiCmDBgkAsGffPnFMejpCg4Jcvk+Pl54T29rb7cQXAllXY012ivAPgSiK8PHxgSiKGKVLETxw/2H1invEu2+frSq9GOouwFhejWdfeMnu8wJ53b9xaYYYl5Zge/8pM1OJpdJUi/TRo5AWewVefeMNhISF0JSYoNgQWVJMpalW1heQEmCUAkwf+ucOh8PhcDh27P3fhx2+kTmTUABJPAHgUCTpSDJxZb239z/6gdVcauVwOF3iyuuudKWZWulWtWQV0S+kP6IHS9+zsQIGocbUbreMlOYBpLJFd6RL3xt8nFOHcTE2YWOITvrjzTnjBezOKYJGp4VfSH82fYQ9JhHq5ZpEB9eObmdfwu3xT/fvJxtnFuX4h1qlGQfpL92CX0h/HPzqMH8icy4Zepn8YntxEUW73yGuSk/r9HaO5OR6cqy8cVMdjX+2F8bU24+lrt5WTg89pzgcDqcv0M+bG7eYpR+kSQmkPdWfdkmCqWtswrGWr52c29pYPdl2Arh6slr75zx6G+vKd8gO4KP3v5U+aezYh//b9FfaJig0FA2mUrv2odEz6PH2CwICg9y4M5m+ZDvz168WP79vbWZHb1TWDzJdejN7+6238NabbyrnybbEh1asyGTmnd198vsSVvFF0UZHIv078dnrG2wV3HGdHPX/4dVAjAwy08QVIqmQskQkcQVgyw9Zb4eiPFF39G8oKbMeqxY//BqIiR3c7t4svwBygSU0tAv3a/GH4vYfszBzklSZK2k4sP3HLOt0JizmFkQn2F7DvinOFQHg4y834I65S3FT4t2X/Rf4rMyiJrYol/UF+YWQmOi8/E7KoEECEV86K78AwOi4Ib3m8dOZxBcl323IFpQSDABZIgxJfwmKDaHLSMkjQkOZWbYesJVI4nA4HA7nUsETSSwOz01dSFrp6f1zOBxObziNBZiyOpBki6bKZgBA/Ah5yXQiZxAhIyhEo5omktPcapsx2iQMgnV/ogsSBivD9HXRxWvjn9PciiEY4I3x53A4nifbHYmiM7KNIAh2wsbRY3kZXdinR2+/G30dJdtke2Ab3YK3ZCnl7129Vcrq8TddLrBwOJzLFB9vblwT4kd/OCbsqf7U6UXJnupPncgv9ixbOkdctnSO6OpyT/cHgPEZy/Dc2o34f4v/LD/Ziolzazwf3fawy58UBUHImL9+tZg5cxjmvbcqq7s/ADy0YkUGAHHK1Kl46803s6zzvQ8BeOXdX8RX3v1FhKAy3wEjg8zQ6nxlkgmhTRMsaxsZPRojr1woS20hQktwRCi9eLM/IMkxWp0vRgaZ+SsgQOUXtXm11zDCa+++wAfvEiY0KEgYlJzc4avAlMmThdCgIKGz8osaOZ9/3uVvA0icpCAIeOrxP4pPPf5HkV3m6AIAIcFaGOou2Mof1V2g1wmhA2Cur3D5OJQSS1RMmJ3EoiyVxC4jUgyZP777JC9/xOFwOJxLioYKI0Ljkx2uryvRO5VMXOmvtp6ILT29fw6Hw+kBHJ5PEOkCAC25U3KqkcoWaskkpJ1fSH98er4Jn55vAiAJFuRCZIyc5lbEXzNYuQlXpBaho2O/FHBn/AHQ8c9pbnU6/qxsw+FwOH2IjF66rR5DFMVscunMOg6Hw+Fcfvj0xE6jAmMRFRiLKREL7BJhOhJi2P5Kli2dI94SNACPpOkwe8Z4UW25M4nF3f4AsGDhdTiYvR5jdEPx3NqNsNQ3wlLfiNamuk6NESu7PLrtYfHRbQ+LL816zeGJ7/z1q0VyEQQhY957q7IyZw6TtRn3yBzaxhufP8jloRUrMt56882sKVOnyhoU6fUi065X8Mq6X8QCy0U6/cq6X0QAKLBcBJl2hQpjG4L8Y2kCS0CclIRApBSljEJEFZLiAkjpLd7uT8ofcZyjlGIIH3+5AQCw6o4n+CBdZjQ2NYlNzc1iU3OzqC8q9sprWF2JPH3l50+2dHo/Tz72qHjNFbHQRUfgycceFdnl7Ly3MNea7ZJdAFuSS0OZmbZTE2FYOlrP4XA4HE5fpbslFKV80tP753A4nB5GAEBTXIiE0VTZjIAofypYsHIGETLIOlaoINOsmKFGlaGelOAROjo2Pv6dG/+gEE1nxp/D4XD6AlRYEUXRrYvaNvsanRVbuAjD4XA4nB4RYIb7TcZwP1t9ImdlkYgkoybLqKFb9AcAwKuz0mUSS2pCJAB0KLG4218THIjsHftwzHgWB7PX49Mte/Hplr34f4v/jPlzf9fh8StlFyLCsPILaUPmSdJL5sxhSEkUMO+9VVmG0wU4dcZWq/LahzOzps4aDNLOwxKMOGXqVEyZOhWDBg3CW2++mVWk16O4qIg2+OMf/pA1ddo0kHboRRLMIE1/FFguYsnEJCyZmIQCy0UM0vR3qe+c+7OECmMbtDpfKqWQcki+lnraLjpkEJ1mU1rIPFvGyJv9gyNCodX5osLYhjn381QFJUfPHnC67I65S+n0cw+v5QN2mdDU3CyStJScnBwkJyUK+qIi0Vn7rkoyrPTi49O1p2jCkHgkhA7AbTddjdUr7hGffOxRURcdAV10BFavuEdcveIeh8emTH8x1F1AakoqnPVxhiOJJS4tAaW5BtkyV6QYDofD4XAuFbpLQnEkn/T0/jkcDqenaTFftJMwWAKi/FFyqhElpxrt1sWPCET04HBEDw6XCRuswHHOeAFRFeUo+ek8H2x7hO4c/ypDPR9xDofTl8joo9v2Cu6ILFyC4XA4nMsXrwswFnMLLOYWOu9IYlEudyS8TIlYgMrGMlQ2lqluJ2Tv+wCAPEMVEpJjsGzpHPGRNOmLO/N198J83b0w6E0Oj9fd/pb6Rny47jEczF6P8RnLsPz+l2hJJAD46UAhLPWNqn2VsovavL0QI+Dz+9YKWdvPAABGDEtDSqLtR9NTZ3JhOF2AqbMGY8SwNABA1vYz+Py+tYKrfyx54E9zxQf+NFf1x8+333oLAIQ9u3cDABKTkjBokE3WKC4qQpFej6nTpiExKQkAYG0rWPv2KDvSnwUAPHNDCo7uysPRXXl45oYUAMDvl18tkLJIqhcr/mEVCIhLQJsmWCaftGmCafJKublAdk3SWsj64IhQNDSXeb1/myYYAXEJ8A+r4K9+KlRUqI/L9h+zZPPOXoM4lxaWlhbRx8cH5OLrI71tJiclCQaDQVRrDwC+PgJclWCOfvaZCABTf/c7gZVe2EQYV9JgSPrLwV8KkDAkHoZzJbj79tkw11cgL18ql5aakqraVx9bS6cTQge4ehKp9m8SClvOqNJUi9FTR8Jca6YpMMp2o6eORGmuAZWmWrosLi0BNy7NEDvaF4fD4XA4fZGOJBIAbksovXn/HA6H0xmO7j3a4aVLr8Vmi0zEIBcAMqGCrCdleZTX8SMCba+d1jI8CUlxmJqe5OqhCLD9WcyVMkmXxnuhB8Y/fkSg0/H3rWvslsefs8vBrw7zJzGHw3GFjEtkHx7BEwILl2A4HA7n8sTjAoyyPJEmxA8AqART19iEusYmp/2dJb046wsAr+YakWeowlcNF0DKFpmvu1fWZvmIRFm6i6f6E7Hl0y17sfz+lzBGNxS33j4RT6xagppz+/Dc2o14+R/rceJkhUMJhuBIhmGXsXx+39rMt1//mqa+TJ01GLu3yf9lcupMLt5+/Wt8ft9a1fouStGFzP9xzVP445qn4EiCAYCHVqzI/Ohf/6KpL1OnTcPTO9YBAH5olX54LS4qwkf/+hceWrEis7c8AWbkPAkAeOr7fFw5LRVXTkvFU9/nA4DLJZCaa7Uoz/9ZOsn2j5WVJQIk6cTXUo9ycwF8LfWytBaynp6ke7k/AJTn/4zmWu0l92I2Y9EUkbmAudDlHW1j5qRMu9ewiooKaLVamcjHubw4lpODHOtl3Lhx9PU3Smv/PKqsqECAv79QVFyMmJhol/ex+x//EAGg3mj7h7SPjw8z3fF3n8++8JLw069lSAgdgIO/SM93IsGkpqRSCSYk2HbcTz72qHhhtA+Sy8IAyEUYFraPGt9tyBZKcw2IS0vA8d0nbe/pKuWQzLVmlOYaEBIW4jDxhSfBcDgcDudywZFEQpJTGiqMbksoXenfXfvncDicnqTFfNH2esaIGIB9KglJGCHleAhkXi2pBAB25xR56nAvNSFG8NT4O0qKIePf2NR0KY4fh8NxwFXpacJV6Wm4Kj2trx16xiW6ry7hSXHFyxJMtvXS3fTUfjkcDqdP0M/TG1RLRSASDADsLPkXpsf/DwCbzBIaGIA91Z/a+vs53v7Okn8BAKKiomTL2aSWV3OlHxBJ2SKS6hKy933kGapUt+tuf8KnW/ZifMYy3Hr7RADAmt8tw6iR5IfDPHy47jGcOGmfMjF//WoxJVFQlVs6kl/mvbeKrt+97TwShg9CSqKAhOGDsHvbeUydNZius7a3xlmspdsioguZfufFLwUAmLNgNgBg45fP449rnsJNt40Wv/niuPIYxLfefBMA8PSOdbg7ZSYGDRqEhOGD8PSOdXh6xnK67vp+qXjrzTezetPJOyl5tHG/9KUEKYnkShmk7Z9MEAEtolPGwtdSLyXBQEpgISWIiLASHCH1CYhLQFOpVPqjqdRASxrp4lOl1BYv949OGQv9L3ps/2S8OPP2vv8FwIxFUwBAvGepJK2cLRTx404T+beUOGl6DIYOFEhbEYCwY/Me6f77MQszJ2XavYZ9/OUGWu5o5qRMHD17gL6OVVZWqr4GcS5NTKZymfRC2H/ggJienm7XPiEhQdAXFYvp6enQ+Pm59Py6cv584Ye1a0UAaG+3fZlXrZf+Nf3D2rViaHy80208+dijIgDooiOQMCQeOCelxxjqLgDnSjD+aimZKy8/D6+/+YHqcRnqLgD+inkAxvJqPPvCS8Izz//N6TF8tyFbuHFphkgkmNFTR8pEFpICQ6ZLcw0w15qdbrM014DvNmQLWM8fixwOh8O5dCESCUlMUZYNIhKKo1JCyv5KSDkiV/t39/45HA6nJyEShl+I9B0QkTCCQjQyCYOVM9gTJ7aNUtowFJXyAXaO0GK+KLo7/gFR/rLkGOX4a3RaLr9wOJcXfTE+OKOH9tmhQEHKwrt4vB4RMrwhrIiimC0IgjfHObub7ksuvXA4HI4LuJ0A05VUhJ0l/8Ke6k9xqOILHKr4gsovBOU8WaZczu6blCUyX3cvbgkaAIPehDxDlSy9hcgrukV/sNu+u/2ViS7Prd2IjBmTkXcmF3cvfwEnTlZQ8cUmxNAPERkAkG+tljF//WpFmSMJdp6UQ5q/fpWYOXMYyGXqrMEwnC5AfrEoK4VERJgHV99M285fbxNn9HnnkVt4CAAQM6S/LO0lt/AQlsx9nK5XfnaYMnUqyOXpGcvxYf52rC/dTve/vnQ7FWHu/J//oW17w4fRHenPUtFlQmwBJsRKqQmDNP0xIbYAr6z7RWSTYJTzzbVaJF8t/eORJK0Q8YRABBWCr6UeDc1ldLmxJI+WK/J2f5IWk3x18qWUAiPeszQWZwtF7NsvvSZcMSwcAETrNfbtb8HZQhFWSYbef1NGzaKvIx9/uYFukMgvhNOnT9Ppbfu28neOy4TGpibRYDDgxwMHZK9V+xXzSpKTEoUAf/9OfcFWW1wMIsGocdWCBR1u75orYmXpL4BUzshQdwGGcyVICB2A1JRUrF5xj7h6xT10X8llYQ7LHjlKhHEGKXGkluJCyiEBUnkjQlRMGE994XA4HM5lDZFIHIki3ZUE01P753A4nB5EAORpMIBcuCDTjkr12L0mmi1I93f8n0O/kP4ie02mrRLIZVP+iBl/wZ3xV94Prow/uThbxuFwON1ERh/ZdwZzcafNpY63kll44guHw+F0ArcTYBou1ANmecoLAFrGSCmtKFMTHPXfU/0pogJj7RJl1FIXZs8YLz791zeAve8jZO/7CEmIxHIA604VA39eieUjEiVpZfPf8VXDBRj+vBLf7jgoeKJ/v4BQtDbZStIsWHgdPt2yHtk79uG/n+wHAIzPOIsnVi2hbT5c95js+G2JLJIMM++9VTIZJiVRoPOAvDySIAgZeG9VVubMYQCAEcOkaL+tGw4BM69FraECu7eBpsCQEkn5xSI+W7ZWAF6n200bOA4bv3weS+Y+Tpf97eVnMGfBbPzt5WegzzsPZfrLQytWZL715ptZVqEFiUlJeHrGcqze+Fe6fwA0BYaUSCooKEBvOaHfkf6sdE0WkOo3OU/SJBhWeimwXMQr634Rf4+rhZMNIcAvegweESGTUFiUJYtYgiNC0VBSBl9Lfbf197XU4/ypapxsCMGcS+jFbOhAAUMH+lEJhlBeegGTJ/p1+BqmVSlnQ16DWCFGq9Xy9JfLgIbGRhEA4uLjUFJSgsKiInFgUpLw435JfhkzZjQ6K7k447aXXxY+e+QRMSzRVh++vV3EztdeE2uLDR32f/aFl4QnH3tUJBIMwVB3gUowCaEDpMtVo2CouwBWggFssgvbp7OQFBhASm9hYYUX5TKSCMO2oekvHA6Hw+FcQnSUpNKRZOKsPwC3k2C8vX8Oh8PxMkIn2ilFB4dpJLLXQrMFQSEah+sAq0zjQMDwC+kvBoVo0GK+iKAQDVksBoVoaJJJg9kiWrdzWYkwXR1/Mo5Oxp/c1wIZfzLWZJ3assts/DkcTs/glijCJJpki6LozjFke+E4XUqYUeLNckXdkALD4XA4nF6C2wkwQQOC7ZYR+UU5rUQT4qfan6BWTknZn0DKFCl57fU1WHeqGE//eSXWnSqGQW+SyS/u9m9tqkO/AFvCBimB9NzajVj37qM4ZjwLQEqEWfO7ZQBAk2BIaozhtPRv/c/vW5up9gFGklVeFwC5/EI+3Hx+39rMt1//GqfO5FLBZc7ScTi5/TDCErRIGD4I+cUi8otFbN1wCLu3nbfb1zdfHBcevO9umfySW3gIcxbMxtZPv8WcBbPx9nsfypJhAOCtN9/MfmjFisyP/vUvFBcVobioCD/4foeRM6+V7f8H3+9QUFCA1Rv/iqd3rMNDK1Zk9oYnwDfjtgrfjNsqsNPsMlIOacnEJCyZmGRXGmlkkJnKLyR9JTJ6NCKjR8v2ExwRSgWV+uo6BPnHUjGFTHdHfyLKDB4RgZFB5kvmS5IPNpThgw3S60V0nDzJgswzbQRHr0FsCoyj1yBlySTOJfrm6OODyqoqlJaUYvLEiQJJghkzZjTS08cgKDDQC1+ECWhrb8cnD0uv821iO2qLDZj/6isu7evZF14Sdh45IRNXWPmFJSF0ADSTYmCul96PPiw/YLc9fWwtksvCaBtX+W5DtkDElbi0BMSlJSAkLASluQY7KQYAXR4SFiKb5/ILh8PhcC5FXEli6cr6IK0OdSV6Krn01v1zOBxOb/9+AbBPgwkK0bCyCpUwlMsc4RfSH4np0QAjugBAQJQ/ogeHI3pwuN2yoBANLsM0EtU0mI7Gv8Fs4ePP4XD6Ip6SXwAgw0GpIk8cS0ZP3cY+TnYv3RaHw+FcFrgtwGhC/GQiiqOSSFMiFmBKxAJEBcZ22N/RNqICY+36E0h5IvN19yLPUIV1p4rRf5YWBccKMGTZWCQkx+C119cAAL7++O+iK/237TyUWXCsANt2HsrsqD/Lwez1suknVi1Bzbl9CB8yGR+ue8yuBBJgk2BIGoxSUAGkNJj8YtGuNBKA7MOvZWXu3nYeu7edx9YNh7B1wyGEJWhRa6jAye2H6SUsQYvDr2VldvSmufHL52XzaQPHAQDmLJiNm24bbSfB/O3vf898esc6PL1jHbZuOET3Rfa/dcMhrN39Md3/tQ9n9qo3bSK8sJBkmGduSMHRXXk4uisPz9yQAgD4/fKrBQDwD6vA+VPVKM//2S5phUgoRD5R0tBcBmNJHp3ujv5tmmCU5/+M86eq4R9Wccm8kO38z97FO/+zd/EHG8rw406TbN2PO034YEMZbePoNYyILeQ1aPuPWU5fg9TWcy4dKioqMDApSZg0cYLw4/4D4pXp6Zg0YYIQFBgoBAYEyF4vGhobxX3797v9xdj8V18Rqoukf0Z/9MM2kSzrzDZef/MDIS8/D6wIQySYH/3LpeeE9XpSczQ0k2KQl5+HBEMQzunzkVwWBn1sbZfSX5R8tyFbIDKLudYsE2EAm+hCUl/MtWYqvnD5hcPhcDiXMp6WUIh8wm6/OyWYzu6fw+FwejsWY4WdBOMKJNllXIy//HU3rxS/fnMKAKhoAQDhMT6qF2U7Pv6eH/+mymY+/hwOpyfxpPxCt+lFCaZb8Gb6S3fugyEbXS9d5E5fDofDuezp5+kNzhx4h3Ry0dgEAAgNDJClwAz3m4w9jZ867K8sheQK3+44KMyeMV5MaLgA5D4Hg96E115fg0e/+RAAoC/WI8bq+iQkx7jcf/iohXZt1fo3mEoB2JJdxmcsw8Hs9Vh+/0vWeVICaT0tf3T38hfotFUIsfs1nZVhhPvWZsx7b5Vs/aPbHhZFEYIgIGOetQySlAAzGFs3HELC8EGoNVRg5MxrkZIoffgZMSwNCcMHZVkFG7s3z9zCQ0gbOA5L5j6O3MJDNP1FWRqJ5aEVKzJIGaTioiKsL92Ok9sPy/a/LG4mAKlE0p6UmVkPrViRefebM3vtm/dNh+aIM3KeBAA89X0+nrkhlU6Tkki/x9VCc60WWp0vgiNSYSzJQzBsaUDl5gL4Krbra6lHcITUJkCTgPL8n22Po+Yyr/cvz/8ZuvhU1PvXocKodfQBGk89NFe27Jm3vlykbPfUQ3M3AxDhG4Bn3ti02Dqv2pZpj2fe+nLRUysXb0JbEwAITrbN7h/OYhyn/+a6zTv/s3cRFVx+c90mAPj1TA1Y6WX6b66TbffjLzfIyhux0xUVckHo4y83YNUdT9he63gSzCVNclKSsP/AATE9PR1XXpneYbmj+Ph4j+zXx8cHYQmJOF5bjUGCgNe+/D8xNjwCi6be6PIZbEiwFrroCOTl5yEPQGpKKhJCB0APSX6Z1BxNU2EmNUfjx0nAOX0+EgxBgOT4YWfLLxiCFOxs+QUJCOry7SEiy91//61IxJe4tASa+BIUG0KnP3vlYy69cDgcDueywdVyRK6UK1IrLUS27245JG/tn8PhcLpCRz/spU9O9+j+1CQM5TIy32K+KFtnKCql0xqd9P1LZILtz02jZ6n/wa/kVCOVL6wJJ+LlWIpnXIw/DpmaXR5/Mn1HeijOGS90OP7xIwI7Nf5u/qhMcaNECYfDuXTwhvxCty0IgrfLIXG6NmbZivs+28njIrs7HkscDodzKeO2AGMxtziVVuoamxAaGNDp/iQFhl3nrCTS7Ken4+QHJzHvhsn4/Pt9KDgmJar8s3QPLm6rwLx75uOV1/4NU1o7zibX4mZF/207D2UuvTczS9n/ljsfzZw1fVzWvBsm45XX/o0N72dlbng/C+Idf7CdSAUH0nJGqcPScDB7PcZnLMOtt0/Ec2s3YoxuKJ5bu9EqwUjyy3NrN+Lu5Uvw7Y45pPZgpiiK2eMemYOE4YNsJ8wqyTBWGSaLSC1y+QXYuuGQTXqxliLCzGutW8xF5sxhwHursoC19OztpttGi9fekoo3nnsbK62/8R/M2UmPgwgxarDyCwCc3H4Yc5aOw/VtN+KHpQK2bjiEgqlX0PZTpk7FW2++mQXXazP3GKTk0cb90m0jJZFIGST/sApUGLUIjgB08ZIkU1V+3K4Eka+lXjZPElmC/GPpNRFbvNmfHGOFsc2lBBilnPLUysWbAOCZNzYthm+A6D9ABCDiqYfmboJvwKZn3ti0WNZG3gdPrVy86amH5kLq54/mC4IIwK4P2a9ShFFjx+Y90sRmbLaeBCxSJr2Ioqi6nTvmLoXF3II9J7apCi2vvfsCHr5fEtXKy8s7LMvGubSYOGGC6mtUY1OTWF5RgUHJyQIABAUGCkGBgW7v7+UvNotJ1umkPYfRZp0uq63G5t3fia5IMKtX3CPqoiOk96MU6fmel58HpKQiuS4MO1t+AZIB+AN6AMllYZiEaCAZSPYLQ15+HjSxMRiSnIIBx9vBOHVu8eEf/snlFg6Hw+FwVHBFMnFFQlE9F3dBQunp/XM4HE4vQ4T0XZUISBLG7pwiAPI/EMW31KDEHA7Shogay8bEYP0xeSqtRqel4gWbKlJjagcAmjhScqrRrs3ljKGoFOOS4uzGP76lRhovZvyH6AbAX5TKITXDwsefw+F47k3BmhbSgXTiynaIxOlN+YXQJyWY7kxmsf4el+HhbbrSLLuL6xw9HviTlMPhcBzgkRJILHuqpXQXVnohy5TTav1ZGi7UOyyH5IhBYwbZLes/SzpRMqW1IzkxudP9t+08lAkAG97Pchj5oAkOlJU2YqWXW2+fiJpz+/DhusdoSoyzN3givZBrJSQt5u+zX88EJCkma/sZkBJIAGjiS0qigJFWCebk9sPYve08srafkZVYuum20eLKJx7E+PTpIBLMG8+9DdM56V8UB3N2UvnljefexjdfHJe9sz60YkXmnt27sXvXLjy9Yx3CErS4vu1GAMD1bTdi1dQ7sHb3x1i7+2Ps3rULe3bvxkMrVvTq+Ixvxm0VdqQ/S0WXCbEFmBAr3R+DNP1pCSQCKUVEqCo/Lktnqa+usytRBEipLYB9mSNv9lcea0c8tXLxJqu4ssl/gAj/AZLwIkksEv7+/rLl/gNE2k/Zx9/f9mWCXZ+H5m4i/dz4sLlZeenMaxhh/g13ArDJeESE4VzeNDU3i4IgwEfwQWFRkUf/uhUbFoGSqeNRayiGr+CDkqnj6fLOkJcvPceN5dUApEQYsuzu6Ak4p8/HOX0+bf+jfzkGHG9HXn4eQoK1snXD6wbxO53D4XA4HC9A0lc6W25IbX1H5Y7U1vf0/jkcDqeXQaUXANDotAIzDYuxAvEtNVS+UHJHuvo/B0r8whGZEIyAKH8qVrBldgBJxKgxtcvaAFKJHoJfSP/LKjZEo9MK+dWtAICp6Umq4+/s/uDjz+FwPAH7e427ckY3yi8ET5ZDcue28zQZDofD4fQI/byxUSK5sCkuSvGlw5OdED/A7Hr71ZOfE17HE2LBsQL8/uG7aPmj38ZNwde+enwNPaZPGE3bqn2gEQQhc94Nk7N+//BdGD5qYSYAfPXRS1m33Plo5i13PprpygeevDO5GJ+xDOvefRTZO/bhubUb2bXIO5OrWCbn0KtbhXGPzBFJGszh17Iy1aY/v29tpnQcAgBks0ILAOxO0GZNnTUY+cUiDKcLcHbLAbr+sJMPH4e/ykNy6mD8cc1TdNnfXn4Gb3z1NgDYyS8A8Nabb2YrhZbd/VKzpk6bhoKCAhTp9XT/f8MB2qcvPEF2pD8rXZMF1oTa32MrAKC5VovBIyJQX+2L+uo6BEeEor66joopAOzElfrqOgTEBVNBpaG5DKgGAuKC6Xpv9a+vrkOQfyx08aE4f8rx7WYSWBjRRfoioLm5Gf7+/mi+IICVYJqb5dG07Dq2DSvA2PXx96ffOT310NxNz7z1JVm12Zv3M5v+cvTsAVw5dAI0IX747W8e4e8SHBkVFRVITkoSDCUGMX3MGI9u+87rZwkf/bBNbJt7My60tyPWx/alnKslkF5/8wMBkJJgyLJnX3iJLssDMD3lauxs+QUDjrfDiGoMKJe3SagPwoC6drqMw+FwOByOZ1GWHnI1acXZelfKHZH1Pb1/DofD6aXYnf8YikoBv3BodFrkGyuw9KYh+DinDglJcShhyvOcM16w2xiRL5zBShZEvmCXNZilNJMW80Xk7MtZlD45ffPldIcYikqRkBSHqelJ2J1ThKU3DaHjzZY4Ome8gCE60BQYb4w/gEXw8ndTHA6n96D2+4+bqSHdKb/QfQqC4M5vMGwSTHYXbkO2O+PdHfexp1NgOBwOh9N76OfNjTtLd/FGfyLB4FgBlV2gB4YkhNL1LrzpZX710UtZXXkj1gTbSmCMz1iG7B37UHNuH0aN1OLTLXvp8jG6oThmPOtwO4de3SrQ61eZZSrTKh8oMgDg8GtZmYCUFCNNO//gcTBnJ5bMfRzA21R+2fjl81gy93HMWTBbNfkFAB58aAUEAfjjH/6QDQB/+/vfM6zXmQCymGkAwNCFE7JvGzgZD61YASkV7qFe++T4Zpx0P9x0aI5IppVodb44f6oaWp0vGprLEMzUCwnyj6Uyii4+laawNDSXAaW2NvTEu9RAyxh5q39DcxmC/GPpMTuDpLewUPlFcQ1AJraoobbeWR9/f388tXLxJlIWyVsQ4aUzr0Hbf8xSLZnEufRJTkoS9EVF4pXp6Qjw9/e4IHLn9bM8sk0iwqgtW73iHnF48CBVwUWtH4fD4XA4HM+hlE8I3SWhkLY9uX8Oh8PpATp1nmOVTZBf3YqUiBqU+Enldj7OqcO4GH8qxrDlj+5ID2UyZKyvjWYLgkI0VKoIiPKnpXcIauIF6evguC55CcN6O4V8Y4UISBIMYBONiPxClrOwMpKnxx9cguFw+gRHcnLd6u/sN6AuShM9Ib94ZN+wl2A62i5PfOFwOBxO7zgBdKMWIADgm+IPHW6ATYDpCu72d2U7NyXerXoSPHFFJr1d+9/McniiXFe+w+72f/T+tzT95WD2egA28QUAjhnP4olVS/Dhusdk0ozD46+X6tCqtd119gPMmfyxWz9Y3nTbaPHt9z5EbuEhvPHc23j7vQ/t2vzt5WegzzuvKsFczjz36p3iyCAz/MOk0laskELSYMg0YCs/FOQfS5eplTbydv/mWi1ONoTgiUc+ElQ+VNvSX1QEFWXyizdpbm7GM299udh6gsG/ZOD0OXb/63/Fqf/zF4Fc96Zj+8Pzz9g9kdutnwmcfTbwtSbT/P3xp+jtmbksU4xLSwAANJSZMXBMEipNtQCA9NGjAABff/IN4tISEBUThsJjRRg4JgkAUGmqpcuCYkMQFRMm29/x3SexfX0Wf+/hcDgcDofD4XAuczoq55A+Ob0zmyMnPY42Kubsy1mclhK/SaPTIr5FEmFI2Z0SqwBDGKIbAMAmyRwyNcMvpD9dHxSiUd0JK2CoSRfW9JfFzG3cbD32S/ocKWdfziIASEuJ3wQAKRH9rEKS7b+crABDxp8IMN4af7gpwLj7PTyH04tej3trcka28nnW2WPt6E/Ql2FqiLtSS4a7Y94HHsfZPfH67srx99TYcjgcTk/j482Nzxx4B8Zpb+tyf02In9vyC7udH07ndNh22YsLxWUvLhQBYMwwnd0yZ1jqG/HTgUIAkJU5Gp+xDABo6ssTq5Zgze+WuX78wYEIiomjIoySrfvuEF1Z7qjdN18cFx68724AQHLqYOQWHqIXAPT62ltScdNto8WbbhvNz9asjAwyQ6vzpeILm8DSppFHrUZGj8bIKxfKJBkipARHhNKLN/sDkjyj1fliZJDjGmNPrVy8yVE6i6PSRt6ApMDwRxqnL7DnX/8rkuvCw++Ku//1v+KY6fOx+1//KyanJWK3db0j3lr3rkgu3X3s7aKIdlGEaL2QL5YFQYAgCPD18aEXwO6PjZSGMjOCYkPofFRMGAymYlkbIsaoLSPyC5k/vvskvtuQzeUXDofD4XA4HA6H43Vy9uUsIheyLDe/ZHHOvpzFJX7hsBgrkF/divzqVgA26cJQVCpLHhmiG4BxMf6kdA6CQjQyuSIgyl8mXpSfr7GTL1rMF9XkC7DHdrmMf25+yWIy5j09/pBSYDgcTu9M+vDIMTmTCrooTLh1XG4KDNmX4P3M4XA4HE6HeK0E0pSIBQCA0MAAjMHNCA0MwJ7qTwEAUYHSD/iVjWVd2jbbPyowVnU7P5zOwfXD0+k0ADqv3A5Je6ksNmHKhCScNrQgSmttowVOG1owPMEPQ+eME6MSYwDYUmE+ev9b3HnvbFjqG2Vljg5mr6dlkEgaDADcevvETskvLEExcWhtkqd9zJn8saAmtiiX/e0/d4rWP+fT9WxyzDdfHBduum20mJw6GG889zZWPvEgAKkM0uGv8ui86dxF/HHNU7jpttEiT4OxUWFsg1YXSxNXAuKkwSZCilJGIctJaSJAnuTirf5B/rHWY3Ve/ghtTQD8XbrtauWQXMWlPm1NHW5nxqIp7D+3RADYsXmPMGPRFOzYvIc/QDmdZv8bW0VTaTlue/G+Dl/nftj4ZxEABg1Pwg8b/yyOnj4Px3d+juS0RFQXH0J7u4hg3Vi0ny7Cv19eId615k27bf7zvffEpETpeRup1eKf770ntreL8PUR8MB993nltZYIL9YTeNk1K8GQtgQfQXD4rzVzrZkmu7AQCYYIMuZaM01+cYSaKMPhcDgcDofD4XA4nsRVoYSIEGkp8ZtSIvqhpBP7IHKFUrJg54msodwfH3+J3PwS2fiDjz+H0xvIhvsldjx5LB5LWRIEIUMpnriZFuLWWHWx9FK28vu9rowpx6X7hw8Ch8Ph9DI8LsAQ8YUlNDCAriMSjLdQyi5q8gtZtvCa2XTZmGE6lGiBPQeKAABRWkl0iY/SobLCiD0HipB2VQzio3Q4dkZe9/ynA4XIO5NLyxyRpBcAtAzSE6uWAAAyZkzGy/9YjzW/W+ZS+SNCa1Md+gWEOlzPCi1Efhmvux2m/K1iTMocAQCU65UQCebaW1LxxnNv0+XX3pIq7ePTbzFnwWz+rGE42RCCkUYpBYaUHGpoLkMAEuBrqaftokMG0Wk2pYXMs/KKN/tLfetQYWzDyYYQzHF0w3wD4DjjQY6/v79UFqmT8gvp2yG+AU5Xz1g0RbxnqSSzfbChjE5bpRguwXBcIjf7oJh34BTmPL9UAAAfwQdx8bEd9vv+gyfE0dPn4cT3X6DgtPT+UVfyEwBAn1uM5LREAKBCzOj4edj5/uPi9Hufl519+vr4IDY2Fu3tIsrLy9HeLiIpMRHR0dFgE2EeWn6/x2QYcnLW3t4OHx8ftLdLtdB9fHxUT45p+07sw5HkEpeWgNJcg2ydK1IMh8PhcDgcDofD4XQFFdFicfrkdK8mzsa31KDEHA4AsnI8amkjOftyFqdPTt90qYoXnk6uYcsfeWr8+bOEw+kSvUGC8YqowUowniiV00WJpav93S3J09GYZnTnfcHhcDgcTmfxqACjJr+o0ZnkF4u5BQBkpZDY/uy0M/nFYm7BAcMZ2vb64elS3wgp+aVEK8ku8TMlwSX3iAm4yirAFJswfaa0zZJKIyqLTbZ39B37MD5jGZZfdy8AqcwRSX8hLL//JYzPOCvrM2qkttPjSyQYZQpMrkFAWoIIU/5Wu081B42fYDwgLrlmIUz5W8WDxk8A2GQYAlvWaHz6dIxPn443nnsb196SCtO5i9h67lvb/qwlkTgS/mEVCIgbizYADc1SSSJfSz1NXfG11KPcXIDokEEoNxfAF5Alxfha6hEcEUrLGXmzf5smGAFxwfBv/hloCHF4m555Y9Pipx6a67AMUmSolCBTVdfmcvIL6fNrYTUiwkNdGtvm5mY889aXHX0JIXywoUycND0G9yyNxdlCET/uNAGXeD1sjmepLaxA6oQRyHp8gygCSJ0wArWFFa6cfKKu5Ce0t7djzI3zUWf4CQWn9Rg4LAmiKKLwTBGd3rfvOCZPBkqq5a/h727YIMbHx+Po0aOIj4+H0ViKgclJaG+XXpZ9fQTExycgShuFt9a9K3pSggEk4QUAfH197W6b9SSfPfmHq/8eiYoJQ6Wplia5jJ46Esd3nwQAuzJJlaZa2XqyLC4tATcuzRD585nD4XA4HA6Hw+F0RE+WBzIUlQKwlzIsxgpodFqaMMKKGMrUET7+3hn/qelJOGRqdjj+XZBfFgHYzJ9xHA6lJyUYrwoXnhBfmG11lwTjLfnFlePO6K77hsPhcDgcZ/h0585cSX+JCozFlIgF9DJz4B3SCYtVhHEVpQyjlF9YpkxIkoQXSIJLlBaISoxB7hETTXspqZSuc49IZZKUHDOexa23T6RJLwAwRjcUY3RDcevtE3Ewez1d/tzajbh7+QtdGkOl/ELINUi/DW78aYtsHpAkGGfcdNtoceUTD4Jc3njubRzM2QlAKnk0Z8Fs/HHNU5izYDa2fvotf9YwPPHIR0JzrRbl+T8DkEoM6eJTZW3aNMFUQvG11MvSWsh6grf7A0B5/s9ortXiiUc+dvSD8mYAeOatLxc3NzerNqiqa0NVXRsAuJz8Qvq4Kr+QY2CPyRH3LI0VftxpovLLpOkxAkmC4ekvnE6diMImv5iM5XTd1sc3iAf/kW139jj93ueFwjNFKKmuw1f/eR8AUFpjBgAU5RlQXFmL9vZ2FOUZAEipMKzL8e6GDSIAlJSUID4+HtHR0YiPjwcAxMbGwscqvwCAqbwc5eUmj95eVmQRRRFtbW1oa2uDKIpob29He3s72tracLG1Fe3t7bjY2opW6zzLdxuyhdJcA+LSEqjEAkA1zcVca0ZprgEhYSEOyxzx8kccDofD4XA4HA7HRRYxl26BpI98er4JOc2tqNRG03XjYtS/IyHLW8wX6SVnX87iriSP9Ka0kpx9OYvIpTeMvxqGolKMi/FHfEuNR8afw+Go0u2yg7JEUV+ASDBevN09Kb90qU9P3o+e2HdfP34Oh8O5VPGoAONMcCHrKisrUVlZqdpmSsQCDPebbLd85sA7qAjjqP/6bUcB2MstgE2GYdeT7Sx7cSH9REAkl0rrn/6jEmNQWWxCVGKMbD0A2u/DdY/hiVVL8MSqJVjzu2VY87tlyN6xD2N0Q23v9DOk28TKMZ5kyTULAQAnTkoHnmsQcLX/NDrNriPLSFoMkV/SBo5D2sBxAICVTzyIw1/lITl1MOYsmE2Xpw0chzkLZuON597GN18c5//Gt3LOVIHolLHwtdQjIC5Blrzia6lHU6kB9dV1tCRRQFwC7dtUaqDLdfGpXu/va6lHdMpYnDNVdPTlEZ5auXhTV8oaeZIX1yzaxB6TGjs278GdN25ZBADlpRcAAM/e9+miDzaUcfmF4zLjf5ch1BSUI0YnfXFWbiyn5ZAA0OVqTL/3eeF/1rwl3P2Ht4TCM0UQRRE//ngCyWmJmDRpJH788SSKKmowadIoGCpr8T9r3qTbrayQ3s98fHxgNBpRVVkJXWwsdLGSwFVeXg6jsRQ+PgLKy8poWktH7H9jq5ibfbDDM172pJiUQLKbFkX4WEUZH0GgFyVqEgwrspCUl9FTRyIuLYGKMM5kl9JcA77bkM3fbzgcDofD4XA4HI7D7y+6i7SUeFoyyS+kP4JCNIgeHI6gEA0qtdHIaZb+KHDOeMGu7+4cqWQuES7cFS96Mm2lp46BHf+c5laXxz+/uhW7c4qQX91KpRcPiC+L+NOPw7GjO3+Mz3Ylnbg34kUJpjfJL57oy+FwOBxOl3G7BJLF3CIrT0REF1fKIbHljVxpPyViAT6vfMdu32Q7+cUirh8uyTApiYKdDMPOnyiX/o1/2mBLlsk9YpNdlFRWgJY+YvtoggPxf5v+Ckt9IwDg7uUv4Lm1G+n6Y0ap9FH2jn0eucPIfjTBgQBARZYTR2pw9STrbTtSgyXLbSWWJCGGpMPY5Bh6AmkVXDZ++TyWzH2cljiKGdIfaQPHIbfwEA7m7MT49On8GeOAplLp8RQcYb8uOCJUltria6lHQ3MZdPGpqK+ug7EkD9EpY+k6b/aXrusuyftg53/2LsZvrtu08z97FwO25JcZi6aQT/4CANG6jv+gzrFj/O8yBAA4+I9s2eni1sc3iFeMG468Ayc73Mb0e58XAGDn+4+L+/adkN4X/vAWXXYXI78QkhITYSgpQYI1+eXI0aN0XUJ8PF1fWVGJkJFDHO779NYDYq2+HBNXzhHCkqNRXWDq6GRZJrooaWflGGbaRxBk80oayqQEHDWxhV0Wl5aA0lzptZOUPOJwOBwOh8PhcDic3kj65PRNbDmdyIRgBERJfxoKiPJHQJQ/miqbcchQj3Ex/taSPDZy80sWp+u0m/hIdv/45+aX8JQXDqf76I5ySJdE6oWHyyF5S37hcDgcDqdP4nYCTMOFetXyRGwaDDsdFRWFqKgoWf8xfje7vL95Qx+Q9QeAjw6cptN5ekk4yS+W3vBJMgyZB+zLI40ZpsP0melIu0pKfCGiC4EsS7sqBtNnpmPMMB1d1y9AKudChBQ1xmcsAwAqxjyxagk+XPdYl8bb0X6WTLpNdblSdgGAUSMlOWbrvjvooOQWHsL49OlUfklOHSyb5/KLOs+9eqcIABVGqRwQW46IoCxZxBIcIT1+iLjSHf3JsT736h1OPxU/88YmWQmk5gvqzkhzczMiQ30RGepr18ZRH0JH/f708maXvqQQRXEzYJVgAEz/zXWbAUl+uWdpLKzlkOg0I8VwOACkxJRTW/eLp7ceEEnpny/+9J749lefi+3t7ajVl3dqe9PvfV64+w9SKgy7TNkucPhgHDlylMovx3Jy4CsI9GIstX1pp4uNQfOZQvzfnh2qj9+awnKEJmuxf+1WKsI4O0Y1+aVdFOnF7gMDk/zi4+BfNt9tyBbMtZIAU5prUL2wxKVJiVaVplqQ9BgCT3/hcDgcDofD4XA4Tuj2BI4rbhpBk1wazBY0VTajqbIZ5edr0FTZ7Pb2O5tK0pMpMD2x747Gv8FsueQfgxxOHyG7j2672yBlyT2RBGO9XPZjyuFwOBwOi9sCTNCAYIfr9lR/6rQskibED/OGPoDQwAC6rK6xqcN9krQYkjxjOF0AALguTS6HsDLMsllXArCXXyqLTbS0UXyUDmlXxdDSR0SEiUqMQdpVMYiPksSXkkojXdfaVCeTYEi5I8CW/gJAlgrDQvp2BqUEc9D4CZVaThypoTLMiZMVGDVSixNHauh6IsQcNH4CAPjPulfx4H13y7eXsxP6vPM4mLPTbt9kGUme4QCWwBScM1WgwtgGX0s9IqNHIzJ6tKxNcEQo2jTBaNMEo766DkH+sVRMIdOkRJE3+1cY23DOVAFLYIqzm7QZsC+B5D9ABBFiWGHF398fhrIGGMoa4D9A/rBw1IfQUT+mBNJmFz7wb57+m+s2T//NdZt3bN6DGYumAIDwwYYynC0Ucc/SWJwtFPHBhjLcszSW/6jOkdHeLqIqvwzVBSYEJkZAG6uFNlaLmN2V0MZqYSotx20v3ufxx42Pj4DQkUNw7NgxHDt2DIIgIDExET4+PvDx8UFiYiJ8fXzgKwiIj0+Aj4+A82UlqtuatGqO0NrWhta2NhgNJtdut+IEmS1xpLxIx+tDL474bkO2QMSVuLQExKUlICQsBABw8+032UkwRIwhbcg8l184HA6Hw+FwOByON+mMcJKzL2dxcY70x4hxMf5oMV9Eg9lCpYsGswVV1vSRjvaXsy9ncfrk9E2AlGziTjme3lAKqbvuq47Gv8V80en4ewkuwXA46mT3kW32KJ6QYPiYcjgcDodjj9sCjCbET1YCyWJuUU2EAYCowFhEBcY63R4rw3QGIsHszZVKBCllGEBKg8kvFrHwmtn0OKZMSMKR735FSaURx84YkXtEEl9IKSRyXVkBHDsjtTny3a+YMiFJtm1WZBmjG0rllydWLcHB7PV03ROrlmDN75ZRiYUVaNyBlWBGjdTixMkKNEb+AAB4Zfn9ACATYej9Vd+IjS//BW889za9HP4qD8mpg3H4qzw7CebwV3nY+PJfAHAJhnChtVVVKCESCpFPlDQ0l8FYkkenlUkt3urfgfxiO3lvk8tozc3N8Pf3l66Vwoq/P1hZxpU+ZF1H/TrzhcKOzXto6SPCPUtjhR93mnC2UMSPO01cfuGoMnn1XGHKI/OEyavnCmcPnIKxpAzt7e2IiYuGqbQcrW1t2LLve4+/5v3u1gVCw5nziIuNRWxMDGJiYnD06FHEx8cj3poKc/zYMfj4+MBoLIWPjw8eu/1uh4/husIKmIzlmP/S/QIAnPjiR3Hf6186PG62nJGzskZK6cWVOsvfbcgWiMxCUmFYyDqS+mKuNVPxhcsvHA6Hw+FwOBwOx8l3Fl6XDtSkFOWyFvNFtJgv0mkiXwzRDQAAJCTFAQBM50qgi9Vu0sX2/RJIOftyFvWUdNPV8SdjfymMP4fTx/CYXNHDkohX6UEJJrsb7kcu2HA4HA6nR+jn6Q2yMow7kCQYNSFGmSqzaN5IbP78pF07VoYhaTAsJA1m9q0j8e1/TyIgMgRpV9mEFxaS+NJUZcbsW0fK1jWYShEUI51UZe/YB6tvgidWLUHGjMnI3rEP4zOWURFGKaEAkkDT2lTXpbHKNQhIS5B+uCSyC+Gg8ROM192OEydtN2jjT1uQlgBMG3oPLPXSGP1+yUpZv1c2voFrb0nF4a/ycPirPLpc2e5y50Jrq/S4b8wHgrSor67D+VO74B9WgeiUsWiySikNzXnQxafK+gb5x6LC2Ibm2jZodbG0nFFV+XFZO2NJHoL8beJYQFwCyvN/RnOtFlqdL90W6X/y6BbaXq2tpjEflsAUeuxqPLVy8SY1yaX5gqAqrDjCWR9n22H7vbhm0SZXSyGxEBFGEIRF039zHcpLLwAA7rxxy6Lpv7lu8x0z+OOXo057xhCU1dYAe8sRo4sGAPgIPiitrcY//vup+LtbF3hUzvARBJSZTLjyyithNBoRGxuLYzk5dH10TAzi4+Nx9MgRhIxIwWc/7hLnT5rm9Bj2vPq5GD4oBnX6ClSUVXS4f/ZaNhZEirGWS/Lx8aExra5ARJa7//5bkSS/3Hz7Tfj6k28QEhZCpZeQsBB89srHXHrhcDgcDofD4XA4zugVaRuGolKMS4rD7pwiaHRatJgvwmKswG4jMDVd+sMckS8AYOyCK1F+vgYt5ouIGRK/CbClwLiT/kLI2ZezKH1y+mZv3+7ekjbDjn9KRD+UmMO7NP4eflxu5k9PzuVEJ0ruZPfAPvscRIIRBCGjm3aZ3YX2Gd7YhyAIGT0lOHlivPv68XM4HM6litsJMI7SXtSSYCoby1DZWNap7StLIqmVVEpNHopF80YiNXkoTYKhJ0UqyTA/nt6DFz//RtaOyC+kzBEgyS6kFNL0melIuyoGAZEhdvvXBAeiwVRKZZJjxrNUdlmw8DrbO/6OfVjzu2V2/RtMpV0e/5iUOQIgSTBEctn40xaMGqlFrkH6LZGVX8h0rkFAaPQM+mOjmpRjOif9i+L3S1bSi1q7y5lnHv2PMKCf5JGdM0lj6x9WgeZaLfS/6NHQLD3em2u1OH+qmia2AKDr/MMq6PT5U9U4f6oaAFBfXQdjSR6aa7W0fYWxDfpf9Giu1cr6AZIoc/5Utaw925Y9RunY/8/xj81t6qXIlFIMADalxeU+rtDVfmrs/M/exb+eqcHO/+xdDMAuJYbDIWz5wzui7mczrj7fH7r4WFSUVcLHR0DZlEj4QIAuPNLj+xw04WoEDhuMo0ePwlhWhnKTCdHR0dIlJgblJhOOHjmCwOGDERsWAV8f9afuD698KgJAjC4aJmM5cvefwOTVc4XOlm5i017Y8kfkhNxH6LynUpprwM2334S02CvoMiK83Hz7TaoJMRwOh8PhcDgcDofTm0mJkL4PuiM9FEtvGoKp6UnYnVMkazM1PQm/fnMKLeaL8AvpD7+Q/nSdhyWMy3L886tbuzz+HA6H05voxiSYbDf6ZXfQ35U2HA6Hw+F4HY+UQHJEw4V6h4IMQU1oARyXQpoSsUB1eWryUDpNpBelDEMgaTFxgQFY/6ct9Je8+CgdSiqlEkdFOb9i9q0j0VRlRlOVGSWVRpkcw/YDJAlGExyID9c9hidWLZHJLhkzJuOJVUvw4brHMGqklpY/YvuyAk1nWXLNQjq98actdPpq/2nINQj4pXmX1G7SbQCkUkikDxFoAEmCIYLL75eshD7vPE18YdcR2L6XO2a/ZOkx32wveFUY2zpcFuQfK5NjyDSRWaSkGHX5yJXts8fmQgkkwNe1UmQqpYo6RVf7uXrSYE2p2AyAyi/g/8rhOODTH38Q+/n6otJUCUEAyo3lKJsSibaMIYgJj8BDt84XFky63uOvewsmXS/EhkfgiknXIGTEEEl6KS+XLiYTAocPRsrEsYgNiwAAzJ0wVfUYTKVSPXSTsRwL//6AsPDvD3TpWNuZtBdyTS6iKKKtvb1T/7q5cWmGePPtNzlcz0oxpP2NSzN4iT0Oh8PhcDgcDofTJ9h1qBDnjFLqLJFiAKkUzyGT9L0HES9IyR4OH38Oh8NR0g0STKe3LYqi2iXbwcWuLYfD4XA4PUE/b21YE+IHuPiHbjUJZkrEAocSjDOefngenn7tc6sQcxKL5o1EcngyNp/+iqbEACdxXVqgTJppqjIj25oKwZY4ItPf/vckjuDXjm93cCD+b9NfZTLLgoXXYcHC6+zEF2U/gqW+0WlbJTEpc4QT694VlyzX4pefJMHlhH/F/2fvzePbuOt974+8RbZsS94lJ7GVxPHSLI1bDk7TNrQ00BROSmnpRrnA00ugtFxuubeclnsOD3C559BCn0sPD11ooQ9wgJRCe0oLNIWUltCm8blNnLVe4iTyEku2ZW22bHnV88fo99NvRjPSaLHlJN/36+WXrZnfd+an0TK25u3PF5s2Rm9ffqWQ8vK2XF4Rfx4+/bswG/fTR7+tui962cj5x//2C8M//+9PhQOox5RvMpKyMoqGmipM+apkqSsYBgBJRGlAZN0w0FAzDyAquBzvjo7jf7jXSOv59oalZb3Do+gdZqOi+2qAMD4yNmQqjcw5fquRb/3gV5/8xn03/SpRu6NU2iIp6xORSvsjFUh6IRLyiSuvNeDKa/Hbt98IOwEAZty3CMKLGjdvi7Y0euHtN8Nr1q5CjsGA+YUwDAapFZE4Ro3cnBwuv+jZ54LGH6E5BgOXYABJiGEyjFKOUcLEFdb6iMkvTHLZd/QvWFWzGqWW0rhiTGR5mG2HIAiCIAiCIAgi8rd91tvwiO11AOC0Zw5ANN251zmDBlsBfnlEaottbpLGTwdmFy31ZSnaIG25asue5dAGSTz+0dSX7B5/UBskgiAyxCK2Q6JUFoIgCOKiIW8xNx4vHSYR+z2/VU170UqMEfnmV26WfY/3MxBJc3kI+NzDt4ZlyyJ87uFbw0yEUSa/aN53hdCS1HFLQn5h/OK7fzAAwPEfPR3+xXf/YBg+/bswIKXD/PfDT3P5pWbdxwy/+O7HNLdDgktq/ON/+4XsuP3z//5UuHf4NICopCLSUFOFExOlQERIYWOV69l2f/f0jWG2DZbgorZOrBfHM+HlY/rujvSBUm4RgNgL5BXmXADAKYcHhcYCXRKLWFNeZtZ9XFldKh8ihMNhlgBDEEnxiSWSXrS45cprUtp/qokvShbC4Zg2R6IQo3ZbRCmvNFvXo8sVFUjf+tPbsF9ah1U1qwFAti5RWgxBEARBEARBEBc9y0KCabAVAKjFKgCoibbeERNI7tpixi+P+HnqyGK3PLqYJBh2/AHIWh/FO/4rp70IrVv5q67T50iCIQhiWbMIEgzJLwRBEMTFdS6lGDKCIJS/YEf+aIdaCszU1JTUIml+Uia/sHZGakJMvBp2W/yZIaS/7KH3KoIgCIIgCIIgCIK4eFH5J5clFzGa16381Qe21KHBVsCTRlj7ncF+KYVkVV1tRNCQ2vOcW1GGldNe/OH/9H1ysee32AKMSDZEmFSO/6q6Wgz2D+G0Zw6LKL8w4h5/+myLIIiL8NydUOJZ5LZPac1NJ69k4/19OR9bgiCIbJNHh4AgCCXfuO+mPQDwrcdfwje+/MlfAeDySmFhIaamJmNkFWn5FL89NSN9MFVYEI5bo/YzIMkv4jwIgiAIgiAIgiAIgiCWC0yyUIPJGQypTRKRjePP0mGWQH4hCIIgCIIgCGIZQAIMQRBx+dYPfsU/IGAyzLcef+mT3/jyJ39VWCCZzSzhhS0X65Q1yhSYiOjyq8LCQjHxhSAIgiAIgiAIgiAIQouspI+ILXbiMdg/hAabHavqaoH+IZxeojmKqSzhcHjR0mAMBsP5c/wxtJQCknhcqB0SQRCEvnPKrqVOKslg+gtBEASxDCEBhiAITYQEljsBuQyD+UnD1BTCXHy576Y937jvJnzrB7+SbYOLMPfdtAfzk3u+9fhLdzIRBoABwJ3fevylT6rtlyAIgiAIgiAIgiAIYrkgCRUShWEjpgwhfvuaNjvebHfIxkspJLU47elf8rkySWUxRRg6/nFhMgx9xkUQBHGBo9KmUQ9MwqE2RQRBEJl+X6beowRBEARBEARBEARBEARBLGeEi0t3ZmP/zetW/uoDW+p4a53CsBEAMGUI8ZY7vc4ZAFICyaq6Wr7sr0f6s9qCJ5MSTDbSX87344+IBEOfwxMEcRGeu3UnrSxVCswipL/omfeubGxzqZN1CIIglgs5dAgIgiAIgiAIgiAIgiAIgiDUUbbfYfKFEiZnsJ8Lw0Y02AqwrjwPzetW/ipb88+WtELHn3MnvYoIgiAuSBZDftFbQ3ILQRCEBiTAEARBEARBEARBEARBEARBqMDkC5YoAoC33hFb8LD0EUDeqkftNkHHnyAIgpCzCMksWdmHwC6kJr9kqp4gCOKihQQYgiAIgiAIgiAIgiAIgiAIHTDRgskXvc4ZDPYP8fViCokoaCyDFBI6/nT8CYIgiKVh1zLdFkEQxEUBCTAEQRAEQRAEQRAEQRAEQZwv7FmqHSlb74iIiSNKBvuH8Ga7A73OmRhBI1tkqg1SOBym458a1AaJIAgi8blq1/m4bQW7zpNtEgRBXLCQAEMQBEEQBEEQBEEQBEEQBJEEolTB2vMUho38tnLMac8cuk6f+yQdOTr+BEEQxAXLrvN02wRBEBcUJMAQBEEQBEEQBEEQBEEQBHE+sWepdzjYP8RTR95sd6iOYS13WBue05655ZI+klGWMgWGjj9BEMTFxWIktSxh+gtBEASxDCABhiAIgiAIgiAIgiAIgiCI841FlzC6Tp/75GnPHL892D+kKlQw4QKIbc1z2jN3QaaPLIUEQ8efIAji4iSTwsoiyy/ZFGtI6iEIgtB67w+Hw3QUCIIgCIIgCIIgCIIgCIJYthgMhnir71zMfTevW/krAFhXngdAkirYzwBwTZsdvc4ZNNgK0Ouc4ZLGchIvFlNYMRgMdPwTs4c+hycI4iI8d6claYTD4VeyuX+dsDkulZCie3/pHj+CIIjz9vxDv3gTBEEQBEEQBEEQBEEQBLGcSSDAgH3GuZgyBhMxuk6f+6RSylhVVwsAy1W+WLK2RXT8NSEBhiCIi/HcnbYUkqrEsYRtj17B0qex6NonCTAEQVy05x/6xZsgCIIgCIIgCIIgCIIgiOWMXgEmMvbOpZpX87qVvxLTSICLV36h46/JHuVzlCAI4iI5d2dMDNErcyyh+LLsIQGGIIiLlTw6BARBEARBEARBEARBEARBEMkjiRZSGol8WXZZaumFjn8Me+jVQRAEkTlEsUUpdpD0QhAEQcjOC+ma59/9W2/YNRyAY6gf9to6OIb6+bqtrRvB1mkhjkm1HgAOdpxIqf7T128HAPSMeNBYXY6eEQ9f11hdzte5XH5YreaYenGMubgS/gm3bN3wZA78E+649WxMKvVh5MDnmUZ33yk01a9Hd98pvq6tdSNfp4U4Jhv1n77+KniCkxgNzqDKVIDR4Axf11Rt4et8nmlYylfE1ItjslH/0m9eRFPbdnS374/WtW1HYMyFwQOvILe6KeFrKJv1TW3bcVvbGjzffpYvu61tDY47x9HecQKlFdaE+6f61Ot/fHu55rrpkJf/PDfpBwDkFZmxwlgWM9btnpXdrqzMT1gv1lRW5qe1//N1/l5vT0ZOpCvGSuX7rggkVaNnvBrf/HN0G6b6JgT7uvnPImrL2bJ0Udum3v0//smrDKns8/Ev7Qzf98O9vPbXD+wI3/7oPoOesedb/YVMy7f85/W/PnZ+w3zRPWbLiat++k54pcXEb5/zBeOOX2kxxYxJtx4AXM5R/rPVVoUnbrgcv/3qDQCAVdZKAIC9wcbHfPjzj6X8vGn4zsuw2qr4nwDivkWEMYg3Js16A1vX+7Ub6QlJLAueePgBfl6596FHDUnW6h5770OP0sEmiGx+iGlI6uV9Jx2xrAoYdPxVjj8lwBAEQWT1dwMRpTCTUlIKva8TBEEs0/NDum/QN//gpTAAlFbUonxFHpdNRBnFXlsHa00pDnac4HWiuJJKvXJZqvtnmKfcQFUzF1BEGcVcXImaogWZHKO1bDHqG6vLYZpZQIfPF1P/89fe4stEAUX8eXQ8mJUnV1WJic/FUr4C7cLxZ8tk4wUBRfzZ55nOyvzZ/KpMBSg3FaF7xCeba7mpCI88/ixsDY1w9koX0sWfmYjCbmuRzfqmtu1oqatEZ7/0XBN/ZiIHu60F1aderxRgEokg4xPFfLlyrBYlxRMx9VooRRLlPgpzzsWVYM63+SsFmEQiC1s/XRGQje0qnpSNa54oUt2GVg0br7U/rfkwAUZLQlGTXNjy0b5jcLz7JywUrAQArN28Afbtt8JusgAATr7XHlPrONqO4f4z/PbazRtQVb85pf0DSFqAefxLO2W/sNz3w70GcRmTSh6848rwI8+9bWA1bPn5WJ8J2n/9Ndl+227/jmEp12u+d14kAsxyPf56+dPT9+t6nESxQ60mmfV6uOqn76T8/PnMpS38558d7Uzr+KgJMM/858tQVl7DBRggMxKMUoDJ9t+QF7MA8x8NpQjMSg/Bjr7xRdtPxwn587x14xWGpVy/WCSQTZKSWETpRY1kRBjFtgxxtrkkz7Pz/fxBEIt2AiIBJhmynT5Cx1/tREcXSgmCILL5u4HelBjdMgy9rxMEQSzT80OmBBgGS13xTM8hMDYkG8tEFAAyGWWp6lvXX4cVxcOyeqUIo0xdAcCTV5h0AkAmriSqb2pYxxNeUqkX9782bw7Bghxef7DjPVk9S11568QR2fK54XPIq1nJpRQtKcLW0IjR8SDmhs9hblL6QDevqET6nkS9kqoSk0x6YTJMm+L4s9SVUwPyD5NZwoyyXkm81Jlk6pVYyldw6QUAl2Fe+s2L/H6z4zI/0i1LXhGlFC2yVd/UJiUgtdRJF2k6+90IjLlkySWi1KHFcq/XerxFSiusXBhixzMZxHp2XBPNnwkwemWQ5UJhzjmYyu389vk6fybAMNFEKbKIMEmlq3gSzRNFcceq1SXaPhurZw5MhFETYABoiicA4Nj/Gy6+5Myc49+rGq7GR+/8sjQm6FPdzv954VEuzDByZs7B/r4Pw779Vs19a6FXgPn1AzvCAHB4cAp1lSV8eaVxTjbOHZK6Ova7x/k4cczhwSkAUF2XjXrlerE+HQHmR1+8M7zlGjtcXQ5Ym+2ydeIy5XpXlwNdjhAsRiMyWa91QU0UYEJWwOiSr3e73ZrrlMQbk0p9ZWVlwnotAeZ8Of7xEAUVR6+TyxuOXqf893JB6mDrx8clabGkpFhWJy6Ptw1GIknk9peOhQHt5BaW7sLWP3HD5dLvf0OTGPj+LXzc6q+8gLbaIrQPTeKRvfu5YKKs10JLgNl0yQbZfROPY6oCzO0vHZN9xqY2Rm2+YtJNIpKoj6ZY3bT5ovsD2rOlgv9cfmQsY9v91W9+Em5puQROpwM2m/z1Ly5Trnc6Heg8chI2+xpksn6xhBgNASYMADNB6TlYYIo+70ac0nvPN//1lwZhG7Lxibj/20/G3Jdv/te7wgBQbYu+VlX2H1O3WALMhXD+IIgl+RAz+f/yvpgljOXQfoeOv/KERxdKCYIgsvG7QartkRKKMPS+ThAEsTzJW4yNqrUcKq2ojSyvi9uSSKueLS8zXYeOU6+nVN9x6vWYNklqsOQVZcshabmUzOLOMWNuqF+1LZHYxshqNfPbYr1WSyM2Tm29f8KNM8WV8Puk7TFBRuT3+6P/tR8628XlFUCSYEaxUlVuEdFan2p9Xs1KjI4HMXriCK7auCVuS6T2rmH+s3Jcd98pNGF93Hq1unTrm+rXw+eZhs8zjfWrwVsiyZ/fVnS374+RTwBwoSKexJLt+k22EjzffjZGHgEkqSSRhLIc6wNj0hXL9jH1K5+i6KImv4ipOolQ1geEfXZCn8Qj0udXlyDqzUWqy9867sF8URFyJ6W6qzaVJ9zHW8cliW6+qAgfWGeMu2+1/U6HvJpJMOfL/EWYeJI7VqG6P/6uUDyJruJJ5I5VYL5Cuug1eLQUKyylmPZJYkr9qny+TjmW/Tx4VJJXVlhKYS2ewnzFGB+rBlsvCjVK8YWltzgiKStsPZNSgn3dCPokCSNn5pzsOwC8+eozuOaG3aoSi+NoOx/PJBhWG/RNyWrU0l9M9U2wmyxwBH2yucWDiS+My1YVwh2Sfu53j6NyVaFsfKVxDu5QnqagItXnyQSVbNYr14v1aq2TEvG7b90ZZhewjrzpgC8UAuCIPscdocjvDtIytt7aLF3sEslk/e++dWcYAD72jT2q9ydkBULSUxcTJ9xIFrE+keiit57JNwAQygNWofKCPf4iymQWJryIAovaegAYH5+APyjN0esZRll5DQZdbphNRr4cAPzBEMwmo2wbahIMm4uWLJJITDnnC3I55cGd23lbIgC46qpNfN/hPV/Ab13S4/3gV17gEsw5XxArLaaY1keiGKNsD/SZS1tw8g/PxMgvgLbokyqHOqOPubJlkVZ7o0Qtj5QyD9sWu//i+stb7PRXdAb545/3hJmA0tn5HpyOs/LfhY+clF73Pul3FbbeZrPD6ZS//jNZ73Q6wgDwkQ/duSgixMljx/H4r17DEw8/EGbiiS8QgKW0lEsvIkxYsZSWxqzzBdTbSbKxj339i2GtMeK+LKWl0hwitwtMpvC9Dz1quO+T12PD5k2L8vhfCOcPgiAIgiAIgljG7Eqz9hU6hARBEOcfGRdgpidqAMSmLSjTWJKtZ3iDp9KqT8TwZA4AxBVUAGjKL3rrtdaxekDeBkkJ277DGb14yZJXmICiJqfIHnyV9WJ6S6bq54alOebVrMRbJ47wFBklTCpJJKjEI912SWr1YlupUwPjPEVGbOEUGHNhfkQ7+aC0wqqazrJc6o87x2XShpJNthLVdJXlWK+2HS1BSJSCBg9Iv8sqP25niS5agpFavSjNBMZc6BR+Vs5fmZ7S55/EQH8oZvur64wxcgcbNzA1DkxFU5PeOh6tEeUPcdsDbPzUON6aLOHjxe1y6uQSydTCShROnsMKY1lG5t83MA5gXLVGa/59PCUq9fnDENtmCAD6BmMTbepXSe2VREGFSSwnczYAAQDs7XvwJDBYykUYUX7pG5wFBkulGgAIABt80fFq+2fLGSvGSmXtkJj4It52qKTCjPYd03yNmSyFCPqm8Ic9P4DJEhVLmDAz3H8GOcJ4UZwBgNG+YzwFJmbbEflFa25KHv/SzrBSMmFyCH9IK0sAzMXUiuPE8eJyNXklG/XuUJ6mBMOOAxBtjRQPdpHK5wsBFsBiNMY/14WirxHx4tdi1rf/+mthtf8mZ9KJlvySSGph67XGZaLeDbcsFeZCOv4MZeoLg4kvosQiora8rLyGSzCiFMPWKWvY/uwNNtnPbF56E1OYnCLKIS/evZPLL0x8Ydv709P3hx29TqyyVmLQ5UZxxy/x4t27cfOze/n2lKKNmgwCSJJNW20Rnvn6k9h0yYZF/ePtUKeDP1ai/AJExRS1BBs1MUast9qqZGkvyvsv1h/qdIQvb7FftBfFy4+MyVJg0uGPf94TBoDOzoiUYl8Td7wot4jyymLWd5x4J5zpNBgxRUVMcWECiux3jFHp/FBVJb0Pa4ksqu+XccYqt8vGi4INm9vjv3oNQML2TUlzIZw/CIJYtuyhQ0DHnyAIgkhLfhG3QRIMQRDEeUZGBRh7bZ2udJatrRtlLYw+ff129Ix44BoOaNazMY3V5bDWlKq2QNK7/4bLr0Tvobdj1jVWl6NnREpfyautAxZiE1b8E240VsvTCa5vrsdZj3QxltUrBZcdTbXo94ZQV1aAfm859h87GzNGKbyoyS9q+xcR01e01tsaGjFw7FDsk6Fm5aLWszZMba0bNVvS6Eln0apvql+/qPWsDVNTtQXtnmhSjZiuoiVHdLfvh62hEYMj3TESRVPbdi5taNWz/ZS2bcd7rzyj2eIolf2L6SRqcgkAPN9+VmolNOaKkThua1uD487xuPVsP5va1uDHf3xHs8VRKvtXS1dRpt2wZBa1+5/u8VOrV6bHiFKOOP+gxwEg2lJGVVBhqARXiWMKqqMf3g+MuKM1dcL4/pBqjWy8YrurC0ukOSkkkrwic9z59w2MJzxniGOM5ZXCcuHxVMxfrUY2XrHd+tXa85+Zki7kiekvTD7hggpj8GTM/MUxN74vesHg5Xc38Jp6RC+Q9Q3OqtaI45Xb3bBwEn2Ds6hHhWoKjOb52GTByffaY5YrRRYAPNFFFF8YTIwREVsnsW2utciPF0uB2XBJm+rcWJslNfrd4/y7KItM3P4ENtmi8slx5zi/Lf7sEH4WxwKIqddalsxYvfXiXJXrx5+SJ4MzMUaUaBJx8Ih0TH2+ECxW6bnlcgFWa3SdxRJ9nvp8IbhcRlit0jiHa3Hrb2rWnrue5JeQcHpQyip6kl/SrR/Mi0owauPP5+Mv+z1ZkF8GXfLHxSv87iNRo7p+281fxETrXWirjX2vOvmHZ3DgxSdl22BtkcR9ayXDxENMZbHaqvCZS1vw26/egFXWStX2Qx/+/GMGUYLpfPNFTLTexbd3qNOBy1vsCdNmlpId9XU41OmQiSuitLKjvk42fp/wy8M5XzBGmEm13uUcxY76Ouzr679o/4guv3INPG+fzci2XtzzewCShMIEFJ9vEhZLEV/X0hIVU9g4i6UIPt8k/vLqXxa1/r7/9qWMHjutFkJMVuk+3Sc/1qXSc5QJKwxRXFFbrxyjtl5tf03r6qX3XJWkmcVof3ShnD8IYplyJx0COv4EQRDERcuuDG+LJBiCIIjziIwJMK3rr8OK4mE4dAS9iCktW1s3crEFALZv2o6fv7afj93auhHm4koccM/iluoqODEPQBJixHHJ7L8kEPufTebiSgAL/HalivzCEFNetm9eg7OecawpL8FZzzh2NNXiF5HWRO4cM7ZV5gIA+r0hrCkvwXxYurj6mWs242dvHuMSjLm4EjVFC/BPJE6PEffPEJNXgPjpLaPjQeQVlchSYvJqVqKqxATn8OLX/35/e0wKTDLJLWpjm+rXS4ksfYtf3941DEv5Cr6d0gorT/+IR2mFFbnVTZgXJArWLqe0wopV23bxpBKGKFAwaUI5Lp39A9JFWC0hSURKYZFa/bD5tNRVChd2N/JWRIyWOulDZ/Hib1urfFw6+0+mXuv+p3v84tUr2yyxx1IryYYxMDUuE1pmRtyxQoxO1NJY4u0XiJVpVheWJLXPvoFxmdAS8rh1CTHpzp/tQynT1K+OP//miSIuwQCSgCIXWkKxQozeOamkyWjB9qGUaTYsnJTNNe423mvn7YXEVkRi+osor4gEfVOqEowarJ7JMwDg2P8bVNVvlu3/5HvtMgmGSTnxWiDVVZbIJJjy+/4Nm2wl+PEf38FLv+mRJSx19luFn928FVm7opUZez9V1pdWWGUCndjKrL0js/XtEVmO1bd3RN8XbrtnD447x1H863v5+ML6UlT2Jf4vd/bf4yL8YhZCcAiyhs8Xgg8h2TiHisyxGPWuLkfMf5GHrPrbFqmNW+p649yFdfxj6lTkF1F62f2Tw2gfkid5tdUWyaSW3T85LD2/hybRPjSJnx3tlEsprXdhc0QyaastwjP/+TLeEomJMEoSpcCoJb88ccPlOPmHZ2TyS7xtsfs78P1b8OL3XuUpMOL2E6WpKLcl7pcJPXrTbLR4ZO/+sHJeSmlFRFzHZBZ2P9Ktf2Tv/os6BQaPvwukmQLD0l9ERBlFpLPzrGwZG7cU9ZGkmIymwDzx8AO496FH8cTDD8Qcg/JSEzyB6OtN/JmtB7SFFtnfrZExym1owbatmGv43oceNbA5Z4oL6fxBEMuUi1m+2EPH/6I//gRBEBc7uxZpmyTBEARBnCekLcBsbd3Ik1ta118Hve2HtrZulCWZbMt9A9tswIH5a/k6JsZsy30dK1aaMR3wYw0AVF+LnhEPtrZuBCAlt/z8Nf379wZP8RSaxupyDE/mRNJWpIumZcWNAIY1660z06ipLsf1zfWYD88i15APm/9l2HIBp+FGbN+8BnVlRi692PwvY0WpGdN+SVjJLb8RZz3j2L5Z+g+7ujIj9nUPAaiEO8cMqzX+/Nn+3TlmtFnL4PNMY/TEkaQeN5twIW50PIi54XMYFZIcFqtemQLTVG2BJziZdOsiVt/WuhE+z7SUzoL1i14vpsB0wwdAuuAZL7mFERhzRVrpRNJcBAHiOt8bQC7wOqx8HZMkrvO9IQ3ySY10Xq+4FoExl+wibLL7FznuHI8rY4jjbmtbg+fbI2kuQnrB2GvPohYAbHfzdUx6GXvtWWlM5Pr7puvvxnHnOJdjACS9f7X5s5QVZfpLovufyuOXTD17nbDHU7yveUVmFE6ew9RC9LUzX1TE2xl1uTwAgGarXIZhiKIKGyuOHxiJvTCgViNuX768PDonQRAsKZ6IP/9IO6Ou05HtrJPLMAxRVGFjxfHKZBetGnH78uXx5w8A0xUBWRukFZZSqZ0RgKf/LD3Yn/9QVOB4+d3oxQNRVHn6z+1wHG3HcP8Z/OQHj0XGxkozYs3ue27FQsFKPl7clrjfFZZSAFOyOQNSWyNTfRMcQZ8s8YUtV8ovyiQXxtrN0XmeOXaS31aOF8UZpUTD5BllmyW1+bE54srYJIIH77gyXFdZwpNfJm5/AgDwzX/6H7KEJXYOYj+L7wFNbdtjXoNq7w3Lqf759kia1u1PwP67z6OwXnpOFtaX4vEv7QzHa4PU5Qih2W7kbQ2U7QvEdgfZXi+2WwD0yydaZLv+fD/+DNb+SGxBZDYZ4Q+GUFZeg09871UutDyyd7/8d9KI1LL7o7sBgEsvQGybIJdzFI8olr34k8NcoCkrlxJlVkXOSXpTYMTkF5HON1/k24oH24cy8QZATNqKFo/s3Y8X796JbTd/EQdefBKrrJUyoUg81ulKMKzNUTxxRQ02noks6dSvtJhkwhGRGp1HTqJlywY4HdLfFDa7RX6eiCznf39lcb3T6UDrxisyeffDYjshlv4yOuqWySpjXvk/pVSUmTWFGEYi2UW5TbZdsbaqqlLWDkkQdTImgVwI5w+CIAiCIAiCIAiCIIjlSNoCjNiKqOPU6zHtjZRIrYyicsm23Ddk67flvgFUXwsA+KztqOo2mCwDSMIMgIgMMxyTDKOEzc8xFE2fYbD2Qj0Y1kxhEdsdAcCqwKuy9Tb/y5gvuwG5hnxsy30VUAmSYbIMADjNNwJARAZawDXWBfyuV54C484x80SaxupydI94gBFgW3U5fv5a9Fiz9kTO3h5ZOots3+yi4bC8dctS1o+OB7l80j3i4+vitSdi8PV9iBm7VPU+zzS6R3xoqrZIj6FwMVYLtr60wioTV7jcItx+vUJ6Tn88t5NLL4WVE5hyF0drIs+f1y3X8u0DiEmQiXnchIu1bFxnv1u1jZAIW7/JViITV5jcIt7edP3dAIDaY7/h0os4fy7LAKiIjGXbVCbIKPfP5iqOY8vaI8kL8Y6/2v1P5vFLtZ4RGHPFJOAoyZ2cjFmmJrcol6uNb1a58KdWo7Ud+ZyMus4JqvNXkVuUy9XGK8UWrRqt7aQy/2lfAMoeQUxIcRxtx7888GW+fPc9twIA/u4W6QKO/dI2mCyFePrP7RjtO4Z//NzumO2zGkZN3Vr8j0d/wOs151Scr7pOlGBE6UUt+WW4/0zc+26yFKIGa6V6DVmGoUyQEdsgjfYdkyXBAFBtxyTy+Jd2hsWWR0BUfnnpNy/GjBdfb8rXZiISiSzZqv/xmAuf+8gVELOSpvoCuO+H++JebLMYjehyRC9SKS9oPWd/Snb7Dsc9S7pe9lp1hPCxFH/fdLvdWExYe6NEc1COS3T8D+58Tv576N47lnR9ouPP5BclJSXF8AdDWP2VFwAgRnxhqEktyXDvq4fwxEd3Y6L1Lgx8/xaeBgMg6RZIWogijVI+YW2QxGXtQ5O4vMWetODRPjSJto/uxoEXn+QyjSjgvPXWcVx11aa07svlLXZVcYW1IoppYaSyfDHqidSw2deg80g05U0ppLx8T7fs9o1PNS3pepHOIyfxkQ9l/hjMBIOq8suY14+KMjM2fTC2/87xv3RxYQVQF16Y5FJRZo4RXtS2OdTh5PuMkWAAFJhMGb/vic4fW+5/WHb7yGMPLen6TJ2/CYJYcih9hI4/QRDExc6uRd72kqTAGAyGVO5n3LmFw2F6dhAEcdGQl+kNiu2NRCTxRbpI2VhdjmvLDmM6EBVcVpRKH2JNB/wxUgxbt6LUDFO5HXNzRZgOvCcfG0mF6RnxqEowrEWSKOe4hgNAOCwTXVh7IaX8IoovdWVGrMMBnuiinL9Siok3f5v/ZQDAfNkN6PeG0BnIx/XN9XhN6MVTueDnLZJ6RjxcjmFzFdsfsZ+V8glvUSTIKaPjQcxNjsvGL0V9Xs1KjI4HVVNftJJgWIsiUU7JVn1T/Xr4PNPwmCYTvh6a2rbHtLvhqS4RuQWQBBEAmHIXx0gxbF1h5QTsRdJzyTHpl41lqTDRlJL9sv2rXSxWphSocVvbGln7IgA81WXsGFTnr5Ri4s2fjWWpMNGUl7Oy/YtyDhNhxHGJjr/W/VeThRarnklK4vwBB/KKzEA0kIS3P0okt+ghmbFa9c3WSqkNkoZAopw/a3+USG7Rtf/Tac7/tAfN6yrRN+DG6jp9Agxrf8SkF/7eGhFJmKwy2vs31fqq+s3853/+8TP850RCCduHWP/0n9vx+Q+14eV3N6AeiQUrJr2I801m/wB0t0BS3b/QQmm07xhG+47Bvv1WPi9R0FFy3w/3Gh6840rZX2GbbCX49g9+Jhsnth+zKVoKqcknbBl7DS/X+rZIot1x5zjwsad5CgxLgonHlmvsOPKmQ7ZMKaXoXZfp9aIMw/7TXUkisWWxxRflfvSIMImOv1JK0bsu0+tFGUbt+CvFDzGxZHxcemNvqy3Cva8eWrTj7nKO4uZn9+LFu3cCX3kBA9+/BYAk4IjiSjLJKVZbVUyrJj2sslZi0OVGcccvsaP1Li7AuJyjshSYlRYTzvmCMW2QlCkwgNRCqqy8Bqu/8gJW7fnCkjyXtWSWpaon9NPScknkpw6+TJRScs/I2x7+4cMD8g1keL24b1GGYUk1mSTSUijM5BcAMvmFSSrtf4v9/actsk4pwmiJLrWQy3Sq27y6EbWw8W16AkFUVUnnA18ggGqTCfc+9GhGWwCpnT+UUoredZleL8owWudvkYbvvMzfJ9/67BVZfV1d9dN3+Htz79dupDca4mKD5As6/gRBEMSFzy4d66hVE0EQFz0ZFWDstXXoOPU67LV1sNaU8uQS1mZIamckXbCfDkTFED6ZIkkQCXocAABTuV22PuhxIOhxwFRuR165HYAjsi0/T4X5qfNSHHDPc+HGXFyJ7tNn0HHqdQCSCMN+ttbILyyZiyvhn3Bz2YSxprwEZz3jvJ0RAEwjs/NfFXgVq3KlRJuznnGZcGPwzaJ7wg3/hDRHRK6xiXNkrYXY96qS6H+psRZFzmFJRMGw9J/7VSUmDCAqqyxVPRtjKV/BhRPWWoh9t5Sv4PWsRRH6wMcAkMZEPaElrW+qX49yU5EsDUT873/WCqO7fb9MghHlFiaGAOBiCOokOUS2DFFpxDHph73IDHuRGY5KaRwXYXKBf59v4RJMYMzFBY35EekDbbFVT3f7ftx06808jURsa3TcKT33nm8/K5NgRLklk/NnqTBDm2/lEsxx5zgXXNjxFC8wi3P+8R/fkR7DiNQjHv9491/P45ep+sGRbqzatos/F55vP4sPfCz6OXqffxID/aFle7IY6A8BdUC9uQgrjGWYDnll68/3+eeOVaBvcFaW/hLTzsdSiKBvSia/VDVcHSOusNtiPatVMtr7N1Q1XC0TR/i2hW32Dc6iHhXAiug2xIQVdtux/zfRc45ifzV1azHcf0aW3rJQsFImrrA65XxZrZKcmXNYKFiJmrrY5BiTpZDPx779VtmctUQYZQoMe/1MnOlCsXA7t7pJ1lpITNZKxHKrZ/ILY5OtBMcFCebXD+wI3/6oegrMX3/0xbDP5ZPOaUapjUIiQcVoschuh3y+jK4Xec7+FO5w3AOL0QiL0Qhrsx3tv/5auO3278Tcn5AVCFkAoy/amkhVfmGnAZfKcgsAn8q6JOrdPjcq57QlmJA1/vFPJKjAorjty/B6gYM7n8PWvXfoOv5K+cUfXNr383tfPYQnbrgcAwDfd0lJsWyMXgnmiRsux8k/PBOzPF6t2P6p880X8YmP7tbc/jmfdnsVlgKzQahvH5rEwPdvSTv9RWRfX79qKguTV9TGiMvFmlTql6Mcs6++BKX5/CEOB2bV/7NNGIN4Y3TX15eojTGw+h1946rb6TjxTtjplP4WtNktcDp8ePmebpn08h8/dshqDDBgXXEewuEwzgTnEYZ8jv6ZBZgLcjSPUaL6938u+rfry/d048anmmCzW2Czr4HNZkfHiXfCrRuvyJgEMhMU/oljVHq/Z/KLmqTCX1ORdW2KJBc9oouebTIJZnTUzSUYca6ZQO38kUhQqa+Rf/bQN+zP6HqRLfc/jCOPPaTr/AEAX72shm9/75GusNa2xTnEG5NO/T9tKTP02XLokz4CkGSEO+kw0PEnCIIgLip2LdE+Xlnm9y+bcyQIglgWZFSAsdaUwjEEOIb64RiSZJODp97G9PrrsGntLJdfWBJK0BNJPwAwN+nHXOTCuVIcYRcqlcvzisyYm/TDZK3D3KQf0wE/Pms7igPzUhpMY3U5fv7am7Ia1qbJNRzAwY4TsNtW87SXmqIF+CekVkhMNvFPSB/G1ZUZufyymPPflvsGBktv4MLNa119shrWpml4Mgc9I/ILQ1UlJjiHgdDZLjiLSrhsIs1PSm1hbYpGx4MxbRiWup6lqTCYkKImqzBYmyKfZzqmVdFS13eP+GT/1e+EvB0OkyYCY40y+YUloTgmJUmkZrV04Xl4QLpwHBVH5LQ1KdIFBiSppKUulyeqfDy3E69bruWSxeCB6O85orzBYMkqgTEXOiFvh8QkjuPOSpn8spjzrz32G1RE0mA22Upkj5FaugKbPzvuTEQRj3+8+6/n8VvMemL5opRfGCZLIdBwtUyCkaSPqASjlF9k75OKWlF+UZ9Dm675Bvu6Mdp3DI53/yQTUpRIIou8hdFw/xnUYC2fh5asA0jCjFKg0dpX0DclE26UbZGUPPLc24aP77w8DADl9/0bvvlP/0O2fuJMF4rXxrYtYK8/tfcJ9j4Wj2zXs/dd9jNLiGKXTLXkFyAio7h8MW0TVMexc51R/l/cPoXQwtZzIeWI+nq1+ngyTKIxTHph30NWAMxD8SEqrGgdUuV6JsSkUl8Zvf+AXMoxupI//qK0YrFKx8/HSxS1FuV/2cvXx61PfPhlx1+t/Q8QFVBY+yNXGi2O9ML2sTqSAuMPhmJSYERYCovW/DrffJG3H0rUSkk8DiwFBoAs4UWZAqPFz452oq32crQPTSLw9F0oKSnGoMvN56I3xUaDcDzxZF9ff4ycsw/6ZZVk63fU12FfX38YgAHLEFFUSWVMuvV6cTpi0wyV4gsTW9aapB6oBoMksvROzPL10nL2TJE/KnrqzQU5fL+iCLNYPPHwA6qGkZjokohkBJdk0JrDEw8/EM5ECkznsEf3+UMUPupt1dLvFqFZ1bFlZWXxtxWnPp4Mk8w5Xm3eqYxJt54gBC4mCWMPHX86/gRBEMQFza4UxpMEQxDERUtGBBiW+HJQIRSsKB6OJLEMY1vuUZ6YwkSQPOFCOZNBmESywlim7w5EtiFua1vgDd4SSQ02T9YWSa29ECAJMX+3shb93hBWBV5dsvmvCrwKlN3AE2DEOQGQtZI6GFnGLroz0QSICiniMiB60Z6luai1N1rs+ryalTxpxeeZRlvrRk0hRQkbp0xsWcr6pvr1qDIV8OMuIoonl+zajcCYC9f53uCJKUwQUQohTCQBojKJuExkwW1AzepC1KAQwwNTskSV69xv8JZIQHzxgskuIqJ48rmPXIHjznGMvfbsks1/7LVneUskdjyTmb8e8QeK10226gFgfEL6D/d6cxEGoO8/7l3DklRnrSmLWaZcnux24lFvlv4r2e2eBfvH/JTm74rs11oWs0y5PNntJDv/FWOl2Hc6D6suHQMGo6lgTABJpiVQqm2H1FCrna8Yw76jpdiBUkxXBHiKCttv0DfFBZvhyD/xa8kpevaplviiF1abM3MOVQ1Xc0lImZajpDFy8X+TrQQvRF4/okzGJBilYCaem7SWiTXLqT4w1ohOxCZduUN5QPdk3AQYALA222FtBl567kjMOqPFAmwxygQOJUqhJYZk6q1W+EIh1YtkVqswJw3EfUy43bFpJwnfFNL8hVZInim26muFFO/4w4IYocUXijmA8XeQTL0lMsAH3cefyR9iAgqTQBa7/ZES1gppIDIHJaI8cs4XxEqLlDYoCjDK9keJ5JdkYPvTSoBhgkz70CTCe77AE2xWWSszOg9AntiSjOCyo75ONj7d+uXEZWUFCccw4UOkoThf9z7SrY/5PdJmh81mR2fnDzW3K+7TYDBoyi2y2pJ81TnrrY95G7IULepj1306+gfXmNcfk+TCqFtTAwDoPzuc1v4SbWfM6+dtkDyBIJrW1S/K/Y53/qivMccILUpxJZHwkkx9WVkZvF6vqgij5/y9pdme8P56vd6Ec8xUfTLbJS4KmJhAaSR0/AmCIIgLm11LvK9XzoP7RhIMQRAXLWkLMFtbN+JgxwmUma4DcCJmOVo34rO2o3y5qdyOubki5OVNxrShECUQsY1Qbt5K5OVFP8yOV88ElG25kgTTeP12/Py1/apz7zj1ekTQcQOolIkmjdXlEdEk2rZpKee/KvAqcstvxJryEvwyxwcsxH4Y1TPiQVvrRvx+f7vUZmgyGrEtCjFasDQWZ28PRrFyyeu7+07h081Xod0zzFshMdSEGLV6Nq4J65e8fjQ4EyM7sBQSQLpwGxhz4eO5nXw9k0dqVhdiwW1ATqV6vLqWOAKA17HvNasFiSTy/LnOJ0kwl+zazeejhjJlpaWukrcdKq2w4rhzHLXHfrPk82cSzCbbFXw+euavPP6JSPT4LXY9AJQUT3CJZHWdEegHBkbcaLZWossll/hEyUXtttpypdyiVqMlwjRbyzEz4sbqwhJpbhEqK/MBSO9fMfMH0DfgRvO6SnSdVszf5Y17W225Um5Rq9ESYZrXlSPkcaN+tfr8J6dGMV0RwA6UYt9RSX7ZsHASL7+7Af/ywJfxPx79QUx7oJj3gUgLIyVa8gtLf/mPF14yvP+Wm1RfQKz2Xx74Ml5+N4QNCycBAINHS7Fj3RymKwJ87IZL2oBL2vCHPT/g22YpLQsFK6V0lzgSDBunREt+YWkuV3xwN975yzOqY0T5ZaFgZTTxpuFqfPTOLwMATr7XHlP3+Jd2hgGgxxfCBwCs2rYLzt4erNq2C4ORMRNnujBxpiumljVKGYy0F1ITVLRYtW0Xfx1no16UZNpaN6Kz343jznHYjXNwh/LiJsCIqLU/shiNQFdqv98ZXdrSSzwsRqPMQ2FtkJLGhfSEljTrk73/qu2PEskti4HFKLNkWBukRIgtkGSHMQPpL2JySrztaSWsaKXAnPMFY7b3mUtbMPD9W9KesyjRiPtLdGw+c2kLijt+CfG3Xzb3NNNfcKhT+ttClF/O+YLYh37V+bFl4nox0SUT9Yc6HcBNm5fdH7iHvTPR39UULYuU7Y2YIJKo5ZG4nm2jNN+gWq9HxpGdB4T2R8r0l3WmPJzGHJ9rQ3E+wuEwDntnYC7IiZFX1pny0qoHpASa93/OztsgLQYzwSB8gYBsmVb7IyasKG/rFWGU9fG20/63HlkbJP4eHwgk7WQmc/5Qtj/KhsBRVlYmE2BYG6RkOdIVfQ4rWxZptTdK1PJIXM+2UV9j5lKMbN46ZBziouVCFjH20PGn408QBEEQBEEQRJSMtUDyBuWtYqYnavDp68tly3hyiiCDKCUQPrHIhXYmkuQJ7YPi1ecVmTEdiH4AopUCo4aYsjI8mYMdTbXSjUB25j8fnkW/N4TKBb++B1NIWRkdD6ouX871IkohZjnXi6JDaYWVX8xsatse2ZgkwIitgeLJI/FQyiNK7EVmdGKe39bTfkNMWNlkK+GJKre1rQEAjB1D1ubPUmD0zl88/uk+fotRz1okab3+k0lR0YuWJJMsLD1FZEnm71q8+YusulR6ox88Gk2BUZNbgr4pjPb+Df/xwkv8itr7b7kpPArA/r4Pa25fFF/YMi7BqLRBksZ/OWZ+mIjeD7Gd0IYbPw3H/kI+P0BdbmEtia744G6+7J2/PIPR3nOqIg9DFF8AoLe/i0sww/2xSTNsPEuAMVkKYd9+q+rcGff9cK/hwTuulL0xiK8XVfFFaIm0apv0zxCilJboNctel6x2KeoTvTe01Elt58Z11LXd/h1D+6+/FnYJF5sY8f5TWw2tlj8p1Ycsqikwri4HPvaNPQY9+4c7yYOo1fIo1fq59I7/ol0p1YMFqikwasdfrQXS+PhE4sOlQ2pRE1rEtkLxGB+f4Akq4lxFiWSlxaS5LbUEGWV9vGMw8P1b8JmvvIBHhO3raYPUVluE337/xaT2nyz7+uTCilYiDUNcrya8pFq/XDnsneGPp7JFkVJMEdNRlGKMsr403xCT9qJVf9g7E76srCDuY9268QpDx4l3wk6nQ3V9OByGwWCAAZHUFgCBuTAOead5gIsyvcU/s4DDM5LYss6Ul1I9AFUpxul04CMfujNj7a7u//aThm/+17tkB1yt9ZCWvJJoXTLUramJkWnU5nL/t5/M2P0vvearhsCb31M9f2SztY+WoBLv/C1ypMsR1rofTExhco+Y6KK2X1n7J0UiDkusUas/0uUIb2m2G0AQ2qjJCndeYPeHjj8df4IgiIuNXVna5yvnwX2jFBiCIC5K0hZgDnacgL22DmWm9XCgH1tbN8I1HMCK4mH0jICnv7D2QWqwdkHxRJLpkFezrZCyfkWpJJFcW3YYw5Pvizv/nhEPzMXRD6kbq8sxPJmDmqIF9HtDPP0lG/NfhwPox2Wyse4cMxdi3Dlm9B56R7be1tCI0fEgbz+UCNaOKFv13SM+2e221o3weaY12w8pYe2IslXPBJOmtu0IjLkQGHNhPpIAIKa/SO2DzEIySmJ5ZMEd/dyOySLK7wy23eGBKRRWTmDKXYzrfG/g39ESdx9MMLmtbQ2OO8dx3DmOwJgrJv0lG/Mfe+1ZYPOtuuZfWmGNOf56iPf4LUU9e/2Pq0TqK8mUyJJoH2rtkOaLitKfv2sJ5u/yqrZDijd/AOgqntRcN9r7N4hyi1J+ARAjw6htR1kjLn//LTeFTZHtO979U8K5ron8HOzrxklEZRL79lsR7OuG/dI2/J8XHpVeazPnZHKLKL/09ktCif19H4atVIr3Z6kuyktfojDjDPTJlks1a/nxEWv/7pYHAGGOjqCPt27CldELyaL4wtogiVKIMgUGiMov7PXGxrPbYgqL8jWpfJ0ycW0p6tXSYUTRR8njX9oZvu+HezUv5KjKF8uULkcIH7vAfpFOdPzFEBhfCn5guvV6j7/YAskfjO5ITVhRSiCJpBAGayHEj10cEcYfDHEBRqt9EEtEiTcPrfQYhpr8wlpAqd1/PRKM8rhmistb7IZDnY5wvP0neqyAxMJLIli9yzmKy1uW10Xm8ivXAL/vlokrorRSfuUa2fiGt6Mpg70TszHCTKr1gdkwyq9cA8/bZ+P/HaUhvzB5JRwOwwADGkry0TsxizDCQBgoZYJKODrHQ55pmPNz0FCSz+WZVOvVWj11HjmJj3xokR63UhM8gSCWI+WlpqydP0qN0eeesn2RHtKtT/b83VZfgyNdDpm4IkorzYpUtC5E13m9XlXxJ5X6vmE/2upr0N43DIJIgj04vySMPXT86fgTBEEQBEEQBKFNRloguYYD6Dj1Ouy1dVLbIwCOIeDT12+XjQ16HMgrMicUQRiiUDI36cfcpF9XPWsjNB3wwz/hxqfjtEFqrC4HsMBFGKkdEuCfgJQAE8ju/AFpHr/4ayesVrMsDaZywY+KSAukueFzyKtZyS/COYejMsrc8DnMTY7HJLHYGhrRVL8eb504kpV6AGiqtqDdM4zuvlNoql8fbWfTF5VRuvtOaT7/xDHZqHf29qCpbbuszdAlu3ZziYSlv+hleGCKtwSK10YoGZTzE+nsd+O2tjWyNkOf+8gVOO4cxyZbCU9/yeb8lfNTm/+P//gOfzzY8R888EpCESXe47cU9QDgdkc/kH7ruGdR3/BFuSUZoSZ3chJvHZ/EVZvK+ZylNkJLPH9BbklGqIk3/xVjpUBEgBHTXwBJ3hjtOwbHu3/iYoqWyMJItF6rRhRn7O/7MKrq5S0lBo+W8hSYFWOlsjZIwb5ujPYd462TTJZCLuywRBiWCnPFB3fDGeiTtWgK+qbghLSsSiWNJuibQm9/V8xyJtAo2yGJ2+DzOtoOk6Uw5n4xHnnubQMgiTB1leqpYay1UPHaZi7BsOQVdu5Rpq+Ir0EmmTh7e5Bb3SSTTpa0HlEJhs2/tMKKlrrYxIjVTUW48b+8GPc51eUIodmefqudVFseqdX7NOZpMRp1738i2QlkumVSpb6yTB3/xSbR8U8FUWhJJFWstJhixuhNg0mGttoiHPNIFz1ZCosowYgpLKL8wuQfJr54PcP4RG0RfnZUfT9vffaK2G2858TB98C384nvvYp7Xz0kv4/feTlstVXx+uWGHoFmObPv99388WDiilJaERHXMZmFyR/p1u/7fXfCFJjOIyfRsmVDzHIDDAgLalbvxCz8MwswGOQKekNJPnrHZ9E7MQdzQQ78Mws45JnG5WUr0qpXJsB0HjkJm33Noj52TII5/pcutEXaIKWa8GJbJYkQzkG/7hqWAtN2dWNM+yMAqLbZ8MTDD+Dehx7N6PvyhXT++NFr7fzpxcSV5jitAMV1TGZhqS7p1v/otXZKgSFS4XyQMPbQ8afjTxAEQVxU7MrgdigFhiCIi4qcdDdwsOMEHENSFHaZKZqk8enrt/P2QytKzcgrkr7mJv0xSSlzc0Wqt1cYy7gUkky9SGN1OXpGPLj+6mtky1vXX4etrRvRM+JRbZO0o6kW/d5Q1ue/prwE/d4Qtm+Wf+jYVFCCxuryqLChgMkoTExZvfnymPUA8Obrf8Dc8LklrwckwUSZAMPvX0RGYWJKW+vGmPVtrRv5mKWuByR5B5C3GbI1NKK7fT9PJAGk9BR7kVmXECLKI8MDU0m/HpX7EOehhdhmqKWuEs+3n8UmWwlfns35i/PQM392/JkIEy9VgaH2+C1WvfK2KI8wBqbGUVBdiS5X5mUS17CXiy9qSS9KulweFFRXYmAq9jFwu2dV5983MA5jeSW6Ti/C/F1eLr6oJb3EzP+0B8bySvQNqM9/xVhpTPrLyZwNuPF9Rjz953YAQFX95ritjTKNKL88/ed23Pg+I07myC+OdRVPSuKOwDU37MZH7/wyTJZCmdxishTGtDZiaS/iGPE7qw/6pmJEGfE7ADTUNcu2pRRogr4pmCyF+OidX8Y1N+yOe99F+UXrdc+EErH1kdh2TC2phckmYkqLmryylPViyySxjZtIYb30GP/6gR3hXz+wQzN2q9luRJdD+n3lDsc9AKT2R5mWHZLBYjTyFkxsThajEVuusV9wv0iLx3/r3jsiBwA8usUXin6lQkr1FiNvwcTmpHb81dJPGF5P4v+cP+cL8i89Y/USb9/x5uxyjqJ9aBK7f3IYQFRmAaKCC9sG246j1xkjvwDA7p8cRvvQZEJBR2xpJKa9eD3DOPmHZ/CZS1sy+nx7cOd2g3JOLuco/1I7Jplar1z+4M7ty/Li8mVlBWgozkf5lWviyitK2PiG4vy065WtlrRo2bIBnUdOAgBufEo6fwRmw+gNzuL0xCzOBOdl45nUss6Uh3Um6f9YGkry4Z+ZR2BWal9kMBjSrmewOdnsa9DScknGH6tv/usvDQBQVVWZdAKMbZWZiy5KnIP+hPKLVq2SqipJpBtxOjP+fBfPH0ceewiAvNVPIDTLv1IhlfqysjKepMLmlMz5e0uzHWVlZWi2GOPKKzHHIjK+rKws7XrWaokgUmTPEozfk0YdHX86/gRBEARBEARB6CAvkxvrOPU6T4TpGfFE0lUkWPoJk0DmJv0wldulSeTJL0Aqb4stgvTUS8sdmA74hXkswF5bhzzbalQu+HGw43UAUoINwz/h5i2Q+r0htJTOAsHszv+sZxxryqULgqw1EwB0j3iAEfnxnxs+F5O6IhWeg3NYklKqSqT/1nX29sS0KFrK+tHxINo7TsjEku6+U6qpK919p4A+SUqxlK8AILUuUrYoWsp6n2eayztimw5nbw/mR7oRGGuUJcA4Jv2ogbpAwloFsbZAySaoiPXDA1OwF5nhqPRjyl3Mk2hKK6xxU2BY8kBnvxuBMReOOytlCTDZmj9LotlkK4mbAsNgxz+3uonfX1tDo+wCtRK1x28p6xlvHfeoiiaLgVaro3gMTI3jrePgKSpq81cTTRZl/hqtjuLB5qY1/8GjpTGiCUNMLXn/LTeFU0l5icf7b7kpzCQbrYSUkzkbgKMneQqM7JxR3wRH0Ae7yYJrbtiNN199Rr7eUghEJJh3/vKMrJ1RzLYiAo0ouYioLX/nL89wyYalvIz2HeO3mfjiCPpgqm+KtkBS8MhzbxtECYa9dth3ZdshJpGIrz8Aqi2I1FoWsbps1bPvTFTshCQhsvc08bL57Y/uU33Otf/6a2Frsx0ulwMWoxG+UKwlEbImTnaJNybdegBcxnF1OfDXH30x/IEvPGnQXW9F4mSXeGPSrI83Nz3HXy8WI2C0RPbpS16YialP4vhrcfIPz+AzrXfhERUxgqW/aIktidYngqW3aLHSYlIVNn52tBNttZej5ZqbceDFJ2XbESWYmHOAIL+0XHMzAGBfX7+uuYqJMqIEc+DFJ7H7o7vx4M7teGTv/syfC3WmtWi1cEq2nn1fzqkwl5UVqEorrBWRcp3a8kzVX5ag/VHHiXfCNpsdPt8kbPazcDqkVy1vw2QAfDPzODQzD3NBDswFOQjMhhEOh3EmOI91pjwpbUahhGWsPoLNLr2xRNo1hVs3Zja9yFJaCl8g+ruNMnlFSSrpLsnWK+egnGO61Bpz0bX34YydP0qN+ag15gIAhkLzSQszynpviuePLc12VWmlK3JCi2lhpLI8Y/UkwRDpoSeJZI/Gz3cmGAsddXvo+NPxJwiCIAiCIAgiPXIWY6OOoX6Z/MJa+YhpKIC8RdB0yBuTjKIklXpxHo6hfpQEjLxNkxb+CTfqyowI5pZkff51ZUbMh2cxH56Ff8KN4ckc9Ix44HL5MT2hHgstyidi26G54XMYHQ9KySyT41FBJQv18dBqOdTddwo+z7Rm6s1S1/s803xdaYVVdoFW/I/+KXdx/BdhZZjLI4xk2gep1Yvz0sMmWwmXX0orrNhkK1kW8xfnEQ/l8RcRL1Qv13qRZNJfkpVYRPS2QGIpMHpJJv0lWYlFNn+dLZBYCowWuWMVstti+osSlgYjtitKFya/aIkvLAUm3pxl59+gT3MdS4Nh7YpMlkJZWktV/WZU1W+OaXXExtovbZOtM1kKufzClovyi545xXtPEl9D/oO/S1jDXmdi6ooSMYVludV3t++XCX1TfdLFNi35BQBCPl/az8GQFQhZpO+LWc8u7rFkmEztH1ZIaSdZqM/E8efvnZbFrdc6/vx1KsghZpMRZeU1OPDik2irLcKDO7fHjE+U/MLWiW2S2G22TClgfObSFpz8wzPYdMkGzbmJ21cTMVzOUdz76iFs+OhubP72Wxh0uXH8vZMywUXJ8fdO8tSZ1V95ARs+uhv3vnoIhzodMWMvb7HH3Ccl9gYbF29O/uGZRfkDTjx2VltVXClFuV6Z6JJK/fmM5+2zXFzJRr0e1pny5X+bzkj/AFGab4C5IAfhsJQSAwD+SHILYODpLZmudzrOLvrjUl4qva7GvPHFFmW6C0uC0Zvooicdhs2BzYmRyfZHmTx/MHllseoTnT+SocsX4uJKNuqJC4NwOLwUX3sSfCVTl+z+QF8X9vEnCIIgCJ3sWubbIwiCWNZkXIBhUsbPX9uPnhEPDsxfCwA87USUQOYmk//PLb31TFrZlvuGrMWRN3gq7vaHJ6VD8ou/dqLfG4LTfGNW578q8CpvxSRitZqxojg2In50PHoxQpRP1FBbv5T1qh+wCVJJKixlPUuDAaQ2OOIFz+72/QiMufC6RXr+24vMuloCLbgNPBElWcTtM2nlOt8bshY9WhdljzvHZeOebz+L485xVFx/d1bnP/bas7JWKFrtnBK1eWIikNb9Vz5+i1WvJwlGDb2ySiZYjH3plVWysa/5irHY97GIwCGKHExQ0RJV0kFt22pzUM7ZVC/JVsG+bgT7uuEI+qSfVVoVKdscia2LmPiinI9YK86RiTOslRJbb7IU8vnK2iiJc+vrTng8+t3jmq8X9joTWwixscoEFkZudRNWbdsV07oo2/Wrtu2KJIa5Yt7LNtlK4A7lYaovgHjtj9jFKGsceSNReovRBRh92uPSrWdcs7MZVpX/yE5Ynyi9xQUp7mSR6uPdLz3HX/X3B2P0K/reFf1KdG0vlXqt4w/ECiYlJdriazxRgsktouSilGSYOKOUKB7cuR1ttUU48OKTuuYY9yF1juLmZ/eirbYIn/jeq9j9k8Pweoa5CCN+HX/vJLbd/EXs/slhfOJ7r6Kttgg3P7tXU/KIJ/6I7ZAAyCQiPccvFZTbU3sM4u073frlilJQYe2JxOWet8+qtjlSE1ySrU/q/cAib4XbUJwPIIx1pjyYC2L/VG8ozkdDiSSoMLHFnJ+D0nwDSvMNGasX+eANH4XNZl/Ux4y1GqooM2Oow4m2qxvRfzZxKzYmtDgH/UmJMDG/e5wdRtvVjRjqcPIEGDYnAPjmv/4yo/c31fNHqTGffzGYFNLlCyVMf0mlPt75Qw2loMLaE4nLu3wh1TZHaoJLsvUEQRAEQRAEQRAEQRAZFWDstXXoOBVtLdRYXS6TT5TkFZkR9DgwN1eEFcYyLofMzck/CFTeTlQf9DiwojT64Zc4D8dQv6ztkYi5uBL+Cek/RLdvXoO6MiPOesazPv+6MiOXYFibJpcrVp7Jq1kpbz2kAmtTpDqfLNc31a/XTF9hsDZFy6lebHHDLnzaGhp5WwuGMhVFj1ASD616x6QfhZUT/Dabh5hOICK23GCiRkud1AJJlE+yNX82D9amSSm7sOXi8Y953Nr3a95/tcdvMevFi/qFOefSft9NJwUmHUqKJzIzf2v25j9doR1nH09AyVQKjNj6SO++GWpzF+USNQmGIabAaJ7PL23j35VCDLvN0l+U69X2qUd8efxLO8MA0OMLyd57WPrLxJkuTJzpAgAMHnglpl4UTHKrm/iX8nXn7O1ZVvWiPCOOW91UBHcoL24CjIgvFMJz9qcASP9ZrmynELJGv5QkkleSrfeFQvy/25+zP5WwtYOe/cMqfClZgvp495/d54M7n4vcQFyLxReKfqVCwnpfiPdAOrjzubRaayQDk0NESSRRWkra55A4UsbNz+7Fzc/uxb2vHsLunxzmksvqr7yA1V95gcsxLPGFjU9lX0uNmMoiCis76utkX0qZhdWlW79MCau1L2J43j6L3olZ2Vcyskqy9ZG56Ppdwenw4eV7pPNk78QsDAYDTgfnuKCCyFlAklOAcBgRwSVXklwM0rp1Jqm7cbr1p4NzAICX7+nmrZkWi/u/HW2po0xc0YtSfElVgpE9fsJcxDkuBr5QCFvufxgA0Dfsh9erLXMHQrP8KxUS1Xu9XvQNS58zbLn/4WTOH2G19kWMLl8IXq9X9pWMrJJsfWQuFLNAEARBEARxcbDrIt03QRAEEYeMCTCt66+DtaY0ZvlnbUcT1ublTSZ1O1G9kp4Rj7wlk0rrIHNxJWqKpA8JRblkW+4bWZ9/vzeEurLoB0rDkzmwWuUf7OXVrERVSfSDunjpK6PjQeQVlchElaWuV9JUv16WqBIPtZSWbNSz76UVVs30j4/ndqou15I/4rUDSlSv1XaItTUqrbDyi7HifDfZSjQTVGqP/Sbr8z/uHMcmWwk22Uq4oCPOd5OtRFeyitb9j/f4ZbqeXRxXO95XbYq+RzVby3U9F1lay2JKMM3WcsyMuGPmGHf+63TOP5LWspgSTPO6coQ82vNvnpAExVWXRoWSf/zc7rjbzGQKTKJtiXNhc2RzVpNKRvuOYbj/TNxtqrU4YjiOtmO07xhG+47BZCmE42h7zHrH0XYuubBtKWUdk6UQQd9UwrmI3PfDvQYA2NEgXVxlr5fitc0oXtssG6tMgBHFSiaiKL/E9cutXqxj73uAJMHEo+327xhcXQ5dx9foin4xkmk7lG49m2fb7d8xpFIPl/DFWMJ6tfufzPHPNmrHX5lYIuL1DGP3Tw6jfWgSj+zdH3fbamkh4u1k00TitSuKN2fN+x5JhGFfPzvaiZ8d7ZQtS7etz5+evj/8p6fvX/SLrY/s3R9WHldRWFGiJrNkql6cy3KDiTDJCi6sNt16XX87b7zC4HSqv3/0TkhygrkgRxJUwkBgdgGHIn97GMAkFekh8M8s4LB3GmeC81J7ozTrlbB5tm68YlFEEEtp9DOEVCQYMQUmE2kw4hzEuWX099OdD53X54+49y0iwiQruLDadOsJgiAIgiAIgiAIgiDSFmC2tm7kyS/uHHnqCpNHxDQTINoGCIimoGgxHfJiOuRNqp61K9LCGzzFU2Aaq8t58gtrf2S1mlFXZsSqwKvLcv5s3gB4Gsnc8DlVsUQLW0Mj8opKpO+R5JalrGc0VVsASMkqybQfYve7rXUjT25Zynog2gIpMOaS/ac/IMkO1/mk57+YZsKoWV2oKXzoIV69vUj9w97AmAtNbdtj5nrcOc4FGcYmWwnGXnt2Wc3/uHMct7WtiZnrced43NYkie6/2uO3WPVMgmHzzysyy1JUVheWcNlkubG6MCq1lRRPqM6/fnUJl02WG/WrY+cPyJNUNiycxMvvSh+gq6WYLDVsDi+/G8KGhZOqc9aq0SOesLFMXmGyS9A3xb/EtkZKGYahJr+Ic4iXZKOkJ3IBg4ltTC7LrW7iEgxLgQHk6SmpkO168ZwqCn6bbNHnK0vG0aLLkXq6h67klQzWKy/2pbt/ZLs+heNvMUotL8S2F8lcr0unXnn8MyVsqLUFYreViTBaMMlm281fhNej3fZEbc7JJpK4nKNJCy9a+1CKL45eJ2/XJEpEmeTyFrtMXNGLUmRJp/7yFjuWG4e9MzEtilhKC/tZiXJ9pusPe2fizrnzyEnV5Q3F+Ty9hX1nXkrvxCxOB+cQmF2ItjAqyEE4DPhnF2AwGNKuVz3fOR0Ze6yeePgB2W2WsMJaDo15/WnvwzkobSNZEYbtm81Fmf6inPtSnj9KjfkxbX/EVkaLWZ9I1jnS5YhpUcRSWtjPMZ/JKNZnuv7IeSIYEQRBEARBEARBEASRedIWYA52nIBjqB8A0Hvobc32QtmksbocP39N+mB9a+tGOIb6cbDjBLa2bkTPiIe3PWLthQBg1ju7bOZfV2bEvu4hfl/8E26eatPecYKPY+2FlOksIraGRswNn4Ozt4e3bpkbPrfk9YAkn3SP+Pi6eO2JGG2tG9HddwrtHSfQ1roR7R0neNuipawHovIOOxaJSLdlkB7UpBLWAsnZ28Nb8TS1befrO/vdsjZCy23+rAVSZ78bz7efRUtdJW5rWyObP3sctGDPVbX7r+fxy1Q9S34R568HPQkvmUqBWYw0GT0JL5lKgUllOyxRRYlSEGEkI3QkQmvbWgKO1lwBSVARxRf2s3Jb4m3xPiqTYVgbJLbteMdIvB30TeHMsehFvTPHTmrWMx7/0s7wg3dcGWbpLyK51U2wNTTKJBjWQsjW0Ij5kW4MHngl7nuAlqiSzXrxPpRWWNFSVymT+xgsGUcLi9GYlgSzlJwv80yGZI+/UfrVASEfq5eW6ZVY0qnXmqe9wRazbNvNXwQAWfqLXtGECRaJpBcl7UOT2PBRKfVKmQKjNkfZe/8ituWJJ7/I3oMj4gsAHH8v+h6YKEEnGS5vsauKK/v6+rGvrz9mvNryTNUvRwkGQIywwtoVaSGuVxNeUq3Xg82+RlOCAaTUFoPBAIMhmubSUJyPMMJcaPHPRiWWy8oKZAku6daLxJtnOjz29S/isa9/UbbT9fW1OP6XLrRd3Yj+s3IhjgkteqQWMRFGWS/Sf3YYbVc34vhfurC+vlY5v/BjX//isjh/1BpzAQBDoXnpbzxjPmqNubollnTq9c5TKaywdkVaiOvVhJdU6wmCIAiCIAiCIAiCuLjJyfQGXcMBVQlGTDmZm5NfwFOmoIjrVxjLkJu3UjZeT/10QPqg68D8tQCkFk1bWzfioCCMuIal/6IXWx4NT+agsboc+WX5y2L+g6U3AJBaNDVWl6NnxMPna/DFfhjLUliULYjyalZGhZWInDI6HsTc5LhMVlnKep9nOiZ1RSuFpal+PRdW4o1dynpPUP0/etVkCMek9JilI5EsuA2666fcxQCA1y3S81+88MpEDlHiEFGTYbI1/4rr7wYQlVzYz8+3n42RSNSOe1Pbdv6803v/F7segGz+eULizVWbynkKjN42SCKZlldY+6PVhSWa7Y+U82cpMHrbIMnmn+FWSKz9Uf3qkrjtmxirLg3wFJh/eeDL0nu/hgSzGCjll3954Ms8/UVs0aSFWmsjLQlGDTbGfmkbl1+q6jfzJJh4rZPEerX0mUS1WpLHqm27+GtbKcGIY8Rx7HUqvu7ipURls37Vtl1cfmHvv21JisRbrrHDYjTCYjTiDsc9AACjxQKLMXttACxGI4wWCwDgDsc9/CJfs/3Ca00gHv+te++IHABoGikul/TFrs/5QpLMwm4nEll01VuM0hwAbN17R9LHf3x8Ahs+ulszuUTZzkhJIvGF1SvFEjEFBojfCkn1HLIIEozaNtXuv1J+2f2Tw9j87bdw87N7Y7aV6Pili5bMslT12eKysgLDYe9MXGElMBuWfamRSHhJBKs/7J3BZWUFcQXGlpZLYLOvgc1uwY1PSUmCDaZ8HPJMIxrEEpFVwlIyTGQRx5yfw+/bYe80DDCkXc+SYW58qgk2uwWdR06iZcuGjD5eQpKK6gNRUaYuuKhJLYB+MUatNtE+2Rwzmf6iPH8ceewhAEB9jRllZeq/DzO5IxCSnp+B0CyGQvP8diKRRU99WVkZ6muk43DksYd0nz+2NNsNR7occYWVvmG/7EuNRMJLIlj9kS4HtjTbDSAIgiAIgiAIgiAI4qIkowJM6/rr4Bjq56KGFnl5k7I2QAzWKigvbzJmfCr1B+av5fPoOPU6DnacgL02+h+P1hqpp7fVKn3Iw1oh1ZUZ0e8NZX3+g6U38Hmw1BdzcSWfb9gi/5CLtSJisgn7YsudvT3Iq1nJ5ZSqEukDeHZ7qetZCyEGa0XEZBP2xZa3d5xAU/16Pj7b9eWmIp4GwlJAmtq288SVTDM6lVyE/uuWa/k85ke6eSsRRnf7fp6mwlJgbmtbwxNXsj3/iuvv5vMIjLlijqlaGkxT23YundgaGtHdvp+3UVG7/2qP31LVP99+NqnjsRjJLKnuQ+39K+G2rUswf+vizN/x7p+k57AgqPzHCy+l/aH6f7zwkiGmDVFkX0m/viL1NXVrY9f1/o3PG5AElSs+uDtGajFZCrn4Mtp3DKN9x+A42i6TYcTxV3xwd4zswvYlwuaUCYnI1tAoa4EUbxwQK/8pl2W7fvDAK5oJXFN9kvT08v97s2abmr/+6IthV5IR/yGr9KW23Nesvi4T9RajEdZmO9p//bWw1nb17B/WyJfa8maNdRmsF+9/MsffYpR/iej5Z/X06+Mff5awMj4ebRH3s6OdqtuKJ7gwuSPemHjrxBSYVdZK2dz0cHmLPSMijNVWpbkdrfmPj09w+eXeVw9pJr8km4yjhlYqi7h8X1+/7rSXZOsvVvQINHrpOPFOWK2tUG9wFuaCHJTmS22JeCCLATg9MQcAWFecB0tBLswF0p/y/pkFhMOS6JKpetk5zb4GNpsdHSfeCWfqWI44nWDJKr6AXPL1BJJ/jYhiSzItj5Qo983m9tjXv4gRpzNjz6Ujzz2k+/xRasyXfcmek6HZRa9PdP5YKvQINARBEARBEARBEARBEECGBZgVxVJEMWvPw5gO+GUpAVrMTfq5BCIyHfKqLk9Uz+QXUcZxDPVja+tG2GvrcLDjhCz9paZI+m+3fm8IdWXGrM+fyS/93hCfJ2vTZC6ujJGMmJASOtsFZ28PRseDvEURS13hbYpqVsZcxFvKegCyNBUgKqQw2cTnmZa1KGLrmJSSzXoA6B7x8bY28yPdPBkkMOaStbGYchfDruP5MzwwFTchpWZ1oWqLIK16Joyw77nVTTE1nf1uHHeOIzDm4skqx53j2GQryfr8mfzCvqu1BmHzZ89FdvydvT0YPPCKTDxRu/9aj99S1S8GSyHKLOr8rct7/qN9x1Qlj5S31/u3jIghTG7Rk9KSM3MuZnlV/WZU1W/mc2HJL6L8wr6L+8iZOcfbHmnBxidKoXnkubcN+3pH+W32ulKTSJSvQzXUEleWY70y4Uq8DQA3/pcXNWUrlrLiC8UaEEwoUUolRpf0FbMtF2D0RdelW69FyOdTvy/KeiakKKUUV+RLiQuAT1iXZr2e+x/v+KdKup0bEtWLx//Dn38s5rlVUlKsaz9aKSbpyh1MujGbjDIZRznnRPuPJ7DEPQclUSceP3uDTfexS4OwUkYR2dfXj3O+oOwrGVkl2frIXLJ6QTxmTn/fZFCKKfGElURCSzLrlct3/H2TLlHW6VARoiObY22LGGtNUgsbg8GAdcV5MWU89SVD9YuJpbRU9WfGmDc1wSEdCUZtn4nmmSqLcf7QI7OkU691/mbcsbXZoBRT4gkriYSWZNYrl9+xtZnSXwiCIAiCIC4eXrlI900QBEHEISMCjL22TtZeiH1n7YdWlCb+AIoJJloSSTL1rJ3QZ21HZSIO42DHCTiG+tG6/jpYreaY9kI9Ix7kGvJ5+6FszX9b7htcxGGpL4Ak9Pgn3DAXR/9rXGwvpExoEZcB4FIKS2NRtidainpASlxh0omyvRAQm9DCYFIKS2NRa0+02PUAUGUqUG1vw0QN1n6osDJ6AYcJIAvu2M/kEgkiIvHqWbuij+d28rloyRctdZUxF1uZ/MLaD2Vr/rXHfsPnoia/aM2/tMIqS1vJrW7SvP9aj99S1QPA+ET0gtlbxz1Jv3e4hmPfb6w1ZRkXYcS5ud2zmZu/S2X+1rKMizBa818xVoqu4kjq1lH1CxtVDVfzZBY9rYSShW3T8e6fUNVwteoYNreu4kmsGIt/Aaambq1MclkoWMmlHZbY0tvfxcUVJrewuTiOtsNxtF1126Ks09vfJdvmaO/fsFAQbfmXM3NONZEmHo0WI/rd4zjuHOevm/mRbgweeCXmtaaUY5TLmYTGxiiFlGzXM5iA2N5xQpZ05Q7lYaB7Mm4CDABYm+24ZmdzRp6LRtfi1Vsjb+Psot9i7B9ZqNd7/H0h+VeypFuvdfyVEgcgSTAn//AMPnNpS9wUlJUWE/+Khzgu3li2r/ahSZSUFKOkpFiW/iLOVe/+rbYqXN5ix+Utds0xLDVG677Gm79SItp0yYaExy4TMBEmWcGF1aZbfz6gFFNK8w2qX8oatZ/11KeSCmOz2fHBGz4as7yhJB8NxfnRlkURDAZDjJzin1ngoktppJ1RJuplfxNZihblMSowmfhsRLkkVfmFtUASJRg9bZFExH2LcxLnmin0nj8CoVnZV9KvhTTr9Zy/lSjFlPoas+qXskbtZz31lApDEARBEARBEARBEIRI2gLM1taNcAz1Y3qiJmadmFAitpyYmyuKWQZIEggTQYIeBxdBcvNWJl3PpBVlGo1Ix6nX0VhdDv+EGwbfLFwuPxdN5sOzsjZI2Zp/vzeENeUlqvP3T7h5GsnoeJCnrAByIUYLlsYyN3wuK/XdfafQVG0BAPg807J1akKKWn1b60Z0953KSv1ocCZGdmBtbwBotkFacBuQUxlWlUD0oKeeSSvKNBolm2wlsnm21FXy1jxabZCWcv7KNJpE8xePfyLxBEDcx28p6kV5hDEwlbn2U5kQYQqqK1XnND5RrDr/voEMzj8DIoyxvFJ1TuMTxaoiycmcDdHXuErSy2jv3zLS/ojxHy+8ZNDaj9qc+DlJZe6inLNQsFI16SVn5hyu+OBufpslvACS3KJMkGGtkNjPyv1c8cHdmvsRZRg94tDjX9oZBoCeyNV9Joys2rZLOi+PdMN/8Hd8/PxIN283JsKWqQk0YipTtusZLEmKnXvYe1+lUWpVES8BRsQXCuE5+1MApP/SDjlCsHQBlq7UxBKjCynX+0Ih/p/iz9mfSu0/3F0AuiJfqYgtadYne/99oRAO7nwucgPpR7mkgy8kzQHAwZ3P6T7+jt5oe4/ON19EW638orfLOSq7LSaFaCEKI8qxyu0BwGcubUFxxy9V56Qk2f0rJRd2O9X5a6F27LTubzIc6nTEtChiKS3sZ7VjJK7PdP2hTsey/ANXTXzR/F0ugciSSn2yOB0+vHxPt+q6daY8nuLSOzELGIBwOIxDkb9dlO2K1pny0q7vnZAkiZfv6YbT4cv443PvQ4/i/m8/Kf2eaZJeY8o2SJs+2Iz2v/Wgbk2N6jbUxBaxDRL7mX0px4s/162pQfvferDpg3IZhc2JzfH+bz+Jex96dBHeskPYcv/D0u/Rw354vd6svXa8Xi8XSbbc/3BS52+z2czvA0NNdBFJJLKkUk8QBEEQBEEQFwivLPPtEQRBLGsy1gLJGzwluy2KJ9OBaKoJAOTlTfKflRIIHxORQYIeB6YD78nXJagX2xVpyS9KXAUrZCkroniSzfnXlRkxH9b3n1p5RSU8aWV0PChbfj7UiyiFlOVcL4oOTDYRxZMpdzEck37UrC6UyR85lcl/QK6nXmxXFE9+EcewcUw2EcWTbM4/nvwizp9dgNZzf/U8fotVr9UqhbG6Tkp8KqiuRJdLnqailvSiZx2gX4RRbkecA5ubnvkbyyvRdVoxf1ec+bsSzF+nCKPcjjgHrfmz9BcAqF8l/cfzje8z4p9//AxfPtr7N54Ck0n5hfEfL7xkYOkvovjyzz9+Bje+zyibm3LODLHN0HD/GVnyCpNRRnv/his+uBvOQJ+sBoBmGyaeTnO0PabNkslSiLkyM6744G6e/qKUYYb7z+huz3TfD/fGHFtRLpk40xXzuouXwqIUTcR2ZM7enmVRr/be0FJXqfu503b7dwwA4OpypP081Gr5k0q95mu0y8HnnOn9a7Y8WsT6TB7/pUDt+P/p6fuTOpmLEkei5BdALo3oGd9WW4TON19UXaeca6r7Z+JLJuavdvxWWSvx26/egCduuDwmBSZdCQZAjLCSSMwR16sJL6nWnw8oxRWWiqKWjqImuaRbH4/WjVcYAMDpjH3/6J2YRTgsPbUMiKS2hCW55pB3Gh2+GQBSeouIf2YBh70zader/g7rdPA5p8sTDz8g/7srIpqMjkqpjhVliRNbkk15EeUYdlutpqLMDE8gyOeiFHOUc0+V5p0Pnffnj0QoxZWysjLZV7yx6dYzGYcgCIIgCIIgCIIgiIuTvHQ3cLDjBFrXX8cFmK2tG+EaDsCdYwZGPNhmS7wNJoGotQ5iMsh0yKspmyjr5yb9mA5IH3DFS4Bh68VWQo3V5RiezAGwgLOecdhyszv/eAkwAGJSSmwNjRgdD6KqxATncOK5O3t7kFezMmv13SM+2e221o3weaal9kN9ievbO07wVkbZqGf/td/Uth2BMRcCYy6p5QUbIDx/hgemeIsgPfKImJDCxiu/KxkemIJj0o8pdzGfXzwpg6W83Na2BsedUtuRwJgLnZH1tcju/BMlwLD5l1ZYZcc/UfJKosdvqeoziSivaMkubHkiYSYbiPKKluzClicSZpIhd6wC8xVjMcuDvikupCjFlMVC3FdVw9WaqSm5YxXAiug6Jq8wwaQGa6W2RBEhRSsNRmqB1C4TU5SyCmuTpAarb6iTjAdxXwsFK1FTt1Y1UUZsucR48I4r+ZtCo8WITbYSvPSbHlkKzCCiEozydSa2GVITUpSvyeVWr0yR2WQrAcstevxLO8NqchB/7ZwnF88AoMsRwscusF+kEx1/i+DepRIKk259Msff3mCLm7iiRE8aijiWtRBKpk5sgZTp/Wd6/skev2S5vMVuONTpCKfbWimZ+x2v3uUcxeUtdsNyfF2KMoooqpRfuUY2ruHts/zn3olZVYkllXq9KTBq8gsgpbAYDAaEw2EYYEBDSb4ktSAMhIFSltoSjs7xkGca5vwcNJTkS3Vp1LMEGJHOIyfxkQ9l7jF64uEHwgAw4pReM0w48QT0Pz9FoYWfTyNSi9o6PfUMTyAITyCIpnX1GHE6UW2zsTln7Dmf6PxRaow+91JpXZRufarnb1FGEUWVZotcRu9CdJ3X61WVYFKppxQYgiAIgiAIgiAIgiDSFmAk4eUUHEP9sNfW4SATMob68aFrr5KNDXocyCsyJxRBGKJQMjfpx9ykX1f93KT8Q4+fv7Zfc/6S8CK1EzIXV6JnRPrwzT8B7GiqBQLZn/9rXVETw51jRuVCdH1b60b8fn875obPIa9mJb/w5hyOyihzw+cwNzkek8Ria2hEU/16vHXiSFbqAaCp2oJ2z7DUDql+fVTo6YvKKN19pzQfP3FMNuqdvT1oatvO294AwCW7dkfFE19nUq8nJpmIskm6iHNT0tnvxm1ta3jbIwD43Eeu4OLJ2DFkff7i3LTm/+M/vsOfe+z4Dx54JaGIEu/xW4x65UXuysp8zM0VweeTXtP15iIMFJZgYMSNZmtsCoxeMiW4NFvLMTPixurCEtSbo+0cLBYzT7KKmf/qEvQNuNG8LjYFRvf8MyS4NK8rR8jjRv1q9fl7cwOoQwBnp6VT4XzFGDYMnsTL727AvzzwZfyPR38QI7+8/5abNK9qaaXDxKtRwuQXAPiXB76Ml98NYcPCScxXRE9GdbXDkDKqSjHadwxnjp1E2647AQDtr+yRbU8pv7zzl2di9xn5zvYrSismSyEc7/4pZqxyzgy11kfD/WcAgAsxahLMI8+9bQAkEaauUl16y61uAmu6NXGmC82R1kjstQgAgwdeialRvv5Y+or4esxG/fxIN2/vVFphVU1+Wd1UlLAFUpcjhGa7Me3Xi9GVWqsktXqfxjwtRqPu/U8k/caB1FoladXrDOLJ1PFfbLSO/4c//5iBpZgo5Y3ffvUGPPG9V9E+JL3f/+xoJ1zOUbico0hVwhDlCUBKY3E5R/Hgzu1oqy3Cn7/5cayyRg++o9epKsG89dn0kiiu+uk74XTmf9VP3wmvtJiA6rtly3EJ+Pe/vHqI38dkxZ+Un8aKhJlkH6d067PNvt9388eViStKaUVEXMdkFiZ/pFu/7/fd4cvKCuI+TzuPnETLltg2hwYYEBaeob0Ts/DPLMBg4M6KtM+SfPSOz6J3Yg7mghz4ZxZwyDONy8tWpFWvbIvUeeQkbPY1GXuc7n3oUTzx8AOYCUZfE1VVlVyCqW21xW1/FPd3c6HdkR4Jhv9uFWmD1HZ1I4Y6nCgvNaGqqlJ17pl8Xz6fzx9KfvRaO396MXFFKa3Ifk8X1jGZhbV/Srf+R6+1h7c0L09BjyAIgiAIgiCS4BUAuzK0HYIgiIuKjCTAMMpM6+GAFInduv46dPiGESy4Ftty38B0wA+TtY7LHaIEMjdXJGsLxG6LySgsSUVP/XTAjxWlZrzhvQzm4hzYa+vQtG4tXvvbm3xM6/rrsKJ4GD0j6hdozcWV6PeGgLIbsCrwalbmfxrbAG8I5uJK1BQtoGfEw+UXtuznr72l/sAKMkpezUrYSkyy/0pnqS1vvv6HrNQDkmCiTIBhiDJKU/16WMpXyNJu1JYtZT0gyTtANAUEkC5wijLE6xXX4jrfG1KiSZ0kiADQlENEeSQZiYRtFwBPT3ndci0wlvhqIEtRAaTWG6Jwsun6uzH22rNZmX/F9XdjSJibnvmLx5+JKInaDmk9fktVL77242GtKVv05BY9bZKUc9Y9f2tZRpNbtPaR7PwBoHmiSLWtEBM7qhqu5lKIffutCPbJW9uwBBYt0eXvbnkAGy5pAwCcfK89Zr2pvgmO/b8BIAkjUaHkyzFjmyeKML0iKsNU1W9GVf1mtL+yBzkz51T7Gi4UrMTazRsSzp+JLqNJzp/Vnzl2EgC4cDPaK31f+74Pq6a+KBHll+Mar30mjhSvjfbZYa8xZcshcRlrO2RraIwR0cTXKNv+UtQPRtZppXQV1pcCAH79wI4wANz+6D7VCznNdiO6HFI0yB2Oe/Cc/SkYLRZdF6sWC4vRCJ/FgpDPhzsc9/BlW66xX3C/SIvHf+veO3Bw53OABTy6Jd3UlpTqLUYAIcAnzSnR8WcSjFI0GXS58duv3sBvfzDyffVXXpCN+9lRSfZVSh7K2zvq64D6yI1LWwAAA9+/Rfre+a8YALj8opzLhz//WNzWTWy9uFxZI9Z+5u++mdb8f3a0U1Vo+UzkfjEe2bsfVltVxuSXB3duNzyyd78sBSZeW6VEQkuilkzieuU+H9y53bAcWyFdVlYAIL64ogYbz0SWdOu1WgmJtGzZgM4j0rnzxqea8IcPDyAwG0ZvcBYIAwaDAetM0T/XmdQiLmsokdJbDJFnu8FgSLueceNTksRps69BS8slGX+sxPZCTH7RS7ykFz3ii56kmNFRN5dgWArMYp0/jjz2ELbc/zDqa8xc/kg3tSWVerbvvmE/jjz2UNLn7y3N0rh44orqsYiMZyJLOvVlZWU4ch6l4xEEQRAEQRAEQRAEkXnyMrmxjlOv8xZIHadex6ev344eoQ0SS0BhaSimcrs0CcXFSOVtpUgSrz7ocUhjA37e/ui1oX6eUFNmWo8VxcM42PE6ACnBhuGfcPMWSP4JN/5uZS36vSGsys3O/PvnQ6grM6JnZAj+iaj0AgA9I274Ff8ePTd8LiZ1BQAwfA7OYUlEqSoxAZAu2ClbFC1l/eh4EO0dJ9AmHP/uvlOqqSvdfaeAvqiIAkRaPylaFC1lvc8zzeUddlGT/cxaW7C2PKwNkmPSD3tRbLQzaxXE2gIlK4+IrYYck34Ase2P4kkYnf1unjzQ2e/mdZtsJTjuHOdtkJZ6/mL7o85+d9z5A9HWI+z4MxFFqyUJQ+vxW6p6kT7/ZMbf5JVSS6oSTZ9/kqeoBD0O/v616PNXSC2pSjR65j94tFR2264ibijlEUCSUDZc0gbcsBsn32vnQghfDnVxRNwm209VPWC/tI1vQ5zbqksDqvWm+iZ88EvflF5DEZFGnNtiz9++/VbZ92Bft2wbennkubcNogTDXjvK17YSW0MjT1xSvhYZai2L2FixBoimtix2PfvOzhWdkCRE9p4mXkbXkl/af/21sLXZDpfLIUknoVhbImRNnOwSb0y69QC4jOPqcuCvP/pi+ANfeNKgu96KxMku8cakWR9vbnqOv14sRsBoiezTl7z4ElOfxPEH5AKJKMSotfQJ7/kCxselX0L9wRDuu+ZmTLTehbZa6T2WJcYobweevgsAUFJSzLclpr0AUfGFzUFLYhGTYRy9zhghRnlfxDoAGO+4S3P+90aSW875gnjihstV579y2z/yMQAXQjDw/Vv4fRp0ufHgV17gEkym0ZvWIo4T03uSrRdTe5Yrl5UVqIorHg2pRW15puove/ts/L+bT7wTttns8PkmYbOfhdMhvWp5GyYD4JuZx6GZeZgLcmAuyEFgNoxwOIwzwXmsM+VJaTOKZ37G6tk51i69sUTaNYVbN16R0VQNS2mpTIRJRDItjjJVn+wc9dC19+GMnT9KjfmoNUp/cA6F5pMWX5T13iTPH4wtzXZVcaUrckKLaWGksjxj9c12+qSPIAiCIAji4iJTSSnJ7vN8uG+U/kIQxEVJ3mJs1DEk/Tfgz1/bj62tG3FgXkqBAeQSyXTIK5NDAGi2B2LrRIlEWS+2Djowfy0AT8y8ytavl6XWqOGfcMPl8uMXLj+2b16DwVIpBWYp5z9YegPgDSHXkC+bF1DJ55dXW6e6H1E+EdsOzQ2fwyhWaq5fynqWIKOGVsuh7r5TaML6uC2Jlqq+qX49fJ5pvq60woru9v2yi5zd7ftha2jE6xYpBQaISiSiIMLEERG2LlHiCgCMTk3ybTPE9BfxArIWm2wleL79rEyaeb79LFrqKlERSYFZyvmL6S9M0Iknwagdf4ae+5/Nerc7+iH1QH8IA1PjKKhWb3/EZBYmsYhyiyi2xEtyUavRGt/l8qDZWomBETfQD9Rvki4OTi2sRF7k/Us5/76BcRjL1dsfMZmFSSyi3CKKLfGSXNRqtMZ3nfageV0l+gak545y/gCwYqwU+07nAZDkl5M5G3Dj+4x4+s/tMnnDVN8Eu8kCR9CHYF83TPXyx9kR9MFusmDDJW1w1Ddx0YSJI1r17GdxHSCJI0//uR2f/1AbXn53AzYsnMTg0VIMAtiBUkxXBGLmYDdZYL9ht2w7iz1/5f4BwKGyTk+98j2pvSP6GvIf/J0s9UVElF/ENJVBlUQYrRQXQD1BJpl6UdTRU6+cnyTNbee3p/oCKKwv1ZRfACDk88FosaT1O1vICoQim0ilBZLeel8oBCuMMfNNd/+wQkpcAVJrgZRGfSaOP8NoWdx6reOvhAknoniiJpeIvPXmi8CbL2JAsVx5+6qrNunat9ZtkfHxCVU5R8mfnr4/7Oh1YtAV/R3CbDJiU+t61fm3XHMzPtN6F352tBNP3HC5LAFHnL8y0eXFu3fit1+9AauslbL0muKOX+LFu3dzqWalxZSR54tWMovqU1whvCTb5ihR/fmGJ8WEl0zV62GdKR+ng9Hfr/wzCzAX5ETkFAPC4UhKDAD/7EJklIGnuGSiXnbucpyFRaVVU6o88fADYUASS5SMef2ohXbSilJcYUKL2jo99WqMef0oL5W/Vtlcn3j4gfC9Dz2atgSUyfMHk1cWq17v+UMPWjLLUtUTBEEQBEEQBEEQBHFxkHEBZnqiBkBUMGmsLpfaDFVfi22BN6I7jkgg8YQRNZQSCUtSmZv0YzogfaAlyS8SP39tv6zeG4wvPwxPRhtINDWsQ11ZgawV0lLMf7A0+mH7a119mttaV5SPXsWy0fGgMMeS+A++yvqlrFdDlEpSYSnrWRoMIKWtqF30ZP/Z/3rFtbjOHZFgKiWJpL3bBXuRWSaHLLgNXAiRPS+FFkGiXMKEFMekX976KAJLISmtsMZNUDjuHJe18mGwFJhNogSzyPOvuP5uPpa1Y9pkK5Gl0ygJJGj1lOj+az1+ma4XUyP488hihs/nTyo9RU1Y0du+KJ0alqJisZgxHTiHFcay1OavIqzobV+UTo1y/jAA0xUB4HQ56lflo29Q/T9mmbwBSJKHQ0U8Ud4+qbNebZ1aSgsAPsfpikDG9r8c6pX0u8exBurJVex1tmqb9I8PWvILEG1HJCbDaMG2I+5D3E6i+nhtkLTqV23bhcEDryAw1ih7L2EJXGdDeajsC+DXD+wIa0kw7GKU1Qo4NN4GE0klbL1xkeoZ1+xsTqq+srISbrc7sZTiUnzXWp9EfWVlpa77r+f4q/7+IFy3Y0kvrkWu1zr+eojXSgiIiiFMSBGTWcTb8YSWZPEHQ7Lv4n5EmPzi9UixhWXlNfAHQxCTYcT5j3ftx9aP7gbQgpN/eCZGaGH34X/+9B0uBbmco2gfmowZa2+w4a03X8RE6108eSVTrZD4eVAhrygFG3F/VltVQvkl2frliufts6qpLB4hlUU5Rlwu1qRSn4wcY7EUyW43FOcjHA5jnSkPpzEH/8xCzHoA6J2Y5evM+TmAIbP1Ih+84aOL9lgpk1UqyswY6nCi7epGtP+tB3VrauKffwWhJZ10mP6zw2i7uhFDHU5UlJlj5qgm66RDquePUmNUTmJJL11JRIalUp/s+aPLF1JNZRH3oxwjLhdrUqknOYYgCIIgCOKiZSlTYF45T+4bpb8QBHHRklEBxl5bh45Tr8uW/fy1/bwVEqqlJJjpgCR7rCg1I+hxYEXpJVhhlNpSzE36saL0EtW2QGLLCjEtxeM4yn9m8gtrf3RQMUfHUD+2tm5UTYExF1dGUlYk/BNu7OsGdjTVyiSYxZw/k1/6vSGsKS+RjpsAa9PkcvllcwWkFkOy1kMqsDZFA8cOxT4ZlrBeFGUYTfX60lnaWjdKLYyyWC+KMmK6h1KO6G7fj6a27VEJxvcGptzF6MQ8CisjqSeRf5FmCSjKNkPK5UwcYXT2z4O1DWLyC7uIyubF0mgGR7pjJA4xXUV5Afn59rO4rW2NTIJZzPkz+YW1P2LzYmk07WOuGAmmpa4SL0VEHzU5JdH9j/f4ZbqeSTBs/lqteJY783PnkFdkPu/nPzMlXcjbsW4Op6bl/+284ZI2nHyvnbcAkp3rIkkm8dBbryaPIE7tjnVz0KPpLdX8M1n/+Jd2hgGgxxdCuTN6HvEf/B0AYOJMFwCgeG0zBg+8wiUY5XuXUojzH/wd5keauYjCZDaxfuJMF8xsPeK3PFKrZ+8FbL1WEpRavSjPiO8Pq5uKMNA9ift+uFeXNOALhfCc/SkA0n+W+ywW3roAkJJWGEqpQ0/ySjL1vlAIIZ/0GD9nfwp3OO6Ju21dyS/i6Uk5fgnq2f0PVarP1xcK4eDO5yI3ACAkN1VkY9N7D0tY7wvxHkgHdz6HrXvvWJT30kwKLckiCS3RC+ODLneMAHO8I/o73e6fHAYAnPzDMzjw4pMx82cyzPH3TmIr+5vixSex6ZINCe/ri3fvxMH/5z+prltlrUR4zxfw4n//N54CkwlEcUWUVnbUy9Mh96Gf/3zOF1RNe0mlfpmKMOF44onn7bNSyx+BhiRklWTry69cA8/bZ8Pgaok2TocPL9/TDZwpQu/ELBqK82WCiiinAEA4jIjgMg/Ww0gUVwwGQ1r1p4NzqADw8j3duPGppiV9EFnyylCHE0WzC7CtMicUWsQUGHY7GQnGtsoMd48TQx3OmOSXpcAXCmHL/Q8DAPqGpXmXlalL3sm2N0q23uv18jlsuf9hHHnsId2vv3jiSZcvBK9X3sa0C2W6ZZVk65stRnT5QrpefwRBEARBEARxnpCsBEPyC0EQFzU5mdpQ6/rrYK1R/88oMYXlwPy1XFJhIsl04D0AUUFkOvAegh4HPI6j8DiO8nEex1EumURrpQ9ofuq8FAfmr+XCSGN1eUz6C0NKqZFjLq5ETZH0IaHL5YfVGv0gbV/3EAAg15CPwdIbuKSSyfkfmL8Wg6U3SKINgLoyo2b6i8E3C6vVLLsfeTUrUVUS/cAuXvrK6HgQeUUlMlFlqeuVNNWvlyWqxEMtpSUb9ex7aYU1bvoHS2EBJEGFSSpT7mJMuYtjBBHHpB+OST86++fR2T/Px3X2z/N1bBlLTfn3+Ra8brmWX/hlLXlESiusqgkHm2wlcRNUWAoLIAkqTFLJ5PyHNt+KiuvvxvHIRW/Wkklkk62EXxgW57vJVpIwnSHe/U/0+GWynrU+UTve9eYirK5bvv+xuLrOiHpzkeb6833+8xVjqF8VlWAcQR9M9U28BRDj5HvtMcuU6x1Bn+56te2dfK8dpvommSRSvyof8xVjCe9nsvtfTvVM9NjRIF1gZa/r4rXNMe2PWHoKADS1befvC6Igx16XzZ/6qiyVxdbQGCOvsPGDB17B/Eg3Js508dersuWRWr1yvdpXvHqxDgB/L1zdVBT38W67/TsGV5dD12vA6Ip+MUJW/a+hdOvZPNtu/45Bb72YxAKX8MVIYv9662X7THD/kzn+2Ubt+J/PbP72W1j9lRfwie+9ipZrbgYAvPXW8eh7eK8TjoE++IMhfOJ7r+LmZ/fi3lcPYaL1Lmz+9lsx2/vw5x8z2BtsKCuvQfvQJNpqpdeeWqqM7LgmEEEGXW4cf++krrF6eGTvfh7NsdJiwkqLCTvq6/iXEnEdG5+penEuyw21xJZEiMkv6dbr+tt54xUGp1P9/YOJNuaCHJgLcoAwEJhdwKHI3x4GSJIKk1f8Mws47J3GmeC81N4ozXolbJ6tG6/IyPuH2ELom//6SwMAVFVV8i9AEmFYGkx4dBLuHu2WZ85Bf8yXHtw90rZZ6guTX5RzYXNUzj0dmnc+dMGeP9QSWxIhJr+kW08QBEEQBEFc1Lxygewj3X2T/EIQxEVP2gkwW1s3wjUcQMep19G6/jqI7Y9EDnacwMHI+MbqcvzUeSkaq8uFRJhoCsqKUjMXQwBwseWztqOy5WwdADRWR1NfekY8qgkvDG/wFE+Baawux/BkTiRNRfqQS5RfGD0jHr79ujIjDsxfi7oyo5AIoz1/Jraw+yrCZJo6RFNfznrGY5JfRFwFK9BoyUcPhnkayVsnjqiKJVqw/4JnaSxzw+cwipVLVv/329vQ3nECTdUWeEyTODUwnlT7IZbiwu5/d98pNGH90tU316B7xAdAuuiqlfzBEP/Dv7TCin+fb0FphVWWCCNRjMLKCS6GAOBiy8dzO2XL2ToAKEU09SUw5lJtHRIYc6GpbTu6FdeejzvHVdsKibAkFkASToY234pNthJZIozW/JnYUnvsNzHzZzJNBaKpL8ed47L9ifO8rW0Nnk8wf7X7Hu/+63n8MlWvPM4sRQXCa2d1YQkGRtxotlaiyxX7PtBsLec/q63XGqu3Rlk/M+LG6kJ1oU1t/vWrS9A34Ebzukp0nVaZ/zph/qcTzH+dyvxPJzH/deUIedyoX62/HduGhZN4+d0NuOt9Fjz956iIYjdZcPK9dnz+Q9FEE7X1AHgLo89/qA1olCegnJR8yZg2RywthYkjwb5ufP5DbXj53RA2LJwEkB8z12Bfd9z9A1BdL47Jav2VsUkEPb4Q6ipLsMlWgpd+08OlldzqJhRDSmqZONMFbNslpbZs/RgXytg5SXwPZK9NluCkbEPGxpm3fownzbDbemD1eiS8ROdU9v4dGHNhU9sazB2R1j3+pZ3heCkwXY4Qmu2pXfAxutKadtL1yot9RhcwkaCGCSlut1tlg2n+EqvR9igZkj3+FiNgtER274ou03udL5368+Viqx4e2StJvlZbFT7TehdaICW2OHqlx3HQ5UZZeQ0+8b1XefKKyzmKRyISyu7WG1W3e9VVm/DK169C208Oo6xcEs31JN0Mutya69SEm3S4vMUOAKrCSjzYeJbqkk79SosJhzqX1/PpsHcGlwmJLCyxpSEipijTW9gycX1DhusPe2ewI97v10dOomXLhpjlDcX5OOSZhrkgh6e4MC+ld2IWBhgQmF1AOByVXPwzC/DPLsBgyEu7XvV853SgdeMVGXu8RJHEUloqa4XExJOqqkqMjkZfW+HRSYx5/ahstKW17/ColNSqlF5U33MjrY/u//aTGZcHkz1/lBrzUWvMlWojb/qlxnzdqTDp1Cc6fxzpcgDNdpm84vV60QUpyUaZ3sKWievFRJdM1B/pcqCtvoY+8SMIgiAIgiAuNJjcsivOOoIgiIuetAUYUTTpOPW6ZnshEbEtUg8kEQYAtuW+AQCyVBcmtDBp5rM2STSJpr1EE1/0yC9sfo4h6WdRNGHthXpGPDEpMCL7uodwfXM9znrG0Q9JhAGAVYFXZfNnkky/NyRJM95r+X3kaS9C4ktdmVFVfnHnmFG54Of3s2fEDf8ES7mJfqjO2gs5e3swNzmumsLC27AMy1u3LGX96HiQyydMIgHitydi8PV9iBm7VPU+zzS6R3xoqrYAiF501RIvxOPGYBc6/x0tXIq4zic9N8RUFzautMKKfx8DPp7bCSAqxUBIfFFLfYl53CJzFcd29rtlbZDUUK5nogoiIgwAjL32rGz+TJLhYgtuRe2x3wCISjFDQuKLWuqLcv9sruJYtqw9cizUHot49z+Zxy+dekCSYNpaN8a9r2qIIsvMiFtYHv2wXhRb2HhxbLwapSiTjCSja/6CyBLyCPNfJ8xFEFvYeHFsvBqlKJOMJBMPJqTc1Si91q9cKQkpDFGG+WWPXFwBIBurVvP0n9tjll0JC37Z41NtHaSGKMGw/SvnD0AzdSXb9YzHv7Qz3O8e5+kvIrlCayImwbD0l/mRbrD/CRd/hsoy1uZI+dpk2xKlF6XQoiW6sPrBSMskLRFGrZ7tl72ntNRVohOxLZwStUCyGI3ocoRwPtDlCEGpFlVWVqrLLSrjso3aHJI9/kxeCflYvbTM4tMnsaRTr3b8z3dczlHg0hZs+OhuHHjxSQy63JH2SMC2m7+I9qFJ3ckrH/78Y4Y/PX1/eNMlG/Dbr96AVVb9z7mWa27GgReflNUMutxoueZmbKgtylj7o8tb7Kriyr4+dalFbfli1C8nPAphRU1cERHXqwkvqdbrwWZfg84jJzXXB2YXYDAYAIRRmi8Ft7L2SExo8c8uwJwvSSysjZFUk3q9Gp1HTuIjH8rMY/TEww/g3ocexWNf/yIAhH2BQIwEw2ASDBNVyktN8IxK//RhqIqfksZElzGvHxVl0b/rlW2O4skvvkAAj339i2EAhvu//SSfeyZI9vzB5JWhkPSPB6LQokdiSade7/mDiTVMWFETV0TE9WrCS6r1BEEQBEEQxEVNsq2Ckt32kqD1t1k25kIQBHE+kpfpDUpteWIFgtb112FF8TCXU37+2n7Ya+vgGOoHWjdKg6qlNAu1Nkau2jpYa0p54osy7eWgsB89+xcRZZfhSenDQaX8wlokMTnmNfTBXFyJ7t7T2L45EnVdJqW5iG2MWPuk4clK1BRFE1/EtJf9x87y/ZmLYz+Aq1zwx+zfajXzufIHs2YlT4FRyiesRZEop4yOB3kbIzZ+sevFlBpl4ktT/XrNFBjWokiUU9TGLna9uN4TnEz4emhq2x6TyMJECilNRGiPVCE9t8U2Rozu9v2wNTTyxBe1tBc1ASPR/hNxW9uamEQWJqJIaSzRD/k3RdJcxDZGjOfbz6KlrpInvqilvagJOMnsnx0PIHqRWS0RR+v4p/v4xasX5yjOH3BgakE9OWkmkgLDfhZhiSwDGjIMG6+W3KJWo9y+1nLG+EQxSoql3Aat+Yc8bi6rKEUWlsjSN6Auw7DxasktajXK7WstV5v/ijH11n0vvxvCje8z4kpYYkQWKZEFePnd6H9t3/U+i/RDY1SSYePk243WaIkybFtqAg2b83RF7EUiJp+I8gxLXjHVN8nGqJHN+vt+uNfw4B1XxvxlJ7YKEiUYIJraIuZKzUdEFLEtGWtppJXqotaOSCmsxEt4Sad+1bZdXH4BJNkPdcmJHluusePImw4AwB2Oe/Cc/all9YvmHY57AKSXVLOcEY//1r134ODO5+KOdylSa3whubySKM1FV72wfuveOy7o4w9IaTAP7tyO3T85LFvePjTJk2KSgbU9sjfYdKW/3PvqITzx0d2YaL0LA9+/JXqu/soLXH4RJRyxjdBioCWzLFV9trisrMBw2DsTLs1PL6gjkfCitz4wG8ZlZQVxJ9PScknkpw7c+FQTXr6nG+//nB1/fuIMDLwyLMkqYaChJJ8tiv6NGhFbArNhHPZO4zLLChzyTKdV//7P2TG/dhI3PiWdu7WSajJFtc2GmaB2kqkoqIiJMO4ep0xsASTZhcHWra+vjbvNdOaWqfPHkccewpb7H447XtkSiEkr7HuiNBc99aJucuSxh3SfP7Y02w1Huhzh+hpzWsckkfCit75v2I8tzfYLouUfQRAEQRAEQRAEQRDJk1EBxl5bh45Tr8MekVUASejoPn0GHade52McQ9IHq9aaUjiGoikyrsg6Vt8z4uEtlhxD/XAMAdPrr+PbgiJtpjWyTu/+GaJ84p9wc9mEwVok+ScigkrES6gpWoDfaubCzvCkvL7fG5K1WPJPRMcwlPKL2v4Nvll0a+yfweSSueFzXDZhsOXOYUlEwfA5XjOAqKySV7NySerZOiaUWMpXAEC0FVFENmGw5eiTRJTuvlO8Hn3Rx5GtW+x6tq7cVCRLA2E/A1GJhQkSYhsPhljDxrEkF9YGg11EnR/p5gkDDJY8wkSMVPZ/06038zQSlqwCRCUWJpioSTliDRvHklyOO8dl4kpgzIX2MRc6+6P1LLmFiSzp7p+lJ6R6/NN9/NTqxdYsavP/wMfUP5ddXViCgalxmYCi1YaIoSWrrK6LfmA90B+KW6Mm1iTarxpSG6RxmYCSqA2RlqwSb/56xBo97Y+6iuUy24aFkziZs0EmoKjJLCJaskr9qmjror7B2bg1amKNcr9dxZNonpD+45lJJQxTfRPsJgsA8OSVYF83T2KxmyxwCCkt2a5PBVtDI7oO/g7Fa5sjUkm0dVHx2mbZ6xWQUl8AebqLsg2S1n7E1CexLpP1gwdewS33fU11G1N9ARTWl+Ll//fm8I3/5UXNizhtt3/HcOTNO8MWoxG+UPQ5FfL5AGtse7tQZJGyfVHICoQsgNEXv7WRnvrQEZ9sncVohMVoxMe+sccQb7uZ2v9S1Cc6/vABsIjHQF4nXofUk/ySVL0PSR//8x2xJRIA3akvSlgKDJNg9OByjuLmZ/fixbt3ou17r8rW3fzs3ujfG5G5nfOlfzF9X1+/aioLk1fUxojLxZpU6s83OYYRmJV7lsnKMunWK2ndeIWhs/O9sM1ugdMRfeGaCyQphbUvkv4gBE5PzGFdcR7WFefhTHAe4YjJIo7rDc6mXf9+8Xxmt8BmX4OPfOjOjL5/PPHwA9HfRyOCCWs3JCbBaLVHUqJMdVHejler3Aebhzg35ZwzQfPOhwxH3rwn5vzRN+xHWVk0yaTUKG+DKUouepJfkqnvG/Yv2vlDue1kZZl06wmCIAiCIIiLisVIgaHEFYIgiPOIjAowTGhhsoq9ti4mccUx1I+trRsxPVGDgx2vx61vFWWXCKzNklr9iuJhvo9E+3cNB3Cw4wTsttVcQKkpWoB/AlxWaSooQfeMdCGepa6wNknDkznoGXHL0mNYfXfvafitZi60xKsXk2bi1TOU9TEPaM1KhM52wVlUwoUUADy1hbUpGh0PxiSGVJWY4BzGotUb10gXJ1kbofaOE2iqXy/bBhdUFLIKg7UpYvUiTGhZrHo216ZqCzzBSXSP+GSCihPyC5ziRVhALk8wsl0vCiqdkLdDUrbhEOWN5VrPflYem6U+/uI6/vzRkbhTby4C6iTRQymeiCJIvVkSIN46Lt0emBqXj43Urq4z8rEAgDoA/bE14nggOkbct2w7OuavFE/U5s/oG5DPn9Wqzl+lRhyvRqL5N08Uoat4EvMVY6hHBfoGZ2PEE1Fkma8Yk344Ko05mSP/r2hWW78qPzoWQD0qgMHYGnE8AD5G3DfbDpNflIjiid1k4ckrLI2FrdeSULJdDwCPPPe24eM7Lw+zNkhi+yKt1xWTYABwEUZEFF+03gu0hBa11mZqSVvp1rP3PfE9TUzQiie/MGTiRYLlFpdRfYxD+mY0SuuZEIIjoaTqU2nGVFlZCbdLuu9MPuH7h1xK0ZJTlOszXb9qrlKzXuv4i2aKjx0/axyTBYBPw3TRXX+R/2GTqvgioif1ZaXFhHO+IKy2Kr5PJrukK+HEIRxPPNnX1x8j1+yDflkl2fod9XXY19cfBrBsxKodf99k2Pf7blkKjFJaEUkktMSrVa5X7nPH3zcZPDraITkdsWPe/zk7/uPHjhiRZa1JaldjMBiwrjgvJq2Gp75EHpVU6t//OftSP2wGAOECkwkzwSB8gQBPXWFSipYEoya06E124ec0QXaxlJaiwGTCiNPJf44IMIv2HNc6f8ha+7DfB23VmmMAAGVlquv11nvTvC93bG02PHewS5YCo5RWZL//JxBa4tUq1yv3ecfWZkOX7/xoD0kQBEEQBEEsGpmUYEh+IQiCOM/IiADDEleUsknTurUxaSsAS3w5wdNYtNoTMaElUb3W/plQo14fbYuk1l4IAMKWfGAEcOeYZf9EzRJfmgpKACs065nQ4nL50dSwjsssrF6Z+BKvXhRlxHpA3t5ndDzIRRMmpDB5hcEuwLE0F7X2Rpmsz6tZyZ9oVSUmLp6weVeZClBuKkI3fPB5prlookxoYYj1YmKLltCSbr0o6VjKV6B7xCfdF1OB6gXO0gorBg9EfydSEycY2a5nsonIJluJ7FioiSfLuf5zH7kCP/7jO/y2sj2J8mK1s7cHudVNsrZJbBk7xsrnfqJ6sTVSIvGlpHgC4xPRJi5MIlFDKXFctakcgCTCrK4z8oQUtlytvn6TXJ5Rju/zT8aIJMr9VlbmYzqUufkDyc9fazvJzn+6IhDTBkmUXZQwESV3rAKrLpWLMGL9fMUY5tlrcKxCuh0RbOYrxmQ14vjcsYq4+2dzBtRbDgX7uhEvq4Yls6RTz+rS3b8ajRYj+t3jmHCO89egWgKW+HqMviblLY7mR7p5SyT/wd+h+VNfBSClrkDlvVO5XSbMDEa+r9q2K6Ydmp56Z2R+No19MoFPmXTlDuUB3ZMJE2AA4MH/798NX/v4DWFA3gYp5JMfb6PFEnOxTTnGZ7FEHqwE6zXqRVj7IwD4wpPx/3tclGBSJV5ySzr1lZWVgEvf8Ze1QVIeGgvgcykuyMUcvvjrfUhUH4W1P9Jz/InkOOcL8lZGStFFTXy5vMUuq00XMbElGcFlR32dbHy69csZvWkt4rjAbJiPS7aefU82Fea/f/V/GT53911hALwNEhArovzHjx0wGAxcbtEaA0RbHZXfIW9T6XnuXNx6AJhfK6XisfZHAPDJW//zYr9/GBBpzGQpLY1JhGE/ixKM1jItxG2JYo1y/UwwKFuORRa87nnsp4aHP3tHGJC3QVKTQ/qcI7JlyQgiya5n7Y+SOX+Yzdrii1Zaiziub9jPxyVbz76zcWazWV+8GkEQBEEQBHGhkwkJhuQXgiCI85C0BZitkTZEZabrAJyQLX/tb2/GrWVpLAc7Xkfr+th6pdCiXR+7/+uvvibh/jtOvY5PX789kqRSiemJGgDShyeN1eVcSAH8gDX2Q5fumfHIOKleFFVYPUOZ5MKWsXrrTIlqvTgntfq21o1SkgokSYO1FxodD2J0PMjlE5bEIsLSXJy9PRjFSsxNRhMV2HJxWTL1eTUr+f7FecmOX98pfLr5Ki6U+DzTAKKtkUQZRpnkwpYp7z+DLY9HvPqm+vWxMo6C0eBMjGxia2jk8kM88YSR7XqlbNJSV8nbDsUTT86HelE8EdNkRHmFyS6y50Xk+GklOiiPv7I+MOaStUNKBT1pKyJMAFGTQxLVpLrvFcYyTIe85/X8J6eiFynFFBg1WPJKFxsrjFt1qfziy7yybsUUoNi+WDMvzkFj/+IcRET5xBH0waRIV2HCid1kkbUlSqX+5HvtGd+/yONf2hkGgB5fCFuF89CqbbsweOAVzI9085ZGgCSYiIKb8vXpRFSCASB7r+z6xfdQvLY5RpATtzOoSIwR69HQGLN/Zb24fybw8GQpFbGOnbs6+9047hyH3TgHdyhPVwIMAHzn3181AMDvvnVn2O54CJZIkosvFEKzXfrZ2myHq8uBLkdIth4AHwMgZn3K9XZrUuJFZWX0P/fdLndaQovRlZ4Qs2quEkjCx5Ed/yP3qB8/q47j58ve8b9QYYksQGZTWZjIEi/xJZPiy6FOBwC5/HLOF8S+SGyb2vaV68VEl0zUH+p0ADdtXnaPuVYyi+rv0grhJdk2R4nqNf+G3roVBw8eBAD8+NlfGgDgj3/eE37syEnY7GuAdVI6TMsWKTHO9vd2HHQ60MnWI5oew8bgcqDzyEn0Cut5vc0O5+UJ6gG+/q4vLr74IiSsYCYYFPcVZusZLJUFAHyBgMFSWsqFGRE1uUW5P7HVUrUt2u5MaHdkUNyWzSXTPPTT5wwA8OZj94S7nntY9f2/TMf7/3Si8/dB/eePLXYrcNP9hi9c35b0/dFKZlH9vV0hvCTb5ihRPUEQBEEQBEEgPQmG5BeCIIjzlIy1QPIG5YKCJG6cyFr96cnZpO/DiuJhWIulD1GGJ6XIaKtV/UMXd44ZlQvyD1jEsaweAPJq64CF+B/GuApWqNZ7J3o05xCPqzZu4dKIKKIoEdex5BhxeaIniFY9oC69xEOUTNavLsFocIZLMcpWSQxRUhHHiMvjoVXP5uPzTKvKLyKiaKImRCQi2/WiqLHJVhKTqHIh1GvJKLe1rcHzytvtVgTGXLoEFvX6szHtmzTfcyISSUnxBADIklQAoDBHEtdM5Xbpfcctva9VVubznxNRmHMupl4LNg+Gcj6VlfkX1Pz5+SaSqNKsSIJhywFgeoWUFNM8UYTpioBsbFfxpKxOFFXEbWjVsPHTFQGsEY9vnPkAgKk++trXSlYJ9nXDVN/E5RVTfROXVFKtF5ens38l9/1wr+HBO66UXTkUpRZRfmHve2qpTGy52MaseG2zrJ61RopXz/YjCjETZ7pg3voxnvykd/+AvAUTq+cpMUIyFWuHlCof+8Yeg5iF88j/9fEwIF38Ulv/u2/dGWbrAKDt9u9ktF4vypZDlahMqz5Z+UVZD9fFdfzPN/RILeIYcVmmJBjWBine/tj6lRZTzPhU2dcnF1YSbVNcrya8pFp/PqCUVxqK5b8HiC2ASvMNCeWXZOuT5SMfutPwkQ9Fb/8/3/unMCDJK2rr//jnPWG2DgBaN16R0fqlgIklomwCwFBgMvGDGZFWZA+GLxAwAMA3//WXeOzrX+TCjCXOfu596FEDADz29S9Kf+tJaTNhNoeIIGNQm99ScM39TxmuEW4/df9nZe//yvVvPnaP7P2/eedDadc3hubR5xzJiEiilFfKNFo0sbGJ5Jdk6wmCIAiCIAhCgIksu5IcTxAEQZynGMLh9D6ou/kHL4XttXUoM61Hx6nXsbV1I1zDAeTZVqP30Nu6tqFWr9bSSIvW9dfBGzzFE2GSqd/aupG3EmKJLMOTObwl0fREjWYrJka8emX7onjbSLR/NenmYMd7spSUttaNXNpo13n8slnf1roRVaYCAFKiSlO1BZ7gpNQSacSnS0DJZn17xwk4e3vQ1LadSw+DB17Rlb4CRBMOslV/0603o7Pfjdva1uC4c5zfJ73pJawFEdWnVv/j26MpJlppKowVxjLNdUoxRCmCqNWLNVJLoNT3f77O3+tNThbT3HYCUSVRjZ7xanzzz9I2RBGFiSWiqCISb+xS13/3yip+kUkpvnzgf72Eb//gZzKxZPDAK1xiKV7brPo+J7YZEgUU5dh5lZZKavUTZ7pQvDYqdzIBRm99ov2z7+x+trVuBCDJfONP3Sm1QYIkB11ov4C2fMsve8wzLbAsdn3nN8zUUiiLXPXTd5L+A4a1LDrnC+Ktz15hON/2f/tLx3Co0xFWE22ygcs5istb7IZfL5MEGM+WCpRfuQb7ft8dFsUVUVopv3KNvObts/xnUWYRSaU+MBvGjr9vMnjePovyI2P0giVk+P3LV9QYUggwehNg2vuG0VZfgx+91h4WxRVRWmm2yFuUdgktikSZRSSV+r5hP75wfZuBzYkgCIIgCIK4sDEYUv7zXinDpCS9pHt9lSAIglik80O6b9Bzc72aGxAvSM5NSh+i5BWZE15ITab+E//7K/znl/7hFcP5Nv/fny6HJziJ0eAMqkwFGA3O8HVMxmBJKGoixoNXr6ULMFlk4MjjsufP8MAUalYX8u/Jkmz96i33Gc7n+X/95N/x1BQGk0n0iCQ/vev95/Xz3+Xq5Me/zy8lggz0hzAwNY6C6kp0uaJt1FzDXl3btNYIHxRbyzEz4sbqwhKsrpM+NBZbBM3OzvGfhyalRjwDA0EMDIyjoKwSXf3RfQ5HWpWFpxfUTyYrpNSqmmpLdP91ZZjxurF6dQlWr5Yu/NUW5fL1+fnRjCnx/vcNjMNYXomu08L9d+m8/1bh/q8rR8jjRv1q9fv/7b9EL0qJqSSipAHEFz2yWe84Gm1JZLIUIuib4j/L6lWWs2Xp1P/hkf+e8dffg3dcGa6rLMGa+/8tRoBRpqqI7YfUpBNALp7w1kQqqS3x6v0Hfxd9Tn3qq0nXa+1fbKFUWmGVJb8wAaawvlSzBZJSIFlq0hVADHe2Z3X+4T1tac2/9Xf6jr94vU64VqcbrfqOj5GAc7Fx+0vHsKO+Do/s3Z91CcblHMWDO7cb9vX1YzkJMIe9M2FASmNh4opSWtGsj8gsTGRJp54lwVxWVmBQE2D+o0Fq39NQnI/e8VnAYAAQhn9G+h3r8rIVUg8ghGGAAb3BWfhnFmAwAOEwYC7IQTr1loJchBGWGg0ZpO2Ew2GcCc5jXbE8/zMclrYBg3TfDDDg73r9ab3/fPL/+nDc90/bKkmgcA6mJookqv/V//enrL5/tvcN6zp/lBqj8lUglHy6rVZ9s8Woef/TEWCOdDnCgJTGwsQVpbSiBZNZmMiSTj2b+5Zmu4EEGIIgCIIgCIIgCIK4OMlIC6S5uSLk5U3G3Gaix3TIi7wi6YMoJoKIEki69eWt0sW5m767KwzIRRi1Zctp/t2Ri8pKqkwFfF2VqQBN1RbZ2CpTAcpNRfQMXmaI8kcqEkm69efj/FlyCiAlqjAZ5nMfuQLHneNJt0Q6nxno1746aq0pSyjBiPKL2raZBKI5ZkC7DUJNtQXDIz4YVuTESDBq8ovatpkEk9L9t5YllGBE+SWZ+8/EEiahsLY9SklFa3nW6yNiCpNYgr4pmdDCcLz7J83jMwrA/r4Px63XWp4pmPwSD7FtEENs+6Zcr2w7ZGto1Gx3pFWvTJtJtl5r/4ORdVqiX2G9lPDz6wd2hAHg9kf3kfBwHpKK9JLJeuLi4jOXtshu/+xo55LWLwcuK5OSHfWKK/zvycj4hojIkm79Ye+M5th1puif4A0l+TjkmQb7p0WDQRJWEJZ+Fsey/1tJtz4c0WP8swsw5+egd2IWDcX5WGvKjd6X1ZH5DxZIoszqGTQ8dw6nJ+Yy8jjFk1T0iC/p1F91zaWy20abObxl+wYc/PUBAEh4rn3rzaNL8lxORXrJZH0qbIm0VNIrrjDY+C6UpV1fVlaGI10OOiEQBEEQBEEQBEEQxEVMRgQYUf5Qu60UQeYm/Zib9MNUbk+7/qV/eMXwgU99MFy22YTy1imc/ln0wuxN390VLm+dgqejcNnOX0RswcNSX8R1ovTSPeKT0mKayulZnGUW3NLnpDmV0ofJycoj6daf7/Pv7Hfz5IPOfjcCYy6UVli5CMPaDF2I9PknUW8u4uknAFTTX1Kly+VBs7USA5EUmNh95qK2KJenvwCIpr+MegHxIdTrPAg1XaNeNFdVYmBASoEBpKSZ6D5nYu6/WvpLyvf/tAfN6yrRNyClwGgdcxFRQlFDa/myqRckGH7+6P0bAElwqapX/0/90b5jXJCparhaU3JZLPkFAB557m0Dk2COO8d5OyH2PV7bISAqorAxShFFrGXbzWY9+15aYUVgzIVOxfudeBk6kfwSsmq37Im3LlP1aWMF4EphXabqM4DFCBgtkWPmS15cSbeeuPD5xyuaNdcxcaWtVinHS8sTiSyp1LfVFqGttnlZHaPLygpUxRWPhtSitjxT9ZcJ7ZGUnAnOY50pT0qbUWSB8PZNBsA3M49DM/MwF+TAXJCDwGw4mtSSRv06Ux4O+2ZgLsiBAQae+mIwGOTyC4CFD/gQDgO5Z4qkdXHul15sq8yLlu6ip77/rLy9ccjp5/LLc08dCd9xzxYDEBVjAOiWY1Kh1JiPWqMkHw2F5pMWV9KtzxRbmu2q4gpLZ9FqYSQuz1h9s51OGgRBEARBEARBEARxEZOXqQ2xdj/x2gOtMJbJJJDpkFcmh6RSn1ccXe/pKETZZuADn/pg+K+/+IvhfJg/UBEzTpRfxLZHrD2SUo4hsgsTP0SSkVfSrb8Q5r/JVoLn289y+UWECTIXqgQz4s7HgHNprnSyhJVCmxmIpKJ7plZgYGA0OqgCQA2AcQDitAqBmnoLhvvkKTA8/aXeErtDIwAbgJzI/iMJM8a6KgCTWb//ylZDdpN0HxwaKS12kwWOoE+zVdGS1ytaFUXllmMI+qa4+FLVcDVMlkJcc8NuAMDJ99pldRsuaQMuacObQEwd37+lEFX1mzHad2xRJRg1nL098B/8HYrXxr/QKooy8ballgKTjfpBxbju9v0AtvPbU30BFNaX6pJfQpGXXyqiSrr1aWMFwN4+XFmozxBGS3briYsHq60Kn7m0BW21RWgfks6lseIKFMujgotYk2r9z87j4+dJMeElU/WA1FaoNyhJCv5Z9s8bBp7iss6Uj9PBqMTgn1mAuSAnIrcY0q43GAww5+fw1kfSnICKq+T3aX7tpGR8GICFdVPs17n0z+uCvMKEFuVyPbXp1n/3n94InxsZxr8+fYfhv37+ufAVlzWH+we9+O4/vRH+h/91rUEQYyJHYXFg8kq26pcSLZllqeoJgiAIgiAIgiAIgrg4yFvqHSolkHjCiJ56FAN//cVfeAqMiPdYEIAp8n2Zzl8hwHiC0VQCUX5RI9F6YulRpqEsdf35Ov/jznEExrSvXG6ylcjSYS4UJCEjhIGpaBuoTKW/MMQUGI4z8t0AAEEMTAr7r6lEV3+k1RD7bFnwU8KFCzBMyS+BhAvlLZEgfCbd1e9Fc10lBoaF/fezQmnjfQPR/Wcq/YXvX0iBiSFyXY+JJwy7yYKTwm0mn7B1Dg1xZanrR/uOAUBMqktV/WY43n2Uiy8AuPziCPr4NgEpUcYR9MFusuCaG3bjzVefgSnSCmm09298G2wf0vdji/q66HeP4wO2Erz0m56YdfMj3Zg404XmT31VtjxeG6Lc6iZVYWU51M+PdCMwFl3H3uM22UpwNpSHyr4Afv3AjnA8CYZJK1rySiKpJd36tHEpvmutX6z6FGHX3lhSi8uVfG0m6omLi3tfPRRm8gugLq7YiqWL4c6JaLqbOE7r5+TqW/DP73SF//GK5mXZms3z9lnVVBaPkF6iHCMuF2tSqU8kxzSU5KN3Yhb+Gen3J3N+DtcrmJSyzpSH05jjY3htsWQwp1vPvhsMBi7BAODpLwvrJqPpMmEg50wRgDDCGf4TRU2GSSbdJZ36d8+cxPvWbsB3/+mNMAD0D3r5snU7asPe4QVMuqcQcvoz+jwvNUrHniW1dCUR+cVqM1G/WHT5QqqpLOI8lWPE5WJNKvUkxxAEQRAEQRAEQRAEkfY/cgU9DszNFWGFsYzLIHNz8g9TlbcZeUXmtOvVKNtsgpoQA0htkdjXcpt/lakgYboLa5NELA+GB6YwPDCVcm029rvc5i+mu2jJLc+3n+VtkuKJMucbA1PjvOURAP5dC2tNWUrrxG0XVFfy/Q5MSl8FNZF1NRr7V/kc2bAih6e/JBorbrugppLvt29gnLc8AsC/a95Ha1lK68RtG8sr+X7jseGSNv5dTVBJRDbr/88Lkvxiv7SNL2PiSzzEMSZLIaoarpYkGBXBZjF4/Es7wwDQo7iQ4z/4OwDAxJkuTJzpAgAMHnglpl5MZsmtbuJfgFxQcfb2LIv6Vdt28dtiSyTG6qYiPHfCmzABBtAnqYSs0a9M16eNnrd1q/CV6foU8IVSb1PEatOpJy5Onrjhci6j2IpzuazC34eE22rrlOtTrW+rLYrbkilLhOOJJ563z6J3Ylb25UminU+y9ZG5qOoi4TCwzpQHc0EuzAWSvNJQnI91pmgrotNBQV4R5JZM1AOSQHPIM41wOAyDwYCKq9ZGfjktiP6uZwByThchNyK/iCkzmcS2yixLchF/Xqx6o80c3nf8f+HdM5JyfG5kGHWrymArrsS5kWFUVdjx0Mf24H/+55ewbkdtuHyTNWPqTyA0m3KbIlabTv1ivf7iiSddvhC8Xq/sKxlxJ9n6yFzCIAiCIAiCIAiCIAjioiTtBJgFzGMqcBwl5euiG82blO9EcTtmEgnGq9XPTHowG5iAqeHvAGinwDCY8FLeKl1093RI/xU/HfBjAdmbP0uAqTIVoNxUxNscxUt38QQnYSlfQW2QlgGd/fMorJwABqLL9LT/0ZJH4iWniDWOST+m3MV433k+f1ikdJf2jhMJ9ymlwFgRGHNdMEkwTEphKS2ZTH4RYdtl+2i2RkQTA1vvjazzAjORIiPkLZCE22IKjCz9Rfm5d+R2V78XKADfB99/pJSltGQy+UV2/yPbZftoXqct2px8r52no5jqm3DyvXYuo7D1DGULo6WuV0NNfgEiSS9CayWxxZJyHZ+fpRBouBr/54VH8Xe3PCC9do+2L9rr4b4f7jU8eMeV4R0NVTjuHMfXv/wZfPsHP+Otj5j8AoDLIwwxYSVRWoutoRFQjMl2vVh3W9sanH3sP2F1U1HCYxay6k9oURuXbn3aWKE/ocW1CPUEcX4RZgJKad4cgDkE5vJkospLPXK586bGEtnt0rw5lFrYrdTrA3PSn5DOifkwFrE1TKqIiS16WxWxseL4dOu1MADoDc7x2/6ZBRz2TsOcn4u1plycjqwzF+Tw9YHZBRzyTOPy8hVp1wOiTKP+u3vO6aLITCMP8UD88emglthiW2XWneSiVa+1DgC+sOtHuOKyZvQPenFuZBjbZq8D2oFtAPpWnsDN1f+McyPDcE64UVVhB+AAYA17jrsM9FakzlBoHrXGXFlii940FjZWHJ9uPUEQBEEQBEEQBEEQFy9pCzCSxAF4AkeRX1qMkvJ1GPec5kLJdEhqpSG2CmJtgIBoioqp3K66fTZuZtLDt832KcIEFwB46R9eMXzgUx+UfTrnPRbEus/kwNNRCO+xIP76i1cM4n3I1vybqi3wBCe5+KKXpmoLuuGjZ/AyYMpdjE5IIom9yIz2bhfsRea4IokeyYQxPDAFx6Qf9iJzVBxB8QUz/+POcV0yy3HnOG5rW4Pn2y+c544ovCyW/KK2P74v4d94u1yRtkcF0JZgkkH8/LlAvg++r9PRt+nFkl9k9z+yD/Z9YTIEU30TbwHE5BJRBFFbzwj2dWe33jcFk6UQo33HUFW/mcsvrO3RaN8xPka5XSUyIUaoESWYqoarl+y1Ufzre4H7/423EsqtbkIx5BIMEE1MSSSdaJHteoatoRGlFVbc1ha9cHrjf3nRcON/SfAyS1PqMGZbCnFluT4NrNZo2yKLUX8qi8UIGC2R6adZTxD8b5+IuKJsacSWK0WWTNcvBw57Z3CZIKywxJaGSEpL70Rs8oVyfUOG6w97Z7BDZa6ng3MIzC4gHJYkFXNBDvwzC/DPLsBgyENDcT4Oeab5cgC89VDvxCwMMKRVv86Uz38F5MkvkdZHGCiQvupmodbviI9fZJJpg6RVLybDqG2vf1D6fXRldQ0m3vBi7NpzqFtVBkSkGOeEG/3zvwIALsFMus1pS1/NFiNPLyk15utOZSk15qPWKAlr6dZnmiNdDmxptsvm5/V60QXpMxSv1xtTo1zfhTKZPJNu/ZEuB9rqa+gEQRAEQRAEQRAEQRAXIWkLMD91bkZjdQW25b4hE0lEiSRdZiali5Uex1G+7MD8tegZGcM/NETHlW024aV/eCXmAymWCuPpiN32gflrUVdmxKrAq0s6/8HSG9DvDaF7xMeXsfZG3fDB55lWTYFpqrage8RHrZCWCf8+34LSCiuu870hiCRSwgkGkhNF1GDyCCCltTBx5HXLtQiMufCf0pz/0OZbsclWgrHXnl3S+VdcfzeOO8eBfjc6+92yNkhqsPVs7CZbCZ5vP0tPwMVCS4KJ90+VRo2fC5b3XRUlFJMiBWXDJW28LZBW8krW6wUJBkCM/MJwHG2PSYVR4jjaHpVlFBLM6BI9Ho8897YBkNohHXeO45v/61/w7R/8DLaGRjgj7yATZ7rQ9YvvoflTX4WtoRGDB17B4Eg3cqubNEUULVElm/WsjRKTX1ibt7OP/Sfc98O99B/mCior47dIc7vdSzqfUOTXNyakWHz6JBYmr6RbT1yUGF7qGedGQlttEdqH1MUVcQwgF1zahyYzUh+5vezeqzwKYUVNXBER16sJL6nWxyOMMHdL/LMLMOdLEktDcT5vSQQAgdmFyM9hlOZLaS4NxfnonZhNqx6APKlm9QwW1k0BCEf7I/cXCFJMvuz4lqf5GCVKZ9F8n+9xoqJMqh3z+lHZaIs7XisZpv/sMH70yhfwhV0/wsrqGqn90X+axNigl0sxzgnpnHL/tU/gs9/6AFZukD5PKKosTPs5OhSaByAXUvRILGxsuvWLCRNzmLCiJq6IiOvVhJdU6wmCIAiCIAiCIAiCuLhJW4BprK5Az8gYUH0ttuW+ASCaCjMOSSKZmysCEP2wVLod/bBCmaIyN1fE2wZFWwVFYfJLY7XUPuim7+4Kl7dO8bZGN313V7hssymm3RGASPrLX/iHtXVlRvR7Q0DZDVgVeHVJ5s/kl7oyI9q7pDZGTHbxBCdltxmsRVL3SFSOkcaW07M4i5RWSC15Xq+4Ftf5pOe/lHACOCrlEsmC24DRqUndUgmTR9j2GEx+yUQLoE22Ehx3jmPT9Xdj7LVnl2T+TH6RWhrFv2B5W9saHHeOy8YxEUZMSiCWHlnrowsEJp+ILYdY8oqpvgl3NVrw9J/b8fkPyUWSX/b4+Lp49eI+Utl/vHrHu39CVcPVqKrfzGUYQJJXgr4pDPefSSjADPefQQ3W8hrZOajhaoz2/m1JUmAevOPK8CPPvW14/Es7w8dvf4JLI6IEI6JshwTECifxElqyWb9q264Y+QWQBCCSYCQSiS/KcUslwjBZxReSyyuJ0lxcrtjtpFNPXFzs6+vHjvo6LqaoiSuspZFzYp4vE8dp/ZxMffvQJPb19aOttnnZHJvLygoMh70z4dL89N46EwkveusDs2FcVlagPhkhWMUcEVMCs2Ec9k7jMssKHPJMCyF9EVkmDDSU5GemHpDkloECmfwCGLCwblJqf7R6Rj420g5Jb0uoeCTbsoiJLxVlZpSXRtsdh0cndYkwavv+n//5JQDAuZFhAMA7h7uwslpKC3n3zEnYiqVzSv+gF0WVhfAOL6CsJicjz1Umqyi/J0pz6VKcHFKtX4w2QVua7YYjXY5wfY05re0kEl701vcN+7Gl2U6/RxEEQRAEQRAEQRDERUraAszLf/wtfLnVQOsGoPpaAJCLMOXgMgjfad4k8vKibYQY0yEvVhjLZONFeYSJL8AYDnaclPbZVA7vsSAAU+S7ersjsUWSyL/99T3YrGYAFcgtvxHz4Vm5CJPB+TPxBd5Q5H5IAg+TXapMBRgNznDZhcFaJLF1DHEMkR2YiMIkGAByEaYuOnZ0ajLp7YvyCBNfMOaCs7dHusB61/vTmj8TUZgEA0AuwmRw/kx8GYoILco0F/YzmxcAnvISGJOu+InSz/PtZ/GRhqqL6vnmGvbGXWetyeB/PaqkwLhGPOptkYzSOmt1+aKmv7hc3rjrrNbk7j+TSsTbdpMFAHjySrCvmwsvL78bwuc/1IaX35UfgLveZ+HrAODtc/J6luRiN1ngEFJe9O5fs94il9Hsl7Zx+YUJLGeOneTr46XAOI5K8s5w/xmgH6ipW6uaAqMmx2QalgIDSK2Q2m5/Au0dJwBIIknXwd9JK1XEE4atoZG/TzL5hP0sLst2/eCBV3DLfV/j9xVAyukvISsQsgBGX/zWRqHI26hyTLL1GccKwALAB97aSE1+STT/Yl8lJk644+8nw+hJblFebxRrUqknLk7+8YqocKImqrBl7Ge1dWxZOvVttUXLSn5h7Pj7JsO+33enLcGk/ffBbBg7/r7J4NFIg1lXnIczwXmEIyYLa1MEAL3BWZgLcmKWwwCcnpjDuuK8tOsliWWGiy05pwsFCUbEICwLL+oxU21RdHYYRbMLPPVFlF/KS03wBIKoKDPD3ePEZH4O6tbob3fzf//kJnxh148iz2m37DsgtUX6v39yEwAp9aXxkrUYHXNk/rmiI7ml1JivWZNK/WKxfct6w/4jp9KWYNKlb9iP7VvWG/S2hiIIgiAIgiAIgiAI4sIjbQHGl1sNADjYcRKN12+PSYMBwEWRFcb4FyfnIq1S1MaJqS89I2NouPxKHDz0NnD1ej6mbLMJH/jUB8Nlm00x7Y5Ya6SbvrsrfNN3d4WVrZJ6RsZU02AyNX8x9aXfG0JpsQ09I07ZmHJTEUaDMzg1MA5L+QwXYgDw1BfW+sgTnJTaJzVRAkw2Yf/lP3jgFVyya3dMGoxIouSU4YEpzXFi6kt3+/6MzZ8lq7R3nMAm2xUxaTCZmv//z96bx8d11Xf/nzsjjUaza2Y0mrGtxbZiyXEWOyF2dmyHgOGpHQo/IFAKvCDQUNKWrSVp6dO0TZvQhpY+hJKyPZDSLPBAwXmA8ECCSYITZzUxjiRbtjbLs2g0m2ak0TJzf3/cOXfOvXNn04w26/v2yy/d5Zx7vufcZZbzmc+Xd33hUxex9hOTAfTl1lm6IyZ6YdTD8WatUkr4olWurkIYAIF4RLmhSFqkwGwEmAW89vo+l0oJX7TKVSuEAaAQnnSZHbLzCnNjYaKXwy+lsSN7UlH38Es75H2H3mCUj8fXZ8dXi1gqbb9Ufeb+wtIeBUfPQjc3jqxho1xmy2U7Svbf7GjGFscOWTDDjhE0bERbh+QK09p9A4Zf+n/oesObl1wEA+SFIL9/4ErFrFulL3u+7m246OgXcOqUdO68AMRT0t+bsq14ctsfr2j976Adm649iGOv/g7iT/823+9FjhcThLC/TBACKEUtxcQttdav/UZX/fUCse7FxZ9kA+5gb1Y1jr9EVCJmWcr6xAWNyAtU5GcNt83WsKDcaWkoWb7W+v5kRrINWSPsfotSvPjCz08ta32GIAjYamkocJuRXVtyo6oWsmwx6+tSH4Dk/iIIgCgC7XOS64tcGdqnVVi+U11M/NLaKgkjJybCChEMonGMDgUrFsGY3M34v2c/jVZXF44/fbJg/+Ff5dMdtbTpZPHLdHjp3v/UKthY7YKPTp9HsT7iDy1rfYIgCIIgCIIgCIIg1g8N9TjIrotuQpMlgId+/jQ+oBLBTEXOwGAqP1vVYLJjYTquEJFMRc4AUIpfHvp5fvK/07ep5DHV6Y7UqZIAwOe1w2bxwWuawy8HxvGW3i4MRaZkEUw94ufFL78cGJfr2Cw+iAhppjcC8oIYfhsASfgCKNxgiJWB/ZofAAaOPY2ePTcqRDDD08o0QoxsWIDOrfwlJV+GpQ8CLEsmfgEgi00AyVGFpRxiIph6xF9M/KJun3Gpzyq7PQDrW/gCVC5+UdeplwhGIX6xA4gXKWhX1qmXCKZS8Yu6TiUiGK2UQ6mRAfDTINdtLBS9dG5S/ZL2XH7f4Zd24NAbjHI6JDXM2aXS9kvW50QofKojtfilrWNLxWPX1rFFcoEBkDVslEQwo5BTI02swD2wzWGUXWEOf/kd4tjANH45OAHxp3+LbTlbjA635B41Gp7CKV5B4DAWrY/Bla2/ERO46dQY3MYF4JIWNHfa8JvfBGsaq1LilFi6tLLCYTQunbil4ps3v2hxu5FeZP/dbjfCCGM1EQuU6U0ZixcSxhA8TKiSWFB+lEssNBTdx9fjyy+mvta+lcZ560bkreuUyMKV9jnN7eWELIuq3z6Xi6k08bmsLFRh8KmKBpN5R5czqQXtt2Bl6jMEQcjrW1hfxgwABGBMlR4pVzC7VXKA1J0xSWKZZWB0KIg9N2zD+VelH4s4bWZZ+MLg15kI5tJdPhx75pRCBFMstVLkRADTYTuwYxgbd5gRDRam9lSnPIoGs0j748t+bZcTerS0lH7PqxbGbDDqlzV+JlyZVyWx7PRV1r9a6xMEQRAEQRAEQRAEsf6o+dvLq3ftwPOvPimLUR76+dO4elf+l+bziSSabZcq0gItLJjQ0DCNJqMyjVCDKT+DmooMK9IHqcUvADDiPwfgDbLIhbm/lCLyajN49xfJUcaPRBKYTXrx7SO/xRsv21L3+Dc7rfh5/7AilkTSjx6PSxa0xCKz8r4ej0MWxBSDucMQK4fN5cW5o4/nz6nKtUSdRgjIi0e0RCQFdbl26i1+AQrFJiz1UL3j1xK/aLW/vcMtl1sPwpelcmyptF3kvv/2thYRq2hp7JgIxqjaVkld1v5ETlSTu10W49hSU/9zohqPz6QQnwynYjBruLMwmPAl45qEftIlL3fm0tmNnCv85S0TrHSZHYq0Roxy7Zerz0QpTAzDxC/8X7NDek1OxWbQ2qk9JizdkdnRDN1g4TGALXIby+H+wjj85XeIfEqkQ3/yQwEA2r/8DpEt//6BK+Uyn7v1OvHWS1rwnvt/KQtOWLnVXP+/n3hZkPbXb+yMAel/LJ1GGkA6Jl0/9+FuRbk7c+sxhwOAJITh668UNbcfwJK7vVQEU65Iw4/b+z+p2P1g75dyS7lylOuIqAJ/MqNITeSz6BXiFPV+m6O+9Vfle/NGQRKmtM/lxB0oEK7I5LYrBC58nUXWLyeoEUURr0TnYDfoCsQrW8358WfilSv/URIAPCbcpSj7HvFeAMDLfxnSrM/Wz2BBPl63pRGTz56F63pOHHvOAEWKozGD3DfJTEZAdusMdEfsxceiSooJU5j45cRT/XC12BVpjwDAYbNJj9REQt7GnGBOPNWPPft7FSIYdnyN9oS0Py6OQ+n0wsOLYqbDM0z8smw2ONGo9H51JJiL+UdfUhZ4u/L1pJwQZjnobLOj0+fBPCxolPzYCoQr8vcsue1MyKKuU0t9giAIgiAIgiAIgiDWN3X7+Z7T0oMRnAMAOU0Rc4GZTbyOBmdXvlFOTKIWkchlTHbMJuI4mtm3qHjU7i9MHBN9LaVZ3mbxIQE/fBa7nKZI7zwEX/xwTfGfs70VAJARy1sS8y4vkdS05nZi9aH39OSvo5xoQ50KKTg2g7b25orEIyyVECClPlpqeKHJpT7JxUCdCmmx8bve8uGq21c7wqwHiglhFuP+wtet9HhMkKIWwshClcW0PxGp+HjFUhctxv2Fr1vueObO/L3LO6swPnbzngL3l4xrUvGXLTNBzI7sSRx+aQc+dvMefO0Xx5AaGYC5swcnXz8mt8lELuXaB1CyvuK+yzm/AFD8be2+oeqxa+2+ARODzyiONTH4jCSGQd5tZjngxSPFtjPxCABcd10btAQna6V+LWilLIql0wXCl517u7DnPfcKAHDssbvE+45I2++MSX9jDgeMXSvgBqNOWbRQvKjbLf3yPxwOF+3/qjCAiaULhC/q8b/9iLRdIYQhEQyhjQDk0g7JqYky8CczJSvx+wudWxZXPyeMWXWpj174xrAoi18ATbGGwtGEwZcrtlxF/d1v2YbIo0Oi89aNmmP0akwqr3Z/ic9l8crcnLxt921dyGyZloUv27dfDL9/WAAAn69LfKxP2v6ef7wX+rMmvPCNYVlYs9XcAEEQICDv+pJYEPFydBZXtjQh8htOmC5KRVzXb85vy4lg9EccitgnHzkH1521nyv/uTh8m+zwbbIXiGAAyKmPgLzbCxO/sOVYIoHWVjcmJsIFdbTa07qn0v64mPbHYfTZMV3kdYNzfVlW8Yta+LJzbxd6D9wpAED/E/eJx3PbRzghzEqKYEb8IZGJXwBt4QovqGPw5YotV1O/0wck0vNrKj0bQRAEQRAEQRAEQRD1RVfrAZ5/9SR2XXQTIklpMu7qXTvw69fOKso0mOyaIhFGk7EFTUbtL2tOhaRJRrX7ixa//u5TAu/uot7H/2UEpqVf9nlN0heR2zwuvDAu/dqLiVZqiX80moZeaFSkPuIZCMUUqYx6PA45JRKx+mGOLz17boSvexsSkwG8/vjXNcsGx2Zk0Ugl4hH++Evh/gLkHV/evWcztne4ccI/hW/89Lm6xc+Or+X+Uqx9lu5pPRIIRhX/l/t4gYmI4n9R7EWWF3s8Vj4QVfyvuf9ljpcaGcDJ149ppiXixSmARtojDdRl2DGKOcqUa79c/eDoWZx97SSu2f9RWajCyBo2orX7Bpgd0q+aU7EZdF2+p2jsXZfvkUUtZkczWrtvUKRRAiQxzDX7P7qq76FigpO1Ur+e8OKXW4dvB6AUXwDAnvfcK+zc26Uok47FkB5evfl2mPhFvbzq4MQvVz9xa9nxZ2UQgyLfkcOY/08QuUlfwZ+UhSsCuEne3HYh95+vKvD1aq3Pllcbu2/rksUo2a3TslhFfm3k1rX2qfcvun6Z9Ee2Rsn5xd4ofRTvtjRKYphGHa7M/fCBiV8OPSi9F+DFLwDg9w8L27dfLL32PNiDzJZp7L6tSyF+EXMpi7qtjZB0MKLC6AUicCa5gMHUPAQBiPxmSCGMmXzknLxt8tkhTD57VkqjVK/r+Vy8mDClwPmF8X+eOSr8n2eOCtXUKYMASQiDYv/V98lSw4tfjn/pTvn1g4lfAKD3wJ3y6wcrMxKMy64xAGAzNsr/l4MNvi2yGMVn0ctiFQa/rrVPvX+x9edhQbOxBQRBEARBEARBEARBrF/qkgLJHxjAiP8cOn2b8PyrJ+UUSNfqfyWXW5iOY2E6jgaTvahYRL09hVEAeRFMpRQTwWht95rm4JuzYSA0CZvFh1MhP7Z5pF/yb0r8rC7xD0Wm4A/E4fMWzhQ/99yfycuH3vRVOR3SRGoOPR4HIuZpTKTmEIvMkhPMKsQ/eAo9e25UCFQ2XXsQAGT3F0Zbe/Oi2lCnVaonfaNhvHvPZoVAZc+uSwBAdn+pNX51WiWt6/9rPwQcG/8aAHDb267BCf8Ujr36u3UrhCGWF+ayUkz8UguljvuV911f+Fp1XWvpdW77//jtMYUSLZ+uCGjr2CKLX4BcqqSR1+T11s7LFOusTDH4Y18ovON/HRb5ZzkAZEJKsRHv8OXr3qYoy9YXW/+5//XZuk6mqVMGxXLiF/n9jhcIqFIxAtI2rxcAtysdi0kVlhN1yiJ3bf1f8SQIMSx6/BFD3g2HIHJc1qbILah+fmg9TyrdVo/6qwFRFqC0XiX9nXhRIVTRqdxMsntVN2rrVcjyL7uLrT/xolT+jKmkC0W3tRGDU/MYTC7AbtAhPpfFy5HZgrRIDocJfn/h88PvH4bDYdI4SQJE7h3CYHIe8bkshJwZjPP4pByTs8SAupbx5I0OBaXPITdsw/lX/XDazHDazLL7i8fnU5Q3mM3wmM0I+f1yGQA4/6ofe27YhmPPSK+1LBVSBayaa1t2flG9fvQeKP/6MRKMr4gLTLOxRWQCFFvDAoAFJBYaFEKVcFLZL59F+d2IrWGBS7O2+PqyUxVayAWGIAiCIAiCIAiCINYpNQtgXh+NIjF5HkA+DZKcAglAo036FVCDSfqCYmFa+uKCF4ssLJgUaYX4dXasD7zlRoULTPeV18GdjdU8AFriGpYCqR7xb3ZaMRSZwof2Xo6fcxMfNosPXtMcjgJw7pJ+dX/4lx8HAFxzzb+h1WzAQCgmCwQ+dMt3ZHEMAHKJWUXwAhVf9zbYXF55W7M7CcBesXikrb1Z4aLCjqUW2dQTXqCyvcONS31WeVut8bNjqUU2POz6j7z69wCA7x3LC2G+9kMphRITx1zo1DMF0mKOV3EKpLhq2V7j8Vj5OqZAquZ4TJjCxCrq9EQAMHJuvqwLzMg5Zao7tXOLWmhTL557SnKdYgKVrGGj5OKiIXJhFNuuuJ87tiA4Kh2XHfu5p76+qLRKqxkmSAEkwQovYmHLek8P/IOn4OvephC+1KP+UmF0OJCOxWRnFwDw9nbh2GN3iXwKHm9vlyzMuHX4djza9SCMDseqPV/hcFgzBdKqwwEgxjm7VDD+Vz9xK54/8KhC/BJLgyCIGpGFK6qURmx7gZClzvXVbDXnP4J3WxvxcmQWzFiFOazw7i8A4PN1AYDIp0ACIAtjDj3Yg8O3S685g6l5QJSOxbcliqvnnPg2SW8eiznAyO9XJsJobXUj5PcXiGBCfr9cpqbXS59d3HnjDjz/2FFgFQgmOtvsGAnGZWcX9vrR/8R9Ip8CiX/9OP6lO7Hzk/ehsy3/pjyRnl8V55oJV9Qpjdh2t8W+pPUJgiDqxQsvHJFfSceDIWxs8xQtS/sL9+/evVdYyfGvtX1ifd8/K339rvX+//fj3xPZMVd7/9VlxoMh/P7Bd1P/CYIg1iA1C2CY+AUAXj39JD7wlhsBAB/ySZNrVudWef9sOooGk112UzE7u6QgGpQW0vz6tfpf4RQuw6nQJHZddBOaLAGEdQ4MvvwbDALADRfVbTASST9u6bYhhbx7Ta3x++KHMYR9GIpMyaIXADgV8iORlMQuP/2P29BymRnOXTM4850sWt9kwERqDs8992dw7ppB5NVmOVUSE70MhGKYSM0BPU66ilcYNqkJQHYs+X19HwCgy1RePJINS+8hWFohXkRyU+xX+G9sX3IXmO0d0mTipT4rAGDDa9+vS/yTP/8WcNm7irrAODb+Nc58507F9a8zSimQvvbDD8vX/4WOWqjCb1+sCEbrmGyb+phqoQq/vZLURcXqFtumPqZaqMJvX6wIRuuYbFupY/IimK+NAB+7eQ8Ov7QDO7InAQD6SRcyrknoJ6XfRfPLAHBStwOH3mDE135xTPP49Ra/aNHWsQWtnZcV3X/2tZOKsmrnF5YKie2fGBy/oO8/tTMLc21RC1l4Nxf+ub/Y+vUk7VW6nxQ8a41G9A+n4e2VfjF+7LG7RCD36/HeLvQPp+EwGhFLp6s+dn0eglC6v5RpXy18KRljiWPXE4cRMDpy8cSUBjC1jD9BEBUj6I44cl8sn5bEKmO5m1IlXJHJbc8LXE4CY4b8vkXXl+tpflF4NpXBVnMDBpPzypREAGyNyiq+Lgf6jp+Ez9cFv39YIXzx+bqkfV0O+IdjqtEAYnMZvDyXkdItGXRIzItyWqQVfd3dZC8QvnRsbpNdYCaj0j6W0oiJYADgfQduVnSAF79EEilMRuPYAJ98TK22WTvya4g/LotfnnnwV+INt+8TgLwwBsCSimNsxkZsMEpOJ+fTGURLvH4A963K14+ZdFQIo1EEgDAksUojtIUrDLadCVn8sKAx599Wa30ppnkBaKMnI0EQFwQjI6c0tsXK1Cnc39m5jQaTuCDuhUqv/wvtml/L/R8PhgqWywkxlrv/WjFS/wmCINYuDfU82AfecqPsqHKtL++ewmgytihEJLPpqOykMpuOymUYjTYL5hNJ2QXm0i3zOHHWi8HTTy7JYLypZyP6omkAaWzS1y9+5iize6MOL4wbkEj6MZv0IpIcgNebnySOvNqMlsuA7/zLB3Dtu75SEN9Eak7+G4vM0tW7imDCF1moos+7p5SDCUfUNLuTmAlblsUFhglfmFBlA+oXfyUuMPz1P/nCl2B7632Kfds73OgbDV9w100x4cuytSuU+R5fa76HzVew79mN0HaBmQNgKNI+E8fEV2YShglhmlUuL11mBwBguIhLC3N46eSSAugnXQXOL1qYO3vQZXZgOBWrmwiGCVcmuG28OwtzeWGCluDo2fx9m3N0MTt2aB43FZvJl78A0x9p4eveBv/gqYI0RjylXFxqrb9Y0l4g7cjdjkWEHrF0Gl1GB44fGS7IbHT8yDAcRiOG07EVehAi73gSWJr+LwdM/LLmxp8gLiAivxmC87rNecGKhnCFpTTSneGcNPlyxZarqT9mkGK5daNmnKIoSi4tAOLz2dxWQfNtmX84hv1v3Yy+vtcL0h319b0OX9dmPPWzVxXbt5obcSaVf28Sn8vCbtDlxDUr/+M9XvyiFsMce+YU9uzvxflX/YgkUrIIBoDCBYa5v8jnPpGSPtPs75XTH5Vr+/DnD4vB0Cg++rU7hK9/7AGx94odYvTcFA5//rB46J5DAieMwVIOHBO/rPXXj0R6HjZjoyxM0RKusJRG/mRG3saXK7ZcTf1GJFeN+w1BEBcW6snAcpODtexfSMcUE5w3v/lgXfrwi//3OPwjIwCAsQGgvefyJYm/kv0rPf7E2rl/Frj3OpfvvBIez4aK2gyFzuOJH/8w/zadu97X0vV7IfQf0BZ7FGtnpfpfTYzUf4IgiNVP3QQwTPyyzePSdE9hqEUkvGBEjdW5FZHEb6XjefblRDAuvHq6/gPxlt4uDEWm0NFixKbEz+oa/6bEz4CWt+ZEMEb8cgCIJAfg89ohAnjbH31DdoHhib6WAmCW/l5TeHyHs4mu4FVEYlJyLrkpJl3/lbinqGFuKm3tzcAY0IcMbor9Ck+69i1LKqRLfVbJtaWO8U/+/Fu49C0fLiqC2fzW+zD0sztLXv+XvsOKvtGwPMbricW4wNRTWOO1OxGI5xxbSrnUcyIYr71+zlSLcYEp5ihTDCZ84deZR8rXfnFMdoGROXdSUf6kLr/v0BuM+I1KK8LEL+zYwyrhTb1gqY9SsZmKUhyVwuxoBkaVx86LZi48V6ZSaYz0np6ygpVa69cCE31UIv6IpdPwwiinTGDbHEZj2eMvGQHV3xws1VG59rX6r3CIWaL4HUY2frlmlmj8S7VNEIQSSXAiiVG0hCpsG1vW2se21VS/fa6o+AWQ0h4NJucRn5PEL/ZGnSyv6LZI+wpeZ4aH4Ni5Q055xLb5ujZrtCBiq7kBZ7AgtyG3bWlcXa+/nCCFucAce+YU9tywDSee6pfOq82sSIXEYO4vzPmFF79oub+oOfn6K9hx8RU4/PnDIgBEz03J27a+aYMYDWYxHZ5B2h+vq/jFZpTOARNp9FeQ665erx+s7XrTnPtOhF25WkIVto0ta+1j22qpPw8Lmul1kiCIJWKp01Kwic5qJjmr4eY3H0QodB4ezwbF5OjVN968LGk1VnL8ibV3/zC3i8XeDx7PBhy45R3yOn+9r4Xr90Lrf6kxWan+r/RzY733nyAIYqmpiwBGS/zCs7BgKkgTBAANJjtSkWE02S5Gk7F0eSaCYe099PP6iQC0xC/1jp+JYADJaeYnyeKe/C2XmXH0+58oEAQAwOFfflxevuaaf6MreBXQs+fGAvFLJQTHZioWmDARDGuvniKYd+/ZXCB+qXf8TATD2uNFMNs73BhSXf9qQcz3jg1he4cbz43/PWI5cYFj41+vm2usWOqiYuXq3r7dCaSBAHJCGP57+jQkFxgA3ianvFzX9itIXcSXqwc7Lt6Dk68fw46L9wCQhC2HX0rn/ipdU/h9xerzMCeYesNSH6Vi+fRLvPtLW8cWhQsM219M0MKXX2+pkPh0RWwbvz8TGsCmaw/WVB9/eqhusZcSiTza9SBuHb5dXu8fTqO3yygvq8sWI+2trL1FUcHxSrVfUTze6torR6zCbBPPH3gUVz9xa0Xj//yBR+vaNkGsM0ReoMJQbGu9SrkPL5YuX2N93RmTCA3nEFFETqCSAcuB1G1pVKQn0p814fDtAzj0YP71pO/4SWzfuUNeVnxGvH0A+rOSIEcQBIXAhhfXrMrXX42USMwJRi2CUaMlfqnoddNnF//59IP4c9yOHRdfgWBoFL1X7IA75EYwNIpWVxf+9eo7AQCfev52MRrMInIiUBchTKXuJDs/eR+Of+nOil4/dn7yvorbLuU4U8v9xwtU5HPLbbM1LCh3WhpKlq+1vj+Z0bz/CIIgVisL6Zim00sodB4AcOL10xgbHUZ7R5e8T72utY2tt/ukD0SOFqu87+obb4ajxYonfvzDkm4wBLHcjIycKrgfTg0MYMwfKHrta90Dl158keb1riUCof5T/6n/BEEQFxY1C2Cu3iV9CfchX/7X5urUQVrikVL7+XWWRgiALK45mtmHq3ftwDaPq+YBYMe4Vv8rIAHNPtQrfiauOWd7Ky7dMo/tNht+NCjZNX/w0w/hO//yAU3RCwA899yfAQCcu6TJzMirzZQGaRXAJjR/X98HxPrk7eXSBwXHZjS3q9MJsTRCAGRxzZOOffB1b6uLE8r2DjcAYMNr38fka1jS+Jm4xvWWD2N7hxuX+qz43rEhXOqz4tjuT2LyhS8Vvf5j43+P58aV1/96pJQbTN3FL7zrf+47dq/HicBopLBsGvB2OPNljdwxDHXsfwk3mHqJX06+fgzmnEOLubMHJ18/BiAvgmGOMDy/Gc87v2jV50Uw0vFyXNdal5iv2f9RPPfU12Uhi5agRUv8AuSEMdgi12GCGCacaevYIpfT5doaHO2/YJ/l6uWiZVVlaq2/WNLe4uIPh9GImMOBdCwGABgOxOR9zx9XTpzFOFWb0eHQ/EX5kjjBFNcCA8i7wBRrX6v/CvcXnuVOj+QwSg/E3LBXOv5wgCxeCKJWmFBlQiVQmXix+D6+Hl9+MfW19nEIAAZT+cn8+FwWr0RnYW/UY4tZmsB/4RvDuPIfpV/jPfWzp+SyfX1KJ0V+/YVvDGOruUF2kLEbdPLxE/NZvByZxZWr0EFUywUGKEyHVAy1+KUS95cvH/wH9F6xA9FzUwiGRmGbfw/OHwNsAJo3Poe/9NyJYGgU4XAYra4uAMMAvGK9RDClaGmR3tOOBONVvX50ttnluisJE6okFpRfNSUWGoru4+vx5RdTX2sfQRDEaob9yl892fnth75TdIJzMcgTp/4Axp74Ba7dc7W87+obb8bzT/8CYwOgidEi3H//n9eUw/uzn/1nEmVWcU+w+4Gf9F8MJ17PpxFgIjB2va/Wa/1C7P/GNo9mKh0t95GV7H+lMVL/CYIg1gY1fzugdn1hwhGWPmg2LU1W8qmCWBohIO+iYnZqv6k3mPKpNBRCmFxKJPTUlmpjs9MKX/zwssbP3GD6okCPx4FIalrh7LK9559w9LVPKI4TfS2FrR/UIfJqM6KvpfCpv/4OBkIxuoJXGLXriyQcKZ8+qBLnFJZGaNgtffnJC2FYSqRaUbu+LEf8fEokAPjaDz+sqKczfhTAl0pe/5vf+td08a0wwow0qSI2Z9dsH1IjAzB39mA4FZPSHuXEKamRfPoafv/XfiHtZ3/ZfulTQvn6CvFLPeLXcG9Rpz7ihS3FRDBsf3D0LLZclne3KVb2QoKlLlpsiqJa69dKpaIU3gVGLW6JpdNymWWngviZoIUJYYr1v6jwZYnwevNpjxzG0q4svAtMsfGv1P3FYQSMDnoNIohK0J0xKVITZbdOK8QpBftb61u/GGdSC0jMZyGKkkjFbtAhPpdFfD4LQWiQ0yCpXWB8Xcqb3z8sfRZUu790WxrxcmRWPi4guc4AwGByHrtX+XkrEMHcIL3GnniqH64WSaDPXF9YGb4uw7cpL+ZXO8wAUsojAGjzdGDiV1G07utHyyarLIoJh8P4ceP/AwBZBDMdttfsKtLrMMppj2zGxpKOMLwLTLHXj0rdX2zGxqVyf9F+j5TMKFIT+Sx6hThFvd/mqG99giCIpUBrcrCW/QvpWEF6iyeP/Bo6nW5Z+pLNZmVHmAO3vAOx6BSef/oXRd1gau3/So9/Ldz20U8r1lkqKaK+5493QiolAmvv6KrIAUmxzx/A0WPP49o9V8siAP5aXw3X74Xcf610P3ybK9V/PoZSKYmo/wRBEGuPmgUwTPzSaLPA6tyKqcgZWTxSLwwmJ+amI3B2XY6pyBnMJ5K4Vv8rXOsDgItqOjYTvyx3/JsSP8MmPfC//bvkci2XmbG9558K6jNXjMir+W0DoRh6PPQtz0rDxC/N7iS6THYMT5cXj1SDLCKZjmN7hx7D03HMhC1Su3oAqC2FBhO/LHf8kz//FjYA6HNIaZ0kZxdzTvxS/vpXp1Ei6oyG+0vBshre+WUJXWDqDS+CMXf2KMQrOy7eI6cqKiZeqbV+zfHHZuDHiOZ2tTiGpUGaGHxGsd3saMbZ107Kbi+luNDcX3zd23Du6OM4FxqA3tNTVMhSTOhSa/2lhneBYQIXPh0SoBS+FHN/WQ0st8ClHOkYG2NJkOKIaYhgOBcYJnDh0yEBKuGLA2XdX0j8QhBFEQAp7VA+NZEJujOmkpUU+wucWxZXPyeMKSqSECHKgpT4fBb2RkkEw9IgCYKA+FwWL3xjGLtv68Lh26X3Fnw6JADydkByf+HrA0BiPptbFmFrlCbSVkMaJCZM0RKlMNQiGADYkxO8AMAG+ApSHqmdX7SO79tkx+hQEH/y+F/hywf/AW2eDin90R+OI3puShbFsNecf973D7j5b9+OjTukzyMmd+2fkc6nMwCUghS1CIZ3gWECFz4dEqAUvlTi/rLE4hcByKUdklMTZeBPZkpW4vcXOrcsrn5OGEO/sicIou7wk4HlJgcr2a9OeRQKnVf+Wr/IBGetqI954vXTsjMAIAlhyqXIqLX/Kz3+xOq8f0ZGTuHynVcCkIRg9b4H2LHG/AG0+7xFnTBW6vq9kPtfybislv6v1H2xHvtPEASx1NQsgGm0WWAwObEwLX3BZHVuxcKCSU4D1GRswcKCCUA+LZC0nk9joXZR0apvdbbkj28zYSZxQnZUWcvxxyKz6Bv4Czh3zchpXfoG/gItl5k1071EX0vh2nd9RdqemgbgpKt4BWHCEZYuaE9P8bRE2bCAiZnpqsUlbe3NaEMzgmMzUlsdkIUkF2L82fTXS17/rt2fxPeODeHdezav+eun1yvdv/2BCHq9TvQHIkveHmsLgPz71f5AFL3eFvQHosXFL9WiIYJhbfSydEW5yZ/+MxH0bnWi/8wS9z/XRu9Wqf+vTys7yMQrfMoi5tzCnF54gYuaWusvJcXcXHRz4wAk1xdeMLMe3F8Ym64tzLOuFqyUEq7UWn+pYSIYAAohDI8xt3+1il9WI0zsEksrxS8FbjBMBAMohDDKk5QvW85NJhCgsSeIYuTEKILujIlZ1LNJcJHfD8W7kHw5rh5qrC+UFM5wNe05YUpiXsQr0Vlc4WjCy5FZCIIkYHnhG8MAoBDCMPRnTfJ+rfqsMVGU2uy2Nq6K81RMmKLex4tgABQIXngqSXvEH/97H/lP6f1OaFR6L/rKSbR5OgAAJ19/RXYdi56bgsndjGgwi5a2+vwan4ld1H/VbjC8oIUXwvB0ttnlsuXcZHjXmSU5r5IYRfAnM5r3H9tf7P7h6qHG+kI54QxBEMRKoxa/PHnk1xVNdD780P2Lau9zn3+g5P6jx55He0fXmkkRsxKcGij8LicWrfz7nd27fTSIFeDxbMCTR34tr6tFAF+4545FXfvq+4uJAKj/y0OloprV2P96OOOs9/4TBEGsFDULYPgUP7PpKJqMLbL4Q25EY72hIZ9GaDH1rc6tmDVFsebjPylN6gNm6W9PYbqXa9/1T+gb+Au5viOXu91pNtEVvMJU45YyMTNdU1uKdsYAdKz9+M873Pjpz/LXv2t34fXv2v1RZNNfl6vaXNIbtO8dG8LbulvX9PUzF5J+XdrrdWMuFEavV/qyvd5CGCZ4YW2wdvP73ZgLcu2PRgvFL9w6S3/EluU0SLzohVvv7ZC+wGdtzAWl9rO5bvZudSMdCaN3a679OgthmOCFtZGOSO2be65UlDN39qDL7AAA2bklNTIgO7l0mR0Y5lxe5PRHi6xfK2qHFzXMBSYVm5G3BUfPQqdRjk99xJdfr/i6t8E/eAr+wVOyeIUt89uWqv5iSHuBtAMwxgpTIzFhCxPCqHEYjUh7gViR+up2lgQvJCFIDKVTI7H2AzXWryOxcmJBJmwppip0lBceOUibRBCluVORAlDt/qDlBlHptnrUV7DV0oCzqQzE3Bw+S1MEAIOpedgNOnk728eELlqUqs9Hdia5gK2WhlV5+pgwRS2EUYtgtNBKe1TKXQYA3v3NP8SXD/4DgLzbC+801ubpwLu/+YcAJNeXbRdvwcTkcN37XUqwAuSFLaX2l2Mxgpc/esueqspf1mZYM/cfQRDESjMycqpA/AIoJzqzWek1XC14efGlyUXZQH/hnjsO8+uf+/wDchv8xOiYP6BIiVTOCWY98fTTP6mp/u7de2kQK7gv+Ml/RntHlzzx//arr0ZwSoCreQ4NDdJ7nOCUAJ+zGU3NFswkQor9P/jmFwEA7/zIZwqOO+YPrBqxV6X97/jEpwr2bzzyPABgfO/VBftWU//V6X6AvAPKajn/WjGupv4v9flfyv4TBEGsBHX9Boy5qDQZlV/EMKGIenu966/1+FsuM+Po9z+BlsvMinQvAOTUSH34Czz33J/h0Ju+ioFQDOghB5iVhBd1BMdmCrYVK6tFufrVHGutxN93Mqy4/idf+JLm9c9SI7Vc9nXExv8ejo1/fUFcP+3N0hcLYzlBylwoDIPHXbR8IBgtuc/bVvwZM8e1wdplXxOP5QQpc8EwDG0a7WvM2Yqz0pclQpOusKzGRO0c10a7Kdd+e+6D3pi0Lx0Jw+gs0f9AtOQ+r7d4/5noJR0Jo7Ndap+fTuGFK11mh+zcwtxc2P5iIpZa69fKNfs/it88+1NZyKIWvpS8d0fPYotDqlesjm5uHNfs/yj8iZGS5dYivCDl3NHH5e133/OPWPjZH+F//+QRAJJuQjwl/b0p24rRsJQm4VRO/bDNYcQb7/kRAOAbP31OFruo21oqmGiF/WWCGCAvainl8FJJfX5/3Qmo/jJBC6AUtQSWqH6dKCWGcXiNZcvF0iAI4gJHEARstTRgMDmv2s7eZEnv0dRClq3mBjm9EYCq628x61f92PjPxeHbZIdvk10hggFQIITRcn3Rqq+Fyd2M+87+I1pdXTj+3MnCAs/l0x21tOlk8ct0eOne/5QSw3T6PGXLlRPTVMqBnb10kxIEQWigngwsNzmotV/t/PKrp5+BTlfoMMYmOxcreFGjPg4TxDB3AD6Gk/1n5ElZNjna3nN5Rf2rZv9KjH8t3PbRT1dVPhQ6D49nA904VZw/LZcddj+844b9ssABAAzNdsW6Grb/kk5JIPGDb35RUwSw2OtrufuvJXyohLl3vB0AVrz/ADQdUPh2VsP5LxfjSvV/uc7/UvafIAhiJaibAKbBZMfCdLyoCGSp66/V+JmbixZ8uiMAilRJE6k5tJoNdAWvIqoRpWTDAnRusa7112L82zvcGCpx/bt2fzJfJ/11RaqwC4H2DiOa5+2AP79tLOfSUi8XmF6vUyl6AbDN14aZxjgAPYyCCRjl2g+G0dvhRv+pqKbwhXd/KbqN1cu5vyhELwAu6mhFWpwGkJH6zzEyJrm01MsFpnerUyF64fv/q5cLUxalRgZwssTxmLMLK1tL/VphIhSzoxn+xAh0c+NIxbbIzjC8CKatY0tVaY20yjPxy4UCE6NkQgM4F5LOpd7Tg549N+LdezZj6Et/iNHwFLY5jPiDQ9IXfsOTAYwNTOOXgxPSteQw4k3dkhjmVCyNU3ccwEcfeAK3ve0afPZ974BlSy/8kBxhtAQx9aZWcYpxpdPrBFa4/hJSq7CFhDEEcWESn8vKQhUGn6qIF7kIgiCLW2qqv0rh3VuYiIWtA+XTHBWrzx+DETkRwHTYDuwYxsYdZkSD2YLjqVMeRYNZpP3xZR+XWoUt6vpLlQKJIAhiPVAqhUW5FBdq55dvP/SdgpRH7Jf+9RK+FIMd/wv33HGYd4NhHD32PN52QHIE4EUwtfR/pcefWL33D+9+MTY6LN8LuWsU1+y4pqDO5RdtgbXFi8i530E8L+Dyi1wl133OZoUIgLXDX+NL7YJSS//HVXW6nPn3xS1OL0KRgGKbGnf35hXvf7ExWS/nv5b+X6jnnyAIYqmpqwNMgyn/JVMqIj1Izc4u6Bs2KtIALSyY0NAwjSajMo3QYuqv9fh7PA7EciIX5v5Sisirzbjmmn8DAEyk5ugKXoMw8cdiRSx8/bUe/6VdVhzLiVyY+0u565+5wVwoeNzzmGk05t6ALu0MZ3uH1I7HPo+R3Pf3zuZZtLdL4z42lgImAWRRKH6ZAYKhGIC8+wtbFpp0CI7E0OZxALw+KQ1J3BMFYILcjrN5FuenV0f/efHKcCoGs8qdhQlWuswORVojRq31a4VPg9T1hjdj+KX/h4ncemv3DYqyxUQwurlxAErnmODo2dz2/LHl17cLxP0lE8qfh03XSl9E7tl1CfpG885U113XhrGBafS9cgrNnTbMjCTgNgJ/+4E96HvlFLZfsQ3/dfi36HDnBVa//vzb8cZ7fgT71bcg/vyPgbP9iEuOpLBsyf2qeglSIKkxBmoTtNRav2YCqE3QUmt9giCIJUIURbwSnYPdoCsQr2w1NxSsn8ECAEnM0m1prLn+akArVVGx5UopVV+jPSHtj4vjUDq98PCimOnwDBO/UJodgiAIomq00h7xKY+A+ru+VMKLL00eUrvBsJhOvH4a7T4pfyybIN3Ytn4nSIu5M5QiFs3X2b3bRzdCERKplDy+cjqu0WE8/ND9uZQ3+bKXdHohnq/+7djlF23B9buvxb9/84vYffM7C8Rna6X/vMhhg01anlGtqzmfCCIDO/7wrTfhP9d4/+n8X3jnnyAIYimpWQCjFoHIB86JQZgQpMGZf7DyYpBa618I8TucTYhFZhXbePcXh7MJP/2P29BymRnR11LANXThrlXqKR6ptwPMSsVvc3mRmAwUXP/M/cXm8mLoZ3fK1//mt3ovmOuh026S/47EpedCe7O1bi4wWu4vfJvz89KEyAaTHuenM1L77VaMjYXR2+pG/2i0+kY5bURvRwvmomG0c+4rG0x6+W9jY1NB/zvbrXVzgdFyf+H7b+7skLcXc2ZJjQzA3NmDk68fAwCYO3tkkYu5s6em+rXCi1/kD0NveDN8tk4AwHNPfb1gvw75dEltHVvQ3SEJMn7z7E8VghdWbnC0X+oH5zZTTXqltYDe06NIg7S9Q0rD1d4jXStuo3SfzIwkAADNnTYMTwbkv9dd14YulxfPHFWKizKhAVi29ELv6ZHXk2el8fR7eurej2Ipi5arfs0US1m0XPUJgiCWiVdj0o8Y1O4t8bksXpmThC0s3ZGAvGtLYkHEy9FZWYGx2PqrYeqqEpeWcvB1y9Uvsk9I++Ni2h+H0WfHdLjI62Pe9YXELwRBEETVaIlfGEwE8/BD9y+r8IWHd4N53wc+q5gYHfMHCkQw69Ul4Omnf1JT/d2799LNUAVaE/RXXXoZIud+tyTHXgv973K2FRU5lGKDrY3/qnZF+r+xzaOZSqeYK85Knf9qYlzu/i/H+V+q/hMEQawUdXGAYU4spYQgs+loUceWWuuv5fgHQjG0mg1SOqOc4KVv4C8Kyl37rq+gb+AvFCmRiNUN79DCxB7qv0tZfy3Ef8IvyZhve9s1+Aarl85P2ttc0gdt1+5PIpv+uiIl0oX5Ac9Y1AUlECwvRgkEo/C2tRQ9dtn2282SC4wGWu4vDNkFJpRzgSly7Jr6H6ig/4EovN7K+8/SFfFCFiZMYdtSIwNFxSq11q8VXpTCbxuM9cPsaEbXG95cIFRh6ZIYg6NS2S2X7QCwoyCt0oWM3tMju8D4VI4sJ/xTsAzkRGk9toK6MyMJNHfmtw/nRHyjYemZtplrg6U+0nt6YAGQPNsvOcPgs/RCuQ5wcI+exaQxqrU+QRCrD1tjTrSSezvdbWnEy5FZ2Bt16LZKDi+CIEh/IaDb2ojB5DxEiIAI2Ay11V8taIlStJxhlqp+DgEA0v64WK7Msl8nXKqixaRBqrU+QRAEUYjW5GCp/QvpGC7feaW8zlJcsAlInU63ouIXHimG+w/f9T//XU6JJKfjUIlg2nsuX9T4LPf415PbPvppxXoodB4ezwa6Kep0/sb8yl+wfOGeO/DeNx/CTEKqc/lFW+oSw603Xo5HuVQwfNsref2W6/9ixQ9q/vh9f4B/X6H+MyEFn66Mtblazr9WjKuh/8t1/pey/wRBECtBzQKYhoZu+QuhBkuNx7KswACscPyf4zNUXMEWHi9S+nG6YlcZ7Ts/IVD8i+dzAADpTezb/pR93i/2uf/QBXf9eL3bhfyy9HdPzwpdC6i+/Xd94zF5skCE9AVJAHnXlkA4tzwcB4YBb6szv28igu/f9p4V7f9X3qex8brW0uvVbq+2fhX85AufoV8i14CvexvOhZTipGOv/g42lxfv3rMZQ5AELcwBZvsV2/DM0bMYDU/JqZFuuFZ6frHtAHAqlsYbAbzzE3fhR9//Ic4dzb92MwcY+9W31L0/y53yaPvf5icLd+68G729XfjSlw7A663MpeuTH/oRAGDv81KjRqMRH+q6DwDg6EfezQVArFfaFstlkHL0K4+lub9MfT7+csf/kvFOefktn/uqAACv3mKn+48giMUhAhAgC1MGk/OwG3SIz2fxcmQWV7RIDnkCBECQUiZ1mxvxcjTvGMocXkRRErVc6ZTqDCYXAEjCl63mBrm+AAH2Bt2q8DAZHQoKJfZV99rls4s7b9yB5x87CgBCtfU5lm1k9nS20esHQRDEGoSfDCw3Ocj2j4zEZJEEc37hUx/d+3d/vCrEL4wXX5o8dO/f/fHhz33+AYVQh3eC0RqPYv1f6fEn1sb9E5kcL1s/OTmK+VR4yfbzMS739Vuq/8EpAR6nFzhyDKV8mD1OL2YOHy4ZwyunJ/HG3d4V6X+pNlfb+V/u+2K1nX+CIIgLiQYaAoIgCGI5CExIghhvq1MhhiGIleDc0cex6VrJipq5TSUmA0hMBnDC78aln/xPuB98r1y+75VTGA1LHzm7XF6M4SyeOXoWbuMC3EbAvUmZkuoHX7lXXmZpkJhOdikcYPbuvQ9erxexWBoOhxGBQABHjtxZcf3FiFgYTzxxO554AkXrsWMDkI9vHJaEL2nZ1SRvb8KEKDz8tuXen+5Pw2g0wuEAPvXzu8R/fcu9NHlJEMSi6bbmnTm2mhvwSnQOgpBPVXQmNY9ucyOc12+Wy0V+M4QrnU14JTori1+c121WHHfy2bPotjTIAhsAEHPH3GppgChKx15tOC/1itsu3oKJyWG0urpw6vWziJwIVPScTfvjsvhFaz8TyAAoWk4toqErlCAIgqgHfOojPu0RAHR2bVl14hfGiy9NHvrCPXconGCAvAiGucBsbFveVEi7d+9d0dfoUwOFzr6x6EAV8fvopigBcxvSwuP0wuJywdriLZoCx+LqqGq/uj3dKu7/FRe56tLGK6cni7a31P0vJ6pZzee/Hs44tfR/pc//UjsDEQRBLCUkgCEIgiAWx+ziqgXOReD1kACGWB3YXF5s73ADAPpy2469+jtc6rtGUS6clt4ydbiteOboWQCQ3WF4nJ/4Tzm9G0uBxPADctqlerFz593wer1wOJTiE6/XiwMHHkQgEMDx43eXPEbaqxSx9P2NHdv/Ni4fXy1eUePY6S3qHsMfm8XF2BszIm1MI52WHGBWOyxEEsEQBFELg0lJ4DKYnOfkFlLaIluj5NzivGELsCn3RmvMAOd1mxH5zZDsDuO8bjPQPgeMGYB2SdTiun4LJp8dgiBAKY4RgMlnzkrpkCyNq+eZ6rOLG3eY0erqUmzfdvEWTLTpxPGTKaT98XLP2pL7OYFM0bK8iObZI78Vr997ucDiKyeeIQiCIAgt+NRHodB5hZsKgFUrfmHwTjCMsdHhglRIV99487o5p08//ZOa6u/evZdujBLw98dKtDd++sSq7r+1xVvT8SXhh7Ci/eeFFGyZiUJWy/nXinE19H+5zv9S9p8gCGIlIAEMQRAEsSi8HicCocii6i62HkHUm8RkAH0Atne4sb3Djb7RMPyDp3DCfwlwy9fQ9eOPyWU73FYAkvAlnG5AON2gEMEM3/I1AJKAhuEfPAVf9zb4B08tofhFUmbEYmmk0zH096fxxBO3A8iJU0oc4+gf+REMBPBW7MLP9ryK3p09iAb6cfSPgGv/w1dUvMJIe4G0Q1q+2nt3QZl0OoYjgUInmr0xKSqj0SgLS1jqIbUDC0tPtFL702kgnU4DMMKYDtBNQxBETQgQMJiahyAIiM1lADCnFsm6RXKDkZazW1MQt0xDf9YM53WbMfnsEFycM0x2bwy6MyawLzRl8Uv7nNwaxhrhun4LIr8ZWjVjoBa/TEwOIxrMYvzkSaT98fxQVXk8nmgwW9JJ5vFHHxODgQBu++SfCd/40r+JvTv3itFAPx5/9DHx4K3vESoRzxAEQRDrB/VkYLnJQZb66MTrp+W0RwDw8EP3r2rxC4M5wbzvA5JzaXtHV0EqpFJjcKFNnt720U9XVT4UOi9fA0T19w8AzCSKl6lHyptSMS6l+KHa48+nwohU2ZdaY1yK+1fLAaVUOytx/quNcSn7vxLnfyn7TxAEsRKQAIYgCIIgiHUJE6ckJgM4NhmQUyEBkohlz65LYL39EQDAK59/O4C8CIbB9ksHnFKIXxjnjj6e/yB+tr9u8T/xxO340Id+BABy6qNYzAGHI4YDBx4EgLLuL6+fPImLd+zAK7f4AXgRDfTL2w4ceBDpdAyxWLrocYyBnPBlpxeAUowjLXvl45RKyRSLpQFOCJP2QuEq4+hXLi/3fhbjzhgwHBgG/ojuH4IgFsdWSwMGk/Oy+MVukEynBQjYYpY+nkeeHYLz+s3QwZSrJeUyEpgMo30Oma3TgAhktk5Df0YSf/DOL9mtMxBFEXqYZBeZyWdXhwgm7Y8DOcEKS30EDANoVpYpAy984cU0ra4utLqAiTadWEwIw17rHn/0MRGA4vVv65s2iNFgFtPhmUpcaAiCIIh1QqkUFmzysFjqo/aOLnzhnjvWhPiFIcV6v9IJRpUKibnAlEvxQRDFro/I5Ljm9mabp6gIotqUN7Xe3yvRf8aTvwvWpX2P07ui/S/W5no5/9X2fz2cf4IgiKWGBDAEQRDE4kgDXpuT3FyINcmmaw/i3NHH4c+tMyGMf/AUAEkccwzAsVeBPbsuwRvv+ZGiPpPBnMiJXpiYhqH39MiOL3pPD+LP/zj/YXxLb936EQgEwAtPAMmpxevNCTZ23o3jx+9Gmvusy4QdO3feje82GPH+k8DFO3YgGAigd+deuAIBBAMBOBxG/Kn9gwCAv/NKIpYn+u9UCEP27r0PRqM3J75JF8THC2H27r1Prs/K8nGXfNxoCFKWa/9wYBhd3i66aQiCqBvdllwKJG5dFEUAIkRRkFxemNplzABAEsXIjBmghwAmjMEYl9oo5/4iiiIgSEIYXa4O7x6z0oyfTAE7hhUpkLZdvAWAJGIZB8RS4hPnpV6xpU2HVlcXJiaHC/bzQphTgMiLYIw+u/iFH30Nn8PHNF//Wl1d+NJtfwYA+OQ3PiWWc5MhCIIgCDW8+AXAmhO/MJgTjJYIZj1xaqB6N9dYNF9n924f3RRE1bRZRQSnBBzYs0MWdJw4L+CKi1yK9VAkULbMFRe5Vqwf08EgsEYFFtPB4Ir1fzWc/3r0nyAIYqUgAQxBEASxKAKhCLweZ02pkAhipcmEBqD39ACA7ADDi2AAyEIYhn/wFHr23Civ21xe2FxeDBx7uuC4LP2RZUuv7P6y6dqDdYndsdMrpzpiTjCAJC4JBAJ44onb5ZREWuKOv+m8Bb079yIa6EcwEID1t+/D+G8lcY/pLU/hT+FFMBDA5OQkHJskd5kDvffJKY2YqIaJWNQimLz4RVo2GpX1hwPD2Ono1RTOrFaGA8N00xAEUTO8+CU+n8Ur0TnYGoW8MObZsxAEAc7rNiPymyHJ2SUnv5DXxxolsUtOIAMgv94+D/1ZU2HDwqrRcAhpf1w8448Db8pvnJgcxvjJFHN/KRssE8+oRTB5VxlpuaVNB8Ari2Ae+NzflXz9+6vf/zP59S/vTuMVSQRDEARBlGJk5BQu33nluumv2gXmQubpp39SU/3du/fSDVICliJspdrTUf+XlNR0CqdfO6HYZrPb0dbZsar6HxwZRSIeL4id+k8QBLE2IQEMQRAEQRDrFiZSkT+Euryy8AWQnGH41EiJSW2bkMRkQBa78HXZXz8Au8oJplaMAcgCl29/++2KfcwFphzRgCTKafN6Efp+FJ4/eRUt3l55UnBychK/3HQOAOQUS8xV5kDvfTAaHQXHTKdjUnxGR4HTSyA3fExIoiV+SXuBtEMp2uHXV2I/ucAQBFEvBpPziM9nARGwN+rgaNQjPp9BfE5yc+m2NOLlyCyudDZJri+CJHp5OTILu0GHbgvn9nKuCbILTPscslunIW6Zhv6slBZIEsPM5cuL4moaCgEAzvzyvKi1vRTM/aXgNS2YBQC0tOlkQQwTwkSDZ6t+/fvvU7/kjjGM6bBdrCQ+giAI4sJkPBgqW8bj2YAnj/xanmBci6mP1PAuMPzEKXOBYeNSyfisVW776KcV66HQeXg8G+imqJDpYBCnVU4SNrs9fy11lP6snZwcxXwqXLf96vbGT59QCBT42BLxeM0CpqXuf6VlVqr/ZpO54JiAJLhYLeefxaLufz1Y6v7X4/wvZf8JgiBWCh0NAUEQBLEo0vn/XptTsV7Rf4JYYTZde1BOU8SLXHjhCr+dlWPpktTb2T52bDWZ0AB63//nS9IXSfCS/8+zc+fduPXWb+PWW7+dS5kk8bcjP0Ywtx4MBNDzDzMA8pOCk5OTAIC/6fkz9PcPa6Yt4pfVYhYmhOFdYLQEL8OB4ZLOKukyQp6l3h+L5eMkCIKoGRGyZiU+n4UIEbZGPa5oMeTSIEm8HJnFy9FZvBKdxZnkAhwGvSx+mXx2SBLHqAQtoiiZvGS25H6p1z4viWC00iitHgTVfxmjzy5e/Z5rxavfcy03ahJ86iR1CiQmhOFdYKbDM/L+O77wPyt6/bv/41/F8adPysc3uZvp+iUIglinbGzzyP/V6/x2RntHF9o7upb9l/1LydjosNyvYmNTbHyI9U1qOgWb3S7/rxaLqwPOTZcs2X4gP+mvjq8eYoCl7n+lZVaq/1rHUDuNrPT5LxbTWuh/Pc7/UvafIAhipSAHGIIgCKIuUCokYq3CXFtsLi8SkwGcO/q4nBapVB21OIaHHUPtCrMSPPHE7Xjiidx9yolj/n3PHwGAPAnYf/wI2nL7Xz95Ei6XlCM4GuiHw2FEOh1TOL7EYml4vVAIY9iyuhwABAIBHD9+tyK2SkUlj+6N4fZ+x4rtZ+4vJIIhCKJmOImH3SD9HiU+n8GrsQyuaGnCK9E5qYwICIK0IIoitubEL4PJeUkIIwKTz56F6/otktAFgP6sCZkt07n0R7mD5Ij8ZmjNeZek/XE8/9jRgpFjYhbe5YUt884wbFsurZJc//v/+rWKX/9M7mZEg1loOc4QBEEQBGNk5BRufvNBhELnFdsffuj+Ne3+wpD6cP/hz33+AcX29ZIG6dTAQMG2WHSg4vq7d/vW9f1hNpkLtsmT7atodoqle9Fy66D+14bfn382+nwb8sdeJf1PxONyv7Vipf4TBEGsPUgAQxAEQRDEumXTtQdx7ujjOBcawKZrDxaIVRKTAc0USHzaJFZG7QqTCQ3An/vL2vIPnlLUrRdy2p6YMnUPoBS9MLcTYwD442P/gb/pvAVA/tfu7C8gpYX442P/AYxI4hav11vg4BKLpQscYWIxB7ecRjodw5Ejdyrax7AkKllLghISvxAEUQ+6zY0YxLy8ztIhiZDELbZGAYAOifkMJPGLJIQ5m1rAFrMeQF4EIzBNyDlJEIP2+Zz4BeBTIwGA87rNkghmbVFUsjMxOaxwgWFpitjyxOQwosEsIicCBcd416c+hgc+93clX//e9amPAZBcX7ZdvKXAZYYgCIIgtDjx+ul109cxf0BOg3Sh8/TTP6mpfq0pZNY6Nru96KR6OjWpWefFEywlTxAnB5X7almfaih0tBg4fQrx2DR2Xr4LQP0FALX1H/jPnwVK9q+SMmx9Jfr/yH9+Ge/9wz9BIh7H2eGz8jFtdvuqOf8H3pT/EVwwFMSWri2w2e145D+/jIPv+sAK9n95zv9S9p8gCGKlIAEMQRAEsSiEGR0wo9zmtToRDMVocIg1g3/wVF4Ec/RxeTsTr2ilO2L1+GUmbPEPnkImNIDk2X5YtvTKy/arb1kyJ5hbb/02AODbRz4ki1+YIAZQimJ4cYzDYcR/zB6Dw2FEf3K48MDHnpXFLUajQxa/lBLBaC97sXfvfThy5M4CcU6XtwvH+6W2Y735eB/dG8OHckKatAPYaVy5/QCJXwiCqB8iRHRbGjE4Na82aeEKibA36iGKopwmiaU/yhcRJfcXANg0p3qTJuTSI+UayKVAWm3kUhvh+ceOLsqbhhfBaC23uoBTgKgWwZjczbj3/34Bra4uHH/6pOaxWbqjljadLH7h0ygRBEEQ64vxYKjkOlDoEvKFe+64INxfGC++NHnoC/fcUeACU+n41MLn7/yQWGnZe+77dt0972776KerKh8KnYfHs7qdE5Z7TH2+DQUCAIZWqrBHHn9pSe6dq97gOqxuLxAM4MCbDipiPf7bV7Gla0vd2l3P/Zf68uXDbL3vtWcBAO/9wz9ZNf0HJKGKOsZHHn/p0MPU/5qQXE2Vn2MJgiCWAxLAEARBEIsmGIqhzeNQbGPrJIQhVjNqMQoTwRQrlwkNKNIiMYFMqWMmz/YDAHrf/+ea++vBgQMPApAEJx/a+208+uiHKq776KMfytX3wuv1Ip0uvGf5VEYAkE7H8MQTt8PrBY4fvxs7d94Nh8OIQKCwLINPgcTcaGIx4HhsGLF0uqD8t98uxcEEPI/uja3ofhYvADgcdO8QBFEbgiBIohcBSMxnYW/UKXxOtpobAYgQBAGDyXnFF4b8d4WCIHBCFxWjjUD7HDJbUpwjzOpi65s2yIFf/Z5rxWpEMGl/XBgHRCk90dmi6Yk41xamBgIARE4EMB22AzuGsXGHGdFgtqCu+pjRYBZpf5wuYIIgiHXMxjaP5naW/ujJI7+WJzLbO7ou6LHgJ1CXKw3SBz7yJyVFJaHQedz9mdvpQl2FY8pPrAP5yXUAGPQPQUtUtZSo78+mbLogRj7OejiArOf+A8UEHV8+vJr6v1SiE+o/QRDEykACGIIgCGJJICEMsZrJ5FIe8fDr544+Lqcu0qrL/1XDHF/Y/nNHH4fe05MvX8cUSE88cTsOHHgQDocRX/rSAXi5FEfGQOm6Xq9XUR/QFrwwYrF0TvziLWgfABwOqWyAazcQKHSMAYDhmNSew5hzlUk70H9Aqn88LTmyMGHKzlyGpZXa/+CDRjiM0nIsQPcOQRC1IYoiXonOwW7QwdaoFFl0mxtzMg0BoihK6ZJS84CYT3sUn8uLNSLPnoXzus2Sw0su1VHe7UWQxC+59dWW/ujML88LeBPEVlcXnn/saNX1lWIUya0lGjwrb4kGz5ZybBHS/rg4DqXTCw8vipkOz7D2BLqCCYIgCDWJVEpeZhOLWr/ov1AYGx1eEYFPOUeVpXRcUbv7VEIsmq+ze7dvVZ7L5RrTUhPrV73BdbjC99CP1yOW3Ve5C7YN+odKujU9TP2v9fPP44IgHNQal7XQf1D/CYIg1iQkgCEIgiAW9wZ+VpoYCIxF4PU6i5Zra3FI5QIRGjRi1aD39MiOLD6VIKWYUwsveFEIWlTw4hd1Xb7devHtb78dAGDc60UMypRH5WAiGIC5yWhXZGV48Yt2/crrApLwZS0QSzvgMMbWTLwEQaxeXo1JQpU4c3/JkZjP4pXYLOyNemwx65VW0QIQn8vi5cgs7AYdEvOFjiU4Z5DTKUWeHYLz+s3yrshvhiCKIs6kFrB7FY3FmV+exxmcz/WwaoS0P17SP5sTyQjF6qf9cRh9dkyHF3UMgiAIggBQKJC4kB1gLnR3Gy2efvonNdXfvXsv3SRFePGlyUM/+OYXD6u38ev1mvwHgBdeDAvvO3SVWKo96n/90eqDIAgHV1v/69kW9Z8gCGJlIQEMQRAEUTO8uKWYGIZtJyEMsdrghTBa4hQ+9RGgFLPwVFu/Xni9XqS9QLrG+kyoUqzMYuuXqstzPNeBW4848OjeGG494gAgObHsNK7c/r25+Ej8QhBEPbA36iEi/53jVnOD7AjTbWkEwOVFF4FuSyMGk/MApIxHAGBr1MuOMJHfDEkuMEz8knN6UTu+nEktAKsv3bpQj/olhDBCjfXrESNBEARxgTAeDFVc9gv33HFB/qL+xZcmD33hnjsOa6XsqGZ81hq3ffTTivVQ6PySOs5caJSbVBcE4dBi6i2Whw+/KGg5ciyn+GE99b/cuKyG/q+E8GO9958gCGKpIQEMQRAEsSi+/8/voQkBYs3y3P/67Jq+fvv+xr4E8duXr/7f/KzoLv97pGNJf/PHfaN9hfa/52d0wxAEUTeuGowXPL9vLlOnGtcWZx2OsZQ8e+S3S3FYYYXrEwRBEBc4G9s88vJ4MKRYj0yO0wBxY6QeH4Iox0qKD6j/1H/qP0EQxIUJCWAIgiAIgiAIgiAIgiAIgiAIYhEcPfb8uurv2OiwYlm3xO0deseH5DRTpQQ2n/z8P+O/H/+eWEqAo67/nQfuwwfvuFNR5o5P/H+463/+u7yudbxYtBpn1wGxXHsPfOX/lO1fPffzY1qq/ic//881n78XXjgi1jv+5dy/e/degfq/ePh7crX3X11mPBjC7x98N/WfIAhiDUICGIIgCIIgCIIgCIIgCIIgCIJYBO0dXeu6v+OnT6zZvrRs8GJbjzJt8VXb34Bffv9b8vrmyy5d8vaI8oyMnMr9jZUpJ+3v7NxG/V8l8CnS2HK1TlFL3X+tGKn/BEEQaxcSwBAEQRAEQRAEQRAEQRAEQRCEBurJQJocLD1GSzl5XMnxa90PQOHSohaslCMUOg+PZ4Pmvvvvvavm8Vvp/ct5/hbSMXn58p1XFh1XrXPwxI9/KK+391xO/V+h/gPaYo9i7axU/6uJkfpPEASx+iEBDEEQBEEQBEEQBEEQBEEQBEEUodiv9SOT4zQ4qN7NoJ7HryXtxy/PBwpSAb3Y9xI+uET9iBZrr+3OJelfPfavxPljbhfVTPrzeDwbcOCWd8jrTAxw9Y03U/9XoP+lxmSl+r9S/ab+EwRBLA8kgCEIgiAIgiAIgiAIgiAIgiAIoiTdvs3rop+1Oh/EogN0sSySkZFTuPnNBxXbTg0MYMwfAACMjQ4XTTvG77v04ovk7VffeDMcLVY88eMfaopAqP/Uf+o/QRDEhQUJYAiCIAiCIAiCIAiCIAiCIAhiEYyNDq/r/urWcF9aNngLUhxdtf0N+OX3vyWvb77s0iVvj5DgJ//5Sf/FcOL10/Jyu88LQBICPP/0L1atCOBC7P/GNo+moEzLfWQl+19pjNR/giCItQEJYAiCIAiCIAiCIAiCIAiCIAhCg+lgEKeDQcU2m90uLxf7Nf6Firq/46dP4PRrJzTHJhGPY/fuvTW3Wc6Rpdb9aj54Rz4lkVqwEgqdX1RaEgC4/967VqR/9R6fpTh/C+mYPPn/7Ye+U/S+au/o0nTBKOmM4Q/g6LHnce2eq2URQHvP5dT/Zeq/Vrofvs2V6j8fQ6mURNR/giCItQcJYAiCIAiCIAiCIAiCIAiCIAhCg9R0Cj5fXvCQiMdpUFTY7HYk4nGF+IVtrxV+Mrbc5Gy1+395PoBTA8p0RS/2vYQPLtE4RYu113bnkvSv3vuX6vyNjJzC5TuvBAA8eeTXRSf5Fws71pg/gHaft6gTBvV/+cQPfDurpf/LyXrvP0EQxFJDAhiCIAiCIAiCIAiCIAiCIAiC0MBsMhdsk0Uw9O26TGo6BaDQAWYtUs4RIxYdoBNeZzyeDXjyyK/ldbUI4Av33FHV8T73+QcAFDpjMBEA9X/57qVKRDWrsf/1cMZZ7/0nCIJYKegtOkEQBEEQBEEQBEEQBEEQBEFoYLPb4fefl9d5N5h0anJdjcVUQ6Gjy8DpU4jHprHz8l0AUHSsViMtG7wFKY6u2v4G/PL735LXN1926ZK3t54ZGTmFm998UDH5z2jv6JIn/l98afJQNcf9wTe/eBgA3vmRzxTsG/MHVo0LRqX9/9znH6jIFYSV+cE3v4jV0n91uh8g74CyWs6/Voyrqf9Lff6Xsv8EQRArAQlgCIIgCIIgCIIgCIIgCIIgCKIIPt8GJOJxnB0+WyDqGBsdXtQxRVF8fDX3WRCEg+ptwbHjBf0NBAM48KaDirE6/ttXsaVrS13iOPzDbyvWXy5R9srr3lZ28raSyd0P3nGnvKwWrJQjFDoPj0db+HP/vXeVjanW+CvZ//Jvflp0v3p8d+/eW9P5U8ejFZ86LRTjC/fcUbXwgfHI4y/l6n3xsJYIoJr4VrL/7/vAZxXPmUqeN2Ojw9h98zsBAD/45hexkv0HoOmAwrezGs5/uRhXqv/Ldf6Xsv8EQRArAQlgCIIgCIIgCIIgCIIgCIIgCEKDR/7zy4r1vteelZcH/UNyqolKWO2il2Kx8mIYtQNBUzZdMEb8OB181wdqjuUDH/mToqISQBKd3P2Z23HoHR8q2FcqBckvzwcKJp9f7HsJH1yiMY0Wa6/tzqJ1yqVQWcz+l6sY03pQLD7e/YJN7PMpXxYrflDcv4+/dIgXQfACguVyQVls/yt5tpRzBWn/yGcUIoiV6H+xMVkv53+x/b+Qzz9BEMRSQwIYgiAIgiAIgiAIgiAIgiAIgtAg7yRQyFVvcB2u5BhrSfhSKv7dV7kL9g36h0pOVD9ch/ZLCTUq2V8ttTofxKIDq/6cLveYapFIpWRBEJvEHxsdxsMP3V8X8YPyHv7i4d03v7NsCpnlpFT/qxHWleOdORHEWuo/nf8L//wTBEEsJSSAIQiCIAiCIAiCIAiCIAiCIIgqefGlyUM/+OYXD6u38etrXfzC88KLYeF9h64SS/V3LTGaXNDc/svvf0te3nzZpUveHpFnKSfo18Lk/4XW/41tHk1BWTFXnJXqfzUxUv8JgiBWPySAIQiCIAiCIAiCIAiCIAiCIAgNyglYBEE4tJh6a5WHD78o8CmRVlN/9+zZV5UY56o3uA5/6Z4/L9j+lYeeEJYivu9d5Ra12qs27lr5q8998PBytlfKUWfMH1Cs1yv1jRp1Khy+7Vodf+rd//d94LOKVDXlqKTs7pvfqUiFs5z9Z0IKPh0Xa3O1nH+tGFeq/ytx/pey/wRBECtBHQUwi3tP+MiD9ykU4++9/U5hebou1hQ3f5xP3PpuRR++8uj3hLV0EfzJrbcq4v/yo48uY/w0/qsjfgEDz3+3lhupXie0Inqu/oO6HOeNu29QxP/rF54RKilXrvxy8T/2/48VOwcA8JOnfkKvogSxRrn70cdFAJidTRfs0wk6NBoMBfuamowFZak+1V+L9e++9aBATwF6/qzX+q9+7xsAgI5WPXSNPkW5zZ2GsufvhR+dlpeT1gDefcs7Ncv99Lu/UZRj7L/phpLHHxqZU6xn5/0YncjI69d96K+L1jW6lPF36gpv9aeHz8vL8VAMB3dfrHksdTmGuvxIVvlWPD05V7J/f3HoDRU/f/Z0tos9TrO8PhBJKT8Tcft4ipVj29X1Hnq1n56JBEEQNXKhCl3Wcp+riG9ZXwdfeDG8Kl53P3/nh5atLX4yXT25HpkcXxXXy3KIH6rpfzGnjrHR4bIOIaXKvLAC/S81Lqvt/C93m6vt/BMEQVxIrKgDzCMP3idesXNTwTatsmphDF9u+UQzeT5x67ty7b8bV/RugcnbAgA4ezpQIGhgMGGDev90sxn/+3//72XtAy96ubS3G1an9KXomaHJAkEMgwlj1PtnGg34xn8+JND4VxN/Poa1GD/7LOnyWhQbJgNJzdhZuclAEi6vBZOB5Ip80FQLWW5980UAgNHAlOZ+vlx3t/RF8eBgqujxahHE5MQsFY89W9j/1l3wdW0GADz1s6fgH46JZT7QK/b7NrrgH5+kL70JYp2RSiXR0JB/G6g1udrUZJQnURcWFtDURPWp/oVRn6Dnz3q//rs25D+DM9GL25L/0jOcDOGpJ5+R1y1TXnl599svksuGkyF878c/kPdlJ6cBADqXCfvffoPmcZmARi2KYeXcO6RygCSG0TX60LUBGD5/TvN6MroMmkKXx194Ha/llu0eh7y9s8OXL9+1AY+/8Lq8zz+tl94fmzK47A3bFeUYTBhTVBTTKg32SFYsK4bR4gO7ekVAEqvs3WRDV68Tve1uAED/WFgux7aZ7fb8tRGPy8usbG+7Wy7z8u/OKOr2j4Ux3B+R22TtHhsZo88GBEEQKl544Yj8rCw3QUz7C/fv3r23pteWe+77dkX1Hz78Ih6my7XuY7rUVON0sRTt6Vb4XFzo/S/3zFjN/a+HM8567z9BEMRKsewCmL/8+HtEALj08l1g4hdHa34Sff/NvQCA2IRigrxAGMMLZx558D7xxG9fBQD841cfW7Ivaw7ctE8EgK2tbmzYuBFbLvJiOhCVxQsAsGv7Juzavgn+cxMITM3Ca5W+AAtMzcrChQ0bN8rb+X1nJqQvqZ548qkl6cO+fVL8l7S1oc3nw9bNLkxF0rL4BQC2bnbJ20PxFDx2adI/FE/Jwpc2n0/ezu/7XTAIAPjVr34l0Phrxb9/1cb/yIP3AThXSVGR3X9M1GK1t8s7rbnvX6fiY4pKvOCFiWC4dfGV43LbFcXec3V1/WNClWsv86LDay3Y3+G1orvbjP3XezE4mJIFMWw7oBS+MJiABpBENKydpXCGmRanRQAwCSb4uhzY/9b98A8PyeIXANj/1v0AAP/wEPr6hrB9u7Svr29IFsb4uhzydrYPgDgtShMWJsFEX3gTxDpgfkHE/MI8HHZryXKZLCBmF9DQ0KCYTFXX39ij/EX/+MAzVdWvtf31Hj/Vr64+Qc+f9fz86WjVy2U2dxrgtngQToYQTobgtnhk5xa1gIXt53FbPHj3Le+UBSt8WX6dL/+29ysFMYDkKpO0PlN4rM6Q7AjT0apXOMEAQE9robKNCVQUApYSFHOAKcaNTAyT+zuSFfH08PkCN5lOnQC0NmFgYrai4zK3l2uuaAUA+Pr1svjFbLej1etDV0/pY7R6844+WmUPcPsnAn70spX+CLp6nXK7ezrbRRLBEARBLA0jI6dyf2Nlyq2O/Z2d2+ikEUtOOUeLpW5v/PQJ6v8Swwsp2DIThayW/mvFSP0nCIJYuyybAIYJXz74QSk96CvHzymEL2r4fbGJpELworWP7f/Lj+fdDeolhlELL3jxQdfv53N2DobOwD4ifWHp29QK08KCLHDY4gW2XORFYus+dHu2ynWG//uf4bU2wdu7BRs2bsT58XFZKFEvIYZa+MKLV9rbnQXlY6lpWJ1GWJ1GWSBjdRqxdbMLDrNJLgMAU5E0PHYzPPZutPl8CPr9cnv1EsKUGv+P3H2foo2ffuOLYqnxf+/tn1OU/+bdd4pLPf5q4Qsfv+GWViimYV5GyetnYY/ylp378cSSXz85RAC4+YD0NSkTtDDxCxO8sHVeFDMVH4OGU4y8zeW1yMf9xRP9vNCt5viZIGVbuwnuFhv2Xy/9epWJWaz2vPgoOAG0tc6hu9sMq70FU/FoQdm21jkEJwyYikcVZbq7zbJQJhxN1FUIoxa+8OKV7Tt3FN6/sWn4ujbD17VZFsgwkYzDYZLLAJJQZvv2zdi+XRbJ8O3Rl97EmuAvD+wUAcgTN8P9EXlfqqEB//Z/XxJYOVbmY196Sljv8TcbGzVdA3hmZ9No1OsAvQHzmSz0OmnyVNA1YMfumwEAllf/Cye+93WIGvFf+u6PIrlLSlk3dNdeuY/CB3+Is6/9oqb2m41Y1/Gz+q+fHAAA2G3NAIB4YkauPw8BF1/UBegNOH16SC7T4vbUrf21Gj89f+j5s56fPyztES9+AYCnnnwGlikvXJcYsLW7Uxav2Fym3FG1f7Voc5lgc3UhkXN/AQpdX9RCGPUxd78dODNokN1k9t90Q75eTgSja/Sho9UvH4MXv4xkRbz2Uh/sHgfazC7FPp9Ner/vT0Q14y+3v1ydTp2Azq4NGDC7ZDcZXnzTU4EIZk9nu6h2e+ltd6Orp7eg7L+5g/izcFvBttMnRwAAfyO2o9XrK1qObWv1+mRRzXB7v6Lc3lxMJIIhCILIo54MLDc5yO9fSMfk5ct3XgmPZ8Oa6HModB5P/PiH+e+Qey5fVP8Jotr7Z6VjXErxQ6XHT09MSJ/LppU/yDQBmBwZhtlk1twPAK0mc9H6K9F/QDvFzmq6Doq5tNQrxmqPvRLnf7WfI4IgiGpZcgEMc2fhhS9A3umlEnjBi71lE+LRc4p9sYmkfFy+nb/8OMRaRTAHbton3rDzcoUTR2BK+gLLfd0+vNGXlctu921Gn2crBkNn0J4TwjB3DyZ8kcrn6wxe9w6En3gEAHB+fBxX9G7BFb1bEJiaxYGb9ou1ihj27dsn3rRzp8LJJRSXXviY+MVgkWKcS0pf+vEiF+YOw7bJ486tnxmaBAAE/X5c2tuNS3u7EYqnsG/fPrFWEUyp8f+ruz9XcOy33fYZAcgLYdj4q4UvjI/cfZ/wD5/5lLhU43/gpv1F4++4pQFut1tRPnyl5OLiyglhWPxM+FJQ/hZg9Lvnluz6uWLnJvGV4+cKhC8sjZHVXv4YvBgGyAtiJgNJdPVsx1R8TD4u384rx8+JqEEE88bdN4hM+AJAFr8EJwwAUgrxS1ur0p68rXUOU3G+Dy1yGelvi7x9Kh5FcMKAttY57L/ei6eeBdwtNlkIU4sIZlqcFrdu3qBwcsk5tsjiF5+vCwDg9w9L9yYnclELX+T7l613bcZTP3tKqj8cw/637pLbOTN0XiQRDLFa+PD1l4heS/4tyz8+cVzgJ27bOzqweZv0/GjvyE/ijI2OyhO8N7x5p1zmLw/sFPljAEAguYBvPfs7YT3FzxwB1BOps7NpbLnsZnn9uT+5Hiz+K979USR3/gGG7toLFj8fmyL+136A4e99Her4H7prL7bce0Q+BqCc7AWA08d/ATG7ALNZeg/YCGB+bg6GRgOyYvaCj585N5jNFrx4/HWYG/OODVu7O3FmUJrotNuaYbZYYLU7AABmS0wul0omcfq09JqxYUOrXGag7zS2dnfK4hMASM1ncNXOizXbv1Djp+cPPX/W8/OHiV8YTz35DDo7O7C1u1PRn7xQRVrmRS78frZdq4xa/KKuz8pv7e6Unw9PPfkM9t/EOdBwTjCAlPaIwcQv2zZvVWwH8kIVtqwWuajFL1plSsGXN7oMuMy1HenJObz2Uh/AiWCMLkPJdEg9TrNC/AJAFr80b2jBzHllTHcEXwAAXLQjf75+7+a90DUBDw8NAQgqyjEucufLN2+Q+j5zPoqunl5MBPxIxeNyDD3TGXoDShAEoaLatD/M7WUtiV54PJ4NOHDLO+R1Joa5+sabK+o/QVRy/0Qmx1f9/b2S/TebzEhNp2TBA1AoauDFEHy5YvVXov/F2lwv53+x/b+Qzz9BEMRSs6QCGEHAwYe/KolSXjl+Dvtv7q1K+KIFL35hOFot8nGf+oX0xeEVOzeBpUVaLAdu2idubXUrxAsAcPUHPg9AcnxRs92XxWAIaLrqQ4rfyCVCZ7A9J5ZJZqTviy16QXG85x+6B6/0n5VdQra2umsSMezbt0+8pK1NIX4BgGuuvkwWu5SCF8LEUtPyusHSohDLXHP1RgDAc88DJ/oHZZeZS9raahLBFBv/v/riv5Y9HhPCVAI73j985lNiPcf/wE37NePveL/kVqQWs7BtbrMX/fid4va0GLQtzt1uN/D+3Mp3Udfr530fv/Ng/3Pfxc0HemWxitWed3txeS0YHujDlkuvUwhhdAYnsnORousMZX1p//BAn7yvFpj45YrtG+V0RkykUind3WYMDqZyzi6FAhlJSKOE38aEN4sVwUyL06JJMCnELwDwiU/fIYtdSt6/nBAmFpuW132+LoVY5hOfvgMA8JV/eQBP/exV2WWGucEstQjmvu8/JAKAKErPxbve/cE1Jbq5/7//K+9aJAKffccfLFv8glBbU3/5d8rUgv/4P+9cttjZ+S4ZX25yNZBcgNfSIP/6ne274c07MTY6ihvf9GZFPTZJyMNP8ALSZCLvaAAA6I8oJoprnZCuNP7eSy+Dp81bEH8oGEB7x/LGn0ol0dDQgC2X3Sw7E6jjn8pNytY6/s9wjgYApLa+9VV4LQ249N0fxUW7/kBOA8JoNBjkSed6xb/Y8V/K+HWCDmfOSs/81HwG5ka97H4CAGcGR7BhQytSySS8GzcpjsFEIoovPDiBCSCJSc4MjiiOicSMQqjCC0rWS/z0/KHnz3p8/oSTITz15DN440Udmv0qJWzh9xdbL0Wpsp2dHbIIhhfQMPcaPrURE7/wjGRFdOqEssIW9bZqxC982ZGs8n3Nts1b8dpLfejMpUTq1AkYKHIc5v6ieO7ZpQ9XTKTCuCP4Am7a+kb03LwZwkgcwmY7UhERpnACQs70Zvtm6bNDNmc60zvvhNhpx0xKivGOk7/GA227C0Q1anwmPT6wq1d86NV+EsQTBEEsgpGRU7j5zQcV204NDGDMHwAAjI0OF6ShUG9b7nWt7ZdenE/9ffWNN8PRYsUTP/6hpgiGIIj6k5pOIRgKYkvXFnlbMBREm6etoCzbrhZLqOsvN9PBILBGBRbTweCK9n+lz389+k8QBLFSLKkA5q7b33P4ip2bZPHLcrD/5l5ZBHPp5bvwlx+HeO+Djx0SRTy+mONt2Lgx7/hy4L1y+qJ2TwbbfdKXS8mMKItZ+vw6HLx8M3iXFyDnDuPXySIYxr5LugBkMBbS4+oPfB6DoTN47Zv3Axs3YsPGjTgzEa5pPNp8Pln4wlIYqcUvpcQwLNVRqfJs/cpL2jFmN+NE/yAAH9p8PvyuxhdJfvwrEb7UAjv+J259t1iv8efjZ8KXcvSP/K7Q6SUclreFw1JMbF0u+36gA5vw/BeO1eX6efir9x3mnVqKoRa3lFsvVb+rZ7ssgsk9O8T3ffzOQw9/9b6K719e/MIjpSvKpy1iaYzUDA7m3WGsdgMGB6NyeiO2n+3jj8Ufm1GrCMbX5ZCFL/vfuh8Oh6lA/FJKDMNSHZUqz9bf8d7fQ9/xk3jqZ68CGIKvy4EzQ9NLcq/93SPfEgFAp9OhZ6M04eK22hGeiuPe731HBICMSiDx+fd8SACAex77trxDnxOALLdo5p9/+F05hm0blPHf/8P/EiEAEAERIoSciRETxvzzD78rChAg5rP14c/f8f5li58XvVxysfS67G1tRWBiokAQw2DCGK39SyGaUafkQH9Edikw2x3wtHlx45sqO9bmbb2aE6L89lAwgFQ8pmiLLTOng6WKn61r4WnzAm3eovGbOUFArfGnUpILV0NDA9574BY8+sHd6Op1SsdagfFnk8S3fucF/PBXP5frzc/N1TX+pRr/WuLnnVEAAIkZ2SWl0WCAsdkE78bKxt9qd2gKSqx2B3py29Mz0/m4cm2x5ddPDuDiHT0XfPz0/Kn++q9n/PT8qe/4VxM/E7/4mjdheA7oMkgCtS4DoO/olFMjuS2essIWrTRHWtsY7HisDQDIjI5gmAvT17xJ4QSjxeMvvK4QvzCXFaPLIItggOqELZWgJX5RO7xs27wVj7/wOg7uvrjocXjxC0uB1dvuRioeR6vXpxCp/Nw+DwSBZrMAXROQ7bRDAGB2CoDTjuwsoGsCBFHq80wqi54NmzGdEoGc+KXZLO27I/gCLtrRqUiRlIpL9pf9Y2E5Fp9JT6mQCIIgFgEvfuFFL2uRE6+flpfbfdJ7l6tvvBnPP/0LEsEQdWNsdHhF29Otwv7zwoUtXVtwdvisLHrgxQyp6VSByIEvazaZC+ovd/9T0ymcfu2EYpvNbkdbZ8eqOv/BkVEk4vGC2Fei/ytx/peq/wRBECvFkglgBAEH77pdWr5iZ37iPzYhfUnIpzWqhkrq8+1devkuPPzVXYcF4c5DAFCJEObATftEANja6sb58XFs2LhRFr/kBSzSd0DMzYWJYNQCFx62j4lleNo9mdz2rcBHPiuJYHIxHLhpvwgAlTp57NsnxX9JWxuCfj/afD5Z/FItDrNJUwRTDKvTiEt7u3MiGMguMABQqROM1vgvtfiF5yuPfk/4xK3vFhc7/qw8H3/H+zcVCFgAIJ2QxDFGWz5PfTFnGC34+qzM1Z/bI4lgFhk/ILm/PPzV+wAUurFY7e0FLjDFBDKsHJ8GqVx9vr0rdm5C/3PfPdx7zfsPAUA5IYw67dFoYArhaEJeVwtUmAiGucMwcQtfTtoPxf5ix2LwbVYrgpkWp6X0XYIJ/uEYfF0OWfxS9f3rMGmKYIrh69qM/W9FTgQjxcDFU/U9+NkH/kkhmLC5ctdozyUAgGgyAbvJAr2gQzYrwmm24eqeSxDO5Z9yW+0I5caVCV8u8m2C2+pAeCoGt9Wh2JcIKwVf//SJz9b03Ljzq/8iCXVyQhu72w2dTsDV2y4FAExOxeC02OHOWSA5LXZs83Vg4Lw0Aey2ORBOxADkRTMX+drhsjowORWDKxc/25cITyra//uP/dmi47/tjk8qxt7jkb6oetMbpUmkwMQEvK2t8n5vayu8b5SEMGydLTPhyyUX98rb5bq5faGQ8gu9bzzwpUXFzhwE2IQhUPjrdx719iR3H1pyQrZQMFB0khFQTjTy6ScAaTLqw9dfIlbqZFBt/KXiKoenzZvv2yLiZ2k7UqkkBF0D9DooJm9Xw/g/+sHd8iTu9Ewael1941/q8a82/tf6zspuKWaL9Fqodj9Rvh4rty/Mzebf4Buk9xXpmWkYm4u/fhibTTA2m2C1OxTphwAgnnNVuWrnxRdc/PT8qe36rzV+ev4s/fiXin9zp0HzeEx8ou9QpkHiRSqAJIgpJXjhyxerq4W+oxPIiejmQllMhRYAqzLuoZE5Oc2R2nVFfi7k9vMuMUtJp07ASFYsSHMUTE3KcXbqhLJpkFgKJJb6iOeO4As4aN+FQ7+3V7GdiV7U4pfMnAhLiw6ZORFmp4BURPoLQD5Gdha44+QRPNC2G8MD+euHpUBiIhiCIAgiz3gwVHb/Qjomi1++/dB3NB1WpPcJXUUdWFaSUjGN+QM4eux5XLvnalkE095zecXjQ6xfpoNBnFb9SNZmtyvuh+VE3d746RMKgQIfWyIex+7de5e9/2qXDyZiYMt8OfU2VtbUbJHdQPj6y91/s8lccExAElyslvPPYlH3vx4spv/Lff6Xsv8EQRArRd0FMJLw5T2H77pdSn0EKMUqjlaLLGJZDJXU1ypz1+3vOXzvg48dEgQcLCWCOXDTPvGGnZfj/LiUf4+lk1koUt6iF2QRzGKopP7WVjc2bNxYUTqbffv2iTft3Img3w8AcjoiAIo0RlrrRcczJ4KppL7DbMJURGmvfUlbG9p8vorSIRUb/5WkmvE/cNP+svGrxSzJuSkgoRTByGXNXoRTgUXXrzb+nPDl8MNfvQ83H+hdkfHmBTKMh7963+H3ffzOQ7n4Sopg1OIXxit94wWuMIBSBMO7ugBSGqSgpAFQiF+K8UrfuNy+WgRzaqy8EGVanBa3bt4A/3AMAOR0RAAUaYy01ovevzkRTCX1HQ4T/Kr6JsGUc4M5X3E6JCZ8sbRIvwR32x1wWe1wWeyAAExOxeGy2NFisQEikEEWEIFoSjpfTNgyv5CRlwGgxWKDTtApyoSnYth90cWACEx645iciiMylVDEcf8df1HVDMhdD/6LKEBAS07k4bTa5Ph1Oh0mp2Lo2dAJp1mZmowJX1xWhyyKcVnsmEzG5e0MVmbg/Ah2d+8AUBj/Xz74ryIA/OPtn6o4fiZ8YYKXzrYWWF1tsmCFiVd48QvbDqBAFAMAuFh7e2BiQiGomZoMYiQYVcSxGCEMP3kIFE5yhoLSM9FkbJInOQFp8lOXm+FLzWWA3L1sMjYhGY8WlJ1O5yfb2UTk5m298i/qWQyBl0J1jb8SfhQ5j7c7N8j9LekSwFFt/Pzk7WodfxZnQ4P0lpVNPC82/uUe/2rj58Uj0muiQ9FGekZ6LWnQ62WRCJATj+TEepksgJyYpEGvx8LcbEHZhUxGXmcCE6vdITuqsBhSk8kLNn56/tR2/auh58/qG/9S8QOQ3V/KUU7UUmqfGn5/MTHMXEj60YjV0wCEvEVdYLRSHzG0xC+8I0wxmKim2vpMBMPTZnYBHihSIfHs6WwXe5xm+drhxS8s9dHM+agkftm2C8I2u0LwAuSX9QYBEIFkNItms4CZlAhzk7QfgCx+UdeXr91cu0wIw4tgepxmcoEhCIIAsJFLXzEeDCnW5deKkVO4fOeVAIAnj/x61YpcFgvry5g/gHaft6gTTLHxIdYvqekUfL4N8rraZWI1YLPbkYjHCyb/6yEGWEz/X3julyX2VbZNC6vZuOz91zqGVlsrjdZ5Wan+L/f5X8r+EwRBrBR1FcAw8cull++St2mlP+IFMfaWTYhHz1XVzmLqX3r5Ltx1Ow7f++Bjh0qV29qqFBfw4oVi7i5qRxc+JVIl8GW3+7IYDFUWm5p9+/aJl7Qp8/8x8QtD7ebCr6vFLAaL9MUbn/KokvpWp/YLKXODKSWCKTX+K0258V9M/EZbE5Aovl8tfqm2fjXxM/EL76A0GUhiy6XXKdIU6QxOAHmBitrFRWdwyuWt9nbFeqX1+f2A5ATDRDDF4mfuLx1eK0YDU/J2d4sN4WgC6dRU2TFi4hc+5RFzfmFpkdTOLzzp1BTCXJs829pNJV1gpsVp0SQo70EmfpHvN5WbC7+uFrP4fNIXLHzKo0rq+7o2A3i1ID7mBlNOBPPZB/5JtLnccFptAAS4rLb89ZSUhC8uS/7N8+x8Fk2NOkwm47A0SYKS6dkF6HQCTI2N0vr8vEIIw8hks2gxSyKayWQcmWwWDrMVDrMVkakEnFY7IlNxfPaBfxIrFcHc9eC/iHYufqfVBgECsqIox99itiGbzSI8FYfepkMmnsVkMg7vJqd8nCgScOT6oxMEuMS8KIbVzebiz4r5dYfZCluzGbFUMtePOO786r+I933802Xjv+2OT4oejxedbbkUXq7864GW8GVmZgbNzc0ITEzAnpssnpmZAQA0NzfL62qxjPx844QwrL1LXG2Ymgyis60FI8Eobrvjk2KlIhjmXsBjVk2e85OByXhU/sV/Y1OTcvITwExGhDgv/dJ646aNSE5Jz4D5WWnWhx0nFAyUnGT0WhoqcmGoJP5ifWE82RDHVCil2H+0MYu31/DaVSx+flIUULoXrKbxf/SDu/GHOReDVCqJhQUp7oWFharjX4nxrzR+5p7C02hQujTwbigLc7OyY4pOr1eKRwBkRAFiVpJvm80WzOfORTYnHGHHSc9Ml3RZMTfq8frpUVy18+ILKn56/tDzZz0/f7SYC2Vh8OjQZZBSETEXGLfFA5vLBJurqyBtUTGxi1baI94dhh0z92lVPk5mdARbuzvRFxrCVGhBEsAAyE5Wl5IzPTkHtOY/g/lsOQFUBWmQSglk+H3smHwqpPTknOzyEkxNSgIYAP5pfdFj+kx6+Kcz6Cqyv3lDCx7Abtxx6gUcxC7otknvJZmwhRey8OIXS4tOEpnPiYry7O/A+SGcPjmCB9p2y+3MnI+iq6dX4Qbjn87AZ9JjgMxgCIIgKsbj2YAnj/xaXleLYL5wzx1rqj+f+/wDAAqdYZgIhiAqgblQ8MiT7Q2rJ06W7kXLrWO5+/9/n/rdoaXo43sPvuHwcvdf+n76PPed9Yb8sVfJ+ecFKVqxLnf/l/v8L3X/CYIgVoJleYmJTSSLpiyKR88tSgRTqj5zf7li5ya8cjy/nYlggMc0v9mS3EfyDhEbNuaXuz1bAWQriqka8YsW3Z6tCG/cKKfP4d1Eyrl4tPl8mstAXqCiFrFoucAw8cti67f5fHL6Jd6N5ncqu79Kx3+52bCI8WfuL6Xid5ulD4e8sEXt3KKVFqma+ouNv+g9NvFbRQqj7FxE06VlKj4Gq71dIXZh5dXrperHJ34LQBLGTAbyTk5MBAOWf0yDK7ZvlMUvTIBy7ty4vF/tAmO1K69zq70Fba3ShElwwpCLKyo7wUj7WjRFMK/0Se2kU1M4l5qC0Wyt2gXG1+XQXAbyAhW1iEXLBYaJXxZdv8shp1/i3WjODJWOn095xAQok1MJxFJTuMi3CS0WG/RC/qfS07PS5KYeengs0qTR9Pw8mgzSl/bz2QXodVL59HxGFsRk2bNYALK5X9u2mG0IxSM4GxiHMyc0Ccej0OXqVyKCuevBf1HE32KxYTIRRzSZQPeGdjjNNogQ4TTbkcmK0NukY7s8drg8Upux9BRaREn4kssehawgQm8TkGnMAIIAYQZwWmzIZEXYTRZMTsXhNNsQnophYHw0J76RYtDnJoX/4iv3i6VSOvEpj0aCUXS2tciOLCx1EQ8TugB5IQsTxKgptp2vH5iYwO9e75fFN8wJhsVWTgTDT94yy/32jg6k4jGAm6jkmU7PwmKW4soszEsf1nOTn+L8HJyWFqDJjObcNW6xWhGPRtCSc9Gan89of+CPx3Jf8I3KsZSbhK4kfoY8ydkIxcTmjyLnYfWYsaVHiuvoAGBtiMPqMeNHobwjgOIYAKweM25asNcU/2t9Z/HeA1i14w8ALx5/HZdt3yI7GCwsJKuKfyXHv5L4mXgknpDuTbPFgvm5OYXQg2chk5EnsrNZ6ZnIxCNidgGGRgOgN8gilMZGA2Zn02gy5s5ZVvs97fyc9BqYSibzsTTqL7j46flDz5/1/PyR35NPTgM53ftUaAEujwH6jk5kRkeQGZVc7Ww3SO8pE5wIRe3cwgQvWmmR1GXY38TkdE5YY0Lw9REMzwFdOc2cwaMDQlJMxRjJivBP67Ett84EJ0yAMjAhfZ7au1U6B/4KxC9VfYGdiMJna4HP1oIjZ7R/sMBSILF4K2F4oB9dPb2YOR+VXWAA4IE2SQRzk/uNsptLKiKi2SxI7i8qREHZHhPKzKSkVEhq8UslPPvss+L1119PLjAEQRDFXptGTuHmNx9UiF8Y7R1dsvDlxZcmD62lfv3gm188DADv/MhnCvaN+QNFXWAIgsdmtxedVE+nJpc1lqmGQkeLgdOnEI9NY2fuR931FgCs9/4/8p9fxnv/8E+QiMdxdvisfEyb3b5q+n/gTT359/GhILZ0bYHNbscj//llHHzXB6j/BEEQa5C6CmB49xfeRaISahHBlKqvFsFUAhMOMPcOk7dlUTGx1EaLEcR4rU1gbzV4MUMxBEE4uHfvXulFKic8Ye4vVqdRIVJhKY3YcimY+0u19T12M4K5XCq8GIbFKori40s9/rVQ7fiXi3+hiraLpTJa6vh59xeXVylYY+KUUkhilcJyTOhSaX0etQimGMz9haU9SqemMBrRo8OZn+DYtKl0/3nhS1vrnOz8wtxg2P5iIhh3iw1oscmCGxZDOieGcbfYyrrAAJCFJ8z9xde1WSFSYSmN2HIpmPtLtfW3b98M//CrufbzYphysPRETHQSy7nuOK022cElPZ+BsVGP9HwGlialO0AGWZiapJel9EImdyzA2KhHeCqGZFo6tsUoCUxm5xfkYxkb9fDYnYilkohMxaHT6eQ4KkVUzU1EknEIENBiscFttcNptiMqJJDNZhEVEmg1Kp9NwgzQAim2qCD1PZOQJmkDUzGch/ShxrOhBSJECAJgEy3Q2QS0iJLoZTKZkFMgAUAmF1S1fWEClM62lgKBSzFBC+/6wtaZQ0w8Kd2Hdi61CX8sb2srptqCCuHLYuFTSPDpIzxtXgyd6kcot8wmP/PvA5ywAzjb78eW3sL7PR6NwN7iVGxj6SJYO0On+rkvKaUY+EnEWuIH8pOcVo/0XPlRSHpSs22X9PigT7kxPjULq2cKXR2NEJvMGOHK8uVbWxIAEvjRQApvd26oKn61C8Cx89Ordvwf/eBu3JtzMVhs/Cs5/pXEL48jl0KITx9kbDZhKje5bWw2FdRnE9ux+BQcdmvBcWdn0wWT3yxdEGuHHR+AHAMTkfBtXAjx0/OHnj/r+flT8H5x5hx8nk3Y2t2p2K7v6MTZkWGFqIWJXLSELlrbbC6TQjzDHyMxOY1wMgR9Rye6ONeZrd2dmAsNwT9zDpap8r8sPzV0Bts2b4XRpXxfaXQZaha++GwtRY/BtjPRTU9rE0ayIowuA9rgwqmhM7B7Sr9/Zg4rANA/FpZTDwFS+iPGv7mDuMidPz+piPT+UG8QZOeXZrP08cLsFORUR4r36U0Achldb7r2jfi3+DD+LNymGVf/WBgAcHGnBa+PJEEQBEFIaX1KrQPAqYEBzbpfuOeONSd8YTzy+Eu5uL94WEsEU834EOsbn29DgQCAMTY6vKhjlppfAKQ5CPW24NjxgvYCwQAOvOmgItbjv30VW7q2rOr+L4aV6L/0HPmy7DzS99qzAID3/uGfrJrzD0hCFXWMjzz+0qGHV2n/63n+l7L/BEEQK0XdBDBS+qPC7UyAok6DxDNyqh+di8iRXqr+K8fPFRXhCAIOiiIUL5BX7t8uXu1xy24ZagZDZwBsLZoGqRTVpETq8+swGDqjeWLOj49ja6sbV+6/WHz5qdcVB9y7d+/hS9raZLeVYjBnFweUTi4GS4si1RG/XG39qUha+wXW78clbW3A3r0FLh7lxn81UGr8r9x/sXi155Ky8WulNEonZjVFL1pOMOXqh8PhRcWfS39UUIcJUNSCmGLliolgysHXL9fm+z5+58H33v65gje4fKojtfjFaLZqHksr5dFUPIqpEu6OwQlDyTRIRrNVTrfU4cxIsSCfGknLBWbfvn2iSTDJbivFPyx15ZaGFU4uPl+XItURv1xtff/wkGZd/3CsojRINrcbiXBY8ddlyadBYoIVa1MTpnKpCJizix46TM9Lv+ROpqfgtjowlxFhamyEzWTP1dchPBWHxWiFqbER0/PzMLK0G6IIp9WGyFQc0YkJtLS2IjEZhs3lRmIyXPY6zGazsLndiIRCsDidSEYisDidsJnMsBnNWMhkMDs1j0lbHI4mKyanpQulJSfI0TXrEEtL5z50PgqXxQ69TQdHkwV6mw5ZUUQ2kUXofBRtG1rgMFoRmUkAUwDMQKutBeGpGCJTCSQjEdhdLsQnJ9HS2opYeKJs/B6PF6FQQPGXT4PEC1bUqY6AvPAlnkzC29oql2WiFz5dkpaQxupqA4LRghhCodKp3D58/SWy9KjU5CG/LRmPKlJebGiTRD7S5KevoN5MbBqpuQzY7xzGz43DZGwqaGfztt6Sk7haLgaVxs8mP1tbEjC5O2AQ9DgNoLUlAbO1Eek5M/SpeWTMjWhYWIC32QE2U+X1OtDaksBEVLqXOi9ywCDoAbgQmxiqKf7X+s7i3k99Sk7fsZrH/8Xjr8upbNgEdKXxr4bxLxY/o5h4RL7HctsW5mYVKYNMzaXFI/Nzc7K7CpBLP6PXF7RjtTtKikgupPjp+UPPn/X8/HEAODM4Ap3LhPFzp7Bx0zbJdYW9S+TcWIDiqY4qgYlfWMojdRolBnOeYSKY7dduhmFQh8nfSQL0p558BvtvugGbO6XA0pNz8Jky+PXJYbxxx1ZpbHRCgdOKlvNKqTRHBe9/cyIXPuWR1jGNLgMGJmYVIhh7Kv98eu2lPlz2hu0FIh127/IwFxie0ydH8Hs374WuKS9+aTbnxS+6przLCxO/sHU+XZLZKSAVETEaH8bpkyNAW5tCaMOnPwIAu6sZIAEMQRCEzMY2bacz3v2FTSzyKY/WqviFR5rAzYtg+AlUcoEhyl4/3MQ6kJ9cB4BB/5CcaqsSyokeipXlxRB8Oi8AaMqmC2Lk46yHA0i9+l8Plrv/+WeImi8fXk3nXzvGej5Da+//Up7/pew/QRDESlA3AQzv/qJFqTRIjlYLRnJf2BUrUwq+vha8C0w+DVLxNCq8e0fBC79fV7EIxqIXZBeYSujz5794DEzNKpw7+FQ25eDdX+TxT01rurWw7cUEL+UoVj8UTymcX/hUSOUoNf7LRS3jX238pRxfknNTQKJ0GS3xS7Xx8+4v5dAZnJppjHjByvBAHwCgq2c77K2XK9IgVVKfh3eBKZUGiaU8YuIX/u+1m2xymQ6vcnKNF78EJwyw2pUCF5YKiTnCyD+d1Gjf3WKDu8WGo2PTBTFsM+djLAXv/iLfZ7FpTbcWtr2Y4KXs/Vukfl/fkML5hU+FVIy/+Mr9os2d/9UqE7+wdD6Ka0ingwjA3NSIcDKOmXnA0mSFIAjQ6/QwGnTQ6xxo1DWiQZdz0jIYkM25oXis0kTBbE4swx8XANz2Fuh0OoXoxeZy47MP/JN4xRU78L5r/4dQKv6smEUyEpHj1wkCoqkptKiEVAvxDMJTMQQwCe8mF/tAhWwiC09O4CK/TrHlZsDd5pC363U6QAAa9XpMJGJobGiAx96CBp0O8ckwBAEQRRF2lxt3Pfgv4q5dF+Pdew4o4r/tjk+KHk/+F9JMeMLSEWnBO7uoXV3Uy/w2dSolNaxNXvTi8Xhx2x2fFPdd0Ys/+PDtmq+9LH1HNRgEI5odJvlX/8aWBrjaCp+V4+fGITQaYDboEY9G5DQZAORJUB71JCIfYyCp7edVSfxvd27Aj0LnMRXSwxqN4aIeHy7p8SEcdyA9BzRZAcwA4bg0Wd9kBeazRiCbAaCHyd2BTjdyE58ABANOD/gxFdIr0mNUGr9O0MnpZRbDco8/Y3omvaj4V3r8S8XP0gdVA18/Fp+CwdCIZmNjQblUKglB1wC9TnJR4YUkTETCoxaRMMyNeqTmMxdM/PT8oefPen7+aMHcX84MjmDPzqsqEr2USnmkRu0CowUTvwCQUzBZPQ1IVGDmyoQlvBOLliCmGvELD+8CU+y4I5y4JT2Zc440u9CPqYLj7elsF3ucZtn9hcFcYHgRzB3BF3Do9/ZKp14U0GyWUhkBkNMhqUUvgFSm2SwJXsxOSSTD6negCz03b8Ydvzgip0Ji4hfm/iJ/NjHpAZjxmT94L774X49QGiSCIAit17lUSnZ/YROLY6PDePih+y8I8QuDiWB23/zOgglUgih/7Whz1Rtchys5RjXCh1L1d1/lLtg36B8qea8+fAH0n7ES/RdF8XEtN5ZHHn/p0Fo4/7gA+l/L+ScIglirNKyWQHjhSymxTLn6sYlkSfeXYrQK0uShVpqY6UAUDYEfYvC6d+Dg5ZurOm416Y+2+7J4/LdDCD/xiOZ+JmJgsTL49EcszRDPVCQNq1P6dS0TqvDuLZWgFroUqx9LTSMU1xYI8CIYdRqkcuP/zbvvFD9y933L8mXbP3zmU2I1419J/PgxEL4FcLvdFcdhtDUBicrjdrvdCIfDGP3uOVQbfzXwYha1iIXBxCy8EKbS+pU4zmjBnF8AKP5uay+eJshqbwGQT32kxVQ8Cqu9JSd+YXVQ0gVmW7tJdnphsZzKiWKA4hOFWmmG/MND8HVJzx0mVOHdWyq6f1VCl2L1Y7Fp9PUNFY2tnAgGyAtfNN+sA5jPiQKzyECPBliNVhgb9RBFEQ1CA5Jzc2iAHmYDc3XJ3/ZC7hjJ2VmYmhown10ARCA9l4HRoEdWFKHX6ZDJSjOkNpcUB3OBkT+4Hf2JqCWCyWazirLZbBbZ3ARHRswinIyj0SHFNRmKo7XNAZ1NQDYhYiGegbPVhtjsFBwuq1w/97xT9CGSnoI4lbOut+mgt+kQTsQ5WZe0z+5yQxRFxMJh2F0uiCKQzYp49Lmfibde89aC+JnwpRjM4YXBnFzU+7XSI/Fl1HW0yrM41DH917ceFIuJYNQMnerXdAFIxqNobGpCszV/bxtbGmA26AtSXMSjEUWqjGRqBhtz6dCSU1OYn51dstcSrfjf7tyAH0XyqSySM2FY7W5MxWdgEPSINS+gCcBCNoOF3ER/JqVHk1Wa+JxKZGCwARAMimMuhnKTt6t1/JlbyFod/0rjn4rHNF1UFuZmodPr0diYj8FgaIReV5jiZ3Y2rUjVsrCwALNZen2dn59DNpNZsvFf6/HT84eePxf08yciCV5GRkahc5kU7i/M+cVt8cgimGIiF/X2cuUrqRdOhnBmcARdBmAuJA2EzmVCViWgMboMwBDgM0nPAbUohQldFit4KYfWcdm2kVE/2swutJklcbTPlIF/Wo/LihxruD9S4ALDi18u2iEJgyQhiyR0aYagSHHElpkIhglhmFCmWP2LdnTijpMv4IG23ejq6S1wgKk2DRtBEASR50IWiJD4hagnL740eegH3/ziYfU2xfeJdZr8B4AXXgwL7zt0lViqPep//dHqgyAIB1db/+vZFvWfIAhiZWlYjUEtxgWmGtRONYKAg2/Zr102MDUru3l0e7YCyC5pbN2ereB/c6UlqGAvkJW8IIXiKXjs5qJpiYrBO8YwsUslohl1O1qCnMK+VDb+K0El4y8IwsG37N+3JPGXcn6pV/y1wtIdlRLCTMWLp0UqVV8LLXGbb8tFGD17WrGtw5mB0WyFuyXv/nLFduV4sHRHTNTCtklxtXBlohpxtyi2X7F9I17pG5ddYAClKAeQxDC+LRfx5wEAZAGbmr6+IWzfvllKS9RVufiOd4xhYpdKRDPq9EdaghwA+Omvfnrwbfveprh+dDodUtEIXG1Syh0pFVECiVQSekEHvV6PVqsDRr0eqfl5zC2IMDcC5kYDRIgQIYlMmhsbMDU3B1NjIwQIuT2AKErCF2OjHsZGPaZnFzA7L016mBobkclmMTkVw+RUAvFcCiqn1Y5YaqogBZJO0BX0KSsqxS+sbiw1BV1uQsNtdcDRZEVsdkoWwtgMFsAN6HIiF5vBgshMAs5mGzLZrOTwws5LegqZqSwECNDbdBBFEVlRRIvRirAYw2QygclEHJFcDi6n1Y7IVBx2lwvRidIpkHihSWdbC0aCUYwEo2C/pfa2tsppi5hoRS1c0UprxODr8EIaVjYwMYGpySBGglFFDOVSILH0HYHkguxiMDY6KqduUPQxGIDJ2ITGpiZYrHl3nXg0khdMccSjhZM2Tkv+XrdYrUhCmlCdTs/C0yaNH//r+bHR0fzzPOdewKfxqCZ+NvFp9ZjR1dGIqfgMADMajXPSr/+R/3W/MJ/CfKMRjfNpZGCWJz/ddmm8kzNhpOfM8HodeDIQw1QoJU+EVhP/i8dfL4hztY6//ME8l8aj2vhXevxLxZ+az8guKqlkUk7dw5OemUaDXl8gHpmdTUNf+EjD7Gzh+z4DV6+x0YB5zGFhbhYLmQyMzabca15MLpNK5tNepHLP2wspfnr+0PNnvT5/eHGLZcoru79kRkfQdvFV0vvmRaQ9qtQNphh8m8Nz+e2WKS8SOCu3YeXELnaPo8D9ZSVhcQVTk7IAxu5xwD8svTft1Amy+wsAtLQ2lzzeA2278W8Iom9oCD0b8p8FdBrdZC4wgCR8YemOmAtMs1nQrM8cYAruo8kZtLQ2Izohve/rcUouMMdGxkAQBLFeGQ8Wf30c8ys/914oqY/UqFMh8X0vNT7E+qbcd9CCIBxaTL3F8vDhFwUtR47lFD+sp/6XG5fV0P+VEH6s9/4TBEEsNbq1EGRsIonYRP1yT5/47avcGwwUvNirBQuBqVkEpmr7lWY1qZBYqhr1X403Rwe13qyo0x+F4imE4ik4zCbF/4Jx5gQuvPhFXa9cfebyov6rHf/yjH811Dr+9Yw/nZhFOjG7ZPFXc9zhgb6SIhWrvV3xn2cykKyofiWwdGal2NZuwqZNGxXiFwAYDUxplmdCFrX4pdSyWhTDjs3acrfYsGnTxpIONEDh9a9Of9TXN4S+viE4HCbF/4L7jxO48OIXdb1y9ZnLi/qvmp/+6qdy7P/+0x+K2WwWmUwW85mM4v9CNouJRAyZ3PrswjwaBGAhk8H0wiymF9KYmZ9FemEWs5k5zGbmoNeJmM3MIZ3Jb5tdmEOjXsB8JoOMmEVjgwCbyQSv3Q6byST/X8jOw9xslP4bjWhqbERzkwGGhkYYGhqRmlpAU2MD/vulX8gP5Uef+5moE3TQCTrodOy/NEmgFwTEk1PyNr1OB1ezHdmsKKdkAoBsTsyiEwQ4m6XrjrnRiKIIURThMFrhdNtgc5phM5ghAnA0WSCKTOQjYiIhjXdGVL5msLjisVnodAK+d+wJEZAcVUpdYEyQwijl7lJqf7nUSFptqUnkJqaLxRxILsi/NGYTd+pUDo1NTSV/tR+PRhCPRjATmy5wAwCAZtW1Pz87i8am/DNba/JwuD9SNPVINfFbPWZ58jM9Z849U5oBwQCDrhnz6QTmxAymM3MQm8xo0OnRaLTBatPDNJ2ftGKTn6y+vb2h5vjv+td/xeZ7j6za8b/1Oy/grn/915riX8nxLxc/IAk04glpkpEJN9SpfHR6fUnXk9nZNGZn05ifmytwUwEKXTeymQx0XBohLfFIPDEji0cu5Pjp+UPPn/X2/OHFKmcGR9B3VBJB8yIUt8UDt8UDm8sk/68X/DFZO6xNJsgBoHCn4WPmHVjSk3MYmFBeG7wbjM/WIv+vF1rHZGmXOjt8sviFR+0aw9If2V3591O97e7c5678+eydd+L0yZGisfCOL0A+9REAhehFC/64rE0Wg93VDLurGS2tzQWpmgiCINYjG9s88n+tdQJFx4fGiCiHKIqPa/1f7jap/+u3/+v9+qenEEEQFyJ1c4C598HHDt11Ow6r3VX4yerFpDYCJEcYe8smjJzqr7j+YtIglcJrbcJg6Ay2+zZXXZeJX5IZsWxKpMHQGTlVDaAULxQTMlSCWhTDxCpqIQvv/MLv11lcyCYny9YHlKmOePFLMSFMpeO/XCzF+C82/sU4wCwm/vd9/M5DD3/1vsPqe2YykBeeubyW3LrSzUVncCrSGrF13tmFOcFUUp+VqzQN0q23flgxmb6t3SQLXwBJkOJusWH/9dKve1kqIx4mbGGuLiztkVrkUmw7gNzxvXjq2YDcJgD5L0uJxGJ+9NFvVezJrhbFMLGKWsjCO7/w+32+Ljn9Uan6gDLVES9+KSaEefjoT8ThIelXuVlRcshyWvPjz5xgAGAiEYWlyQpTY6OUWkgUpLQ/bCREaXky54DSYrICgoDwVAxuix0QBEAUkcssBFGQUhSlMwtIzEhtZLOi3GZWzMrLzIlldGQYbtfFyteLV04q1p1Wm+RaIwiyC4sgCJhMSm04XFbodAImp+NoMUo/3dbpdDAZmjA9x81AcA4wzA2G/yuKIjLZLGKzUwhx15TdYkVkKoGMmIXdYkU8mRduDQ2fhdt9ibz+q1eUE4SdbS2KZSZKCUxMwNvaWvZaC+ScZljZcvVmZmYQ51wW+Db5ZQB4+UwA+65wFH9OWhoKUgAoXsfavEhy4zR+blyR3kJrwtPe4pSdAJKpGXAaNoyfG4fJKE2osl//b97WWzDp2tXrBCqYxC0X/00Ldvwoch7DMMNtz6ChWQ+I+Z+4i01mCLMpNAKwZ+2YNil1QuzX/+k5MxZm8vWNDQb51//VxJ9KFQqLV+34a1Bt/Cs6/hXEb27Uw24rLlAzNpuwwD1fUqmkIj2QlmCkqckoO6ksLCyAm+uX6ucEKcw9xWp3FIhW7LZmQENEstbjp+cPPX/W8/NHfpsyOQ3kUg0ZPDroOyThSTgZQmZ0BOEOSXSSmJyWxS82lwmJycpScRZLicQLadix+DYBKRXTsEcnp0HSwj+th51b591f0pNzQG7dn4jKQhWfrQX+RLSmz4q86IU/Ft/mYukfC8sCFMZb4o14S9tu/Nv5IWzfLH0mEEQBmTkReoOUIFTXlEtx1JT/eMEcYbKzgKVFB1HIX1d9Q5LgScv9pX8sTN+SEQRBLIKx0eF13d+l/oXtJz5wQPzgHXdWVHY8GCopuim3X80dn/j/8MKLYYGucoIgCIIgiLXDkr0/Vbs0dG7rRadGLvdqqKS+lkCGj+XEb1/FvQ8+VtaCMjA1i1f6z8rrC9e9A92erejzVz9kTPRSTvzS59eh27MV7gPvLUhdc358vGg6Gy1C8RRO9A/K61ancmJBy8VFnfKIhxe/lKpvdRrhsZsLUh8F/f6K0iEVG/+P3H3fsn3Q+Ksv/qtQ6/ir4zfcIk0gh8PSF4pusxdus3fRMWrVZ8fueP+mmq8fXvgC5N1ZmAhmeKAvf22oxCvqdd4Rplx9LRcYPpZXjp/D+z5+Z8H96z97GtvaTbL4pcObt8fnxS/BCYPCxUULPvWRFsXSIQUnpF+m77/eqxDgsBhYfH5VqibNZ0HfEJ76Wd6pyqdKf6Tl4qJOeaQYH/9wRfV9XZuxffvmgtRH/uFY0XRImazk+pIVs7C0OJHNSqKUcDyGrd6NyGZFOMwWhVvK9Pw8mhp10Ot00AvFn6m6XF4MJn7JZLNwWfNxGBuldEoZ7le+THxz0YZ2WXgDABanE5lsFplsVnZrAST3F1bG5nbn4pdca7Z4pXvGZbNDJwgQIEBnleJGEmgxWhFNTyGalgQqCvELNz6ZnGJH/XchnkFsVulKJMfv26SI3+5yQRAkDRCDd1Jh6Y8AyYnlkoul10teEMNSF5VzgeHhxS82c35SR50KiW/rkot7FcIXPjYelr4DgJy+Q81m1eu+xd6CxqYmjJ8bx2xSh8ngLOwtTs3JT0ZqLoNkagYWc7PsEMDqNzY1waJ6Jmwu8l6Dj/HD118iLib+tzs3YCqUwuZNbjRZgTkxgzkxg6lEBsKsJM4Tm/KC1alEBqZpARlzIwDp1/9NVqChWY8mK5CYn8HgsYlFxf/66Xx6DHOjHns2mFb1+LMUO4CUxmMx8a/k+JeLX/v1SPncbTA0QafXI5VKYn5BxEx6Hk1NRk3xSP4ZJIlHGhoaZIcVVl+n16PB0FSyzQs1fnr+0PNnPT9/gLw4xeqRzg3vugJIKYjODI4g+PqLCL7+Is6ODCMxOV2z+AWAfJyzI8Py8c8MjijSHinua08DdC6Twp2GObwwpxWjyyBvY38HJmbl/8/HIvAnojWLXwDIx3k+FlG0wbfN02Z2wWfKaO6LTswgPpl/P8WWu3qkc9m8oQXNG6TrlLm1ZGcBURAxkxKRmRPlbSzVkdmp/Nisa4JC/JKdBbZv3lzgKsPaVMfDUiARBEEQpWnv6FL8p/4SBEEQBEEQxMpRVwHMvQ8+dohPL8S4YucmxKPnajp2NfVrcX45Pz6OwNSswi3Da21Ct2crtvuy2O7LLuq45cQvAOTjd3u2AoCmiKEcQb8foXhK4bbisZs1nVq0KJbeqFL4uloimMWO/0qwmPEvFb/b7Ybb7V6yeNXHrzb+9338zkNa6YWYEwsvYgGgSGc0FR8rmd6omvqVOr8wmPiFiU46vNaCVEdMnFIYU4tCENPWOoe21jlNkYzV3oLubrPCLUbzHizSFpAXwhQTwfiHY+jrG1K4rWzfvlnTqUXz/iuS3qji+5erqyWC0SIcnkY2m8X8gvTr+vnMAsLxKLI5kYfDnHP/ybm6NDXmX3Z0OgEikHNbyQtiPLYWuKx2uYxOp4NOENCo1yM6nYBOEOTtAGBs1EEUgXAiBlEEWiw2ZHNph3gRCSMSUX6Rz9ILseUY98tul80uub9MxSXxSRKIzSYhCFL7LpMdep0OsXRhei0mtOEFN1pkE9K+WCoJvaBDq80BnU5yoEmk8m0JuX+RyAx0gvZrCi88sbrapPtrMghAW7SixtvaWtTxJZEqFPgwMQ1rg7WpjkU+RjxWtO0Wd16Y097RUTJOodEAV1sTtvT6yrx3iKClyQynpQWpOekaTaZm5Pql4GPgY6s1fqvHjLHJKBayGSxklROfYpMZBkGPaZOIqUTesWIWQDg+g0ajDUwztZDNoEGnh9Vjrkv8xequhvE/+ZOv4+Z33FaX+Fdi/CuJ39iUFwiYLaVfBwVdA5qNjXDYrSXLzc6m0ajXwdBoQCb39nVhYUGuXwo+Bj62CzV+ev7Q82e9PX/ODObFD3yaIQDIjEr7unJvaZkzTDG00iPxaY144Yoaduwug/b2YjGnJ7XVMiNZsWBfT2tTQfohnsWmR+rUCQrXGcUz0VX4eUAdl39aOs9MBDPcH8GenaVTwvYNDWEmlX9PyZZnUpILTLNZkNMh6Ypc5nx9QCmyAYA9O9sx3B9RiF9YrARBEOuZ8WBI/q+1TqDo+NRrjE4O9Jf8X6r9UudvPBgqeVyCIAiCIAhi7VE3AYwo4nEAUKdAAvKuLPHoOdhbFi9OqbR+sTRJpdxffv7Urw6dmZAcNNRuGQvXvWPRwpfFsN2XhfvAe+V1PpYzE2H8/KlfFfThyJEjh34XlCYg1W4ravcXNQZLCwyWxedEV9dvb3cqUi7xsfwuGMSRI0cOVTP+y+n+wvirL/6rUM34l4rfcEsrLAblJE84FUA4FagolnRiFunEbMX13W43Ot6/qarr5+Gv3vc4oC0e411Z1E4u1VJJfS0XGEDb/YWlP2KuL+4Wmyx+CUcT8t+peBTBCYOc3kgNE77w68qYWuRtvECGd4vh2+Dbls+LKiUSn7rpyJEjh6ZF6Re1arcVtfuLGp+vCz5f16KvdXX97Tt3KFIu8bFMi9Oa9y8jOpH/JbIzJ2DR63Q5MYt0S00m42gy6DA7n83tFxBJFYpUZFFMThgD/ikgub1jdj4DU1MDoqkE9DoBgiDAnXNr0QkCXLa8MX48rG3nHonOyGKdZCSSa1uQRSiiKMJhtkLMiVgmpmLIJDLQW6t/+VQLYnQ2AUgCkVQiJ8IR0Gp3QBAE6HU6uHPLgiAo4mdiHV5MEgrlnwe86wsvSAlMTBSIYAITE4u6bmZmZtDc3Kyoz7fFx8DHpgXvDBAPz5Sd/AQAs0Gfe18QkVNcKN8vRHA+OIFkagbNDhOaHSZsaGuFQTDCaWmR65ejvaMD8fCMZqy1xK83Z+CebUKDTo/0nBlGQwoGQQ+DoMecmEGTIE2cNVmB4MIC5rIzMBpSmE8nFPXHz0zhpgV7TfGbG/X4/B1/ipM/+fqqHf9zT30XezaYNJ1GFhP/co9/ufgZs7PzZcUj0nOTlU/LKYJ4ZmfTmJ5JY2FhAY0GAxoNBpiajdAJkphEX+Hjy2yxYHZ2XjPWCyV+ev7Q82e9Pn9GRkZhM2zRrFvMiUULJnxhzjBqIQyg7QJTCbwoxjLlxchI3nnn1NAZ9HZZa/7Mx4QvzBlmMUKYSrB7HDg1dAYAcGxkTH5Xy4tgDty8rfD91vkoZs5LsV20oxM9G6T36LzTy0xKWmYpj4D8X0GUtgui5A7DxDGH/+8RzfRHjAM3b9MUv3zxvx6hb9AIgljXbGzzaP4nSo9PvcZo04ZNRf9X0n65/aWOTRAEQRAEQawtljpFZ8GE+nI5wZRygWFinWJs2LgRXmuT/FdNMiMimREX3YdK6/NCimrS17T5fHIaIiZE4dMaVSt2iaWmF1WfF+JUk/6o3PgvF4sd/2Lxq0UsxVCnNzLamqquX0v8PC6vBTqDs+i+4YE+6AxORZojdfnF1C/lAsPEOkDe/YVPeQQohSeMYimNitHdbZb/qgUx6nWtNrREMIxSLjC+LoechogJUfi0RtWKXWKx6UXV54U4xdIfaT7fItIYOK02tJj5VFAiXBY7WwQAWdzRanXkHF0EWQiiRhbCaDw6s6KoagtwWeyyi0wx8QsAWfzCUh8lwmFkRBFOqw1uq13eLoqAy2KDKIoQcmocE5d6Q6cTkJjLi7qsTYW/eFe7tjTqG6S0SjnXm9zrkyTesdhzIhwByUhEcsfRFR8DIC80sbraClxcirm6FNteDVptMTFMOfELTzQ8A3sZp4BkPIrMwnzR/ePnxhGPRmAQjDAb9Ni4Sfnsa3aYMCfmJ9wzC/NIlnk22N3NiIZn6hL/a61j8Hrz9xP79X+jMX/9GnTNCMdn0GSVfuUPQP7Vf3qu8Nf+P4qcr0v8J7739TU9/pXEv5rHPz27gKam0q4mC3Oz8jNLi1QqidnZNHSCDnodYDYrX0sbDQZkxazi+bcwV/q9RVNTI9KzCxd8/PT8oefPenr+hJMhZCenYfU0yO4vzPWF/d3a3Ql9h/Sfd3NRo06LVGmKJCDvEsPa2drdKbfPu70AUhqk7OQ0wskQRrIi/NN6Of0RkHdXYX+NLgN6WpuKOrTI73dVaZEWkyKJtWN0GQrikD87mF3wT+vlNEgPvdqvEMF09TpLtnFH8AUAefeWZrNUnU93pBa/ZGeBzJwyVRKrf3DbrvwxOZENT1evUyF++diXv0HfnhEEQRAEQRAEQRAEsSaouwBGKwXSWiQwNSuLF1hKIi2WSgxTqs1KCMVTChcWnrlktGBdvY3BC1+qqV/Odaaa8V/r1w8giViYkCUcDiNcYkJey92l2vqLRSsFUnYuUrKOen+59Wrrl4M5qqjTHrlbbAhHE0inpqo63uBgCsEJA4ITBljtLRgcTBXsZ9u0RDWjgamybbKYi9HXN6RwYeHx+4cL1tXb5Ps3Nr2o+uVcZ3j0Oh22bumW0whls1nZ/QUAWsw2ZLJZdHvbkRVFZLJZhBJRNOn1yGSyEEURokLRIZZtj4lhjPoGTE7FZGHJNl8HsqIktGGOLU6rTXH8zZu3yCmVAMDpbEZHp7K/TqstJ3wR4bY6pGeydxOyWRHZbBYTUzFYGk1Iz8/J6ZgYTASTmkvLTjTsvxp7kwWRVAJs1zZfBwQBaM2JYaT4lb/u7urK/1rbZnfgyq1exX7eeYUJUy7qvST/bMq5wNSK2v2FtcGLYfhYABTEKseUXEAgqT1BPXQqbzecjEfR2KT9ujB+bhzj58ZhMUt9iySjsLcUTibNaNwTjU1NiklQvs1K4qw0/h9FzmMiakMTp9dLz5lhtUm/yp9PJ9AkGNAEwGqX+pFJ6eG2N2NhJiNPfvL1vV4HtvRk8GRDfNHxp+aLpzVYTeNfLNZK41/p8S8Vf7E+THEuTwtzs9DptZ0rUqkkUqkkGhokh425+Tk0NRW+D5ufKxRv6vR6hYhkqkiasmJxrvX46flDz5/1/PzhYa4vp85lC9IRlUphVKrMYuv1HR1SxDQVKi9iU9OpE2SxyXIwkhXlNEtq8UswNalZZyAifZ7wmQqfjcNcuoU7gi/goh2d6LB3odksoNksQNcE2c2FiWDYuiAKEERBM1USqy9ss+P3bt4ri2DUbcqfCXKxsVgJgiCI4oyNDiv+U38JgiAIgiAIYuXQLXeDsYkkYhPJFal/6eW78PBX7zssCDhYrAxzyiglvrDoBVj0ysnMakQwldZXu3ZU4uLBnFaKiV+qxWE2Lbqu2vWlEheYSsZ/uVjM+Fcbv1Z6o2ooVX8x8WsxFR9TrPMpipiLS6m6tdTnuWLnJvQ/993D7/v4nQX3r5b4BYAsRFHvz8cnTXoEJ6Rv+nlhC/tvtbcU7OfrqmGOL9UKb4C800ox8UvV969j8fev2vWlmAvMnx56l6DTCdDnvvR3tbVBp9PBbSm05U/PZ2RBCUtpNJ/J5IQl0n/5xUknaDrBqFnIZuEwWTE9t4CsmM0JX7IQIcJlsSGbFeFw50UZOkEHZ0vhxGpWzCIrZmFzu6VryFrYX51NgNvqKHAwcORmpPg+qNMdsf88Yk4Q1GK2QmcVZKEOO77LIjnQWJxOZLJZZLJSjE6nseBYAODxSAITLVeXmZmZuri9qPG2tipSKvHb+ZgYNrv2deS1NKAl9+v5sdFRxT42odfY1KT49b+9xQl7ixPJ1AyERoM8+QkAQqOhoI3zwQnFr/9Z/Xg8IU+sqicPWSwt7mbN9B3VxC9fLzPScWLN+Qm9+XQClmY3ZgEkZ8JyObddcgNoaJYmQtsaGjTrT4VSNcXPyqzm8S/Hah//Upgb9TA2ScdNJZOq16mY9PzR6xXPnqYmI5qajFhYWICga5DFIwAg6ArP9fRMWuGewurPzc3JwhS1eITFYmxq0Ez/cqHET88fev6s1+cPc39hMNcVrRRI4WRI/s/WtcrwZdX1tLap0Xd0ystzoSzXzwqcqCYLAx/JigX/a6XUMYs5zqhFMHs628Uepxk+kx4trdI56h9T/sBBLUgxOyXhi45rgoleWPojQZTeO2fmRFhadHK9YvWLtcViaWlths+kR4/TjM/8wXvp2zOCINY108EgTr92QvE/ODKKYC5FX3tHl+L/hY5Wf7XGJjgyitOvnahLm6GhIcX/dCQi/zfMzpdsv9T5C46MwjA7X/TYBEEQBEEQxNqjrgKYu25/z+FLL98FoHgKIkerpaY2aq1fzKHmLfv3Hd7a6lZsM3mlX68Phs4UPZ5ayFItxeqzNtVCiq2tbrxl/77D6vJ79+49fElbm2Ibc2FhIha1m4uWu4vmmC+i/lRE+pJZLcS5pK0Ne/fuPVzN+K8klY5/NfG73W643fmyybmpoiIWPhXSYupXGj8APPzV+w6z+7ZUCqKVRMuhRp1iKBxNIBxN4Ny5cXnbuXPjeKVvXPta5UQwVrvynLE0SAAKnGA04+sbVwhf2LJWjOr71yQoxSrMhYWJWNRuLlruLpr37yLq+4elX96qhTgmwaR5/zKYCCYyFcdgcBw6nYBoKoFYKonwVEzq+1QMlpxgJCNmAVH6m5FTEUkiklA8ikBM+UVDRlQKT7KiCHOTBRNTMQgQEJ6KI5pMYDKZgE7QYTBwDrEyQqRIRBJv6AQddIL0khiOx9A3PiK71UwkYgglolJciSjcPkeBsMVmsMBhVKbiYumTipHJZuH22RGKR7GQzSAYiyAQiyAQm0RWzKJ/fASTiXjR+gkNp4ORYBSn+38HQHJ7mZoMyk4tgYkJ2C3l7+3AxITC3aUYdotFcWy+rdP9v8NIMLroe31sdFSevNu8rRcAMD8rPefYxCUg/fJfaDTAbCic3D4flGKJRyMYPzcul9Gqz47N2uLbr1f8Vo/0PAkuLKBBl493KpFBo9GG5EwYTZBcAabiMwguSJN9bQ35idBw02xB/Ylo3lFqKeOn8V++8U8lk7J4w5oTjWUzknsDE34AknOKoGuAXuPd/PSM9D5sdjaNVCopl9Gqz47N2uLbX4/x0/VPz58LffzdFg90Lun9IS8ymQtlZVFMqbRHauEKv17O9aXYfr49g0eniMvqaVCU69QJ8JkyZc9Fp4aQurOMuLqUSIZtL3Vcrbp8qqZy7R87PiaLT7p6pHN6cNsunD4piZN4wQsA2QlGb5BcX5LRrJz2SBREWeyidonJzgID54dwcNsuRVv9Y2EcOz5G35IRBEFovcedTsFmt8v/iULYuKjHp17jVWz8E/G4YrtW+6XOX7n6BEEQBEEQxNqjbgKYUq4qangRi71lU9VtVVKfnygvJsZRw7t3qMULff7iQ6V2dKk2JZK6vrotXsRQysWDd38ploIolpqW/2ut8xgsLTBYWhZdn8GLYEq5wJQa/5Wk0vEvFX+xlEVGWxMsBmvRY5ZLZ6RVX91WJfFruarI91jr5cqHhkFpK692ceH3W+3ti6o/GUgq9ldKKfeVcmmHgLwYprvbLItf2lrnZCcYtUCmkjaKiWDU8O4vxVIQxWLT8n+tdcXxfF3w+f5/9v49OpKzvveFv1UtdavVV3W3WtJcdJmbJM/YGINtEhwwGIID8eBtThIM2Y4xLwT2tiEs+5zYZM7anHPMtvPusCDgfSB2MOANtgkbv2YMwWyCMYlNsA3G2DOWNDMa3Ua3Vt+rW62+Vb1/VP2efqq6utWSWhpppr5raamr6rn86umq6up6Pv399a+7PomHYGq5wExPTaoPCYIhpGN0/CmISSn22iaKyBWyagojkbvGCWBuMWVFZjBMyOOHKAgMnAEAmyDqlgUBECBAEARIK2kIXJqhJSkJRVFdVlLRKLxBdfJh/OwZgxuLgMnJcciK6rSSXIpo6ZxUeIcFCSAyZw50tNvNf+1LaaFqiXdxiczq245ox6KiKEgsLbH4JybO6ur9Zly9RoTD3YhEKtcLI8CSqjEZ7HVVx07uLcY2akExxrb5cpHIAnOBoVhJDz93QjcLlIjmkIpW3GT29vayCT0AcPs6YGtpxey5WTap6XY5qyY/s4XKpNjsuVlksjns3rObuQUY63vb2+Dmzu2BQ0PY29tb2b9oDomo3uXmG8+fPLrW+K8r+SBFsijn1YlJu2BDm70C1ikOF6KpSn2a9Ew6S2x9nru82wUbFhaSkCJZ3BjYteb4LzlYKXPvA1/Ge77wi207/u/5wi9w7wNfZusuG96HtcZ/Psd/tfgBYCVfQj5fcbhwud0M6ACAFrsDoigim80wKKSlpRoeKXPMXTabQalUgsvlZm4rxvqtLSJauGuYx+eHiwPl8vkiVvJ654ULIf6dfP15+LkTwk6+/jz83AnBuv6c3+sPiQdeYidU95T9B/rQb6+AKgSlEKDCQzG1XFz4snydWm3R/2gmgvL0FPYfUF1g1pL6iBxW2oJ6B6A+UdD9raZ65fj1tdpdiRVYDLVSHxmVWMohFVP/fEEnhvaG0D84BOeuDjh3deA9qVYcPKyOCQEt5OQic7+ByCRkOF1q6iN3hwhBESDn9WWo/tjcBE6fnMJ7Uq1sW//gEIb2huALOlk8iaWc9cTMkiVLluj+tr3aaTudSiGdSlmDw9+PLWerxmSzxojGP7ucXbX/eu/favUtWbJkyZIlS5Ys7Tw1DYDh3V94mTk28Eolzq0Lgllv/Uvf8Ebc84k/M3UwmJs1d4iIPv3YmmLaqCsMALz69b8zjadWjACwOD9vuv43J9Rfcfld7aYpjczWG8GXtdRPZpfx2ugZ03hqxVhv3z5/52eUrT4x/vMH/1RZ6/jX2jb9bfUciEajCLm6q1xd2rwOtHkrkzf10hrVqx+NRhn88qu/fWFNxw/v/sIrtpCBXNC7cMiFuC6NEYlSHZmV30h9XldcvgePfvV+dv727DtYBbucmqmGOdpcKiRkTIVkhFo8vg4Gviwu2bG4ZMeZM1kdDFMLgqG2qS+zmHhAp2ffQV2Z+cmkabtPPPZD9Tzzt5umNDJbbwRf1lI/mVzGMz/+rWk8Zuv+4cdPKqIowt8ZBv8/Lqn7GpMq4E/QU/kVTb5UmaSKZriHCwoAQXVH6XB7q1IR8cvplRWU5TIURUEnWy8groE3sXQSiqIweMQbDEKBgmh0mTnOBMgpi4sfAIs/kZVYKiY+/uSKBFEQIAoCVooFiBp842/zILmiP86oHP9aFAQkVyTV8UZR0OGqwFOxTFqLQd2Pjs5OCIIAXygEmygimchDFASWTogAE/pPzitSbJG1yac/4lMWpbM13KM6O6tSJtVqg19PfVIMxtjMXGsAYCGjTnIZJ0qNKubz8Pm87Bf8VQ/btMlPpVhAh8OFgLsDu/dUwD+3y8kmQwHA1tLKfv1fSxQTxbiR+NVjrQKV+WQfNEMklvKilFP3IQ/A41Und20udV2L08ZeA8Ab9oRwxTW9G44/Wyxv+/GnGAEwB5C1xn8+x7+R+I2ghlFyuQy73V5Vn0TwiCKX0GoTYW+1w+WqwCAtLS0MJgFUSI/cU2qJYrqQ47euP9b152K+/gAVFxg+JdL4mSksvv4SFl9/SbtXq4AuRmcYM5il6juMyXZqk/qhFEx8LATBeMItzLWmEY0t5dnfZqteXwTBdLmCpq4188va8bOkh1+MOn1yCiMTE8jGK1+L6bXNXv3sQRFUBxh2/dVAGKozPDDAoBoCbQA9BEPwC8VoyZIlSxe7vD4f5ufn2N/F7AYjtVTv89jpU3jld79FT88u07HaqBLJWN3xn5+fq9v/au9fvfqWLFmyZMmSJUuWdp7EregkubS6DflGIBhj/Ub6M5PRHWN5IYEFSX2QdSYyjpF5sa4TjFGZsrImNxhq/0xknMVC/deKkZfRXUWKryCSUil2HlCp9dpMhUxizfWl+AqLhfqvFWOj47/VWs/4NxL/6NSJVfs2AjGNik+LtJ74a36xTc0wOKWeYgsZ03Jrrd9IWV7TcRtLe1RzbDRnlnplujoL6OosYHHJzpalVEIHv9B/MwiG2l7NaSaaSGM6Xm3Xb3RXmZ+cwMiImoqIB1RqvTbT/PzkmuvPT06wWKj/WjHysgkCbBrkkY5GIYoixhfUNEidXtXNBQoQ9nZwdcTKn2j+n0RXUlEU2J9NtMEm2lT4RVDdUjrc6mzSmTn1OErHY1A0xxRFUaBoKZdkzaKeT31E+5DRcjyfnlfhtaDbC1EQYBNEhL0drP+qD1QNbAk4vTrQhd9upqDbBwiqI0zQ7WV9lxUF6bj+18NlWYas1E6rRC4wJ14fBQB4gpXUeEagpRni26S+qG/ekaaWvvH8yaP8cv+QOjFJv2CfODVas67b5TTcBwSwq6sTK4kSdu/ZDae/HU7uGE8l4rqJU2N9EvVJMVBMZjGvNX5P2IWCok4kFZQyltsV2AUbINhZyovdHgdKuTKkVA7FFfW60lpU08HYXGWW/oLqnz4VW1f8LS0tzAngxj/7Szz+F1dt2/F//C+uwo1/9pcAgCsvvwTrjf98jf9q8bMx9KpjQg4mUg1gjOrzcjja0O5sQ6FQhMvlRqvdjlZ7xQkhn1/RTXwb61c+s5O6GCgm0oUSP1DtQrUTrj98zGuNfztcfyhm6/pzfq8/BJ4QZDKfOwdPuIU5r0wWuPu73j7ze2sTRxgz+MXbALTC90Gv9x/ogyfcgoxHvZcgECaaiVSlGTo1MY4uV7DK/QVQHWHqpTVaTT3e2u6P1C7f72Cng/Xb5QoiFVGvSQTCUBwvTM2Ynr9G5Tj3weGBCkDFwy+U9sjpUpt0BQSd6wu7D+W+XmbjCkurZOynVkxf+M5jsGTJkqWLXT09u+Bqd2Exsli1bWZ6UvfXqBRFeWo7/5nFvDjzStX+Liwu4HLuh7E9PbuwGFk0dV5Zj87MT9Qcf1q3Wv8brW/JkiVLlixZsmRp56hlMxrlnSSuuHwPXn7lHN757qGa5adOjaLv0NC6+9tofdLc7Cx27d6NBSmPbugfAnnHf44zAG54w8Ca282UlYZcYYZ7ZDz1uwm0PP+ELiZw0MJqDjBdPT1V0AmgurL4Xe3M2cWvrSPZ3R0MdgGge82r0fp8TECPYXnt4//Y1/5WufkTfy1sxUnx9c/draxn/OvF3/JCCaWrWxAKharSGq2k86bAC7nA8NvMUiIZ6xd+sLSu44fEpxwKdrsRW8ismoaIyqmpi2ZMHV4arb+WlEePP/6w8Par/kBZyUpoc3lwamYZvYHKrxSn4zYc2lv7wTuf8ohfJ9VxOyVApp6MsfQGyjg1s4xDe9s1xxobHn/8YeG73/0GSz01P5lET7+/CjoBVFcWv7+dc3aZ1KUt6unpZ7ALAN1r/cOaxurzMQEThmW9jCBIiyjCZhNhEwT43BU3HN65ZbmQgbvN09B7zLcfdKttxDJqHAoUpJdTaPX4IYoCAi4volISJVmG2+lCMiuhWCqhyDkElMolyBxEIooCbDYR2UQcvqAKkYmCgBZRRIcGo4iiiJDHx6CZyGwC4d0d+lROAHOVaURUNzKXYM4yQbePpV0KeLyIS2mWxkkQal/++DRDpL6uyoQND6mkMhn43O41XxcpVRLvGJPKZOB0OlkflPqor6uDOcCsRbUmf3i1OtQ4KH0FoP7qf1eXuo9nR+exb6gatMwll5EtlEG/O+PrU5urxbbw68iG49d9ngrqRCZNcgIu2LJFlF2taCnp3RJWCi7d5Cdfv9GxrRf/1bvaoWzz8b96Vzue1JYp/c1a4z+f418vfqAa1DC9HtpsVfXLMtDuVMGQZEqC31d9bS0WClWphag+tVlPPq8T2VjGtP5Ojd+6/ljXn4v5+uMH0NfXi6mpacixZezec0jn/gIA/Sa3uwSzpGPLDfdPZfm69DpqOBWNfdrDItwnujEbOwUx2I6+vorjzaGB/Tg1MY75ZRvefni/ev+h3TOOmcTRJwoMZplPN36PQmX5ugyKSSfqgjWL2Rh8YT9+cXISPe1lHBrYr9s+Fs9iMOCqOn8nx0bRPzikg1IOHu6DnFfhFoJfnC6BpT3i0yHJeX16JAJfjPXZOcL1Mzk2WnX8zL+8hLF41npyZsmSpYtej/2Pr+iWR159jr0+Mz+Bvz72QMNt1QJLtqP4WAVBYM+w9vb268o55JWqMeLH6YY/uaWp7wE//mtd14z6lixZsmTJkiVLlra3mgbA3Pe17x695xMwTYO0mvydbkxpv1jzd7o3XP/lV87BLJ0LALz2u9/ivq999+h//erjptsJYnh59Cx27d6Nbk/lweiB8H4AjU9wum3CmhxgqI9fGVw7KKZG4AWCYF4bPYOunh6EffVJdQJjagEvq8msvhHAoZjqwS+NjP9WaWED47+e+Ou5vWQKEpCuX8a4bT3xf+iTdx+tlQYJgA5oEe0BlsaId2vhwZXJsREAQP/gMHydb9ClNVqtfj0I5uVXzuFDn7z76M2f+Gu2rmffQUyfPY1DhkN9Om7TwTC13F94+GVxyQ6Pz87AGFoHQOcOw2/nFU2kmQNMb6BcFQPFZUx/RCII5pkf/xY9/X4MD9cH7giMqQW8rHr+mtQ3AjgUU60UTR97z/uFz37ti4oUj8MTDEAQBAgQIAgCWkQbc18B9DBLW6utCiCJZ9MIuL0VuxeokAsACKgGQOwcWChzExCyLEPU2hYFkb1OLqkTcIFAZaI2mciz9tMx9de5Ps1NieIl+EQUBcQyadhsNggZAdCaqQW+JPMS/I7KZK7L3oZsYYXtd1mSmbOMFkStB05QoECKxVn8sqLo0gmR24oRhNFdGzRAhaAV47a1OMQ4nU6kMo27rVF8lLaJ9JG3Hj4OAN1u/e3IzPS07lf0A4eGkF9RJ9HSy+qv4e1CG5z+dvigTny2dbQg2FV9rZw9Nwuh1Q6X3YZUIs7SZNiFNjg97chIEvIry3C0tet+sT8zPa1rp9vdgoVMCR956+Hj5KKylvh/1pJC30F/ZeJSsMMBQCqo1yCHB0AOiKZybLkotwFyGYCNTX4a63cNtOPJF+ZwY2DXmuIXBRGvvH7G9P3ajuNPeumV13HJwV6sNf7zPf714ne16iezs5mMzkXF4/NDLquT4sWSzK5t5JCSTEmw21vhbGut6i+bzUAQW2ATVRcVAklEQURrqx3FYgFyuQTR1qJzbMkazm9Xqw3ZYvmCiR8AbrvmiLLTrj+3XXNEIReVtcS/Xa4/FL91/Tm/1x9SX18vJmJqPXJ/GT8zhasvv5KlPgJqpzWKZiI1txllBs1QXT69Eqk8rbqTeMItSJ+DDn4hHRrYj/mT6j0subCMLeUx2Olg6Yj6xOb8fqIWNFMLulmJac6RriBGIVXBL1f37VUGAy70tOuvn6MzUQztDTEIBgBuX3wRR6+8Vn3rFQFOF5DLqve9roDavxF6AdQyTpcKvLgCKiRD9cfmJnDwcB9uP/kiHui6Svv+Nspi4KXG6MKdH77ZcoGxZMnSRa3Hnvr10Vrbrnxz8Hgjbewk8KVe/FddGaradmZ+Ai/9OlZzjB7dYN8vvhQVeADHkiVLlixZsmTJkqV6atkugfDgS3Ips2YQZj3gTC0RMMBreSGBM5FxDPeszQGmEecX3ReGyDh7zUMLjcAXJAJOeEnxFR2owru3NCIj6NJIfR56aQR+WW38t1rrHf9a8duxtvQjbV4HkN76+FcTD7MYIRYSASw8CLOW+mvR448/LHzwg7cpp86eNoVOVrIS6DGuMT2RmspIfUBdy9lFSiXg8XXgzJksgCw8vg54fB1VEEyow8tSMZEjDeLqeUIxnZpZRs++g3j88YdrXhgIONGvm4D/8sMMVOHdWxo6fw2gSyP1eeilFvxSNVYaoDEwsA9xKQ1AgSCoDirxbBohjw9RKQVvuw9RKYkuf4CBLQoUBN0+KFDdTgicESAwMIScX2RZgSgKiEpJuNs8iEpJhDx+RNjkhABZViDLMnr7+jE9NVlxfNFSHtEypUWCoBgf7LBtiqIglkkj6Pai0+OH6BGwOJeAL1j/c8fv8CCZl9hrHn4BgEQmjfDuDkRmEwh5/IhK1eM80L8PE5NndevKslwznZKZCG7p7uxELpczhV1Wg1945xdq0+d2s7YIruF15aXDeOm1kYbjnByNV/0KekBzd4ssLqC9zYFWh4P92l93vexogctu06W4ANS0F3yqi0w2h917qlPBFfN5pFJp1p8xdcXkaHxD8T8Zn4Mn7EJeAuxeAIJ6vcnkovD4QpBSOdgFG5LOEhwASnIZGieActYGh0ed+JTS5ar6XmcInvAynozM4cY1xM+nl9kJ4/8Wbtnlcu+48V8t/lQ6V+Wi4tGAsZXcMlpsNog2G3NL4WW3t8ImQpciCFCBEd6polQqmfYtl8soFAqsP2PqolQ6p1u+EOO3rj/W9eeiuv7EVeBl/MwUxGB7lfsLydbbpwNcePcWoBqMIZClESiGB2JC7jCivRXoZfzMFPrtQCGi3btpfRKkA6jAy0qsgJ529Z6/TxSq3FgoHRG7n+bdWzYoIxDDQzdT0/PocgXR5Qqq99RajGYpmmodPzz8cvBwH0YmJtDr64croIIuTgi6lEb0miAYAmEIlAGggTBqmcFdA6wOQTD9g0NVDjCNXH8sWbJkyRLw0q9jR7//9S8cN64zPGN46kLZ3xdfigofOnqlUm9/N0M0hhYIY8mSJUuWLFmyZGk1bQoAU8+BpRE1E2YxSnWo+e6a65XeehMOhPdjZF5NVbQZGpkXVZeZ629G9Gn111WNOo+sJk+gbU3QCwEv9Jr/v5rCPhdzgWnU+WU1ffRz9wtbdVL8zRe+KHz+zs8ozRx/+/vVB/bRaBShUKjhevWcX2qp98/3YPrb59Z9/Jg5sEip2mmNaH09EGa99Y1a7bpCoAn9b3N5qqCX6QUJvd0erU813ZEKwoCtU+Pq4MokTOKuQDDTCyrkQH1FoYI3vQF9TOtVT//AmqAXAl7oNf9/NQ0PDzAXmHrOL7wGBvZhYkKFNMg9hVL4BDxeJDISAh4vYpk0PG3qGOngFw12kTWHLd71RYHCHGFkWd0iaK9DHj+W8yW0290Mfolp4E1cSiOkTYZ6QyGkoyoG1T+wD4AKwgCqq8v+ffsxMXEWChT4giF0uL0QBCCaSiLg8SGZlRD0+BDPSBjc34vkioROLqUTQS2CIFRSFSkKIAgI2fyI59LIFJfR4fTqt2ltEAQDALGMSr3R2AGALxhEQgNM+gf2qXCPNihv2t+N34xX3F8o9dHUYgJ9XR2QYovwBLt00MtanF5qiWAagmAAQIot6vqmmMj95U37u1dtNxXNaceRfiI93NWNTCqBYj6PDAC3p+Ksk0rE4bJXn1+pRPWkTcCtn/jKSBKK+Tzro1Y8japW/DcGduFnSGFhIYmQrweZXBQrBRcAF1rbCiCjIPp1v1DMotjahtbiCspwscnPkE9t11if+lhv/Pc+8GUc+9aL+Mmdb9+W4//Bb72Iex/48rrjP9/jv1r8pHy+CABwOPROKG3OdpQKecjlMooooLXVztVZgU00a2ul+l6kVT/5qrqnlFkfteJpVDs9fuv6Y11/LpbrT8gdRjQTwdTUNNxSd5X7C6DCL0C1y8vZqcmagEujbjDGNgicoT4BYLJQKe+WujE1NY39B1Qgx6PBLqcmxuEL+xlYshIrMOilFmyylvRHtVSrjbagnUE4i9kYA2B8YT9OTYzjsuAw+kSBub/o3q+Ydv4G9cfPA11X4faTKgTjdFW+DosmXxHJBQZQwRdKd0QuMGb1T5+cYg4wZvHwGgyoLjAvTM3AkiVLli5GrQawCIJwdD31dqoePf6SqSPLVuzvhTqmlixZsmTJkiVLlpqnpgIw933tu0cf/eobdcT7y6+oE/HrcXUhJZdUG/P11qcYXvvdb3HpG94IRUHVjfJPnvn50fe88x3H93dW4IRujwPt3R3MfWQj4EumrKzqBkPtn4lU+l+Q8jqIYXwpip888/OqL1XPPvvsUVx77fEjXV1sXdjngifQxtxfqsZVg1yMYIvf1a4r73e1Y2Ymjkgqizcd2VvVhrE9vv9IKquDYE4sLqqxrmP8t1prGf9G4m8EfDECMitp9cH8ekCYtcQPqGmQRv/927rzN7aQYf9jCyMIdrtXBVlIPNCylvqxBb1jBMVAYN2jX72/5hddHjQxg19IPASjxlp9jNVKc8SvJ/DFqFCHl0EwwOoQzLPPPnv02muvPd4uVM6f4eEB9PQPqO4vfpPzV4NcjGCL39+uK+/3t2PklZMYGZnATTf/cVUbxvb4/kdGJnQQzLKyXHX+PvDD7yuTk+PaNTqMYrmMxWQCNkGAz+2B3+VByOODIAjIFcooy2UsF7JotXkhigLyRdXxxdXaikruI7pWKhBFEVI+r0EmAhytNuSLZbS3tmIhHYPLoX4u7GpXzxtHayui6SQcra2QllUQr9VmQ4vNxl63tqivH//3HyvFchmTGrzjDYVQkmVEtPe40+tHwONFyOMDAIgeEbHlFOY0a/hSuQzRq8bKpzoySlZkyAqwlE2gmCqj1WeD36E614S1XyKHOKCGh2BsLP2SOkNsE0SIooBSuQyvz69LgwSo8InuvAp2MeAll1MnM8i9xel0IpfLsZRItN243kzUBqAHangIZi1ayKjpUTpC6uQhpY/gtbySR3tb/WshTXrahTb4OgJVk6BOk3OJ2nb79OvUGKYxORpn8W0kfimiHo8nMI/ubr923XNq8QLFXBSKw4WSXEaLw4UWAK1tXrS2Ae3LAuhqU5n8VOufHptX2w741h1/tlhxzdqO4/+lD1yBY99/Gfd88Yvrjv98jn+j8bc5WuBwtLL0QbxK5TK7jtUSQSOiIMLhaKuCSIyuG7q2DevUGDJIpXO68a0Vv6vVxsAXY/ojAGixq8dOqZBHEYWqNozuL7RM+1AqlWC3qymP2LW1XGbtVj6jk7r4AWAlX6q7DwuZErrdLQxcMKavAQC3BsVmUgmYJX8zuo/QMp0DmWwOPl8rMlLlvqGYz7N2SeTeQccPACSiubrncCPxX1dSj88n/+0M9g2WAcRwdkw9njxhFzo7qi0HCwCWEkWcflU9d07rysawlPDi9KtZHXyxnvjpvdmu42+8xqwn/vM5/rXiHz8zBTm2DM+eFrYMVGAUcmPhoRTaxqcsMqYxMgNbTL/zGMAavr/9B/ow8ssJSJESPOEWLQ3SMsbPTCF0uVpnJVbA/LINhzTIhLmvyAr6RAErsQLGoEIpG02DxDvLmLU1JSss5VFb0I6+3h6sxAoMgulyBTG6LOFQrABwrjQ97TZ0dDp10MvQ3hBzfyEdPNyH0yfV8RkeUN1oRyYmcPrkFA4e7sPgLr1DLaU+GplQgfbTv5xi7RjrG+EXte9RjGr+mb6gU4VhlnKYXy5bT88sWbJkqY4uRijDAlEsWbJkyZIlS5YsbVc1DYBRFDwlCKhpQdh3aAhTp0bXBbH4O93wdexpuP4Vl++p6ULzoU/effTmT6x9/w6E9yNTLteFWGYSduztqH6onykr7H8i7TAtY+yLUrYQxLBRGeEUHlzhIRiCXfbu1T9IJkeX35xQoQYCYYxgTTK7DE+gjZXn3WB2opo1/msRD8Hw4Esj7jGhUAjRaHTN8T/61fuf+tAn7655/pKTiwqj6N1cRHtAl9aIlnlnl7XUD3a7TV1oAGDo9/786KNfvb9q/fzZ0wDAAJPeQBmhDi96uz01IZXpBQm/fHWBpUvas2c3Dg/2oqtTPT/VlEd6vTwyy6AWqlNPbS4PeiFhOm5jsVGsazp/DXAKD67wEAzBLsOXH9bVJ0eXJx77IQAwEMYI1iSTy+jprzjA8G4wZvofzz2ljJ89A5sowBsMQZZl5vwCUYRNc1mJpBII+zpgtwkoQIQsy4hKSbS2tCDo9mGlKGOlXEJZVtDuaAGgIK9N1rSLIjyOynmwXCzC0WpDGRUgsa1VHdsllkJIgCyr2wMeH+JSCt5gEKlYFONnx+HzX8Lq8vCLWt6LVEZ/zMQyaYTcPsiSDLgBURAgK4qaegl+iF6BpTqS0+r1ngdjeDgm6ZNQTJYRF9OQyfkmrTrbxLgUSAS+UPz+UAipWBQTk2fh8w+raZwAnfsLAPR1dVTBJ+T+QmALAKQyGTidTt06EsEvVM+4nQdj6LVZCiSKhVxgfjO+gHdc4a99veUmcEn8BCL9Qr/RCVBax0+A2lqqrwduXweWVxZ0ffLqHwoADUAkq8VPk5RPRubU8t1+QKncDygOF4R8Fq0AfLIPy+36VA706/+VggulXBktThtOj83jupIPTyK75vizWf0o3vvAl3HsC7/Ar+67fluOv1Frjf98j/9q8fMACYkHSMjhpFGAhNbxAIkoVtdrsTtQyi3r+tS9h14nYALBvPTK67rYdfuWySCfL+r2hwdhVrT+2pztELWqPNgCqHCLaLOhhVxfFAWiTf3awtc3xm3WN8VI+/DSK6/jtgfuUfhzV3c/Pz2NVDSnO595ECOyuKA7JwDowApAhStaHQ60a2SXXJbhaFPjNatPx41Z3xQjncO3XXNEMW5rNP4bA7vw5Nic7pxACXhyrPqexxN2qeBGwIdMKqHCIlzZGwM+Bn6tNf7Fa/5jzeNnO46/8fgxbtvu42+M/0AfMPHyKEt/RPALwAEtvfpl3TYObOFfl6ensIhKWzw8o7ueGpxiKAUSL3tYBDh+Rgy2Y+LlUeZQ84uTkyy1EMEnQAVQMaY/MpMRbCGIht1fmsAzBNjo7ndEQQe2TMkKFrMxXZme9jJ+cXISg9cO1o1pdCaKfkORu+1DwBuHsDQygbtPPqtCL4+fxqffdQ0QBf4eFRiGdPqXU7gr6UWouxtuDXLJjCdZfYJfnLtUCCw3l9DFYMmSJUuWLFmyZMmSJUuWLFmytJPV9BRI5LJi1NSpUfQdGkIqcW7dbTdSn9xiNqJdu9VJ7fZu/a8CV3NwAVQIBgAOdAP5fIHVo/UbianRVDZdPT0A1LRHtWQEV4zLPAQzM1M9cWMGyRBII8VXTGNqNBVSrfE/n1rL+DcSf8ilPnSPZhdMt/MQy3rqrzf+1dKXEZwSWxhB/+AwAOjgFbNlIwhTr34jaZAaUZvLo3N4MercORoLddJiOm5DmyvN4JfFJTs8PnuVC8ypmWX0BvTtmDnNRBNpXSyIN56+qKffr/0fqH3+GsAV4zIPwYy8crKqvhkkQyDN/OSEaUyNpEKilD30uqzIWEqr9WKZNIJuL3M6cbd50GKzYaUoI5uXIAoCOlxeBr6QypARk5Jwt3lQlhXYRAHLeXUSTVYUOFpERNIJFboBUFZk2AQRPreHgSwEkZTLKhQjy0qN66IHsqygrChsXxKZNARBQCKTVt1s4FPdWGQZ4d3qOR6ZTUBWFATdPti8qkMLKb6UVp1edleuB61+9bgTJQHltIKYlGSuLxSbz+1h+xT0+tU4tJRQ1L7Rk4zSDvGvyZGFUiF1d3YilclUgS081JLL5arSG5HLy8LSElKZDKuzsLTE+uD7JgjHDMgh8ZO4ZhO4e3t7MTOt/oKdJg95UeqKVocDxXweiWgUHQZIMCNJsLW0opjPw+fzsjp8PUdbO8Jd3VXgAvXNx0gTuB956+Hjt11zBOuJ3xNW3UMWFpJwePyYOl05t/p7W6E4XID21pw+FcMb9oTwu3NRHBnswYkx7nM0BeY8cmNg15rjf/10ZbvZBO52G39ejUxAb7fxX0v82UwGLrcbWe1cI3hE91mrpf4RbTbI5TLyKzk42vST3sViAaIoQi6XYbfbWR2+nmhrQZuzvQp8ob75GM0AAGPsBJ8Egh26feFhnmKhULVPBLfUWuadXiheAmB4+MXldsPlNgdh+H2ode4SPHDkikHdscTDVNlUsuqcILii1jLvNMKOdw3A4OGFvb292NtrDjLw5/BG4n9DNF0Vv1kKHZTM42fHu1ZnI/HT8XPvA1/GsXuexk/ufPu2Gv/3fOEXLH2Q2fGznvi3cvxXi7/HWbnnL0RkFTqh7xpamiR2b5uJYPzMFEuXRGX47V2XXFn9ncbEBYZvywjYRDMRlKen0G8HYgDmc+fQ49yDHucezOKUrp1DA/vX9P1gbCmvg1qMIEstaKZPS7nEnmtoji+1yq/ECuhyBbGYjeHUxDgODezHoYH9mD85WVU2saRPfZSK5TA5pr6noe5uuLlrpdvnx10LXow+fhrXv+saBq98eg6YTCYw+vhp/PBSO+5KegF4WX0qBwB3LXiB5xPoH7xKtz6TSiK6sMBi4OOhGC1ZsmTJkiVLm6djd9+qbKT+vfd/U7BG0ZIlS5YsWbJkqaKWzWycUg/Vm1A3qhbAklxSAZpmSBBwg1kaJF7dHvWBFqWv+dUj9wK3HKuZBmkmYcdk9Cz6Q/swGT2LE499l21bkPI4cNMtbBuwr6YLzMi8qPal1ev2ONblQhL2qRM8BKOMT8TwpiPtq9ajVEdhn4uBL7T82ugZBtdEUtkqAIZEji9Ubz0uMMbx//ydn1H+5gtfbPhm/uufu1vhx38tdT9/52eUjY6/Mf7pb58D/rx+GiQeein8YEl3/PT++R5WZrU2pr99bsPHD1BJPUROLB7fXh3EIqVmdHDLatpofdKHPnn3DTd/4q9rnr+H9laOc3J/ISCFd28hRxY+LdEzzy3gndd0m6Y/enlklpUn15jpuA2/v6c6zVKow4toIs366w2gZvojMw0Pq/ALwSjP/PiZqvRFptcPLdXR8PAAA19o+Zkf/5bBNSMjE1UADGtDc3yhevVcYFLJAnN/IcWlNAIeHzpcHgQ9PkABYpkUElkJsUyagTCtLQKcdnVi0iaqY9gqtqBVrLi8xKQkMhpP12oT0KpBiKWyDJe9FemcgrG5aQa9+F1uhH0dkGUF8az6ni+lkxqMo8AbCiEdjSKeyCHQ4UQ8kYMoivAFgygrKliixu9F0O1Fly8AQRAQy6QQk1JIZiUkMhICHi9EUUQxWQYEINSjjqu/zQNRUN1g5LTqEEMiZxhAdYfxOzyIIIFT89OwCSKLnwAhqpvIpBH0qr/w9oVCSEWjSCZWEAg4Wfojcn8B1NRDfV0dutRHBKnQnyfYVeXuwqc/IkCGF22ntEepTAanR09Uzm9Df31cLBRjJLKAdCoJr8lkvplOvDzGJk+NqTCMv+Cnyc5a6S0cbe2VX9BDcwBYyescANjnYI1f0K9VteK/ruTDk3HVAWAKXGqM+Bwm4QKQZL+fv67kw8/ORSFFsjgBNdXOjYFdrL7ZpOlmx2+N/9aMfzyWYPCGMZWQ0QGFYJFa6YFEWwtKhTxbXsktA+WyzkGFVMtBpZYo/ZHPq+4vgS8kHuThRdCKZ5XrgRHM4cvz4Av1xfdLIIzP66yZyonSB/UPqfe0BC6QeJCKF0EHA6t8NzGCUXx5Hlygvvh+CWToHwrUTGW20+Pnj58X5pa3XfwvzC3XPX52avwEpfDACwAd3AJoaZEOcK+5//sP9FWlMar6XmKAX8bPTCF2ooDgEbt5+wcqZScLgCfcgkwOLBUStRmvATK3BfU/OPnXyTn09arfXcklZiVWwL9mY3hbv/76bebswm+jupTWCKgANQAwNT2Pt/Xv0oEyXa4gUkjq6vDb55fL6Gm34fWpDHo4yGR0JoqhvSEGv/DuLKHubpgdNZS6aChZXV/3HaW7G9GFBRWyGVOXeY3ORJFYqkAvFGOj6Y++942PK3/ykQcFAPirn96mAMCX3v2wNSFnyZIlS5YscTKDXY7edCv8HR6Ew7vW1FYkModkQjJtc7tCMTspVkuWLFmyZMnSzlVTAZh7PvFnx83cX0hT2oM6szRGjTi3NFqfwBujLn3DG3HPJ3D8vq9996hx23ve+Y7j+zv1YAHBC6QzkXEA6i/NCIQhZxcVbAFOPHafKWxw5olHcAbAgZtuYRAMAAbCjMyLXB+1tb8zhPe88x3Hf/LMz3X7cO211x4/0tWlK2t0YjGmQap7A20AViKpLHNx6erpYYDM3r0B2N00oTVr6v7C60hXF3DttcefffbZo2sd/0b09c/drZiNP0EtawFh1jL+jcZPAIvRuYXgl8IPlkyPH4Jaev98T013mNVcY+rFDwCPfvX+4/VgNR5SIYjF42t87BqtT+CNUVdcvgePfvX+4x/65N1Ha/VBqY+iiXTN1Ee1RPX+6am0ztFFD89UIJbVgJZQhxfnOOCmN1CuWefaa6893i7oz02jE4sxDVI9GYGVkZEJ5uLS0+9ngMzw5YfR09OvlXnd1P2FV7vQjmtNzl8ASMei7P/BXSrYFJNSCHp8KgjDLcuKglNzM3A67Ai6vQhq0Ae5vciKAnFFTTMUk1I41KNO6iiKgpWiDGdrC0sfFPT6EEunEPB4EdL6IXgk6PayFEfpaJSlOQJQcVHRUiVl4nH2f3C32t+SlETI40PA5YWsKIhLKXS4K8fGqfkZBD1eBBUfIACxdAqxTEp/PEtpDO+uTCgR/MLOBbcXsUwanV4/Qh4fg3dEUUSn14/pqUkoioJ0PAZfMAQFChQFUKoeeiyw/0cuUadGCHIhMIXgl3rK5XLo7uysSptEDjH0OpXJwBPs0jnLUJ+ACsREXhthMfGQjlG8g8HkaBz9QwEGENDkIT+xRzKDJ8hhxO3rWNUBwEw0kegLOVkMk1z6mtUcGBqN//eLohoD19SNgV0sPQ8PVlAKjCcjc2y9qVvAOuPnHTxemFPBiu04/id/9BBu/LO/xJPf/YcNx38+xr+R+FPpHHxeJwNQCB7hwQ6SGbxCDi8tdseqDipmIpDE4WhlMaTSOV2sNIl+2fA+vDpytip2Y7wE1ABAPp/QO7JozjBAfbCFytI2fj21raq6b4qN12XD+3Df/ScE3oWKzl3j8UJAk3pcjenAJnL2AOqDCVSWtvHrqW3tzqKqb4qN18PPnRAAvYvWTov/nm99TzEePy/+y3dw9S0PYvY7H98W8e/+8IN44pGHTI8fANjR8UcWIAbbmetL7ERBB5iE3GG88MpLKERkjGtIYCGi3i8RNEMOLtFMBCO/nFDXcwALgTK8swy1wb/m26fX/RzH4pa6kfEswIM9EIOVaxelPwLAABMeYBlbyqPLFcTUtOrcRQAKpSbi4RWCY6Y4gIavR3X4NhjQwpUzplACAF/Yj1Qkia6BIIv5hakZ4eq+vQoAjMWBazWY/vp3H9JAFmBybBSZVFIHsdBydGEBGQ4O5Mvx6YtoPQE0tPzcSyrAnIrlAMzAF3TimitVV7vr33UN8C61/6d/ego97TY8e67ibPmF7zxm+vnxvW98XHl+TwmnU1N4/qe3KZRiCQB+99VPKt84kLdAGEuWLFmydNHKCHzcdc99huc5KsSyVvgFAMLhXUgmxnDLR++oqm/s93xBJo3s/7G7b1UsCMaSJUuWLFmy1Ew1DYARBNxwzyfU18ZJdGNalY2mKWq0PvV7xeV7dFDMo1+9/zgA05sqSl/Di4CE6NOPIQogdP3NIBAmmlEffsqv/S8sLyTqOm3Mzc4CTzyiLmiOMDz4En36MVaO4iAXD4pttTQ25NCiu5HUYJbxiRiAGPYPqA/szNIe1XNqIfiF2gz7XGrKI84pplY5im21NEj1xr8exPLY1/5WaWT867VB2zYy/vXiJ4gFf25yIr5Qauz4+TZqtkHtryf+D33y7hse/er9ACqOL6TYQqZqHZXbSMqi1epTvwTLkEb//ds1z19KfcSnIOIBljaXR+cCQyJHF2MqI1rHtwdUXGCm4zZEE2nTehQP9ddIKiRyaOFFMMszP34GAPDOP3qnev6apD2q5dQCgMEv1Obw8ACSyWWMvPIjXT9m5Si26jRI6ndYURQhCiKDYBJZCbKsIOjxIialEJPSGnAiMAiGqscyacSktPqOcl+JZaUySXJqfhoBtw8hjw9Ouw2AglyhDEEQEJdU4CQupZl7iyiKLH1Qi82GTDwOURRhEwTtv3rdJfilrCiQZRlpDSKjun6XG5FUAsls5fgjBxhBUA/BmKTFDwWAwNoUxcqvqkdmp1RQxuNDOQUsIQmbR9QAH3VsltJJLKWTCGqADfUpyzISS0sQRRGKosIv1HfVtV6DYCglETm98CmKjBAMn/oIqKQ4MqY1onKU9ojvh3eW4dfzMTUqIzzCy5gCAyYQBQ9ZrEXGX9mrfasTl+ResBXx1wIrVtvWrPiv3tWOn2zT8X/tnx7CB9/3MTy5ifFv5vg3Er8RfuFlTCFkBrHwkMtaZHRZUftWwRVyjzATQTDkgsFDMNSOy+3WgS+8uwxfjo/BDHwxc5Hh28rni6ZlKXYe3CE9/JwKwZCLCg+R0Pu4t7dXBy7w7j58Of4YMAMXzFxA+LZS0ZxpWTp3CVwj+OVCiN/s+PnKIw/hjlseBADMfufj5yX+3R9W+/8KB4+YHT87OX6CU2bPncJuHAKggi081BI7UUDGs4CeiP57PQ+0UDskftkMdpEipZrb5nPn4D7RjeAROyYL+jIUqxhsx/iZKewdVIGVX5ycxNsP97MyPNSymI0hFUlWpUnigRYCX0i0zAMuVIfW88v861MT4/CF/bptvH5xchI97ZU+CIK5do8X/UMBDO0NMfgFUEGWazh3FgJe6P9zL53ANVceQXRhAaHubkyOjWJ0JsquA6vV59McUXtDeyugeP/gEK7X4rgWwLPn0qbwy1/99Dbl09EuvLktiDdHAXR1Adp/6svr9+PTUbWsBcFYsmTJkqWLRTz0YQan8CKIZSMya58HTQgyoeXNhk3Wuv9b/b5YsI0lS5YsWbJ04avlQtuhWu4vGxEBBQQSLGggzEbaOvPEI/hXDlTgRaACDzFsRLxrC0AgDKBmVl9fWwB0KZF48U4xANac/mi18SdQZSNtff7OzyhzWzT+xvgZCLOBtqa/fQ5bFf9Wqpb7y2rq2XcQ82dPMxDFDEipBb/wqgezGEVuLitZSQXjtHrUBkEzbS4PKwfY0LPv4Jr2jXdtASogzHrEwy1qSqRqYIZ3igFQF6ph4IvmrpKORuEOBBiIktDGu1NL4bOUTkGFYCpAUVxKIeD2MfhFVmR0ev364yKTRnJZQjxTgWcURXVcAYCyIjNwZCmdhE0QUVZkxKU02js6kInH4QsFkYgs6cAUQICsyLr4vaEQS5sUy6hxUtuxTBo2iIiwFFkK4lIaPpdHI7IUiKKaysjG9UOQTExKI+jRji8JDJyR5coYUZ/q2KR145rQwBNFUVAuy9yDjAWWYigc7maph3gQBtADKwCqXFv4bVOLCfCJEIzgDA+5mIEvU4sJXUz1QBiaGOWdVIypHMjVwAgarEU8AGFcD1SnkaCJS2OcF1r8NDF645/9JU7+6CEr/vMUP+8EY0zlQ64qRlBlLeIBGuN6oDqNEIErxjh5kQMGnwLJbB8CwQ7EYwkEgh0sLRFfhl82S2dkHAeqQ+mWqG1jWQCVuLQUMK+OnGUQADmo8CmEzM7hI1cM4sTLYzhyxSBL68OX4ZfN0tEYj0OqQ+lyqG1jWQCVuLQUQrddc0QxOsDs1PhrHT9feeQhuNxu3PZh1U1lK+Pf/eEH8fATjzV0/Oz0+Nk1gEsvBKgQSyEiI+NZgFvqhiRVtvNl+VRGptccDXah8vawCETM+5UiJbihOb1wwA214Za6kcZZ8++mBliFAJNUJAlf2K/bXut11XdZE9eXev0uZmM6pxe+DKC6wMxP6r+DXN23VxkMuDC/XEa/oe3JsVEM7Q0humBwDNWWKcURoKYwIkcXI+xaqz4AXH35Xp3bzOhMVHOPGdWBOICaBmkw4MKdH75ZB8H81U9vUz5yxgFoHy0Zk88ocqZJJ5NAyHr4ZsmSJUuWLnwRYPHJT30WADB7bg4ul6ehutms1HBZvk4jcrk8OHrTrdi9Z5cuzmaDIBvZ/614byiuCwWE+d73HtTNkfzJn3zcAnssWbJkyZIlTZsKwPDOKzyYYpZmpRa4Ui8ly2p1zVQvRRMvcs7g4QFax6/v9jjQ3l156H72tP5BEw8/zEHvEGIGLzRL5LzCwye0jl8f9rmwd2/loflvTugdOXh4ZnFe7zBjBr80Szt9/Hd6/AB0zis8mGLmBlMLXDEr22jd9V4PjKmPeDClFgSzZ09lLM+dm2XLRucXPo2RMaVRNJHGSlbStbWSldY19uS8wsMntI5fPzw8gOHLD7MyTzz2Q107PDwzP/lbncOMmdvMWvWf3nuT8H/8979TACC5FIE3qD7ZlmUZUe0h+MFde1m6orikpioihxWng5s4ESqgSVlWYNNs7MuygqDbi6W02l5MqqQYIlAlLqVZ3aDbi9Pz+s8EdyCARGSJxebzqzBaINCGyUkVukkuReDvDLM6FOPBnj26dXz85PZCsQa5nF5luQKo+F1uVkeNX7W7qbSXYmCMWfwEwZAofq/PD6CS+ohPMzS1qE5cUzokWtfX1cH+nx49Yfq+Ti0mGLDS11W5PhkBF2rriAbAeIJdOPG6HjAwwi9en/lxx0/g8hOpvIypPcxSR5iJhx6MEIO5c0dFR64YxMz0tBqbNoF7IcbvarXh6l3t+NW3vr+t46/5MO8CiJ8mqnmQQ/dg05BayCx1kJl4aMYIwZg7v1QUCHYgm8mosWkT6CSHo61mn+Q6wcMqK/lSzX7MQBjjvhvX869X8qUqOIbcaNYjmkTmYYMEl2rGDE6gcmbbzdbzrxPRXBXcQC4OF2r8jRw/Dz/xGG7T3Ex2fxgstVCz43/PF34BQE2h9hMNHlnt+Nnp8QOAHFtWUwpJlbRG7P4xp78PIRCFvY7UPwZ59xYpUqoCZag9vl2+7x5n5d7LE26BFClBDLZDji2D6Nz5ZZsuDRKvUxP6lMIEohhfNyIzUIbaMGvr1MS4znWGYJqe9jLml22a305FPe2V7xKTY5XPFB5y4cEVcnkBgOs1UGVobwhP//SUNi5lwHD+GetTu5NjKuyiAi+jLH0SHwfFOL9cPdanT07Bq6U5qge/AMBn86fwo3f/zJqQsWTJkiVLF6wIqDCm9zk0OIhTY2M4NDhYt36j5YyaPTfXUB1jOYqzWSDIRvf/rnvu29Q0SMfuvlXhY2v2/m+1CHx5w+Vv0jnofPnv/kYBgE/d9XnrvsuSJUuWLF302nQHGJqw5iGV1YAVfpKbypqtW62fWpPlH/rk3Udv/sRfm24zOmcYXTZ4oGFudhb7rn0TW15eSFRcYkxcN64Y2ldVvx7EYNy+WvodoDr9EL9M6/iybzpyFVuemYkzlxgz15ZLhw5U1a8HwRi3r5b+6EIY/50ev1EEsPCQymrACg+9UFmzdav1UwueGfq9Pz+qKB/WrXv88YeFt1/1Bzrq3czNhdIgnZoxT0UU6vAydycj/GIUD7+EOrw4d26Wub3U0+OP17b+Njqv8Mu0ji97080V+GXklZPMJcbMteWdf/TGqvr1IBjj9ur0R6rcgQBLfQQAAQ0CiWouKTzwAVTAEgCQZXVdlBxXNIcUAkoA4Mz8jJY+SZXfMMZxKQ1ZljV3GX0aIoolLqVYSiWCXKhvbzCETDzOte8GUEmtROANtRs1ecCvgiw+ncMLOcCMnVPTAYiiCFmWEfD4WDoofjwSHCxVid9b2Uctfm8wpEsP9ab93fjNeGVig4AVAmCMqYxoPQEs9JoHaMzcWqie2TpjH2ZxUKwbUSqaAzBd9Sv5Ws4cgN6dgyYMzVxATrxcSVGxWbLit+LfiPL5IoBMlUtKLWcXQO/uQnCImYtMPFZJUbQeZYtlwGTCneJUY6/0YwRcSLRvRpjF2B5fltqm8TF971eBdxYypaoJY3rfK8dO5X02AgokOraMMIixPb4stU3Hp5km68BrF0L89Y6frzzyEHsPj91eSS3UaPy7P/wg6E745I8egvTq91lZShV07wNfrguLrHb87MT4uw70YeLlUbil6s/l2IkCoN1qkQtMs1SvvYyncu9hBsaQC8z+A30QtTRHvnD1tY+HUsgFpmmfI3XaS0WSpjGQyAWGUjQZz5Fa6/hPJwJUyDWGQJXRmahpusPRmahpffo/tDeka6NeHGb60V/9THjfl65THui6Cm6fvwqCyaSSkBUNfvkrC36xZMmSJUsXroxwhVFrgVsikbmGUwJFInMNlavXNw+CrBcCaeb+86mTgOaAKfXia8b+b7W+970HFSP4Qrr+/TcBUEEYC4KxZMmSJUsXuzYFgHn5lXNV8MlqAIuxTCPr6oEwtfTa735bd/tagYGzpxcYtACsnm7G6ApSL4652VkdxEDr6mmtwMlvTsww6AVYPV2R0VWmXhyL8/M6CIbWXcjjv9PjB1QIxQifrAawGMs0sq4eCFPv2rJeNerG0mgKJNJ03IY9e6rrrsf9pRHghNcTj/2QQS9A/XRFAKpcZerFMT+Z1EEwtM6ogMeLdCzK3F9UlxcfQj4/4lKawSE8+MIrE4/DGwoiqY1XPKOlRNJe03YSlZNlhYEi1K/f5UFcSmpx+UAuK4AKjqRjUfhdbh1AwscvyzKS2QwCHi9CPj+iqaTOpcVM6VgU/s4wiyuZlRi4Ek0lkUnE2diIosjKGRVNJbVxSkEURV0bfPy0vurarMErBLaQOwvv1KJ/ULKgA13C4W70dXWo6YwuGYIUW8RLr40A0LvAmMnYhxF+qZUC6eHnTgiUwgMAcwwwOnXQJGtC+zNTLWcOfsKWlzHlBMELZn1TbLy+8fzJo4qiPLWT47/rI73HXz9daf+FueWabWyH+D/4rRdxzxe/CAC4bHgfSqUSLqT4ybHB6PRCkMdKvqRzUeFVy9mFB0Z4GVMOEfxi1jfFxuuy4X3IZjO4bHgfSwPD74dpn9wEfCq9pJuwN3Nu4WOndXw52r6SLyFbLKPNUf2VxswF45KDvcjnV0yvQWbnCrs/y5QA5LQyr+hgEzPnE/7YoXV8OdqeiOawkCmhwyQ1iJmLCqUP2unxr+f4IdDjjlse1J33e37+V+rnr/9KvOXDD+rqvTC3jJ8+8Y9avY8B7/sY2/aVRx5icIjPpM96x0+pVNrR8QNg7i98+iNAD6L0OPdAkkpsPcEr9Jp3euFf821RndW29zj3MOcZIyjDu8Cw2DT3F6M7Cw+iHBrYz2AUHl5pFIxZrRy//dDAfuY8Y6zHu8AYxZxVuPPl319eQk+7Df/+8pLpeUWuMQSyVLUFFW6ppDWqvkb0DwV02/g+f++KTlbWzPmF111JL9KOJLx+/Tjx7i93jXnxvW98XPmTjzxoTcJYsmTJkqULTqvBH7p7wjopjiKROcwuqjZ7ycRYw/3PLkbg7/DUhGYaTZG0XgeWZu4/ABy96Vb13kqDZbYKTNlsB5pmiYdfTo2NYWZe/6zt0ksOAgDe8rZ3WxCMJUuWLFm66NVyPjptJI1JM9upN2muKHhKEHDDT575+dH3vPMdx4EKKMADA/UghdWAhLnZWXQP7dOVpXZ5QKFWH3ws40tR/OSZnx9VY1eeAgBBEG549tlnj+Laa48DFdCEB07qQS6rAS2L8/MI+w7oylK7POBSqw8+lhOLi3j22We5+AVcCOO/k+NfqxpJa9TMdtaSIskocoHh3VxUMKXi3tIbKFe5xZjVq5U+icrzqY9Wc4/h9BSAG5599tmj11577fH5yQpowgMn9SCX1YCW+ckkhof1ZaldHnCp1Qcfy7KyzM7f977jvU8BKtQhCiKDN3g3GNpO0IcoirpUPsXWiuNAwO3TpUGKSWmkozF4Q0G2bXJCnWjyhoLIxOPIFfIoywp8QXXyYymdgE1QnVcIWCEAJeDxabGp3/0+9PvvEx795Y8UABAFkQE7fHyiSG1V3k9+/0RB3Xeg4tbC4s+kGVhDMM7kpBq/vzPM+pEVGd5giI2TsU8VAArB7/JUxz/2D2zikwCU1dxbjNALX9+jpTIiRxcCV+q5w/DgjbE/qtfX1aGr9+HbPiF86CN/qb8OZkrodreYTr4SvEC/buYnVes5cxjhBSrLrz/xsvpgiQCGer9+Xs2BYSfHT3DCdo2fh0cA1cGgVMpcUPG7Wm2m8AfBLz6vE6l0TjepXc/ZxQi/UFl+fTyW0OJRr8Vmk/e0zuggwcdvLEuvs8UydgXdWMmXWJoncmyZi2WwK6h3eanXfyqdY/vK7welZ1rJl+BwtGIuloGr1WYaEwC4XLXvPfj3j1xL3vLmMBLRHEtzRo4nv/p1BG95c1h3rNQ7/yZH4+xY448jSo+ViObgCznxq19H0O1uMY1pNe30+GsdP6l0Tpcm7N4Hvsy2AcDVGlBybm65yg2FP34efuKxqvODjh86rxo9ftZy/G/H+EPusG59ISLDHhYxNTXNUiNRGiJPuKUmmEKSIqUqkIaU8SzAE6l8Z08XzsJr38dAm4xngfVFEIwcW0YmuKBLhUQKucPwiAJeNenr1MQ4S41EaYi6XMGaYAr7rmqS5oiNYSSJroHKttFJCUP9HgbapCJJ1hdBMPPLNoBbz6tPczV8YWpGuLpvrzIYUL8/zy+XMa9BKHzKIf4zi84ncoCpdf7PL5dZqqOnf3rK1B2GB2H4dnvababgy1g8iy985zH9BMw3Pq6grxP9bX7tnhYMhFman0NnjzoRF+3rhAW/WLJkyZKlC1HH7r5VueWjdzRUllxQeFjl1NhYU+JIJiQdNEPwSCQyh2RCajit0i0fvWNNEMh22f/VYmwU0Fnr/p8vhcO78LNnf2G67bXXT6vf2Xq6rRPUkiVLlixd9BKb1ZCi4Kn7vvbdo+Sw8vIr5zbk1kD1zf7W2g67Cfjdb3Hf1757dLU6RnjBqG6PQwcb1GuHVA9yaKS9taSvMcIvVTdKPpcOVqnXDqkeJNNIe4240Vwo478T43/0q/c/9aFP3n2UzpfYQmZD4AnVN/tbazv8ufyhT95d8/zt2XcQ585V9nMtTi4rWUkHrRjhF169gbJpfVKtetNxG3r2HVw1FiP8YtTw8IAOVqnXDqkeJNNIe/XcaP7Te28SANX5JOTzw98ZRiYeZ3+kTDyOdDQKbyjE/QXhDQWRjsaQyKQBBYhnJJyen0E8U3FciWdSgAL09+9j5fv798HdEYAvGEQqFkMqFmPwSyoWQyYR5+CXioNLIFBJXSAKIkJB9dqVykjo9PrR0dmJdDTK/gAVhKH98XeG2R/tRzoaRVxKwyaIiGXSOD1/DnEprQIyHNjS37+fwS/9A/tUsEUbr3Q0CpsgwCYIbJnGK+Dxqm0IIkLBdgbdAIBX+4UtubDw0AoPnfAgC0ErvLPL1GICUmyRwS88TEMQC7XP/9Xqh4dfCIjxmqRp+cbzJ3XntHGSZlKbWOW3G2Xm0mFM1WGWzoPkCzmRiuZ0E718/8Y++Zh3cvwtLS24bHgfW3/1rvZtGz+5uwDAlZdfggsxfgAMciGlNLCD326UmcuLMVWQWTohksPRiny+qJto5/s39snHD4DtQ7ZY1kEyPNTDt8enWjIDBozrqS0AmJtbYu4vteJ1tdqq4qBlip0XOZIsZEo6SIyH2vj3k091ZQacGNdTWwDwb//rFeaeUut46Xa3VMVBy7z7y06Pf73HDy9a/sojD+HeB76MJ7/7D1t2/Oz0+AGgr69X5/YSO1GAHKtOEWqWjqgRGVMaEdhiJrM+5Niybn3Gs4C+vorD1qGB/VVph+aXbdXfQU3SETUiY9sMbDH7nmvSx/yyrSodkxGIeWFqRhiLZw31ygw+oW0Eb5KMdagewTNUhxxejHAM/3lI26hNvn++P4JfrrnmGnYe/8lHHhT+5CMPCr9eieHvQ4s6F5jOnl24ffFF5Fdy1hM3S5YsWbJ0QerY3bcqR2+6FcmE1LDLir/Dg5Oj4zg1Nrap8Ae1f3J0HP4OT0N1slkJyYSEozfdWpWGaKv2/01vfW/VPlA8tf5Wi7FRQGet+38+9L3vPai8+w9vwDcf+daqZX/5wq+YC4x1tlqyZMmSpYtVm+4As5Y0RY3CLVTOrJ1G2lAUrOp8YQQGFqT8mlLVmKlWnWa0bZQROImksmtKdWSmWnWa0faFNv47PX7SWtIUNQq3UDmzdhpp49Gv3m96/j7++MPC26/6A6XNVXFz4UGWeg4uJCO8sp40RiSz/h5//OGGfkVgBE5GRibWlOrITLXqNKNtM6cUAjdovTdUyY+QiceZa4taNohUNIpUNMoAFxK5wETTlTEpyzKi6SRSsRh8waCurYDHx9xoMol4VVyA6p4CAB/8vT8S/ueLP1FsNhGCICCRSUMURdhsIryBoObcorrJ8PETGNPR2cn+p2Ixtl88+EMQizGGVEZi5QPhMBe/mn4plk4hqUExqYwEm1A5dD74e38kAKqTynce/hr7Msu7sBB8Qut5txceWOGdYwhaWc1FhtrgYRpqy+hEY6z34ds+UfMc4OEEAgf+4A8vB6BPY1MLYjCDFPh0NHt7e3Hi5THdBLAv5NT9CtqYCoSPbeHXkbrnwU6Pn9d2iv8t9zyNrzzykOHhVIZNQF8o8RtdH3xeJ3btUq8xfBqkWhCMGeTCpzNyud2IxxI6AMXhaGUT6MYUQ/zEus/rRDaWMY2/LKsT6y+98rq6zQQC4F/zoAu/v2bi1xuBgmyxDHCv+X6McQDA4cF9uvh58amEzCAS/jUPivDHW63j0NiWzpGJe833Y4yDYqx1vO/k+Hfq8bPTj/9oJoKrL78SU1OV613GswDE1NRIbqkbcKpgCoEscmwZXrse2iPnl4xnAZkcTB1bWNsGuaVupAtnIQbb1e2RbnjCLXBL3cgEF1QXGM8CPNijgjAe4OrLr0Q0E8HcUh6DnQ6c4m5ZVWBFdX8hl5fFbIyBLPPLNgz16yeAyPklFUkiBXPHlkrbevnCfoxOSuhpL6vbw6rbjC/sByJJzC/bmHsMgTCDnQ6MLem/p5ETDC0PBlw64OTBO/4/DGpR98PcGWYsnkVPu1dfznBuU13jtvnlMuvvzg/fzGIgGZ1fjPqTjzwoPP/T25TbF18EAPwXZS/+L2EGP/qrnwlW6iNLlixZsnQhy9/hgcvlwew5NX1PPaeVRoGXq69+x9G1xPDE8e8en12MYHdX2HQ7ucM0EtvuPbsahlk2e/951/KrrroWgiDcUKOKAgC1XFs2c//Ph06NjWFvbz9mpiext7cff3vv7brtf33sAbbNkiVLlixZutjVdADmvq999+g9n8BxALj0DW80LbNWFxdylSFRu420w9et5f5ilgZpf2dlspMcPczAAj4FjdkyAIzHihiPTeIPLutnZYwytm0sM76kTriapa9RFOUpYxqkI11drC45wpiBKXwKI7NlAJjO5TB99iyu3LePlTHK2LaxzIlF1VVAn/7owhr/nRo/rw998u6jj371/uNAbVBtrS4uxvOU2m2kHb5uPfcX0i9e/Dfh7Vf9gXJqRv2F6aG97brtZlDKdNy2qquLsTygOs7Mnz3N1u3Rhougm5WsxMpSbDXC1qVBAoB2oRI3OcKYgSl8CiOzZQBo8bRgKZZBp2a1b+bmYmzbWGZZWdadv5T+iNTb18/SE/GKS2kEPF7NgUUFQAjkSMViEAUBHWF1gtcbUiEWWVZ0EExZlpGILMGnASjJ6BIUBZBluaq/kK8DZVlGikslxKcs6u/fZ/oG7BvYjwkufgECc27pcHsZUCNosdtsFacZgm98oaD6tVsAc6WhGAh0EQQBqVgUBNwA0P3ngSFBECAKAqR4HAoUKAqwf98B1jevN+3vxm/GzaEVHkox286LYBYjBMOnQKJlo3jYxqzcm/ab269+5K2HjwPQpcwgGeGDydFX0BFympYhVwJjHaN8Iadu/cz0NDpCTiSiOZP+Kg4H/UMB5mzwkbcePk4uKjs5flEQ8crrZwBAlzJju8VPImeDl155HZcc7MWFHr8RXkmll9DmaDEtQ64QxjpGORytuvXZTAZtjhY1RVFVfxWHCZ/XaRp/q92uXpdTEg4P7oNNBF4d0X8W1AIC2DZDiiXTif4a9Y31zHTJwV4IYgtsIpDPr6Asm38QE6BBIAm7v6oBlLBthhRjpqBIjfrGevXiWk07Lf6dfvzs9PgnpgoIHVZdYCjtEYlSHPHuK7Q9XdD2LwakcbYKiOHllrp18IwYrNzbsnYM26hPt9SNNM5Cji1jFqcgBtuZ+8vEVAG7tfkLXcohLb0pD7+w+1rNuWV0ku7tbZjXUhnVki/s18EzPe2VMa60o99GffrCfsxPSphftmH+5KQuJZOZXpiaEQDgueeeq/qFrgqiuBgEwzu1gEtdBADPnlPvta/d4zV1cuHrAy6TdfVhF979xagvvfthAe+uLP9I+2/BL5YsWbJ08Wg7uGZsVeqaY3ffqnzyU5+Fy6XeSxBcQSAFLWezEoNDzGQGu6wjXb2gPVNigMgTx7973FiIhzwobmO8AOByefDJT322biqg87H/dcZFoJjuvf+bAn8cGh1lmrX/50Nf/+YXlQ/8hw+y1EcEv/T+58/oyn3/61/ABz56p/q8Yn6BucB86q7PW/dklixZsmTpolNTARgCGQg0efSrb2Q3XDyIUguMMZarBawQYGPWlhGW4duo5/zCQxgAQCADYA4zmEEI/Lq52VmMx4oAgJ/8y5NaDDeqcESwtaoetcnDDwQtABVwodZNnw6CAUAgDGAOw5hBLPy6xfl5TOfUh6/Hjx9X2zx69DgA9DqdVfWoTR6eIegFqEyc145/p4//zo5fPV/vf+pDn7z7BgJNRv/922wfeBClFhhjLFcLWCHAxqwtIyzDt1HL+cWoX7z4b8IHP3ibAgCnNEBFLzUV0eOPP8zKTZ89DcSXq4AZXjz4AlTcXKiNc+dGdcAL38/q1079+Xstd/6awTBmEAu/bn4yiRZPi+78Paqdv2b1qE0eniHoxXj+GuEXoJIG6f/95ycUAmHMnE9sgoBUTJ0cEARAgYJ4JAIBAgNcACARWWKvBwb2QVGAiclxKNrXWFmWkVhagizLOgglmkpAFEXIsszcXwAVfAkE1OsWub+Q/rer3iP8zxd/ovg7LkEinsPk5AQUKEhGl+ANBBFLJ3WQSjJaiU0QgHRc3R9/qFP72g2kYlGIWp2BAXVyiAAbAQIrAwDJaJTFH0unqvpRFGCgfx8CQScURcGfXPUeXfzkAvOOK/xIp5IMhCFoxcy5BYAp0GLmAEPgihlgw4Mx9cAXSn1Uz/0FqIAaC5kS3vJm818vHblCfTBhBisQxEDLRhnrULm9vWpqD6P6hwL41a8jVWlELpT4afKWPSx84Ms4ds/T+NUHrthW8QPVDgkuVzXcsdPjJ9AkWyxjV9DcaS0QVEEzM9iFIBhaNspYh8q53GpqFaN8XifmYpmqNC5m8dvtrbCJgMPRpkuzks+v6Mq9OnLWdKLeuI6WzcAgIxAAgMEHDkebrqyx/1KpZDr2vOoBJ7ddc0QxAz2M62jZDIwzAiWr9blW7ZT4+evPTj9+dmL8BYC5wOw/0IfxM1PqvcrLo8yVhUExGkdCEAqVn5qaRjp2Fulzle0EsJArDFCBZwh0MbYhx5Yhx5aRxlnWDtUZuGJI/S51oA8hdxjRTMXJbExzgQH24xB9Bzg5yVxZKumKtPt3DUJpC9qxEivg1MQ4RicljEICOccQwEKuMEAFniHQxdjG/LJN/dOgGL7vtx/uZ/Gaub8YZQRMnnvuOeUL33kMd374ZoxpH+O8UwtQcWrhwRV1m7n09VFVt5G4LFmyZMmSpVq65aN3IBzeZfLsYA7JhAR/h2fTtn/uzk9s6b4SRMGLB0FqubLcdPTPjhqfBzYjHkM7AgExTxz/7nE+jtlzcyy2Wq4oZvu23fcfgA5aUff/W5u2/+dDm5k2y5IlS5YsWboQ1XQHGD1kcrd20wGdTR0PsBhlhF6M0AoP2BjbMqv7X7+6vtgFoQIMvOed7zjOwwT8a4g+jMcmde3QcgVcgG75Pe+6sbL/ckrX5lqhhVo3jYIgVPq+9trjPIzCv/Z6vZg+q/+1Ii0z8EWT2UR6Op3WtbkW6OXCG/+dHT+gh0xefuWcAAAf+uTdNxjK1Dx/jdCLEVrhARtjW2Z1H/3q/eu6DjWaaogv98EP3qZIAHN1oQfmJAJfjPUa7Wu95++11157fHyiAqPwr71eL5a0tBQEvCzFMmjxtKzp/KU2+bbXev4CFRDmoZ/8QAGAsxMqtCIIFfBD5FL5lMpliKKIslxGjLt2AED/wD4EOiqw3RvfeAkS8RWMnz2jK0cwDC9RFDGgub2EQipAZARfeP1vHFTyP1/8iZJIrECWFUxMntXFC1T2w6hUNKpb3r/vAAKBNsgatRMIHEY8ntOBMNS0pKVMUlD5wdS+gf2QZQUdgTbYRBEfuPIPa8bPgyXfefhrSjqVBGAOrVQeEOkhFR6coXUErgCAEbAxa4dvD0DD4AuvydE4m3StlZYGMAcUCGKoBS+sJrP+jOlDLvT4+TrbKX4z54MLMf5UOldJZVIjrRFgDrgQBFMLfllNZv0Z07eYKZ9fgYkxVdXkOwBcfskBBj6YpYwheMC47bLhfVXOGlTWrJ9a6+2t9g19TvOgh1nKIaMLCw+IGJ1Zmgm97OT4d/rxs1Pjl4vzmJjqwQTOYaDPjqsvv1J/D3OgT72HclcmC3j4ZP+BPh04AwCxEwUAarqj9DnuXtW+D8Ejdl27fBtmfVC7FFc0E8FLJ8+x2EkElKggDAANOGkL2nEZgD6xcphOyZVDuC1ox2XBYRyKFdg6gl9SkSRGlyX2PWCo34MuV5DVM7Zxg0kf1C7FNbaUXxV+MROBJy9MzVRtM1vXyLa1lLFkyZIlS5bWKjM4hdYnE2Obun07yd/hweyiPgWx0e2kmeDHKs8YBUEQbjCCIP4OzwW1/0a3lvO5/5ulmfnK8zfe/aU/UPnh8+RNN1a5wFiyZMmSJUsXqwRF2ZhDYXTyB6s2QKlOgt3udfVRr36o//0begA7F1k6rxaNu8KdG4r/sS/fq/hd6gRvMrsMek0yW8dvA4CN1L/5U8cu6l+E/XjmW3WPn5W0+rCzzetYV/ur1f+jvX+xofHPJ16uGb+UmjE9Bz2+vQ213Uh9R8cVG4r/q8duY/F7fB2QUgn2Wh9L9fpG19Ur+8l7Nwa/PPq9ryt+v3b+JZdBr9k5ZrKO3wYAG6n/oT/56Ibi/9ff/U7JFgtoa1Vnf1aKMmRZRrujFcv5ItwO9bgVABgPNJsgIl8qokypjBRAVmSWNmi5WERbqw0r2gRQmzb5ulIso81mQxky3nfV720o/tfmx5V4Lg1ZUmMQPSJkRQYyANxA0OmrWTexIqHT5a+5PZmXUEyW0eq3QZYVlNNqH61+G/wOD5J5Cb/fe9mG4v/5v/5SyeVycGquXDnNtcvpdIJfbya+bL0y1BZflta/422/v+Hrv3FStdvdgv6hAHNTYV/iNQeT/qGAKaDAHggYHDzMwAVj/ZnpaV37fJ+0PDka100Uf+P5k0cVRXlqJ8f/Xx47fpwmWkmuVhuO3f4pPP4XV22b+N9yz9O494Ev150ovpDi93mdzA2GRA4sPq/TFHAhGR1gzMAXY/1sJqNrn++TllPpnGn8gPlEO6WHMW4zOlRspP7nPnjDhq4/4z/5bwoApBLV7kh2oQ1Of3vVNl9HoKrseuvvf8//vqH4v//K3yoeX+X9KuaiUBwulOQyWkSbFof6/+Xn1OP44GX6FJtU//TYPKRIFkfeutu0fvuygMVSCSGfE5lcFCsFFz5w+V9b47+Dx//9N71fAYDeThvEVn3q24G+jYFipImpgm5ZLs5jekm9jvzgiR9sKP4f/PtrCg+08KDLZsjY1/t/79INdfgPZ/4f1uDIxAROn5zCwcN9GNw1oN5nZRU4XQLG5tQUpadPqkDQwcN9GB4YqFkPAEQHkI2r9X/402d19eS8uv0vD/yfDcf/Vz+9TanXP63/0rsftlxiLFmyZOki17G7b1Xuuue+mttPjY3VdNxoxvb/9B+P4tHjLwnbYV+zWQkv/uYV7O4Kbzn4Uk8EggDAVW+6vK7Tyd/ddw/qpUC6mPf/fOjr3/yi4u+o3LcTAMPDL6S5f/wHBsAAwOzp12ClQLJ0PiUYfly60floS5YsWWpULVvRCU16T46NrAuC2Wj9ZihTVuC2CU0vu1GtBqzQa9EdhJyJ6cqtpb7d3YFCJlFV31J9rRd8aVb9RiTaA5AL8aplAlWk1Aw771SQZUYHsWy0fjNEYApBMFIqoQNiSPz66QXVqrx3nfWbcv6uAqzQa1u8gHLAriu3lvo9Pf2Yn5+sqr9RlVGC3SZgOa9Pn7CcV+GVhVQUQY8fxbL+xrbd3gJFVFCUSyiW1G1lRYZNENEqyohKSYQ8fga/AMBKoQwIQFuLCAiADeKG449GkpBlBaJXvV7LigbjuAE5rWBkdhIhjx8tvorzgQBAyQCxTApwgwEubEzSMmKZFIJuH2xeUW1fFCD6bdp2BTGkYfM25zOCB1RIBKgsLC2hu7OzarvT6URKmxg3q1+rbiPQzEZE8IhRfPoeel0LYjCmsiGlojn4QmrcPOTAwwvUvlkM/UMBwACR7PT4s1mDq4gGX3zlkYdwx7dexK/uu561+cFvvYiTP3oIr/3TQ5sS/we/9SIe/4urdPFf+qcfw+H3fQxfeeQhFcQwQBgXavxG8emH6HUtCMaYComUzxfhcKjpE3lIhodfqH2zGGrF39JS+RpBcEo+v8JcLkRRhFwuo8Wu3svkV3IQbTbIZbUd0WYDFIVtLxXyEG02tJo4bZRKJTiaeEs0e24WbldlXwmOSCXicNJnb0srivk83No9QiIaRavDgWJehZNbHQ7IZZltz6QSaHU44PRUg6eZbA4GtnbjUiqAgeJwQchn0QrAJ/uwWCrhxKvqsXpjQP1F7JOv6tNvesIuAMB1JR8Q8OHJ52exb7CMAgCboxd5lOHxqp9dIQ3WWCm4UMqVrfHf4eMPAP27KmlICXqp5fiyFlEbocOVNiamChBbe9C/C5icO7fh2HkghV+3EtNDN4OdDtQDZYzbjC4tbUF73Tob0ciECrcMPn4an37XNUAU+HtUoJbTv5zCXUkvQt3dcHddpR7H40ncffJZFXqpUY90+pdTeMCkHgEsq+l9X7pOAYAHuq6C841qKqqlkQnWzumTavvOXR268j/6q59ZkyuWLFm6YHXs7lt39IzdRifzd8L+14txK/d/9twcfvP8P+Omv/3Wmp2VN1NaDALtyzve9geb8p5fiPu/nWAYo3Z5KxDMXHpxW17/NmP8asW0nd+r9Y7rVl2/dtLYWbJkyVIjatnKzvoHh3WuEFtdfz0amRexN6w+aGwEbMloE72ZsoKZiA3DPfKWxep3tSOZXTZ1beHhFyq7lvo8/FKrvqXGFXKpKUKi2YUN1W+GeHjFbNkIssQWMogtjKB/cLgp9ZstHmIxrgeAk2PT+OWrC+gNqOf1L1+14fcv68bhQf2EaC3IpVnwS9X5529HMrls6trCwy9Udi31efilVv31iAdf2ltbK+uLRawUy3C3eRCTkhBFESGPDwIERDMp5AoCREFArqBOVAQ9PkAREUmrY+tz+lAsKbAJIhwtGnyiAMulItT5VwWO1o0DMHADopbSyO+o/PIjmZcgegWEvR2IzCYgZrX4BQFLUgqiICDo9iGWSUGRgJBHdYqJSikIAhDeVZll87dx7a5IELR562KyrNJXGxAPp/BQSi6XQy6Xg8/txoKWHqq7sxMAsLC0hFQmo1s22+5zu02BF2q72TKDR3iwg7SQKQGjcQYa1HPz4JXgAAZqm9o3pgeqBZT0DwWw8OvIBRM/wWdANXxx7wNfxrF7ngYAvAXAC3PLwBs/jA++72M60KMZ8X/wWy/ihbllDNz3LK7epb823fvAl1lcPq8TWS3lWzabuaDjB/TgCylbLAPpHANV6rnB8FrJlxgAQ21T+8b0RrWAGLP4i6Ui/D79r+Ycjjbk8ytV8AsAtNgdkFJJeLT0aPxr2l4q5FFEAbIsM6iGYBtyhCmVShu+5uQzIvKZPPYN6d0vfB0BpBLxKvgCANy+DkycGsXAIXUymH9N2zOpBDIAyqUigzoI9iBHkkw2h/0bjN/hAQqKeh+Tl4A2exYA8Nqvk/CEi5Ai6jLBF/RaF//r+vhvDOzCzxIpra4Ka3jCLhwZVMcok4vC4XHBmCLSGv+dN/69nZU2BvrsCLnDiGYiiGYiFYBFW1cPijFuMysbcoeBvghzhOH7Xq8ISiHoZYzbZoRW6rnDGLdRyiJql2/bDIZZ93evPDA8MIDjP3xWhVg0fTraBXR1YfL5UQAa/OLzM8gEAO5a8GL08dO4/l3XsPWfngMmkwmMPn4aP7zUjruSXvQPqvCLc1cHnLs68MCcH7effLEhAOZ9X7pOIfhGd9vs8+OuBS/wfAL9g1fp4rq/7RCiCwt435euUywIxpIlSxeybvnoHaum24lE5pBMSPB3eEzLbvZ2s/Kfu/MTG953cvyo1f/f3XfPeX9/7rrnvjWPz3r3v56M6X+2A/yxVh296VZTx52Lff/Pp2amJ6vW8fALLc8ZyopN6r+R699mXX94EcxhFk8kMse2bzeYwwxCMe7DZl+/6vXBj53uuZYFxViyZGkHa8sAGCm1MdeHjdbf0A1GRH1Q1wjM4rYJGJkXz9sbulEwxQJbLk4RWFbvHPP49uogFv6cXG99R8cVG4rbmKqoq5N++dnB3FrU+BLsfzSRBgBMxysP4KOJtA5sMXN58fg60NVZwOKSXdd2U8/fDYIpzQJbGlV7ayuWi0UAKvQiiiLaWkUsF7IMCrGJfgBAoQQACjxtHgACWmwiAHWiNV+QUVZkuDVYpLVFvbeOSkmEvR3IF9Vrr01Qr63t9laUsfFfQFMqIkCDXgQRsiQjKqVY/D17Q+oXRs2usdurTqhF55M60EVWFIQ96r6W0mps8UwaZbcMm1f/meBv8yCWTm04ft69hYdVeMCFRNt92oQ5gS+0bNxO0MvC0lJNl5jNEg9wGFP48CmG1AcA1Slrarmg8OX4frrdLbq2jf3x5anshRC/s63VtA8CIHh4g1Lg/LTVhmOam4r06vc3HP+lf/oxAMCT3/0HuFpteNHQnxHMcLXakC2WIYgtcLbhgo4fQFX8fIokwDzlUS0XF74c3w/FxEM4jcZvTGlULBYg2lrQojm4FAoF3RcNKZXUudPQax6IabXb0WZ3QLQBZVmGXC7B5XJjObcCm6jCL4K48a8vwS5HVUqdjCTB0daOdrd6/U+l0nBzmfAmTo3q3IHoNQ9kuHx+hLX7g2KxjPzKMnbv2Y25xSW47DZksjkIrRtPMVOS1c+Z1uIKABdWCi6cfnVWBS5KAAI+RBb1kHUj8V/q8yPcVXkI9jOkEE2px4rH64WUbo77iDX+53f8Ke0RD78AwPiZKZTtU+i65MqqOnwZANh/oK8KeiEtvv4SJguGMhoEY0y5tBH1iQLQ6dA5t6zECgAHshihlX+dnAMAvK1f/0CZL2vmJNNM5bIKXI5KXASS5ObU7x79g0M164a6u2G2tX9wCP2DwPUA0FW775GJCeBA9XpycDl4uA9//FoB2KsCL3xc1H90YQGTY6PAGKogmT9+raBLm2TBMJYsWbrQ1MiEZDi8C8nEWM2ym719PTGvdQzW0v/5eI82Mz5qPxKZqwko/eb5f8bnOfeT7aZ77/+mcOzuW5XDQ/tr7oO1/9tPe3v711V29vRrW3b92+zrz2rpt8LhXQz2OHb3rcr5hjd4oOSWj96xKtyyFdfXWn3wY8dDMjvFCcmSJUuWzLRlAAy5PvDSp0WB6TZeNOG+mS4wI/MiA11G5kWciYzjQHg/zkTGcUYDmA+E1d8N8uUA4ExknLVDdYD9unKb4Qhjd6sPzYwuLbxqpTwy1q9XztL6FI1GdcuhUMjU+cWsHACspNWHunw6JFY/sDX7YDznCGLx+PTbVgNhjBBMqL858VXAF365w7APlbRHZppekKpcYCpxd7A+zNreiHp61EEwurTozt8aKY+M9euV2yyJYgXuEAURhRLQ6fUjJqUR8vjgtAMrxTJcmkNMtlhEu6MFogAUSzYUSwra7a2AAkiFPNpaRIiCgFgmpYNfqtQk811RqMRvE0XYfCI6BT/imTSCbh8USYHNK8LvcAOCgOSKBEX7yFIygM0rwO/wQFYUJFcklNMyBAi6NEhmqrV+o8rlcuju7GQpjAheIWCFXhtTIBm3A6iZQmmzxDuavOXN4bplCSIhUMGYsmZyNI6OkBO+kLOm2wcPopi13w/gV7+OADXKXGjx844gu4K1nUW+8shDuOOWj+Hxf3rINP4PfutFAMBP7nw7i5/WkXaj4sxy7wNfrurD53XCB2AulgFMnFBs4sUbP7XPgy7GlEepdA5tjhY4HK013WJ4kGa98ZMji8PRxuAXXsVCAcVCQefyYoyXXmczGbjcbhQLBbQ5K59hoq0FxWIB7c42FAsF2FvtlXR1GxQ5gvg6Agy+0MWZSmIildS5dBiPF3o9Mz2Nvb29yKaSQFdlQtjR1o6MJGFXVydyyWUE3G0oKCsbjj2UdyDpLGGl4EKbPYvJ6aLObaRZ8V9X8uHJV2dx6Zv9KK4AgAs2V9ka/wtg/Al+IZWnVWBhsgDYMhG2/EJhCvsPqKl1CH6h1wS4jJ+ZQr8dWMQUbL19mCxU2rT1qnWNTjCbKT4d0r9mY+jrVaEbHmwZW8qjLajCUFPT8+hyBTEGsHWbreM/fJalKNJ9/o+NYnQmiqG9IeYAQwBKJpWE2+dHdGEBmVSS1aH1VPd6zlWGh1cOHu7D4C69AwwPvrz/+QT6o13Au7owOTbK2jX289xLJ9RzOJYDMANf0IlrrjwCALj+Xdfg+qjqSPODt3ZYqZEsWbJkydIFq2RCQjIxtmq57ex+0ug+WPu/PfWWaBJy9F8vmnNuNfjFqLvuuQ8fOnql8ujxl4TzEStQ7fASDgOnxsYQDm//6xs5IPFQzHZ117FkyZKlWtpUAMYMbGl0O7+Nh2E2OwXScI9cBbT86pF79YWuv1l7sV9XLvr0Y6xIFEDo+psZBENtb/kHVnYZUnwFkZRqxR32rcATUH+xS5BLZFG12TYrR2mR+PJ2d0dd2KbZ+vydn9FNdf/NF75o+iH7wLE7dOVuv/cr5+XDmNITjU6pDwenv23Idf/n5vVS35/Ur/iA1l4ohJV0HivpvA6CaYYmx0aw79K3wsP9wla0ByAX4quea8Fud80y/Hpf5xuq0iIZz+vNUFdnAWfOZKvWr2QlGO3jV7IS0OHVrSMXmAMHXACqAZvFpc1/QJ5MLmN+cgIjIxPqNWR4AD396oNrglxGRl4HANNylBaJL9/T018XtlmLWm022EQbREFgjixRKYVsHohnUrBxv7pt19JvtDtaEJOSEAQBy/k8gh4fykoZEIBcIYucNtQxKV05VrSfgNuaYPtvjD/g9EIAEFtKowwZsUxK6z/FXF+QBRQuy0dMSrL/HbIXS0iyfQcAQVDrAwAylfiDYR89AWjaPhidWCiFkRRbNC3ndDqZ+wuV591iUpkMg2P4NoyOMpslo2uJUaulrUlFK5P1iWgOiWgOC5kS+g3l9vb2VkEnjcZ3IcdvdP0wikCKh594DLdpUMiv7ru+8gDmnqcZEHLsC79Q10GFTowABrmVrEXZYtmKv07ao3y+WPlcy5ewki8hWyzDZyjncruroJmNxF9JeVRiEIzETc7S61p9xmMJBIIduvIEzcjlEuuD0is1W5RyJ7+yzCCMiVOjbDu9rnXOnXh5DEeuGNSVJ+ghv7LM+qD0Ps2SkM8CcCErxSBFbHgSWQZhNCv+J+Nz8IRVh5PNkjX+53f8ydnF1tuH/dBDLiSzdfXWA2DQDPVh5hTTLBlTF1Xd+8fMoZta64Hmpjwy0w2H3ojbT72IB7qu0kEqpNGZKK7h3FUIeKH/z710AtdceQTRhQWEursZ/DI5Gsfk3tEqF5nbF1/EwVAfctnKPej7vnSdwiCcKIDBrob7T8Vy8AUr96DPvXQCQ5prIqA60nw6CqCri/VlQTCWLFmyZOlCUr0UVRfCPqyW5uhi3//zqZnpSTzw3/9nze1ve9v78MsXfrUmxxhLzVG99Ew7XeQQY4EwlixZ2knaNABmNfhlrW1t9mS5UWci4zqghVf06ccwNzuL6O7dAIC52Vns0l4bywEArr+ZucZshmrBKDMzcQa0sJu4VBaRVBaL8/Po6lF/Dce/NpbjgZnV+mu2jOALv57G3OcsYSZext5A9YQRATFbDcJEswuIRqPV4Ium6W+fQyPxMyDmAxU3GKDiFMOv24iMcEoj8MtalFr63ZamLztzJsvSE3l8dpbKiHd/6Q2UWQqk3kBlQu/k2DR6uz1c/Q6cOUMQTKV9arsZqgWjjLxykgEtbN2ICrnMTybR0+9X63OvjeV4YGa1/tYjBWDwSyyTwuk59bgJ+fyIawALOazEpDSCHm/19V1Kcf8FkLUL1Y9LKYyLszjYswdBjx82iJAVRS3ahPgFQUAsklpz/LScyKYhKwpiUgqKokAQBCiKGjcAxNIpCIKAAz3qOdDZ5QcEAQGnt6nH/cLSEk68rk6y9XV1YGoxgT5uuxRbhCfYpVsGAE+wiwExRmiG2phaTOAERnHkkqGmgzDfeP7k0Y+89fBxoAJn1Eo/Uw8sISWiOV193iHFmO6GRG4pk6PxqvQ3b3lzGL/6dUTX9zeeP3n0Qon/suF9eHXkLIAK3FAzfY4BzPjKIw8BAO6452m2jk879JVHHmKpdHYF3VXpekjkNpJK56rS9+wKujEXy+j6vmx4H6z4zbWSL+nq84DOZsRfuZgqEG0tWMkto83ZwlId8amZgAqg49CASH7ZrLzH50dBc4SRy3kUC5vjHCGXZbS72xFZXEC4rZ2lquFTYwEVQM0XclYtm5UfODSEVCqNcFc3MqkEchqQ2iwRFHF2zIYbA7tYyp1mxv/7RRHhkg8/W0iisyON9lAvSrI1/hfK+BP8ovtMsYM5ukwWgEJEhj2s3QudKCB4xF71uhCRMRkWdXUb6auZohRGY9CDLV2uIHu9mI3pXtM2vgzV7RMF0xRKzZDTJUAI+PDHfdfi9p9WnGAmx0b1Y7awYLpMDjGAmoKIHFn4e4bJsQoEc/viizh4uA+9vn44Xer+vO9L1yl3Jb2m6ZImx0YxtDdUs38AuPryvax9gm9GZ6IARk1TON2V9FoQjCVLlixdBKqXFmcrtm+l6qUw2SlaLQ2Ltf+WtouO3X2rcstH71hzvc994Wtb5gJDDjUEUG13l5f1KpmQGOCzHdJMWbJkyVI9tWxlZydGVCDgyPCedW0HKmBNM4GYTFmdcHXb1Ov1cI/M0h0B5oDLrt27MTc7y14bZazDu78Y+9u0Lx4a/GIGuHT19GBxfp69NorqRFLZKgBmq1Vv/NOBkCk8UgsqabbM0hPtpPiD3W5Mjo2gf3B41bKrnXuNnpvNTGMmpRLw+DqwuGTXOb7QeiP8Ek2ka7YVTaQR6vBiekFCry7eDiwuVTvKUNubJYJfzACXnn4/5ieT7LVRVGdkZKIKgGmmZEXBcrGAzIqkgR8Kgl4foqkkUhqoFeCgkaW0GjNBJTk2makAECCKAgABcSmNTDwOURR1MEpMSqLd7obbYQew8RRCiqIgnksjkk6sLX5RhKzIiGjHAG/ooigK4pkUUtEYFEXRxZ/IptGat8Hv8DTtPcjlcsyxBajAL5HIAltmx6wBcKm1DkBVG1OL6r4uLC3B53ZXOc80S2aQyORonDmr0OQOD4EQ9GGEPwB9KiBKS0STi8bytVIKdbtbqpxTatn47qT4P/d49S6YQRYEgbhabQyo4CEKgkaM8ASgT6VDaX0IbjCWr5WSx9VqM3UecTjarPi5OM5X/HzqozZnO4Nf+L4qdVqRzxdZ/Pl8gsEwfHkVjKlAMADQYneobjBNMtDydajnTkaS0O5WXUfCXd0MXuDPNVYn5EQqmmPnbyo6xmAGvrwKNlQgBgBw+zpUN5JSkx46OUuABJx+dZa5jmxm/NeVfHhyLItrXC2IOsrW+O/w8R/oqw1xE/QyGTa/z4qdKDRUd/86+m5UU/LaLgQ87LKWbevpqxGJJl8befjF+PnOgyfk8gIA12ugydDeEJ7+6Sn1O8ByWdcmD6O4AoJpv3wZioOHbIz903qqq9Yf1QCY2m0CwHPPPadcc8011kNyS5YsWboAlZhbqJtSZnZRfdC+WdvPzE9sm7E4+/rJi/pYuNj3f7NVyscwM7+wahlUeQnvbK0HrtoqIItPz7QaQHVocBCnxsZYiqHtpkZio3G96577LAjGkiVL21riVnV0YuQcjgzv0cEtJ0bOMegFANvOrzNqq5xgDoT3M8CFV7enNuhgtm1udnZT3V/qiQAX3QeUr7aFttk2vg1KhVRrudla6/i3d1f/6n4mXt70cc4UJAbCbEX8oVCoae4vjYpcmPjzL7aQqUpVFux2N9X9qRERiLK4ZGfOLfx63vlFTX9kLn4b1eHbM0untJkiwIXX8HBtmMVsG99G0vDL52QTfgmdyechyzJkWUa5XIbX5UaxXEZscRGyokCWZQaHxKV05S+TQjSdRDIraX8ZJE3em7QJhCKKApaLxeYc17kUZGW1+JXq+KUU4lIasXQKsXQKiYy6ThDU9EeiIEIUBEjxOItf4L4KJPPNsVLN5fST1QS7ELjCa2ox0dCfUWYgjVnf6xWBJDygofsFs/aa4A92bTRMLP7q15GqukbV21ar3Gp1dnr82awGKnCAAw9B0GuCJ1g9A9gwF8tU1TWq0XRBZv3zcjjaGHxhxX/+45fL+vuUVrt+ctvldrO/fL7I3F6ymYwOiOH/CIoxtiWXy7r+N6rZc7Mo5vX3by4NuCHt7e1lf6lojrl1zExP64AG/o+gBmNbxXwevo4Agz82Q5sZvyfswmKphBbRZo3/BTD+Vd8v3GGWpsgeFnWgSyEiY2qqOoXT1NQ0CpHKjzxiJwrMLYZvr9kyc2UxrlvMxpjjS5criFMT41V1Tk2MM/iFL7+WftYrOQ+MzU3ghkNvBAAGjIzORNHR6WSvf/T0Swwsof8EuUyOjeLpf3kOL7xS+WHBJX1uVo7avOHQG3H65BTrFwCiXzzFXFsmx0ZZW2zdaByjM9Eq+IX+87ALn36Jtj39L8/pto3ORBH94inr6ZslS5YsWbJkyZKlC0o8/EIiyOVCkxkcQxCMdSRYsmRpO2rDAEwjqU1qAS1GIKaROkDzIRi3TTB1Y+FdXniYwQxi4NfxdczcYWr1tx4ls8vszyje5YUHWcxAF34dX8foDlOvv2ZrLePPwyMEjWyFi0qb1wG33bNj46fzaXJspHJRsOsnBmoBLUYgppE6Zu03U7wry/SCpINf6rm/mJWZXpBwcmxa1y4PxDTl/E0usz+jeJcXHmQxA134dXwdoztMvf7WI1lW0KY5FsQy6tgF3V686dLL0dvXj1Qshlg6CVlWGEhC9dT/1T7+cSmNdDSK/fsO4Mo3XIFOrx82QUQym4Eoimh3qE4DYhMmIGRZgZxWVok/ZRp/KhqFIAjMOUbQCJe4lEYyuoT+/gFccenlCHp8ULQUSWVZQTFZVvtVmvPdgJxY+JRG77z2Wlx56TAikQVTqAVQwRYzUAaouL9ceekw3nnttSx1EvWxWe4vvCidD1CdUsgIePQPBfCWN4cZhGKEPiZH48wFxWwbL+qL7x9oLH3RTos/m82gpcV8vygdDlCdkscISPi8TjVFkAZxGKGJVDrHXETMtvGivvj+Ab0zSjabQT6/YsW/TeJvsevvadqc7czhxZhuKRCs/gw1W0d125ztunUtdgfrf6OaPTcLt8sJt+FzPdzVzRw6jOnGjlxR/Ssos3VUN9zVrb//93Vg9twsUon4huO3Cza02avB3M2MH1AdT5qh9Y6/57IP4C33PI233PM0PJd9YMeN/0bib+b4kwhQof/RTAT9djUNkifcYur2kvEsIOOpvn+InSjAE27B/gN96LdXUh4Z+2iW+kRB91f1PbiGq0sqkkQqkjTd1uUKoi1oX1M/69XY3AROn5zCe1IVF6z+wSEM7Q3BF3QiFcshFcshsZRjYAl9vve0q9dkWpdYUq/XHZ1O+IJODO0NoX9wCM5dHXDu6sB7Uq04eFhNjMm7z9B9Ag+0AMC/v7zE/tM2vn9jvdGZqK4OyVjPkiVLlixZsmTJ0vr00Vs/I/zm5Zfwm5dfQlxaPSdqXJJB5T911+ctd45Nkhn8cjHqrnvuw4eOXmlBMJYsWdp22nAKJCk101BKk3ppjczK1gNgtkJnIuPo9jhQK4soDzTMzc6ie2ifablujwNnIuMY7tm8NCR+V3vVOru7A2FfHIvz5nV4IGZxfh5h3wHTcjwYQ/1sBfxCY9fI+M/EyxjsNi9n5qrSbBnTH5EbzGbEH3KpBaPZhabvB53LcqH6AeVaoLPVXGDkQrxpaZCMQIrH18GgFaAaemlzebCSlTAdr0zmTcdt6A2U0ebyVNUJdXhZe4cHe3V9NisFkt9fff729PRjeHgA85O/Na3DAzHzk0kM18hgxYMx1E+z4BcAcNhFRNLqOMiygk6vD0AFJvEFg0jFYpDicfg016KM5opSlmUUSkWIggivtm1y4iwAwBsKoazIWEonEXR74Xe5kdScEqJSCp0eP9CEr29lSUZMSq0rfpsoIh6JQBRF+LVtE5NntXohKAoQS6cQ9PoQ8PgQl1JQoCCSTiCk+BCTUxuO3+l0YmGpMtFgBFXC4W4GuoTD6rXDCL3QMm1/6bUR3bIUW4Qn2AVPsIu1u7C0hO7OzqYdR994/uTRj7z18HEALFUQaSFT0pm28oCHsexb3hzGr34d0aUa4tshGVMLGEEVY7sXevyXDe/DqyPqsUupdkjZYhk+riwPSBjL7gq6MRfL6FL18O2QjKl3jKCHsV2jXC7186hUyljxb4P4S8UCWlorE8YrOfUzxuV2I5vJ6CAYo3MNv47K8XVWcss6CKZULLD+m6XlTArt7sooRxbVa+Le3l7MTE/rIAajcxO/jsrxdSKLCzqIYTmTwu49u5sWu0/2AUjqr+mbGL8UyWLfYPm8jv9bPvwgvvLIQwCAO275GH513/d31PhvJP5mj3/IHWaQyuLrL6mfJwUVfgFUFxhEqO8S5MIyYMheJMeWIdlL8IRbKnU0jZ+ZQtmuuo7YevsQzUR0fTZTY0v5utsXszHML9t011MA6roaKZD4Ngc7HU2PeXhAu0ePAs5d6neL3Fyikk4IqqMKS2nE3RfML5fZvQV/v8DDL0aRA0yvT635wtSMcHXfXmVwucyAmnntdU+7reIyw91zmDnM8ekXqT7Fzbc7Fs/iC995zHr6ZsmSpR2vSGRu1ZQakchc3bKbvb1W+WaOQa3+KU1RLW329vWMTzP3fzPG+3wcz/X24WLf//Op//p/fYE9Cf3sf7lTabSspc3RavBLvVRHq6VB2qzr12rHd72YVkuN9P/+j+P40NErlUePv2Qde5YsWdo2amlWQ/yE9makQKEULFuhkfnKwzuji0ct0IXEgw28+8vIvIjhHrnpsZrBL7yMLjC1QBcSD8bw7i98P35X+5ZBMGsdfz5l0Fa4p5ipzetAJirtuPjV83ZmU9omuGYzJaUSmF6Q8MtXF3RAS9X74/KgFxUIpl7ZaCKtA2Z6uz1NdYExg194GV1gaoEuJB6M4d1f+H78/vamQjAAEHT7EJPSkBUFIueEko5GYbOJ8IVCujRGpGK5DFmW4Xd5mKNLOhplqY86vX6IYuV6HPL4VDhFAIRmEDDa18Wgx4eYlFpT/Jl4HIGw+mvmgMcLRQEURUE6HkMqFoWiKAh6fcwdRlFUd5lIKqE64CjN+zzo7uxkcAqJXFwAFWYxpjAygi/8dt4dxlivu7NTB900Q4qiPHXbNUeq1hPIsdqvhmlyZi2/LjYr20j9bzx/8uiFEn8t9xESgRCrpc4hoKLRFDtUp5F1Rl15+SWw4t9+8cvlEkSbupyM649DHnqhFEg8hMOnRTKr0727nfXRrNRHAOB2VSCg/MoyHG1qP6Ovvaq/L+OgEUphw08I82ltqutMM4Ahv7Lc1NQ7BaUMtNuwb7CMnyVSuK7k29T4f9aSwr7BMmyO3vM2/p7LPoAX5pbZ8fOVRx7CHfc8jV/dd/2OGP+NxN/s8TfK1tuH8rQKSBAE028HCuEWzOfOwY3u+vefuXPoCe/B/gN9rA2+7c3SlOYo2Ba0YyVW7VZDqY98YX/ddk5NjOPQwP4q9xdqm/pppgNMNq6oUEqXCi/n5qrB+v6hAKDBJASUGMEUWm90myPx7Q4PDCAbr8yVEAQDVH7wwoAbAGPxLHravab3F3TfQtvG4lkMBly6+vSah1+uueYa64G4JUuWdrSSCQnJRP20Fsef+CZCu4fw+1e/pWZZAjk2uv3k6L9hd1d4S/adT+dhFt9f3H63bnu9uDZj+wP//X+yGM3iu+qqnk3df15n5ie2/bGcmFuoezzXg40uxv3f6PHTbF2MgMt6oJDNgpma5fxi3KdIZG7Tr190fPs7PFV9b1QWBGPJkqXtJrEZjfDpU8xkdH85MXLO9K9ena1Wy/NPmK5fkGr/wqzWtlptNVN2t36Scnxk3PyDNZWt/aFbY5sUX9H1Y3d3rArebFRf/9zdylrHf3nBfPLv4Qf+y6ZasJHjCykajaLwgyU0K/7i82lENSAgml3YFPcXgsvM4DUjeBZbyJj+1auzWZJSCUipBE6OTWN6QUI0kcahve2YjtuwkpWwkpXW/75q9afjNhza245oIs3SIjXL/YXU09OvW37mxz8yLTcyUvtLZK1t85MTun56evpXBW8aFbmnQAAO9aiAU8jjB6BCId5QiIEhcSmNuFRx15FlmaVAiksp3baOzk50etV2wt4OCIKAod19LM1QVErpUhKtO/5MxYXlUE/vmuIHgJIsoyTLiKVTWEonUVYUlMsynD4/fG4PCqUSfE43iqUSBrp2oVgqQ1ZUFxhKA7UR8SDKwSEVwCBnlr6uDga3ACoQUysdktl2HpqhNqkPY9/N0MPPnRAIzljIlJjjCe98QimAyD1Fdx/CTc4YtxmXzdbXqkOxLGRKDB5RFOWpCyn+sqyCDQQ3ZItl5hjCO4dQCh1yH+HFwxPGbcZls/W16lAs2WIZhwcrAGk2m7Hi3ybxi6LI4BcA6N69B/6AOhGbzxf1n6v5UlUKp5W8/tilOv5AAN27K98FRFsLisVCVf8bla2llcEXAPC2d/0hhi69TI0vqoeCEtFclQNCwlCG6gxdehne9q4/ZOsdbe3ISOo9yey5jaexsQsVSFqKZDc9/utKPpwdaz6YvZbxP/y+j+GnT/yj7vh5YW4Znss+sCPGfyPxb8b4e4PV94Lk/kIAiz0sose5B+nCWYgm5cVgO9KFs+hx7tG5v/Btrdbnuu6bvR3o8XY0BKQcGtiP0UkJPe3V18Ke9jJGJyUcGtiv3jvVSXPUJwqs342Kh1AAPaQyOTaqH0cObHn2XOU+dH65jG/+y2RVGb4Nvt2Dh/sg5wFXQL9/L0zNCGPxLOgPUIGVj3/lH/GF7zymA1qo3/nlsu5aMr9cxhe+8xg+/pV/1LVBf5bziyVLli4k+Ts8ODQ4WPPP3+HB2ddPblk8v3n+nxuKyZIlS5Z2sghYWquSCWnTgKxGgBFyejGrO7sYQTIh4dTYGPtbzz6uV2Z9zy5GTPdrNfcXfr/2XXLYOmAtWbK0bdQUB5hgt5tBMFs18b0ZIueXM5FxtKACKxhdPLC72j57Qcqbur8sSHmWBglQH6410wkmmV2G39WOQqZ6YpOAFqMLDNBjWtbM/SWSyiLsc7F+tlJrGf/lhbipe8ryQnzT0yAZUyDttPj583grJNoDLA1SM3TggAsHDrjwT0+dwqkZ1dmkN1BmqY1WslJNh5daInCG2qB2AeBPbzikXifOZDd+/iaX4fe3Y35+svp6pAEtRhcYYMK0rJn7y8jIBIaHB1g/m6GwtwMrxTLaWm3MPcUoRVGgKApzc0lFoyiV1eOd0h/ZtLo2mwhBECAI0JxTFAgQoEDBSkFGp8ePWCbFYJhmxC96BZTTypriB1S3GjVdU2UiQ1ZkVk4URdhEUW1XAWxeEUH4EMukUE4353Ogu7MTuVwOTqdzDV/SFnSveVBmNeVyuU1xgdHG+SkAgiAIN1BKIaAa9DCmGKLleuXqrTeDVfhl3jXFDH7ZqfGLgohWuzpDmUxJsNtbcdnwPjgcbXjplddZO0ZQwpiih5brlau33gz24JcvOdgLQWyBTQTy+RWUZSv+7RZ/WdZfz9qc7XC5C8jnzaG7bLEM1HGccbndutRH7Poqy1jOrTTlemMX2uDUPheLhn0Pd3Ujm0oiFTX/NeBCpqRLR2LU3t5eXeoaUrlUxNxik66dgh0OQHMEmd2S+AHA47Wdl/F/yz1P494Hvlx1/Pz0iX/Esds/hZMApFe/v23HvxnxN3P8SSG3+stpPi3R/gN9GPnlBCbD1b+TSRfOAjHtNc5CRLuuHunqy69kaZX4fjZDBKzQaNdygwGA0UkJgJaWZ1JCD3eZIfeXKVnBYKeDpUBqpusLyekSMDY3gYOH+3D7yRfxQNdVACrgyuhMVFeenF8GAy7mtEL/Kc0Q28eZKIb2hjA5NspSId2++CKOXnmteugq1fvzwtSMAADPPfdcFZ2tAi2Vfghw4V1jKutQF3ax3F8sWbJ0IWg194HNSlmx02KyZMmSpe2glNT8LBXH7r5VueWjdzAHoUbAEFIkMrelkMt6RPtldIhZTQT63PLROywXGEuWLG0bNS0FUqOT50anF+O28+n8Mtwj46nfTSD69GPo9uihBiPEML4UrdnOLhPAIfr0Y8D1N+OGNwxs+n7MzFQ/1DZCMCcWF2vW51MfkaT4ig602cwUSJ+/8zNKw+Mf035dfLASs1nqoAeO3aHcfu9XNv2DNxqNYvrb59Ds+FPfnwQ+AIQ0WKBZ4lOXNaJ66c0aTVMmF+JNjL8DgPqQ++1vOYJQxzSiiTQDVghg4UWuLj37Dqplzp5GL6ohGUp7RA4woQ4vDg/2sv6amQqJ18gr1b8WMkIwy4r+/OP5GT71UWX7BPyXH2agTbNSIHmdXkSlJNxtHkSlpJqeyKCB/n2YmDxrWl8URWS0dBmioEIuA/37NKcVFX6JZlKISykIAuByeBDLpOByeHSpkdar7j0BRGYTCHs7EFtj/P5QCPFIhKVrkrWURv1a/OTwEpWSWEonISsKuv0BRLNphHd1IDK3cRchn9uNhaUl9t+YBgkArrx0GC+9Vu3SRtALn+6Ir8O7wfBt831ulhRFeUoQhKpUQwSV8GCH2ToqywMhtdYboRGzFEcU04UWP8ELAGC3t8ImgqWYITeSfL4CG7w6op4HBEZcefklDNTg1wHAS6+8rgMqLhvex9qo5zzCp9gx9g8ApVIJLlf1sWfFf37j51MgAcBKTv2M4dMdkfOLEbihNE9UhlIjreSWdRCMXC7V7H89cnJQKJ+CBwAii+o1kU8XRG4HRuCM0pxRGXJiiCwu6CCG/MoyMtkcdu/Z3bRrZSYXhccXgifsArhLwWbETyl4AACCfUvHf+C+Z/XwiOH4ufeBL+PY7Z/C4//00LYc/2bE3+zxB4B0rHIvGHKHEe0FS4N0aI+oc4ERc+r7Iwbb0denOuZNTU2zdbz7Cw+72Hr7dMt8nxvVfFp/H8VDK1X30Zr7S097mbm9nJoY123rEwVMyYoOeBnsdFT12QwHGNEBDO4agKg1TxBM/+BQlQOMWfohgl/4MkYXGB5+OXi4DyMTE+j19cNV53cVRkDlueeeU77wncdw54dvxpgWBgEud374ZlZuNYcXC3yxZMnSxajPfOqeo1vRz9/89V8c36p9uvrqdxzdye/JRl2Ed/r+G/XfH3laEAThhov1HF3r/jfDhdrSxtWoEwkAvPTr32xaHOHwLoTDlZgA1Izr0OAgfv6vjaeru+nonx3diuvXCy/8vO7nB4Ews4sRvONtf1D3PTHuv+UCY8mSpe2ilvPZ+W9e+B0A4E1Xv2HbDMiB8H5EUT9VDenpnz0jAMD1172z7qcQtXUgvB+AvKnxz8zE66Y54vXss88eBYBrr7227gce354n0LYl70Mj4/+TZ35+FADe864b68ZfK7XQ+Y6fHT/v/g/K+YyfnFjWAsIAwMuvqDDbFZefP2hNTYFUgVEOD/ZCSiVwxTDw+P86DUADWeLLOLS3nS0T/AIAPfsOYvrsaRzSniOr8EwFQvrgHx7UxkntY3HJrqVAyjZ9f0ZeOVk3zRGvdqFdAIBlZbnu8cO319O/OQBeZqWaXo9LaQQ8XgCALxhEwuAYIisyWgQbFCjasgK/lnIo6PWx+qIgMLeXzIoEMmmR5eZdSyOziTXHH49EGPRC8gZDAAQEPF4ksxKrL2ouMNSPKAoIe5sHUKUy1WDa1GKCpTAKh7urIBfjcuVLnDrh1tfVoWujXl+bISOwIQjCDWZwRy3gY63rG4nhQo0/n1+BTTRfz+uy4X061w9ABSaM5eqtv/ySA7r6Zv3UW29vtVvxb7f4V1SwhQCYldwyioUCsty1wixtE4mt59M4ZTJwaZAdQTByuYwWW/NT8CQ0iJEAjMjiArKpJGamp1kZs7Rl7H6P1nOT1DPT09jbC0QABjEU83m0tzmaeP+TA+BCa5tKKTwZn8ONgV2bFj/JIdiRyUW3dPyv3tWOJxtI5bVdx78Z8Td7/I2OLOQAY+vtY/8Lv5xgYItb6kbGs4B3Xld58Ln/QB+e+dm/wS11M/eX8TNTCF0e1rUVzUR0/TXDDcYIv5DIxcXoAuML+5GKJHHZm4cr19TgMF799Qh8YT+rtxIrABr0QuvM+974dx+CX06fnGIOMLr7rVhubfeCWnlfUO8I+EDXVbj9pArBOF1r41AIXHlhqvo7otk6S5YsWbLU3O+UjejY3bdeMPtysb+X1j5Z+7/dFYnMrdlRqpE0QWsVARdmDiXksLIZzi/aNVe55aN36NYR+FELhKk3BmZgymYcl2Ztmv1w74nj3z3e6HtfD/yxXGAsWbK0XbTpAEw9xxcz8MVYfiscYZ76XWWCeOmfa/+CSURlhiIvK7rX/Dalxrzsv3/zXpx5b+XXUs1yg+EdXxqFX9Z1o2NoezNgmHs/8xllzeNfSmI5XnmonXT01Gz72Be/2PQP3mi08iB66pFz2Kz4k4+cA26pLG+GGwygB2HqOb6YgS/G8rwjzOTYCILd7qalPgKAT977sFB72864CPOOL43CL+vqx9B2M2AYR2srOtq7AABlyHC0tuL0/Iy2rQWOllbEMym0tNjgaG0FAPw/H/+06Xv22a99UUnHYgx2CXi8iEtpJLMSZFlBp9ePoNcPm3YeLReLTRmXQ/vUXzLHl1T3l9Pz+nN4KZ3ULf9///NdpvF/+kv3KbHFRRTL6mRiwO1DJBFHJBGHKIrocHkQ9PgQ7PSp57O7OZaX3Z2d+s/Q1/W/HOadXADgTfu78cnP3K3bh69+8X7lN+MLujoEvkwtJoDFBI5cMqTrK5fLbTj28Z/8NwUAUolqyI/SY9C23zx2NwDA11H90+VG6pPWUn/8J/+tbv1XumR4fJWJpmIuCsXhQkkuo0W0ae2o///ttb/DYqmEkM+JTC6KlYJLu+42Vr99WVhz/R+O/23d+v+xQ6w/ft0bG7/Nrr+W8V/P+G12/ddGL6nab4JOREGEw9FWBaEY4ZXtUF+02SCXK5P4bc52JONx5PPqNbrN0YKVfAmuVpupUw0AlpapzdHC6gEZdO/eU9VXs9XqcKCYr0DL4a5u/OtrryIVVa9xHSEnEtEcut0tDBZ5+LkTAgDcds0RBQBLS9YRcrJ6wDTe9q6hqr6ae9+mHn9SJIsbA7s2NX4pksWRwUHd8b9V40/HyGrHz3Yd/2bEvxnj7w3yacYqqZDGz6guMPawiNgJfSqhZ372bwBUIAYA3FDBmPEzdhQiMg7tEXXAC/3n+2qWCwzvxMIDMTz4spiN6eq8+mvVEc8X9rP/qUgSK64gxtbRVzN0V9KLtEO91/xf/3YaWSmNdDaP12b0roQ9bv3xa0xFND+lfgcLpYs4PZFG5hdn8d7fV91u7mr14re+/qbF/OD4vbrv6zL3uw/RAWTjCpwuAaKjsi2Xraz7+P5j1oNwS5YsWbJkyZKlHaTE3AJzBFmrzsw351n3ybFRHB6sfEeqFQ8Pv5ybO9f0sagFAdUCYYwpj3jo5XxCWKtBMbxDTDIhNex4U2+MLFmyZGmrtSkATLDbjV/8XJ2EMwIs9YCYeuXf/o6hTRuEG94wgJF5DU54780Qnj+O10bPVJXr6unB7916DGci47j0+eO444MfVADg5re/Fcpbj+JAeD/+/Zv3slRDvC4dOsDKAGq6pWbJE2iD39XOXkvxlZrx7x8IqvHED+BIV9dxio1glvGJWM34+X42KwXSsS9+UXjwc8eUWvETwPLg544pfPwf/9y9AqBCLrXipzLNlg5EuQXI/SBRc/z7blGP70t/kNAdP873a5PNj5yrOf7O93c0HXoBANEe0KUl8nW+AWdfe56dy7zqATH1yge73Qh2u7XlmaZCMDtdPf0D8GupAHr6BzA/OYFnfvxbk3J+vPOP3gkAVEYBgD9+71sZzPLMj59hqZJ4vfOP3qjrp1kpkEjLxaLOBSbg8SEupdTXbh/imRTb9n8++PeKEYL57Ne+qNhEEWVZhigKCLhVSIReU/2Ylm6pXYNpmqVkXkJUSnLxe7U0TPrXAPB//Pe/U4wQzKe/dJ9uIiDg9sEmiigrMjq9HYhLKZRlGZFUAnABwXZfU+PP5XI6ZxZybzG+BgAedKm1jnd94etT6iOn09mUuGfPzcLtqrRlBkf4OgIMgshkc6DMYxlJPd7KpeK66lMb662fkSSgywUolYk2xeGCkM+iFYBP9mG5Xc9zhrTJ0pWCC6VcGS1O23mtP3tu/ryPv7HsavVtLVydHT7+2WwGLS2V23BKf8SLh1BKpRJo/r5YVPvlnbDWUp/aWG/9YrGAQqGAlpYW1eHKAKa43G7k8wms5CuuI8bJ/2w2g8uG97G0TK5WGyvf5mhhDjDsXqXJ8Atdf2wtrVVgxN7eXqSiY0hEK6CfER6h17ddc0RZyJTQ7W5h5TtCTuzt7dW12Wz4Qj3oCqarNyN+Eh2/Wzn+J3/0EI7d/inc88Uvmh4/x27/FB7/i6tw6Z9+DK/900PbbvybEX+zx5+AlHRsWQe9EPCS8aj3Be+8UXV84V1byC2G1kUzEQbGSC93Ay+fRvCI2h4OqOXSsWXWpx68Wee9swakEIxCqY8IeElF1Hu6y948XElp1F95CKtLddS/C0+9qMJIvrAfi1mgy6V+XyY3GD71UU+THPwERUC5oCDa14n+Nj8A4A//4CDyuWVk02ncAGB0Rv2RxdDeEFw+9d7xNyfGWRtDe9XvhbQNALIp9Z7Z5fWis0fd51+vxODuEKEIzbPup/htdgGAwsAXl6NyiyznwSCYZvdvyZIlS+dD997/zYaeKT56/CU82ugz0LtvVe665766ZSKROTzy9a+Y9r+WmCxZsmRpJ2vPrj1ISRn4PI2lRT43dw57dm29az2BIca0RwS+bGfnIT42gmHIFebU2OrpkHhZaZAsWbK0HbRpDjBvf8cQYgsZ3YR4bCGjA1xoWz3XiCPYw5Y9vr1rTtPSqCpAyn6ceetRXAoVcoyksgj7XAxeUcvpy+i2aYCM8PxxVreqTBNFQAq/rK47oIt/7151YonAFU+gDZcOHWCvSW86shc4spelUqL4qX6tfpupj3/uXuHBzx1T+PiN8Apfht/GAzJ8/JsFvxgVCoUQfT9wqWH8CXAhgIUvowNbbgH6sAe5HyR042+EX0Ku7qbFzMMvtNw/OAwppQdVpNSM7tyslTpJD7fM6MoRBBNbGEH/4PBFfwEmIIVf9l9euUEcGZnA8PAAhrV1BK709A/gnX8E9pp0081/rNbTUikND6vbhi8/XLff9arVJkDKaxOxigJREOB3eSDLMvZ378HpuRkEPF7IsgJ3IIBUtL5tv487xuOZFA727EVMSiPg8bE+AEDK59HWuvHJUDmtIOmVdG37XR4AwMGePTg9f46lMfKGQkjXiF8UVYDSFwxW4pfU+JPZDDooflmGLMuILadQTG18AsvpdFY5sRC8cuSSIZx4fbRuGiSjKP0RoDq/HLlkCFJssSoNUi6XawoEk8+IyGfy2DfUU7dctlCGt70NPl9rFTRha6nAUBlJgtvjMa2vFAtwu5w6mKK9zYFWh8O0Tr36tpZWFPN5ODwuFBT1fcxLQJtd/TW24nAB2tty+lQMb9gTwu/OmRw7KcDh8WPqdJKt6u9t1dWX0mV0tbSg7FL3M5OLwuFxAbBhYSG5an2+/yODPTgxVgEsA9tg/IGKA0QiGkWHAfLMSBIbb5/Pq3OK2OnjXywpKJaK8PvqH39lGWhtEWG32xn4Yrz2ACqU0mqSoqgsA4pcQktLiw5mabHZINpspnXq1RdFEXK5rIu/WCxALpcg2logpdTxcDha4XC0IpXWX6Py+RWUSiVWv+pzwOvk7juS8Pj8kDVnLVmWWf3mXX8CyEgS8ivLcLS1Y+LUqPZ55IQv5MTk6NrSUPYPVe6XJ06NYuDQEPIr6md3uVREKhFHJpvD/g3G7/AABaWMvHZKUgqezYj/Zy0pHLxsN6KpHBwegE8TuRXj/9o/PQQAuO8zn8FjT/9Ad/zc95nP4OSP1O2v/dND23L8Nxr/Zow/78IScocRujyMaCaC/Qf0YAtt133XMVn+0/d/wBSMqdXnRmV0YRnUQJXBTg1y6a//i0MGv2i64apL1tjnxh6kq2CIglxWvffMr+TwtT1pfBpdgN/PwJV+kx9VXt9d/zO7k9v+96FFfOKceh/bTPiEj9/JrXO6BBWCCQhVrjCU8tSSJUuWLK1dyYQEY8oNS5YsWbrY5PO4cXJsFPTTet4NhtdmuL4A5umPGtVNR/9s28MvRlGsgiAc5d1gGpWVBsmSJUvbQZuaAsnoBkGT6quVa3TbZogHXITnj6PzvTdjv8G1hcrgP3zGUE+/TYmMA88f3zT4pZ7ICWb/QFAHq/hd7ToIhhdfbu/eAGtjM1IdrSYCXOqlLKoHtdC2Bz93TNkq+IVEEEzuBwnm+GJ0bhnqO4LR95+o2sYDMn3oQO4HiU1zfuFF5yUPrxhdWngAjXdy4deb1THWJwhGSs3A0XGFdRU2ETnBvPOP3qmDVfz+dh0Eozt/uXLDlx9mbTQj1VHNm2EoUBQFbXYR2XwlXRA5uADQuafUkk2bxBW1CQneMSbo8SImpbGUTiLo8aHVJqBUbs6D9LIiA7KIclq9NsekNERRQNDtXWP8gha/CFmWkcpKKCsyRFFEwOPFUiqJpVQSQY8XZUkBPM39LHA6nUhlMpBii+q5Fuxi24wpkAA15RGlQTKmPzLW8QS7IMUWIcUW4Ql2mUI3675H6HKYun4AKvhQzOfR6nDAaRPgaKsc35lUJT6CJ9yatUgiGtVBLalEHB0OF+BwIZHPwmW3IZPNQdAm/Yv5PHgElwAL3i3A294GoI1tl8tqmZKswhetxRUALigOlwZDJKH99h3XZFrx3Lkoriv5dPH/S1kdwykAV8dkFv/PplMAkrAfCkJKVyCpPAAplYPH62Xrr47JQCyOvVysxd/mAeTxQrACRhD8QfDF1TH1+BPP8/gvr+QR7lKhK2qfB2z4dh1t7cikEmw5srhw3sdfimQxBbC2n4zPYRIuXf/XlXz42bkopEgWJzDPUqU8GZ+Ds63V1HUF0NxZymWINhtsggLRVrldLxUqs4qUfqjFrh4D+ZWcDmrJ51fQahMBmx3FsgybqMIvgtgCQFFBFlSgGkplxLuttLaIAOxsO5Wh+ClWioHkcruRzWTg8zqRSucQ1NJ3jJ+ZQv++Pjjb1Ne0fiVfYvBLtftLC0qFPESbDYVCQYu/OdcfOtbdPj3ot7e3FzPT0+gfCmByNI7hfvWY/uz1lyv/9elXBHpN6xPRHIMXjO4ddPy2OhxIpdLs+rMR0fFfzs8CsLEUPJsR/3UlH558dRb7BsvIo7ep1/9Gx//cM9/GuWe+jZu/8Au8MLeMs6/+FPsuezd+cufbK98zt/H4byT+zRh/o7zBdniD/VVgDIlPa7QZ9Td832xwhNnq+mtVLltxSnl+TwnPQ73XvH3xRQDAf1H2orO7B38fWsSno126un8fUu/1zNafPjmlqw8Ad6Zeg8fnwjuwd1Pip9RGuawKvjhRgV9EByxZsmTJ0gZ1amysbpoJS5YsWdoqnRwbPe8x8NBLrXg20/WFTwXUqHaC80s9KYry1HogGGPqJ0uWLFk6H2rZys7IUWK9Li4brd+oeIjlTGScW2csU7s+pVTar0EyWwm/kJoBrpwP+IXUDHBlq+EXUigUAj6qQisr6TxW0nm0eStPAaPZhbpQC9v20VDN+gCAwBYfUwaIxePbWP1Qv3URrqVmgCubCb8AQK5QRluriKiUgqKoMAwgIJpOQtDcYBKZNARBQDK6BAAQUPuUTEdj8IaCkGUFIa+fATUkWVGwJCURdHuRK2zcQcXmEdGheDCWma70IStYSqcAKPC73IhLaYiiWNP9RRd/LApvUD13Qx4/g2dEUWR7HZOSGPT0IeFJb3z8NSeWhaUl/WelBsLw6YtWc3+hMuQC09fVwdrhtbC0hO7OzqZBMOQIQiAGARQEophNjPLLkcUFBlHQtkwqgQyA9PIKlGIBu/eobTvRjlxyGQF3GwrKCtrd1RcwAjEii5XxIqcSY/+hfCuSzhJWCi602bOYPF2EFFFdSN5lUyfyi8jjurbq+G+EBnLMLsDNxX9dyYcn43M4rS33HfRjUSrBIZfQZs+iuAIALthc5apx4eO/dHb1+JczqfM7/oFqJzPq1+3r0EE3xn7DXd0Qz/P43xjYBXBGJDcGduHJyBx7zbeJgA9PRubY+hsDu/CtGJgjC4EwBLAQZGIGlvDLK7lltDnbddtKhTyKKKBYkqHIJbhcKkzSCqBYKMDeaoesyGhprZ6ZJNBmJVeZxG4xpB6i/kvFAnOEYesKeXh8fu2ePclAFoJhABV0mTw7VTlmHaq7TiDYwd0r+GteMyj+Zl1/bC2t7NjKpBIYOKQ+UJs4NcpABIIZ1HMkh89efzkjMH0h9Vg7ckVlYoLaMFPA3YGCsrLx+8y8A0lnCaNjFfhis+N3eYJYKQA2V/m8jf/jf3GVdi8BTDz2eQaN7JTx30j8zR5/Ep8OiZaNbi2rwS8bqb/he10DvNLj7VgTyLLR+usVOaX0Qv0y1B5NY/DdAxAdwKMTEwDUezCCYkgHQ3269QcP97Ftf/zua3X1hwfU7wFDxQAERUAmIcPpEpoafzauMPiFT3lE8AufKqmZ/VuyZMnSxSALfrFkydJ2Uj2wZCvSDZ0cG9UBMEYYxqz/ZrvB+Ds8ODU2xpZrXaNPjY3hN8//M27622/taPiFRBDM3/z1Xxzf3RWuu9/8WFmyZMnS+VbLVne4UXhls+EXUsXRZQCAvK766627HtndHShk1Id15PBSK01RuGs3ALDydneHbpl9UGn1k9llJLPLbJnvy1K1KD0RQSptXocpxLJZ9deiybER7Lv0rTqQRbQHdGmRjMukYLd7w/Utqerp6cf8/KR6vmkOL7XSFA0PqzbtVL6np1+3zM5frX4yuYxkcpkt831tVASzKIoCQRAQS6cgCAKCXp+2Tt2WjEYhCkJDri0MguEmOAkkCbh9EARAFEQIm2ClHpdSkGUZAY9PSy2i9pFcijTcBg/BkKNNVEsJ4ndt7jFPsIsxZVEj8Atflk+FxLd7JNi1qfFnJEnn+EEQirsOaJdNJYEu85RwLrsNPu3zjuT0tzPooxGFu+qnmxPyWQAuTE4XmbsHG8t1xv8umxP/ooEcUwC6u/1aih9gpeBa05iuFv92G38zqGcnjb/RBaLRbYDq+kIgiWhrYRBKvRv1YqGgA2B42UTA4dRfc1rtdgbdNKJabdf8UsHBOR6fn6UwqieCZGqV4x1v5HIZEDZv8pQ//gYODbEUNPVEkEOtcrxjUjGfR9kmNi1e9fjf3Ph/1pKCFMni0jf713z9scZ/Z4y/EVZZa6qijdbfqIywylrhlY3WX68IBCGIRDjkY7A0gSvkpDJUDEDp87GUSQAw+O4BCFMpCAM+ZOMK2qNpCI7q+oO7BrCcVeAsqHX5NpoZP1CBXui/Gr8+VVKz+rdkyZKlC10W/GLJkiVLeu3ZtQcpKQOfp7Fnq5sB5YTDu3QOMLVgmNnFyAU3/oqiPHXs7lsxuxjR7WsjQJAlS5YsnS+1WEMAZMrqgxi3Tdix/ZkBKTy0Uq9sPZiFYJpGy1vi3Fk46dxbNCeJWg4wG62/VhnhlNWWm13fEkyBFB5aqVe2HsxCME2j5dcqp90GBSr8EnL7oOzai7iURiyd0pXzBYNIxWIQBMAXCuH+7z2iAIBNm4jyhoJIR2PqdTEQ0K49FavEkNePoMeLDpcXMS09ktNu23D8HYoHUSmFsiwj5PFjX/duJLMZRFMJDYBR5Q2GkI5F2ev/+7GH2dN7URThDYaQice1fQlp8WcgyyrEE/J1IOjxIujxIZJKIJFJo4NLs7Tu8Xc62evuzk7gEtX9xZj2KBzuZhBMONyNGQn47P99vwIAM1L1dkCfBqmvqwOeYBe6OzuZ2wzfdzOUiEar4IdwVzcmTo1WAQrGSUWzSUZK35OIRtHBXStz3DlhdC/h11P/q2ml4ILHa8PCQjXgsJH432Vzqk4ssTzOdkxDkXdjBerkp8MDlOTmxH8+x3+tMuvnfI5/M+In5VdyVU4vbc52SKlkFYRihErMIBNKn5RfycHRVjlXi4VKuiOjewy/nvpv6B5CliGX81XxA3qohV4TGGPcbhYXpT2i/YGCprm/kMqloi69Fi/+/aLXBDYYt5tdVyjtDp0PtrKtKe4j/PF/xTVePPnctClgtdH4f9aift7uGywz+GK9x781/ttz/HXfP0zSFK0lddFG619McroEnVOKK6A+E6BlQaH0QjIDWKCBIwSeiA5A7lOhGVdAAAI+0/pUPmeov1Xxb0b/lixZsnS+dOzuWxum+O69/5vrvuCtBX7ZqpgsWVrLsbYTjrcLbX8uBvk8bpwcGwV5uvAOMLya7fpST7VAEAD4/AXi/mLcpyeOv/d4o9DLvksOWweuJUuWzqu2HICJLagW6Ot1f9ho/WaJIBbSVsEza1EtB5i1tmEGwVhStZJWf5q3XmeWjdbfqMjFpX9w2HQ7OS55fJW88Xwaso3Wt1Tn3PO3N6WNZHLzzt+VooxsXkKnxw9FURD2dqCTS10U8vgQldQJnHFBgKIo2Ne9GyENBHG0tiLo8SMmJVnKkYM9eyErCjq9HYhJSfaaYJKg24dYJgWXY+OfAQlBQiyTwiW7+wEICGs2+GPzUwyKiUrqvpzR+j+4ay+CHh9iUgqiILAypzVg5mDPHm3fK3UHd1Xs6UNuH8bmp9Hq3/jHby6XQyqTUeEXqBBMd2cnPMEltkzAygmtzpFLhnTr6TW/3ViX2ufX+9wbH39KuzN7bhY+X20giAcHJk6NslQSADAzPc1+QU/bXT4/m0B0tLWrziYeD+YWl+DiwKlsKokJbSLeKJfPXxMwISWdJUACkksTkCI2IODblPjPjuXgCUs40t0DW7YI5ICoo7zh+M/3+NebBDb2bxbL+R7/jcZPaY+y2QzsdnvN+jzgIqWSLJUQAGQzGeagQttb7XYGkIi2FhSLBbS22rGcWwFvflEsFHRADK9Wu70mIEMyxk+wCqVRAgC5XNItV+4D/OafKTVSOok2G4olGU0076g6/gmW4FNv5VeWq1Jx1XvPa6UEa3U4kF5e0R3/GxUd/wBw6Zv9ePLXc/CEVUjiupJ6LjwZn1sVzKgXP6UE6+wAQj6n7vi3xn9njz9QH1iJZiK6dbyoznrrW6o4pACoShtE8Ei5oMDdIaJcqKQaItCE10brn+/4LVmyZGkn6a577qu7PRKZQzIh4Uv3/u/r7mM9zi9Hb7oV/g4PwuFd1ptkadOPfzrOax1zkcgcPnfnJ3bEPt3y0Ttq7kO9fbxYtRpYshXgyeHBIZYK6eTYaM3+m+38cuzuW5VbPnpH3TKHBgcRiczhka9/BW9663svyGNAUZSn/n9P/ROOP/HNmueP8Rz70NErFQDWFwFLliydF205ABPsdjOI5XzUN9Na4RUj/PL/Z+/N49uozv3/jyRrsyxLsh3ZsmPHdkjibDQJkEAhhCQsCYEQoLSBcAkNXdiX27Kkze237eVXCrSXQldoQ0svtNwulIZCwpKkYU8CSSCE2E4c75at2JZkS5ZkS57fH6MzOjMabZZky8n5vF55RZo5zznPnBmNxjNvfR6yLNl+MgnLSF1eEpU/GosIBBNrrNNdnuFBYEAeYikxlEU5ukidW9KNZ5q8krq8JCp/NKbPbxiCiTVWujJojfCPjEKnVuJkGPgoMZqgCJepmFJoBgC+NFJBIUZHOYyOcigxmpGnUmF0dBQWQyEWnzEXTu8Aio3myPneaMbo6Cj6wv0WG80YCoxkBH4hspZb4MQgLJwRDfa28DgmlBSYACgE4EY1VQmLIQwJcHwblUIZ3l6zAPJYTRYUF5jD225Bn8eFhq5WAMDsiho4VQMom1qUsfxNBQXw+XzQ6/UxgRUAwJwYy8Ovy5bxYItcG7pfn8+XEfiFqLOjEwp19MN/GhqggYVYy+j2UuhDq8uHs7dXePhJHrx+9OHeqH4JDOENgyWxABN+h/Lg30lnIQBv1vJfV1QOT58Texvs/H4oM0OrV8n2m0r+M+fOnfD5r6yqiuuMQvqlQRVhrByY/7TyL58Lr9cDhTL6UnyQ2m808BJrGd1eCq0oVXkI+H1QhUuyEXCl1xH9UJrANASMiQXIAIDZUiTkTwDF0dFRjI4OIxR2qMjX6xAI+BEMBkV5ybnMBIcDyMvLQ3CEj9dqNVAplQiGv0sI/ELyz+T5JxQcAcC7kQx53PAO84BBeekUuJ398Hh9ouNCzmXJ43aiwKAX4qcUFUGtVkEZTlx6/GdKgwMhGAsLMf9swDvYhxMNKrwc/jwYrQbshDuqPNjL/V3CsU20M88NVOgx6OBBjpVBE9RqPmeVtgq9bh9UhhBCXhW0ehWb/0k+/1IoJRVgRW59LgEvraP83+nTlArZdXLLMxmfrEh5IwKPqDQKgAM8Tt41xeflYNBGYBOpy0o68ROdPxMTE9Mpe38n/MA8fP/jSiC1X/6PteyR2WKEyzkoKsvBxJQtWa3lcDkbYj74JsvH8hmYiG0ZyzaeriJQSUdXR0z3FQA40lAfBaAoFIor0z0WCPhCFCsHGozJJJSTzPFgtZbjxOdHBADmVHJ/Get8MDExMU2k0gZgxuLmQLu3pBs/kSIgixwQM65/ZMUAUTQFvJuBtGRRrPZSaEYunkEvYukKtcBA7PVy5YwyGZ8JSV1clJoioWyR0VQpek/WA+0Ziz/tb5LEAFFstmoA0SWLYrWXQjNy8Zl2g8nX5iEwEoJapUCfxw2jzghAgeEgwHGjyFeroVAAnuFhFBeYhIektOhSQ8VGMwIjIeSr1QCAoRH+oViBjr+J1DfoEtqoMwAShgZHoTIqAQ9wbLBdBKa44UGhpgBKKKBWqVCsMKGEgnN6PS4olQoUF5ihVCjAgUOeUglloRJKPZ+byz8ItSkP5YUlGOU4NHS1osRogtKoRNCd/i+49Xq9CH4hYIrP5xPWk/c02BJLBHCh4wAI/RJAhm6Tjjo7OlFg4PsJBUcQ8A9hJBDAyZ4eAOJfyUudOmiRdfGABLVWiwKjEZ0dnfB4I+PK9ZWsqhXz0Nrdh0GHF5dqDFnPf5XCiL/2tGOKZQAwVqWdv8Fkzpn5lytLFG972tvacmr+x5K/1+RBXh5/Gc6fG4MYDYWEzx3tkiJ1eqFF1pH/5UoiKVUqqNUaeL0eBIORceX6SlZqjUbUjzIMNIao07zXy/dnMBRgZGQYoyH+vEccb4LDASEWYdCFxAcCw+BGg0I86S9e/mM9/5B9HAqOCPAFaQMAFVMr4BkcxEiAz5c4JnncTiGWgBYk/mR/P7iR4XB8xO0k3vknFWkUKig0A0JpHE5rgGrYgBln8utLTHr0un3QGoEhywB2OnkQAwDmnV+BwCCws9slLKudxeddVsYf2y9/2ilqCwCBXiAvQ9Xv2PxP7PxHrmXkYRW5skWpuLskG58NxQNUkoFX0o1PVgQMoYEQGh4psCgBjndSodtL/x9r/ETnz8TExHSqaazwChBxmxhrvNVaDqs1vRyYmJiYsq10IZip5VPhHkz+nkVHV0fGnWCYmJiYmCaX0r6DPOhuT6ukSbrx4yXa4UXq4CJ9n4obTCZFABYppKIpsIggFmk7ObcYAr8k0//pLqlzS7yyRiUG/teqNNiSbnymRD6LNKwCQPa93Gc23fjTXQRgkUIqNlu1CGKRtpNziyHwSzL9p6PACP/ARgUVrAUWAAp4hoeh0ygBToEQgoIV+lBgRABbRkaDgALQKNXheP7BFQFeQuCfgGrDv34mUEy+mgAqIYxkADxUm/j+zVOMKJrCP1BzBQZh4fjXo75RAApAAagKleB0/JiqgBLWQgtUSiUUUIDTc1AplchT8v0p+OfXsIAHd9wqDyyaAhRPLwQUCrj8g1CY0/+OIA/KgYhbSyw4JRlohe4PEAM0er1eFC9tmynJwQtEnx1owLxF8jf0PjvQAFNJJD8CIEwpLRXgCwAoMOhlHQBoOIIugSPtzxAGC4jDyhemlmBoZjGwr29c8ueP1xoMc6GM5D/R8y/rjEKtk74noArRRM9/uvnH+gzKlQjq73OiqNgiG9ff54RWq6a+j13CZ5jALwCQl5cn66BCwzV0CSVpf+owuCLnDEPDL9xoEBq1BlBphBi1WoPAqF9UOkkMACFufLz8MyEavuBGhlFUYAG0BujD350FRiPcwRFR6R4aIAMQNz7e+WesMo2awBl5SMjsy0PIpEZ3twd5ehUCAIyFKgxzIWiKKlCmVaGszAyVgc/RWKhCaV4Jesoix1qJSS/EL1p6BsANY5gLCc4jeXpVOF7F5n+Sz78URIlX1kjahm6bTjwT4O3noDcoePcUiTiF+DqXgCY+b6SU0FjjJzp/TGf7nomJ6dRSuuAJ7RyTjmbOmsUgGCYmppxWOhCMyVgguLtI3WCkGo9yTPF0zdqvrD1V9+HVV35Z8fF7r3HsaGZiYpoMylgJpHQfaOf6A/FUgJaJhF/o18MepyzIIhcTSwSckfbPIJjYkgNXxjN+rOJLi/EQCy3yuZQuz3T86SwaYiGv7fYWWZBFLiaWCDgj7T9TEEy+Wo3R0VEolQqMjgIhhKAPlxnwjYTAgYNGpYBGpYDDO4CBMDNRoOVv7igV/IMgj98FhUIBjuNQUmgGx0XgGq1aBa1ahRBGBVCGgDRpz7tWfJNJFVAJ8ItTMQCogNEB/pq+d9AFB+eEUqGAtYI/r6rDpUsczRHAcEqhBf0YhKqQ/x6wcIV8nwEIAI1ZZ8xI/nJAi9S9hYAr3SdPwh12d5CWMHJTrg80SEPHJxp3TN+rCVxYaIihsqoK7t6GuPCAnMPHgf37seSCC+AZHESIenhK2tNAiBw4QlQzs04EOBhMZgxwISBfhWONfSgZh/y3D7lgtBoE+CLd/Cd6/unxpLFkHOOZ18JsqwUAuOwn0P7p3yPXJxM8/+nmn8iFhYZgDAUFCASccR1a5Bxiek+ehLWsjHdfGR0VwSOGggIR0CIHvkSu0c2iMktS9xcgUprI5R6E2RR9jgsE/KLx043P9PnHZCmCCcCJejtq6yqi2rud/aLjN934dEWOfw1UgEKDnqAPJVCjwqhF52AAg/BBp/ECWgPUI36EYIDKEBJATRJvDMcPuvlzfrLxbP4n9/wD8iCK3LLC4nwM9A1lPH68ZCu0wD7gnLD4WPL2h6FqjUJwTtEb+GtHQ5FCKHVES6mFUPEv3fiJzp+JiYnpVFG6wImzi/9xm8s5CJezIW7bxYttCftjEAwTE1O2REMldJmhRG2lSgeCoaGXWDkw1xcmJiYmJqKMADB0+ZOJiM+WSGmjsQIt6cYnK7MhP2a5I+l7INoRRm6ZXBxpBwBmMCcYIv9AQBZakXNykXNuSTc+EyouK0BftycmxJLt+NNZZnN+zHJH0vdAtCOM3DK5ONIufNbNCAQzGOBdAAxqNUY5Dgoo4Q0/aPX4B1FiNGMoEES+Wi1AL1q1Eo4Bp1DWyOMfFMoaAYCSU2JoZARatQp9gy4g7KKiU+VhFBwADt6wU0y6Ghjm78JbCJCi5+D28w+Ye7vcKDIUQlmogFlrhDIMtIwOcHB0OlE2tRijHAdHlxMlBSbkETcZnREDwx6EBjg+//BzOBq2GRj2ZCR/aakjepnb4xGVKyLQi7RcEt2O7oO0I8qm+4t3OITCfB20unwBWpADFUwlerTU96O6TvwQU24Z6aOyqgpaHf9QP+CPHPOdHZ0CPCLk4XbBAchCJI6ebqEN6bt6eeSPalWeOuv5Y8glWp9u/mefu2RC51+uLT02DY8AgNlWi45dPsGpRaNQTej8p5s/UWgUUOcpoVTlCdCLHOii1arhHvDBVCiOl1tG+jAUFECpIpf6wcg6r0fkrAJEXF3kIBi/b0jUxuvxoMRqFfLP18eHV0aGh6NKIxEAZqzxmTz/lJfy4B8PT0Q/WPC5huAdDsFEHb8EwBhrfLoGCOT4H/GTOpoGqLwjCBnUyAsGxftvOBqeSDeezf+pMf9JXSuF4ZXC4nzR+/GKT1cEXrEVWkTvxyte9rgPwyN6QwQeUWojLikEHiHv6XJDhiJF2vETnT8TExPTqaJcBU0YBMM0HnI4umC1lssuZ9twaioeWDIe5Yakri9SGEZu/Ew6wcQ6Xuj1f9z6c/z5lY/WAkA65Z5yXQ//+A+KLQ/dzN10y10J54SJiYlpIpURAKa4rAAtDUeF1+Mdnw15QlxG+5oIV5hYInALXQIpFvDClFjxHFs8w4PAQPw26cZnSvRnj3weq2fNhmnKF0RljJSaItkyRmOJZ0pdBG6hSyDFAl6yLU0e4HA74QIEoAUA1HkK5GsKAE6BfI0a4ABtXvjBDQdYjUUAx0Mt+Ub+wXO+mnd3GR3lBIeXAp0RapUC/pFReEeHASgw6B/gnWKMprTzHx0cRe+gGw44YS23iJZbyy0RMAZAsd4EhUIB5APWMr6tQqFA0fRCgOMAhQJKBX+eN2uNwBRAVahAaICDqlABV2CQv/jvdGKU4zCl0JJ2/rSzC+3qQsMq5DW9jLi8xFpPXpsKCqDX6+Hz+URgjbSPMR8/Ch305nyYADh7ewXQgIYYpFCBJQwx0LKEgQJp+8qqKpELyEggADdVZkOuDJDX7UKz2xXXKQQIu4UoNNACKK3Jx/a9J7Euy/kbrQZMm2EWHpymm/9Ez78wj+H2LvM5MNtqUSnDQ1dWlKC9s1eAR3Jh/tPNv1WhFCCUgN8ngCo0BENcXQgQo9PmwT0gBtB02jzZ9oaCApGLzGgohMCoXwBJ5MoYjQwPY2R4OK7TDMC7xyip/F3uQWg0auh10e5cXq8HCmUeVErexYWMn258Js8/J+rt0FnyUFwafa3V2dEJhVoDg0YFt7NfOH7TjU9b4eN/cNgAANAaAfiA3rCTiNYIjIzqgFG+ZA6BJ4TjN914Nv+Tev6J4pUskkoOXEk3flyvn9MEVzLpAqM3KIRSRAQIkUIjAF8uSG/ggRdDEQ+ZKDgF9AakFT/R+TMxMTGdCsp1wIRBMEzZVjKuRWwbmDKpqeVT4R70wGRM7tkhDeWk4zqTyvFy4vMj7DzAxMTElEPKWAkk+uF3X7cnZZAl3fhsKR1wpUClyChIE/PLxjsEs/R9EuWNUh6DAmWY+0ti6Qq1wMDExSejWKXHyOePBlmIaJgl3XgmArK0iN4nU94o1TFoUCZTJZAwqkCBzgidWoXQ6ChUChWGhkegQh7y1RHgJcRFnliOjo4KDi9BqOD3j6JAo+EbInwTfZQ/b+pUKgAKcFwI+Wo1QgiiuKAQQ4EgMJr+DfQSqxmqQhVGB0cBD1A8pRCugAfFpWG4Jgy2RM2nfxDBgRBUShVUYYcYYfu4yDnfrDVitISDyz8Is7YAfScHYDEUQlWoRJG+MCO7gEAqRHKuMFIRhxfpa6ligTSZcoDRh49zz+AgCkzyQJAU5DCV6OHs9QmOHS31/SJHjXjgR4HJgoB/COXhMhg7D38a1cbdG3HoqJt/ZtR6kQMMFsHj64Wf47CuqDzr+a8MmrDzmAszZhYDCo1s21Tynzl37oTOPw3wVF52PwBg4ZnyboAHPz2Krq6uKLeWiZx/uuzRWPIXyg+NDCNPIw+5SkEUrVYNfyAoOL64B3zQatUx24su+DVajIaC0Gr5cTv7o7c1EBgR+jMXRbvi0A4wZqqcjEajhkqJqBJFgYBfVOooGAzCYIi+vk83Pp3zDwDoLHkwaFRRJXLczn5RqR2P14eKqdHlddKNH6s8vl4YTSUYdPugUajg0gehBRAcDSEY/toNeVXQGnlwYnAgBE0hAIUmI/Fs/ifv/AvXQRJ4pdfjkF2erfjTVUotoIdCVCKIvCYQCQFJCGgCIAySpB8/0fkzMTExTXZlEiz55R93KBQKxZXJtOW41O4vMwiGKZsyW4yT3j0l3ja4nINsJ+eYTMYCHGmoB/F0oR1gaGXS9SWZ42UyHvtsTpiYmE4X5WWj03ThlVyAXzLl2DJezi9SIIWGYMYCxEjj5cZgSqx0nVvGw/mFOLHEA1kG3bHLGqUbzxQNpNAQzFiAGGm83BiZ0CjHQZeXB4wCKvDAi1bFQzDaPBXCFYt4KYChkRHo1Crka9UYCowAGEG+Vo1AaBj+kZDg/EJraGQE+Wo1OHBQQoXR0VHZdmORQqFAkc4I6CPnabPOCJd/kAdUFAoR0OLyDyI0wD+Vyivktzc0wKEPAwIIo6SAmVEuDL+EnWSKpxQKQM0olxk4UgqvEEBFDmohy2mIJREII7c8HlyTrpob+Rq+7W1tIphDKgIfSN08iNy9PgCRB/y0k4e0DyBSTsgbdk+h10lF1g+6fQAMsBaqsDOvDyuDpnHJX6vQwOPrTTv/iZ5/QbO/EhMcEcarKEFlRQmAu9D015/nxPwr08xfToNhKMjr8YhgFKmI04vUDYYoEBgB4KG+p80x+wAoGCfs/kKvk0q6PhDwQ6WUy8EftUyj1si2Syc+Xbmd/TBoVLLLpSoqsGQ8fqwix79aNwzCYBJ3EMWIFyNqHdQjfoRgEOCJEhP/efD4euEfNqQVz+b/1Jh/qdIFVxj4kryUMn/iERcVgAdHSLkj4qKiNygyFj/R+TMxMTFNRpGH4pkGSrJZJoNAMGaLEWaTje1Epox8DgDEfOgd72F4rineNricDQlL3pxuSgSWZAs8oTV3Vp1QCulIQ33M8eXKIaXrApPoWDgdjxU2J0xMTLmutAGYkuqrJvWdjHLrlEmd//V3b2F3kiZQqys3Tur511oWKajX6fY17vlv/tp1XFWZMeW4tu4IyZ9O/CO/+2ta+/+G626Z1MfPykVnTer855XVTsr8f/r4lih65lv3Pzwpt8XZ2wu1VguP24khP/9zYdqFQ+r4IX1fXVck20Za1sbR0418nRZqrRbO3l5YSkqE9gYKDjCYzHD3NgBoQ2VVNFgihSqMJj0cQycx6PDCMeLLav6HK8QPT/MzkP+Ez38S8AitJeecCeAutB9+AcWYPfHzn0b+KCelj1QIDgcQDIVLc1EuLu4Bn+D2IvfeVKiXbSMti+T3DSFPpYJSpULA74NWF2lP4BfymsAzhoKCKDCGhnK+v/7KSX3+n37Z/ZM6/2sXPMjmn83/mPWXf/4dADAaLks0fclyYV3NtGjQrLl1GE/+8peRbU6X4aVm75477uCkYza38m5TTXt3C8uUxREY3Lqad92yD/HQ0KubvyT0+NR7n0Zld/f5Z2Z2f0l6e+pd8Zh3X8CPt+ZHfxOW2/Ij5bd+d89/Terj5xvTU7j/MJ3dL2BiYjp19MetP8dNt9w16fI2W4z4/rduxZ+27Wc7kWnMamyIlDnZ9tIf8O3Nj5zS27vtpT/grPMvF5xgFi9mABmBSjq6OmK6rwDAkYZ6WQAlXRHwhShWDjQYMx5QDhMTExNT7iqPTQETE9Nk1fufdqOjo5O/EJ9agRUXlAnrjh/3RrU/cLQTfm8EfmnrV6UVnw3dsf7LUTfuf/niX5K+0bzjUH1U/KoFdeMWz5Q9EfBl4XmLYDFH/vg+evRz/PTxLdxkg2A6OzqRr9NiJBBAgcmCAhOAUv4z2N7WBlOJHqYSveCW8c4bhwCI3TmIgweBGCqrqlBZVSVAEJVVVSL3Do/bGZUHXYqHxEXGiMAU7l4fnL2+cL/hhdwwdHmaSAmeLOa/Mgi83N+FFhhQYgqlnX+uzH9ayoH5H6u8Xg/yVCqMhkLI02iRB0Cn5x/wej0eaLVqaLVqwW2lq+skALG7C3GAIRCMoaAAhoICAaIxFBSI3F+Cw4GoPEhZIzKudAyiQGAE/kAw3C87HzMxTWatWLlUcGvp9Tjw1l9eF9Y1H+fPQzVnLOH/n6aRhWIyJdJ3c+swmo/vBRABcy7+8mUAxM4yvR4HlGfPxjRl5JJnzSPRoMnPv8FXk/jtgeN46r1PuYxDMGER+OXri87AXc/wPyhd86NGDgAuu3CmKE8mJiYmpsmvdH7NvuWhm7mbbrkrYR+3/8da/PmVj9YCmXGHYb/AZxpvPf6bFwBs2PbnVz5am67rRja05aGbudvu/k7cNm/s/BfOOv/yjI25b9+/hevVzh4HKkpjOydmY/3ixRdN+ovSqeVT4R70JN2+o6sjCsQZ6/H48I//kNT8/WnbfvzpNPmcpzInf1awv4mYmJgmRgyAYWJimvRq61dBZxgAwD/8lINXAKCxfQhV4R/6f4oFQBFQhUNjis+G7lj/Ze6Ci86CxVwMAHC6+oTlQGIQZsehem6azYpyHf+L2C5/SFje2uPGNy9bMuZ4gIEwE6mfPr6Fs1XXoMxmEcEvAFBms8De0jzptingUcJk0kKrE5f4qplZJwIQiJZeugDtbW1oqe8XQA4AArggJ2npnQKTBQH/EDo7OkVOIXKigRFazl4f2tvaUG6cjYERH47vPYl5ReXjkv+6onK87OjCOXNrcKjtrbTyr6kpmvD5r5SYp/T2nUzq2Gmp70e5ERM+/+nkPzKbg0ajglIlvhQ3mswigIWovHwKvB4P3AM+AUQBIIAvcpKWPsrTaDEaCsLr9YicZmQ/nxTwQssfCCaMZWJiym3RQElJgRXrN/0Hej0OhNpaUTrnHADAO2/wMMqu4x0Y7RvCvVnK5a2/vA5lcT5s+qlYNqNKGL/X44jKlbw3SqCSb1zEl6JoOBnArCl8DZ4NP30KAFBkrIF9SIW7zz8zK/m//nYjbPkhbNj9Gs4982JhfCYmJiYmJqluuuUuuJyDsJ6iFQO3PHQzN9E5JPtANplck+2LKVreLP9wMFM5GgxGtrMmkUzGAsHdReoGIxVzfmFiYmJiAhgAw8TENMnV1q8SXu96t1vk4kLrwNFOoX1VUQhm2wz+/ZHDY4rPtKTwCwBYzMVwuvpwwUVnYajbiTvWf5mLBcFI4RUAKNep0OUPYZqNv8Py9Ot7uVgQTKL4Af8Idhyq504XCEZhtEXdEOEG7Qq55fHWcYP2tOaLuL7Egl/448QGW3UNvrZpgzD+7559Ief3U3Fp7IdEtAuHdDkQce6IBy/EWg4ACnXk1+ykL2E+w84h7l6fbP8EorCOhpCnVMFoNQDB8ct/0QVVaO9zpp3/2efmxvwDPDjS3tkb93iprIiUraquK0IwR+Z/rPk369Qx29IuLtLlQMT5JR78Ems5ACiUkct/0heRTpsHrVaNQGBEtn8C4TAxMZ06KizOR2FxNQYo2GTppUvCr5ag1+PAFZjD/eujzzN6bXHF2XO49Zv+A4Xh8kbH3tkjrJO6vkhBGFq2Qkv4VeTcvHHlGlGbNY/8jaNLJWVCa370N+4bF80Kj38+/t3UzQ4mJiYmplNcDkdXXEcVh6Mr5jqrtRxWK19KZuasWTmRU6YVy+HG4eiCyzkIs8WYtfXf/9atGcs11b5OB3X2OJJu63IO4t4tjwO4P+dcYLY8dDO39pqbk4LRXK7+rM1fovnM9vqxiIZK6DJDidpmSsc+PYy5Z85PmAPt+uJojv6xYC66EjExMTExZUcZAWAefewx7sEHHjityOjTcZuZmHJZJZZC9DoH8JdXBlBiKRSW9zoHACBcuigCd+Sb+T90h8YYT4M3mRINv0iVX2YB6uNfqNPwilTTbFa09rjHHF+oU8N5Gv2hcMPyGnxxXo34jySjjfvudYtgKzOLltu7XVAYbdwv7lohWv7+Z+m5snxt0wZuxeoVCds5XXY+503X4uAHBwAAa1as4V7d9eqk/o4iEAMNIhB4o7qOt2IiIIO0TTz4AgAMmsixvvTSBVHrSQmdyqoqGCQuGpVV/HjGgBZD+RxWBk3jmr9ZXYghQ2/a+U/0/LfU96Pysmh4pKtLfIO2vJw/V7d39goQiWLjSygJbJ3Q+U83f3z6Zvw5CkMwNIBC4BNToR5ABF6RtokHvwCASknnNyVqPSnBZCgogFqjicorUf9M2dOvN39DAB1ve+SZcT/HP/mzJ4Tx77n3vnEf//Gtjwrj33/Lg+zvsAyIwCcD4bJDhcX5wmuiUFsrlp9bh7XFZ3PbXv8oI/O+9rKzueUz6tDz+X4ULl2Ggb4hlM45R3b8ZOAX+4BTeE9eEzWcDGDZ3Gp87cn/4353z1cykv/XfvZ/3LKa6Wg4GYCtkB9/1hSt7PhMTExMTKeOXM5BuJwNafUxc9asjEIwmcgpU4oF4lit5XA5G7K6PpO5MsmLlNX5GPIOKo0NDcIxDvClkGrn/GgbACgUirUTeS+RuP7cdvd3hLyl+Qp/D4cdbMzmorilhsYyf2aLUYC5yOcX4IGVuXXTRctoxSp71NraKHo/bdrMrM2htJwQLblyQ5mWd0js1k47wBxpqJcdXxrDxMTExHR6KSMAzFvb/g4Apw0Q8uhjj3Fvbfs7HnzgAXYEMTHlgIgjCw2uEBGwhdanWIBFZbzTy4Gi+TgTh1KKz7QLDHF/kYqUQCJOMIvqanH7V67bBkB0riXuLVKREkaCk0upCb/Z8eGY4y0WC7YfPBoVf6pJYbRxv/tO5JfD/kH+IbPcMp1RjxqjHr/7zhrRMgBYcd4cKIw2Ll0XmFNZoeAIPG4nCkyWmG0IkBCvZFEy0AUAeNxOKKmn/3KAiNftSjge0bHGPhzo92JdUfm45N82Jw+DfU6oDJnJf6zzbzzzWv5F/W/HPP/rn9uHPz3xPSxbtkxYv2fPHrQ3vS+KqZz+RaFNe2cvjh07humL0pv/seZPz38m8h8dHcVoKIA8TWw3HgK0xCs7lAz0AgDB4QBA1V6WA1xGhocTjsc0Mfr15m9wm756o/D+1tWLud9s3zdu3y9P/uwJ7vrr1gnv161bx7388svjNv7jWx/lrr9qvfD+iltWcf/auoN9v6YpKWwifd/z+X6hLNGX55yDb+rXcU8jvf3+zXXruC9feq3smNLxE0kKm8jBL6Qs0awpc3DNwz/mXtryUFr5X/PfP+Y2Ll4jOyaDX5iYmJhObcVyICFK1m0lkxBMpnJiYkpFnR1dMFuMMBiM6OzoEo5rWgaDEd/e/Ah5u23LQzePe2kpAr5QeYg+h0AEhKmYWg6vd1AWQMm2Pn7vNcytuyvp9gR8+cKCs0Sf/z/+9hcAgHMvvOSUO+ZstnIc+vBDLDj33KTaNx/5DDYbA9qYmJiYTmdlrARS05538KPOVu47T/5SAQAvPPZdDgA2PPD/iS5syHJa6bbJ1Bjx2pHlP7rnDq7leBs7cpiYclC9zgFZiCUb8Zl2gBnqdso6wJBlFnMxhrr5m+pSF5bWHjcAoLwmujwOcXUp16nQGl4m5+Iy4B+RdYCh4wf8IzHjTzXp83QAAF/QLwAtAA++zJ4tdoY5erQZOqNe1I7Ej1V0OaPIsWCTbdttd6LMxgMMC89bJCyfLC4waq1WBGE0N/I2pgRYkJb4Ie4d0te0uwcBGpob61Ezk/9ViMfthFqrRSg4IvRbWVUFr9vF35wJgyQRoKQtnEObbBmhOZiPsjIzplgGsNPpFpxIspX/y/1dMDYaMG2GGcHR9PMvLbeNaf7nf/nrmLvm6wCAwU//Pub5B8DDImE4pKurC+1N72Okbq041/pt6JoxI+Kk0vQ+bijPx8BJjGn+x5q/dP7Tzf/Ep/x6pUqF4HAEghkM708CoEjLDRH3F+lr2h2GADGDbheM4eMhOByAUqXC6Oio0K+hoAAjw8P8cRAGYWgghuQgVwaJaXwlhV8A4Mknf4Jfb/4G98mhQ8g2CCOFXwDgmV8+gSd/9gS3+997kG0QRgq/AMBvHn0aj299lNvz/m4wECYD19AyZYZ6PQ4BfiFaeukSfPPqddzTY9zn31y3jps5VZn0+PHcX5IRgV+INq5ckxYEc83DP+bOPfNidsAwMTExnaZK5A6SintIpiCYTOYUTwQkyGVlMkdpX+mCG6n0J7cd4w2OxNPaa27Gtpf+AFJKqGJqeZQbjFTf3vwIHI4u0bZla5voMWKVupJ+Fr3eQQHk+dnD92Pz936VUfeXRDrx+ZGk27a2NkaBL0SrrroGALDjny+dUhCM09UHu70LhnwDDn34IQz5BsygyiHRcjQ3wzvkhc1WDrudAYBMTExMp7PyMtlZy/E2vPDYdzlLUeSBzmu/+6noos1SVARnf7/wOlYbAKJ2sfqJtS6V+Hjt6O1w9veDwS9MTLmnqVMrhNcdHZ3Ce6lzS1VRSABXuru704rPpAMMfUFPgBenq08ExRA3mHjq8ocEYKXLH0Kr3SFAMcTNJZV4GopJJv5U0udH+fJFK5YvTNhWCsQAwK7dB8c8NoFfZs+ugb2Fz8NWXQOnyx4FwZDyR3KyVZuxZsUaDgByEYQxWfjv6s6OTphMPHjW3Fgf5VxiKdELEIO0dA0NkEhF91Mzsy4KvgCAzw40CKWCCEgijSXv3b08iGAq4aEDlz4IhH8YNOjwAkWmrOZPZPbloVcbSjv/sc6/Z+EGPPyLp/gbS5t3YG/XELjnrkl5/vd2iX/lf+zYMVz0nW3Y99YLouWLv7MNx/7vxwJAQmJthWOb/7HmL53/dPPXanlIzuv1QBOGTgbdrii4RKfNEyAYaekjGoCRiu7HaDKL4Bei/j6nUOqIgDDSWPI+EOD3nVarZhcd4yw5+IWIX34jbl29mAOQFRBGDn4huv66dbj+unVYt24dByArIIwc/CKMf9V6XH/VelxxyyoOAANhUlA84KTX4xAto1VSYMXSS5fgp1Ov4Ro7RlMac+ZUJZbOWQJA7CyT6vjpauPKNXhs20fch5++lVLcuWdejI0reecX2lmGiYmJiYlprMp0OaRsijhoOBxdQgkX+gH8Tx7ZnBM5xsqPyOHowh+3/jxhX8mAE2Odv+9/69ZxHz8T6uxxRL2fWzc9IfxC5HIOirYrE6CPXB/SY9WaxOWjwWCE2WLEkfomHLc3w+Xqz8r8HWmox5t/3Spabj/J//39/W/dCou5GGdfsg5mc5FsfNDvEuCXxoYGtNu7RW3mz5nBX7deeAk+fPtNVM76QsbydzSLy7wXmiLlqDWBEdF6el0mdNzejOvDbi6FJhMG3G4BhAGAkSEvHOF7FoUmkzA+Wc/ExMTEdHoqYwBMs9uBGhN/ReHs70drp0u2HVnecrwN1WdUYVqFWbbdoc8Ow2KpFF4vmDc/qp+W421YtuzMtOKrz6gS/m/tdEXlI7cdzW5H1nfMw/fdl0wz+iIv1Ru+6cTG1NkbvzleOYwp9qPnns7kbsq5+c/V/Lc88cS4bFCJpRC94ddSeIWW2TZD8vpkSvFA5hxg7lj/ZW5RXS0ACA4vtKTgy6K6Wly2Yvk2Uj/36df3cnkf/ANYdzNa7Q5AUsqIBlc6X/4D8gD8ZseHQvyOQ/WcxcI7PxCHl1jxAGCxWETxp/qX5Af7j47bWGtWrOFs1WZZoAbgnV4AsRNMt90Je0uz4ABD2hCtWL0QR48256wbTGdHJxRqDUYCAWh1+QJoQMMHphK9AG3IgSRSqIRWZVWV0OdIIAClSimAHyTO3etDS/0hfm6psYjcvT44e32ifGiddBYC4OsKZzN/o5X/w70nGIRWr8pI/mOZ//Xl+dgXBi8e/sVTMBXqcdfmHXhx4+KU5n/fWy/gwV9EHj5OLzsPb770uyio482XfodLvvIQKsrzAQAPLlqJn//xtwj/sCnl+R9r/tL5Tzf/isoqeL0eKJR5GA2FoFTlCW4tNICi1aoF6EQOhJFCMaKbeAUFQp+joRCgUAjgDYkLBEbgHuC/A3XavCjAJRAYgT8QFOXDNH6KB7/QevLJn6C1qSnjZZHiwS+0nvnlE7B392S8LFI8+IXWbx59Gq29DlYWKUlJoZJ4wEmsWFXVNCydY0XP5/uhqpoWNybU1iq0oePHOn68Ryyto/yfKNOUCtl1ZPmsKVrMWrkmCmSRiydtyDoSn874TExMTExMRJMJggF4RxmXsyHn4Ixk80s272xt30SPP1bRbig0CJMsYNLY0BDlFEOXJSKwSqouPmuvuTkm7GS1lsNgGEz680VKH51hq4HZXJRRBxjSV0WpFeav34+//vZxAXyxTeEdV8n7eGO3trpgtZZj57/3yK4//Pkx/l6GrSxqv6UrGmoZcLtFr8k6+nWmdeiTg1jwhciPFEl5owG3W/SazuFEywn2JcPExMR0Gisv0x3SgAsRgUqkMAlpI4VODn12OPpLjoJYCLxCXqcTL3V0ofuj203IRbtJnlJ1uL0c3cbh9gIAZzUZFPS6GH0KbehYsm6cNk3I0WKxwOl0kmUKiMEKOQltJLFk3ZjmNBVN9vkf7/zDbcZN6ZRAykT8WJVfxgMMBII5UH8Ci+pqMdTtRH6ZRRaOAYBPf/9TLKqrxbQw+NJq5/8QfeXH38Oiulpg3c2YZrMKywHgH49F/zKnUMc/1CQQjNPphMViwYB/BIU6tSwcw5Q5EfglluwtzbBV14gAFwK/2KprcPCDAzFjeSeZgzkHwXR2dKLAoIcqTw2tLl9YXjOzTlS+RloySAqK0G2kjiq0c0eByYKAf0gYl4gGJHiYJPYvfej+NQoVWrv7MOjwYl1RedbzXxk04eX+LkyxDADGqrTzH+v8S+Ue8GFv1xDmf/nropJCiec/Hw//4inMmcvfiBry+VFdOw0tJ1pFUEd17TQcO/QmOht4cKOzvS2t+R9r/nLzn07+Xq8HeXl5UCqVUKoil+NGk1lU/kha8kgKutBtpPCN0RQ5p+RptBgNBYVxiWjAhodhfDGPn3iOM0yZV7LwS7aULPySLSULvzCNXbFgEzmXlVjuLHLwS1T8HGtS7i6pji+neICJ3DopyBKvTTLwSqrjMzExMTExAREIxmwxsslgmhQiZZAqrrk5acAknlMMAZdScb6JOLyUj2lMWo0NDQCAR354O267++Gslz+ymIuxuJL80IT//5g5PlTe2tqISy69En/443OorKqO2/b9vR/ii2EXmGyVQiIQjHfIKwAn3iH+GUCmIZh9+3sVN6w9hyu1lgLg4ZdY49Olj45++i72f9S3ln1imZiYmE5PpQ3APPrYYxwA1JisMBUr4HS2i9Y7ne3CMuLI4nS2ixxjiFsLHevu43DoxEdYUFsqvN+z51NUnxF56NPsdqAaVWnF15isaHY7YHIqRI4xUpG+TcUK1ICPefSxx7gHH3ggq3eyjEW66As8txfTa4qjltFggjRusN8v24a0a2rukx0rW5pGu1RIQBaLxSI8jBcuqvwjsm0KJQ/9xzKfqWqyz/945j/Y78/69lQVhdDrHBCBK+Q97eKiMxjh9w7K9pFufDpqOsl7zixCLfLLLLKwy1C3UwBiDtSfkI3Hrx/DF297ANNsVrz/68eE9Z0v/wFYd7MAxEjjW3vcwuewUKeWhV3I54+Czk5ZKYw27oblYgcWn8cPW5kZ9m4X9AU6+Dzi45oso9sQ3bC8BgqjjeMG7Ul/Vxw92hzlAmOrrkGZzYJuuzPK5SVWH/YWFwBSQskcfp9bUuWpBfcRWpVVVVGlbOJJCjqQPqQaCQRgMhWiwGiUbVdZFXuM9ra2qHG+MLUEQzOLgc+D45I/AJin1GCYC2Uk/0zNv5wSzX/XIQ8MahU629tQUVmFfD3/uSFACQBUSOI/P8LflCIgRqbmP9n86fnv6ks/f6VSKbi/iG7SFRRElSGKJykoQ/qQajQUgkajgVqtkW1nKIg9htfjkR2HKXv65NAhAMkBMK1NTWisP4YrLr04Yy4wu/+9B8kCMPbuHpxos2Pjxo0Zc4HZ8/5uJAvAtPY6UN9lx9UbbmcuMElICpIQ4ESuLJK0Dd12IuOZmJiYmJhONZktRsGBgunUV6pOJ7koAsGsDUMwAGRBmFQcjlJxviHQTCLFc1kieQPAnXd8CZu/96txmbvPj7VixiL+HkJlTR3am+uhHOnHoss3xY1rbGhAZVU12ttaUFlVjUcfvlO0/sEtvxDWZVJOV58AlQAR9xWAh07s9i70OHoEhxa6bab051c+Wgtg2+wzL4DNVi6CXqTj22zl+PP//pzEMDExMTGdpspsCSRE35By99HXczxEcuhEjwCeVKNKFl4hcMqhEz0CxAJEHFtogCadeHE7uZyjl41HCaRYamqOTo4GEWIpmTZNzX3c9JribN8wjsqfBlliKZk2iLjIsPk/dY8fWfm9g+hFxL1FCq/QqioKoS3d+AyVP6J1oP4EFqE2elm4PJIAusSJBwW+0PGdL/8hYbzT6QTCpZDoZaQ8kgDKjIN+seUu7sMjfEmOClsRHv3VrybsQZZZAryYZQCYZNrEUyL3FwBCiSMCwQh/dFbXwN7SHDPO3uIC6dtWbc4pFxjahUV0PdFYz98EqKqCu1fsRkHcTaQuJ7HgkebGepGLh7Sv6roitLe1xYQd5PokGuZCQL4Kxxr7UAXTuORvtBoE+CXd/Mc6/+ciutzOkvJ8fPjc31Oaf+H6asAHtLfBPeATwSO09h/6HABgUKuEmLHOfzr50/Ofbv4lVvlL8EG3i29bUIBAYCR6LJn8Y8Evg26XyAVG2pepUA+vxyMLy0iVTBumzOnW1Yu5/7z7tqTavvnqDuH1zLoZwBtvpT3+unXruB/810NJtX1v3yHhdW2VLSPbf8Utq7jN9/93Um1f//QT4XVduY0dPElKDiSRW1ZYnI+BvqGci09WtkIL7APOSRvPxMTExHTqiH7QHk/H7c2Tdhsdji5ZgMHh6BqX9ZnMNds66/zLUVFqxcxZswQnE/L6j1t/nnP7li57RL8/6/zLBQiGPs4rpvJz29nRJbxO9PlIpp1UFVPLkwJsSDs6L1p33vEl3Hb3wzG3N9PzJ9x7qKkT/m/qb4rZvr+vE9devV4ofUTgl6o77hO1+/vWn+LaW74FAGi3d+PcsAvM4sUXpZX/cXszrg+7rpxoOSECYAz5BpxoORFVnujQJwdRW12bsTnkOO4VhUKx9npg29FP38X1/3GX7Ph//l/+8xMLfuE47hX2jcTExMR0eigjAMzFa6/FW9siDw7kABECq7j7OBF40nK8TdSetCP9EDiFLCdtSR84jrTi6f/dfRxM4ef38baBbPN4ymwgv87uE9w7yDKXdyhuTDLrp9cUo6m5jxoneyLuL+U6/kFQlz8k2y6V9dISL4nncaya7PM/PvnHism2pNCKnGPLp1iARXWL0N3dDQCorVuEA/ZjWIympOIzrR07dylWrVzBTZ9SIiw7UH8CTSd7MX1Kiazjy+u7dq/NVPw3L1uiePr1vdy00sgDZKfTidYeN6aVmqIcX1p73Lh11blZIegfvP12rtPej15PILJPj9lx49Xruef/8eKEQRu2MrPs//HaMCUvtVYbc52pRC+AHnKlfbo9QZQVRC5l5JxU5Mbq7OgU2tNxciAJcRJx9/rgDAMV3Z4g1isSg3CZzl+qdPI/+9z05987EhKgjtTnP/KgmgAdUlCEjCEnTQbmP9X8Y2ks+RMpVbG3Q6tVC6CKXGkiaf6JHFrIWF6vR5Q3iZODXIgTTSAwAn8gmNQ2MWVOrU38TdBp06fHXQ/w8Mu06dPx5JM/yZgLjL27J/zdVhp3PcDDL7ayUjzzyycy5gLT2stf208rscZdD/Dwy7QSK37z6NPMBSaDIvBJYXG+6P1kiSfwia3QIno/WeKZmJiYmHJLsaAJev3pmpOzqxsu52BMRw7yQD9b61MBhxLlOh4QEl1ih3YyScUBZbwVqyxQBeUEI+yvMGDS2eOA2WJMqhRRsuWKxhLj9Q7GhFAI/DJ3Vt2EzB/R9KIRHHjtWfzHfY9Frevv60waosuWCFgC8KWFpEp2Wdp5CGDLz7fJjcVcX5iYmJiYiNIGYB584AHFo489xkkhGKma3Q7ALbMM8ZeR96kuTzVeWB/H5IC0IfBLtssfJSuzIT9l4GA8QJdkVa5TxYRc4sXkiib7/E/m/F1F84H+w6gqij5+EsErZWVlcdfHim/rV8FVNB9m24yMbcfru3avvWzF8m0EWpGKuLdI4ZVMxd+66ty1v9nx4TYCvUhF3F+yCb8AwCfH7LLLez0BrLrkam7Hm/8Yt3Nuc68TX5zHlyGyd7sAQChxRP6Pt8xWZsb7n8W/aRL6yxkAwAH8L1Vmz66BrVpc+oi4uxz84IBQBknq+HL0aLMQT14DkbJH0tJHob+cwQFQqL58fEI/vxqFDnpjPjyDgwj4h6DV5QvuHVJXExpe6PYEo/qSAxdIH8TFI+Dnz3MDQ/6ofsoK8tBS3y+MIx2DhlSEdQoNtABKa/Lx8t4urCsqz2r+O/PcmDbDLIAf6eY/lvlf/9w+bH7iiaj8H/7FU7hk40vA5ouSnn9ADHDQUIUU7JBdPob5Tyd/6fwDobTyVyqUUKs1GBkZxmgoCKUqT3B/kbqy0PCLHHwiB76QPogLzGiI3+8jwdGofgxqFdwDPmEc6RipAD1M6Uvq/tJYf0x4TYMwpOwREIFfiNKBYKTuLyfaIt/NNAhDyh4BEfiFKB0IRur+Ut8VGZ8GYUjZIyACvxAxCCY5xSs5JJUceDLR8akoXfBkouOZmJiYmHJD8aAJlhPT6SypE0y8Y1Tq1pIJSEsOBEsGGBnPske0brr9HvzxV0/iKtTHdIGRqt3eLbym3V+qi6jKB9esi3KByYT27e9VKBSKKyf6OAu7wFwJpA66MOcXJiYmptNPGXGAoSEYWvGAGLptvHaJYjMRn0qu9Dbn0o6UQgw0oBBvXa5ICsHQgEu8dWz+T+/8y2cvw5BrBtqOvAT0D2FmZezc4oErZtsMNB45nFQ8isi4mfsVTfgiXKFQKK68bMVygWCnyxZJwRX6wj2T8b/Z8aEQT5c9koIvmf7D4car13PJtJlIJxjhj3eqvJErhVJHcrv+/xSbYaveBQBR8Au9zN7SjF3b+XazZ9fIdkbDL5F4cxQA83+KzfgK90jWS8Ylkt4c+byNBAJwuwdE5WaIc0kiERcVGjIh8ALpz9HTjXydFmqtFuWlUwAAv3/vyNqvnj93G+mDaHa1ERaKIzvaMigLrQCAx9eLQn0JjNYhvOzowros5f9yfxeMVgMCg4CmEIBCk3b+qc7//C9/XTZ/AnUsKc9Hcwrzf46hTnBMIVDFOQvmAOCdVGjQ4szZvG3up0dPiJanMv/p5C83/+csqEkrf7VGI6wfDYUwPDwsKldEnFcSieQvgmTC8Avpz+8bQp5KBaVKhXy9TshVmj8AFBdoodNG/jzo8wQY9DKOunX1Yu6KSy+OuZ6UO5pZN0MExkhFO8OkonXr1nEbN26MuZ6UO6qtsonAGKloZ5hUdMUtq7irN9wecz0pd1RXbhOBMVHb3+tgB1MSksInvR6H7PJcjWdiYmJiYhr3e2cW45jdVpYsWb4213JiYsqk1so4wchJDkwhTjGpOuA4HF0J3YFiicAvFaXWjJc8SiQ5t5n25npcdFYd/veJB2RdYOREwy/kfbY+8eQ+8ESDMKnkwaAXJiYmptNbeZnqiAAhjz72mPAQM9kyQemWE8pEOaJk+5hI8OXjz9o5q8kQ+4+eJJw84sELVpMBH3/Wzp01rzJb28hZLJaYK5NxgokHv1gsFjidzqw91J3s838KHD9RGnJ1Id9cjqG51wAA9tn5h0Hm/sMA+GPFVTSfXzZ3BsrN/B9S3d3dggNMd3e30Mc++7FwLIT4yF8n18AMIN+cPTtSUs90rBfvEx0/Vt149XqOLnsUS72ewIRAMPoC/oGxy+OHrcwMl8cvLAMguyxZ7dq+C/YWF1asXgh7S3NMBxgabjl6tFmAYI4ebRYAF1u1WWhD1u/afjBq3a7tu/CVVblxEeIZHMRIgN/31tL4rkw0xPH7946sBQAaAKFdTqLOT6Vl8LidGAkE4AFQYDSK+hHpveRyX+P2bQMMUOuGAQDrisqzlv+6onLshBslJt7lw+PrTTv/7wLbUpn/uWu+Lrin0KAHwAMUe7uGUp7/cxbMQSAQDZHFWr5gzhkCODLo/hypzH86+cvPf01a+QMIu7/w1z06fXy4lIZQ5PKXc5wh0unzERwOYDQUwgiGoVZrZPPUaiPnMLK8gupHqVCK8mfKnH570MV9/J1LQTu/AMDOtz/AygvPE97PrOMhXin8EguG+e1BF/f1hWZFMuO/+oObQTu/AMC/3/kAFy2NjF9bxZcuk8IvsWCYVMb/5y/Wg3Z+AYD339uFL56/QnhfV86PL4VfYsEwyY7PxCtd8GSi45mYmJiYmLKtRA/n463P1oPYdHIaiwhQI+e4kQgiyPb6RPnR65PpJxvliCZ6/HSUzP4hTjAnPj+Ce7c8nlL/4+Vm9LOH78dxezNuu/th0XZlG4KR9n/3d36Ap370/zCvvwnTi0YEJ5iLzpqO/33iAay44dtJ9VteGIFgugZ6sj5/uQKVMLiFiYmJiSmR8jLdYa45o5wqIvCCsYh/OCEHItDwQiyQweUdiool4APpO0sQA2exWFCoU/MXZzIgCw2/xAJhuvyhqFgCzhTq1ECWIJjJPv/jnf/0muJxPw/km8spOGUZysrKeLglvIS8J6Jfi+OXxRwjk64v2bqAJ/E/fXyLACN+6/6HFeM1/qmgmpIIqGfvdkFfoIMvDLiQMke0yDq6ja3MTPUTuxQSgV+Idm3fJXJ4kXN1IctpZxdbtTmmM4zcmLmiAqMRHkCAMIja29rg7uUdLSwlejh7fSgryBMgEnKcbrpgHv/5DsMjlhK9EAe0iRxNAECt1QrwxfEdj20DALezPyovjUKH9k5+7kvDD1wBwGSJlCk6hFEYTXo4hk5i0OEFikxZz/+zBjuqq9TwDxtkP6tbt26VdVK65ZZbos4BTa8/nvT8X/bTPXj4F0/F3I/EQcWVwvzLiUAXSoUSviH+e0ifH/nOkcIXyc5/pvKn519O7T76+iTSxqr0yuavVmswgggEQ+T1eBAIjAAAdNo8+ANBGNSqmE4sBH7RafOEOMAjcpQBAKVKJcAv319/JbtezxHFgl8a64+h0loiKm0E8O4uiRxgAOCKSy/Gv75zKfCjN+JCILHglxNtdlRNqxaVNuK/F3sSOsAAwMaNG/HcD24G/t8fEo4vB7/Ud9lRVDNbVNoI4N1dEjnAAMDVG27HP36xHrjzRQbBSHTj7Zuj5mPtZWdzALDt9Y8mZK6uOHuO7PfXvz76PDofju1DJiYmJiam8Rbt2iHnuLHxzodE6ytKY4Ot2Vj/i1/+TcgxkSPIxddtirutm7/3qygYY/FiW8bm77g9frlsZ1d3xsdPV/R8J9o/OP9ywQ1mLCBMtvTX3z4ugC/XmYtibkPC7cvg/N10+z0AEFUO6aKzpmPXn34iOMH093Wiva0lql8afiHvuwBRWyU7fTExMTExnabKY1MwuTTY7xdAg2z0nW0N+EcECCYbfbP5P7Xzl+qZb1oV9/4fuHxzueAGE0tS4CUdDbm6sOf392X1AcEd678s3N7/5Yt/SXqsnz6+hVt43iKsWL2G/8PZZcdPH9/CpQLBjLeScX8ZS9t0Rcob+VIoc0TajqU0EoFdaOhFzt2FXk6UCH6xt7hkyyFNpDo7OlFg0EOVp4ZaqxWtq6yqgru3Ac7eSFkXAo88++5nwrH87LufKTZdMI8jDipOCnqorKoS9Skdg4xPRMMtnR2dmDl3LgCg8cgRlJbb4PH6YJKamHHD0OVpotxHspH/BR41tg+50AIDSkxiEGLr1q1ceXk51qxaKTvX27dv57q6ukQgTCrzf+TV32LLnXdj8xNPCO4jXq8HZ86uxadHT2DLnXfjxY2LMf/LX8fhv/w2qfn3ej3Iy4tchtLuI16vB+bw/nA5+6HPz0cwGISki6TnPxP5S+efzt8xakB+vgHTiuVd7k72OTE05EUlQlHbr1QqoVSJwV5DQQECASf8gYhrkLTMEp0/cYAh7XXaPBgKCkR9Ssdgyg3Fgl8AoN3Ri01fvTFq+bTp02UhmMb6Y1EOMQSC+fr2fTHHl4NfAKCttQXXX7cuarmtrFQWgjnRZo9yiCEQzNdffjnm+HLwCwD0Nx/F9Vetj97+EqssBFPfZY9yiCEQzNe37mAHWxytvexsbsXKpfxrnM2NNwRzxdlzuIu/fJnwvul4a2Qd5nCyEEwMLXnsZeH6ee8D6xj4NMn0w0fuE/bf9zY/wfYfExNTTunhH/8hqfPSn7btx59yMKd0tXjxRey8zJTaNeY1N6PzfAd+9vD9wrLxhmGI2wvAg01EmQZcxqq5s+pwpKEeN91+D/74qydxZ5xbe5VV1Un3S7ftPHaYHYxpastDN3Pf3vxIwna3/8da/PmVj9YCp/4PTFOZE2SpWgMTExNTIjEAZhLJ4fZCroQN7daRCEIwFumE9nIuIA63Nyu5t/a4AfBliqSi3V4SQSyFOrXQXs5Fxul0CmNNKzWx+T+F8pfTgUMdGHJpJO4vvEiZIznwhZQ/Iu2SUSLAJlMi4MuV6y6F09WHoW4n7lj/ZS4ZCOZrmzZwK1avgMUs/mXIwvMWYc2KNdyru16dkAvOOTfcyX3+p1/Ijn3j1etT/h1vJssg3X333dzPf/9X4f0Ny8V/bUrLGtnKzPznJgy4mKnySLFKIN2wvAYKo03Yzru+eh2eeuopUf6krJEc/CInGmaxVZtFZZFiKRZMM1EKeJQIeAKorSuCZ3AQAf8QtLp8NDfWAwBMJXqYSvRoqe9Pqd/qugjI0txYj5qZdQj4+fNWKDgCt7MfHq+PGj/yeWk8cgQABPiFvN65fTvOPneJ4Bbj8fqgPcOGgREfju89iXkUgJHN/C/VGPCGw4tz5kb29datW7lY4ItwDjhzNhaeORtbt27lCASTyvwf/stvAQCP3Hcf/rzjnwgGgxgJchgJjuCR++7DkVf59Yf/8tuk538kWIGR4AjMpogjjCs8v2YKRjJbitDZ3oYSq1VwiAkGg9AakfT8Zyp/ev4/+JSPH9SYMa1yatz5n1JsAYotaG3vgFXpFY1vNhnDpZCCUKryMOjmP6darRparRruAZ/4cxPwi+KlMhVGoK5BtwtGkxmjIR6MGR0dFeKZcluN9cdEpY9E19RNTZHzkwwE0+7oRaW1RFh20tGZcimgE212Uekj0XdJd8RWWw6CaWttQdW06si1efexlMev77KLSh+Jtr83Yh0uB8H0Nx9FUc1sYVlvdwcrhRRHNPwCACtWLh1XCEYOfhl2jArvK6bOTBqCWfLYy1xFqQEbZ5YJ7xkEMzlEwJf1X9rIf/+ebMMPH7mPSxWCYQANExMTExNTbqmi1Ip7tzwuuPKMBwyTCHrJdqmjdNTezLvAtDfXA4j/A+Jze10Y7X2bHWRMTExMTEwxxACYSSS6hE08xYIQ5OAHWqTvbEAMJ3e8CKxaj2m2xIS10+mUXS4Hz9Aq1KlxqMeNkztexJRV69n8n2L5xxJxgZFbFwtuGYsbDIFfsun+csf6L3NXrrs0csybizHU7cSiulqsWrmC27FzV8xxv7ZpAycHQHTbnSizWbBi9cIJgWDm3HAnZy6riQnBjMXRJRsuMA9/9Yv4vMUuKn9kLtAldIGRricQjDlcEgngSyrdsByYU23Dlt+/L4rfcNs1QtmjWOWOkpUUgqH7I9DLitUr8BXuEahO5E/4d1pxqRYmCw9fjAQCKJDYq1RWVaG9rQ3VdUVoqe/H7GoelPjOqgXcj3YcUpDXZLmz1yfAC1L3Dq0uHx63E2qtFm73ABRqDYpLVVGuL6XlNtEyAPC5hrBy9WoBgvF4fVCoNQiOhpCnVMFoNQAyPEG28l+0uArtfU4sroyGX3r7TqK9s1ecR0UJSoqnAADWrFopQDCpzn/HrufRset5XP/TPdjbNYQTn76J2jMvwevfipSNS2X+9XnqKNcXfX6+aBkAjAwPo6KySoBggsEgFMq8lOc/U/mT+dfrLHCMGkTwi9/vx6BXDKwYDXrodPw2Taucitb2DhQrvdDreNcbHn4JIU8jtrcxFBTA6/HAVKiHe8CH4gJ+fdPxVlTXToNex78my/2BoAC/RLu/5CE4HIBSpcLw8DAUSnb5nws645Ft3EubVsF26cUx27Q2NYlKINHwC612R68ImKEhmK/euBG//9pcLHmtmTuzVKOQjl+ycWPM8e3dPaISSDT8QquttUUEzNAQzL0PPoyf3XY+lvzzoOz4yg23x97+XoeoBBINv9Dqbz4qADP14fcEgvn6t36E3265AEuePSAanym2bPqpWHtZBIIh5YliQSikfBLRWOEZ4vyisSox7BiFrqKCX9HRGDeOuL5UlIr/Vrm2biqu3fww9/dHtpwS+32i4Y5sjf/DR+7jlixbjpopke/emilVwLLlKUEwP3zkPi5dgIaJiYmJiSlbkkIXdBkchyNSbp28zjVIQy7/VNoTXff1++Fy8T98oWEYYOxADCltRHTb3Q/jkgQ5jTX/bMyf2VwEl6sf86qNAEbQ3lyPpn41Fl2+STaP9rYW/OKXf4s51oUXrsH7ez9MyTGGKbEcji5YreVx17M5YXPCxMSUW2J3wCepaNcOosF+f1z4gKwjoIJcH9mU4oNX8Dau5C/GFsyIWj/gH4kJvwBhMMZiEUoo0c4xbx86JozB5v/Uz1+qn30lqPjG0w4ulkMLcXxJtwzSeJQ+crr6YDEXC68B4ED9ibgxNPxib+H/6CuzWdBt5z9PBz84AAATBsFMZvlknF2kMIzcenOBjk1eEnI7+6HKUwvwhcftRM1MvuZxc2O9ACIQmAHgQZHvrFogPIQxlfAP/ectmiX0S/qQU1GBBcOcXxgfAHq67CLXF2FfuiLnuZWrV6PxyBFUVtRgmPNDEdBiKJ/DymDEbSzb+b9bMIKygRBUhlDUuld37ER5efQ5sL2zF+2dvVh45uyMzP+LGxfz37cAmv/8/wnQSMrzH4Dg6OIbGhK5vhCNDA8Lrysqq+By9sNgKMAoN4qSMc5/OvnHm//W9g7k50eDooNeHwa9Pt4FJixVuAh3IOCHUqkU4JfgcABGk5mPc7sEkIXAMAAPurSciJQH0Wr5a6Iiqn/Sh5w0ag1GuVF28skBldl4MI2ULaJFL4sFvdAi8AvtBpPs+KRsES16WSzohRaBX2g3mGTHJ2WLaNHLYkEvtAT4pcvODqwUJHV/AYBhB+8sZdNPFcAXZXE+VqxcKuvEcsXZc7iLV14m6uOKvuQcW2j3l+bWYSjVkf2uq4i0m75keUwXmCWPvcxdWxcBET90OtFwMoBZU7SYNUWLvafIvqLhDgBYuWout3PHEcV4jQ1E3FnIsj173kC6OcjBL8J3cQoQjHR+mJiYmLKhLQ/dnLR7bbKliU7FnJhiiwAvNLzQ2NAAQAxEbLzzoZzOX0400JNoPfnf/PUIAONy9ePOO740prw2f+9XcLn6YTYXxcwzlfzGe/6ONNTjj796EvOqjfjnAT+uWqTDZy2DWETF9Pd1sg/QBMvlHITL2cAmgs0JExPTJBIDYHJMV111FQDgnNpaYVlTcx+XyL0jEbxAJIUYpCLLP/6snTtrXmVG/jj66LmnI/k3vAkAIAZ9BIRJBL8QSSEYAr4UhvsFcSHZ8SI3beM3M5L/x5+1T+r5H0v++0+ciDoOU8m/qbmPm15TrJAe1//85z+z9tl55ptWxTee7uIAyJZDAmKDMIkAmSEXTyxnE35ZtXIFd+/Xb0Bn/fHIuN1O5JdZcEHZWbgg3EbqAnPn/+7igIj7h62aB2EI/EJE3EBs1Wbc+b+7uF/8x4pxvfkRzwWmpECbtKtLKm1TUZnNgs9bIg/ObGVmUVkjfYFOcIQhr4GIAwxpT9q6PH7Yysywd7tEY4g+m99x4Cs/egRYvTnKBUZa/sje4hKVLopVHkmuhJKt2iw4v4DjHwXt+10LFufgPRXahaRmZp1QgiaeCOQQq53HHfksjAQCCBH6IKxY8AsA9HucKDDooQfvmNPe1oZS6sHsscY+HOj3Yl1ROV7u78I6qhRPJvPfW6wEipUoKzPH7OfYMf77UA6C6erqkgVgcmH+Y8EvADA8Moy8vMilqtfDu8Tk4vy73Xz5RTkIZmjICxRbEl+UUy4wRpNZKGEUTwSSidUuOBw5X46GQoCC3ffOFXXbT+L27R/jV6s3QHfgBWF5Y/0xWSiGrAPEgIy0DJJU7Y5e/L/XmnH79o/x7s3nyYx/FriOA8LyE212WSiGrAPEgIy0DJJUba0t+Pk/D8Ydf9D5ibC8vssuC8WQdYAYkJGWQYo6jzcfxTPPHoganym+OjsaoSzOx7RpVZh+xjQAPAhzxdnRIMrR92M72NHuMHLOMCRWcHsB4O/sFL0fHYm9f6c6PwNAOXEVavCh0wnAwv9ft2TSu8DIwR2//vkLGYNQUh0b4GGY9V/aiJWr5nIAxpRDPPgF4F1cAGBJik4wwNgcZJiYmJiS0U233JXw1+7f/9atp31OTEzJiAZCXK5+UbkiqWjAJZn+JpMI/EL0zwN+3HT7PZg7S/4eRTDQh3Z7/B94BgN9AKrZQZZBmS3GhOfa2jlzgVc+YnNCzQkTExPTRIoBMDmupuY+Ec1vNvAPfmj3DRpe2HnoENoa5X8pWjVzOlYuWCALMcj1mwkI46PnnpbNnwZhFtRVR8Evd6y5VPT+l6++IbwmEMyh+hYBfJHL/6PnnubOThOC+fizdtn8n9z6J2HZNZeuGtP8v/TGDmHdPbfckJX5j5V/vOOnsLAQ61eeAwB46rd/xN1fv4kci/zFS5LHTxjcGtcbjs980xoeL4hvPO2IgmFSKYk0HtALEYFfACC/zIKhbie6BwMoM4pLYly3dHEUBNP8+59ixeqFAvhib2nGwvMWCa4vdFkcAYjYvRX4jxVZ3x+k/FEs3Xj1euH4LCnQ5vz52EU5v7gkLjCuGCWSEkm1x4yvLHsEX1kFfDN8SogFtxARGIa0k8Ixcn18hXskMmYOlD+iFQqOwON2RpXgAcRQAnlNwAbpeuEPrJ5uWEt5qI2UrRkJBKDWaqEKqQT3l0RyO/tRYNALr02WoqjSOGVlZkyxDGCn0y2CLzKd/5K+AN4K8aV1ps0wIxjDwGPXjudQOf2LmDFjxqSf/0DAL8AvgYAfWq0uqrRPrs2/vfU48s1TYDKZkp7/0dFRjIYCUSWQADHUQl4TMEa6nsjvG4JOz3/GSdmj0VAISpUK4MDcX3JM3faTuObZHXhpEw/BNNYfQ7ujVxaAoSEXKQhDlzwCgEprCQ7VN6H01qdxfnk+bt/+cYLxV4HrOIATbXa0tbbIAjA05CIFYeiSRwBQNa0aH3/8MaZd+20s/2Jy4w86P0F9lx39zUcBGQCGhlykIAxd8ggAimpm4/3PD+Lc8+/BZXNXxRz/dNbay87mbPqpGHaMoOl4B2Z/MXK91q3goKqcgVD7MUxfycMvpDyRVK9+dHTtGmCbdBkZgwA0u3a+I4q74uw5XMXUmcL7lq4OVE1RRc6NFPTS2tomxNDwzbWbH+a4uiWifi9SGfAhhsMQDK8Oy7xJC8HEczbJBIQy1rGJfv3zF9B8sm1MjjR79ryBJcuWC6BLzZQq4bVUHw4djZvnkmXLU46T6weYmPJSTExMk0fxHvTR6xUKxZUAwHHcK7mSExNTLstsLkoIsExWwCWe/veJBwT45bOWQdx0+z0AEBN+Ycrt8/9Nt9yFE58f2fbnVz5aeyrPxZaHbuYSwZfs+4eJiSkXxACYHJbD7eWspsgviQV4JCypa0c8+AIA2hqbsBMQIAyH2wupM4jZkI/Bfj/IuOlAGMT5JV7+J3e8iENYj2ml/MMiKfhCRJYTEOZQfQtO7ngRigT5pwPBEOcUaf5Pbv0T/vj6+wCAH266EC+9sQMXLFma0vy/9MYOnFGRh+89y3vh3HTZF3HPLTdkdP5j5R/r+Hn1rVdhrZ2Nc2pr0dTch+k1xbDWzsZTv/2jsJw6NpM6fhxuLwe+0sS4Sw6GAaLdYYgI8AKMD/QiVWf9ceSX8Q+gD9SfwKI6fr6JC8xQd+RGvkKhuJLjuFdWbvo2J/XiOXq0WQZ64d/bWw7CVm3G5T/8JVZu+ja389mfpL2dtqVrOPs7YyuppDbrgSy4uWRCNNBClzwijjA+yu0lVptkoRjVHjNCy1x4etVe/J+Cd4OJ7DuxaPiFhmDo9aL9E3Z/AbdXAF/2/a4lJ+bYFHb96OzohMlUKMAGWl3kXBXwD4neE8Vy66DhBYB3NCH9Dgz5YdCoROM3HjkCg8mMzo5OVEytEPXl8foEAAYAGo8cAcA7xpSW2+DSB4HB8PnU4QWKTFH5Zir/vcVKIOyIbPbloVcbijmv7U3vo73pfVRO/6J4xaqVOTX/Wq0OLmc/1BoNvF4PDAYx3BIMBkXuL65wuSrf0BD0+fkTPv9arQ7wyX2XnMSQ6yTyzVPEKyqnit5qtfx5wuv1QKPRCLCKUhXZ5tFQUPSeKJbbCw2/ALyjDOl3JDgKifkO0wTr+Oa1ijMe2cYBECAYe9kQ8JcHku4jnlvM2h/+L27f/jEe3XFSGC/++KvQqxwCWn+f9Pjx3GK+fNf3Uh5/1DcDaE7+gXU8t5h7rtscd/zTWVecPYdT5c/A7PNqhJJHR99vxvQzxOcpZXG+sL7tpPz3DgfuFcVHirXSZdJ2K1YujSqNZPd1wKaPjEnGKIMCzQfqoSzmz2ejffHLrv475MVFKoP89XWPFxWlBiCx0Siu3fwwB/DAzN4H1k348ZJsWZ90IJR0xwZ4cOWB7z2S8vjacypF72n45WAHf821cCrv0Hfh/GW4/L9Wca/99w5FrBwytb0MhGFiYmJiytp9vx5HWusne/6TfX225m960Qia+nmne+JyI21bVFyB/R9FinvWJBirf3AU/Qf2AwDOOXsJ+/CNk04n4IPBLUxMTJNBDICZJKqsjNj8EZeNVOAXIhrCIH0Yi3RweYcEQKKysgjt7f3jlv/JHS/ixSTzv2PNpYKTykTlL9UZFXl4d+87aGt1JDX/7wYGcUZFXtyxxnP+gQj8AgDP//M1zJofeTh49txFAOTLIo3X/MfS9bc+mFS7PeciZ29grlq5glu64As89IJadA/yQAjtAEMcYQBg+pQSXLZi+TaEwaJb/vgCXvveHaLSNwCwa/tB4TWBYQAekNi1+wDMNTVp525buoazVNbIQjBy7i9+l/jpg73DNSbnl5ICLVZdcjW3481/ZHS/rjhvDnZ98DlqSngQyScBWORgF1+4JJK+QCcsl8Ixzb1OrDhvTowP5zAAHoJB5TC+UsuXRLK3NAMQlzNKBX4hjjCk9JHqRD7QrsG+1xtz6wZKRycUag1CQf4BWyg4giGPG95h/iFYeekUuJ398Hh9IjDB0cO7NtHLPG6+XBGJn1JUBLVaBWX4qT+BL0wy5XYUao3g8gLwsAtd6kijiKBm7W1tmDl3LrrAO2mcdBYC8GJnnhvnBYEhjxtvDHtxPnRjzv+NYb6sj1qtwlshH4wwwGg1oGK6ET3eILR6VdQ23HvXrXh1xwyhFBLRjBkzsIaCX+j1Ezr/1OlAocwTXF4AHnahSx0pFRFyw+vxiEom5cr8nzlvLlrbO4RSSEQmkwnTKPjF7XajsoyHfbxeDxTKPIyO8sfS6OgoRkeHEQqbtOTrdQgE/AgGgyKwxe/jv8fpZcHhAPLy8hAc4eO1Wg1USiWC4ZJHBH4hc8yUG5KDQN5DNNgSr8QRWWe/6AEsKeePib1dQ7j32R1jGn83osGWeCWOyLre6uWi8e8f4/ivH4gGW+KVOCLrRi0Xisa/JonxT3cNO0agsaox21qDo+83o+l4B7oVPDPODXVCkV+B95raE/YjB7wQTT9jGpqOt6L5QL3gDHPF2XMEML1bwSHUfgyqyhnUdxN/rTJtWhWUahtwBr+8ae9u3gUGnyuu3fww51u8FLqBYegGhgELD8B86HRGoBc6xwSlkK7d/DC35LxV+HfIi++UFU24Y0wqAEqmtXLVXO6B7z2SdPtYri2Jxrhk041Rywn4Ivc+sL895ZwunL8sYRkk6VwzEIaJiYmJKRui3Us6exxx3UwSrZ/s+U/29Zmcv89aBjG9SCe4v1SUWmOOX7HmSiGehmHktC7clokpR3QlgFfYNDAxMY23GAAzCSQFDADevYNWMvCIqG0YICF90S4eLu8QjEW6qDFY/pH8f//gFaI2PNDCX5weiwHCzJhmpdrK9zMR80+cXkRgy4mj2A+g4XA9ML8O61eeA+IlQEohjdf8nw4qM2pRFnZ86ersFNxfDtSfQHlFBbo6O1FeUSG0azrZC4VCceU1P/wFXvj9C9jww1/ite/dISqFQ4MStCPMLX98Ab/83sMZzV8KwcjBL67uZtlYtVmPEZcvpfGy4Ryjz9PBF/QLEAx6ZRr1xghOsJzAL/q8qAfPin2/a+EWf62af9eugapdg68sewSYBv5fWP+n2IwXfv1S0s4vs2fXwFZdE4FfAAG2IWNP9HHf2dEpclhRa7UIBUcE+IK0AYCKqRXwDA5iJMDvd5OpEAAPLZBYAlqQ+JP9/eBGhsPxEbcTj5cf1+P1ob2tDbMXWQU4w+3sFxxeaLV3io9ft7MfGkUxFJoBlJXxn7lpM8z44JiLdyMB8KlVBa6jE++rR3Hd1Mqk8v/ADCH+ZH8/3oMfRqtBGCPQG0JeZMpw7Ngx9J5zJkqKebeRNatWRjm9iA7JvpNob3o/J+bf6/XA6/HAUmIV4IxAwC84vNDyej2i94GAHxqFakLn3+v1wD0I+KeUQKfjP9vTKqdGOb3Q8vv9GHKdRMCSF+Vwo1SpMDo6KsAv9HYbDAUYGRnGaIifW41GA4CHXkgswqALiQ8EhsGNBoV40l8w6BGNyzTxoiGQ27d/jF/d+wu0/en7cd1d5LQkXOqo235Sdoykx7/+DjS9/2pcd5esjn/Ffdh/ZEdcd5dMjn/aXntyCjQd78B0RM5Z3QpOAF8AiF7LiQZZAKA1wE/z4cO8C0hzlw9Nx1tRWViOZtSLQBllcT5G+4agSqIqY/Px2Df4/YUa6AbEJY8A3vkFQBQIk0jfLOO/r25aexWWPPYyN1FOMHv2vIFkAZjmk2042HEEl2y6MW0XGAK/JOuoQkCTdMaXQi+x5LDbU85p4dS5ePLwnpTmgMRrpluxcOrcuM4zTExMTExMTEyZUiplj+IBLrnuJMR02opBMExMTOMudgc8xyUFC4BoeGTnoUMp97vz0CHBRUWuTzI27RLC8ufz106pwO5DnVi+oAiVUwrRfnIAAA22WKMgmBnTrFGuL5VT+Adw73fqoZ1SIfQ/nvM/vaYYz/xjJwoLC0VxZ89dhFIb/9CBBmOk8Eu25/90EXF7oUsfAcCiuloBgiFuMLRczc0w19QIEAwAbL1pgwDBAJGSObu2H8SG264R3F9czc1p521/51UFcYGJp1jwC5HazD9RTgTCkHbZkE6nA8KH8Zqli+ALhl1cwtAKecCdSH5/2AVGEh+vj32/a8Hiy2YK71V7zNj3eiMWf60aoVr+c/sV7hF85dYICCOnbbc2UO8aAA4R+KVdk/OfAxq+4EaGUVRgAbQG6M38NhQYjXAHR0SlewjAQRxM4sUDQIFBL8R7vJ1oqe/H2eeK3TwMJjM0Ch1CqhBCwRH0dNnR3taGyir+YVBLfT9Wri5CLwDTqAmcMYgZhcXIH1LAOMuGHgu/H040eHG4wgAjgL/28L9avlRjgMlShB1cPwYdXlyqMYShCxd/3oQBtbP4bXivgYcvps0wIzgaQsirQp5eBZUhBCCSc3snT1oRCCaWevtOYu/+T3Nm/uEF3AM+lEh+2KTWaHjHFwXviOIbGoLX44GhgIc43AM+VFTyn6VcmP9Bry+pc4Tf70fPSX5fabU6BINiqIeGX7jRIDRqDaDSQB2GXdRqDQKjflHpJAKyEAeZePEAkJeXxxxgclQEAum2n8TeriEQ7COe84voD7ovP5YW/CEdvyS8PJ7zC638ZV/N6PjE8yme8wst86JvMvglBb360dG1a4BtqsoZ6A47vJTF4GK5oU5RCSLaxeXiL18GAEKZpPaBLjQfqMf8+XO5w4ePKD47/PlaANuABnx2+KhQJqnHY4c/UI5pWr5/Mg4tZXE+mg/UA6gXlrUGFNCNdPEQ+EP/LWpPgJdY6uzxYioiZUTpdddufpi7ae1VUTHFMywT4gSTigPLSwe3C68XTp2LNzMwbs2UKjSfbIsJwUgdX+hyRcmOT2AWOfhluMkBzfTkfnX9w0fu45YsWy6b13jEMzExMTExMTGlo5tuvwcHXnsW86rVbDJOATkcXaidMxd45SPZvztOtW0dQxkkBsEwMTGNqxgAM8lEQINMggUOtxdWkyHKyYPlL5//moXz8epBYPch/kbt8gX8wzwxCCO+aUfDLwR82X2ILxOknVKBNQvnT8j8NzX3YV5pKdp8PqHEUZVej1KbDT3hG5Nk+f4TJ7B+5TlREMx4zv+pqq7OTqCiAk0ne0UADCl7RF4TSIaWrXo27C1H8cLvX4CruRmzv/otrFi+CP4P/g4A0J13LQBg1+4D+Hv9UQBHMwK/SEVcYCyVNaDdXwj84nc5ceK1F+I+QMgm4JKM6AfYOujS6iOFeAUATq40EQFjQstcwjICwsRSFPBSOSy8psbIiYeBtPsIwJfGMQE4UW9HbV30L87pEkWZiq+uK0JfTwDFpTxg1tNlx8y5cwXnk/rDEWCkva0NLfWR8m7DXAjIV0EDFaDQoCfoQwnUKDfUonMwAKN1ENVVanBaA1rDMW84vECPF0YrX1LnDYcXcABGK/8L9XmzbFB5S8TxANQjfoRggMoQQp4yuvxOe2cv2jt7UVlRIjvXcuDLRM9/Xl4eTIV6+Pwj0Ov4mz2+oSGYLUWC84mrPzLfXo8H7gFfzsw/D5/wDiuDXh8GvT4YDfLnMAK+iC7AJS4sQvkn9yDMJmNUe7pEVCbimXJXj+54Gy9t+j4AoO1P30e7oxeV1pK4MUvK8/HojszAH/z4a/jrxPdfRVtrC6qmVY/z+Kv4a88jO9DffBRFNbPHbfzTRa0BBaa1RwCr7soZIhhltG8IyuL8qBhaTcdb447BgXtFcVixlryWrlcW56O5y4dp2tg5xlKHZR4qBobhL9TAX6gBerzwqXhHUX1outCOBmM6LPOSnp+Gk4EJ30cEyEgGRFk4dS5qplTh1z9/YUwuLIngl1hwSLLuLakoWfglUX4Lp84FANyz+vaYLi4fDh3FEiwfczwTExMTE1OykrpyJHLpyDUXj0znP9nXZ2r+zOYifNYyiHnVRjx4z224+zs/yMn8T3c5u7rR2NCAmbNmxWzT2MD/GGvtNTfjxOdHtv35lY/WnopzseWhm7m119wMl3MQLmfiObGYi6WLGQTDxMQ0bmIAzCmgVMoHiWIoBxWWf2o6p7YW+wEMDAxg96H+mG4w/Xs+RtGys4Q4Gn7RTqkQ+ppIldpsKAXw/D9fwyWLF+KjIweAI4C1djaq9HoBjqnS6/Hizv2iOWBKX6/v2r32shXLt5H3NPRC9M6hTzB9Sgm6ADSd7MXru3avBYCdz/5Ecef/7hLZz9tbjgJYJAJfiGzV/AMkV3Mzdj77k4zexHW286CLtPQRwMMvsWTV8w+MHb7kyiCR9na4Mrofjh4TQ0FlNktG+u22O9PuQ7XHLIJg4rWjgZdchl9oeYdDKC/l3Ut4eCK65IXPNQTvcAgm8sc85T6STvzZ5y7B3/6wHUsv5b9PZs7lH3ZUTK3Azu3bBeClui4CblTXFaGzoxOaGXzZiBH/QHiNASrvCEIGNfKCQZTpzQD4B29lZWaoDCGQ37dPm2GGRqHCMQBTLAMwGNXwD8eO9w/Hhl9oETeYyTD/yKtGidWKpuOtKC/n481hQMZgKEBne5sAvJgKI2CJqZAvn6RRqHJu/okbTMI5p9xbQqNAvj4+vDIyPBxVGindeKbcE10K6JpndwAAXtr0fVSBB2HkVHUDv5y0l/aX/vhrMP2LPAgjp+lfXJPl8VcBc1dh/5Ed8tfjc1dlbPzTTZ8d/nwt5s/ZNk3LX0aG2o9FAS+080trQIGwowsA3glmXkCxDQBqyvUx28mBLx/Vu9aeXYdtzV3lQgx99dgaUECjADQVkX6HO33QjXTho3rXWgDY9+DVaxc/+o9tFeAhFwK/AJGyR1JXmH0PXh11E/razQ9zvsVL0XAygFlTIiTOh04nJgIZXLlqLnfJphuF8j2APAhDyh4BEfiFaKwQDIFfaMVzRUkHfjn8Sb9i/heKuA3fvV+0PJb7y3CT/EMcArDI5UbmbyxKN56JienUVaJfvDscXSwnppiqKI0NeXb2OOKun+z5T/b12Zy/R5/8NY401OOzXz0Zs00u5M8ULQK9AIgLgpxqorf1dJ0DJiamyaEJB2DOPffcpNrp9XrhIa/P51OMtU2m9eGHH2a1f9pVQ849ZfeePWPue/eePVi+bJnQp9TFQ66sDcs/kv85tbXYvWcPjvVEHjguX1AkQDD9ez5GebEGXXs+BgB84UvLBdeXY60OVPtHJ3z+AR58ufGqyzFrfh3afD6suXgNptfwdO6LO/fDceIo37B2NhoO1+OSxQvRJoEVspX/6SIagunq7ER5BQ9HdXVG7OCbwg4CBH4hOrr7NVFfruZmvPD7F4TXAGCu4R8rELeYTIqUQRLlQJU8IvBLIvcXArbkgqTwCw2xlNks6LY7hTbktbSNtH0CkbnhpCv2vd6IxZfN5OEWaplUQgklutSRGH7JuQeBGoUOenO+4Bqis+QJTiyiP+Q7OqFQa2DQqOB29gtldjIVf8t9G7D1iRdQXVeE0nIbNAod2jvFQBQNwsxedDa4kWFAoYEWwOAw/6BNawTgA3rdPuH9yKgOGOVL5uQpVQJ4we91DebNsqHXbYZ/OLl4Pu8IhPHjH/9YsXXrVq68PHnb0Rf++rYiF+ZfqVBCrdFgztxZ+PxIA0yFeujz86FUKKMADRqEsZRYwY0GJ3z+lQol5pUVoH3Ii/x8Q9LzP2+aDdxoUNh+gAdXNBq14IRDy+v1QKHMg0rJu7gQkCXdeKbcFA2BAGIQRqq9XUOwdw3h0R1vR/WR+fHXyI7fO27jr5Idf2+Gxz9dxIF7RQHFlQSCEVZ0+WQuTXgRqIUALbS7y2eHo/tPlAOBYADAry5HMzW2pkIPW++Q4ACjG+mCLhwjukYKQzCxxqgoNQgQTCz4hatbgotU/DmcuL78O+SFDsC5Fgtw3qpxKYO0ctVcDgAu2XQjFk6di4MdR6IgDFLuiKyPpVRL+RD3Fxq0keuDBm4y4fxCIJjKtYtx4fxlMeGXtw/vQfu2fTj8SX/cfRAPWgnsb0+YT7rxTExMp4fIL95ZTkxMTJmU2VyEm26/h01Ejsvh6ILLOSi8TwR8nOplkKRzQMMwZouRHTBMTEwTrpx0gKFBFqKVCxbAajLA4fZi56FDnBRw0ev1nLSNtI/xgmKyLavJAGORLqoUzVg1vaZ4XGGFUzH/Y60OzJhmFdxgPvnbbpQX8w+myP+f/G03igDsVdtyKv8br7ocr771Kqy1s3FObS167HZMrylGU3MfGg7Xw2KAsO6c2lrBDYa0Ge/8TzVxHPeKQqG4koAtl61Yvq1JUi5DCr2QOACCk8vKTd/mgAjsQpc5cjU3w1xTI8AymXR/mbNpC2eZsRDOYwf5saiSRwCgk3GEkWrWnCkpjdnw+cmM74ctv38/Fw4HBWQgmGREQzEEhsll1xcA0JsjvzTXWfJg0KhEJXIAvmwOXWrH4/WhYmp0eZ1041ffcCn8ziA++nAvAIhKHRFV1xWhbv6ZgttJEwCPrxdGUwkG3T5oFCq49EFoAQRHQwiGQYOQVwWtkQcnBgdC0BQCUPDfC+nGA8Att9yi2Lp1KwcAiUCYW265RZEr8692RrahunYahodH0Ovgf+FNlzoiMhXqYS4qEtxOgJMTOv8EPqnUh9A+xD9gTQTCFI26kW8oiFqu0aihUiKqRFEg4BeVOgoGgzBkIZ4pt0QDHFJHlGTj2PhMCa8/aQgmhZh471MdmwAtBIQR1AL0AIIDCw2+cOBeAcffTAYiYAsNwtDOL1Lwhb4B3drWAuvipWgN8Jde07QK/DvEx55rsQiOMH+3zMsqBEMAFFoEMtm7Zzc0061YOHWuAGdI4ZN0YBS5sWn4JZnxSb5jEYFgXti2D5VrF+NCqozwcJMDf33xOaFdotxTBXPSjWdiYjo9ZbYYc85tJRdzYmJiSl1zZ9WxSchhHWmox9xZdUm5nPzqf7cB/7H2lCuDtOWhm7lvb34k5nopDHOkoZ4dOExMTBOqnAFgaOhlZYzSNsYiXZR7Raw2cn3QUMxkgmFouIC4a2RatGtHpmGG0yH/GdOsmOfknTV2H5qNIgCzys0AgIYuF4AICLOkzx4FwUxk/tNrimGtnQ3HiaN49cRRWGtno7S5T3CG6bHboxxfxnP+TweRm/E0CJOobdT5jYJaCAxD6+//dUdWznmfP/uwgkAwtHRlZtH7OZu2cJ8/+7Aohy/MsKUMvwAYU0w83fXV63LpcJDuJ464wADy7i9S7Xu9cVI9BHQ7+2HQqGSXS1VUYMlavKFUBW3Bmag//Kmo5BEAnH3uEgC864lwbnX7ABig1g3z7iGIuIMoRrwYUeugHvEjBIMAT5SYeBjE4+uFf9iQVjwtArYQEEYqGnzJtfkPBPxQKQG9Tg11XhFc/f2ikkcAUGLlH4gpFcocmv8aIX9rOC3HkPwcW5X8tatSpYm5/XLLpdKoMx/PlNsiUAftihKrDRufKeXrzzCIkmzbbI0tdXZJJgf62hmQd3hJ5voZAJrzwifvQD5qEIZDqa+1ilIDWj9pyco+kANQROft6VZcs3B1JNeTbUmBGpdsujGlMkhyri8HO44I8AtdYomsk+pgxxFoz6kU3GySHZvALQSEkVuXTO7SnPbu2Y0ly5Yj2/FMTEynl+KBJsmsP11yYpJXZ48jrfWTPf/Jvn6yzx9TeppaPpW5mqQgs8WIqeVT8RGbCiYmpglU2gDM8uXimwI0eEKcJqR65h87hZuY+nDZCxJnNUV+PUvHNjX3iRw37rnhCmmfQjsAQgkXIAIAXL/sfAGgkXOI2bFjh+Klpx8XLRvs94ugm52HDo3Ljtl56BB3/bLzY65vau7D/hMnMGoyAT29Yxpj1GTC/hMnouZL9IeSyYDHnn+Fe+DGK1O6ufzofbflTP6P3ncb9+ATv04p/8eefyWp/NU6pQh+AYBr9XZgvhW7DzuwfL5VFoRZ0mdHv86atflPJn963PUrz8GLgFDuaP+JE5g1v06AX86prRViHSeOAmFIhvQVL/8/73mPKywsZA8nklCytog/fXxL1PnrW/dH4JJMOryQ8kb2d16N2acUbEn6PPGrX034cfHUU0/l+rGpAJIDX2i98827hWNk6dO5u43O3l6otVq43QOwlpah8Ujk4UN7G/8gpqW+H92eoCju2Xc/y9o2XZhku+kANl0wT/RZLCvIE+CZyir+YdHcmXUAgnD0dMNkKsRIIICpJSU4VDoKo0kPx9BJdHzsxrqicjQ38r+OUAJwjGH744EuUflfdr8imfxrZvK/QtqZ5wbgR3VlCP5hAxb0KJPef+uf24fNTzxBvr1xzoI58heleXkosVqF8j5SiIO4rgDA4Xq+DznQI1Z8xCGFh1f2H/ocAF+Sad1XvobmzRclvf/8dZ/H3H/xtx8xt5/kq1QoodXq4m5/JH+E8/+mbP7i/QdUV6nhHzag6fV6DpAHlUh5K+k6qcPPRMZPv+z+0+q6YqIhj9N9/FPvgpN+OXGW3JkYO11L8b5jThTPsEA3MAzkR5zRPnQ68e+QBhepDPAXTgw8ONzkwPovbRQtI7CGFIKhy/eQ5ZdsuhHzv1DExYJIVq6ay12y6UYA8mWT5MYnOdDjADws8uHQUdyz+nZgNb8u3thySqWtVHJADl1O6ZJNN+Ly/1rFvfbfOxTZiGdiYmJiYkqkitLI90pnj0P0XqpE6yd7/pN9/WSfP6axy+UchDXJqb13y+OonfOHbQqFYu2pUAZpy0M3c2uvuTmluWJiYmKaaGXMAWZeaWnCNgR8mVdailKbDWfNq+RPiN4hmA2RG04ur/gntNJSOdcvOx/P/GOnAAWQh/00qEI/lCcgjdmQj8pK/ub59JpiYcyPP2tHj92OVatWcQDwjatXKhJt52c9PeO+s7LlniIdI1sOHqda/oGTnTijgv8IdR0fRnmxRoBd/u6zAWfYsPvwJwAggDANXS509Q2jaNlZKAJwvLMToOCS8Z5/8jlpau7jyxuBB1ystbPRcLgeVYsjrh4E1gF4YEauhFU282eKgC8Lz1sEizniInT06Of46eNbOBqCyYTm3HAnV3POCgBA7eUbuBOvvcBu+ua43vnm3dzC8xZhRfj4cLrseAd3c7kIwXR2dCJfp8VIIABraRkA/mE9DREAfOkhyEAguSYaHpGTtbQMHrdTvJAbhi5Pg3VF5RO+/YnyXxk04eX+LrTAgBJTCJ0d9uT3n4y8Xo+oPI+0fA9ZRiCQYDAIrTaz8VJlbf9laftTyV9u/9HlqeTgFJOlSIBQPF4fTBbx53ci45mYmJgyJd3AMADAPuQSYBcdeDjm3zOyNy4NoEh1sOOIrPsIDarQEMzbh/fg7cN7cG7+bBG4seG798cFUWKVLoo1vjT2YMcRDDc5oJluxT1Tl4v7TTC2nH74yH0CnvW9zU/EjdOeUxk1J/EU2N8+5vi3D++JimdiYmI63XTHTau4jXc+lNzf+jn2gP/OO76Efft7J/SeyOLFF03q+2mTPX82f0zjpcaGBgB8OaBwuaBtyNHS9MmKLn1Ebx8TExNTrks5XgM984+d3LzSUqxcsACltsiDWwK7SKEXWrQrTLKKFyM3ZqnNhpULFmBeaanIoSaX5WlvR1tj05jj2xqb4GlvZ/mnqOdefBnv7n1HgF+IaPjlWKsDx1od2Ku2Ya/aht2HHaI2RGdU5OHdve/guRdfnrD9QECW/SdOoEqvx5qL18Bx4ihmza9Dm8+HKr0e+0+c4IGYsGPTizv3i4AYpuzrp49v4WzVNVHwCwCU2dJ7KkhcXqTLzGW8S4Kruxk6swVzbriTY3sid/XMhVdytuqaqONj4XmL8IOqpTm37wIeJdRaLQokT7WJY4VUZQWRc67UuWQiROdA5xZvWwpMFqi1WnR2dEJrBAZGfDi+9+SEbP9Y8l9XVI5Bhxc1U0tS3n8GdaSexP5Dn2MkyMHnH4FWq5OFP4hCozz8kZeXh0DAj0DAD6/Xk3b858faRLktKc/P6v7L9PaPJX/p/uvrCcBkKZKFT4i8wyF4vD4UGPRwO/vhdvajs6NzwuOZmJiYMqXOnsiPaHQDw9ANDAvLyPtsSQ5Aod1caMUCNYabHLhn9e24Z/Xt0Ey3YrgpOft7h90uu5yMLy17FC8Pab6JSjRJ9cNH7uN++Mh93JJly7H+SxuxZNlyEQwj1cpVc7kL5y9LONbePbszEk/aMjExMTExMTExnZ7q6Orgr6EdXbLrGxsa0NjQgJmzZongkJtuuQtbHrp50t5P3/LQzdxNt9wlvCfbR7ZX9u+M8ByROWNiYmKaKOVlewCp6wstOeiFuMHQ64xFOpG7C/061jKp2wXpk3aakcuB5Ejyvn7Z+TlBaNLbkw2HjcF+vzBGNlw8TpX8n3vx5SjwBQC+8KXl+Psh/lfKx1qjbzruVduAw3ahbfvJAWEd6e+5F1/GxvXrxn3+aZDlzX0HMWu+D9ba2XxZpJ37hXUWA4c2H7+uSq/Hm/sOCqWRsj3/p7OI64utugZlNksU3AAAFrMNtuoafG3TBuGC+nfPJufWYlu6hrNU1sC2dA1HyhzZlq4RnF9c3c0AAGd7c9wySOMpAuL4XU5ky5Vm6foHov44eefFxxRyy+Ote+fFx8Zlzp658Epu9uyaqOXddifKbBasWL0QP9gO7v+1vZMzvzooLtXGXV9ZVSWUkbGU6OHs9eX0Z9VSohflHk8KtQbB0RDylCoYrQYgOPHbn2z+RqsB7X1O1KSw/468+ltccs3X8PL/PS2s1+vUccEPgC8JpFYpAZUGI6FRqJQ8DKJQ5kGvQ1rxiXLP5P7LxvaPNX96/8UDTwC+PJFFawC0BjgDXhg0Kni8PijUGhSXqiY0nomJiSkdnb3ha5zqC5GSyp09XlSUGkQwDFmeLcUCUGiYJBl3EuLUkip0Ektk/OaTbSIIJlYumulW2bGTdYEh4MvBjiPYu2c3aqiySz985D4ukRMMAMGFRi63ZJRuPBMTE9PpoiMN9XHXm81F1HdofCAz0+tdrv5xm4dkH2Y//OM/KE7F8ZmYTkdNLZ+KIw31mDurTlQGKZEjitVajrXX3Cx8bifL55Lku/aam2G1lketJ9srt/0u5yCONNRjavlUfMQOHSYmpglURgCYwsJC2eV/3vMeV1hYiCq9HvPrzhCto4EV8vCcBlSkEEw6kuuTfmAPiB1jrCY+1zafD3/e8x63csEChdw2DwwMZHXnONzeKCebwX4/DtcfR5vPh1GTCejpTWuMUZNJcP6YX3dGFDgkBxudjvkThxYafqmcEjnudx/qlwVfaO1V8+BC/6F+LF8Q+aOQwDBnVOQJ41xz6aqszz+BVxoO18Ni4P92mjV/trCcwC8fHTkAp1eBWfN5KIasmzU/8svyw/XHMz7/TMDXNm3gVqxekbCd08XfQL9h07U4+MEBAMCaFWu4V3fFB1YI/AIABIIBAAK/EPldzjHlTzvLZAKeIeCLbWEkv9rLeegn0yCM1lCINZetFC1buv4Bbt7ZF2JmVbFoeWNbH5auf4C75pqrRctffX3nuBwnNPxib+GBpTKbBd12fr+RYyIXIZhEqqyqwmcHIr8oKCvIy7lSSLR7irvXh3mLEtuAGjQqKAJafNLRi5VB04Ru/1jyVxlCKe0/967ncdmar+NNtQrekUgsKe8jBUECAT9CowA3GoTBUAAAUAMYGR6GRq3BKDeakXiAd0/ZcufdOPLqb7O2/7K1/WPNn+w/Ul5ICqK4nf3wDofAjQyjYiq/To98+FxDKCrQYZjzx41vPMI/CDWYzGOKT3b801G/3vwN4Xv1tkeeGfdz+ZM/e0IY/5577xv38R/f+qgw/v23PMhu6DOlpeIZFvQd46+VKkrjO86qvnAFzt7wNe6jF36X1eMulvsLWQeIARm6DBIRcYFJBG8c/qRfMf8LRdxPfv2HmOMTCCYW/CI3vjTfeCLwCwFtnjy8B0tOtmHvnt0C2JMsBCOn4SYHDpK/S2MAR9mMZ2JiYjrVNLV8asx1HV0dE1r2yOXqj5tfpnXTLXfJPhQGePeD73/r1lN6fCam0/kc6HB0weUcBJC4FBBxhSElhGiALddgGDo3ki+9DXKSgjBmizHh9wUTExPTeClrDjA7Dx3iVi5YACAClxiLdEK5FYAvvTKW8kY7Dx3CAzdeKXxBPHDjlYrHnn9FGC9ZDfb7hQf05P/pNcUY7Pdjft0ZKA0vC2/LuH0hDQwMcPNKS4W8yBzR+WZDpG8CMZD380pL8djzr3D0nMfTo/fdlnP5P3rfbdyDT/w6qfwfe/4VUf5y5Y4I/LI7jutLLNFtly8oQuWUQhEEAwAvvbEDFyxZOqb5l+Yfb/73nzghAlkcJ45iP/UaADQqDjdetUb4zAIQucMQACne/H/W08MVFhayBxU5Lr3RDN+gK3IDIez+4ht0JQRYCIhC5Bt0gcA1AEQOM2PRnBvu5GjwhaisbpFo/EyAMEvXP8DdsvF64b1zkH/YKrfMYtRhydwKLJl7vWgZANz4pTVYuv4BLpsuMIu/Vs090wgcPdqM2bNrYKvm55zAL0RHj/L70lZtxuJLq7l9v2vJic9jKDgCj9sZVUaHlqlEj5b6/pz//Dh7faiui+9o4XE7oVSJq0++3N+FdUXlE779yeT/6ZR2lGmrAISysv+8Xg/y8vKgVCgB5Si0+gLRerVGI0AjmY4//JffTvj+y3b+0v0nVWdHJwoMemgUOkDjh6m0QvwdYc4XoBXZGztHjiBPxedQWm6LAlsSxac7/qmuX2/+BrfpqzcK729dvZj7zfZ943Yuf/JnT3DXX7dOeL9u3Tru5ZdfHrfxH9/6KHf9VeuF91fcsor719Yd7NqSKWWdveFr3JJ130QzhlA8wyKUOIrn9lJRakBbhvOQAigHO47w5YtilEWSviagSizYZbjJgQ+HjiaVw4bv3i/ESMen4Rc5CCcebBOvHJMUfqmZUoV7Vt+OJ7f/Cvesvj3iPhMuh0RDMARGIfloplvx9uE9UaWKPhw6igsRnVu68UxMTKevHI6umNABWc9yOj0Ub87jrTtVxmdiOp3lcg7CbDGO6bP27c2PCACNnJvTeEExcmOvvebmMW/XzFmzRGAQExMTUy4oKwCMFH6RukKILsSpB/J0u0y5v5C+6NJHiUAMOg+H24uVCxaMOwRDl4uic+0J36yp0uvx2cAAqmZOR1tj05jGqJo5XeiL9G01nRE1P6U2Gz7r6Tkt83937zv44+vvAwB+uOnCKNeXgNY4pvyPtTpQNXM6dofdYEi/7ScH8L1n3wYA3HTZF3HBkqVZm38AOKe2FvtPnBBglzUXr8Hz/3wNlyxeCJcqch305u5/Ca+HQwpoVBwuWX4FXn3rVZw9d1HG558JonJGRHLlj4BImRsAWHjeImF5IhcY+zuvKogLjN/lhG/QBWnpI4AHY+IBLLWXb+B0Zn58c1kN9LYa+OzNon6kZZZSUSz4hRYNwmQCglHn8Q+5R4KjAtAC8OBLVakJxvxI+Ze2HjcsRp2oHYnPtta8UYkVqyPgi72lGQvPWyS4vhAwhl/n4o8tzMc30JIzx7paqxVBFM2N8rbKueb8Is2LdlIham6sR81MHjL0uJ1Qa7UIBUcix22ZGVMsA9jpdAtOIuO9/cnm/3J/F4x5hZg2AwiOpr7/AIjcT0TLvR7+ojSPz2F4ZFhwPqE1Mjyc8fhYOWV6/2Vr+5PNP9b+A3jwBAAKDPy1Qb/HiYqpFVH9+Vzy1+adHZ0IeJQC/JKnKpItbxQvPp3xTwdJ4RcAePLJn+DXm7/BfXLoELINwkjhFwB45pdP4MmfPcHt/vceZBuEkcIvAPCbR5/G41sf5fa8vxsMhGEai2qC+WjOG4K/kC+rVlyogW5gOCYIkw0XGCmA8uHQUSzB8qRi47nFfDh0FO3b9gljJJPDdes3xhxf6uZCgzDxIJG/vvhczPH37HlDcHmhdW7+bKF/AsEkAnlIHK23D++JWpbNeCYmptNDLucgXM6GuG1q58zFd+fM3QYAWx66OSdyYkpfyZYdonXHTauEmJoz509ozuk+VE91+3O9zMuptj1M2VdHV4ekDFJiSCSWc4rVWg6Xs0HksgLwwGI2oBi5PuVcpBobGmKWO4rnAiPdLlL+qKOrgx04TExME6qMAjCf9fRwn/X0xCyJRNwj9p84ISwj5VZEF+8S+GWwP/JrV6n7C5HUBUZa4kgKwRBJc2lq7sP0muKodoWFhdh56BAHAPNKS7N+0dNjt0dBDD0xbHcJCJIJHa4/LhqX5HK65w9Eu74EtMa08w9ojUJ/NAgzHvNPoBalZSp0JRWwt3ahx27HrPl1aPP5YJ42BwCEskdP/faPAHhHGPJZzNb8n+4i8Mvs2TVCSRtbdQ2cLnsUBEPKH8nJVm3GmhV8GaJE5ZCSlRRiIfALAV8AwH5wFwAehjGX1cDV3TzmMkqJ4BcatgF4ECYTEMy7n7QDAC4+R/wdRYMvwjmsNLoEylv7T4zHoRL1B8zRo80y0Etz+Fg6CFu1GU+v2ouP3wYHYEL/gCcPyDs7OmEy8ec+KTzQ3sb/6thSogfgy0kIhoAjlhI93L0+uHsbYCrRo7KqStimmpl1UfCESx8Ewj+MGHR4gSLThGx/svkTmX156NWGxrD/xCJlf7xeDxTKPNDGKgpl9OXpkM8vapNuvFTZ33+Z3f5U84+3/xRqDQwaldDG63YBEgClq+ekqA0dX3/4U2F5Tc0CBEP9AMTfVY1HjqC03CYbLx1fodZEbZ90/LHqmXtXcACE+SH7CAC+8bNdSZ0Tt//PzdxY4sYqOfiFiF9+I25dvZgDkBUQRg5+Ibr+unW4/rp1WLduHQcgKyCMHPwijH/Velx/1XpccQv/cIGBMEzJqjlvCDXB6HsD/kINIAFgEpVHSvvvVwpAAaLBlnilhA52HMGHQ0dxbhMEF5bhJgcC+9sTgi/SHFaumstdsunGpMal21w4f1mUe0oy7jPacyr5fSEps6SZbsWbzz4PULlcOH8ZLv+vVdxr/x35jCdyniH5xHPISSeeiYnp9FQyv4y/6Za74roDkF/IZ2u9XPtMKdHDzM4ex4Suz+bDVvKg2uHowh+3/jypmI13PiS8lj44TuTcE08/eWRzUu3OOv9yVJRaEz60TnX7Ex2fk6X8UqwyUql+xphODxGgg5T2SQYISVVWa3laLizJfn4znbdw3ydcBomeq4/YocPExDSByhgAEy5xAiAaaqHLHhHgxNHYyC+orRW5xMg5v4ylbI7D7Y1yniF90yVaSB7WmTOx/8QJAYIBICrPRJwyqG0ddwimzecDwLt3kNeZUJvPJ+qzVJLD6Zw/APz+wSuEZcT1JZMi/RE3GHq8bM6/0jIVo84OEGhsf2Eh2nw+kRsM+fw+/8/XMGv+bJxTW4vpNcX4zbPPCaBbtub/dNSaFWs4W7VZgBekImVtaAim2+6EvaVZcICRlr5ZsXohjh5tjukGQ1xgAIhKFhE525uF8kfELUYKwUhdXwiwQt6by2rQ7XIiVfeXZJxf5FRWtyjtkkvCd1tTbrsXbbu1Ad/cYRZKHBHt2n5QeE0fT/YWF1Qn8rH4spk5kT95+D0SCECry0fNzDo0N9aLHkrnuro9QZQV5MHZy58DLWH4oL2tDZVVVQJ8MBIIQKlSCg/+u8DbcJx0FgLgr3MmYvuTzd9o5a+JeoJBaPWqjOw/OfiDaMjnR75eh0DAj2AwKLijEHAkE/Gic90E7L/xzD/e/pMDS3Zu3w4gAooAgEFS1qjxyBG0t7XJAiDb/+dmbubcuXA7+9HTZcfq//yDgiyj4wtKrLLjd/WcRHnpFLid/fB4fYI7jJyzTLLa/j83cytXrxadf2Yvioz/zL0ruFjbAohhmZWrVwvzFysuE4oHv9B68smfoLWpKeNlkeLBL7Se+eUTsHf3ZLwsUjz4hdZvHn0arb0OVhaJKWnpBoZhxzBQqIlaDkSgl3hlkTIpKYASz91FqnPzZ2PPnjewDJcC4N1SHGP4G0xaFkiqeCBIYH87hvMdwviJ3GeksA2BX8jYl2y6MQqCCexvF80X7ZwDRMoYARDBOJrp1qhSTOnGMzExnb5K5oEk+QV8rLbZXh8rZ4VCcSXHca+ks/3kwW9HVwfmzqqL/Xd+jwMVpdZxXU+/J+4DE3UM5IrizWE625/o+CTHGwCke8xNxOc51c8Y0+kjcl4hLjDxIJixrsvmeYYc27EUz+klkQsMgV/I+Tdb52AmJiamVJQRAGZgYCAKfiEwyasHD4tvrISBk3+H3SMefyhCQ9MOLZksgRSvb5LHRQQCkMQR8OWc2lrhdWFhIQYGBrLy63l6LmlJQQJPeztgirgOxHLdiTOOuK+ZM0VjSV08CgsL8djzr3By7ju0Hr3vtpzN/9H7bkuY/2PPvyLKn3ZoIe/nlZbi88ZGjGYof6XbjTkzZ+KzHkSNler8S/OPN/92lxez5s8RwC5/Tyt/MVTLgy7P//M1of2s+XVCPzwMMwcNh+sxa35d0vOfrc/MqSICv8SSvaUZtuoaEeBC4BdbdY1Q8kZOxP0jXkkkGn6RK38kbQMAczZt4XyDLgF+IQ4wAEQlkMxlNfANurI6f2Qcaf6TSYuP8+eFfWckdz5ZfNlMYA/w9Kq9+OaOJbC3uECOIVu1WXhPO8Jsu7UB+77D38RfPMHb29nRiQKDHqo8NbS6yHc0eWBPHja7e33Cw32i3793ZO2z4de0o8Pq/0zdFlQu/pl7V3Buasz7n/8gqt/fv3dk7VfP562tiarrIg/nafgAAApMFgT8Q8J2axTFaO3uw6DDi3VF5Rnd/mzkvzJowsv9XZhiGQCMVSnvv71dkWuvM2fXwuv1IC8vDzUHfy2M93bxGoSo8jykNBApB+T1ehAM8nEECpGLP+OTX4NsvwGA94rvRMXPmVGFz4/xOZLcsrn/Utn+bOQfa/9J5R3mSyrFAkF6uiLXE/E+bwR4oduRZWRuKquqouAX73AInl4HCkqsQmkkUg6ps6MTHq983smova0NBpMZBQa9CKqh54z+PBGIiEA7BhN/fi0w6GPOXyaVLPySLSULv2RLycIvTExjFSl9RKAX0TVKGHzJtvuL6D6J5O+1ZBxYaP31xeeE16m4vySreC4oDrs94+MTh5hY8yMVgVRoeCUVpRvPxMTENBmUCQgm4/cFehzo7+Ov+4uKK7ICbUzktsW9j8VKVzExTUrRcEc2nGAmmwj8Ip0bJiYmpolWXqY7pGERqaTwi7A87PBCIBUp/EKcWJJ1gqGdW4SLSqoE0mC/P6qvfx86hIsWLICjsRHWmeJfxtNQz3iJuGoAPFBAO6a0+XwYNZlShi5o0bEDQFT/oCCGsbi1nCr5r1ywQFTqpzDskpKN/HlIJNJm5YIFUXOXyfmfphkVoBcAmFnNPyhrbKnHOz2tuGTxwsiFTEu4rEN1HWbNr0PD4XrceNXleP6fr8E2rTzj83+6iwYWiGzVNSizWdBtd0a5vMTqg5S/4ePN4ffyIvBIItGOMESJ4BeiOZu2cJ8/+3BSN8RrL9/AldUtStiOdpmhx5NzqklGS9c/wFlrzhQtu6Xmdvz15LO4bsombG3+Fa4w3IhSK/8Z7nEM4F/e56PaCN9HNWdi6foHuHdefCzjDyL2vd6IxZfNhGoPX9YIANb+ZhZokIpAMLu2H8SG266BqulJLL5sJva93pgTx7oqTy24h8SSqUQPU4keLfX9KCvIQ7cniMc2nLvt8RvPAwBcuf4qAIDH7cTjN57HycEeROThNg2HSOMBYN6iWbjw4gg8QJbTemzDuZHPRa9PgA9oxwypRgIBmEyFKDAa0QvgC1NLMDSzGPg8mLHtz2b+AGCeUoNhLpTy/mvefBG+AN5xpqgjAnheSOVftP1/cHLlf4IbDUKj1gAqDdSayK/zZxz+LaT7TxoPAJWS7X/lxR8B4GES0fVi+P/mzX/O+v5Ldvuzmb90/0nlHQ7h6IGPYpb0SRUwk2tPL3vm3hUcXRaJjA8A5LEn7RhTYNCP2QHmmXtXcGefu0SI93g7Ret7uuzIUxWhpoZfHwz144vnLYPenC87Ph1/9rlLhHNLJp1gPjl0CEByAExrUxMa64/hiksvzpgLzO5/70GyAIy9uwcn2uzYuHFjxlxg9ry/G8kCMK29DtR32XH1htuZCwxTQn38p61rVV+4Ylsx5f6SyOmls8eL0Cf/wsd/2roWL/wuK3kRV5LKtYtTLr/jsNvThk7kxieKV0bory8+l/LYtNsMcbqhgR9pSaVk9OHQ0Zgxf33xOfz6l9uyGs/ExMQ0WZRLEMzhzw9i/pyFWH7hUv7eY0MDDn9+EEXFFafEXL/112eF1zVnzmcHHxPTJBYp6UP+Jy4w5NxFQzCnKhQj5wJDwy/E/YWeKyYmJqaJVCYAGG7Fgmp8dIJ3rpADX4DY8AsATK8pFr2XurWQkkXGIh167KUxE5lXWhq3LyJjkQ7GIp2oNBPJLRYEQ7aNQDArFlRj16GWrDpaEJAgWRHgIal+k9BY4YtTLf95paVJ9ZOJ/AkYU6XXZ33+CfCSzHIajgGASxYvxDsf7MY0qx7DWZr/00mJ3F8ACCWOCARDZKuugb0ltuOJ1BVE6gIzZ9MWDpB3TfG7IuPIlUeSigZfgOShGqlqL9/A6cwWUVklGrChx6LbEAiGiLjXpFMKqbBAhx7HAKDgYZfCAh3A8a/jtenuT80yf/HxAew7o1BwgUlalcNAuwaqPWbse70Rr34tH6HaBvyfgq8J/RWOr/OqOpEP/PvXADQ5A7/Eck9obuTPM8SBgby+8GLe2v+VF/8JU4leeC/0Z7LEHe+Ze1dw0hhp/PLVF8r2c+X6q9DcWC9y1KBL3cxbFPnjj7RpbqyPiqE1zIWAfBWONfahCqaMbH+28zdaDQI8ka39Nzw8ArMputRg+YdPgO2/7O0/k6UIH23fjmyV8pHTN362S/HMvSs4Au3IlVOiSymlU/6osqpKFB/PvSUY6heBNwCixpfGr1y9Go1HjqTtSEV06+rF3H/efVtSbd98dUfkeq1uBvDGW2nvm3Xr1nE/+K+Hkmr73r7I33a1VbaMHBtX3LKK23z/fyfV9vVPPxFe15XbwMSUrHQDw/AXangnmB4vfKom/voxNF1oQ4Mxqi9cAfxpa1ZzIhDKC9v2YcN37+ehDMQGYN4+vAft2/ZlzPGFHp+AMLHgl0yNnarTjTTX69ZvxIdDR3Fu/uzo72pJ7u+++y53wQUXKDIRz8TExDSZNVYIhn6YeaShPmq92VxEfYfGdz85/PlBXHu1GHaeOWsWzBYj3nnv7YS5SPt3ufpj5poNORxdMcuUOBxdAICNdz4UtX2Z6P8nj2xOanwmJqbMSQp0xIJgEn3+ch2OSVTqiD4/ycEv9Dl4avlUfMQOHSYmpglURhxgCPwCRFxSaFgkFfgl6uLZkC9yhJlfdwZee3Mfd/kli0U3Hl57cx83v+6MqNh4khtbCsEQRxup+wu9zdlUPIAgWeAiUdxnAwMpjcvyPzXyH9NFEAXHkNef9fRkfVym7MoyYyGcxw5GQS6+QRfs77yqICWQnO3NsMxYGBXbvH8Xas5ZERN8ad6/KyoulmxL13CWyhrYFq4AEAFfCORCi6zLNgTztuJvsv/Ha5OKCPSSMvzCA5hiZ492DVA7JAZfiCqHpbE5IbVWG3e9tJSLHDxAr0tHB/bvjxovUW4Akm5PtrWzoxOaGVOTHiPZ7c92/uOx/7wy8MvI8DDbf1naf97hEMpLp4j6G08lAm7a29pQWVED73BIwIw6OzoxPcn+CZAye9HZwjK6fBEpuTRz7lycqLejts4GQAxR+FxDUePT8WT+8lRFWLk6As5s/5+buXQgGIB3dgGAadOnx10P8PDLtOnT8eSTP8mYC4y9m7/Gs5WVxl0P8PCLrawUz/zyiYy5wLT28g82ppVY464HePhlWokVv3n0aeYCw5RQ+x68eu3iR/+xrQI85ELgFyBS9kjqCrPvwavXjkduBCiZ/4Ui/hpPxpWEOK/Q7bMxvgDCUBBOJsYm8MmG794vu17OgSZePwBw7vrZMecolntLuvFMTExMp5vilbbo6OqIW76os8chrKfhF4ejCy7nIH8/x8L/Lbj0/AvxzntvY/6chbLxcnK5+set9Iazqxsu52DcEkbH7c2n7Phkv8kBOJMJvjkVtoFp/M+BHV0dAtwhB8F09jgwt276KTsHZosRR+qbhPM2IIZfCCTESiExMTHlgvKy1fGrOyK/RpQDXwDgogULcPdtG2JfvEpKIQG8e8sXvzhPBMG89uY+7otfnBczPh4Ic9GCBVH5kfcXLVjAb0sMR5hsiC+DMxC3vM7AwADmlUbfiJZCQbH02pv7RA9M55WW4rOenoRjJlPyJ5381zz0/aTyf/XH38/J/Cf7/E9E/ueee+64fK70er2Qs8/nU4y1Tab14Ycf4qUOlzDu7Nk1sFWL4RHi7nLwgwNCGSSp48vRo81CPHkNRMoeSUsfvdTh4q6ZalYAwOfPPqwgLjDCH9PtfB+WGQsFIIWILmFEYgkEY6msEcEvzft3Cf2kKmlZJRpyIe+z+odwnwsXLOT/YLluyiYAEEockf/jLZtZVYx3DzbFHSMW8JIsCLN8+XI8+ruPRcv2vd6IxZgpvAaAxZeFv7/CbjEA8GDlWdg9wRcgGoUOeiP//Xyi3g6dJQ8GjUp4mP/2W29Exbz91huorKqCo6cb1tIyYbnH7RTggVhlkNy9PnjcTlmHDToeiLh40A4epeU2UXxlRQ3aO5tF8IGjpxtetws1M+uE5Y6ebijUGhg0KgD8A3MAgEIDLYDSmny8vLcL50OXke3PVv6fWlWYNsMMjUKV1f3n/teP4L3iO8I6r9cDhTKP7b9s7D9zPkzU/istt4E4sqQLbmRCJBdnwAuDRgW3sz8y/0nG180/U9h/dLxo+51BNB45glIZ95DOjs7E8eH5Ky4Vw2Bk/6UqqftLY/0x4TUNwpCyR0AEfiFKB4KRur+caIu4CdIgDCl7BETgF2Hu04BgpO4v9V2R8WkQhpQ9AiLwCxGDYJiSEYFgYq2vKDUIEMx4wS+0okCYGOvHY/wXtu3L+NjxSi6JvjsTOM0c/qRf8e6773K33RG9i6Tgipx7S7rxTExMTEypq7n+EwDrRe4BAEQgjLe3d9JvZyIXnESKB7hMtBIBOJNBp8I2ME2M5s6qg3vQAyDaCYY+tswWY0ynpskmGlakJXV+mTurTtYhjImJiWkilAkARvHY7ZGbMuayaqxb/6KwMhb8AkAElcSCVKQOMEQEgiGvU4mll8cDW4gbDMC72Lz84nq4uluoFkXZuAGiKCws5GIBAzS8kCywIJWce048iIHkcuvaZQnHu+0Hjyp+/f8eTCr/ZIEXqaRxr/74+0nlf9sPHlVwH78Wt+9b1y5T/Gbbnkk7/7mcP8bJcYIGWYhWLlgAq8kAh9uLnYcOcVLARa/Xc9I20j6yAcW81OHi/B/8nSpRFA11kGX2lmbs2s4DJbNny8MfNPwSiTdHATD+D/6Ol867VoBggIgLDHkNRAAX6XJaNATjPHZQgGfk2tPwjJxo2Ia4uMRygKEBGXqdXCmndCWUOwqXOBrw+tHD8cuE1wpxu/HQ9cvOxyGcrwCABc8/xQER2IUuc7Tv9UYsvmwm9v2O//56sPKsnLh5rzdHvvcJPEFKjIyMhHDhxZeKyrwAEYeK+sOfwusWH9eVVVUwmMxxxzzZ04OTMq5VdHzF1AqMjPAPuckDcY/Xh57wg1ZpPIEVAMBgMgulU0ZGQhjyuEWlUjxeHyqm8vXMmwB4fL0o1JfAaB3Cew4vrrNUpr392cj/jWEvjDAgMAhoCgEoNNCbuazvv0DAj7y8PLb/xnH/rVy9Gju3b5/w88Mz967gzj53iWgZPf+ZjOe33xZVYsnt7I+5/6PjVWmVaBKu41Yv5q649OKY60m5o5l1M0RgjFS0M0wqWrduHbdx48aY60m5o9oqmwiMkYp2hklFV9yyirt6w+0x15NyR3XlNhEYE7X9vQ4wMcUSx3GvKBSKK4EI2EKDMLTzixR8GUu5iHSVbdBlIseXK7lElIrTzAUXXKA4/Ek/3n33XS5em2zFMzExMTGlrlPJZWPbS3/Atzc/Ilp2zuyz8dZfnxUtqzlzfkbGs5SXRZUn+e5dX40quZRNxXqwP5n2a7xtkHvQz3R6i7i+xHov51JFQ1ZmixEu56DgdJXrn43GhgYh51iSQn4dXR0wUSBQtkvRMTExMSVS2gDMbx6qFp/Yu1vw8ou8jaG5rA5wvQyY10XFXbRgAdasWhWzXwKo0ABLU3MfptcUY7DfD2ORTtSeLCNtpH3EAmzOqa2VdYHhA1/Gv//9fbi664VtGycpVi5YIPsQfl5p6ZjBhVgS+ntzHydXzuaBG69MabzbfvCoAgAeve822fzHCr7EktDfj78vm/+DT/w6pfEIaPLY869MyvnPtfxXLligkJYQy7Ro6GVlGFqTylikg8PtjdsPaSPXB/15zCQMs2v7LthbXFixeiHsLc0xHWBouOXo0WYBgjl6tFkAXAhIA0QgmV3bD0at27V9Fy4/71rhPQ2x0MuEP64pIEZuG8hyqZNMvJhk5Ytj2ypdR8MvfpczcnykWQbpX97nSa94u+BvAPzUMr7s0YDHj3+BX1ZYMD5fFPT3YNPdDygA/qH89Kcei9oPD2uWKnZW5uYfWW5nv+CuQaRW824LpeU2EQQgfM6pMiNuZ6QkYaIH0MQ1A4AACsjFk/GJCgx6FBj00Ch0Qjwtg8mMAoNeNP6Qxx3Vrqgg4l4y6PYBMECt48v7XKoxZGz7M53/pRoDPgDQ3e1CickGj68XgDGr+y8Q8LP9N0H7b+Xq1Xjm3hVcovJE2VZPl13kykLP/1gkFy+3/dL9Mpb4xiNHkOr8SZ1fAGDn2x9g5YXnCe9n1s3g+5fAL/FgmGQldX4BgH+/8wEuWhoZv7aK3x9S+CUeDJOspM4vAPD+e7vwxfNXCO/rwseDFH6JB8MwMcmJgCxSECZRe6bMK5NOM+lCKgxyYWJiSqRYJVOkbeK1zfb6WO0zoUQPMxM5npD1pIRPLLmcg2j49GNUzvpCSv2Px8NWMp/JuLtIgRQaWkl2/8npJ49sTmr+E5WNSmf7Y+U+mdwu4m2Dy9mQ1j5iOvVEyh8R6IU4nZD3FaXWuOcFcs6jywdJQbZUz+9j/fzG6p+4cpFzRyL4paLUCperXzj/Ehcceq4+YocOExPTBCpTJZAUAIQHbq7uFpjLqgVwxIyXoyAYqfMKXa6Ihl4G+/kHIA63F1aTQRZ+AfgHgYP9flhNBjQ198FqMgjLSf+xHGFkXWBcLwv5k22S2eas6vpl5ytI/vHKOGVKl1+yWHF5BvtLFTxJV2se+r5iTQb7SxU8ybX5n8j8yedssN8fFzrR6/Wi9zR4YjUZZD/rz/xjp6zDC4mhzwlETc19aGruE97fc8MV0j6FdgAEiI4+B12/7HxhW+TgtG9cvTJqvqXbv1MGtCPwC9Gu7btEDi9yri5kOe3sYqs2x3SGkRtTqkRwSzJKF3aJOg13N8NcVoPu+gMAgLK6RUnF0fDLmP4ILjYLr6+bsglbPb/CLTW3Y2vzr3Ah9yWU1oidjnocA/gXnhfakJJIpB9HlkovX3/3FvkVd2+J2g+LAWyZBBcl5KGzRqGDyVIUBQEkAlzkHloDwHdWLeAsJXrozfmYaZ47pvEByMbTbZKJF127mPRwDJ3EoMMLaAwZ2/5s5Q/wrif+YUNW99/I8DC0Wp0AwSj+/P8BbP+N6/4jbjW5JOn8J5IUoKHjp192f1rfV02vP87Fm79UJQe/NNYfQ6W1RFTaCODdXRI5wADAFZdenHQZJDn45USbHVXTqkWljQDe3SWRAwwAbNy4MekySHLwS32XHUU1s0WljQDe3SWRAwwAXL3hdlYGiSmhGNiSO5popxsmJiamRCLQRjIlU8hD0Fhts71equP29G9K0DBHIrAiU+BFrD7k+qffS9f/4pd/SzsXulzTxddtEvX/Vld3VDmn/Uc/wsYsHouy45U+JGw/vc2NDQ1YvNiWse2Xc7w51bTtpT/grPMvFwCAdOeP6dQQgV1IySNpuR9yXiDn6ETnQennONb5PZOf31S/P+Ryk24XDb8QKIh2x2FiYmKaKOVlsC8RBBMlygmGuL/QD6uFZhJAhTzEJg+RHW6vALsQESiGQDJ0XLy+Af6BeZQLjOvlZLaViYkpQyJlmeKJgC/zSktRarPhrHmVwueaBsSkn3MafAF4kOWZf+zkCCD02POvcDTcQmIIBENDaJWV/MPL6TXFwpgff9aOHrtdyE8OhJFu52cxSngQ2IWGXuTcXejlRIngF3uLS7YcUjzNueFODuCBkhOvvZDV8x5d/ogWgV+ACBAj+xWThdJHAx6+vNEVhhtBQ/xCqSOJehyRtgNeP/tgJ/rDqaNTVF5EDg6gH+J7vD6YLInj5y2ahe+sWsD9aMch0TE7b9GscRk/2XgAADcMXZ4Gl2oM4z5+qvHzO314Xz2KFhhQYgqhs8Oetf33zp/+G7j5v0UQDNt/47v/ZprnYvv/3Myt/s8/TMg17zd+tkvxzL0rONpBx2QZv/h0z1+pzJ8c/AIA7Y5ebPrqjVHLp02fLgvBNNYfi3KISQaCkYNfAKCttQXXX7cu+vu6rFQWgjnRZo9yiEkGgpGDXwCgv/korr9qffT2l1hlIZj6LnuUQwyDYJiYmJiYmJiYmCbsnkcCl5ixPICeDHr8Ny8A2LDtz698tFahUFyZa8Dxlodu5m67+ztx27yx81846/zM/Ux1375/c/RxkQ5ANpb1ixdflNbfQ3fctIpbt/FO8f0GY8T+mgAhsT4DV1/55bTG/8crf+EAeaBEOrZ70CNa//Jzv8Av/5jZvwdpuEMKwdB50ueATLsxTcR5LNY20PPPwBcmJqZcUt54DOLqrufLIYVFO66Qh8hycAoQ/fAagAh+ibVMzsmBFhmXxEU50nTXs6ODiSlH9Mw/dnIEfBF9TpMoc2Y1GRKWPpKLiXk+kxmz1GZDqc0mgDDxIJhYImWN5OAXOdEwi63aLCqLFEuxYBo5zbnhTs62kC874LM3o/byDVy2IZhE8rucAAXASKGXeM4veqMZRfMXc/2HxQ8B7777bu5zb+QC3lpzpiiOLnUE8OWOAB6OAYDCAgJb+qPa0n1efMvDwh+7cwwOPPXUU6f9w7iAR4mAJ4Dauvi/ZPAOh8CNDKPAoBfBALHiZ86di88OiG8kWUr0KC23JRWf7vjJxmvPsGFgxIfje09iYWnluI8/lvhLAbzh8OKcuTVw7+vN6v4jZ+3QKDCF7b8J238TqcqqKvR02YUST/T2Tx+H+Eycv8aqxvpjotJHtFqbmiKfFxkIpt3Ri0pribDspKMz5fFPtNlFpY9E1xLdEYhXDoJpa21B1bRqYZmzO/XyTPVddlHpI9H290ZuwMlBMP3NR1FUM1tY1tvN6o4zMTExMTExMeWakikhNFlkKS+LKmVyzuyz8dZfnxUtqzlzflbHyxV5vYM5v8+83kEYDEb2QUxBjuZmWGtqhNI2NHgyd1ZdQmemdBTPDYqGL4j7CMnR0dycE9vf2eMQnfOSdYiZyPNyMuDLeM4/ExMT01iUNgBz649b8JuHqslbwQWGlEESKewCc05tLawmg+CmIIVf5AAX+iE27fQifAlJ1pH3dF+0Kwx5eE1yOKe2NpKjRJLyRwp623dfxg4iJqZsSer6IvpcykBzcqXOiDuU9Fwhd/6QO1cAkdJsUshGmgPJkeR9/bLzE0IOG267Rih7FKvcUbKSQjB0fwR6WbF6BXTnXYtduw/gmv+Qf7hEwy9EZXWLYFu6hrO/82rGwY05m7YITjM6c+Qn+nJASyynF7/LCd+gCwAPu8QbS65U09Lzz8enxzpF5Y8KC3QC6HJLze0AgK3NvxLFxVpfWKBDdz9/XPF9VuPMGRV457332Ac7rOJSbVIlYSxaA6A1wBnwwqBRweP1QaHWoLhUlTBedINjOJRyfLrjx4sPjoaQp1TBaDVMyPhjjTdaDWjvc6JmHPZfIOCHWqVk+28C9l/jkSOYKPcXWpUV/HeadPvHK36s569k5+/W1Yu5Ky69OOb61qYmUQkkGn6h1e7oFQEzNATz1Rs34tqzKri/f9wZlc+6deu4jRtjm7Pbu3tEJZBo+IVWW2uLCJihIZh7H3wYy86dy+358EjU+Ffcsoq7esPtsbe/1yEqgUTDL7T6m48KwEx9+D2BYL7+rR/h3DXzuA9f/Yy5wDAxMTExMTGlJemv/KUymyPXh4kAj0yvd7n6s7rt0vHSzV/6QFXu4XG8PtIdP9vbD4jLRkmBlURyOLpgtZbLrvvJI5sT5pjt7Y8nl3MQ9255HMD9OecCs+Whm7m119wMl3MQ1gTsQSY/U5n+/Iz38Q9AgD+IpBBIRal13MAOuXEIfEHU0dWBqTU1wNuZGbPQZEpr++WWxdpPE3X+SjbHZOe/xGRiFw5MTEwTqow4wDzwq348dnvyD6GsJoNsiSIp+CJ9KN1jtwsPmGM90O6x22E1nSFaR2AZ0r90bLlcmJiYxkeFhYWyy/+85z2usLAQVXo95tedEfPcQEqg0YCKFIJJR3J9kjHpc1rkNZ9rm8+HP+95j1u5YIFCbpsHBgZycn/IwS9AdkoMETmPHRSgFQK90CAMLSkkQ0TgF/JaDoLRmqege/8bAB5OOrcrDDfiX97nRWWPrjDciFIrf9z2OAZk17+Nv7EPdxIijgzSB8luZ7/gXFExlV+nRz58riEUFegwzPnjxtN6/MbzuHmLZqG8dErS8W5nPz76cC/q5p85pvGTyV8R0OKTjl6c5wJgQUa3P5vxgB8qQyjr+2/I5wc3GoR191Ng+2/89197W1tOnCP05vyY2z8e8WM9f6Uyf6RsUaxlsaAXWgR+od1gkhUpWxRrWSzohRaBX2g3mGRFyhbFWhYLeqElwC9ddjAxMTExMTExZUvxSjt0dHWMe1kT0T0bV3/WS09kM/9E42Wj/0xt/1td3WhsELvQ7j/6ETZm6x5arPFKHxqX7f8Y8g4qJCcC+zz+mxdQO+dH2wBAoVCsnUgIZstDN3MAcNvd3xHyluZLRBxszOaijB5TFaVWmC1GuJyDMFv4HFzOQeH4nVs3XbQsmeO7tbVR9H7atJlZPwd2dHUIDh+xIJBsgTCxXElo+IJAKtk4H2Z6+2mHmGyev+I5uKQybqrz7+/vBxMTE9NEKmMlkH7xex/u/Ko+YbvHH3ooyr0lEfgit6zHbhe9pt0hpG3JeykII3VzePyhh3D/Q+eyo4KJaYK189AhbuWCBaLPrbFIJyqJ1tTcF7dUUZy+8cCNVwpQygM3Xql47PlXhPGS1WC/X+Q8BfAl1wb7/ZhfdwZKw8vC2yL7q+Nffu9h3PHDLVgBRLnASMsf2VtcotJFscojyZVQslWbBecXod3u1wDKAab28g2czmxBPPjFUlmTNRcYqeKVM0pGUgiGBmTkNM1m/v/Ze/PwNspz/f8eebdsyXYcy/uWzUmcYAgJSdgSAjRACduhh7TslLSUnZaWcGi/Paf8ytaWFNrSAwUKlEJLCzQcSAoJISwhkAWT1Vm827IlL5Jly7s0vz/G72hmNKNdspw8n+vyZc287/NuMxotc+t+sO+YJ03E7NJpcAwM4/8gpDX6P+dfJtIdCamODF2CAMrhFF5PPub+IbrBCKmQhjG7dBqOtvTI+vgkQuvzX794jJdu/38//ckJ8cv29rZ2ZOjTkMylAsnDMJqKZOVpWeniTWeteGefHbbuIXFf9WlzMHv+/IDjWf9Ndb1YdVHw/Qc7/vdHnbgaORGbfzTjD5VbkZ9SCsAV9eOXoANS0jLo+E3C8du98wus2/DhpF5TNv3mRp4d90DnH8n4cK5fwayfWnqio3XHVEUxrAyQC2SUaZCUtFq7AQBqv7xUS0/U0NKhKophZYBcIKNMg6SkpblJs3+19ER15g5VUQwrA+QCGWUaJCW9jYc1+ycIgiAIgiCIqH0+CNPFwW47Esff3ZiRlZ0JvT4T7W1m4XOJQkii12fiR+sfYZsbH3rgRjz8aGxdRpnwRTIOz+eoifEyIUxRcSGczn5VAUq02fPZe5hfdWfA9Znw5ZSaRTKnoJef+x0AYOk5F0R1vPPnVKGvfwCAtxMKIBd2RPK5pNau0nlk/pwqv25dwWKz96Cjw4yKnJxJmX+8XMuCXf+ODjNs9h56MSAIYtJInIxOM3NSRfFJa6vni2g14QtDKXgBgAMW4ReJ1SaTTASjFMQo22c3zVtbe1FSkiOOxVf/BEHEBqX4xZdDk/Q5q0xxFimUqY+kwhet65t0fKtqanyKYF598VV856bv4OJlV+G9n90uvEHUELcwmBiG1VOKY9TakIpfPty2V1ZWefF3+Pyq05BWUCHbP9QR/Vyd825+iB+xdwHwTl0kFa1IywJJlcTi0zKzvMQvWmmQ/MEELsrHatvRgglfqudVee2fyiKY9jbhJnCGXhDS9g7YUFRc5H1M7YN+4+v27xP3P3vPefyqiy4KKh4Adny+Xf2cCjA+0PHn52dherYDm229WNA+FJH5Ryv+DUsrMnkDymYB4+7oH7+UlFQU7nwSs+n4xfz4TTZq4hVf8490fLjXr3A4WncMrdZuVQGMVOSiFMJIUx4BQEleLmrr6jEtJzjL4YaWDrQ0N6kKYKQiF6UQRpryCABKy8qxZ88eTM+dFlT/deYOQbCiIoCRilyUQhhpyiMAyKmYix2HvkJVGrl8EgRBEARBENEluzDfS/yxeO7p2PLGC+J2xcIFUe8vVqy58kZsfPPPYKmEiooLvdxglPxo/SOwWs2iIAVA1MQw0j6uv+VOzVRSjNlz5sDp7BeFPBsevh/rf/aHqDsKyT5rHToYcN3m5qNewhfG6suuBABs/tebERfBMNcTrW01N5FIraEvBxPlGI0SIYo0ZVE4HO9oxNqCQp/r4W/+amKYWJ5jAX23EeQY/a1/QUEhjsfg3gJBEIQWMRXAvPm3Y6L4RHmDOljxyQGLRXRxePwv7/DVJlPAsdK0SNJx5Bn1ePNvx3Dlf87y28aP/0AWXgQRSQ5YLPwBi0UzJRJzf9nV0OD5gFdZ6VVPeW2ROkwp3V/E57PCBUaZ4kgpgmEox1Lf2IMZFd43ewwGA7bW1grCBZPJq39RBPM/v8fw5//Eh5s+BKAuhJGKX6QiGGm5FOb+AniEL4e3vSeWS8UvTPDChDDBpj1a9cSbfMdXH+LQX38X9odYf44t0W5HKmjp7PW8PuXn6GX7lNvSfZEUxUiFLwUF04Vj3dElllfPq5pyIhiWNqS9rR1cUjL0yQliGZeU7FXfbOmS1dGK75O4v0gfBxovZeumTWACmmDiAxm/PW0cmPhhUb/ViQy9PiLzj1Y8I2soEd0pLjp+J/DxKyktndRrQ2tLC5QCFuX8oxkf7vUrmPV7c695DR56aOMjDz8c0jh8ucW0tTQCqPAZ//EXh9bcdfstG5/6/fMh9e/LLebAgQOorq72Gf/FewfX/BA3bfz1r18MqX9fbjGWrz4HTl1Gb7AJgiAIgogY/m6m+vu1f7TLI3Wzd7LG769+pNuP9PyV3HCHJyWRUrBitZr9CjO0+NUj6+Ni/ixtjz/xi/gZ2tYvE6RIhSqMYEUxam0wtxer1Qy7rR95AWgM9PpMZGVn4mBdPY53NMJu743K+h08UocP3pB/9uroEpxEfv7D7yM7axpOv+ByZGXlqMaPD9tF8cvRI0fQ2tEpq7NgnvDZcOk5F2Dnxx+gZM4pERs/S//DRB/M6YNts/Q/sYIJTtixajO3iS4sxYXFsDY2oriiArsj1F9Hhxn6vj4UV1SENH+1dEfS+tFcO19tq6U1CiQ1UiDr7xwkswGCICaXmAlg3vybt8W2NJ2JL5jji6mgQHR3Ye4vDGmZpaND0wVGfKMpSV2ivGH95t+O4bxztcfzuxeH4uOD18xR8U1e8fFkLlaxEUT6JpWLYWxE2HOgVRzDouoSLlaxJ+L4D1gsPBO+KEUt0usEE5xYj07kOK2slLnEqDm/hOLsZO1zejnPsLbZfmufUxxH3uzZ2NXQIIpgAMjSMy2urBTHPjFXcc0KyoVfLL/64qsoKJ+L81ZehfMAdDQ1ApCnMwpG/MIcYVjqow+37UVH02HYG7VFLUz4MtTRKBO/KB1W1BxUmPgFEEQ1De+9GvB5kb/4QnTuel8Yg8IFhqFMaRRKiqQRexfyF1+oWX7pOfPxzscHkTdN6EcqagHUxS6dvU7k5+iRn6MX9yvFMdYeOy49Z37Iz4//+sVjvFT4Ih5jiRCmv8eCMlM2br3zXv65p5+cMiIYX+IFs6ULhabp6LP1YsDpcddgN559xXcOjIuPQ4lnbZQDOHpQ+CWOaeIma6Dx/sZvhmDD0WUzAHBGdP7RiM8sEs5ny/g4UtISon78coeGoafjF/PjZzF3oLWlZVKvC+s2fMgx9yZf849WfDjXr1DWj4lgbrr2BrRau/F1bS1K8nJlwhZfKY5YmdQFhqU9+mr3p54+NGAimHt+8jBampuw7aPtKC0rlwlbfKU4YmVSFxiW9uiTLW+JfWjFMxHMrT/8JXobD2P7jm3IqZgrE7b4SnHEyqQuMCzt0cFNb4h90Md+giAIgiDChd3olN7oU32f6OfmYTTKpdvKlBSRQOlk8MZzT4g37mXfU0zPwNW33h8RZwNfrg/hrF8k5i/d3mLuFNPoiN9fHt6NG6J0Htq0+jM9ELP5i9+VBigwOXrkiJdTjDQtEROrqAlafLHmyhuRlZ2pKibKyyuEXt+Po0eOeAmQ1GCpj2YWVCArKyeia8jaKjLlIevW+2XPn4LpGcJ3exPbvvpubrYjL68QWz9Sd73df0j4bFhSkO/zORTuNZCl/FGmG1IKOyLdv1a70msyu/7lVVRErN8vd3Vz316zmF973Z0Rnb9aeayvX9Faf4PRiHc3voxdu3uUn8UpLTFBEDEjYgKYO27Stv3+cLvwxbDUiQEAZlRME/dp3aRWS32kdHFg7g0sFZK0vpYIht2cVt7kZs4PH25PwHnnuuLyoEnFK+mZiRjsH0fbzFG++HgyJy1TfaMiqSONZWUxmoI4xuzsbNhsNraPg1zYooZYRxHLyqKOVPyRZ9TD2ufEngOt/KLqEk5apoa0jjSWlZ2M43c4HF7iFyYmefer/bK6THBidXhfL6QOLZFMgeSrbXEcE+PapYhjwpfFlZXiY4PBAIfDwQPgtr7wK27VzT/i5668WPiw03QYr754GN+56TuoWCb/3fbw5//Eq8+8GbDzy9y5FSgorxDFL4AgtmECmK0v/Iqbd/NDvJZDilRgwtINaYlO5t38ED9RUfiXnxXw2h564WFOjJ8gUu4vvvpU7ktK1GFs3C2KYKw93mNQ2xfIfiZ+SUrUBT3W//rFY/wFq84GAOSY8tCrotpnQpj+HsuUegPS3taumjLEOeqS1QEgpnNpb2vHgFOIk97UFl/3zR2wSVxDjLlCvUDjlf031Qm/ZCgpLcXunV+gasHCoOJ9jT+Zm4bmzh70W524MFkfkflHM74IQhqd6dkOILOUjt8JePwsPkQGsYaJWEpKS0U3F+n8ox0fyvUrnPUTBCovbQSA6XnC8fbl7qJFq7UbPb19AQlfpHz8xaE1eOyhjQCQnS/06cvdRYuW5iZ0dfcEJHyRIghUHtwIALn5wpeqvtxdtOhtPIy6oWESvhAEQRAEQUSZJRdcJdv+8oN/eu3z+X5a5buNUBwQ2i1W9PYIn3typhXFVUoRf/Ox245M2ePP0iAVXXljwAITX04xeXmFsNuOBJSySPzOTXR4KQypTylMUPTI//wAt931cNTPo+ysaVhSwn64Jfw/llXmM6a5+SguuPBS/Pnll1BSWu6z7o4vdmL5hAtMpFMhAZAJ7JQiEACqDieReC5pHRepIDHS4r9IzT/e0h2Fch2Ll/UnCIIIlKg7wPzrrTFk5vi3HGc307UwFRRga20tAGDdFas45Q3udVes4p59aysPAKtqamRCGLW+Ah37ZVckxeWBm1k0W3xsRoNMyJKemYhCg9xFw+zQqDORbeZ4+9GYjr+sQPKCqRCyZGdnw5AqX3fH8JhqHcNEO80d1piOX+kaJBWCSB1JGP29w6p1WL1A3ZBO9PFLxSJeH2w0xC/susFEKsprA3u+B+oEo3Z9kKZAYmshG4PDiTyDHtajR5E3e7asTCrq0eLwtveQJVGmv/riq7A3NmLuyotx3srTAACpy67CLcuuEoUwatzy8qte+5j4paPpsGb/nXV7UVFQIdsOBjVBSbBIXWCigT/3l9TkJABjAIArz1uAsXHB3YGJVoRy/wyPCm0o44NpQ42ciQ8ZvkQw/T0WLF4wd8q5wEhhN+/5sVHkZGQDKXqkZXkEaBn6NNHBYcDZrtpGeVUOsruHwG5+M/FAIPGs/6oFC7Fz9xZxf2tLC5rqenH60sDiAxl/N4BTinMxOHsa8GVPROYf7XgAyJpegVHeFfXjZ/z6GdDxi93xY+KN1pYWrNvw4aRfPzb95kZ++bJzNecf7fhgicT6MbHKladhI9vny/lFyte1tTilpgZb3n9X1lYwMLHKOWd4+vfl/CJl20fbsXLFuXjz9T/J2goGJlY542JP/3UBioq279iGc5evxD/ffEXWFkEQBEEQBBEdlp+xVHNfIDe9I3EzeP+hr7Bg3qlYeY7wo6GjR45g/6GvkDOtKKZrkV2Y7yUAWTz3dGx54wVxu2Lhgqj3F2uYCGbNhAgGgKoQJlCBDICg0kIx0Yw/Zs+ZozkGqZPOHbf/B9b/7A8xWbtDx5ox6zThO/WSiiq0NtZBN9aL0y6+2Wfc0SNHUFJajtaWJpSUluOxh++Qlf/kod+JZZGGpT9i/5kLCiAIIPw5U4WDLzcoqfiCuY9IxxpJWBqkvIqKoObfbrGqpjuKN1GMVkqmYNef0h8RBBEvRFUA89yf7eKNdqn7i/Sx2g106Q3oPONMvLb9MxywWLDuilU+v1Bm5UwIs/bcM2XlammPlK40bB+7uf/cn3tw9Wp5+R03peHHf5icNEhqDi9SIYsWgdRhLjJRnoLX+KVCFi0CqQOPi0zUUHNIkQpBtAikDnNhOcnGz59XU47dDcKv9NWEL4Bv5xelmEfp1sLGnZmTCkuHSXMg1SaTz7aUa6EU/fgSwbC5MRHMeTXl+LC2SeYCo5aa6PC299DRJDjCMJgQRgul4KWgfK74WOr+In5wnnUqbMe+AktfxGAuLMqURCP2rsh/8JtwgZGKYFKypnvVU6ZBUo5VC6n4xZdYRypQSU0ObS6sjVDjpdx65738eStWyPb1+vkiKXOaCcDhKfEGROmeYMzOgRFAQ10HKqu8v7Dqs/XKbl6rxmfn4MDeIzDmpkHq/BBwvKT//IxEIZXShIvIf9x4UVDx/sY/yruA9AQcO9qD3EjNP8rxmXl6UTxBx+/EOn6z588X00VNNpt+cyMvPfZq849mfCjXr1DXj+f5dziOu1S5v7auHjVVMwDIUxv5Ysv77/oUvvA8/06g/e/ZsweLFi0CIE9t5Is3X/+TT+FLMP3vOPQVls87VXjdk6Q28sU/33zFp/BFrX+CIAiCIIhgkN5MVf7iHxBSlzD8iUAiXW6392qONRIo+8vKljtrLD9jqbhPebM3Un1K2X/oK1x1xTXy9+Rz5iArOxOffPZxxI+9ciyBzO+GOx6QjS0YrFazphjkV4+s9zvGSDlv+Jv/ojMvFkUwgEdQUlQsjL29zSw+9gVLkRQsRcWFAQlsWD3puKTccft/4La7Ho7Z+jFKKqrE//W99Zr1e3vacdUV14ipj5j4pfT2e+WfiZ7/Na665YfC58iOTiydcIFZsmRF2HNQCkqUIpgiU17MhB1q/ShTvzERzO4I9qtP18NgNIY0f610R6Fc/6N1/Qp0jP7Wn60RQRDEZBMRAczjPxDf4Is317Pyy5FnHFN/E9fnFB1fmBhFmg4JAF7b/pn42J/wRYlSCAMIYhhl2iN2A5uNRc35Ic+oR1Z+FuydTdI5co//IAfff9QxKQeNub/k6IWb+b1O9bQXwZTPLJodMxcY5v5SmCo4A5mH1X9JHkx5WUFezFxgmEhCy3FEfA4EUT6jYlrMXGDibfxM/AJ4XFKkYpFgxC9qY5SOf0HVTLz3wZf8xRcskV1T3vvgS35B1UzV+flbR9m1TSGCYY42SvcX6ZwD4dUXX5WJYHzVkwpe/IlfmPCEiWAAQfCiFJSw1EdD/XakTC8JyvFl1RNv8h1ffYhDf/2dzxipCAaAzA1GTQwTCEys40/80ttejwP1FsV1Kisiz7fmDrtXX5idGXA8S28E+Ba/dHR0YariHHWh0CTMU7h5753yYsg+COeoC+wjlDT9iDR+66ZNqD5tDpQ3vwONl/Z/y73fwf/3i5dk4wwm3l//ybM8H8zZjflw5x/teCCBjt8JfPxaW1pQUlqKTb+5kb/ovj9PmgtMa0uL7BxQm/+MKMaHev0Kdf2UIhBBxPLpxq92f4qbrr3Bb3xtXT26rO1Bi1+0+p8QsWz8ZMtbuOcnD/vtf8+ePbB1Hgta/KLV/4SIZePBTW/g1h/+0m//Ow59he7ONhK/EARBEAQRdXyldmgzt/m86avmDhDJcru9N+qpJ6T92239XuNTqxfo+P31J42Xil9YGhzAI8o5+8xz8MlnH2PBhKA6GvOXssXcKXMSAYBdh3fjhigdB5tWf6YHYnb8ZfslTjDi8ZoQmLRbrMjKzgwoFVGg6YpCiXE6+zVv+jPxi9TJIpbrx5iRM4a9772A6+593Kust6fd65hP1jWwzdwmiku0RCDREsJoXWek4gsm0on09fCvG3dx316zmF973Z2wNjYir6Ii7PlLHWKiKRry5eASTL+BrL+1sREGoxHvbnwZr72zW/kZnT6XEwQRU6LmAPPcn+2ioETNZQUALB0dMBUUiI4r++uOi2XBil7UkLaxY8cBUQyzfHm1OCZLRwfyjDO9YtmY2FyULjDxRI7epCly8RUTLxSmJmiKXHzFxAtKkUWgMTR+bd7dvFl8rCZ8AYA8g+9UZmpzysxJxfLl1TIRzHsffMkvX16tGe9rrnkGvXdKJrY9Idx5V8MRRgoTpay6+UdeDj32xkZkVVTg1Rdfle3zOiYTKZSkqY6k4hep8EWKVAQDwCsNkdTxJX/xhSGJXwCg8uLv8A3vvepXBAMAUiGM2pi0ULrTSNsIZtxK8YtUxFJWkIXmDrtYhz1W1lHWD5Zb77yXX7zA84t3f+KX/h7LhPuLJx4A4jkVUjKXirSsdNG1IjU7EdNMKd4fsNrawSUlQ5+cgD5br5jmRS3+9KVneLk8BBOv7H/p6XnYuVtY+1DiffUPLhkpAEwV6Xjji1acidSw5x/N+H15CSiblYVkLoGO3wl6/KTrP9kiGL/rH6P4YK5f4ayfuggGAF7aCEBTCPPiX15S1FdvO9j+RTHLYw9tBKAphNnw2EPy+hHq3yNmeXAjAE0hzHO/flBRP7T+CYIgCIIgiKlDY93XAK7xEgRIhTDO7u5JH2e4Lg6BpPeJF5ROMMrjIp2L0q3FajWH3b+aY04ggpFYpj2Scv0P7sbLf/gtLkOdpguMktaOTvGx1P2lPMfzXWDTlZd7ucBEg/lzqtDXPwDA2wkFkAs7IvlcUmtX6fwyf06VqkNXpOjoMEOf7rknEYv5x8u1LJD1Z2tEEAQRD0RFAPPjP/RicWUWAEFIInVXYWmIpGKXzJxU7NhxAMuXV0fti3Zp2zt2HOCXL6+WjcVUUKA6TumcJE43cYdSBCMVuPgqixeUIhipwMVXWbygFJFIRRO+ymj84BwOB19tEs7JlqEh0fEF0Ba/AJCJSrTGpCXuYSIY9jiYWOn+vNmzYd39lfqHrwk3GACiI0xpmvCL/QMWC6CSroulQwrpg7FEFMPEMGquL2owEQwgF42EA2sPqcJrQWp+VsCxUiGMcky+xDBqYw9U+PKvv78cl9f2jo4umQuMWjkAzK6ulm3n5eUDEIQw8SqCScvyPG9TsxOhT07wEj/02XplqUYGnEMoKvZO7xKtePFLkTsujXj/9QAGhrphSMtFZt4gPrM6cXV2SVzNn8W/P+pEJvQY6QeSDQC4ZKRl8XT8TvDjN1mUlJYGNf9Ix0fq+hUsTKjhSwijJFzhi7/+lUIYJeEKX/z1rxTCKCHhC0EQBEEQxMlJJEQTkSK7MN9L1LF47unY8sYL4nbFwgVR72+yWaPiBKOGmjCFOcVopX3ydR6wm/HBCoaY+EWauiZWqLnNtDbWYcWiKrzy5I9VXWDUkIpf2Ha0nhnM9UVrW81NJFKuJr4cTJRjNErWNtKp4ADAYrWgsrwSw729SM3JCXj+audYtFNFBUuwY1TWH+7tFdeIIAgiHoikAIYHmPilUngTIhGRSB9bOjoAAKaCAuQZ9VEXvyhZvrya27HjwETKkwJYOjpENxqtMS+urMSP/9DARDA8AO6PD5TH9GC1zRzl0zO1D1kgTjC+xC/pmYlomznKFx9Pjtax4LOzszULA3GC8SV+yc7Ohs1m46EiLIgEew608mppshiBOKn4dBMx6rHnQCu/qLrkpB1/aVoaMCFscTgcKM0HWo56q9/zDHrxOqMGm4d0PvWNPWKqNebuxGD7WB1lG1rzXlxZCevRo6pCndLZQoIFg8HgmVsAKMUqq27+Ec9cYAB19xcl//zp7UEfA6XoRKs82PbCQdmG0hkmUv2eNTsT8QwTtWgJYaT7DxyS/8ohLy8/rkUwgHCTWp+coLrf6zUsIzum8Tt3W5GfkRiV/vv7hgDokZQ6CgC4MFkfd/NnXJisx+cAOjvtyDUWYGCoG0AmHb8T+PhNJhfd92fu2XvO409feobf+UcjPhLXr7DeLPsUwgQWG+n+fQldYtG/L6FLpPsnCIIgCILQwt/NVH830aNdHo2bvbEcv7/6bNtm7vRKwSTFbuvHkX17UDLnlJjOX8kNd3hSEqm5ngQr9mD86pH1ERlfNI4/c4JpOHQQ9zz0RFDtK51iosWGh+/H8Y5G3HbXw7J5xXr97nrwv/HUL/8fqnvrMSNnTHSCWbFoBl558sc479s/CqjdQoPnXo/ZET3hAUt/xEQvzGmFbcdaSMQEJ3Z7r3j9Y8Ii6Vh3R7BPlgap5hTBRV0qgvE3f7V0R9L60Vw7X22rpTUKJDWScv2Z+MVgNOLwvk8p/RFBEHFBRAQwP/5DLxwOh3ij1xdS8QsguK/EUvzCYCIYU0EBTAVyEYy/uU6GEwwTvxQahJv+akIWqfhFSwjT67R4xTLhTKGhEmY0REsEw2dnZ8OQmiS8OVMRskjFL1pCGPOwyyuWCWcMqUlAlEQwTDzChBNqggip2EJLSKImpmDCE9Z2NEQwsR7/jIppAY/fYDBwBywW0QWmNC0NLUNDHuHI7BleIhhlSiFpuiLp2FmqM+bupCZ+AQQXqv7eYeQZ9ahv7BGdoFhdNm+1dVFzgSmdPUN2PZSKXw5YLDAYDJzD4Qhoffy5t0SaSAhXptLYnnrqqYDaPHtZDZ/AcwB0cINHAqeDi3eD4zhwPODWueEaHsNnew+EPUaWvqjZYkO1JK2RUgijdIf5YOsnU/5NCbtpn8ylIj3DiMGBPgBAeoYRANDV24vWg42YPX++9/sLcwcs5g5k5OYhO0UPi7lDLDMVCq/tUteGYOIZvuJ9jV8rPtOYButgF/qtTgyM6QBM3vx9jX/AOQRkCdexgaFuDI/q6fid4Mdvslm34UMvEYu/+ftDGl//7yd46ZylsPRGyjJ/Di/S9WttaQn/jfMkizlO9v4JgiAIgiCUsBu90hutavi7eRiNcum2WkqKcFE6GYQz/lD6nIz4QOe/xdzp5Wqy6/Bu3BCl89Cm1Z/pgYiuf6jHH2deLLrBhCKEiRZvPPeEKHy5OivHp6tIrNbv+h/cDQBe6ZBWLJqBD//6K9EJprenHa0tTV7tSsUvbNsMyOrqonANZCl/5s+pgqW5xWueypQ5kUKrXek1mV3/In0NVOLo64PBaBSFH6HMX6180p+/Iaw/WwO2JgRBEPFCRAQwDoeDl97s3dXQID6WujQw8Qtja20t1l2xatJuti5fXs09+9ZWflVNjWyMUhGMdC6MCcEP/8cHymM+drOjQRTBRKPtaOMYHhNFMNFoO9poCSgi1fbJOv5qk0kmglEiFcEw9xc1NxulQIXNlbk5WfucothFuSbSFGhqa6QqfjHqvVxgmPOLGgcsFlSbTFzL0FBYa71y+RJVl5ZtO76MyTVp6dKlXv3v3LlzUq7lZz59Dg8AjkYb9v9mf8THcO6yRTwAnHJKNSpKigAkAHChpaUVgA6lpaXgeR6trc3geGDlGYv4bV/sCXkct955L794wVzs2n9YOD97LMicJn9edHR0ifuZKKa/xyN6ZOmPykzZsnbjzQWmva1dlp6EiQSkKPdNz8nB9JwcHD14EIAgDGCigYrZni8gG4/Wyba7envBj43CYhbiZs+fj6MHD/qM/+T9WnHbOeryig90/FIRglFpQMGPIjUxGRcm65GeE9v5BzP+DH0aFrQPYUeSG03QI9foQntbBx2/E+j4KcUds7PmY9NvbuQvuu/Pk3bdWLfhQ27Tb27kTYUF6usfYKza8VOun5q4xZidI4pago1fddFFePae8/h1Gz6MW1EpQRAEQRAEQRBR/M7Dj6NDLNxOJpM1V96I9jOt2PDw/eK+WIthmNsLAKz/2R/E/fGSeoa5qFz/g7vx8h9+izsqtOuWlJYH3K60bvux/WGP8/cvb9b+XLsk+uu0ZMkKzkeZz+0LVn0zomMRnE2e3rj2ujvh6BO+L0pW1FFzeIm3dEehXMfU5pA8MgbHiLAOBqMRr73yNLm/EAQRN0RCAMP7cn5hAhImhGHikskWvzDWXbFKJoJhIh014YsUg8GA7z/axG/7BmI2h8H+cailQJK6vfgTsRQaKsX6ai4yg/3jURl7s0V4IVRLgSR1e/EnYjGkJon11VxkbDab2FeZKbKKU6lAQvaBRcVxRIvMnFSZW4laH9Fiqo7fYDBA6pYidX9hY9ByrKlv7PHapzZH5T4Wx9IhKWH9sjilC0wgblihwIQvD6//sfDct3R4lUdTBMOEL+9s2gKXewRH6prhdo9Ap0sRy6IlhFn86GJ+1wO7OOk6sA8Z3UuHUHXJPCy4bwEPIGJCmHPPWMifespCVFfPhwvAQL9gscvxCSgpKQbHCddjnU6HspJy8JwLPKfDiqWn8B/t/Doq6yAVuvjaJxW/lJmyYbV2xt0bkJEBHUYGRlAyI/gPgRWzq9DV24sey4hMKCAtlzKd5eU1CeKg9rZ2ZOTm+YyXCijU4n2NXypgYOKLDH2a7GZ6yswCOMaGcPyLLlTnFMZ8/qGM/0IA71udWDy/An1fdtPxOwGOX2VVQVx/UGltaUFrSwtKSkvRNyE4GXAOYUaAsRm5earHj62fv/lrHf9A44PlmfXrZALT2x55NqaflX674UlZ/3ffc29M+3/i+cdk/d9/y09IQEQQBEEQBHECEm66j1imWvFHdmG+V4qjxXNPx5Y3XvB8xlu4IOr9xSNFpjzc89AT4vGKhRjGn+glns4dr8+wjYILTGtjHQDfPyBe2m2Hu/tjupjEGJ7n3/n2msUABMFHR4cZBQWFOLZvP2YpnufSc04t3VG8iWK0UjJpjfPYvv2yNSAIgog3EmPVEXNW2VpbCwBxIX5hMBEMAKyqqfFyqokXpCmQfKElYlETz0hhKZCiIYLp2vw6sPoalBX4f2G32Wzqb/Czff/015CahFpLH7o2v47pq6+J+BykKYR8oSUCUROfSFG6lZxs45e6wLA0SFKYCwxzfykpEW4IKsUvagKXPKNe5gKjnIuyjG1L25KuHUuJxMawuLISB3Z/per+wtIfMfeXUI/fyuVL+GsvvQBV1UKeUaX4xdrViQsWnxY1EczSpUv522+/G2vWXIZRtxtH6poBAKlpaTh++DBuv/1umM1mLF26lI+kCGbxo4t5AChfXInFjy7mMzZyXgKgBw89CwCoumQeAGDBfQv4SIhgeF0S5s+fDxfnAie5JcdzAAcOgAuCI4ywj/2dsnBhSCIY5v4CeFxcWBokpcil2WJDmWKbIRW/xDPTTClISFT/QN94tM7zRZHCGUO2P0fdLWOg2+q1TxQRAMibEBL4ipe9hqnFmzxjUgoWWPqTitlVsjgAGBkeBJfkwrjbhURdAjLz9MD4JMw/xPGfNm8aWntsqKDjN+WPn6+UPkcPHsRkur8AwKbf3MiXlJaipKgCthHhdXnAOQQuKTngNrJT9ECKHrYRJ/TJCWL8NFNCQCmNwokvKS0Nar7PrF/H33zTtV77gMCEMFLxTCjCmd9ueJJfe/XlXvuAwIQwUvFMKMKZJ55/jF972TVe+4DAhDBS8QwJZwiCIAiCiAZt5jbx8cEjdV7lWVme94f+brJHutxu79UcaySQ9rfns/ewcv0jmnVnz5mDl5/7HUrmnKJZR3lDVS0th681CDc+nPkH2vYNdzwgW5NgsFrNyMtTv6H8q0fW+x1jpEUewc5fq/zqW+8Xz1WpGAYIXRDDUhuJn4XuehgXhLk+sVy/rKwc2O29qC7PBDCG1sY61Pcm4bSLb1YdR2tLE373+39o9nXOOZdgxxc7g3KMIYJD6gLDMBiNOLZPcNuZpSJ400p3NNnnXyhjZPNUpjtSc3/hef4djqOP5wRBTA6JsewsXlxf1GDjevatrZppWOIJqevL8fajAASBiy/xymD/uEzgMrMotmPmPn8HH+NS4c1YzSyvcsfwmKb4BZgQxmRniymUpM4xH9ceE/uIBWqOI/29wz7FH6yMCSm0XEto/L7REvIohS/KuUjTm0nLpI8tHR3IM86UlTGxDGtf2Xe0UkpJWbl8CX/fzdchx1SgKnwBgLzpwg3haIhgli5dyj/yxJOorl6Avfu+hk6XIjq/HDlQi4pZC+F2jwAALrvssoiJYBY/upgvXyyI/rp/2ojyX1TinvlXC9fAiXX4n+6XkZqXCvOhDhTOK0Ddu4dEN5hwRDDnnlHDX/udb4EHD47XgeM4ZGamo7+/H0ACeF4HjnMDcIGfuOXW1mQGxwGJnBu8O7xUb2WmbFHUoiZ+0YqRpktSc4aZarAb+Wr71YQFGbl5ovih8Wid6BwBQNyfkZvnJQpQi+8cGMeLnx1cc9OZ8zcOdFtV41mcVNgg7VMLfXICuJEUDKbzWDVunLT5hzL+rCQDBvXdU+L4Wc66Dvj0FdDxUz9+zNFEKeRg+yeLTb+5kQcAvTELRcXCm9U0pGPIPoicjFSM8v5TLj57z3l81YKFSMtK14zXmj9LUSX0nxN0/NZNm4TPFkGkP1ITvwDAzTddi+b6ejyzfh3vS9SijPdXX4ma+AUA1l59OTo6Lfjthid5X6IWZby/+krUxC8AsPaya9DcbcUTzz/G+xK1KOP91ScIgiAIggiF4sJizbI2c5vPX/OrCTQiWW639/ocXyRg/e+Bb4GG1WqW1Q9k/L76i0R8JOevZIu5E0ePyNMZ7Tq8GzdE6TjYtPozPRCT4x/u+cv+Z916v+z8veP2/whpXOt/9gfY7b2iAE3rJn4444/m+h08UoeX//BbVJdn4l97h3HZaak40NSP0yQxvT3tdAGOIyZEHWuApzdesuZ6mQOKwWiEpVn4LshUVhrQORHt80+r7WD7ZfMyGI1i+qeODjP06XpN8QudLQRBTCYxEcCUpqXhgMUSt+IXKcwNptpk8nKgmCwGTknk1dxfmPAl4+tx9PcOY3Blht+2BvvHwW8bQGZOKo5DiJ9Z5Ekpw1xg2maO8sXHkyNyvHa/9L+8KFo48gEAgBn0MSGMP/GL+CZfIYJhwhfDRLtgLiSbX+fLbvheRMa/50Ar7889xZ94RPwQqBCRKGH79xxo5RdVl0Ts+RLr8UeLm751lerY1cboa5/U5UkqjFGry7aVQhhlCqibvnWV6HAVSZjzS47Jf5qFvOn5sHT2RFQEw5xfqqsF9bpU/AIACQme7dLKOTCbzbjiiqvDFsFIxS8AMLCGx8ODV2ND+hu4vvEsAIL4JXkiJcaocwjmQx0wVGSj7t1DMFSE54LC6ZLhGOiDIc0ATsfDzQHgdMjMNKK/vw+6xCS4XMDAgA28m4e9zwkugQfv1mEMYzhr1Rk4d9kifvvne0Jag8xpJlRPM+HAIfmvytTEL5nTTLigulrc7ujoEvcD8GojnnCNj2Ggz4YMo/rxKikt9bqhz7Y/3vK+rB4AmfMHEx8o45kYQipOUIvXfE2WxDfV9aK8KkeMZ/u0BAgDfTboEnTi9rGjPdjb68TlGil0oj3/YMffMi8R/T02JOjp+J0Ix8/ry4+2dmTo02Axd0yK+8um39zIt7a0YPmyczHKD3sJS9Ky0gMS52z6zY386UvPCDr+6MGDSEwQYkyFBUHHb920CSWlpUEJXwBt8YuUr328v1CLX3XOsoDdY7TEL1K2fbQdd99zb8DxK85eFrB7jJb4Rcr2Hdtw/y0/CTh++ZnnBeUeQxAEQRAEQQSOzdwJu60fdtsRzTpH9u3B0nMuOKnXKVwXB1/reyIgvfFut/fK0hV5rYVE4BJIe1MJJn5h/GvvMK7/wd2YP6dKtf74SA9aO3ynOR8f6QFQTherKDMh+Ng4d+FZsFgtMOUJ38MyZxRLc4soFMEUPT8HLRYcs1hkbi+Ovj44B51oaGoAABze9ymJXwiCiEsiIYDhHA4HbzAYNCscsFiw9twzObXUJPHI2nPP5F7b/pnPOTkcDgCI+heqTPzCYKIXQBC+ABLxwttObK2txbd//g3Vtv76839jVU2NuJ35tSBWYEIYwCOGSc9MjIgIZvdL/8tLt0XRgEQIU1NV7iV+UaY7kpYzEUxtXZMofGHtSl1Jdr/0v/zpYYpg9hxoVR2/tB+peGRrbS1ajtartlU6ewZW1dSoikjU2o2ECObxrwd5APj+7T8U3oB9+mJUx+846yYYAfzx97/nAWBtTuSfI5k5qWJ/ra2eG1G+BDxKwQu7LgFAtckkE8EoBTHK9pkQprW1FyUlOeJYopG6auXyJfyCIFMoLFgwH/v3HwxbBLN06VIeAOYtPA0A4HKPIEEifmH/XS759pLly/Hljh1hO8Ek69NEVxfzIbnrzaNDb6jGjDqHREFM8mvDOBPn8J/d+XFo56DLDdtALzguERnp6eB4HnDx4BIFEUxfvx0DAwMoKmC/sGpHc3sbsvSZyMoywM25wLtD61rq4lI9rwoHDtXJHGEAj9tLQcF0r3i2r6Oja0q4wCSlpMhEFFI3CwYTAXzyfi3Kq4QvPUpKS3Fg7xEYc9NURQYA0Nc95FXOynzFf/J+rWr/yng2JkZTXS/OvtDzOitNTzPQZ0NSSgpc42NieX5+FqZnO7DV1ic6icRy/sGM/+1eMzKP6lE2Kwvjbjp+J8rxAwThCwBkTFw/Yw0Tvpy+9AyYCgvQO2ATnV+kDNkDc55rbWnB7PnzA45vb2vHyIBOFL8kJuSopjfSig9V+CKlub4eZTNmqO4HgPvuug3fv2gJ/8dN8tf0Z9av41eds0y1rZsn2gtECNPRaUFBvkl1PwD8908fwOWXX86//fbbsjZ+u+FJfsXZy1TbYqKYQIQwzd1WlOXmqe4HgPX3/wLfvGU1/3/Pb5a18cTzj/HLzzxPta2yCVEMCWEIgiAIgiCIaJJdmO+V4mjx3NOx5Y0XxO0KlZQoke5vKpOVleNXwDJVBS6+eOXJH4vilwNN/bj+B3cDgKb4hYgfJlxgLn3tnd1r1gKydEhSDEYjOjrMYtog6X5/DjGxRibYmcA56BTdbaRjNxiNKCgoJOcXgiDimog4wBgMBk0RjMPhwKqaGi4aN4ejyaqaGm5rba3mnCbmHNUxWPucfN42iM4ux/uPovh4MgBBwKB07WDihUe/ra2Y3irMDdY+p5jeJfNrj6BAKobhtw1gT58zZBEGc34R38wqHDP6e4fRtfl11OIalJmEG0fZ2dmw2WyorWtCTVU5DKlJcAyPodnSJxPK1NY1oWvz6+AUziZZ+nT09w6LIoVwRDDM+cXX+NXWX4uWo/Xq6+9j/OGIYB7/epCft/RcAMDHew6g4pTFKDnrJgCADkDfa7+OyPiNa38I9kxoHU9D49e7wPp9bed2flWCMyI3HNZdsUp0X1GmXwr2+nLAYsGPr72UA4DH//JOUGnPpGmRpOPIM+qx7opVePatrRF5/kvFL5bOHlRVwyv9kT8WlJaGJIJZunQpz4QvAGA2m5GgS8GhQ0eRmpaG0RG36ACTlibcMGXbqeJ2MuYtPC1sJ5imXQ2iqIVROK8A1zeehf9xvizb/7Pc6/HgoWex1nUmsBj44LW9oYtgEhKQwAM8z2NgwInMzAwgAeB5FwDdhPilEIAOOnAoLipCUXEJPvt8J4xZRnAuN6Djg+ryuaef5G69817+vBWe87GgYDoKCqajo6ML1RPCGDXRS44pD72SXxdNBfELu8Hc3tYOo1F4rVWKB6RCgKa6WgCQCQWMuWliOSBPN9NU1yurp+YY4iteiVo8AJRX5Yh9lVfleIkZmAhBKZ6wp40D/ROvJ1YnkGOM+fyDGb/4OjWUiO4UFx2/E+j4cUnJ0CcnBPS8ZemJ1NY1UAEIE7ywuWTk5uH0Qo/wlEtK9ooxW7oCHqMaynjp/Ov27xP3V1TUYNzVC0AuhD168CBMkjGy+K2bNoUlfHlm/Tq+JC8XgEfsouRo3THMrpqFLmu7VywTv0hjj9Ydk4lpfKVR+u2GJ/nSsnLhdaNT/TWjoaUDlaUFsHUegzKWiV+ksQ0tHTIxja80Sk88/xifUzFXmIOGg1OduQNVhQXo7myDMpaJX6SxdeYOmZgm0DRKBEEQBEEQfr8PamyUbUt/EZ88Mia7wan8tTwAHLNYNOMH+/pk5cHGJ4+MycYnLYsEzAUgGFi6DK3xxzJ+yZIVEZ+/vzW+4Q5PSiKlYMVXCil//OqR9ar7fZ1/0Z5/uOdvvMdHc/1m5IyhvjdJfB5Lz13WfyoSsWfvLs/nVj/99fa70TtRf35JOV28o4RUBAM8LYpgOjqENHAFBYVw9PVBn65XPSfZcY72+Xds337V/tnzQnktU247+vpEIQ+bFwASvxAEEfdELAVStcnEHbBYZIIRJn7RinnoySfFxw/fe29Q/YUTGyhqIhiHw4Fqk4mLZXokftsASko8v0RlN92DES8wpCIG1kZmTirszkFk6dNFgY3UWSMSaI1/+uprcE7NLK8USI/ffDV+/MIbOKdmFmrrmsTtmqpyUfyiNn7WV6zGH+n1j9b4K05ZLBzX8TTYenoAAAvX/hDs7cwfv39lUOP//h/fFPftswjrkT1tmthX49e7Ijr+dVes8tpX39gT2AfeCccXU0GB6O5yQPGhQ1pm6ejQdIERP6hOHHtrnxMzKqZ5jfX1raHNf+XyJeKNxQWlpcg35YpldQe+AiCkOVJj//6DWLDA+xfvTASzoLQUT73+D583fqSuL7MqSqDTJcPtHgUAvPuvfyAhIQXF5eUyx5ehoSHs/HQb3O5RLD/nGxieuDayuKrqarHdQIUwZz59Dp/82jCYAOjzmmYAwD0HH8PPcq/HyxWfasb+ct467N9/UJz7tsbQLGM/+vwL7qbvXMYXleqQAA5ujCOBT4Qb43D096HX1oeiohLA7QLP6wAkABwPcKNoa2uBGy7oXHxIfff3WLzcXdREL4AgfAEgil86OrpExxhAPWVSPMFuvo+NjCAlNR0Vs6vQeLROdlNdSnauukOFbcIpg9FU14vOgXHkZyTC1i2ck6xcLUWMMr5zYFxWvnO3FUtPz/OKl45TOjbpzX0mPhgbGYEuQSfeODdDsOHoshkACNeUWM8/mPFn5gnCP8v4OFLSEuj4nUDHTyksycjNw6bf3MizNEhS0YvUWaW9rR1zT8sT45+95zxeTQzC4qXjXXXRRT7FN2ZLFwpN09Fn68WAc0h0p1FzZvF6z7DhQ+7Ze87jV110EfpsvbCYO8AcZqTxRw8eRGtLC7TGPHv+fDH+ovv+zLF94nu/MMUv4ppWzfJbfrTuGG669gaZC8zXtbVQur8wsYwUJo7RSqNUWeo7xWJlaQEaWjpwz08elrnAbPtoO5TuL0wsI4WJY7TSKFUV+u6/qrAAdeYO3PrDX8pcYLbv2Aal+wsTy8jmPyGO8ZVGiSAIgiAIIhC0biCym4PKx9K4jg6z7Ff0sYyPBEoXgGDS+6iNP9h1V8ar9a81pkish3L+0vW3mTtx9Ij8u6ddh3fjhiidh1r9rb7025rnTzTnH+/nfyTio7V+B5r6MSMnFQea+nHffet9jn9Z9Snivs/3+v7eWVqXiC5KEQwArL3uTtR+LXyPr3XdY8c6FuefWptq/SrdX6SxHR1mWKwW1JxyKl575WkAIPELQRBxT2IkG2MiGLa99twzVb8UXvfzh732PfTkk3j25w+plklRq8PEMM/+/CG/YwzWKYKJYKRzjPVBUgokAECZTioQ8YKsriQVUn/vsMyFxO4cRGZOKiKVssrf+AtTE/BxrfCr0uzsbDRb+mRlDKko5mNcI4pgJnv88b7+WcWVsPX0iAIVALC3NeCP/9gublt0BqRUnYqRuq98tpVSdSosAP74+9+L++YtPRdZxZWeD2I9PcgqroS9rSEi479m1WLVNZ9RMU3cp/W8Vkt9tLW2VnR/AYAfX3spx1xglPW1RDDMAUZ63KTH8ppVi4MWwaxcvoS/YLHHdaXT0q1+DevqlIlgLJ2CEMiUP00UfkhhIpr9Lb7dEZYuXcpfccXVAIAj9fXQ6QQxHPufkCA4vLQ1NYkiGACwWHpQWCi8md/56TaxPRY3d9Zc8bE/N5jib5TwADCrv0AhAGpG+WLhHPufXS/jZ7g+8HU1z8GC+xbwhopsBOsE01jfBmAcRWUFcDgdovuLDoBOpxO2OQATN8IPHahDdkYObM5+6NwcwIXuViB1b9ESvwBy4YvS8YWJX6zWTjz39JNx96v39rZ2ZOjTkJCYhJRUz/WV3bCXumfYuofEG/zM4aK1pUV0vugcGAckjhlMACEVETAhgbRtrXgpL352cM1NZ87fKHXkkN7I75O02ycRMkjFBwCQYczGyPCgOO9kbhqaO3vQb3Xi8pzCSZl/MONfNW7E271mTM92AJmlU+b4Wc66DqZPXwEdP/Xj5/XF3KhLmO+ECAbwiF7a29rFOKkohVFSWopn7zmPZ4/ZXFm83pgltK1P83JUUfbP+gMgpkNqb2vHgLM9oFRNTATDHgOCqGX3zi/EsTKBjxpM8MIeS/ex9Q9X/KKWvoihJmQJhFZrN2ZXzfJyhJldNcsrjZJa+iKGmpAloPe4zU2oLC3wcoSpLC3wSqOklr6IoSZkCYTexsNAYYGXI0xVYYFmGiWCIAiCIIhQYTcLnYNO8Sahc1D4fkopltGn6yctPhIo+1emo2m3WDVT1KiNPxgBi1p8MOlw1G7qhjv/QNr1JxKy245E/JzUOn+iOf94P/8jER+r8yfQ8UtdXaTimo4Os1fdSIyf8I1cBAMwIUzlGs/318w9BfCIYhx9fTE5/5TCGn/9qo1Vn67H4X2f4vC+T72EL2wN6EwgCCLeCFsAs23bNuUuDvC4sihvEPvCn/jFX51A+gqkDyUPTcxpMlAKIwBvIcBWjV90+mJrba3oQqLWJuvb2uf0Sjfji+wgx9+1+XW8jmvw+M3CjXcmcMELbwj72P8J2D4lvsYv+3ARxFym4vorUQpTAHgJU+yNhzDQ3QkAyKg6FQC8hDApE/tZvZTGQ8iqmOdpQ0XsIvS9Pazz/5JTA8uRm2fU+xS3mQoKxOO07opVnHJN112xinv2ra08ILjzSIUwan0FOvZ3v9ofleuCtavTM7d8Qdhk6eyBKX+aKIgBgIbuLlFEEmg6JObc4naPig4wOl0yXK4RJCSkwOUaQVtTk7htMk2D2WyG2z2K4uJytLU1iXHdnW2YVVEitpeXp/0FxYL7FvA/qLpE3NYSAJUvrsT/7PKkPhp1Cjd/k/Vp+J/ul3FFxyJZ/XxTLlaagT0V1qDXmeeAcSSgtaUDpaXCPHRuwGYfgA5Ae1srOB0HF1zgXBw4jgPcOjh7B9Dd68T2L3YF/drB0iAtXjBX8iGpy0sE09HR5bl+SIQvTPQS784vjITEJNE9RAvpjX9AED00aYgF1JDuz89IFNvwF//iZwfXKNuRxpdX5XiJG/wxNjICo9GAjMxMdAM4pTgXg7OnAYfGYz7/UMYPAFnTKzDKu+L++FnOug50/HwfP68v2ybEJ/zYKJx9dpQUVSAty3NsM/RpooPKgFOejsdi7kBiQg4qKoTycVcvli8710f8kM/+czKygRS9ZnxAnysUAhVfghc11OoH24Yv1BxcAN/iF2kapP/dvGtNl7V94yMPC59ttn78uWp7s6tmYevHn4OlWhI/w6k4uAC+xS/SNEj/+te/1tg6j2186vfPAwA++uRz1fYqSwvw0Sefg6VaYqg5uAC+xS/SNEjvvvDvNd2dbRt//esXAQA7PvtQtb2qwgLs+OxDsFRLBEEQBEEQoWCz96jeFASEm4fSX8cLn9m9605WfCSQpr8IFGW6DGl8IAIWX/Gh9B/J+UvbzC7M90pxtHju6djyxgvidsXCBRE7Flr91X79lc/zJ1rzj/fzP1Lx0Vi/++5bj/ff/B2qy5P8Hr/JHD/hHyaCAWTOKBtZ+drr7oSjrw8NTQ3iMTEYjZN2/hmMRtR+/RVMeSaxjvj9jtWCyvJKGIxG0e1FMS/ZvOnoEwQRryTGusO1dz0U1bZfe+rhE/qA+XO8CAVrnxN5Rr2XE0msxv/6ow/I6ihdX5Q8fvPVKJ09Q5ZGaDLHP5XWnwlVDu1UF6YohTDK/Woc2rkd85aeC3tbg0xwEy6LKyvF9ZAKhKSPWbk0HZJUoJJnnInXtn+GAxYL1l2xyudNK1bOhDBrzz3T6zix/yztkZpwiR3HzJxULK6s9Cmm0UJN/CF1fZEKYKQOMFLxi7SNfFOupqBEybHGVgDwcoCpmLUQAJCcosPxw4dFRxipA4zZbBbrS9uZM2MGjtTXR+zcYG4wUpp2NSBZn4a3CvaIIhipAGjRZ3lY0LiA3/+b/YHfvHRxyMkwoK+/F83Nwk23rEwDdNCB43XoszthzBFuPOsSBEeY9vZWgEsAz/E4d9kinuOBj3buCeqGKRPBnLdC+BDS32MR0yJ5nW8q4hertRN5efni43h0fwGg6eLQeLQOgMdBorwqB011vV43+pkwQClU8cVNZ87fqNwXSDyrI4tXOI7YuodQXpUjjp3NRerCIWWUdwHpCTh2tAelMMZ+/iGMPzNPL4onInX8lEIVn3z6iteuQOLFOtL4ODl+Ic8/wsfPmJ0DI4CGug5UVhUBE64rjD5br0x84suFZdzVK0uVFEi8V/8KlPEnCkqxy9G6Y6p1tHhzr3kNHnpoIwBMzyuClqPMqnOWYevHn3vtV4pdGlo6VOto8fEXh9bcdfstGwEgO38WtBxlVpy9DB994t2/UuxSZ+5QraPFF+8dXPND3LQRAHLzi6HlKLP8zPOw47MP6ZM/QRAEQRAhc7yjEWsLCr1uYALCL+MbmhrEm5eAcIOx9uuvUFleKds3mfHhwvoPFHYTNV7iIzV/5fpr8YdX/i1+Vuf5zRG7SfzQAzeq5tuO1fGfqud/vDx/lP0faOpHdXkmPty6WRxDPI6f8A8Tg6gIYcBcYQDg8L5PAQiimFgdP7V+ak45VdaPVOzCxqgmepHOlSAIIp6JmQBGmj7mROgnnggm/Y4sRuJAEi/jV3N9mUrjn4rrr4YvwUu0OGCx8NUm4QZ/y9AQFmg4rTDBkLXPKYpRpOmQAOC17Z+Jj/0JX5QohTCAIIZRpj1iohs2FjVnmDyjHrsahlCaloZqk4nN0Ws8K5cv4ReUlgYsUsmbni+KYKQOMGrsOHgYy+fPFYUgai4wS5cu5auqq3Gkvt7L+cXzfwQ6XQqGh4ZQWjkHjcf2eTnAKOMAYOvWf2PVqm+ITjAXXngh//7773utQe7ONLy1RhCvKNfhio5FePfQIXG7cJ7nZlnTLkHUlaxPw6hzSBS/qAmAcncG5pJw7tLFPI8xVMwWxszreIAHOI6Dvd+O7m4bdDwwY0Yl7D0DgvOLkBgJbp4DxwGnLZiDkrJSuMHjvluv5ffuPxyUEEbNCYaJXZgQhm2rub1YrZ1iO/H+GpaUkuK3TnlVDnbutgIYCkn4wQglRiueiUnyMxJxuKkfS0/PC3iu7W3tSJ5VHHC/0Zh/KOOP5PELSvgxQSgxmvETYpLJOn5hzz+E8avhHHWh0CQ4TAniE2/njSH7IJyjLlHmI02f5Bx1YaDbitnz50viC4KKD6X/GSfA+3fm4HLTtTcAENIXMZcWNdFLq1V4XeM47lKe599hvzB7c695DQBceZrw6zJ/6ZNYPHNwuecnwo8HWpqbRJcWNdFLS3OTav8ff3FoDQCcc4bQv7/0SSyeObjc+sNfAhDSFzGXFjXRS2/jYdX+v3hPuK6dcbHQv7/0SSyevgYgCIIgCCJY1G4OSgl0XzzEhzP37KxpAcWwdBlKJiP+0quvj9j8leuanTUNR4/I0xntOrw7auehzdyp2p/N3qN5/KM5/6l4/gcbH831K5iegR4nH/A6T8b4ieBQCmEALSGJtygm2uefr360xC5qcyMIgpgKJNISxDdSVxA195Ft20NPMbNt+3asPPdcsU2lC4mau0Usxu9P/BLv44+n9Ze6sqi5v9gbD6GnJXgBD4thaZDUXGDU0iIFyuLKStkxUMPS0QFTQYG4ZvvrjotlwYpe1JC2sWPHAVEMs3x5tTgmS0cH8owzfZ43wbrASN1apK4u+/cfxIIFnl/UKwUvnZZuUeTC4itzp6OhuyugfpVOLcXF5QAEVxcA+HLHDiw9ayV0uhS43SOwWDz9s5g5M2ZAp0vGkfp66HTJyM0vFtMVMGeY1FRvl6Mznz6HX1RaCtQCb9XsAQqAZbVlMjcXKeZDHaIIhrnBMCGMEqUA6Mynz+E/u/NjzfPjnOWn8mUVxeASAJ53gecAzp2Agb4B8JyQAkmfmAyeA+rrG8BxHFzgoZsQyGTn5iDbkI3SokLw7nHoEpNQWFaCorIynLXsdP7Tz3cHLYIBAKUQRivF0VQSviRzqUjLTMdAfz9GhgeRkpouumcAQGtLi/y5kZEYlvgj0rz42cE1N505f6M0tY507EoXjpFhIfWaY3DimsYlIwWAqSIdb39hxuU5hTGdf7Dj35rYh7JZWUjmEsI6fsue/hRv/+1/J/38s5x1HS7/z+8h46tXgb8/F7PjF6n5Bzt+1eOXlS66rqRmJ2KayVvM1N7WDi4pGfrkBPTZesU0RbJ42ziOHjwIk4roIKD4EPo/URDEKy+JX3oxMYwaW95/F0zsIv3yiX2pxtxgzr/wEr+uMoyPvzi0Bo89JPbPxDCqY339T2BiF7X+mRvMldd816+rDEMQrzwo9s/EMGr8881XwMQuav0zN5irrrwO8OMqQxAEQRAEESxf7urmpDczTzakN0Z/cN03NgYbI2Uy4v8awfmHOp5YHiMl0Zz/ycBUX7+/TvH1F354OCWRikUuDfW8eC38+a+J1Dym8LEgCOIkhAQwU5A8ox6ZOamytC/hoHTPoPGf2OOft/RcZBVXYsc/XoxIe8v/46awxC5KWoaGwBK99PcOy9xVmPhIKnbJzEnFjh0HsHx5ddTegUnb3rHjAL98ebVsLKaCAtVxSudUmpYWcH+nnOLJ5asUwfhCKoJR259vysV+xU3ZP/17Bw9AdGw5Z/kSJCSkwOUaER1eLJYeuN2j2PnpNk2nF7d7FEfq60WnF1YOQNw/Z8YMURCjxRUdi/BWwR58XtOM8sWVeGuXtghGyrLaMnxe04y3CvYI25ayoARAALBi6an8jIoiQOdGUUkx2ppboXMDhoxM8DoOPO+C0z4IHhx4ACkpyXC7eSTrOMAtaKQG+hxYOH8hAB7g3YCbR0tbMzi4cfqCKqxYuogP1gkGAKRCGKX4hYlepPWnAmlZHse2sZER9PU5xHQtUiEBADQp0r3EI011vWIKGgabj9XSifTUFCSlpIhuF/UABoa6YUjLRWbeIN62mnH5JM7f1/jf7jUjM0+PkX4g2QCAS0ZaFh/08YsX8QuDjeXyRz5C4/oVUT9+kZ5/oOP3d/xSsxOhT07wSjHUZ+uVpSoacA6hqNg7PZEQXxBmfOj9T1WUDi4CL21UimBe/MtLACCKX5S/uJL+ukyo8+5G5iSj1Ya0f5mo5bGHNipFMBseE9LXsnq++hfq/Gkjc5LRakPav1zU8uBGpQjmuV8/CACi+MVX/0KdVzYyJxmtNgiCIAiCIEJ9/8bed5zsa7Hh4ft9lvtzaZns+EjSMvFDlRO1P4IgIoKac8qlU2ScBEEQU5KYCmAuuuW+mPSx6fnfnFAHSSqOYK4SkUbqOhJpMcZUHf+s7/8Mfa/92uf41722Ff/9gxsxUvdVUG2nVJ2KdX/4M4798X98jn/W938G979/H9Y8pOIU5s4SaaSuL6GIYVj6o5ahIdH9RSoikT5mbiqmggLkGfVRF78oWb68mtux4wC/oGomgAJYOjpENxqtMS+urMSuhgYxDZLBYBDHy9If+UIqgvGHMn1QZe50cb9SHPPCB3v4NLuwnkyskpaWhtFRNxISUsTtwsJC0QmG1dP6f6yxVbadm18s7p8zY4bY780XLFI9Zm8V7BFdXQB4RDDH5SKYd2cewiXH53nmjW4sqy1DvilXFMFI14QJgJJfawHu9O73nGWL+fIZBZg/dx76nQ7wbh5uToc+Zz8y9engeRc4jkdGdqbwXLX3gXcBSbpEuMZd4Did8Fw2poPjAReABC4Rzc2NyMrRww1goMcJ90S9YFEKYdTKpiID/f0YGxkBAOSZ8r3K+7qHfMaHar3JvrAMN15rvMZcueAtz5SPgT4bxkZGMAAgIzMT/X1DAPRIShVEZJfnFMZ8/oGO//KcQmxFH3KNwv6BoW4AmUEdv4pHPvISfyyumYeREc9rXkqK5zVWup+h43RISk7GrtpDEYmP5fGLxvzDPX6AIDLRJyd4t2XzFl3lZGSr1pvM+KmO8iaK0hHGs8//c14uqAmsDWX/SkcYcV8Q/QfThrJ/pSOMZ1/g/YfTBkEQBEEQRDDv4U7iOQfshqOxVpMdH9FjvmRxrqogJ1rniaW1Nqb90XtoWr84WL8TdWrvnGD9EARBxBUxE8DEQvwi7Wuqi2C21tbya889U7O8vrEHuxoa4DYaAcUN70BxG43Y1SCIFWZUqCvj84x6PPvWVj7YlDKP3Xtb3Iz/sXtv43/y5DNBjf/xDw7x31mVhpK1PwQA9L32a1m57hu3YxaAR390Owa6O5FRdSoA+BXCpEzUG+juxKM/uh0P/EoQtyhFLsaJflvH0/DqB4f4H18wL+jxL197m2b5jn+8iEFbV9jn6aCtCzv+8SKW/8dNquXzlp6Lf772DF+qg9/xtwwN+f+QJxG/AIL7SizFLwwmgjEVFMBUIBfBhDLHhu4uLJ8/12eslrtLMHRauqFPT8PK5Uv4bTu+5M6tqcQv1j8DAKJzy9DQkMwBhm0fPnYYc2fN9ekAo9yv/H+kvh7Dw8NwW+vwwgfgb75gEbfgvgX8SvMczTGbD3UgWZ+mmQ5JbY7DCZ4bx0oBUPdSjfOMH0NZaSV04DDO8dAl8ADcGAdgNneC53mkZ2UggefhcDigAwee4+ByucAl6MDzPHgOcHNAW0srSkpKwIMHz3PQcYlw827wnA4c3GEdw6ksdlEy4xv3a86lyk/sC5P85YMkPuTjMUPy+MLKSZt/wOP3GtO8IOpOcOupP4nMyXPNpZGP31wb9eMX1fn7GX8wx4+IPcobCrG+Np1M/XMcdyJ/gUoQBEEQBDEZ71+nXHwk+XJXN3ci90cQBEEQBDEVoRRIU4houaco+4hWOp6pNn5bTw9YopGFE4IUxj7LIN57wqO2H+gWUpBoCWGkwhcpj/7odlx8/xNY+I3bAQBGSfsCgxFbm2i5vyj7CNYBxuFw8AaDQdxmoiYAohsM4BG/MLbW1iJYYVYkWb68mnv2ra38qpoa2RilIhjpXBgGgwEOh4NHEDd4fLm/SB1fWLofJvpg+6TblbnTsb+lBXfddRd/90//G3UHDuCyyy4THVuY84v0v9lsDsjxhaU3ys0vFst7rVbZdnH5TPzp6afx6jubZGP0CICaxf3KNEdKlC4wjJXmOdhWeARKYU2npRtl3Tko/kYJ3/bvVnH9V5yxmM+bbgSPMWQYMmEb7APPu1FeWoTm1ja4eDc4Hhjqc4Lneei4BLjdbnAcAB27kSbUAXRw8eNobm0CdBx04NDb7QB0PDjoAF4HgiAIgiAIgiAIgiAIgiAIgiAIgiAiDwlgpjADra1oCdE9BQBajtaj3JQLVFbS+P2wzzKI7Gkelxl72wEAQE9LvXxOCiGMcr+UnpZ6TCudAXtbA1qnLRb323p6YrL+o/Yur/EHQ09LPaYBSM+eHs4wZOIXJUxAwoQwTFwy2eIXxrorVslEMEykoyZ8kcJEMHfddRcAeLm/fP31EVW3F6kLDBO+MNELQ9lWQ3eXlwiGsb1WGKfUqWXbJ59gzowZmg4usypKoNMl4/CxwzLRC6u3bNkyWVx3Zxu6O9uQk5cnimCk5O5MA9L9nKvOISyrLQNMnn1M+PJawmei0CVQAVCtrQF33XUX/9RTT3EAMC1XD97lBicoWlBqKkWruRl8AoeSkmK08lYM2G3Qucfh4jjwvA46neD6IvyS3CW2n52RBcCNvn473ByQnZEDHSfUrd13ENt3fkW/1CEIgiBUeWb9Opk1yW2PPBvT14zfbnhS1v/d99wb0/6feP4xWf/33/KTiPdP7i8EQRAEQRAEQRAEQRAEcWJDApgpgtQ9JRoOLf29w2If0XCBmerjl4pfAhGoqAlefGHr6RH7yJ42LeIiGKn7S7AOLYFgb2sQ+wjFBcYfzFlla20tAMSF+IXBRDAAsKqmxsupJliYsKVTQxzGRDBK4QsAn2mUtEQwDJ0uGUfqBUEU+68sBwTHlzkzZqDXavUqP/PMc73qM5gTDGN7bQN++85L/LHMDvyg6hJx/xUdi9D5XDc+r2nWnDt7vK3wCMr25eDNhC9Q46qUrcFaVy7eqtkD05Z0n3O/6pIV/PzqOWgyt0ykMXIDEFxaeJ5HAhKQrTdgWnomLEN2pLvdcDgGAB7geB3A8wAn1M80GgCweB10vBvHm4/DDR46PkmoTxAEQRAKmPDl5puuVd0fbSEME76svfpy1f3RFsIw4cvay65R3R8NIQxBEARBEARBEARBEARBECcmJICJY6x9TuQZ9bJ9/b3D2F93HC1DQ3AbjUAYDioA4DYasauhAaVpaVhQNdMrTZG1z3nSjl8q6mDYenqw4x8vYtDWBUdXR9jH2NHVgd2b/oH07OlY/h83yYQ2bAyhcmjndsxbeq5Xe4d2bsegrSti5+mgrWuiL+80S4d2bo9YP/Hi+qIGG9ezb23lq02mkNpggpd8U67ftEadlm5U5k6XiWB8iVuUbTHOranEsxOPDx87jLmz5orOLszBpa3pOFJTU0UHF+YEk5OXh16rFcPDwygunwm3e1R4TiqcY4aHh5Gamgq3exTdnW0YHh4OaB2GrUI9ls6IpTRiwhcUAmX7csS42oQGZM/PQjM+w1rXmapzZ2uUPT8LGBfEL8uXLwf4BJSVcOBcPMwdLSg0laCkuBx9/Xb09/fDrePhBjAtwwCOB4yZWejrt4OfSH8kuMBwcMONXqcdOnDgwKG7uwc6HS8IaybENdd955t8a30rPtr5Nd3MIwiCIPDM+nW8UvjCYPufWb+Oj5YI5rcbnuSVwhcG2//bDU/y0RLBPPH8Y7xS+CL2P7H/iecf40kEQxAEQRAEQRAEQRAEQRBEIET85+iXXXYZLrvsMtm+tXc9FPOJXXTLfVP2oDgcDvEmulTA0d87HJagwx/WPqfMOYX1VW0ygTlcBMJj994Wd+N/7N7bAh7/4x8c4rMqhPQqUgGKracnKu4pDHtbg8z5hfWVVTEPj39wKKTxSwUoTPwSLQ7t3C5bH9ZXVsU8tLj1IfvNl6al4YDFErfiFynrrljFHbBYUJqWFlQcczZRil/8IRW9SGM7gxSWHamvx9xZc3Gkvl50bmH/U1NTZdvS/7n5xUhNTcWcGTNk8dJ2lPEOhwPr7v4hzq2p9FoDqcOLNK0RE7owIYyhIhuGimw0L+wFANS4KnFl9hlY6zoTa11n4rWEz/BWwR5c0bFI1gdLByXHBV7ngjE9G24d4OITMDA4CJ53ISvDAENGJrKMevT32+Bw2NHX7wDPCSIYY3oWsjNykKU3wml3wGl3IMENcG4OAw4nUpLSkJSYDh2fiASOR2ZmOjgdj5qFC3Dz9VdRDgaCIIiTHF/iF0ZzfX3U+vclfmF0dFqi1r8v8Ys4/24rnSgEQRAEQRAEQRAEQRAEQQRM1PMxTIb4hTGVRTCmggLxsVTYwdKrsBvspbNnhNwHi2VtsbaVQhU2lv7eYb9/AHDNA4/G3fiveeBRNFv6Ap6D1DlFKkxhoo70bEF4kJSWHvL4WSxri7WtFNqwsQQydrXUT0phirTPaaWhrz+LZW1J1ysIoQ3ncDh8VjhgsWDtuWdygc5/sv/Wnnsmd8Di+2bRxJxFQY80rQ97DMgdW9RSHgGCCKYyd7oYK/2/4+Bhr/rOwSEsOH0pACEN0XfvvBNzZszA4WOHMWeG53xgji3i89gsP4eY40tufjGO1NeL8Ufq68X2Pvtsu1d9ADh75dni41n9BV4CIKnjC4M9NlRki/ukIhipAEgap0buTo9A6etjx8G5eHAJOnAcjwRwcPT3oK29FX39TgAJ4HQcSsuKYMzMAa/jYHP0wTbggGOgH21tbWhtbQfHCYezv28ADrsDbvDgJw5xcnISpk3LAq9zodvaLdYlCIIgCF8w8cuqc5aJ6ZBiCRO/rDh7mZgOKabznxC/LD/zPDEdEkEQBEEQBEEQBEEQBEEQhC+imgJp3c8fnvQJXnTLfdj0/G+m3IGxdHR4iUiYwENJOCISJfvrjsv6ZWNhY/BH6cT/02/4Hna/9L9xMf7Tb/gemi19Ac8B8E4f5EvUEY4IRsmOf7zolbaI9RuOe44vQUo4Iphg+tHCYDBwDoeDNxgMXmUOhwOramq4aDoHRYNVNTXc1tpazTlNzBkAsOD0pfhg107o09NEIQugLXhRolav09IdcPzKCy/Gdy69CPMWnoYjEzfapMIXBnNwUW5L6x6Z2Hekvh69VqtmvC4hBdtrPYIabwGQIH5RCoBWYg624YgognE02gSxSy68BEDD1iN+BUD/fPcj7vobr+I5joPbNQZjRjY4HrA7beB1QEtLC3gOMGTrwY0L8VlpGeASdODhQp/DgUxjOjguAQ57P5imyZCVAV7HQ8cDJcWlsPfZ0NfXh9zcaeDcPFy8m959EARBED5ROr98XVsb0/6Vzi/bPtqOu++5N3bzVzi/bN+xDfff8hM6MQiCIAiCIAiCIAiCIAiC8EliLDp5+F7NL0ulv+QL9ifxIcVeNAUOyuIfZWFWRg32PVMrE3O0DA0BEBxP2ONI0DI0JGvTJCmzdHRg4W01SBv4AtgSeJtlBXmAQgQzGeM//YbvoawgTxTABINSBDNoE27Gp2dPFx9HgkFbl2abkUxZFKvxKx1hAqHaZOIOWCwywQgTv0zVi6uaCMbhcKDaZOLYufrUU09xd911Fw8IwoyG7i5ZWqNgCVT0wvp+4YM9vNs1gnV3/xDP/vbXmLfwNNGpxe0ehU6XjOHhYaSmpnrtVyvv7myTbXuVd9vx3TvvhNs1Io5jwelL8Ye6t1DjqhQFQCsxB9sKj6CsO8dr3CvNggiGPX7T9gUAIQ0S47WEz8S0SX5xJaH2aB1qquaCdwO8jkdmZjYG7A5wPAC3Cw5bH/oG+qHjdXBzgJvnwel4gAMcjn7oeA4cdOB4wK0D3JwbpSVFEy9OPODmkJCQBJfLBYPRAJ5+w04QBHHS88z6dfyqc5bJ9jXX1+No3TEAwOyqWbKy++66Dd+/aAn/x01fRuS90W83PMmvOFvef0enBQ0tgmC9slQuKP/vnz6Ayy+/nH/77bcj0v8Tzz/GLz/zPPn8u62oMwv9VxXK+19//y/wzVtW8//3/GayUSMIgiAIgiAIgiAIgiAIQpOYCGDyjHrZtrXPyUvLJtwd+DyjnpOWabQl1pHGsrKpfkDmrNPxs6YtxMzc2cBtwj7L2xYv95SB1lbAaBS31ZwmfCFNOzPQ2grMni1uM/cZ0+UmmGDCzKLZQPcQjp2/jzdsKfe5xs2WPr6mqtxr/2SMX0pNVTlq65r46auv4bo2v67Z7j+PW/jkLG8Bgj8hSoo+uPGPOLXT/iiFNwCQnDUd/zxu4a+aafK5/lrjVzJq7/JqPxik8aP2Lr+il+Ss6Wixg4cPsRoTwbDtqSx+kc5ha20tL52jWj3mSLJ/986gRCzB4BwckvUFADdfsIir77LJrrnMqYX9T01NVd2vVe5vW6dLhi4hBYBcAFSb0AB0QyYAqk1okAlbGNIURzWuStQmNAh/ton6hf7X46mnnuIA4OVXXuduvvEq3o1xADw4noOj3wHo3DBm62HMMmLf/kOAToe+Pjvg5sBxEMQx0CGBSwAA8JwbPAeUlJQhK0sPF4R0SjabAwMDAzjjjCXQ6RLR2taEgweOwDhtGr0DIQiCOIn5urYWq85ZJnN6YeIX9lgpgokk2z7ajhVnL5M5vTDxC3usFMFEku07tmH5mefJnF6Y+IU9VopgCIIgCIIgCIIgCIIgCIIg/BETAUxmTqps29rnxIyKaV77pMIWZUx/77BqHVavvrHHK2YqY3Y0CMITALgcMMGElt98DkBwPHEbjUGLRqTIXCkAmSPLwttqAEDs3+zwpCrRSmPEYLeuHcNjogsMADzz/zyW5dEef8vQEC6Z6LesIA+O4TFZrO856AB4XE0AQZAidUwZtHVh1N4VtOhFijRWKUYZtHXJRDDSvv2tv9r4lW2wx8GKXqRIY0ftXV7ta/WtZNu2bcpdJ9yveh/yMyepCGTB6Uuxf/dOAIA+Pc2rrlQcU5k73a9YholeWNvSPsVjsPcwVp5/PtzuUfzp6aeRl5cHwOP0wmAOMNJtZbnWtnUiHdK6u3+Is1eeDbdrBDdfsEgcw5VzrgAgFwCVdefAlmAPaI2lIpnahAbgIFCGHNW1kK6DZ6w8DtQdw4LZc9Hn6AZ0AMfxcOk47Nt/CMuWLZ8QvACff/EZeJ5Df58gYuN5HlyCDhkGAwA3bA4b+vp6ZM/HZcuWCu4w7nG4dQBPv10nCIIgFEjFL9J90RTByN5jtHSo7oumCEaKVPwi3UciGIIgCIIgCIIgCIIgCIIggiEx1h3WN/Z4ObxIhSxaBFKnvrGHn1Ex7YS5tWh2NKDQUImZRbNhdjTgm/cJNuX/NyGEUVKalhZQu1rph1j76ZmJKDRUimMIFVEEA+C2/34MgFwIE+nxS/th/SrFL8HAhCiBYpoxN6B6lvrDAdVTCm9CGX8w6YgCrRvMmCKZaulERipIYWIYJoSRIhXFBCJ+0RK9SPnuN5Zz9V02fuWFF0OnS8azv/21WMbEMIDg3NLd2SZu5+YXy7al4hcA6O62i4/X3f1DnHv++eL29toGzMrPF8elJQBi7i6eRj0PfQmAmCBGGnvl6VdorsWfX36TA4Drr7+ST+CA4qJ88LwLra1tOHPpMnBuNwCd4PBSXIqW1la4ASxcOA8A4Ha50edwoL+/Hy644OaABHBwwQ2O49BqbkUCOPTZ+tHS1oqsnOl44eV/kgyGIAiCAKAuflGWza6ahS5rOziOu5Tn+Xci2b+a+EVZVllaAFvnsaj0ryZ+UZZVFRagu7MtKv0TBEEQBEEQBEEQBEEQBHHiEDMBTJY+feJRj+j+wvbZnYM+YwIpn1ExDfWNPZJ+TgykApT0TOFwffO+Zfjrz/8dsGBEiTLugMOBb963TGxf2W84MAFKdnY2AEGgwkQwkRw/a5v1E47wRYovAUegghd/cfaOlqD6jdT4gxHH+IpTOthEcvwnI0ycwUQhUny5wwDaji/+mDE9m/vTv3fwK88/H2evPBufbPtEdISRkpeXh+HhYaSmpsJqboBOlyxuM8eX4eFhOBwOfPfOO6HLq4LbPQLoUrBt72HodCm4+YJF3IwLFqnOWTrvN4+85TVOJmipcVX6FQDVJjSIzjLKPrR4+eU3uRtuuIpvae9CSWEOODcHQAfoePA80N7Rhqa2Vjj7HEjgdXCBB8+5oUvkkZ1tAKBDAs+B53m4wUOn08ENHg6bE+2tglhIP70IL/z5NRK/EARBnOR0WduDcnjxJZIJBVvnsaAcXnyJZEKhu7MtKIcXXyIZgiAIgiAIgiAIgiAIgiAIRmI8DCJLn64pcvEVc6JyrGcfZk1biPTkTK+ywdF+AGlY/KMsDL3iVRzoTVXZjfXFP8oS29bq81jPvoDHb7PZRCGKkuzsbNz234/h3Ud/7lV2yQM/D2j87z76c9n4q00mXPLAzzX7ZGMK6LwqKIW9o8VneqBRexeyCkq9C1IzUG094HMOB/KqeQwPhN6no8nn+M/Su7lP7V2837Yq5mmWa83hQF41r7pmFfNgbzzkd/xfvfNXuukfBGpCGCZqUXOHkZarteOP735jOQcAL3ywhz975dnQJaRg5YUXAxAcW9DdILrDOBwO0R0mNTVVTHHEYI4v22sboNOlAIAofgl03rgLmgKg2kzfAj2l+CUYXnrpn9z1N17Ft5u7UFRWgk++/BQcr0MC54KL5zDQNwAdx6G6eh7GMQaOB+y9A0jgE6ADhxEdj6FhQYjk4oUpcByHjFxB+PkSiV8IgiAIAG/uNa8BXtp407U3BFT/xb+8NBETGT7+4tAaPPbQxnt+8nBA9Tc89pAQEyG+eO/gGuDBjbf+8JcB1X/u1w9OxBAEQRAEQRAEQRAEQRAEQWjD8Twf0QYvu+wyAMDiyko89OSTAIDXnnpYFKzsOdDKKx1gGFIRTChl9Y09WFRd4vPm4kW33Bf3B+XH717BA8CsaQu9C0fScGzgCwDA0CspEbmRmnbdiNBfxhlAind6ISZ+CaS/6pvuBSYENjVV5V7lNptNFL8EKnjxBxPEaIlgauuaxPMdAA68+KTP9g4YynktQYpM/JKaIczZj+hFsx8mKJkQxPjrs9rRFHA/nzp1vGZbKuKXYOegJobREsGQ+CVyqLnCaBGo8MUXL3ywhz97QRF0CSlwu0agS5hwcultl6VKWnf3D+F2j2LlhReL9dyuEXyyvx1u94goronUnNXcYQCoil7CWYebbrhS1ndhoWniSuIW9zm7nbKY3mFvMWcCB7z40pv0HCAIgiA8H8I47lIAuPK0wo0AoCWEefEvLwmvfRPil0il/2H9n3PGvI0AoCWE2fDYQwAgil8i3f8ZF8/fCABaQpjnfv0gAIjiF0p/RBAEQRAEQRAEQRAEQRCEL2IqgNlzoJXPM+qRmZMKQN3FhYlZtEQuvmL6e4dh7XP6FMFMBQEMgwlh1Hj8kre4eOzrf//9hXRTq02uzGSM+Ho1W/o0+5NufO8bZwTU3qmXfturvayCUlH4su2phyJyDFbe9bAohFFLhxSqeER1/BLxS8THD0EEE6nxE/HFCx/sEY5zEoCJDGPn1lSq1t1eKzi0BOL4EgyxFgApUQpiAoGELwRBEITmB7EJEQjgEcIokbq+RFr8Ie2fCWGUSF1fotk/E8Iokbq+kPiFIAiCIAiCIAiCIAiCIAh/RE0A869//Uvc99pTD6O+sSdg8Ys/whHBTCUBzFRFIYJRJVARylTolyAIgiAIgiAIgiAIgiAIgiAIgiAIgiCIySUx1h329w6LIphotE1MPkxkEoggJdZjIoipzObaOvbQp9vR6poqWiyCIAiCIAiCIAiCIAiCIAiCIAiCIE4qYiqAsfY5kWfUe+2XOr/4E7Fk5qT6TIdk7XPSUY0TYi06IZELcSLT19cHTAhfllUUqNb5vLGDB8Btrq0jEQxBEARBEARBEARBEARBEARBEARBECcVMRXASFMg+UJLxKImnpHC2iYRDEEQU4kvmi1+69hsNr6sIA+FqQmq5eZhF7Kzs2Gz2XgAnFabZ5SZaMEJgiAIgiAIgiAIgiAIgiAIgiAIgjjhSJysjqWuL4z+3mGf4hVWxoQuam34Y+nSpWGPfefOnXTmEAQRM2w2G6/l+mIedgGARxgzIYKx2WycsJlNC0gQBEEQBEEQBEEQBEEQBEEQBEEQxAmPLhqN/utf/5Jt1zf28P7cX/yJXxjWPqfPNEmZOanIM+qx50ArT4eXIIipDnN+CQQmgpkQvdA1kCAIgiAIgiAIgiAIgiAIgiAIgiCIk4aoOMBcdtllWFxZiTyjHtY+p+wmbJY+HYDcvUUqftlaW4vNmzertrt69WqsqqnxcoLRanfPgVZ+UXUJR4eZIIipyANrL+UXlJbitt8+G3BMVVYq6uzDyM7OxgNrL+Uffe0dugYSBEEQBEEQBEEQBEEQBEEQBEEQBHHCE7YAZuXKlVhVU6NaZu1z8nlGvbjNRCoMpeuLL/ELAGzevFkmgrH2OaF0lsnSp6O/dxisX6UIRpm+6LWnHvbqR21cBEEQsYSJXwDAMTzmSXEUBAtKS0kEQxAEQRAEQRAEQRAEQRAEQRAEQRDESUHYKZCqTaaA6pWU5IiPmUtLMOIXxubNm2WCFNaG1PlF2pc/1t71ENbe9ZDfOQY6T4IgiFCw2Wyw2Ww8+1tQWorvPPZ7fOex3wMAzMMumIddmvF1dvXUcAtKS2Gz2fhXf3I7b7PZaKEJgiAIgiAIgiAIgiAIgiAIgiAIgjgh0cWik8ycVJlABRBcVqQEIn7Rqqtsy+4clLnCBII/EQxBEESU4bOzs8H+tFCKYBzDY3AMj8GQmoQ6+7CXEOY7j/0eZQV5uPgBwe1qc20drTRBEARBEARBEARBEARBEARBEARBECccURfASIUoducg7M5BL8FKKCmGlDH9vcNi+2p9B0IgbjAEQRCx4LbfPqtZxtxgzMMuGFKTYEhNEkUwUhq6u8THZQV5AMDTyhIEQRAEQRAEQRAEQRAEQRAEQRAEcSKii3WHTPwiTX8ULqwtpbAmVNb9/GHV/QaDgc4YgiCijlLIAgCFqQninxSpA4xjeEzc/+pPbpfVkUIuMARBEARBEARBEARBEARBEARBEARBnGhEVADz0JNPhhQXTPqjcGJiMReCIIhgeWDtpfx7jz4kurn4QyqCkTrAqPGLW74FQBDBkAsMQRAEQRAEQRAEQRAEQRAEQRAEQRAnKhETwGgJRqSuLGruL9u2bw+5T2msmgtMuI4wJIIhCCKWPHP3OpmQpSrLk8atzi6/njHnF/YndXxhjytzp9OiEgRBEARBEARBEARBEARBEARBEARxUhC2AObp118PWiiSZ9RjRsW0iE1iRsU05Bn1UVmgh558Ek+//jqdKQRBxAxpqiOlCIb9qSEVwajt13KJIQiCIAiCIAiCIAiCIAiCIAiCIAiCmOokxqITqRNLZk5qVPpg7fb3Doft/KLG06+/jssuu8xnnYfvvddvO1KxUCD1IxFLTjYEEb+sXL6EX1Ba6rNOVVaqpuhFiVIEw1xgXv3J7fjOY7+nBScIgiAIgiAIgiAIgiAIgiAIgiAI4oSE43k+og0ykYjD4eDXnnumVzkTqtQ39mBXQwMcDgc2b94cUl+rV6+GwWDA4spK0VFGTfzy2vbP8ONrL+UA4KJb7qOjThBE3LBy+RJen56Gnz7/d3Gf1PWF8dPv3eJTwKLl/qKkobsLzsEhbNvxJUerP7n8s/YxPtOYJm6PDXWDT9Fj3O1Cok5wAErmhP/pgxws4+PINaZhYKgbw6OC61k48VfV/ISLp/l//L978aP1j6jW/cF1a3Dq2mXIykhB4Yy0iMxfGR9o/4PDdoyOp2FmxlkoMuVpzq/dYg2r/OCROhQXFovb//XAjVj/sz+I275ig+Wl3z2Ky2+4Q7avzdyG+XOqoja/cMuXLFlB17BJ5K13/s5P5vE/2ctbk7/AZL5+TPXXn4ceuJGf6s/B62+5E3l5hT7r/OC6NXjtnd1rAIDn+Xf8rYnWayDDajXj5eefxsOP/pmuvwRxgvDic0/y3/rPG1TLfvTd6/DHN95bI93n71pCEARBEARBEARBEPFAYiw7i5b7i7KPaDjAEARBRIOf/OFl/O5H3/NZx5f7i1T40tDdBcDj+sL2Sbcrc6djf0sL7rrrLv6pp56iGxiTDT/qeZiiBzfiRBIAo9uIwXT5/bnciZuNw6N6jA+5kJiWEFZ8vM3fH1kZKRGdvzI+0P5Hx9MwPuwCMmK/XFveeEF8XLFwAT1/iClPc/NRH2V2r31lZbNp/HHw+nEivP4EIiCxWs2w2/qRlZ2pWjfa5Wr1f/7D7+Pnv/4j7LZ+5OXFds3stn5cf8uddOEiCIIg4pI7HtzA/+6X99B3HARBEARBEARBxFYAo2SgtRUtlu6Q4zdv3oyLly0DKivpSBIEMeW46667+Itv/oHM/QUAzMMuOIbHvOpL0xgx4QsTvTCeePUt2fb937nCSwRDxAcpmcAoL9wIHOkHUpOdAIQbiRgS6vQ7XDAlJsKlTxJeN4e6kZKpB5AQdny8zR8Qbu4pbwJarWbx8eCwHQWZuRGZf6j9J6WnievXbrH6nGO45W3mNtn2DXc8ID6ePWdOUOutNjfGf915k1dfsZhfuOXxzt3fPF1UAfz2/3ZzgdYNpH48EOrxGx+2AxAEIqfULAroxj87hzf/603JnlMm5fyLh/GnzPO+/vXuyQIA9AIAlKfP+MT/JABJGAUwCCB7+VhM47OXIy5efwAEdNzy8gphtx3RrBvtcq0x5+UVIi8POHrkSNCvBaGi1VegbjrRco2Z7P4JgiBOFsIVl0RbnHLHgxv4O865J6YimMsuOiUqjnL/2vR1TF+zJmseWv0GO/9ItROr9ZyscREEQRAEQZxsxEwAI3V/kTq0HGo4FpH2+3uHxT7IBYYgiKmKIVW4Ua+V0oiJYJTCF0AQvxSmem4smYc9v7ImEUz8Me4Wjk/S2DAAvSDcgJA2YjCdR7/Dc/xGAPT3DSHTYBD3hxsfb/MHhF+X221HVOvbB0aQrteLYpVIr1+g/Q863QDkKYj8pSvxV0etLJIpjgLBV7qjUMYfy/h44sHVNeIXnlddvUK2v7wqBwCwbsOHnLK+tC7b70xMFIUwWvGTRSjnPxOOBCMakZKXV4jVl10pbjMxScmcU2Jy/sXT+M3u46rXv4qycs02GpubUFbuKW9uagI34oxpPLt+E5Fh9pw5MRHB+OvDl5sOc62JJpPdP0FMdXp7e2kRCJ+EKy6JpTil+rzv49vXPML/9fX1MXm/vHzpaUBWVmQas9uxY+feSTnGkzUPWb9hzD9S7URsPVefhx2bP8Ty1efJ9jftO4DLLjqFJxEMQRAEQRBE9ImqAMba50SeUS/b1987jP11x9EyNAS30Rh2H26jEbsaGlCaloYFVTO90ixZ+5x0lAmCiHuY8MUxPOY3rdGrP7kdlbnTZSIYpfgFgNe2mmiGmDxyR1JgTxvH8KgeqclOJHEGAMKv+jN1aejHEFIyAUv/OFLc40hNdmJsGAD0SNC7wo6Pt/kDUE0DwRxYkhOHMD4i7IvE/EPvPw261MlZv3AdUbTEPUT4MAeX1RfWoGK2t5jo+juuEc4nS6coenEmJvqs//GW98W6Z0vqPbi6hv/l5top9aXp+LAdF1x4qWzf0SNH0NrRCQBobWlCSWm5aqy0bMG8WeL+pedcgKzsTGz+15soMl1wUo1f6/oXLJMRHw+vPycS0RbBBNK2L0FYKGKxYJns/gliqpOTk0OLQAREuOKSaIpTehuGgHOAm0s6ge/eGzsRTKREI5Fua6rMQ1o3nDFEqp0wUDq/tLV7iwvLF1bjy13/oIsJQRAEQRBEDIiKAMbhcPDVJhMAuQimv3c4qoIU1jYTwbDtapMJj//lHf7H115KCmuCIOIOQ2qSmPKICWECgYlgfvr831GYmgDzsMvr/8lEoDb4k4Wa/T779XxSqgEfP3sgqv0vu74Uw6P6SVs/f/MH1G9U5eUVonLefHTtEZ4jXXsOR22MWv0zRsfTNGM3vvlnzbKGQwdx9a33hz2+LW+8ID6uWLjghHr++lu/JRdc5dMlY7Kf/5nV1QCAz6zAZ9Y61TrXnlWFPFM+zr6wBgDQ2tKCitlV+Mun6vWRWgpdTalXu7qampjPN5z0Ic3NR0XxiFQ0Egr7D3mcI0sK8gEIQpKdH3+ApedERwQTr+NXXj8BwB3CUZqM+Hh/vZ5qREsEE27aIym3X7+an8zXL+mYKR2SnBefe9Ln8bzp1ntpvQjiJCdccUk0xSl3PLiBB4DC8hvEfSvGU/ExHTZiEmDOL7741i3/gUULS/jiIkF8SG4wBEEQBEEQ0SFqDjCmggLxsVT0YunoAACUpqXhgMMB2N8Gsi4PrRP722JbrO0840wvoY2poAAHLBY62gRBxCVS8Qt7DMgdW7RSGLF9SvFLnX0Yv7jlW171nYNDWHD60hN2LbVs8K1WM+y2fk2HD62ySMT7st8fHtUj05AQ1fGz/k8dnQsASMkExt2xW79g5q/Fj9Y/gqNHjkT1+Pm7ccjEL0npgMut7saitn7S+ftycFGW2e3evxi74Y4HxMfK8Vqt5pB/6f5fd96Eg0e8RRhZWTk+xxhoWaB1wlm/eH3+y+ZwluDgour44ieFR7xdv5THQuvYSJ1T/vzyS5ouKSWl5aouKj6dVTo6seOLnVh+xlJRRFIy55SQzr+pNv7pFUDvniwAwCB7L+FwoLmpKajn/uD+pJjGs9efH61/JKbPP2WdXz2y/oR7/xNpEYyvtqTH7+Xnnw6ovWi9fgV6LBedeTGKTHlRTxc1FVAKXr71nzcEVT/Sghh/ApzJRjnfYMfrb72CFSAFezzCOX5LLjgfSy44f6OivYiuJxHfhCsuibY45dvXPML/7EbP68CfPjLjuxDed+VUpsVmkez2yXVuiUfs9pNuypdddApfWCj8WKOtvRdN+7R/3MTKmFiGUiIRBEEQBEFEh6gJYCwdHV4iGCZ+8X5z/HbE+t1fd1zWLxsLQRBEPPLeC3/AxTf/AL/70ffwxKtviemPAk1XxOrd/50r8MSrbwGApvjlZEDrBkpeXiHstiOaDh9aZZGI19pvTxsH+oXHY8OOqI2f7c81piHBOQYMAd0prpitXzDzD+X4Rur4+SMrIwW6oXFgBLAnCesndSTZA98OMkr3knaL1aejid3ei+LC4pg9d5R9tZnbfI7P3/iDLfe3fiWl5T7bi9fnv69xSYUw0e4/0s9ftXNaeXzHh+04pWYRAGDrR9s1RSKhwtpq7ehESUG+zEklEudnPI/fmtYIIAmlJdrXiJbWNll5S2ubV51Yx2cNJcpef2L1/PNX50QhUiKYQNuYSmvq7/XjZIAJIaSCl97eXr9x519wqSxFDmsnkkIGXyKc3t5ezRQ9vsoiEf+j716Hm269V3OsocQHM39//YfbfiBx0Vx/Ir6448EN/O9+eY/4vA5WXBLpeH9I26+saEJDYzlmnp+DP20xY+b5OWK6pZzKNATTbrDs2Lk3rPjlq8+Ly/PBn4sJ4U35wmrxsdlsRXFRjtc6KtMitbX3YsniKjF9EglhCIIgCIIgIkdiNBtXimBahoYACI4tLUND2Pz698PuY/Pr38e31v1VbBMATIoxEARBxCNPPfUUd9ddd/GA4Mxy/3euUHV58QcTu9z/nSvw0+f/HpD45amnnqIP1nFCv8OFTIMh6v18ufM4Zp2eD5czASlpCSfd/MPFPjACXaoL7uEEJKVMzvr5c0AJRMhDTD4DfTYAQIYx+4Sfa15eIbZ+tF3cVopIHnv4jqDa+8lDvwPg7azCRCQ0/vjGMj4eV68/JyJMBJOVnRl0bKCOaPT6NbVQE76EA2snGkIY4uRm8cNXiG41ux56i4t1/MnMHQ9u4O845x5RhBKsuCTS8YGO+6PEYawYT0VDYzk+ShwW9x/f0ovvrijEihvXo7KiKeh2A4WJF4Kl1y78+GN4cDiuz4vU9FTxcU6WIaA5icfgmPmkeO4w4YpS2JKanorhwWEwVxi1dWVOMOULq1G+EPj78/+gixFBEARBEEQEibgAxuFw8AaVG1lKIcpAa6ts295ZF1Q/WflV8rZmz5b1pXSBMRgMePwv7/AX3XIffRAmCCKueO+FP2DB6Uuxf/fOgJ1ftNASvzgHBYHgiZz+aKqRzCWAS3ZgeFQfsz4Pf9qO2aeWnrTzD5dRO5CYOnn9b3njBfFxxcIFJ91zZqqLBEaGBzE2MuJ5/zohhDkRYamDpOIRRklpuSgcuXzpUlj6OUxLG0ViYpLwPr6fQ0FOGlLSMjDksMrK//n8rwEAV93yQ9XzI5BUQpEcf+nt3r+8L/poJwCgfYX3622kxp/MCSISLiG8j3KTHT+ZBJJ2x2o1+6wb7XKt+n4/J2dnwm7rD3pNWKooev06cXjxuSd5pYNLpGDuIC8+9yRPIpjJPcZTfQ5MuPLNRcJP2eos3Vj88BV8oCKWcOMJD0yYUlh+Q1Dikurzvg+MRy7+r6+v93vsEvpsOL6lFzg/R9Z2cnM9Sm9ZDIx7xDe9DUN0cImIw8Qvy1efh78//w/s2PyhKITJyTLA7Efg9OUu7/sgixaW8MVFwjlNbjAEQRAEQRDhEbVvLVuGhlCaJthaWjo6RHcWVuY2GoMWvUiRxrqNRq/2IRHBSMsIgiDiCakLDBPBAIA+3dsWWCqOqcyd7lcsw0QvrG1pnyfreqvdZArkBpSvOoHekFLD6DaCzxyPyPgDetFPTUCC3gUgIeLrF4n5h3KTMFLHz1/fbP10qZ718/eLdikv/e7RoNdnt+Tx4rmnY9ZVHrHvvAUmpA9ysKeNI5lLQPogB5c+CZ2dA0hMS0CmMQ3gRzHKuzDudsHlFMacoHchUZcgxtjTxtG4D3j7pd959/9B7J6b2YW+hS2tLU0AAJ1OF5fP/0DiXeNjyM7NFc6dtnZk6NP8nvuxOv9Dwd/5f/SIuqPDYw/fgSvPPk8UuABAcppRtq2ElVeXCQKZfz7/a1URSTDjC2f8asKXQBi98nIACHv8+lzA4XBg/7594j5DAE5azU1N4mOHwyHbDoRw45WvP7F8/inr2G39fl1HNr75Z+QWVWH5GUs167LjFG75wbpPAk7To3VuKjne0RjwsbGZOwNeF6VDTCDrf8MdD/hsI9hrN+NXj6wPqP+TkRefe5JnIhXN11az//cxrWarTwHNt/7zBtz2rUv4Z/7+Lt2omwTOv+BS8XFOTo5XyqG//+2luB7/4oev4B97YyaOn7ME2yx/AwBUmXJRZUJAIpbFD1/BTzt4C05fM4g6y9+DjicEehuGgHOAm0s6ge/ei+NbegMWl6S6v4XjW3qxYkVhxOIDEcG8sulx7tvXPMJji8fdKrm5HqNlMwAI7jBoLI/L9WZuKuY4d4AhfNPW3gsmVgEEZxfptpr7i/T4FxcJDjFK5xcmqCEIgiAIgiDCI6o/22NClECxdzYFVC8rP7APMUrhDUEQRDwiFaQwMQwTwkiRimICEb+cjKIXrZsgv3pkvc+bWP5uUPmr026xot1ixcpzzlYdkxqjvAtIT0AyEgAuOezxB9K/LlUQP0Rj/cKdv83c6fPGm7/1D/f4+Yo/3tGIU7EMulQXEibWT3qjksX7ukErFa8oGRuceH+TkSKMY2AESem+z3Xl+lnGh5CLJBRlpqC9fwT9GEJqshNI0SNpbBgu6EXxizL+sv++GF/vPB5U/+GOX0n35w6/Ao2S0nKfN4gn8/nvL/54RyOM2Z4vRKXiF3/nfizO/2Cfv8rzX7rd3HxUdE9hwiVpyqBl85d5tXfKrEpkZuejt+0AeDOHU2ZN87ldkJMmE5GwfgCILipLz7lAc4zK+Qc7/nZFG+U5ngSs2Tn5sPZ2yvYpyZ1ZEdb4rXwjZl2UIWxwyejvG8LgfqCs3PMZSU2cIi1X0tzUFPV4dv2RCjhi8fxTq5OVnenTdcVqNaPh0EHkFgWf2iAU9nz2HubfcqffMcUbgVy/ghHiTLX+4xUmflHDlyBGC2mMmhjmwcd/GxURzN//9hKSUqfh3LOXq5YHKuAJpQwA6lobfK5Fq9mKVrMVp1RXxezYSvtXG5+/GL0hJ6Lr72v+avHS/pn4pfTaBOAvX6Lj4lzUftUl5jT/5iKTTxELE7/89jvDuPvVdCy7Prh4Qkh9BACF5Z7rxYrxVBxn188tnnNHTVzyUeIwZp6fI6sXifiPAxx/gsJNkbV/fEsvZp6fg48Sh2VtTwbK1EDitTQr/lMAS1M09foZv/d8Tj4Bak6WAcgywCx5bVEefyaKkdZhabR67Y6Yp45iLjZKyH2GIAiCIIgTgaj7VvsSoAQqeAkljoQvBEFMRZhQhQlhpPhyhwG0HV9OJgL55XK02PPZewH/ehvwpLAYG3ZEZPz++peKN6KxfpGYfzwT7vq53PL4JE5wMhkfcSI5ERgdT4NuaBzuNOGt2dggkJw4BD45DWOD3v17r58eCc4xuPRJSByXuwoNj8rFL2rxlXOLYEpMxOHGzoD6D3f80Xj+TubzPxik7i/OUVdcjCnY568vHE6nKHBgwpHWlib89eVfTaQ88tStLssHbw7++9VTZlXirCXL8Yfnf40lF1wl9hPr8UtFLoUG4fGQYluJ2WGBC0Zcd9EqvBLi+NWe/0Rw+Es5FEhKopNhTBG77gXhmKZ+fT9CJ22YqAlfSgrz0Gq2okTjV+pqZaydSKZVCkWUEy8cOfiF5vpNlfmH03+48z9+zhLgL1+K2ykFQO1XXUgt5FBlyvUrYjl9zSDufjU95PiTmW9f8wj/sxvXi9t/+siM70J4PzLz/By0PL9LFJQA3uKSP31kxndXCK9LK1YURjQ+pzItoDm8sulx7rqLfsyXZF2K0bIZmDnhOCM60ACwfL0Bf930OB1/Imrs2PwhZs7yvEcrDOCaWFiYN6ljZsKXwsI8lC+slpU17TsglpMQhiAIgiCIqUzEBTAGgwEOh8OnDbfD4cAfHyj32p+VXy6+sfIjcpHdGP7jA+X4/qNNfvsMxBqcIAgiHlATwjBRi5o7jLRcrZ2TBbVfdMfyV9xa/avCJSMFQP+oPmLj99U/Ex+wG6fRWL9w5x/PsPVjwg81fKV0YPHzFpTK5t/dJ9wuT8kEsoYSYRkfR87E9rhbEEe4nAlIyYT8+CnWLyUTwJC8vTF3KuAWUo4kKo+/RnxOSW5Q/Yc7fhbf/bkjoPOntaMTJQX5cfn890efrVcUvCRzqUjLSodxClw/I4GawGPxgoXobTsQlbYjjVof5TkmTZGLLwoNJgyFO36V5++gWrWE8D7qRTre1+tPvHLvXevXxKKf//rJDRsDrXvGGSsjPqbfv7yZ4zju0kDq2uxmzbFufPPP+NH6R+TP9bmnY8sbL8j2VSxcEJFxZxfme732/tedN3mlXDqZUHN/+fpAXdgiDSXKNn/1p1dCdoHREtN8+cEWnHnpf8b9mocrBoqkmCiS/Qe6/qHG2zqc6PjmVmxb1A0AqEIuOI7DRR3/iZl/+1JIi7Tob7B1ODXjkxZ9iOxvdE/sEeLnV3wLuzemY2zNIOpH/q4ZfzIjFb+wVEQzz8/Bn7aYRREJE5QwIYtSXMLEK9GIrz7v+/j2NY/wOZVp+N0v7+F8zaPwlHswCkF0s2I8VSiY6OuzX/8Mr5D45aSFva/hef6daPVRWJgHs9kasqOP2Wz1EsM07TsQ1XW57KJTeDXhi/gZZ2E1gANiXRLBEARBEAQxVYmGAwxnMBh4LcGJQvwiexMVhCMMB3hSIdk7m3hfIhg2lu+vOZfetBEEMaVQS48UiLvLySZ8Yaj9OlrcV2rGjo43NWObA8jY56+Oz/5VGBjqRqYxF/0TIgB/8f5+Qe0rPonTYdDpnngVTY74+kVi/geP1MnKs7LkX6j7mn8gvy4PJt5ul/8alq1fkh4AlxT0r9nV1l86/2QuAfa0caRAEI6MT1Rl4pFkLgH9DheSDSdmfCDnjzRNzJI4e/5v+d1Rn7EzCyow4BxCUXGRavlLv3vUZ/ysq2b77D/W1y/l+a/cbu3olG0/9vAdWHvhGgw5hHqnzKqMyDX/mnNOweuSVELSvv2NMZzxhyp+UfKDb38Hfwhh/PrpQMun4wCSAKiLXwB5GiKHw6GalsjnORNm/P59+2TbJmQAXDJ2dLyJsaOez2zH6/y35auOVlnSbEdQzxFfRPPmCQA89MCNkz6WQNu19wmLyQRygbweKgUpUtGKVvq6QPjVI+sDvkZFyuVqKhGIs8d//fAWn+Uvv/ZO2H2ESzhpjCIRH079aK5FVUkltnzgOT5z5p/hN6akfGZE1z/YeNb/zNsv5BcvNqDO0o0qUy4AiI9nfvylmBZp2yKN91U+4j9/OV1Mi5T9Dfo+QYuPEoexYjwVDROpiMTX1AlxyooVhagsacILtywGAJm45PiW3ujH37gelRVNuOPBDbyaCEYq4vnTRx7BdmVFk5heKSbXWZUUR1IxxFRIdaRFanrqpMwj0sIVjuMujdZ7J3b8pedBMMdfKn4ZHhxGcVEOvtxVF7W19Sd+URsfiWAIgiAIgpiqRCsFEreqpgZba2u9UnhMiF8i8sZJIpjhJtrmv/9ok1e9H197Kb1RIwhiynOyiloixdggkJWRgtnVJRgY6sbwxC/nMw0JGOVdsl+mjw07MJaUiqSxYQyP6pFpEG7e5xoFO2a1+O7Pg0vlI9z01yMpdVR0x/BFSWk53G636H6hvJmzx0/8oNONrIwUpHDJGBjqjvj6RWL+xYXFYnmbuc3nzSp/N7PCLbfbe2XjYesHAIPDdiAVYa2/sH7y+bNzkBtziuefC3pRPOJ9/p1Y8f7Of/GxhgPMZD3/jx3twS0Xnwpjtkew1WfzviGYzKV67euz9eKWi08FAJ/xnwunHqrnFMTF9QuA5vOnt6fdb+xATwvGnN1RK/c1Pn/Pf1/jt/RzyMvJBz76Ar6Srebl5GNoo29Dj73HenDukvyQxt/a1wggCRVlnudFY7P3Z6DSkmLNNlpa26Ien39mmur5V1JWhEGH9/jLyj3bzU1NQfevjE8vy1TtP5TznfDAUoQBwPlX3yw7V7eYO2XlALDr8G7cEKWx2LT6Mz0gPtd/9/t/yMa+ZEnBCXtsXnzuSf78CwQjH6kwRZnq6Pq1HrOfbZ8f9vn5YuWyueJ3OkwMo5U26bp7/itkFxgtyisq4Xa7UVac77Nv8foYwfLCytPU35NI4o8cjP1xZv0/+PhvVccvhZ0P0Vp/f/NXxgPA4oev4K/9ZiU4COmKMKEnHTbz4uOWv7iE9EhoxHXfrMTM2y/kj//+fS7Q+LtfTcXpawZRPwKveAJI6LMJKYLO97z3PL6lF8nN9Si9ZTEw7nFmOf6Rx9WFiUtamutxfAtiEt/b4Du9fWVFE2Ym5nvm01hOB/gEIZLClWiKYKRCoVAxT1y7mSAmGimSghW/MEgEQxAEQRDEVCXiAph//etf4uOHIiR08cU/n1wrE9ncscbzwbpzaAQA0GD5VKzz+19+qtlWflqKLI5tS/eFgrQdry8vTj8PAGDM0jbB77P3iY+7e4QvbHOnCSryJWevC2uN77g8W1wby7ALb2x2cIHUY2jVD5T1/76cL88XjtnXOx0wlg8imG0AMJYLv3vta0oXt9ljtXJpnWD7U273vBmeNeXf/r0vos+RS267RDxO7z7zLnfJbZfw7L+03rvPROJLSZ6uoMSURHbzd+KGWDIHjA11g0/RY9ztQmKKHokAklINSEoF0gc59PuJD4Vw48OdfyTXb6rMP1wGh+0YHU+Lu/NvqsdP1ee/dbAL/VYnkKwXRSvJXCqM2TleIpa0rHSfY/MXP5XWX+rWoyQvJx8Z06YhMztfMwVSxrTSoMqV/emiOP7TZk2LyBrtPdaj2Z8OJwaZhgTN8+9k6J/w4M8lxm47QosUZUoK80Thiz/RixRp3ZXL5vJnnrIE33vgp7SgRMjYOpyyLwoL3luFmR9/ibORiecKG4EJU7w6y99Ed5frvlmJxQ9fwe966C1OGT9mPw+7NwrvseoK/4xl1//fRHy3ajwdAeCVTY9z377mER5bPPLE5OZ6jJbNACC4w0iFJEpxSekti8VURrGIVyOhz4Y/fWTGzMR8734mHpfda8fVG1bzb9yzmY77FCWawpV4ggle1FIiRYJQxS/S8U22CCac/knAQxAEQRAnJ4kn2oSk4hWloCXQWABwtrehXlKmLyoOeixqAhotMUyfvU8mgmGiF2OWEcYso7jNhC/dPQ7xcSBcvdogqhVMqZ5fCc9dskK2Tlev3irWG+kZAwCkTEvCinNWqM7pjss/4oHQRTF9TeloQifK8/NxylIDvt6JgLeba4U1KYNn3Zpr+1AGo/C/xqjY9q6DWgCXh9b/KUsNyDwW7i8I9wUdwcQsTMQiFbeU1RhFwc8lt13Cl9UYccltl/ALL08S19tYPihrQ9keQZyoMPeO4VE9xodcSExLAPhRsZxP0YMbcSIJgNFtxGC6XOTFfj2uFR8S4caHMf9Ir1+8zz9S6zc6nobxYReQEV/n31SPn6rP/9TEZFyYrJe5tzCkIpYB5xCM2Z6y9rZ2ZOjTZHV9xS9oH8KOJDeaoEeuMf7XX+rYEwuU/bUf2x/V8Wdm54fVviDc4aI2fgaXkDip8T7Pv0nsn4ge2YX5svRGALB47unY8sYLsn0VCxdEtb+TkRefe5L/1n/egN7eXtW0RNevvTQo4YsaLP6h79/AK0UwrM8zL/3PiLvAECcetV91IbWQQ2ohh5l/E1IetfzFhSpTLmq/6kLNqdMxbOZxmO/C3PzpAAThjFr87o0s5VFqwPGEICCRwsQnx7f0Yub5OfgocVgmUFGKS6SClVjEK3ll0+PcdRf9mE9uvhSjZTPE9lhMcnM9iotLceRQS1TXMZTUQGppk6RcddVVPAD885//jMvrqK/xS9cj0qmM4pFIH38mfvlyV11E1u+yi07hWbtK8UvTvgOa6ZaKi3JUhTisvckSkwTbv3T+BEEQBEGcfJxQApjOoRHkp6Wgc2hEfAxA3OfL0UVZNmPmDNX2tVDGa4lflGVSlCIYKVIRDCAIYZgbjC+Yc4tSwKI2jvy0FFzzjYu9xDpa4p38tBTkn/sNr3necflHvC83Ga95S0QwWtsb324FIAg82DYTdex7WyJ2mfi/8PIk1f0AZGXG8kHse3sMfTXCWjJRTF+NY0JIku5zfPnTs2J2fjOhSlmN0Wvb43LjEbksvDwJfU1szeROOAsvF+bNRDLS9kgIQ0xlrFYz8vIKvfYxBoftKMjMBZCAlExglBduhI30A6nJwpeifIoeLLdFv8MFU2IiXHrhejMw1I2UTL1qfCD9Swk2njkEtLY0oay8EoD3L6qDmX+k1y8S828zt8nq+PvFeLTLleMZHLYjKT1NXL9w1j/S599Ujw/0/AcAnU4XF89/x9gQjn/RhVNNJZrnkHPUBX5sFBn6NJkYZmRAh5GBEVRW+RbSSuMvBPC+1YnF8ytgHbVN6vUrkOePkiGHdv1IpDyK9PNfizFnN3qd3VF/PfM1vpR5wKDK/uYmz/PE4XDItgMh0vH4jN0UGAcAZC+HeP4NTmL/Wud7oOd+LN/DTPaYAjk3A3ku3XDHA+JjpWAlnHX51SPr/Y4x1Of6iUQkxC9SHv7jS5yaCCYaNDU2eL32K9P8KIlUublhb0jx0Sac+ZWUz4z6+vuKZ/2nTLz9GTYLgt2Wv7jw3L2NqEIuak6dLqQ2AjDSARxGF3bv7oc0hZEy/u5XU5H9jT8DAcYTHgFJSZYgIJkpEacwEcnM83NEQYp0P0tV1PL8LgCIWrzl6w3466bHVY/b1RtW86t+fRba2l5B8ovXYfjaJ5GelAv3i9cJ59xNrwAonZLHZnzwOADPzfupzsni4hLt9QvlfPAnfFETupjNVrS196KtvVdWztpq2ncgpHMzXNFMKP2H43pDEARBEMTU54QRwEjFL4DHwcWXkKW+SfB4mVE+w6cwRRrDcLa3oaX9OJLzSnzG1x8X+tAXFcvG6KsvQD0lEtsnFcJocfVqA29KTUBp0Uzoi4rF/hJzhKTI+b0W9RMix4RiAOOScl/iHtU2l6xAaXsbrl59hAcCc4Tpa0rH100O1W0maAEEsYsSJmgR6gxiYXmSbD8giD/YfiYA6WvytCEVx7B+pM4yWuPL7LJH/dxWOryoPZamd1LbVu7ra0oXHXGk7TXX9pEQhpjS2G39mjb69oERpOv14s3ecbdw8zdpbBiAXrhxDCCZS8BgOo9+h+dX4iMA+vuGkGkwiPuV8f76VxJKPHMJKDLJv6RgN3eCmX+k1y8S858/p0qzfrvF6jXvQMpCjVdus/kPOt1e5aGsf6TPv6keH875P1nP/0RdAjLztNOp9Nl6kZ2iB1L0sI04oU9OwIBzCFxSMqaZElRdX/zFZ+bp0dpjQ4J+cq9fyvNfut3b064ak2bI0xTBBJvyKNwx+nr+a42fsfWAJSKvV3k5+SGP3+w+DiDJK6airFyzvcbmJpSVe8rVxCXRjpc//5Imrf9gz/d4eA8Tb2g9n7aYO3H0iHwOuw7vxg1RGodNqz/TAyfte2EmTiiJ8a+dwxGFqDnWSCmvqITb7UZZcb5Xn/7m6auOv/jCytO834tI6rM5+xt/uPP31X8484/E+gcbP/P2C/nFiw1iaqI6dOOTRycuzpKXV6mIZd2GSqwDMPP2C3kAUMbXnMpSHqnH29+/CTMn4kkE4+Hb1zzCF55yD0YhCFVWjKcKBRIhyorxVKxYUYjKkia8cH6+KFhhKYww4doSjfjPfv0zvKIhfgGAN+7ZzF29YTW/6sKzgJ9ux9b3B7HqwlLUXfQyMvI5FBeXYuv7n2KqpT9avvq8E/J8IxFM+Ov36IZ7wm6HiV+0HF4AQTRSWJgnCmHYPvGavrAa5Qsnby0mu3+CIAiCIKYOJ4QARinKcLa3ycrY9mdjI5hRPsOrjrO9TRSo1DfVIz8pBZ2SlEdMKKOFWnw95GmTWB1A7gSjTGUkdYHx5QgDQDMF0tWrDfziGXO80jYxoQp7PK4QwbBytl+tji/hjrS+vqgYK4qK4ZwQwvgSwZyyVJhHU2cn+prSvbalSN1OALnbiRrS/awui2f/tWKlSN1TpONr+2IoKue0VPTCxrjv7TE01/ZhzfdLfK5XKNtNnZ3Y9/aYuMZSIQxAYhhi6pCVnanpYJCcOITxCS1jgt6F3JEU2NPGMTyqR2qyE0mc8NwY5V3I1KWhH0NIyQQs/eNIcY8jNdmJsWEA0KvG++vf6xoeZny484/0+kVi/vGMZ/5p0KW64u78m+rxsT7/IzH+r9u6scwOIFs+jj5br+jcUlQsfImfhnQM2QeRk5GKUX5YrAd4pz/yFQ8Mx+36nwyYMnlY+jmsPmO+KMjZb+Zw2qxpsm1rb6ffOqfNmhbyOHJHUtA/RdeQnX/9k9i/1vk+2ed+PI4pUoTrwjJVhEGTBUt/BHgEEkyc8F8/vCWi7i8M5gJz8fXfk/ULAAgyDVJOTs6UXv9wxz/Z84/1+Jl4haUqYgybedShWyyvOXU6zn4gU0yPFEr85y9/U0yPRHj49jWP8D+7UXDQ+tNHnteWyoomoLEcHyUOC44s48K+hsZyHP/IjJm3LAYgiFu+u6IwqvGBwEQwJbPSMWee4PZSdXoZ2tpa4lr8wtLmmAeHp+Y1L4S0P0R8rN+Xu+qwZHFVQHWZEObLXXWUQoggCIIgiCnJCZcCCfAIT6QiF4baPrX9bLtzTD3t0ai1NaB2peNhY/Tn/sJQOr6wbWU6JClM/KKGL2GLtFxr2xe+6i6eMUdTBONLnCEIMvy73TCRjFSkIhXJSOuolUnrSMuUrjBq4pF+W1vEz+NLbruEl4pcAGDf22MoqzFGROyitg14HGVYyijpel5y2yU8iWCIqYDajSPpvtHxNFkZN+IEoEdSque5kKxLQ3efcPNY+JV6wkSKEWB4VO8z3l//SsKND2f+Dz1wIx/p9fMV/+01i2X9/eCX16iufzyjnH+8nX9TPT6W538kxg8A7486cTWEGz/tbe3I0KchmUsFkodhNBXJ6qZlpYuiFzX8xR8qtyI/pRSAKy7XX4o0ZVUsUPani3B78Tp+N+d7m+KDu15E4tyP9HsYtXK1128tHn70zwGtSjBtLjrzYs2y7MJ8rxRHi+eeji1vvCBuVyxcELE10+rvZEXqxBErBxhlPyWFeWioP04fSghN6izeaQRrv+pCaiGHW5+sAAAhHdKEkIWlR8Iu//G2f9+IzwFkf+PPYryYHmkXrb2SyoomzEzMF9xYzs8BGsvFMuk+LUFKNOMDhYlcrt6wmgeA4uJSHDnUgqKcEly9YTUfCxFMr107PX1OlsFnebwzPCHS6T0B5zbZxz/W67dj84de4hepywtD6Q6zZHEVzGYriWAIgiAIgphynFApkNTQEqaw9EXscWmRei7k/KQUtLQLX+Cw+vlJKWhRtKUWr9W3dKy50ww+XWCC4erVBp6lB5D2z9xpAMHBxZ+wRU2k40u4w9qTzks595LScly9uklVBKN0evFs93k5uLD/xvJBWYxyWxkjLVfWU5ZJHWWYK4r6+ICuwdGInsfMdWXjH1tlY5CmO9Jer8hsMwcYlgKKCYFIBENMddjNb+HG8MQXOqN6ZBoSAABjww5kpOVOXBjSMOoegsuZgFxjGjo7BzA8kSZEKz4Ugo1nN0l1Ol3Y8//R+kfEMqvVjJeffzqs9fPHTXf/PxgzMzztYY9XvKXZ8+rq6JMLIA1Go1iuLAOAYxYLDEZj1OLZ/JPSAZcbOLZvf1ydf1M93h/pPDDcJVjZH+vqwpIlKyZ9/fPzszA924HNtl4saB9Chl7oo3fAhqLiIq8xCA4u3rS3CSl3fMW/YWlFJm9A2az4uH4pz3/l80f6flSNgZ4WjDm7I1au7K/92H7ZGIN9/oc7/kDrhDr+sqXCfmkaIIfDoZoWyBexjpeefw6HA/v37ZOVS7cNBkNU+5/KSF+/1bBazbDb+rHh4fuDanfNlTf6daEBgG0ffxK0o8sNd3hSEikFK1arOWTB0a8eWa9+XQ3TcSaeefG5JwMWK12/9tKouL8wmAvM9x74qWx/5YyZ+ExjrDfdem9Q47FYuzyfWxsbvMob6o+jvKJSs055RSWa2zpDijc37PWqv/2THZN6/JX9Bzv/a8tnIpLrH2z8sNWJYXMmAODOv1UCfxPELoDg4AIApdcm4NYnK/DcvY2ou1d4HT3e5sLx37/PFV99Js/ih/bfhM/3C2IXabzg+HIj6r7xZ7GMxdMnYoGEPhv+9JEZMxM9aa1EEQp7PIHUoYXtT26ux58+QlTjy+61ByxguXrDan7OvFIMjnWjrQ1gj4sQOxFMyNjtQFZW/I2JOKHYsflDLwHLl7vqAAB79rXKnh+LFpbwbe29MrEMS4k0mamHwul/x+YPgbvpPCAIgiCIk40pL4DREr6I5WMjyE9KUd1WurhoxTNGra1eQhdpG0q3GGXfamMvgX8RjFIMw8q0XGCkKNMgKddLmo5JWY+V+YvV6lfqoqO11l/vdABI99pmLiSA52aRmlClr0mou7A8CcbyQU8aHxhlcYAg5JC6ubBtpZCmPD9fdF4pqzFi39t9KKtRH6+tLzIpkJjwhTmvlOcLXwRs/GNrQOsVqW0mdmGPy2qMsjVj4yQhDDEVycpIgW5oHFlDiehOccGeNg6Wg4HdPB4BMDbUjaS0XGQNJcJlTEJ33xAS04QbyQnOMWAIqvH+UOa9DjZeeoO0yJSHdosVRSbPlxh7gpy/lEBuPPlbP39IxS/+5u/o6xNvRksfMwxGIzo6zCgoKJTFRCteOn+MAPYkF5yDTln8ZJ9/Uz3e7/uZdL3s+MXT87/f6kSG3jM+LinZ+ws7Sxf0yR6xCUt71N7WDi4pWVamFi/OI06uX8rzX01U4ouMaaViOqBolLPzJJTnfyTGH2gdX/gavz2tA0ASSkuKNeNbWttk5S2t3sL8WMdLz9/8M9OQaUhQPX/TnWNo/ApR6/9Ex27rR1Z2pvjcBQDp81fz+pKdCbutH3l+fuArfe+hfC+yxdyJo0fk6Yp2Hd6NG6I0V5tWf6YHVMd3IsBSHQGC40tOTg6+PlAnc3+ZbEoK83Dmpf+JKy77pjjGUDHleVLclFdU4osvvsAZZ5wh7pOKMpoaG0QxiPRxqPFqr38Wa5cs/tjhnqBeP4PFX//Bzj/S6+9v/sp4xp1/qxRTGw2bedScOh2HO7tw/JwlwF++BCCIVmYU6TA3fzqqTMDM2y8UBVVD+28SUxtJ4+dXDOLuV9M140kEI/DKpse5B9d+wrc8X4/RshlIbhb+SwUqpT/djpZfnItkALqbXsHgWDfSk3Ix/OHPxZhoxjMnF38w8cvDFz7LCS4wgvvLhuvf5O55+db4Fr8A2LFzL52QRGDnyuYPQ46Vil+Y64tS+CJ+rzSxf9HCEl7qBlNYmBfWGMIVoITTP7nXEARBEMTJSeKJOCkm5qiHx8GFubcAwK76IzClJoTVh2XYJWtjV/0R8eYkE3wwsQwbjz+xTqCoCWOU7i++1saXqMVXmRJpuZYYhomCkvNKYLK24urVBi8XGO+0RxPz1EhppJbCSBS+KNL4MHEMc1HZ97YgejGWDwK13v2wcbD0QE3oBGo9whBlGqJsY1rEzlul+IWJcKTpkCKZ9khtuwye+THxDVt/Y/kgymCUiWQIYiphHxiBLtUFy/g4UtI81+9+hwuZBgMGhrqRkZaL/lE9hkeH0A8gF0kwJSbCpRduJCfoXXA5E1TjA0HtS/Bg4qMx/0itX6hI49lNaOegU7zp6xx0AoCXO4tUECHdH614Nn/3cAKSUhJU4yfz/Jvq8YHCjke8PP+7bAYA3mMyW7pQaJqOPlsvBpwedxgmfAHUxS9a8ZlFwvkWL9cvX8+fePp0EcrzfyqM34ipSTDnL5AU9f5PRI4eOeLlsBIoeXmFyMsLrw0t/Dmy2G1H6I0q4fv5O+EkIhVUMJgIxGLtEkUWrL7SHSXYeOXrn1p8KO//Q40Pd/5nnXVWxNc/mPi2Nz7jmJDlw5ZF2PSfryOlQKgzN386NhW8jppHhT6+CRP+b48FcydMQoatTjF+JoBX+t1IW/CiLL72q79h2fVsjN7xxMT3hxtW86t+ehba2lqQ/OJ1GL72SaQn5cL94nUABMEKUIpjZ/x/mDNPEKKUzEoXUgvN+39o723FquujHx8IUoHLG/ds5u55+VZ+w/XPcQDA/kebnCxDSOVfHjN7paQJBF8pdUJF2ebxY2bMnFWI1PRUn21r92k+aZ5PoR7/YNePiTjCPf6+xC9S9uxr5RYtLOGl4pHCwryonH+BMtn9EwRBEAQxtThhBDBKJxOpGCM5rwSj1laZCAYQRCwAYEpNkLm3KJ1cWF0meJGWK4UwAMS+mAsKG5d0jGx8zMklkqmQpM4zzvY20QUmPy0FiTkmFMM7bZGW2EUt7ZF0DqxNAMjvtYjtiP021cvWfqRnTNaWUoyhTHsEeKc3UqZAkqYHYrB9HgcX+TZ73Neknh5JEMUYBDHK5YIQRSrOYeO9bEFBmGeuYPX+7jPvcpfcdglfBiO+bnKIIpNYil+8xDA1HrGLNB0Sub8QU5lRu+dxMpcALtmB4VHhRiifoke3xNUp15iG7r4hpGQCI33jwjWsG0hMU48PFPYldqjxkZp/pNcvWJTxNnuPTHTS0WGGxWpBzSmnAgA6OjxfAjHnBrV90Ypn808UvgMUXSTi5fyb6vH+aGhqgCnPJK59PDz/mzt70G914sJkzxycox53CZbaiKUzam9rx4CzHRn6NJkoRopWfBGENEjTsx1AZumkX7+U57/0+TPsVP81+K79LKWPBQePy8vC2e5P9D4fjhw7ij77YEjPf//jB17Z1OlzfIHUYduhjD+ZE95vcwnhfZSbrPhAzt8WjEd9/CcakRKuzJ4zJ+S2sgvzveIWzz0dW954QdyuWLggYnPW6o+IfvojhlYapEixafO/cdpppwHwiDm++OILsVzqRmKxduGLL77A3r17cdttt2nWDTR+7969wM462esfc0Fh5BgCS0saKRGMsv9Q5h/J9fc3f7V4APjk0X4AW9G2x41v5gvv785+IBNnIxPPFjRgbr7g6JLUN4Q6i3c6wWXX/x8AoM3tif/85W8CAA4XvOg3/mTnjXs2c1dvWM2vuvAs4KfbsfX9Qay6sBR1F72MjHwOxcWl2Pr+pyjKKcGRQy1YdeFZONq4F0U5JdBN6wF6ga3vf4pox4fi3hIr0QtD7WZ8IDfitW7ixzu+xh3vAoTLLjqFDyf+X5u+5sI9/pO5fv6cX9RgIhipEwxBEARBEMRU4YT41lAqKKk/Xu9dnpQCZpw5am0VRBhF6r/+UxPKiF8oDLuQLBG/tLQPI2WaINYY6RnDaKonVpr6yNneBjYqfVGxanohLViaIyaE0RLFjPSMiT+QGLW2AkUzRQEOS0WUuGQ5AI/4Rbl2bBuAalokZR32f7zXgsQcExJzTHB+uUN17X2lm2LiC2mKIl801/bJUhx50iWpw4Qc0jrSx6xvrTZYSqSFlydh39t9MsFM/vSsiJzDLLUQS+MkHYtHHBT7bamjzsLLk4BaYawkgiGm7IteagIS9C4AwmuA0W0EnyncZGMpQzo7B5CYloARAJmGBIzyLtE5ITFNOz4YOI679N/1TwQV39rSJNvW6XR+f1Htb/4Mq9Uc9vr5fT3rH/BKgySNP97RKO7Xp+vR0NQgE58UFBSi9uuvUFleKdvn6OtDQ1OD7AZ2NOLZ/HWpnvlL4yf7/Jvq8f4w5ZlgsVpkx2+yn/+nFOdicPY04EtBMMHEK/zYKHIysoEUPdKyPK+vGfo00QFmwNnuNT5/8QCQNb0Co7xr0q9fG//+kubzR+16BQCvvbN7TTSu64tPn7ZR2V+npROrz780pOf/VBm/w+HA/n37xG1DAE4+zU1NsnjpdiCEG+/r+de43/PWUkv8Esn+TzQi7driSwSjfO8RyHuRG+54QNZ2MFitZs1Ujb96ZL3qfumYgn2vNFVpNVvjqv/KGTMj0u5pp52GvXv34qLV3xD3nXHGGWhqbMCmzf+WiTpMedOxafO/RfEHq/vMM8+EHK98/fvkk09k8eevCFxwFQkRjLL/UOYfyfX3N3+1+GGrE4c7uzDSIWwf7uzCug2elEgjHcD/tQvfWc2Yp8fxNhdsHYL7i1a8/X1PSiR/8YQAE8GUzErHnHnCl4lVp5ehra1FFKccbdyLOfmlaGtrQeuxQbxxz5uicOZo415sff9TRCs+3lMXTSbkdBEahYV5KF9YLXzvuc+TopTtY/vLF1aL5Wr1p+rxD1b8wlA6wUz2+UfnP0EQBEEQgXLC/WyOiT6UJOeVoLWlKaTUR8wpBhCEHJZhl5eTifjFT0sTSkrLRdcV5djU8OUCw1AKYTS/eNLoX19UjLb2FpmoRepMo0RtX2KOSSaekbYxPuH+wtaf9a8vKkby2Ijm2n+90wHAI7ZgKYoAyEQZSscXaYojQC6CkaYrkiJN3aNWX9nX100OcRuAKEzpa5LMv8se9jl7yW2X8PI594n9fr0T4voo1ysW27JzsCkdCy8fFMf87jOgLySIuEPtJolU3KFLdSFRJ1yLRnkXkJ6AZCQAXDIs40PIRRKKMlPQ3j+CfgwhNdkJpOiRNDYMF/RI0GvHB9K/lFDiWaq7koJ8WR12cyeY+R89ciSi6+cvfmBwEAODnhR2SdO841975WlZ7OF9n3qNUW1fMHXDidelupAwMX/lWCvnzZ/U82+qx/s7fz7a8k/ZMbn06uvj4vl/7GgPciGkNjICaKjrQGVVkfdrqK1Xlv5I6f4SSHxmnl4Uv0z29cvXc/V4RyN+8tDvYnrtV6YBTXEPe40x0Of/VBj/t0/7D8y6aEJQyCWjv28Ig/uBsnJPO2riEGm5kuampqjH+3r+AUkx61/rfA/k3I/1e5hAxhSNlEWAbxFMkUn9V8BbzJ1e7y92Hd6NG6K0Zjat/kwPnLDvdXt7ez2f/SdEJyVx8KtstTH09vZ6CWP0hpyg2t27dy/MDXvx/B/2orDyNFFQYW7YCwD46f234pv/8V1xX2HlaXjmmWdE15Fw4lkdKcxhRSxbEVvHIWX/wc4/2BRI/tbP3/y1+t+9ux/ZBXrMKNKhvt0NAGj5iwvHz1mCmlP7UQPg//ZYUN/uRsfX3uIuZfw0AHe/morT1wwiKWu633hCgIlMrt6wmgeA4mIhXVFRTokoYqnb3Yz23laxLhPOAP8/e28eGEWV74t/OvueEEJnT5okLLIFUTDiCKiDIgrIqIz6FPU63kFH33V+4lOv3Hm++3zj+AZnfHcY8V6H0VHHuRdccUPHfcEIggQBE0hCp9PpdJokdDr7Wr8/qk/1qeqq6uru6i05n3+6qs75nu/3nDq1dNWnPl+gdFYaZs9cgo8+4O9P9LS//qk1XCyQYBpPyV2b9buHCCbdiz9qI97t2SR909Kn6E57RBNdCMmF3kbXUdoe2v1v07w//d3/QwNDQY+fzebwmRJL6/wLt389+s/AwMDAwMAQe5gUBJiE3HygzaJapyAxGSgzofG7U4JqCw2i/NIxNA64SSRyoMkwNJKnJ8LSNoSqc2eJ1F+0xqyFBAMoE2GSpyei8btTPv1rUZ1RAiG/kJRH0jRKwkMtCQmm0lQpjDEAXL8mi9uzz2UAeJIHUVihCS+kjKQ7otcJpMQVpXUlZRe5+oSIQvs2FfAvmo+iFXTMdbUuWLsHdZnDUtUXonJD+6+rdYV9XTpGRC2HgSFa4TzbC+fZBtkymrwA8CkYAGB0iPwxTkd8/yjG0xORMCb++nxoRPzyWN5e3b8UwdoH23/9xy+4/j/47ANwnrRjIjUBzj7+upKUMAguKRWjA97+Ew285PrYcD9/jRlLRW58fEjszx240MteqgbxyLz5eyM7/2LdXn3+SMf75Sg5/gEIxBaevOKdGnHQOYD+kXFBu67N2iYQYPpHxlGUP0OTPa1cEenzl5oaytLzp+/V0kYwX8HTWLY0z2tbY/tpHPy2KyDFlliI/7anfrpXuv9jCXLzN5ruF6LxHkYJoSK/EASTDolGsCos0bavGPQFTeqR4uWXX/acC2vr8fLL3ncAn9ZuBV3HbefdWLD2ALZu3So6N2/+B+xViz/Y/vvy72////rXv+o6/r76L7X/61//itWXLMLfPzkKFKajqW0CZ9v78eD1fF7AyuJmwA6BFNNe58DqSxaJ2pSzx/xd/PVzKM6nPYMY1z+1hpszrwwDo52wWgGyXIxSRSUWsu2ZE49xH33wJUJlH+0kmMPfW4NSB1yysGRvNM+NYPsX7ZBTfpms4xOo+gsBUYGpmlUU0T4E6t/a1g0GBgYGBgaGqYdJowBDp+4hSC8uQZO5SZYQYmnzsH8tGEVZcYpi2/kp8QLxZbhrVESgGe4ahQXibbT6SmVVpSgtk5yyCk1qoUkwAFSJMEpqMMR/f5sVlVWVmkgvaimPpJCqwKjFQOIAeBUetJ0S98OcBjPsACCbAokmokgJMlrhD2Hj6BujWHRNohf5hU6BtMjEx1hdk4Xv9w0EPXff2fmO4aq7ruLk0h+R8TEVFKC6Jgt1tQjrunQcSRoklgKJIVqh9oKGvPwWXlwbkpAMoHeEf/GWnAlgEOjsGRTWRydSgAn+xXOCD3sAyJmWqVlBIWh7GajZe/U/WHud+5+cCcyZV4KOsTE4f2hDYhowNpEkjD/xT4grMCQiCcDAGE8kSEwDMAyBvBJy+yibf7Fur8f8j8T4589Mw55vWnERUjA93/s+qs3aBkNiEtKT4tFztltIc5RkSEFqTpqg+pIyLUHV/qgxHuWzcqJ6/AkOftu1/tVdT+6VbqPX9SKPAMCBg52Gm9Yv5dT8Tbr4Zfa/3B2pIT64v3p626vN34Fw+leY78HO/WDhb0yhJr/Q51atvqYVFXjVW3rO+fhwz5+F9ZmLFuoWm5I/hthCbm7ulI4/0v2PRPwCiQVAxfwy2Nq7MOToR3udp06KMV2RvBKsPQMPQn557PL/cKuy8OorT21+zXDfC3f6JJ8Q8kqk7CMNcj9oMBjWsdkU/ZCmNaK3kWW59EfSemz/MzAwMDAwMDDEBiYFAYYmZBSkJsNOpUGiyS8FiclodRNVkqcngqiQXL8mi7O0DQnkjOTpiYJaiaAKAwhpjwgJhrYndiJ/FKEkvbhEtK5EIqFJMABUiTCEOEMg9S8aEzcJRonkIt3uq74WO/vgsBcBKXl6olf6KEI24QkmoyISDCG9qCm/AB4SiVqsWurQKY5o8gnAk2Ok288MjAQ9f+kUSDRImiZpHOFcp1NFESy6JpGlQGKISSQa4jDQz38NSFJ+9A12IjM7D709g0gyxMOZOoZkAGMT4xhzVx3vj0dyJv/irNc1jqQseXsAsi+u1F5m+WvfajELy3FxcZp8kW3S/u9vfy0oe3/jb5kQpx6ZhyrF8Z91vifFk3T8M7M8KVtGBztRnlqK3p5BZGbFY4QbR757/4XaXvoCfNtDt0V0/sW6fSDHTzQc/1mpecg0DuArRz+un1Yqvr852y1KddTXP4jiEu/0RinTEpCeFC9KkUTbfzDSj0ykY7gXUTP+vgggBoNhfSB2geLlvQcNcg+fA/UX7fF/cPrfYPlyDAB//6hEx6bTALlcLtm0QGoI1v77o0dF6/nIEOZfOOJX8+/r3KLXuccfaI3J4bDBebY3LOQXAkKCyZmWCcB/RZdb73lI1BYNX6mf1LD98YdltwerOBPNkKYUkq4DwCP334FPvv4hbP/VHnvmL4ZtW27l1m7+uc+YS01VQfkK1Xk4UDz37O/D6i/S/Zf6D6T/z92903D703dxhJzS5HCiaMZ0YMZ0Ub1KYw4mwCEOBjx3906DXvYMHtAEkz337TPc98Kd3FObnzUAAPmNZvtoQTBECLk0MXR6Fy2pXpQQjO1khM19LbLZPlap87Hscqj2fyj3p7i+LewxhGL+Be7fxg4ABgYGBgaGKYiYJ8AoETCIAolUBYaouRDyCgDRMgDcc00KB/Dpjoa/8yiWlBWnYMcbZ911Palv9uxzGa5fk8Xlp8SL1FdQVSmKRaqyUpCaLKvkQkgwADQRYQik/ivd/gNJe6RVDUYJtE/76LAoRgtGveoTgkv5YvAqK24VFsCjAqOk5ELUSGhVEp6g4SG8KNWRtiUlfBAyiJwyS53ZhbM9g7rNZb6/PbL9JP4isU7HQ6ekYmCINQz0TyAnIxnJhiT0DXZiaCQdQDoSU0Z49QR4vg43jPZjNDEFiaNDGEe68PI4L5t/ma1k7w/4l87a7enUfKWFBWjrcKA43yhsO+Rn/0vL+RfxhPjR+bUr6PFTw+gAkJPBX1sGhpyy/Q92/MNpH43zL9btY/X4B4DLk8QpXHrOesss52ZM876+n+1GelK87HaCy5PS8TUAu92JvOzCmBj/SLyg09NntMfPnz8TMbPcc1043WL2qldWWqLYhqXVGnL7gotSkZmlNP8SI+Y/1vHCrj9g8x33ht1vzrRMPHr/Fty37bfCNum9yIc2O042iNMVHfzhW9waopjOKvnLf0g2vsmC0iLlPskRYsIZV6vNoRofAwMAgZBy+9N3cZXGHMV6f7n7GUMo7BnkESzpJNL2kQZTBImue2spikJ8bQrl/uc47q277ljNJhIDAwMDAwMDgx+YFAowCbn5wnKBW1mFkE3sg8MoSEyGfXRYIMFIFUik8JBcpPBNduhvswq+aMIL+aVjHevuwLKL/1GXP3jDXaNIOtckxEDGgF6n0xLJkWKkaaRoEowvEg1dl/ZXaapEk7kJI45WJBlLvdIgkTRDZrtdpPLCK8EMiOotMiV6EWGUUvHIEV7k6tAkmPLF2W5yh5jgQZNf6LRIdbUufFB7Kuj9R+IoX8yrq9Bpl46+4emrVImFHhsAXoQhpXK5OgRS8o1UmabHzI8HS4HEEMvwvHwDMt0vxJIMvBoIl5yOsYlxJCSnIwFAYkoWElOAtAEDen3YB4Jg7fXsf7jsB4acGHGnHdJz/MNt/+qRJzhiDwAXbi7Dl50v8PaSdDN3//oGdIyNIS87NWrijzZ7X+N37b9et1cyfoZoOP4dA2fQ6+gHktIF0kqSIQXZ03K9SDCpOeqpHH3ZR9P56/W3dnNqL5V9vXRm5cGVIyk2rreZWfGK828q+A8VHvvN85qO2pf3HsTLMtsPHPiUk8619T+5zYtIIjcXafKLP/ClyOI82xC28ZPrP8FfdvxGpFYDAPf84jo8/KunhXU9CTVK/nb88RWVc0ESGBgInnv299ymn8pTzLb+7BY8s+fdkKXw0yX+IJVZmLILQzRC63F23qLSSdkvtv/ZODHoj7devIOLpP91t+yaktfba1dX6jrur/69id23MDAwMIQRMU+AkRJKAJ6s0d9mhZ0ifBASTKgw3DUKFMcL5Bda9YXEUpCajLHuDiFmOvZgsH5pKkfSHxHyCUARWtyxSNVnSHwE9HJ/mxVNlA+aPENDqhRDUlCpIXl6ItYvBbf34KCBTrdDlFYAOeJFWkjnkYf8woMmofCpmXhiSDmyhXira/STcxRIMMgWlFeyTcD6Lfwf4r3PtAp1aZWaliM9KEe2uAzZQh3xunwduk1iI5eGitRj5BeGWAVRHxkaScfY4DgSUuMBzpPGjEtOh2G4H4kAsieyMZAm/p9Dvh5Xsg/s6chI1PQ/XPYjY6kYc6cWJPaf/8cxTW2s/vmSkOy/SPufjPb7Xvo+6Dm74h8XKPqPluM/JSEJlyele6UvAiAisfT1DyI+oVcxPl/2C9sGsT9xAmakIy87Ss5fOqCl5aRKmdP7fq18dlRdV6I9fkN8QkTtVedfBP0zhA7Tigq8UhwtPed8fLjnz8L6zEULQ+5vqsbPwMDAMJXxpy2/5n72zD/H1POqQNLEyKVN8qe9YO1jHbHe/0jHP9X9Rwo97S52ko8QNq5eoks7r//9MBtMBgYGhjAj5gkwUtKLLyQZS5E8ZIYWNRd/kWTkyQpyZBGaUJJePBx0iiEp6NQYtNoNAEEJRyh3jxUdp1TthaRPoiGnAkO3JSXYkLKCxGRYALRazCgtM6G0zITGLo8KDJ1mSEq8oEkpUnUSPYgYhHhCSCFEGYWQXEgMJK6jb/SISDB6gSjREP+00oy0/zQhhywLZBeKwCK3Xc5G2qYUdEw44kkvxU6fDNEIh8MGo7HIaxvBwJAThZl5AOKRnAmMcPyLsOFeICWpHwD/IplcInpd48hPSMB4On8O6BvsRHJmuqy9Fv80/LVvtZiFbXFxcQC8v6gOpv/hsk9MS/WyB4DNd9zrZUu38ej9W9A3WKY4/sHsv0j7n6z2SmPqcNjgPNuLnGmZiuWP3r8F57rOUfQfDce/a3QQjd+cwbn5yl9v9o+MgxsdQUZ6KkaHve+jEpOTkZGZqcn+cgAfOPqxdP5MOEbORvT8JXf+0Vo+NuTk72tanKhefJ7icSe3f/e9+Rq1pTog/5Mh/uR5Ur1C972i2XOdcLlconUt0NseX5GH0GMAgGnLIcy/gQj6n+qQzq1QHSs0aJUTKeEjkHs7gu2PP+wzpskWf/70koimOVIDiUstvlJTFfvDwqAJSx/byB3c9rohUuV6xxvrCJZcEmpyyp+2/Jr7h7t/FFI/G66sDkoJ4M336mJ6foSr/+vXLNor8Tspx2OyzpPJhmhSAIkUgSIYAoiv8Utzf6j04usnDFrsw6mgsuaiEi49Tf793ZEGM1auWoTPPj2KxXNMiuUn6uwoNno+LD7vnOncoR+62DHOwMDAECYkTKbOpBeXyJJglLaHAjTxBICX33Qf6ih6+ZX6aTI3AaZKUUwkXVOlqVKUrkkOUvJLf5sVlrZGlBVXedpy+6R9ESQZSwGLWUiFJAWvMiImYMil6aFJG3qCKKEQfz3mNNSZXW6VlywqRVOPqJx+d9Hw/m2abornXCGWLb/qrqs4QrAh/klaKLJNqohDrxPyCr+NTxVFbydjSbbz7Q2gx+zdDr0/aPIRbUdifmcn2A0bQ9TBebZXUUbf2TeMtPR04WXv2AT/8jdxdAhAOv/iGHzalYE0Dr0uDzliGEBvzyAys7KE7VJ7X/6lCMSekB2lcvjk5Ugw/Q+X/UD/hIw9VF8ik7LEFOXxD27/Rdr/5LNXG1OjsQjOsw2q5TTk/EfD8Z8QF49Mo3I6lZ6z3ZiWnA4kp+PscD9m5PIqL44O/vpuzFcn0krt05N4f61dZxGfHtnzF30O8pmux12HEEf8IY1I58WaDT8R1gmZpHROtSb/SnViMX7bRCOARK96M8tNim2cbjGj3OQplyOXhNpefPwlRsw/A0KWoutDm90rldLBH77FrSHqx1klf/kPTdr4C42e2FttDpQWGaNmXsnFoiXG7u7umD6ego1/qtvLYeljG7mrz8tXJJWEulzveGMdwZJLwkFOIbh58Wb8YdMW7t7dz+juZ/maS6f0vUM4+h9rY7y8ZgmQk6PTwywn9tcyhYhoRDQpgBTk8c8UyoqNsLQpE471Krd3dod8/F7/+2HcsnEep0SCIfaRVFDJLhSrC60sXMT/rlokW5+Uz6vmn/kwBR8GBgaGyCBhKnY6PyUe16/J4vbsc+nyh+j6NVlcWXHkviZMnp4oqL5Y2hoFggkhtTQ18tozTeYmWXui4GIfHEaTuYlPF0URaJTsAIjTSlH15AhH+Snx6BgaR6k7ZvKJcnVNFvY+0+pF8iAghBdCUiEkGD2VSEQpgxZ7UgqZ7R6ll2zTgJA6iMTa8Nl9HNwvRAAgp8AEp90s/MptE4gyKTmYs/IpAwAcfWNU5Leu1gXAQ/4hxBialEJvUxo7OVILaUOk7CJpU7pMbwsFAYmBQS/IKUoQBYOkhEGMuU9Z8enjyBtOhjN1DEMj6UhJ6keigf9DM8KNIzMuFb0YRHIm0NE7huSJMaQk9YPnSqTL2vvyL0Ww9nr3P3z2qYhLEdtrxeiQS3H8lfZfm2MY7U0tmLeoCieONqJqQTEaj7Xh/MrysPjXOn8mm70u9zcq/qPh+K+zduJCJ4Bpkmvl2W5BuaW4hH9AlYo0jI7ycWshvsjZDzoHAAxFxfnLX4wNObH68nWibScbGtDazpOBiEqgHOiyhfNmCdtrVqxGzrRM7HvzNRTnrw7ptSXa4s8bTkascjnI/OuNoH8yt9WITHrNfX8QjTHpBS0qK2rQSs5j8ccmcnNzp3T8U92ehhph5eC21w2hLmdHozqCJZeEkpwy2G0BAExc+RjuxLaQ+YmKc06QaV6mQpqjsPVfL/KLH21Fev8F6t9gMKzjOO6tqNp/PkArgEgJEP6CECCCVQCpPdKMmsUVYel/k6UdSgooeo7fbZtX4fkXPvXafsvGeVxBXi6yC7N0Gz9/Yq8sKxQIQD3tLp+qL22OAcyrLvBSfaFhKslhKjAMDAwMYcSkIcAQ9RKauEGIHVIyRpKxFMPfndLN93DXKJLONQkqLFK/SqmGfOGea6aJFEV2vHFW8eLY+N0p4Fz+oXpBYrKI1GJpa+SJJwoP5knMcusigguFEUerYlutFjNGUuIFdRhpG43fnXITYOBWWCFqJTwJhBAyCDmjHDwxRJrKRw+Q1EOkfdoPAa3EQpNfesxp+H9w4H/WzBb/ZykwiX6Vtv2v2pN4eqUnDVO2acBrDOh1JXKKlByjpN6iVkZvI76kfRXWj+iTfoqBIRSQe3FkNBahYt58nDk0CgA4c+iHsPtXfAgw3A8gHYkpWQHZ++t/ZCw1IP9ax88f//te+t7v8X33NweE5ZmLFkpK5VMbJszir0G9PXx547E2jJ1KRu0pu1++K+bNx9cvWBTLV/zjAv4eIy4VnT08+YBXOYjHcC/w3X9aVNsPtX1KErzIPtL9H4z/UKD2WeW5ds1vouP45zU82pUrnHIKizf/aK5slec+Oa7JnqD90/aoOH9pRUvLSYE8QpNGAsH3Jzz376WFPJGoZsVq1H7+d9SsCA0JJprjnzCor0erPTn/Nxw/KtouXZfCV31f9qAONS2KRxXz5uORefP3AsC2h24L+TnPHxWmaMW0ogKvFEFLzzkfH+75s8r1W39/UzV+BobJgP/13hbhGQ1RVSG/oS4PhARzw3PXerU32cg0wZJLQklO+dOWX3MAcG3ZSs//meXNwMexM77dTmVlgNycLJ/loWp7skGur8GM31SMX9qev/4NBsM6AAiUCBOs/2DQ0+7ySXDQQoCYqvA1fhtXL8EtG+dxgCcd0kDfMK64cH7E1FPKio0iBRxCepEjvwAQ+qS27wvycmG2OtmEYGBgYAgTJpUCjDRNDwBB0YRAKQVPSOJxq7JIY/RFgiHEl0tWXiHZ/j6nRoKR9o2kOOoYGkd+SryonF6mUxl5XZjdqjIAhPoFicmwKPgdcbQKSi9JFPGFEGbyU+JhwajIB0kvVL7YTT5xE16kSiUAwqI+QpNfaHKIlBACAH+rPYHfX7MeTns9cgrmev0CUCz7W+0bePrn4hRIdL+PvjEqWqfHRgq5dFF0nHS5Wr2WIz1YZErkfR7hY1h0jWcd4MlKLAUSQ6xh68OP42RDg6LCgfNsr2yZljqkTPoCQwuGRtKRmaVNQSyNA4bOnAEAnHL/+gNCPuGJDf751zJ+vvpP/CemAeMTfJu0vRbceo8nJYDUn68v55//lPd326qHgVXisu2PP+zT9/qf3KbY/0fv34ILh8qQkZrnPimnYmRiEOP98cjLToXd3gcA2HzHvRGzH3KnuVHa/6NDroD9yx0b2x9/WHGfEBUDX+XSOaJ2jEb6+Pdl/+j9WwAFAozS2OrpX+/zl1QNQUkdgVZOef6FvyiSsUvLTLIqKqrKKu127P+mFssvqBFIJKVzqjXHHMvxz5jJ/9JpgFwul2xaIDWE256cf/w5tkMx/7c//rCm88nmO+5Vbd+X/2DLlc6NesCXoola+UBHB051dIi2ZWVnh+z6rQal6/epo9/Lxubq6UFafr7fii7hjl8tvpMNYkJqc1MjTDM9XwKbTzdH7H67xWr38m+aWYEWq12I7WZTleb2lq3+MZat/vFeettzz/4+qBhvv/OXBkl7HGII/sQb7PiFYvwnI84pmIGmto5J2bdgySWhJqf8YdMW7hfbbvI8b32hDQWb+fXU3DI2OWMBTqe+KiqkTYaoBiHC+IMlC0vCGqNUAQTwTXDQQoAIVgHEVJKD2iPNKCsObQrMT76ug7T//o7fDGMWBvqGNY/PFRfOx+t/P4xrV1dyG1cvkU2dFA4FlTUXlcjea7U5BpBdmIUjDWZFBZjswiy0OQZU58CM3FSmAsPAwMAQJsQ8AUaO9EKQXlwipOWxy5Ax9ISU6CKXAkhLzPdcM42TEl8ACGmM1i9N5fYeHBRdIIe7RgVFFWkcrRazaJ3uu5ZxkI6blChD2pBrS/rQP8lYihFHK5KnJ2K4iyd30Kl+CLlFqlBCtpH0QwR6qZAQBRZATH4h6jRmOx9P+eJsHH1DrA4DKBNcnPZ6AFAto8GTUHoE4gsBIaGQMZL6p0krxJYmyigReKRt0WNLx0AvyynIMDDEEpQUDpxnG1RfXqjVIWV+P5dJHQPJAcGn1lFHeppHvSMrOxvt7TYUFmp/4ZKTkYy4wTHkDCagM3ncb/++xk+rfwwDzsTxoMfPX9y26uGQzR8AyEjNwzCA0cFOJKbmIWcwAePZiejsGURCanzE7fOyUxHfPwoMQnb/B+Nf7tg4a7OrqhmQl3tK5Y3tp/06RiN9/PuyB4DTJ+sxc/ZcYRmAsB5q/3qfvwCgOF/5oVtbhwNjQ05ULz4PAPDRp58pkkQCBWmrtd2O0sICkZJKW4fDZ3yxHL8j9TSARJSVKj8ItrRaReWWVu//JuG2J9efcB9/cnW0nE98tR/qcqVzSbAS8vTcCuRYOXK6WXT/4erpEZ37TzaIzykHf/gWt4bo2q7kb826m+Dq6fEi5mRlZyNfpf8fRkn8t+Y/pDj+X5w8hAsuuEBYpwkn5tPNAhlGr1QD/oD2Ty8TSNd9YdNPb0V3d7diih21Mn/qbPrprQHZa2lbb9Cx+vIf7PjpMf7+oq+DT8tYWRwXkXJ/QdRj6PYqi+NiUgXmT1t+zf3smX8WYvaXXKK3vS/Q7Q9lv4yUnpuQW3Ux7C98gdyqi3Hz4gr8YdMWLjW3DP60q4b9+7yZO8vXXOqzjoB/iu1nKWp90zQOMv3fX3t4Uj1vUt3/GsaNIbogVQDxRXDQQoAIVgGEtvdFggmmvMnS7tV/f7GgciYO1NX7NX63bV6FE3V2Tf0PJSrLCkXr2YVZQhqnlasWydqQ8nnV3imvaRWb9LRknOkeZAcYAwMDQxiQMBk7JaRDGuQVWGgSByFh6AlCPqEVX+hlOh413HPNNK6suApNjU2orKoUlREVlrLiFKxfCi8STH6K9xf8xAaAoAKjF9Ta6xjyPNiWG2upCkx1TRafZugIQCuhCDcJQvodbxJMsKBJNHSqIQ/5xXPTRVRQsk0DMBUUwGy340bMww3PvIF9T9UiB28AgKD8Qn69tuVcgxsercGNNfNAZFV4kok8IUVKvKFTQZFtAvFFps4ikye91NE3ekSKLvJtiVNNecV0hJ04GRj0RK9rHJlZ2vMJ9w/0u/80pfvlx9k3jLiUcXSMjSE5NT5g/4GC+J8YikdicmDXI19fbEcydcR3Rxtx7qIq9I6kY2hkEL0A8pCI/IQEjKcn+rTvG+xERmpewPa+/Hf2DCI+fRzj/fGy+z9Y/wzaQIgvrRYLSsvKhPXJCqOxCB99+pmwLiWRPPHYPX619+C2He7xExNRCImExR/dkF5/GAJHKMgNbR0OdHe1AQBypxcrEmPk7j9oEky0XL/J/ZJUASY/xu8/8o0zvLYREkyH44yIZBJuEgztv8PBqxVK1Wl+9KMfsQOYQRYkldDbhzpQWRyHtw91gCaXVBbHoa4jdOUkhv+8/dWAyBKkPSD2UiH9acuvuX+4+0cCCcVfcone9lrjHtlfgaTlzUjpuQkj+z3nmu7GL1CwuRi/WH4ThrJf9rtdJRQV8ddFklZlaGBItl5KWoqw7CtFi5Y6WtrQv22bz/4TBDoO1rZuLFs6V5c5LI2p8ZRNl3EMxEap31rHTc9YPDb6qAj6G0Mwc1df//71n6i/0KAJEHIEB1JHqZwmQOihArP7nVrULPac98qKjbC0Kd+v+lPeZGn3IoD4O34zjFlRO36+YpfbLk3DdKTBjJWrFgWcDoupwDAwMDCEBzFPgKHTCdHpheyDw+hvswoqMKFOfUQTXixtjUgyliK9uIRPQ+SOqyA1WTEF0vqlqVxZsWedKL5UVlWiqbFJSIf0yWfve9kSAo60fzQRpbTMJJBRaPIKWaZJQvQy3Rax8VVOXg5It5MYiQoMMCgQTQCICBqAJC2PDDGGT8MTnAoMUX4R3XCZBlBXS9bSRCmJFl2TKJBfSHw115hQsKWGH5tnatXn65YaAL/BlhtM6OGHSCDh0LHIkU/ocaIJK0p16DGVrtN15FRlaD/Scr2UdxgYpjqSDPEwJLkwNKKNyNJsbka+kX+oSl7mtLf790d+xBm4fz0w4gQSUuTL1FIIkLQPH+75s7Bt5qKFusamxb8aOr924Ts0orScv5jnZaeis2cQyZlA7b9/79P+6xcsACwBx6/mf7hnDAAw3AkkpMrvfy45Hd8dVbdn0AetFsuk7yNJHUSTR+h7UkIcOfht13p/2n1115N7AeDaO+73Htd2u6ZUQnrG/+C2HZpUYUidV3c9CT3iTzLw99aG+OD+ykXaniE46Elu+P7Ed1g471xcsuJiAMDJhgZ8f+I75E4v9qpLVOgIaDWYaUUFXimClp5zfsiu30r+jtR9h8XV53rdK/lSzouW+NVgmlmBb775Rlin1WA6HGdEZXrPEy345ptvcPjwYdx1113CulysDAx3bfI8//h2URKuPi8fdZBPi0rIJaEqFx2Dj23kzj86Iqzv3D11nn/cvHgz/rBpC3dt2Uq/yCU3L94MoFk3+3t3P+NzzM/2NqO78Qvk4mJR201tH2HpykcBNAvkm8Hul6N2zKWkCEDbS345Oy32gdpNNsT6OEQ6/qngX0oYkRIgfBEclMrtnd1BqZgEax9o//3FgsqZONZ0OurGTwu0kH9ICqRA02ExFRgGBgaG8GDSPLUk6iqEOEKjIDEZFkAgwSQZS5E8ZAag/4WGkEPoVET9bVaQqNKLS7xIMDz5hX8jaGlrFKUZ+uSz90GnRLpk5RX4y8tvqvovSEzGwaYGITUSeSifZCxVJKYQqBGFOobGkUSRXyxtQygrThGINh1D44IvQoIZ7hpFx3SovhigySReKiUg6XwGBCUYAj2IGFLyCZ3ix0POycLeZ1rdJJABUbykLk9oScOjn96AZ/7TLOvrxpp52HKDSTUeNXUbWq1Fui5HYCGQq0OTX+Ta9icuBoZoghKJgRAY5MrVyvSwVyNPZE9kg8vURi7IN+ajw9GBCpPnAWJhYRFcPT1oNjdru+inxCM+fRxAvKz/UIwf3f+ElHjEpXj8k3Jf6XAAPiXOjm2/FdalL4wCnRsA8Mi9t6um6wH4r79zpmUq9n/l6utwvO8DjA2Oo91hR+aiKrS2tKFqQTHyLsxC59cu1fFbufo6ZGdmyPbN4bDhhV1/8Gmv5J8ovySkxqO1pQ2l5cVIyhLv/8Zj/Ff/cvatLW0B7X9fX8z7KvfnGI3W4196DNDkF6ICEy7/ep+/fO0/aVoPgiceu8dv4gvB39761m335F45Eome808t/ps2b3XvQ7PoVw2tFjOWrb4WAPDqricRTPzpeYDL5cL3R48q1smSUfZqMXvidLlconWyLZT29PUn3Mefr/NHrCIQcoN0bn1/4jtcu/EG0bbZc+YgZ1omvvjqc9kHCPT9h5Z0jE+/+L5wzHPcPt3IGNseuk32K01CfiH3SkfqvhPun6T913ItuvWeh0Jy/7H98Yd97iNpfDOmFeGCCy6A+XQz3tv3vohUkm+cgff2va/LPAkExD8hvwA86WXnzp24cs0V7I8Kg4C7Nl3F/fSiPJSU8cfGjcd5RbzqJZmoO9wLFGfK2oWq/O1DHaL1+2/k0xtYLTbctekqTokEQ1IqxToGu/n704krH8Od2Ibuxi80k0vWZrTxpJblxbrZayHB/Oq9Dwx/2LSFu5ba1tT2ESqLL+Ofbe6vQMrym0IyXuQFu81PBY/JAinBYKqOAxu3yQk59Rc5+CI4+CrXQwWm9kizSAVGD4RC/SUaxy+YfQ/okw4rlEo2DAwMDAw8Jt1ne0R1hSyT36TRYf7rS0D3FEiAh/BCvvAkvqWx+QJPKvEQYWjyC+BRgFm/NFVIg7Rnn8tw/ZosrlRooxHDXaNebQfab2lKo46hcdn2SbmUQDPcNYqRFM/2jqFx7NnnMgBAXa0LQJrPGAjhJJQgJBDiy2y3C2ovSnHIrfOpjfzvxzs73zFIFWmkxBOldZrgoqQeQ9vKkWak5UoxstMmQ7TirM2uSmJQI1loIWAEY9/Yftr7fMmNA2nxSEI8YEgCoP6C79MPXwUA/HD0S1kfFfPmq9oDQFzKOBLi4mX9h3L8GttP41xciLiUccS7/Su9XI5mKI1PY/tpZGdmYHnmT7C//TUAQG8PT7JtPNaG21Y9jEdevd2nvRKMxiLV/ePLP1F1IUQWgE99dMJNhhkGf52/bdXDeP7Tx/2OX27/0y8LSR2ldBpyZTv++Ipojkh9LFtWGDPHP9lHrRbvlzGtFgvOdidpImBF0/mL3l/S/dfSclJQTyHEEDplUKDkFxo8EcZDgqEJKERFpWbF6oDmn6/4SRojNfhShSm9434RCcbf+B3cacy60n3OMCSht2cQedmpiO8fRVvvMBJS4zEgIzxVblKOqcVsRvXKzJDaJ8ic/8Nx/GmpM9VA5hNNfnE4bHCe5dURcqbx56uLL1qBL776HAvneQglTz32gKgt+r5kWs50r+v7wR++Dem9n5y/s84ur7okzuvvfEDxfPChQnu3hjn+W/MfUrT54gteYcXWfBgA8C8P3Imrr/uZsK2oYknE5tWupx9HUcUS7Ny5E0uW8HGQuHY9zccmTYHUdOgIulevUz6f2hwBlSnVSc/KDZv/+lbfBHU1/3L23d3dIv+tNgeqF8inENn9X39BYsp0rLx4uW7jJy1T8+8LJWVFsFpsAgnmB/sZnFMwQ1GlJdTldCokAJ7YvupU7ccP9jMxey3405ZfcwBwbdlKYVvS8mbAnU29u/ELz1yVIZeM7K9AblWFqJ4u9h9rPIf2NgNYSe3DywS/uVUXY2S/uO1gQatOaFGZGBoYQrePOnKpeoJPV2MLiV0g/RdsdRhzGlL/3vF49+XAwfoQj5/vfgejThKu+IOPIfb9lxUbfdYJlgARrIpJKFVQtPRfDQsqZwIAslLSMdA3HJXjp9Z3OeUbkp5Juq41nZNUASfU+5CBgYGBgUfME2ASct1ZvNt8y8nnp8Sj8btTSJ6eKBAw9ABPQGnghrtGUXXuLJH6i8+4ZfDlgWPuiy6vaFNZVQmAJ79Y2nwzxAlhJXl6oqDyQogrAE9IIYozBIS40jE0Dqg8tKfJMPS4WtqGkDw9kVeWcbeVnxKPjum8v46hcVnyUbZpAKYC/magrtblle6IVmQ5+oaYdKNHCiTSjjQm4tsMnvyy6JpEQZmGjlcav7/rSnHIkWF8QYkco6QOo1XVhY5FrzFnYGDwpLAYHfKcC9RegnuUD+TxyLz5e9XsafKJkv9QQuo/EGhVDFFCOF5+Li/kSSiEbHLbqofDOq/k/BNSC4mFXpeWkW2Rin8yYO9rzwvL639ym+eepnMQ2Xmpk77/rv5+4YUuuZ9stZjx8gvbdSG/iM+JT+5dtvpanymI9IpfC/lFK651k2ACid/7/J2O+P5RjKcnImEs8JRlkbZnCD9O19cBuMGLhEETYfo7OzXfj9x9yxV7o6FfajFefyf8jjGa7j+2bt3q1bdPa7d6VmrlXw6FWgXmsWf+YjAYDOuI/5dflkk5UluPv/71r+zA0xENx79BaZExZv0TEszf5s/FjcfrcU4B0GvvB8CT8Ai5pK+jH01ID2k5ijPx5bt2fHrTChExRw0//OEDQ8n1F3E/Wlsgai8W8IdNW7hfbPMopNhfaEPBZn49t+piHPzsUYFQAniTS/j6fFnB8mJd7VNzyzT14VfvfWD41ysv5y7JKUNl8WXIrbpY8EGIL386/hx+9d4HUfkM6/D31vXsLMbGO1bi19u/v/ckBoMh5P0nCiCWNocXCURvAoS9szsoBRBiX3ukGZuuqgHgm7jiq5yov8j1f7KNn1zs6WnK7/N62l0Bp21Sw4zcVKYCw8DAwBBCTBoFGJJSiKRCokEUYZKMpUDbKV3JLwR79rkM65emcoBH6aW/zYrKqkpRWiY69ZEUNLmlrDhFUIFpamyCpa1RlfzCk3DMHK3MQpNfCEg53ZYF3oQYGvkp8SLyTPL0RNmY6TLiMz8lHhaMYrhrFI1d3uQjQjIxFRQIKYeOvsETMwgRxqOaEvo0PC1HetwplzwgxJtF1yR6xVtXi6DWaYSKWKJH+iJGemFgCAEMSUgG0DuSLmxSS7GjBWr2hHxCXpzK+Q8liP9EQ1zAbXy458/C8sxFC6N210aaNCL1f9uqh0UvN+lyaVk0xB+raOtwoPG/fo+LlvDpMVotFrzxq/uw9Bf/zD/EyUsVUh7R6Y/quu2iNg599a6oXZpEE6vQk6ASzrajNn7J+Ts5E8Ag0OlWbkrOBAYAGOL9+6sXanvh+sMQVfDnPsMXLH3hJUDp7U+pvVDdf4R7vMKVCokhvMjNzZXdfuDvH+KidT+NmH+tKCkrQu2BOiA9WSCQNLVNoLI4TvglCHU5ANQeqEPNsmq/+iBt7+1DHTi47XW/nqHc8Ny1HAD85+2vhvzZC01+IamIeFLKFwKJhBBKCJFFSi4p2FwcMvubF1fgD5u2cKm5ZfjZM/9sUOvHz+bfzs/Dqot59RhASL30f9/8h6glvwAeAoDBYFjHzmQM9LWanh9svobXv5ICSCgIEHqpwMjFq9QPX+W+7CbT+PmLYNM2MTAwMDCEH5OCADPW7cnXW5CaDDuVBqnJ3CRSZOEJGoMhiSN5eqKi+kt6cYmI/DLW3SGowOw9OGhYvxQitQ8+FRJPgiHrNEj6Ixo0sWT90lSOqLJI0xVJSSjXr8niLG1DQNspoZwQWARVGHjIM4ToIm1juIsnulgwKrRDbDzxeo89TSoBPIolvOKKR42lfHG2LmQOGlKVFeKbVp3xKKgMyMYb7LovyKnBSLdpUYxRqqOlfQaGWMHxBvFXrzk54geyal/wavm61x97p9O30G/fYCcys/OEdDNS8orSNrkHItseuk3VPtEQh4H+CfdTlSRZ/3qOn7T/xH9iOgBDold9LeNHp9WZPWeOqEwu/ZNWPHLv7V5997f/Pb19immMyMvFSNurpchSGz8t/vU+fgKpE87jv7H+KPbsfkZUXlU4E7esmi+sl5aVobSsDC8++1tUFc4UCC+kjODgD9/i4C+uAwBcftnVuEjysdXe157HBx+9LaxfftnVOO+itRE9f/k6flvb7aJ1vVIfSSFNhUT79hWjv/HftHmrKFWRL2ipu2z1taJUSFrjT58hPn8nGeLhTB1DMoCxiXGMTQAu1yC+P3pU1IZ0XYppmakhtc9HBmBI8mvfhOr8oeWa4ev8GOpypfp6gIwHSR+nBOfZXjQcPYTSOdWK9x+iOb00zytFki+bYNDResRvf2pfEC89f/peufb++MK+kLxA3b00j5Pzd8EFlyjGqGUs1V4OhYoEo+bTlz9fqXjo8uamRry3733FuleuuQIVlVWK9qWmqqD8+2ur6XrhRxuB+NM7jVQo0G61AXNmem+vc6CyuAC99n5k5KeHtJyowmjFXZu8n5eQ9trrHEL5zt3yHxPR9t8uSsLV5+XjB/sZLH1sI3f+0RGhnhZ7NSjZj+yvQNLyZqT08KmICAg5pWB5MYayH8NSPMo/G6TIJd2NX4Tc/hfLb8JQ9sv405Zfc3IkGJrEY3/Bk+Z1KPtlIb2S3vA3fU1KWoomm1ghwgTSf1+2cimO6LrBpAyKFLT0W+t1NRpJq5OVCEOrlyhBbwKEniowNYuDO+fR6i9TZfzo2NXUX4T/T0GmbVJCqFRgNmx9UPY+4c3tTxjCYc/AwMAQDYh5Aoy1zSIilhAFGKLCAgD2UY8qTH5KPK5fk8XprQJz/ZosLj8l3kv9hY7FPjgsitVKpW0iBBGiIkMrshDyixzpRQlqhBPpNulY3HNNCgfw6Y6GvzslbC8rTsGON84atLSh7FsePeY01JldimWEkFIODwlGD1USmuhRvjhblP6ILLcc6UH54mxKicY73oDXq9Vjk4uTbCfb6HVSn2yXs5HWUWufnSIZYg0lRZ5zv9VmRXG+smxnW4cjpOVOZ7coHil40kk6ElNG+K/3Q4yB/gnkZCQj2ZCEvsFODI2ke/nXc/yk/Sf+AWBgyAmkIKjxC+Xc8bf/O/74iqjsZEOD1/jQ5J1I2APiFFvScmn6LH/8R+L4ivTx//i/PoP/dePVom2tFvl0nKsq1A9w0k6rxYJSGZdlQxb87KJFItLMV1+9q6oME+rzF6B8/HZ3tUXF9SDQ/ivFr6TU0qqSOlRLnQMBxN/ac9rr/E3UVQyj/RhNTIHpkgkMjaQjMyseva5x5GXz6bc8538gMyseI9y4SJklHPZAQUTPHx+6SR9a0tIQoohS3VCXS9HYfjqkx0awNgcOdob1/0Mg/ny8TIr6+P3po9LLIb2/Lg+G/AJAlEKn1eZQTanT3NSIJUuWaG5PC/zxH2y5P/6LKpbIprSi6zccV2/bNLMCExMTKC8pCEn/fPnXincbh3H+8Ai+RRIyC7yJKoXVRrTXOQAYQ1b+5bt2rDPk4KsmoGaZerx3bbqK++lFeSgpK8KnHx+SrXP/jYtgtdhw16arOCkJhbYHgBuP13vZAtBsr/i8VMH+bG8zn4rIrZQC8MSTpraPsHTlowCaBWUWe6NH1YWQS5o++wgAwmI/2P2yah+Hsl9GbtU2oT8py2+K2WcZ0UyE4TjurbvuWM0eOIUZ0azcFsx81aNPoThefKmfhIIAoZcKTDj6PxnHTyuyC7P8TttEQ5rCKZTYsPVB7uLFC/C7++6WLd/+0ovcF0eOKRJZgrVnYGBgiCbEPAGmIDVZUFIBgAK3Gox9cBj9bVZBkYUoqRBcvyaLAzxpggCe8KFEjLnnmmkcXY+A2Oen8NvL2qywjw6jIDFZRHghv9JYX/39DSI25a0q/9Ve/T28mJf/+T4vk++ttBI4PCQXKQJXziHEHgCiFEpVvxwQlFDqal3INg2IlFH4dEg9FPFFXQFGThVFSeFEattypAc4Ao/SzBGaFDMgkGKU4g1k3R/IxaxEUtFCYpGWMcILA0P4kel+IZgUxqNP9PIyAv4HhpwYGUsNyNbXV/5aXyDqgY3rNkX0nPnqkSc4Z7ZHpeLzfz+MrQ8/LqzTCjl337Ie5954IXIyklFUmcrv/1IgEHuy/yrOKRbZjw52gktOx9jEOBLi4pE4HXAaeEJI2oABHWNjyMtO9cw/P/3zSh+iB15ReUzTqY2khBi6LFj7Dz56O6pTI/mjlBIKf3GTPP5rFz8oOv9se+g2jj5+aNx9y3qsufZm9INDeXkhMlCADACWVivyy00gjxZPt5hRbjKBUPBbzGaUlZYATiAZAJz8djn7fe/uhZr/l/ceFMX7mWM319BwGDPLTcI24h8ApuckoKHhMO9fBrmZQDD2DMHhwIFPOfq67C8Zae9rzyvOF+ncIef+UL/8UTuGfM3naAbHcW/5UoMJdnzD/aJWqu7ibzlD9KN6SSa+fNeOyuICZBako6ltIqzlWlFSVgSrxYa3Lj0Pq17+XNTepzetgNVi4wkqX3Wq2hMSC0nPROCvvRRq9r967wPDHzZt4a6ltjW1fYTK4ssA8OowNJFESi5ZuvJRIZVROOzlcLa3GfYX2pBbtc3LD1ke+aUJ1z+1httz376YetY1VVLVHTrayp5BToJ5Eem49PBP1EvUEEoCRLAqJsGqwBD1l6k6flog9a93Oie97ss3bH2Qo4krzbZW8X1yUSk2rlqBjatWYMPWBzkpiSVYewYGBoZoQ8wTYAihZKy7QyC9AB7CCyGrrFrB/5GSU4sh2+yDw7h+zUfCAz1CKkmenohVK1Zpsv/0c/5LhpGUeKCtEf3F/AMYuzsFEp36KCE3X5S+SQ1SXwSrVlwm8r9+6T4vooneajdaQAhGZAyv2LhGdvyOm1OFdEDVNVmoq4VonYCovpB0RC1HeiBHbqFVXK666yqufHE2rrrrKm7RNfxYEBKLUuqjliM9guKL6GaqoAAogFd8wa4zMDBM9acYI2FzRdRXhkbSMTY4joTU+Ij4HxlLxdjQOJDhfxsf7vmzsDxz0cKo3rXbHrotaIbGY7953qDX/Al2/3vtP4l/LjkdhuF+JALInsjGQJq4+0T9IVLzLxwoLStDq8XiRVzp6RxEdh7ff1ImR4Txxz76x8IUUX9tp76f0vFLYYhzq8PE+/fXz9/6ercbrP9QxT/ZoCWFFEMM32r6IMEAYhJLsCmWpL7ZHmBQgtXindbt/KO8CgxB9ZJMNLVNoL3OgXWGHCDU5SqxyYGQUOj2vnzXDmtmlk91Ftr+b/Pn4sbj9Wivc4jJMxrtpXW12J/tbQawUlgn5JNut2LLyP4KEUFFSi6hCSvhsJfiV+99YPjXKy/nLnG3Q9ojNk1tH6GkxISGE/rfO8ul7ZlKmOr9Z+M2OVFWrK7eFkoChF4qMNI++OoTKW+ytPusO5nHLxDonc5Jep8dyD20HHml7uRpfHHkGADg4sULhLKKolL87r67RSSWYO0ZGBgYohEx/1SQJpAUpCYDVZWwDw7jHDfhBFAmj8it33DFWlliix72cjFrgZJ/6baC1GTcetMGgQhEUjD9fOMgBwDdg59guGtUF5UYOaxfmsolT09EbuolWFppE/yrjd9x8KQUQgqBzDoAL0IKWSckF0/qIg/JZdE1iegxw52+CKL0RouuGcDRN0YV2xXdpPmIL9h1BgYG/WC1WcV/mny81Al1uTQeGsmZwAjHEwmGe/ltDocNRqP4YaXDYdPcf1/2A0NOFGbmAYiX9a/3+EnbGxhyIjEtFUB8QPZ0Gh5aISTQsSF45N7bZfdVsC8FN99xr6xPh8MG59le5EzLVCx/9P4tqm0HMn987X8t9mT/Se1TkvoB8EQYIhjX6xpHfkICxtN5EmrfYCeSM9MD9h8tx//j/3o3fnbRIs1xnaUILABgru8GAJ9qML7s7/nFdXj4V09H5Pylx/ERagTbfymGzvBfZvcP9Iu2pwHoajEjPS1dthwAZqSlK9rrFZ/a8WO3E7UlddJZi9ksLLtcLtF6sNcfJT96+ffX/nhDvWpbOTm5EbuXcDq7w3psSBVa5FRblPpw6Kt3cYmKcsrsOXPwwrM7UDqnmt2kRhBaSDAEeim6+PPgvtXmUF2XwpfKi5p9qakqaP/Blmv1b2s+HHT75tPNAIC4uLiI9U8JvggaTW0TqCyOi0i5KDYFBRZx3UZRe1rIK7R97YE6IJ1/XlZ7oA41y6r9t6egxV4gkOSUobL4MiFNEa3Mklt1sUBIobeTVEUHP3sUAEJm/6fjz+FX730g+/zy+qfWcJc9uQLvWy244rmP8PrN3UhL/ARXPMcr+rx/exxiRQduw5XVmj6cePO9OkM4/OjlT6t/vf2EakwiGWc4+6knYmHMiHqJpc0hSyCxd8rflwdKgCjIy/Wqa+/s1qxioma/+51aRRUYpfRERP3F3/5H0/gB4VGBEf03CkE6p6COcQl55fVPPwdJU7T1ZnE9QmShSSwAEIw9I8EwMDBEKybdZ3EJufkogQwxhtwUUGmJotUeevin6ly+grw0WSuoxOhNglm/NJW79aYNQvwNB2x+xd9jTkOd2aW4rgRCWOkxp3m1J+eDXi5frL1/vuILeF3huYSWlE0MDAzemD9nrvIfFBWZfl8S/oHY+2pvbIJ/+Z84OgSAf3HqPNsbVBofNXtn3zDS0tMFsoGcfz3HT7pO/A/0T3iVBzJ+4Zw7WueIFEqEG6OxCM6zDarlvuDv/NGy/7XYk/0nteeS+TaSDPEYSOPQ6/KkixwG0NsziMysLGG7P/4b209HxfF/8I+/xoddVvx4Ov84Xarm0mqxwFzfDdNc+YcyUsJLMPY/dr+7P/jHX2PpL/457OcvteO3u6stKq4Hvs4xgcafnpaO/oF+gfACeJNaaDIMXU/JPpj4tZz/CwsK0G63CymCAHkSCp1SSAo6xZCcvT/Xr3KTSXf//tjXAigpUn4tZrVZ/U7ro2e509mtGp/ex0cwx9MhqBNMCQmKtj/EblcjAkJICUfKIn+/Wi0tUp6PrTaHYrlamT91Quk/mP4XVSwBausV6xIiSne3+ssp08wKTExMoLykQNfx0+rfX8z9+izaqcc57XUOXDKQSG4XQ14uB19fY/9TSj92I3D7dqsNmDMzKPvCkiK/7P+waQv3s/m3A+CJKknLebIUrdKStLwZBcuLMZT9GHLf2yYQVkgKI6LaEgr7//vmPyiSXwBgz337DNc/tYa77PIf4fi/AK0fWHHZ5WV49coWZBQYUFJSho8++BKxkv5oec0SICcntD7WXKrxoYIT+2sPh8W/+egxbLiymoskUWL5mkuxf9/HKCoywrRowaS7/hPyi6h/Tqd+803altMJs8UKmy12FAaVyCGq/691JkDopQITrv5PtvHzBZKeSbquNZ2TWgqnoI9xCfnl/3vqaS/iCgGt9nLPpnWoKCrFPZvWoe7k6YDtGQmGgYEhmjGpCDBS8ohciiF/yCeT0b6/zYofLVuA69c0cHqlRrp+TRb3o2Vz0NTYhDnLeJ+VVZWa4yepgMx2O3rMaVNqnYZaWia6jJFhGBgmB/KGk+FMHcPQSLqgniGnCOKPAoaafVLCIMbcgmTx6eOy/kMJj/9UxKWMB9RGsIoTwZCLYn3+aNn/2uz5/Se1TzTw17YRbhyZcanoxSCSM4GO3jEkT4whJakfo0MAkC7rP+/C2EgLSJRfaKKKNC2Rub4b0/JSkZ2XKtSTkl+CtTfNzRWUYBjCi/6BfnQ4OlBh8nxd1+HoQL4x36su2S4ly0jt9UCw149Y988QGZy12X2SnxqOHkLNitVec0ON7BmJuRONMYUCoSTCsJRHkUFubu6k8p+Rno5L+vuRcXQEOAo+NVF6+MqVoEZCebdxGJgDfPmuXZRKyV97APiqyYCaZf7bzx32PCbyZf+HTVu4X2y7CQBgf8FD/B3Kfhkpy2/CyP4KtyJLM7+t5ybYG7/A0pWPAuDJLQWbi0NqrwWEBFM6Kw1z5vH3ynPPL4fVagkp+SU3h//fYhsY0vFGKid6Tio+YiH9JwhmHEyLFuDAwVfC3kWpIoq1rVs7QSjIeaPHuPnTT0LwEZF7cnKUSTD+kmOkbeXkwATAZnPgvEWlonE+dLQ1qp5n0+olvhBqAoQ/KjBq9rVHmhVVYKSg1V9iffwAoGZxRchUYHraXbqmbQoU2196kSPKLGQbnZqIkFd8tfPm9icMhDhTUVSKiqLSgO2lMSjFycDAwBAJTCoCjJRs4W+qoclu39TYJKQlqqyqxM83DnL//vqbQV2Ifr5xA3fDFamyPrXEP5XJL0SRhpBbaMILndapHNnCNro+I8IwMMQ+DMP9ANKRmMKfG+RevGhRA1GrS28bGfOcr/e99H1Y+/rNi0dE6xdvu97vNj7c82dheeaihRHdd9seuo2LpI81Ny/0e/7Q+z+Q+ac2f1b8I/+HNykuFZ09PPmFV3mJd6dIAoZG0hX9l5an47MfXkNiGlAe96OoO1ZJ2iO1tEU9nYPC8tnOQZztHIS9bwwmST2lNvyxp0kzj//r3bj8squx/ie3Rc14tVrMEfUXF4L4aeJKhakCzeZmgfRCk1n6B/q9SC503fS0dC97PeJXO36VTiQTBvV1X6DrB3L90tN/IPYMkYMWxaCKefPxyLz5e93XQ8V6j/3meYMe1+pgVfhiDXoSYRjxhUFvZKSnR7Q8EJx/dARQIL+Ewz4QDGW/jNyqbXyaIlyMlOU3CWX0Np6Q0hZWe60gJJfrn1rDAUBJSRkaTlhQnFuK659aw+lJgul2usJiE62Q64uU1OG1j90kj27A6z8NwaY7rsN5i0q5kmKeTBcuNRhCDNH9uKKILUqfK/gat9DcfDnFxBYlkksgZCypjXt92dK5MJWV4PDRE2g8FZ1EYjn1EpLKh96uFwHC3tmNgrxcFOTleqUH0qJiEqx9oP2PhfHTe15IEWjaJikCjX37Sy9yG1etwMZVKwTFFZqE0mxr9SKiqOHixQvQbGsVyC/B2NMxycXJ7mwZGBgihYTJ2Cm5NDu+UgdNBXtCfiG4fEUqfr5xQ8AkmJ9v3MBVFtkAVAYVP00GmYrr7+x8x0BILdmmASwyJQIYEOrIbWPkFwYGeRxvqJf87xZ/kaimIKJFXcQfe6fT9x+aoZF0ZGbFh2VsCHmBJyYAWx9+XChzOGz4f//7EV3HT9r/2//pfyI7M0Oxvpbxu/Weh4Tl2XPmiMp8fbmthkfuvd2r7776T8bP4bDBebbXS/1g++MPK8ZEviL3Va7m41jry37NH+n+93f+EfvENGB8Qhzbo/dvwYVDZchIzeMrZ6diZGIQ4/3xyMtOhd3ehyH3p7VK/lOS+lF9QRlOfG/B/LmVcJ7txew5c+Bw2FBVOBMH0eUzxo4WDynE1dMjKsvKzhbKpWUAcKqjA1nZ2Yr2JO2RGs52DorSF9EKLdJ0R3rZm+bm4mfIhfnIEdzz0XX4l//xu5D036v+0e9V7UvLTGE990v9tZ36XhSjv/2Xi1+q8kJILGSZrifdRuqmpWYIajC0vb/xL1u2yr//RhLVQQI6jZDL5fJKK+RyeV50ZGVlqdoHAl/+Q2lvtVkDvt6Ho9xXfMFgoKMDpzr8+9BCevwEay+nGCTF5jvulb2+0tfKR+/f4tP35jvuVbRXa1/p2jzZICWvaCHE6E14abF6zlHm083i69zMCqFcWgYAzU2NMM2s0Gx/s6kqrP6D6b+t2TsFyWdf7Pfv2HOcUY3N3/ELBawWG579H9colpWUFfldFqy9lrbV4o92+7O9zbC/0Ibcqm3CNkJCIcvCPcQLbSDkFbK9qe0j4IXLQmo/8kuTZgLL9U+t4ebMK8PAaCesVoAsF0N/EgyD/jAfPQbAQ0gJdUqkDVdWc0Xu1G7Wtm7B/2SBVN1GGGeLlSch6aH6ogR3O/SYmi1WLFk0L+oIMES9xB/oRYBQQzAqMMS+9kgzNl1V41VGkzo++boO/vZ/Koyf6v83ndM2+YsvjhzDxlUrAAC/u+9ubH/pRdGxvmP3W34prmy9+RYRgSZYe8BD0mFgYGCIFkwKAowa4cI+OCzaRoPYRMqetBHJ+C9fkYr/+4ulXJPNv5eGlUU2XL4iFUClSFnGX/91tS4AnpuCqbYO8Iou5YvdKi/glV96zGmCAgxZ7jGnCUowV911FcdIMAwM3igp8rykttqsKM5Xzmvf1uEIabnT2S2Kx6s8dQzo5ZdHh0L/ZVhORjLiBseQM5iAzmRxCiLy4kfP8ZP2nya/CH9wgxi/UM4dLf2nx855tsHr5ZmvtBDk5adSeWP7aVUf/s4f6f4P1B7DgDNx3GvuZKTmYRjA6GAnElPzkDOYgPHsRHT2DCIhlSfCxPePAoOQ9X+izol51eL+0u37A1dPj0BmoJcJsrKz0d5uQ2FhkchGzv7rXb+DvW8MBRkJAiGFJqGQFEV0SiPh4cvcXJgA1H7rQM35/FySS3cUiL20vmluLn5cD7R/9TzSF2zUrf9KRJj+gX5F+2hBVnZ2QP1XwoGvP1Qp07ZNDpnpKX7H7y/yjTNEL0EJykqVz7GWVisKLuKJb3nZqbB8OaZo33D8aED7yJd/utzSatXVnpzzrTYr5s+ZG7F7Bblyev14Q73u10Lp8StHxlEi6MgdP/6kJyTzV8u5Xen6Kr3+aGknkPYD9RfriKSai/l0s0DGoJeFa93MCnzzzTe44IILRDb+2IfTf7D9l0OH44zI/6kfunye//UcP6m9L/++4A/RI6z/KcuKgiLYRLv9r977wPDFjT/jmto+QmXxZSC/NEHl+L+YMP9/fwQAeP/2OAyMdiItMQ93f3CJYBNK+5ISExpOWHzuK0J+eezy/zDwKjC8+stTm18z3PfCnTFLfpFVJvmnELTpRqjT/yj5t7Z1e60vWzpXIHEoEWHuumO16MXvgYP1fqXXodMB2WwOlBTn+laD+afYmT9FRUaYykqwv/awqJ82myNsMVjbukGIRoRcQ6dEioZ0SHIqH3LbhHtenQkQBXm5stu0qrj4sj9QV69r/yfb+PnTr+zCLL/TNtGQpnCSi10N2196UUQ0aba14osjx0TrwUAve5qkA/BEHaYCw8DAEEnEPAFGSqrwRThRsw23fbTEn15cgsurktHU2IT0YvUHrP1tVnedEpF9wP7TUqd0GiRCfgEgpD2iyS8ARNvK4anLSDAMDJMDva5xZGaFXgLX2TeMuJRxdIyNITk1PibHytdLtqmUusDf+aO0//21nxiKR2Ky9/z57mgjzl1Uhd6RdAyNDKIXQB4SkZ+QgPF0nggTnz6O8f54Bf9OnKhz4s61Dwc8FoTE0D/QL7xk7R/oBwAvdROiwqFm//UuXk2l5nyjrBoLQe23DoEgIyWxEKiVBWvvVa9Cn/7T9lKo2UfTv4tA+q8U/9sfH1sfihhvXHf+Xn/jDxfo4xdIZBfsSQLp/NdC9lQ7fqT2aqSfaCTLMUQehITR4TgjkC4IaU+qTkITOgKx/9GPfhRW/8H23+u8LONfC0h7wY5foP7lEK3kFwJCIgk0/mi2v/6pNdxl//IjWK0WXPHcR3j95m6kJX6CK57jZRrfvz0OJQD+7QIr5szjUwqVzkpDwwkL/u+ij9HW3YrL/iH09lpAE1z23LfPcN8Ld3JPbX7WAADkVy9I09bYqFQ3Wm38QUpaii7tEBAygjSV0ZCGfgQaA+lDbk4W4Lan/ZcU5wp1iGqIadECmBYBu3e9oto2TWI5cLBepHxibev2IliQcinpRhSjDtB7vwUCU1mJR9HF6RSIRXL7399Ytdpb27phKiuB2eIhoW+69scAgN2vfhjR8ztRLzlQV49l1d5EeEubw4sEoTcBgqTykaLJ0q5JxcSX/e53amEqyVH4jzkMf/sfzeMnHQs9VGCkfZD6Dyadk9K+UwNNLKHJKiTlEFn2t59622/Y+iBHYiSplRgYGBgiiUmTAkmJbCGXdkerOstUs5cjv3jZV1Xq6n8qk1/4dEY9aDnCPwhedA3/YkFJAYaUHX1jlJ25GBgmAZIM8TAkuTA0kh42nyPO2B6zD/f8WVieuWghmz9+zh96/wdqnyAvVoHOr134Do0oLS8GwCtGdPYMIjkTGO7hlSOGO4GE1NDMf0vfGNZQpI32dhs6HB1YXH0uAKC93fMCgCgXyG2j7QF4kU5oIgpZNkGZxGKu70ZBRgLsfWOATJke9sKDHreSjMXGf+kVbP9peymICoSc/VB/V1iPhd4Eb0WUhlMn0eMcCKj/sRK/HjDEq/8VdKaOCcdvIPbB+g+1/VSF9PjVAlJf7vgJxF5PbHvoNo7t1djF6d4xrKFIF9988w0OHz6Mu+66CwDwzTffCHWJ8ojcNn/sw+X/7Vf+FFT/Dx8+DNSKv94mKiwEuVlxqu2/t+99LFmyRLDVY/z88a8Gq/0MrHZ1olC71aZYR61ML3sAqG89HXD80Wq/5759huufWsNddvmPcPxfgNYPrLjs8jK8emULMgoMKCkpw0cffIni3FI0nLDgsst/hJOnD6M4txRx07uAbuCjD75EqO0DUW/Rm/SiBCUSwFRBKPp/4KC3WsV5i0q5kmL5F8WmReJ1WsVm965XZFMBLV9zKXbvegX7933sRYSJ5Xnj1VcqnRFNQAknli2di/21h3lCkJvcZLZYBeISUYOJlBJMWbER9k7tc0BPAoQvBKtiosXe3/4HY//63w9j4+ol+Po7M+yd3di4eklUjp8cmUcJeqVzqiwrRJOl3a84d+x+C/ds8mQs3XrzLUEdQ6Gw37H7LdCKNQwMDAyRQsw/NZQSMdTSAknr0HWZfWTsO0GTQdw351No/Z2d7xiICkyPGT4VYHrMaShfDLQc6QFTf2Fg8IbVJv5z70sxJNTl0nikyJ7IBpc5Fr6Lfko84tPHAYgVPBwOW0jGj26vp7fPKw2Sv+N36z0PCcuz58zxq+8Oh00xfcEj994uu6/U4iP+ydjJtR/s+En3j9SHv/NHuv8DsY9LEc8fEtvK1dfheN8HGBscR7vDjsxFVWhtaUPVgmJB+SUhNR6tLW0oLS9GUpa3/2DUXzpajwDYDIBXN2g2N4vIG4WFRThS9x0qTBWiba6eHjSbm0UvZdPT0nH8lV2w943xedLdoIkvJC0SQc35RhGJhYa9z9NHQlohdQO1p9fp2Ox9Yyg4cgQdCdOC6r90/OSgZA8ArRZzQPvRV+oNg8GwTm7fS/3ZO+xY8+N1AfU/mPgDnbuBxB8IWswePy6XS7ROttGYhlTh+NVi708cgdgH65+uT5/zjzd4v3DJycmN2L2E09nt171EICDzX/M8dXTIHj+B2uuJ8y5ai+J8I2bPmQOHwwbn2V5h+YVdf9Ddnz+Em8d+87whUm3GCmzNnvQM+cYZeG/f+wL5AuBJFzt37sSVa64QbTOfbsZ7+94XETi02ofTf7D9lwPt/8erzletu2TJEhw+fFjX8fPHP0P0gpBgSmelYc48Pr3n3PPLYbVaBHLKydOHMaegDFarBa2nBrDnvtcE4szJ04fx0QdfIlT2sZq6KBYQiJJNqPzbBoaE9ZLiIRQVGb2UXwhpZdnSuQJ5YveuV3wqxBDFG9OiBTAfPSZK/1NUZPSk55kkkEt7BPDEIqL+Irf/g50/vmLiiU3exOllS+ei2+nChiurOaVUV6EArV4iB0ubtmc0ehAgQq0CY7Y6vVRgaPWXQPrvz/jZO7uxrHqubJuhHD8AqFlcEbAKjJY5EGw6p0BUYGjUnTyNaEwrRCvCMDAwMEQDJsVnc3JEC7ltCbn5GOvuYPZRZF9X6wKQNmXX6RRILUd6hBRHUgUY8ttypAfli7NZCiQGBgXMn6PM2FeT5FcrC9TeV3sj3DiQFo8kxAOGJADyJApCMNACX/ZxKeNIiONfZJ5saBDFT5NL9O7/jj++grYOh4gAQ5cHMn7hnDtyMUrHDxCnYJKOp7/jt+OPr6j6GJnu//yh938g8y8uZRzxMvOnsf00sjMzsDzzJ9jf/hoAoLdnkC871iaowrS2tAk2va5xnHCTYYYxrss+/NuL4hedPxz90quO3Da57SlugouUjCIFIaT4qie10cteadsPR78Mqv9qdX2NdWP7aTy4bYfm/vgivSjVpckwpWUmUb3kiSGvGLX239/49YC/8a+7frPf538AKDeZFGNoMZtRvTITbb3DSEiNR0pSPzgAiaNDGEe6qn3D8aN+Xb/k2mkxm0Xb5cgtvuLXal8LoKRIObmC1WZVvQb5umcIttzp7FaNT89z5bSc6ZpslM4pgdhXzJuva3/osTQai4TrpBLpVQ9svuNe1fYdDhsevX9LxNuMFRDVEVvzYRRVLMHOnTsF1RKyfdfTfBkhdBDiyL88cCeuvu5nmu3lUiCF0n8w/afJMXJ1AQA+CCh6j5/UHgESYHbufsdwyYXncACwtipZtW671RZQWbD27zbyH3p9Wlu/PpD4o9megJBMrn9qDQcAJSV8uqLi3FKBxFL/bQvauluFuoQ4AwCls9Iwe+YSfPQBf37X0/76p9Zw0UaCkSqUKCmTNJ6i55UtYH90aiI9tEpo9ZFASBByCi3+jEPVrCIv/4SEQpNT6FQ9dBt0yqOS4lwRgeXAwXpVQoxp0QLYbB8HPF7+QOv+Vxo3rZCqvtDjQ6NqVlFA+16t/1raIPZkv4vHhceSFctx+PP9ghoMEB5FGDn1ErWUP7L380ESIGgU5OV6xeOPiomavVTV5JOv64Luvxb7A3X1AsGjrNiIr7/j/5ttXL0kZONXkJeLJks7KssK/Z4TvtRfSHom6brWdE5SBSEalWWFONPd7Fe8waq2hBJbb77F8MWRBxkJhoGBISowpXSjCfkiITdftM7sI2efbRqAqYC/GairdU25dQBCCqTyxdkCwYUmw4i2uX8ZGBhiH0kGnkgwOuT5I+Q82ysiUfgLNXuavBCr0KqYojw+DVN2/kj3f7D2SlheyJNgCNnltlUP4/lPHxeWAYjWyXIw6i8AcOBgp0FOHcRf3H7R/L1kmVZ5ISmIhGUKNPlEqgwjrSuHQOylsUltTBn873NfHV8fivn3t7e+VWx36fnT92ppwx/ii5r9sqV5XmWN7adx8NuugPoervgJAon/ZT/P/1oxnp6IhDHxnBsaSXcrRyUGfP1hiC7Qx+/dt1yxN5hjPhD7R+bN3xvrY+iLXBMI+SYUbcYCPvn6B/H1253y5+WXZc50tfWy2z+t3Qqt9n/9618j5z/Y/gPYunWr6Fjc/A/Y292t/Gr85ZdfXq/n+Em3+/Lvq++XXHgOV1gSpXO78bQqecRn/FFuT3D9U2u4OfPKMDDaCasVIMvFKFVUYiHbnjnxGPfRB18iVPbRRoI5/L1VNJ4lxbl7tdSbLFDql9ZxqJpVpHj9D0SNRUrIoVVOlMg6+/d9LCLihHOctI6bP1BSfQEA89FjsLZ1h7y//sLsTodEsGTFcjSeegWbrv0xDh89gfMWlXKhIsEQ9ZJAEEoChBK0qMD4st/9Tq2gAkPUX8I1fjQpxt7Zjds2r4rq8TtQV69IhOlpd4UkbVOghJ1YQbOtlf35ZmBgiCgmDQFGLeWOFHLEDWYfGfsecxrMsMNUUIDqmizU1WJKrUvJLHJEF3obAwPDJIIhCckAekfShU050zKDUoBRsyfkBUJ8iEV8uOfPwvLMRQvZ/JHMH7W0UF7738/5R+wTDXE+QyNEF3qdVoyhy6VlwYAQEoIhwjz31fH1UhIMvSwlmogIMgr1QmVP20mJMqEkv/jCwW+71r+668m90m1y+0oPHDjYabhp/VJOzd9UiF/t+DdoJD92upWbkjOB0YkUYIJPeZagwT7Y65ds3PEJEbWfKnjqsQdUy32pvARrz8Cgx/V7KvvPzc2N6P4L1v9XTbEtahts/JG0J+SXxy7/D7cqC6++8tTm1wz3vXCnT/IJIa9Eyp4hxH833eckPe97fcFmc3iRYQhhgvyaFi3A8jWXirYdOFgvS3ohqijmo8eQkpYyafYNUX9RUn3xlR4qUjhwsF6ZkJOTI5BhQkmCkVM60aJ+EioCBIFcOhx/VWC02Afa/2DtC/JycaLOHpbxI6QSf8ZPC/RI28TAwMDAEF5MmqeCUvKFfXBYdjuzjz57mgQz1dZJCqOr7rqKo8kwNOGFbKfLWeojBgZ5HG+ol/yHFv8JVFMQ0aIu4o+90+n7a8i+wU5kZucJ6WLkvu7154tfNftEQxwG+ifcT7OSvOLVu/+hGD86rZD0Za9c+g2teOTe273mjq/50zIhTgXR0u7bj1odf+3nzajymj9qkO5/f+cfsU9MB2BI9NpfPb19ohRX0n2jtI/kyqTbGttP+7U/g31IazAYvMgHhBRDiCY0UYbeRurShBS57cHa03bSenqNg95jGMqYXt57UFYBKFB/sR6/FHa7HQDw/dGjqvWmZaZibGIcY+5TxXh/PJIzeeKcy+VStffn+iWXnkgOUn/0elaWb+l12o/L5RKtW23WgK9X4Sj3FV8wkMwrzepZCvPRb/ttD92m6Zqtdu2gy33Bl73W+4dgCV0Mob9+T0X/zz37+4j20V//Unzy9Q8G94lkXSzO2WDjj7Q9TTDZc98+w30v3Mk9tflZAwCQ32i2n+ygCRuBpCySItA2DAbDOj3OHVr80+SXoYEhlBTnCsQWkiZJLpWRXDohm80hquuvyoweYx5KqPWHVsMJ93xRsl+2lF/3Iio5nZ7fnBwACIlqDVEvUVL5sLQ5fBI5QkWAIOl7pGiytAsqJr+8/dKA7c1WJ2bkpiKY/gcyfmTbgbp6IfVRpMbPlwrMgbp6n370TNskjdMfXLx4QdRfv2IhRgYGhqmBSftZnFbiBrOPDvsecxrqzK6pt17tPRbv7HzHICXEkG3slMXAoI6SohJh2Wqzojhf+Q9cW4cjpOVOZ7coHil40kE6ElNGkJwZ+rEZ6J9ATkYykg1J6BvsBFAQ0fEJdvxCOXe0zJ+JpGIAQGZWPEa4cZGyzuiQC6OJKUgcHcLQSDoys+LR6xpHXnYqAJ54MuRWXgnU3t/5I93/vH//7QFgYMgJpEAYnx1/FH9hdrKhQXb/0ilSpOXS9CnHG+pRUlSCFj8fBugB6QNeg8GwTk5NRUlhRev2YO396UOkxzDWfMZ6/N4nOBdyMpIxe4HR5/nHMNovnH/GkY4kA3/+WbA2V/H81f6sf+GUlZbA0mrFzHKTsO10i9n7/8RFqYrnz4Hv4dO+rFT+GlJLnfOtNivmz5kbVddCep2cC6N57vlrf9Zm15wyixCFlOr6Ikj68uWrfTl/FfPmsxtuBoYQnIdilQSjR/yRticIlnQSaXuG0CHcxychuxCSRyApkiYjiPKLwgMUmC3WqO/DsqVzceBgPbqdLpgI+QWA2WKFyU2AWbJoXkhUYMqKjbB3dgdcXw8ChBxRQw1SFZNg7IPtvz/2y6rn4kBdvYicEg3jFyiyC7P8TttEI5AUTjTe3P6EYftLL3IbV61A9eyZ2LD1Qe7N7U9E5TVzw9YHud/ddzcAoO7kaURrnAwMDFMDMU+AGUxZpFjW2efwq628DKPIjqwH0pZcu3L4f28fEJaLkif8+0MwHIeD77wR1EXkpos8pIq+TDv27jtk0FKPQKm+Vnz5x6u4yhJ+GtbWjmBGSRz8WQeAGSV8OoYz1glhnSzLldN1/PUnXS8+E+Q1/Of8j1TRRU7hRYvqy6WbPBL6H+8+aLh001KO/NL1Pt59kN18MDBEATLdL/SSwnhEkpeHcTE4Xr6+mNf6AksPXLv4wag6j179G+Wyl/ce9Nr26pEnOH/m3wM3/puu/X31yBOcM9tzP/H5vx/G1ocfF9ZphZ+qwpk4iK6IjW2kySTRiNff2s1FkiC3bNkqQyzHH6n+i8gr1PE/OtgJLjkdYxPjSEhORwKAxJQsJKYAaQMG9PqwD9k1Mite0T8DQ6Sw/ie3Can71I7V+7b9VvO5hm5T7Vxw37bfTrrxfO7Z33ObfnqrbNnWn92CZ/a8GzXqZtGI2+/8peJZeOfud7AzhvzH+r4NN5kw3OP33VYDBwDnbucMkbCPxn284crqKfVfQqkfWsfBHxDCi1xKpGjBm+/Vec/lf/KriYDsl9cswf7aw8I6SQO1+9UP+f8JOqi/hAONp2xoPKWgrucmwuhNglFS+bC0+X7nE2oChJqKiRZosQ+m/4HYExLMheeaon78fCFYAose+OLIMWxctSKmrhtfHDmGrTez+3UGBobIYdIpwNDkFSmhRastAIxbWtCBFmE9vqzc71jkCDRyZBhCfEk0mkTbRx1m9T8EfhBm1q85TyBAZPR6biSWXTNLNE7r10CoN9E1AACIm56GS6+ZJdunmy4q4IDASTE8KWUMlSUJqKlJcpNatK3bmjrJSAvt8dvyYGvqRFFlnte6tI6tCcBKY0D+a2qS0PrWqHifT+Mfynee7UdHbx/yZdJBKG3XCkJmISQWmtxSVJknEH4u3bSUK6rMw6WblnLVK43CeM8oiRO1IW2PgYEhnE+RRsLmiqh3DI2kY2xwHEkxOFwf7vmzsDxz0cKIxrLtoduCVuV67DfPG6bK/ItK/wwMUwTS839Carzo+OOS02EY7kcigOyJbAykiU9vRH1Fyd5fGOL9+wsq6z8EfhhCcy2M+LWOgYGBgSFgEOLKwnXT8OyuPpwbZnsG/dHtdEWtf2naHDnyiz/2wfqPJmy4sporKjIK5BAA2L/vY1jbeEWOqllFYem/HvbSFEeNp2x8u24yj/noMUEpJpSQS+WjBCkBos0xgHnVBThRZ1dUM1ErV0JlWWFQpA1/7P3p/1QZPxqE2PP63w+zC0cAaLa1skFgYGCIOCbVU8HOPgfyMozo7HMIywCEbWqKLtKy/HlLZdtXgtReifwiLVMisfgiv2gFUW6RElikcZCyTRuu9SLrKJF38jKMWHuzdz9vuqiAU1OTkYImwSit133Gs8KLKvOEdULqqPvMIZBdyG/1SqPsdgCishklcaj7zIEzFDnG1gScoYgkvuITxmNautcyTXbp6O0DAORnZgREgiFEFULkodfpWAnJpXqlEWesE8KY0XXIGBCSDN0eI8IwxDKsNrHkqy/FkFCXS+OhkZwJjHDjAIBh9+ftDocNRqP4YYDDYdPcf1/2A0NOFGbmAYiPivHxd/xuvechYZlWCAl0bAgeufd22X3lK77Nd9wr26bDYYPzbC9ypmUqlj96/xafLw5D+dIwFPMvlvwzBI9Inx/0ir/F3Iye7g6v8qPUcnZuPspNFSHp36Gv3hWpH8md3154dgdK51QHfP531vMEmBRnIoBEjAAYADBt+SiGe4GUpH50H8oBAPCP0KWnnjH3r7y9v8dvi9nsc7vL5QK+ylL0r8VeyY/0+nK8wfvhek5ObsTmutPZrfleIhqgdi189P4tsjZyYx7M+BOVFHrOkeVgx99X/Vg/FzIwMDCoodaRiDvv4J9d3XlHBnZuTuJqjKOodSQCAO56YcQQSnsGBgYPTIsWeG2TkkliEVWzitB4yoaqWeK+HjhYH5JUSL5QVszfV6opoxBShhI5Q6mcKJUU5OX6lY6ItldaJ8vpacmwd3YjPS1ZWKdBlFykii5ybfkzXoGOHyG7qNXTa/z8QZOlHelpySjIy0VZsVG1P1rKD9TVo/ZIM0wlOexkxsDAwBAmTBoCDE1+AYCmxhaMJ7WoElmaGnmFl8qqcllCiJyNcBFsbEHXsRFMX5Ckat9x4iDMI2IfSnW1kF5olRi1+uvXnMdl9BYI8RF/WdPJjYN8X7OmpyFrugkut/oLoE7ukWtz2TVAU2OSoCajhQjDEzdGZNcJoQXgyS5SEDIHqTOjxCjazm+LE7YTAgidEokmx3j85PmMrxgGRTILTYIhmF+Wj86z/QIJRgukCi9yy3Rf5Nal2wgxhgYhCTEiDEMsY/4c5S8Q1GTqfaWbCMTeV3tjE/zL/8TRIQD8+cJ5tjeoND5q9s6+YaSlpwsvK+n4QtH/UI9fOOeOXIyHAEVCjdFYBOfZBtVyILCXhnohFPMvVP4b20+zk1uUQen80dJyUlSvvHy2X8d/IPY09uz5DxGp7Prr/9HgK/4WczOyc/P96rOe579DUCfokZf4vnyoHb+FBQVot9tRbjJR/TbDMNwPIB1cMn8Mziw3KbZ/usWsaO/v+aPcZJIlp/jrP1D7WgAlRSWKda02a0RTXDmd3arxRRt8XevkoNf47/jjK8J2Oi0RAU2c1XP8Izk/JiO6u7vBwMAQHSCKLR4kes5Pp86ixsiruSx0r+/cnMTRJJZg7RkYGKYuSEqkbqcL5K6+alZRSEgwwaqftDkGkF2YhTbHgKKCiVq5GirLCmW3b1y9JGr2lZ7jJ0d+IemQ9By/QCCXVimYtsxWZ9DtVBSV4uLFC6L2OI7m2BgYGKYeJgUBRkrKGLfwxBbzCBDf5xDWvxlpQWUVn8qIkF/IMiGo/LD/NJKMcUAVROUAMOKY4Mvcy3L2TY0tMCUBHWhBfFk5zCOemEgaJTUSjG04TrSulB5JDevXnMeVl5cJfSXwEFX4ZZrkQpeT7XJ11EhCdP3KqnJUVpWjqbEF69eAUyPB1NTwiTiarGM4Y53wWheNB6V2AkCkdiIHejupS+zJr5ItDVo9hY4PZzgRmYVWgaHXaZJM3rR0gQSjBJr0QmKs+8wBW1MnfvLf+IfJbSkGtH467HP8tKw3WccEspCUCAMwMgwDQyiQN5wMZ+oYhkbSkZLUDwCyiiH+KGCo2SclDGJsmN8Wnz4OxGD2mWC/gg4XuUMrAnlpGM3zL1j/DLELQlypXnyeaA698OwOAPCpXhKsPSG+SO3/bfsjHAD8963/R/U+prRM/T671WIO2didtdl9kkcajh5CzYrVAZ//lUCOv0RDYHLvkTp/MDAwTC7k5gb2cuG5Z3+vKR3l7Xf+0hAK+2ARaf8MDHKgFVvaTp0FHO5fcrzO5de76/m6UvJKsPYMYTjnStLU2AaGIuo/1uwjDbM7TdCBg/VYtnTupBn/ZUuzhH41nrJhyQp++5JF8wRijN44UFfvReSQqpkQEEKGdF1JuURaLk0BBMiTK5os7bIEDqn/aIVe40eg1/j5C6L+ojdMJTkwW50BqcC8uf0Jw/aXXuSfe8yeiQ1bH+Te3P5EVF1DN2x9kPvdfXfj9U8/xxdHjiHa4mNgYJh6iCoCzLrrluGtVw6olgNQrENUWuLLylEJMclFuIDJbJPbTq/TZBey3OsY09QuABERRU1pRkp+IduKkicw6jALJBhfyi8rZ5XJlqkRW+hypXU1qNUtLy9TJMGokTPk1F7kQEgyNEmFJsnQdeTK6Dp0mVQVRo48UuyWiJcjwXSe7UfetHQvJRiyrfOs/Au/Szct5QjJpcnKzzOSson415P8QlBEpYGSplW6dNNSjpFgGBj0B/l6PjGF//MnR3wwGotQMW8+Hpk3fy+9fdtDt8nWVds2MpYa0+P14Z4/C8szFy2c9PPDV4okGr7SJUnbWnPzQs3zLxTY99L3XttYmofYxNiQ04t4IsyzDT/h9/ebr6E4f3VI7Pfs+Q/Ol/2/bX+EUyLBlJsqMDExodpHafqjaITa8at2IiHHPwBMBHCnF8z5Q+rPX//B2jOE/toUSH0GBn+w6ae3qpZv/dktuP3OX4bMPtLxMzDojbteGDHs3JzEAcDaFcDaFaN49/NEvNnMv4TcUGFHjXEUuXOBGox6KbgEa88gxpCbnKKHTla30/sFcjjJIIH4l7OJJvuww+nEgYN82hotqY+iffzk7JctnYsDB+tx+PP9/IacHACAwWBYBwAcx70V6mG2tDm8iBw97S5BreREnV1R9UWtnAZJ5aMVevjXM/5Qjp8W+Dt+gSAU7QejArP9pRe5jat4ZlizrTWqr10bV63AxlUropKkw8DAMLUQEgLMzRtvQJuzQ/Sgqzgn3/DS6/+pyX7ddcvQ2T0oss/LTTW89coBgQQjhTRFEQCYkiAosphHxAouJH2RdFkOhOySaeSHK8kYB1DuaPsRxwTMxjiRby2xAh61F0KEIesENPFFThFm/ZrzuMLUEphHxH2PLysXfOZlGH0SW+RIOmrEHdIe3a9xS4ugfgMAhakliiQYqdILvS5VcCG/M0riRDbSdakNXS6tJy2jFWUICUcpPhokvREhvgAQLaspxRAQ1ZXX/moTxUCnKyLkFy3jF8g6UYAhKaAIEYiRYBhiAR0tFs+5qadHVJaVnS2US8sA4FRHB7Kys0NmL/tAayQdmVnxPuttffhxnGxoUPzC3nm2F7PnzFFtg5BfkjOBsQng1NHvw9p/PcaPTmUg7a9aChFfeOTe23Hq6Pd+x6/kk6ge+CrXst/pfay0/7WmS6JTLh1rfVnz/AsF6L49ev8W3Lftt0JZzrRM0ZzeUzgTB9HFTnBRBEJWoskrJxsa0NpuF9VbOI9P5F6zYjVqP/+7l5JLsPY0+cWXPU2CCYRspWajpT26zkBHR8DXN1dPD5YtW+WXrd1ul90+8H0iyL8Cl8slm1ZIDbR9IKD9BeI/GHvH6dNe53iCpOFR0TVS7tpwSrIP6ToDPT2icn/tk4ZHRfHRZdEA+vz9wq4/+HXtIddcq80a8PEWjvJoj48hcGhVXYmVmJk6DEMoUGMcxcJ10wTlFkJeIctrV7SieNY0FM8CcmXSGAVrH1NwOoUX9HA6p+6kYeMQFpgtVk3El8kAovoiEGHcMBgM6/QgwRyoq/fbhpA2lMghvsq1QknFJFj/oYxfjvQSqH+aLAPAb0JOsCowxF7aH1/986e89kiz3wSbL44cAyHAVBSVRuVxy9IfMTAwRBt0J8AQ8ovlZJO4YDa4mzfeoEqCIQSXzu5BztEu5bfncuuuW2aQqr8okUkAD+nFbJRX/Og65jv/A63+0usY8yLKKLVB+65UaLuzzyGr6iIlvkjraEmHRMgnJO2S0ngppWMi2+j6SrZyiC8rB6jUUb2OMSDTu15t7YjsOlEhoSFHVDljnYCtqRMzSoyYURJHqcbkiexIm7SaC1mXEmkqSxIE5ZWiyjwRAUUaLwFNbKFJMGSZgCbB0CDEF6K8UlnCH5qv/dWmabz0WidkF3of0GNG4mREGIZoh6unR3hhRC8TZGVno73dhsLCIpFNqOxlnxGljgG9/PLokLYvi5S+sNeS2icnIxlxg2PIGUxAZ/I4+gf6w9Z/ve2jYf74SltCXl4plTe2n9ZMkCH7OFiFFrpuIPMvFAhmTjNEFsX5RrS0OGE0FuGjTz+TrfP9iVMAgNLCAsGGHB/B2Evni1Z7afxKIPGFqvzI6WbR+c+fl92BnA/zjTPQ4Tjj/RCutETRxtJqFZVbWq2K9g3HjwY0h/TyH4i9EuFxql//gj1/a61XUsTvG6vNivlz5kbsWJQrp9ePN9QLscqVRyI+huBAK67s/q+/xFzMNJg6DEMo8N1WA0fIK931fMoi2Xust86i1pEIQJzGKFj7WMP+2sNs0rBxCAusbd2wtnVPCQIMSe1E0iFJEQwJRpryyOs/RJvKRw+OAWQXZqHNMaCoYKJWLoUvFZPKskI0Wdp1869H/HLjR4+ZP+MnVXw5UWeX9a8Ui9L4EfKLdPz8+p9abFQlSS2rnhtUub/Y/tKL3O/uu1tYj1YFGJqkAwC/u+9upgLDwMAQUehOgJElvwCwnGwCZoMDoHrCkye/APy2XJ/2AAQyRxNakGSM81JoaR+0IgMFQfWzL9OOjF5PGy0tFhSmeh6O0T5JPGpkHUCcAklKgqEhR4Qh6i9axkaN1KJW5rWvqHIlMgwhEGUaEwBHAdavOc9LBUYp7ZFSSiO5FEbETprGh5BjCIml7jMHqlfyZBlbk7cfEocnPdAYbE0eYgidhqjJOgac4T/Gkqq7SIkvBKROR28f8jMzRGVS8gsh4dDpkIJJc6RlHfD0j5BvyPjz45QnIskwMEQbyEuk/oF+4aVR/wB/LEpfdqWnpYfVXgm9rnFkZoVeetjZN4y4lHF0jI0hOTUe6WlpMTd+vl4SB0ua8Cf+YPHwr55WJdA0tp8OyzETrvnHMPnQ0nISqy9fh+df+AtKy0yqdfd/U4vlbhWXmhWrdbHfs+c/OH/t1VIhhRPS85/0BbfaS289zj8MsXX/EM0kGIapC6JKMhUUSP733atDohpTcu5aNpEYog61jkQsBETklQ0VdlEKIwBYuG4aFgJ4dlefrvaxBGtbN5YtnStK8yL3sj4YpKSlANAnVVGo0h1pHYdA/Acbc6Tt9QYhhkyV8aOJMJFGdmEWsgv5/iil6VEr72lX/uioIC8X9s7ukPrXo1zv8SPrBGS71H92YZbm8SOkl0AVYD75ug7packhn081iytQe6QZM3K1pamniSXRnv6IxBitKjUMDAxTCwmTpSNSJZPOPoeQfmjEmICuYyNCCiOCvkz+j1dGb4FI6YVepusSwgtdLiXCABB8VVaVY9zSIsRFx0jIIqMOs5v4okx+odVhtGwnqZ5MSXwqIqICk5dhRNb0NGRNN3mlLVIiu8ilPaL7QNrk4enXuKUFlVXl+MFxGr2OMWHsJyTpl6RkDECc9gjwTm8kTYEkVYqht0kVXMg6WZa2RadMAsCTUSTpkOh4i918LJLSSE7dhUBKeqHrfrz7oIFXV8nDGeuIQDIJJ/lFuu5JhQTQ6ZCY+gtDtOKss0v00qi93YYORwcWV58LAGhv9zyEIV9ey20Llb0USYZ4GJJcGBpJD9sYjTg9y+Qr9HD1X4/x+3DPn4XlmYsW6jYulr4xrKFeMGqNP5qw7aHb/Ho5E4n5xzD5cLKhAaVlJrRazCgtM+GJx+4RlT+4bYdQFo32kYL0/KsFpL6e5x9DfMKUtD/r7Iqp65+/c4WBIdR47tnfc5t+eiu6u7vx3LO/5yJFgmk6dATdq9ep1qlvbQ46XcKNq8/XVM9q4Y/VkjJt5+kvpvh3JXdtuiom0lHt3P2OYTLGrwaelJKIO9dloO3UWdQYR7F2Bf/CrbseKJ41Tai7dsWoVwqjYO0ZQg+arBJt/rWQJiJtH837LxbGL1Ljr6b+4it9jZSAQdRLlNLz+CrXisqyQpzpbtbdfyDlwY6fVPFFCwIZP5r8QsYv2lBWbETtkcDi2rH7LdyzaV1Un6N27H4LtGINAwMDQ6QwKQgwNKGk48RBAHwKIEKASTLGAW7uQq9jDBMjA0CSfFs0WUOKvkw7Mh0elRXXSDPiwF+EJ7oG0JvksU2i0i41NbZgPIlPBxRfVi6bXoiGbTgORckTmhVhiH+UePow3ZiE+DKegDNu4X1nXWzi46ZIKNI4aAKRHPmFrkN+XV0DbmJNGjpOtMiOfa9jTDF2Qr6gUxSpgSdl5InW5Ugwwti5iRx0HXqZ+FZqg6REql7JK8k0lYjTJhHyC/mVg5ziC71OUguRNE50LDQ5KNzrtKJO9UojbE18rIwEwxCNoBUz0tPS0WxuFpEnCguLcKTuO1SYKkTbXD09aDaL01GEwl4O2RPZ4DI950dfKXHkytXK6HIASEiJR3z6OID4sPdfj/F7+sX315Nljtv3ll5zZ/fSPA7Y7Hf8vhRpgi33Z/+vXH0dst3Xldlz5njVeWHXH7zspfMvEpCme2KIDXR3teHajTcIqYcI+aTsF+JUDK/uehLX3nE/AKC13Y4at4pLel5eUPbfn/iOC9T+37Y/wpXOqRaOvxZzM3q6O7z6SCf1yc7NRzl17Ad7fCdQ5z+t6HB0iM4/gaDFbPb8j3G5ROvhsKfbiYR/Ur+x/TRujKHrn5x9NEFrOj8aVpsnJdXxBu+venNycsN2rZWWO53dirECwN7XnhetH1Jp+7yL1mryf+irdxXLpe0vW7YqovubkF8INv30Vty16SoukJfskYZWAg2wKML+1feHdFssqPLctekq7qcX5fkkC1ktNsU6amV62svN71iPX3XfuIkoOzcncQDw+PtX4uEr3hNIK931Z3HPjhrsuKcWbafO4t3PxSmMgrUPBkceMHAAsPi3HHtexcDAIIsDdfVeRA5f5A05EFKGEjnDV7kUcql81JRMgvWvZ/xax6/YmIaedpeX8ouWcQ5k/PxF/8BwWNRfCPxVgaFRd/I0ojGt0JvbnzBsf+lFjp1pGBgYogUJk61DhPQBeEgwpiReBSbQ1EdEKQbgiRx9mXYvJROC9kErCo0lqKwqF2KgY5ODHNmFXge0p0eS+qd9N7eYRaQWWplGCrltWdPTROQZug1X1wA6+xyILyuHiVKdqawqx4jjND/2vd5jX1vrGSA6RREAESlDqvhCpzgCxCQYOl2RaAyp1D1y9aW+zlhHhHUAAjGFjgsAOs/2i0gwJPURIb2QX7kygCeUKPWZHh/peIVjncYZ64Swb3gSDNhDBYaow99e/INo/YejX3rVkdvmT91g7QlGuHEgLR5JiAcMSThrs6umxCEvUOTK1coA/mXfubgQcSnjSIiLD2qsomX8Qj13fMV037bfisZfKV2JljpyZTv++ApONjRo2seN7aeRnZmBz5peAwDsbwduW/Uwnv/0cdy26mEYjUVe82tkunj+AeoEG71B9y1c6Z4YQrcPY82ePt5azM3Izs33y4bG3teex+Y77pUlAJBjaN+brwmpmwDgqcceEJan5UzXFPMPR78Uzj/rrt8s68fX8VtuMim232I2i8rlyCVK9g3Hj/p1/pBrJxj/gdjT5/xYuf6F85qoFb7uXZTO7yVFyql7rTar6jXV1zU32HKns1s1PgCqxzyZ+4/evwXrf3KbJv+H/GgzGvHP//f/xQwJpru7228bouwSqvqBxlzf2oztFBkJALb+7BbcfucvY+I+oqSsSBOJI1IQYvuqM6D4tzlPAlnAYwrtP5PVBzhP4rGc2SGx9xW/Fjy7qw/P7HnXsOX6tdyOWTxh5d9brsQze9418AQXdfJKsPZaQYgvC9fl4tldfVgc5rkiVqzQ7/gXpxEKvl2lNDIlxblhGQftaWyC7Wuk7UMHbWMY6+MXmfG3tDn8IsK0OQaQXZiFNseAooKKWjkNe2e33wSOYP3rGb+/43eizi5SgqFVXqQqMaEaPyXQ5Cg1xRs9yoNRgdl68y1Re8+99eZbDF8ceZCRYBgYGKICuhNginPyDZgNznKySXxSn10JwPcL87zcVAOQyznaxX/yjYW57jJvZE1PQ6ck84wpiSefEBJMkjEOhY4StHWdRNz0NKBXXJ8ov/Rl2tE3CBSmyj/0oskwNOKmp8HV1Yzi1Nki9RcSi6+YpaQWORKMGvElbnoa2qwnUVwi9k+rsQDKqY60gJBfSMojaRolAkJCIiSYc5bPRFJjHLqO8eSK9WvO4/buO2QAeJIHUViREksIEYUQUKSpkKTEFaV1JWUXufqE4EH7rizhD5M6Kq7KkgTU1o4IRBZCgiEEF4KO3j7ML+NfqtB1pGowUtUXonJD+6+tHQn7unSMiFoOA0N0PgzoNBgMhnWxEm+SgSeijA6FR344LmUc8W7yCwD87a1v17NZE/jcuW8b9kZTHz5reg1xKePkSoznP30cs2blCCQYLfNP7SUmA4MUre2ee2JafcVEkUnMP7nGS4UlWuxp+EqR1GoxK5b5IgAAQMPRQyICDH3+vfuWKzSdS2ibl2XKI338xtL5I9buFxiiD2pEFS3l4WozVhAIKQUAvqo7gK9uDO5Q3qzB/ouGUL2MK9LkfzIjWkkwWmNSiv/G4/W4+rx8/GA/gxuP1+Nv8+eGtVyPMaWJKYTEQpartl7NwXg5Gre/bQiVvT+odSThzjv4Z2x33pGBZ25N5mqMI6h18A9Dt/xlOCY/3jr8vXV9ONorKc7dG4v9mWpg46fDf4C6+oBtpaolZF0ppY+0XJrCSCuaLO26+Ne7nIynL5KH3PhJ+0L7UCrTOn5qqjlqIOovcnNkWfVcn3PHVx2lclNJDsxW56Q95pptrezEw8DAEFHoToB56fX/xM0bbzBgNqRMP8Mnn3yiarvuumV465UDWHfdMgOQK7LPy001uMvw1isHvGzp1D0ElVXl+GH/aZglhBSAT1+ELvcympGVpCwpndFbIBBfJroGeAKNGxNdA3DBkwqJ+CW4YPFSIS0THaccEo0mAMCow8w/DlEhvCQaTUI9KYj/psYWXLB4qSbSi1rKI6+xU1C/oUGr3RBFnkxjAlxiBWk3oYVPvyCXAokmokgJMlrhD2GDKNBIyS90CqQZJXyMNTVJaD1jEJFgaGUXov5CiC9yBBkA+Hj3QcOlm5ZycumPyPhUliSgpibJrdASxnVJqimSBomlQGKIVnAc9xYAxMSLLUMSkgH0jqSHxR0hvxDiA0MMzx0ZEPKLaWYZACA5ExidGIdpXgGe//RxTfMvZ1pm2BRg1MDSIsUuTBIlFVNuvl/f8EXCvtxUgYmJCZ91QglaEUYOWlRipKnPRId7XGDnfUO89r+KoTh/+OPfX/tYP+czMEQCdPqjumP1KC3y/Hff/qcXA1aByc0N7KvdT77+wRDMcbx288+BF4C5F10mW77r6cfxP29YJqz/11ed+OlFearrAHzWodeBZar+77j74Uk/r0rKilB7oE6x3Go/E1BZMPY1y6qDiz9dnEIh3OX+xK+Eqq1XC89kG7e/bfiwPA7pJzqE7bNM2aheu5Sre1f+2VCw9mogii8eeL76azvVjRojrwaz0L3+zK3JXKySYBgY2L1r6GFpk39vUlZshL2TJ+n2tLsEdRJasYSGr3JAOVWPLxUTPfzrET8NQn6hx49WgYmm8WNgYGBgmJrQlQBz88Yb8NLr/4mXXv9PQEHthdRRAkVw0fznhCZk5GUY0VnmIV3MLokT0hAlGeMQN8hfQOOmp4GokKxfcx7n6moWyBlx09PQ6+BJGUQVBoCQ9oiQYGh7Ykerr9CEkviyctG6FhKJEghRhvwSSP0T5Ze8DKNAglEiuUi3+6qvxa6zz4GmxhY+BZVjQohRmj6KkE0IwYQmwRDSi5ryi1YQoolaHTrFEU0+AXhyjNx2QnQhyzTIuhoJhk6BRIOkaZL6C+c6nSqKoHqlkaVAYoiZhwPRjA9O/xv6BjuRmZ2H3p5BbHj0x9j/PZ/CZnxiXKg3MRSPxDQg0RCHxqYJpKXHAYZEAMDYkBMJKTkY6BuGjYvDKDcha3/TtpuQaIjDQL/7XGpIiokxiua589Sb/1203tLu20atTjD2N227CeMT45iziCe/jE2MY8y9q8f741G1oBgAsL/9NcFm3owq0fwD5L8uD9UX5ySlEwA8/KunRettHQ44nd043sB/IcNSJMUWirI8JBSbqyMq7fd/U4uebuW2s3PzvUgv9BwNds5LzjOa1UgCPW/b7XYMDPTLpgVSPedQ9V0ul6q9P+cPrXH4498v+4tj634hWqGV4CSXHstqs2o+XiJR7is+rbjggks0fa39yIO36vb1/XPP/p478PcPAQDhSEkUqHpLpO77W22OmDvWlGL+P0/uUpwDZPn2O38ZE//Z2602FJbErsqRXPw/+CDnhLo8GFRtvZqbZcpGVtogXAOpIjILwJNXstIGgbWzZUkswdr7Aq340naqG3C4f93Incuvd9fzdRn5hWEyPq9gRJjwg5AylMgZvsoj7T+U8dPEF6V0SOEav0BUYGYYszDQNxyReVWzuMKvVEgXL14Q9cdKLMTIwMAwNaArAUaN2KKljpyyi686SgQMokASX1aOkf2nBWIIUXMh5BUAomUAuOmiqziAT3fksnrIGllJFXj5K++HSHv3HTKsX3Mel9FbIFJfyVtsFMUiVVnJyzDCNmwGwKu9KCm6aAXtf9zSgvx5S0Vj4g+0qsEogfZJCEgkRhe8L+qEdFJUmSdSYQE8KjBKxBc5NRKeoOEhvJA6dF05MoyU8EHIIHLKLGesIyh2c0CkxBfZMZFRf5EbA7l+En+RWKfjoVNSMTAwBAeedJCOxJQRJGfy2+Yt5AkMo0MujCamIHF0CEMj6cjMikevaxx52akAgL7BTgyNpAPIQ2ZWPEa4cZGyixZ7huBQWs6TSgId/yG38koo7A2j/YL9ONKRZIhHaXmxyF5u/oX9AVK+8r2G09mNkqISNtGiGHJpgWjyCVm3SerGRYl9tkQtxp/52dbhEJVrUXBRay/UJIx84wwAM1BW6nkQaGm1Yma5SVg/3eI9nmWlyscgbd9w/Khf8ZSVlujqPxB7hsBxssGT6urH1/+Dat2Hf/W0V3qsW+95SPFY8nWshaOcXpeW7/jjK9j72vN+j5mvY3zbQ7fpsm+ee/b33I9XrwNRablrE/9cQ28ijFT9heCW+x4JWAUmrPdwktgrKqt82pSUFaGoQZxWhl63WmwoyhsR1ZfWkbPx5d80s0IUb6vNIVqXEpDqW5ux3b3/t/7sFtx+5y9j4rzybuMw5kYRR6FmWXDxn48RfIsktNc5sM6Qg68k3w6Futzf+KWgyStk/ZS5R1SHlPXPy9fd3he2/GXY8MytyRwArF0BrF0xgnc/T8KbzXyqjA0VdtQYR5A7F6jBSEgVYLqdnrQcuTlZU/begI1D+DGViTCRIrC3OQaQXZiFNseAooKJWnmk/esRP532iCxLyS/ROn5qOFGv/HGM2Vrr095XHbVyLSmQ3tz+hGH7Sy9yG1etQPXsmdiw9UHuze1PROX99oatD3K/u+9u/j/DydOI1jgZGBimBhImQyeyptMXRU8qJKJCkmSMw4hjQiDBTPhQX5EjufD4wWcsTY0tGHFMYHZJnIjwQn7pWF1dAzj4zhu6XAQmugaQSdL1NPLqN/FuEgpRw6HTEsmRYqRppGgSjC8SDV2X9kfSUPU6xpBpTPBKg0TSDDVZx0QqL1IlmBklcZhRYvQiwiil4pEjvMjVoUkwRZV5suQOmvxCp0WqrR3BE396N+j9R+IoqsxD9UqjKO0SUZ0h8cmBxCwlDCmVy9UhkJJvpMo0Z6wTqPvMwVIgRQn+eM8aLhj7X+zYx/ZjBJHnnAlLqxX55SYhid7pFjPKTSakuNdbzGb+BZ4TSAYA9/+iDBQgAwjKHvMi2//PPt3N0S8w9727F1sffly27t23rMeaa28GAJSXq7/ALTd51oX+KyAQ/wSZuTP5l2IKXKK2DgdmkJdmnUAOALg/1EwF9VJNwf54Qz1Kikp4Qe8u4ImHbsPDv3raXVqAUqptn5DxT5f9ZcdvcM2t9+Dgt4eEzVabFfPn8A827tv2Wxw48Ckn7V8wLx19IScnF9lucumOP74CANKv49n5K8IoLTMFVLft1PdRby9HrlEC/TJf6/x//a3dXDDHz7Jlq0Tz/7HfPK94PLy896CmfvxIuuFi7XPhRyt+An/8r1y1yaCnf3/tf7F5DSe33wLZF/6e6+75xXU4cLAzqPMXfT6ONIFkKmL9T24TSEBq43Pftt/i+jsde4vzjThw4FPV8aXbVBv/+7b91q9Yt//pRQDQjZRy+52/NGzbciv384f+RbfxVFMo2bn7HeyUbKPVTQJt1+saoUAwKapYEp7raYT9MzAAwHdb+bRC1+MqnDfPk1LI9u5J9M/LxyxTNmDKhu3dkzgFIP1EB4rWztbd/tztnKZjt8Y4goXrcgXlF0J+IctrV1hQPCsXxbOA3ChPg/Tme3Xecf2T/n5USAMR8b/hympu+ZpLRXX27/sYe/cdXa8xbl3bCRSB+tcr7vVrFu2NpP+pguzCLGQX8uSuedUFinWUynvaXUH5v+XBV9brdfytu0W9rlz5S2+WcAfq6j3/R6jlUI/f8y98iv4BXp0lFKmO3t/ftj4W5uAXR45h46oVMXXcfHHkGLbezM4fDAwMkUPME2CkhBKAJ2uMW1rQyX9ID1MSYHaTYEKFia4BwJ3qJ8kYJ1J9IbHkZRjh6hoQYhYTdwLH1UvP4Uj6I0J+AShCS5l4XVRGEVvo5XFLCzrgaYsmz9CQKsWQFFQ0koxxAMWfiZuehquXnsO9ffAHgzj9jofwIUe8CCWk5BeahEJSM7l7KMRbU5Okm38PGSdPUF6ZURKHn/w3/uuw1/7qkRinVWp4wkqeqAzIE+pI1+Xq0G0SG7k0VKQeTX65eplJ9ACS/rqNwRvkKz+Ctw+Yg3oA873dxQY1hmGIT9C1XqjsI91/oX5cfGB2OvWf+I8kPtzzZ2F55qKF7CBiiCrUdDox0fl5TNiXmyowMTGhWs7AMNnR0nLS/ev0UY8vLy+fzeKPYjz37O+5TT+9NeQpiR575i+yJBji96J1Pw25CgxRuFFCLCmfsP/G8ujr78fic2YBAI78cAoZ6elhLVeLTWv84Gns6Ovvl/UfynIt8RMQ4snCddPw7K4+wMirs5wy9yD9RCv65+XjvHlJcLm/I+yfl4/G7W8bAD7V0R68g++2Gji97M/VEPORBwwcIb901/Mpj2Sfl7zVjVpHEgCWBomBgcEbRMlEC4IlsGhFZVkhmiztMTd+SmmP9Bo/ktLI3tmN2iPNMJXk6DZ+k1VNacPWB2VJ41oVWYK1b7a1spMMAwNDxBHzBBgp6QXwpNyplKmfaUxA32BoZNQyjfxwkjREBOYRAI0tGE/i4+ssKw86xZAUhameL9xptRsAghIOQWefA02NLaI4pWovJH0SDTkVGLotKcGG7BNTEtAFoH3QisLUEhSmlqANJ4W6dJohKfGCJqVI1Un0UCEhxBNCCvEoo/AkFxIDiYsnwnhIMDQa3r9N09doc654XjZlE+BRZqGVZqT9pwk5ZJkQV2gCi9x2ORtpm1LQMdmaPOmlSPmVy+ayM6lGLCzwSMG+d6Be1/YYYg8tZrPP7S6XS7GelnZV7S+Ovv47HDYYjUVe2wDAbreTq5w+/ZeBNv88qnKMaOtQV0cLttxqs4rWacWC2XPm+DXecn0jeOTe27186RF/qMujHf909fnCfcH/e/tbg9a6WupHE1otZqLSI4sVK67C/m9qFRVXImUfFxcX1fM71ud/tON4g/p9WE5ObsD7yukMLQFB6s+f+MaGnMJy9eLzFK8LcteQfW++JqyXzqmOyLEQ6/FH6lxQ39qs6xxUIsHEzHXLFjvnV/PpZq/rlVr8/+fJXTHTN6WPZ2hyCgAsPmeWiKQS6nKv2L7qDCj+erdMo5L/UJVrjZ+g1pGIO+/gVRfvvCMD2PUBajCKWkcikAfsNV0PYFBIaTTLlI2qrVdzjdvfNjRuf9uwc3MSp6f9zs1JXI3RbQ/grhdGDN4xJ2EhICK/bKiwi1IgAcDCdblYCPDEnBAh0HQ/G66sFt37v/leneGuO1ZzNvfxXVRkxM5df4+Z/wNaxkHa51Bj/ZpFeyX++f/Ybd04dLTVEC1xao07XO3o5V9vyColhQiEyEHS+bz+98O6tU0UTArycmHv7MZkgDTtkd7jRxRfmiztqCwrhNnq1DR+pL5WTBYizIatD3IXL14AkoZIiu0vvch9ceSYIpElWHsGBgaGaELCZOpMfFm5QLgwj4i3g1JGCSVo4gngSQdkSqJiCYNfKQmnqbEFqKKWqd/KqnJRuiY5SMkvTY0t6Do2gukLkuTbp9JYm0cI8QhCKiQp5BRe5NL00KQNKREjGBAlFOLvjHUCZ6wjgsqLNEUTKb9ng3biCwGpT4gwl25ayhGCDfFB0kKRbVJFHHqdkFfIthklRtF2MpZkO2lP2q4a+UgaBz/2LP0EA0MwKDeZZMkZdEofKeRS/ARjH239d57thfNsg2z9woICtNvtuvY/EP8FBfyDVTolgZYUEWp15MrCnXKCpDvSK/5w2kcT/nnNYuGe4NrrV4m2m+byD27+8amPDdL6dF2yvT8hQSDCKNkzBAY9j9+9rz2PzXfcq/ginrx4r1mxetLP/1hCSZFyejyrzRpUWiCns1u1fb3nsJb4iFqKP6QRGkZjEdZs8KS6ImQSuXkdirRLsRA/iVG4z1FQnAl12qlWmwOtNgeqF4T3I4VYIZVI0w3JxU7Wbc2HgWXLwj52Iv+4QhSztJ5cGVHjcSXmxOw5utFiQ5WbxNEoo2YS6nIpDAbDOn/SgDRabLgBRUB5nqL/UJarxU8UXzxI9Jx/Tp1FjZFXg1noXsfne/DpqquFOr82vwxxO6G137k5iZMjwfCkliTcuS4Dbae6UWMcwdoVFv4YqAeKZ3mIrGtXjERlCqTlNUuAnBzs3vUKzltUypUU54KkpNm/7+OA2pQj1kRNfyXpdiLhy3z0GKxt3cI4yY2Pta0by5bOhWnRgpgdo0DbCec+ijS0qr/0DwwjPS3ZK+1OWbHRi/jhq1xNuYSGP6SNyT5+9s5ugTSUnpaMJks7ZuSmah6/QNR0oj3tV0VRKS5eLH9+2rD1QY4mrkhVWCqKSrFx1QpsXLUCG7Y+yElJLMHaA1CMjYGBgSESSJgqHTUlQdAcyegtwPo153F79x3S5Y/A+jXncVlJ8vkLzSOh71vc9DRB9aXr2IhAMCGklm+OHMSIYwJN7pRGJBUUIc0QBZfOPgd+2H+a304RWAhRhlaWodNJkWW6fbJsorIEZfQWoC/TjkyUII5K/1RTk4TX/mrzInkQEMILIanQJBi9QKukED8AT3whSiw8IUScIqjhs/s4wCnUzykwwWk3C79K24jtnJVPGQAIiizCTXGteOIQYgxNSqG3KY2dHKmFtEEru0jblC7T2/QeewYGBgbhHDotU1GBZSr494VgvwJXIvcwBA+i4LLm8sWYOdv7YdDme27g51OHXSC99CckqNb//MMPhLoXU/X+ec1i7tf7jkTNw+yx4S60ttt91gFMUWkfLM7a7KrkOQBoOHpIkQDDwBBqtLScxOrLxR8ynmxoEI6bVotZVWGJlC2c51FMqFmxGjnTMlXJXVMlfiVyzgvP7hB8hRok/RHgIXjUHeNVjh65/w588vUPul8ziArM2s0/F/kFAGhIg/Tcs7/nQj0m9Prtd/5SMRYlgklRxZKwHKOR9h9tyEhPR19/v4jYQaubhLpcCVpJMNEeP6340nbqLOBw/7qRO5df767n1WGe6awGfacabns58gshsjxzazIHAI+/vxYPX/GuQHrpru/GPTtqsOOeWrSd6sa7n0dpCqScHADApjuuA5xO7H71QwA8ScOfOUew4cpqjpBq4HRif+1hMIhhWrQABw7WY/maS7F71yuyY0jqMUx+HKir9yJy0Gl8miztsuSNgOdfSY6gXgJAtl1/VUtidfzolElqRBip0gud4ijWx89fvLn9CQMhqFTPnulFQJEjr9SdPI0vjvDXFJqYUlFUit/dd7eojWDtpW3s2P0WU4lhYGCIOCYNAYaol3SWuS+I4NVX4svK0dTYIiJiZBoT4LIO6OZ7omsAmSUJAjmE+CXqL0qphnxh/ZrzRA9t1Ag7bdaTKAb/lVmSMU5Eauk6NoK+TDsKHeIvEWlCS5NEIYdelyO79DrGFMvaB63IOFaA6QuSYB4R1yGxEgIMUVih0/IQQoaHnMETQ6SpfPQAST1E2qf9CGNBKbHQ5Jcz1gn8b2sDnrzhAvF/2AKT6Fdp22++PIjfr/SkYZpREuc1BvS6EjlFSo5RUm9RK6O3EV/SvpJ1W5Mn/VRT9xi+t7uEHNNKMsAMPOhxauoeC7q97+0uNqgUtj10GxfN8T32m+dlz+ET7q0fvMMrzTYcP6rajrTc1zrB5Vetj+j4+eo/ANmvuo3GIlTMm4/649+6x8kaUP+11FfyDwC+Bmfva88rljWfOI7r73wg6DH8cM+fheWZixZOquPX1/gtW32t6hfxkT7+MxfwDwO+cgBfOeRTq9z8o7kw5hfg4ssXAwBaLRbMnD0XL32pkIolpQxxi8u82o1bvDjs/VU6fhkYGKIbNHmEJo0EdN954pSwXFrIf/xRs2I1aj//e8hIHtEef0vLSUVVGqI4Ew6SEAFR/gCUSRV6Q+qntMiI5qZGTbaEtKPWn9xc8cuNx//HL9G9Wl2Zvr61Gduptrf+7Bbcfucv2QkhhuCL0BHq8skc/10vjBh2bk7iAGDtCmDtilG8+3miKH1QjXEUuXOBGowCqMPegdnIShsEADzTWQ3sqkO47JUUYAie3dWHnbvfMdy16Spuxyye8PLvLWuxc/c7Bp4gEx7yS7czgGczTqdAgkFODjbdcR327/sYRRrP3+ctKuUA4PD31vUCUYZqD/CfRBORcYggaCWYDVdWc9a2bjAw0OQMvcgvpC2z1QnAkwppqo+fFiJM/8CwF7FlMo9fQOcyCXnl9U8/B0lTtPVmcT1CZKFJLAAQjD0jujAwMEQrJpUCjDRNDwBB0YQosSil4NET5hGegHPSOoHZErKBr1RDgIf4smnDtZLtUFWtkfatqbEFI44J9GXakdFbgN5eTzldl05lpNQuAKF+kjEOcMj77XWMIQNupReKcEPayOgtgAviHOQkvZCH3MKTT6RKJQDCoj5Ck19ocoiUEEK25RTMhdNeL/sLQLGs7rN3gF+IUyDR/abTF3n6nicbs1y6KDpOulytnq2pEzNKjJhREgdbE4TUSmQd4MlKcimQrlw2l51RfWBhQRbeO1AfNfEYDAZwHDepxlgpDYXDYYPzbK+iwodSmR72DocNj96/RTFmOg1PKOIn/lvmL4rI+PnTfyVsffhxnGxoCOn+mz1njmoMdrv4pZucGovc+NH9V1NwkZY5nd4P32695yFhWRqvw2ELKC0EADxy7+043uB9bsrJyfXZZy1lWusEM37RevyL+vAj/jopq/jiI4VOtJ2/cqcX4+C33wjrM33s++7eCXQfPggAWHr+BRjo6MAh97q/9vNLTfhvt91r+Of/eT8XiP2v/9eThr/+6Q+ii9+pjg5kZWcL666eHpF9VnY2OlosQllafr7fx1mojx8G/+A4fdprHxMkDY/i1NHvZcvI3DjV0aFqT7dPl+kFX/OhrcOBsSGnQB55/oW/KKqklJaZZFVUVJVV2u3Y/00tll9QI5BISudU+xVfrMc/NuQUyC9y5ByiOKP3+PijnLL5xnUhUX8hICowP3/oX0TbKyqr8JVCrGpKLOHAZ1/sj7nzVYuVn1vm081eZc1NjTDNrPA8i6Lq8CmUoh9Wiw3P/o9rFMuUPrJRKwvWXkvbsRx/jXEUC9dNE5RXCPmELK9d0YriWdNQPAvIpdIYnTL3APPyUYPw2iuRYGhiCyHBkOVZD6zjYLwcp377VlS+lLO2dWN/7WFY27p5BRj+DyB/7Noc2LvvqOrXK+ctKuWIcgzw4d4NV1aL0tfs3/cxCJkj3CSYaAZR1yFYvuZSmI8ew4Yrq7miIqOgDGM+eoypwExyHKhTfzb7ydd1SE9L1t2vqSTHZyokf1RMInVsBzt+hPRCK8YogYwFUZQ50z2o2vZkVoGRg5T88v899bQXcUW4xlJqL/dsWoeKolLcs2kd6k6eDthejgQjTZ3EwMDAECnEPAFGjvRCEF9WDlj5EzitQkLIGHqCKKkIF1u3ggohw2iNef2a8zgp8QUAvjnCP7S/euk53NsHxQ+xJroGeEWVXu842gfFX8rTfe91jImILHKQjpuUKEPakxvT9kErClM9JJhMYwJ6HWOIm56GiS5egYdO9UPILVKFEs82sfoLUSEJFkSBBRCTX4g6DVGAKarM80pVBCgTXJx2/mZQrYwGIaEQ4gsBIaGQMZL6p0krHts8ydhBVtGFboseWzoGellOQeazIxZU5iaws6kf+OyIJaramUxQegFsNBbBebZBUeFDqUwPe1+khLJS/jzZcPxoSOIn28tKS2BptYZ9/PzpfyD7V6/95wv5xhnocJwRbaMVSQ5BXUFGql7S1uFQVTRxOrtRUlQStmNH6stqs6rG5yt+f8t9jV9pmUm1vWg9/tXiookwofYfiuP3mqs8X+C/8Y76cze6LgAcOd2MCxd4XgZ/TZFh5EDXJfj1/3pSuA+kyTByoOsCQP9APwoLPX2jCS+unh6BsEAvE2RlZ2NMckw/9Zi6wtO0nOmi+sEePwzBQ4nwpGX/t7fbAp4/ekDLXCLKJADw0aefKZJEAgVpq7XdjtLCAkUllUDneizE39LihNFYhI8+/Uy2nCjOELUZuXYCGZ/LV/5YWCYKKXXH6kXqL5FGaZERF637KTZuuFpWxSWS6HCcwQUXeBRc67/6SCCYADIEkmXLQv/fkCLl0GQWnsByhajsm2++EcVPx2s+3SzYk+3R/uLbH6JJOFFSVhQ0QSVa4/9uq4Ej5JPuej7lkOw57K2zqHUkAkjEk8bLMWsgFeknWvH8vG8RbnslBZhZD6wT7v9O/fYtw4flcUg/0SFsn2XKxuKrlnFH3jkQlSQYovQiVX3xRX4BgJLiXLGCDP8HUkh/FI3Yv+9jr200aSfUvpTAp0V6RRSLzeaAzaa9Db364U/cav61thOoXUT8/5M+c0OaskcKWoXEV11f5A258rJiI8zWWgC+VUzodD/RAj3Hz9eYScevrNiIT76uw4zc1Jgdv1CATk1EyCu+bOh0ShVFpagoKg3YXhoDAwMDQzRhUr61FtIh9TmQZIwTkTgICUNPkHQ+dEohepmORw3r15zHlZeX4ZsjB3HB4qWishb3V6dx09NkSTAZvQVe7XUdGwEy+WWiAqMX1Nrry/Q8QJIba6kKTE1NEpqsY7A1AbQSCoE4HY++KZBoEg2dakhKfgEgqKDMKIlDZUmCuywPN/6fd/Deiw8hB28AgKD8Qn69tuVcgxvvvVhEPiEkEzlCipR4Q6eCItuk9nSdGSWe9FJSRReltuhUU9KYiBIMAFTmJhiuXDYX7x2o59jpVDvuWbPAoIcSzA+NVmH+LrpgAXf0m2OKN6ly5QYDUyicSmhpaYchjo1DLMPXF+NaiDwMkUdfD/+1a0b2tEnTJynBxddL3fQ0sXT//FKTsEyTU9rbbV51peosgDfBxRekbdLt9g/0C6SF/oF+AN5kibSUFGGdVmbS2n+G6IM/+z+Y+RNOSMkZUhLJE4/d41d7D27bAcBbWYWQSKZS/CQ1k5oyDcH+b2qxPMSpoqYS1m7+OVpt6vdD/+fJXYpl+cYZimVyBJJwQM6nnH/z6WbZ+EndDscZoS2atB2tJJhoJY8QEBLJZIu/1pGIhYCIfLKhwi5KQQQAC9dNw0LwKYbST3TAdqIjYvZymPXAOm6WKRtZaYNwDaSKyDAAT37JShsE1s4OCwkmNyfLvWTTVP/w99b1APYCwLKlnmeHRLVl/ZpFewFgw5XVePO9OtnYiYLM4e+t60uKc/fur+VVn4qKjCgqMiIS6XzUxkGa2slmC626YUpaildcJEWTVAmGYPeuVwRbT18gspW2qXc/5OIOxL+0HWLvr50U0jiGBoYC6oe/duEEURqhyRxlxUbFFD3+lptKcmC2OgUVmIK8XNg7J0/6LS3jJyW3kFRISmNIyirLCmHv7Eb/wLCgAjPZxs8f0CSUZlurX0SUixcvQLOtVSC/BGO/cdUKIZUSAwMDQzQh5gkwdDohOr1QZ58D45YWVFaV4wfH6ZCnPqIJL13HRpBpTEBlVTnGLS1CXHkZRsUUSFcvPYeLm+5ZJ4ovFyxeim+OHBTSIX1z5CBOd4lfnBP1F2n/aCJKYWoJenvHhO2EvEKWaZIQvUy3RWx8lRemlgjKM1KiDK0CA3hUVgCICBqAOC2PHDGGT8MTnAoMUX6hMaMkTqRMQ6ckql5pFMgvJL7qlUZcecvFAID3XvxC1R9f70lUrzQK9qQPdCxy5BN6nGjCilIdekyl63QdOVUZ2o+0XDLmHCFyvHegPqofAEXLQz73WJF9HdT8/eM9a4S2ygBcvcykeLMpLX/7gJmxX6IEhvjwXYrt9m6Um0xTtv+xjg/3/FlYnrlo4ZTrf6hesoYLw0MDGB0e9tw7uYkwUxFERUO4T6XUNPoH+tHebkOHowOLq88FAMW6kfI/BoZYxllnV9DzL1D7cICQM+SUSUrLTAJx5JqaGnT0GjA9dQQJCYkAgI5eAwpzU5GcmoFBl0NU/uquJwEA195xv+z5uUYnkofW+Mt+8Uuv8uJP+S9q21bVeJXpHf/JhgYRKUdKyHlw2w5dVWv8RajTHxEopUHyhaZDR9C9ep36dV/m5Vyp5AVqq83htQ2ASBGnvrVZIIEQFRUavggk9P84KaFAiSBBb9dqI42F/JJlovxCx0+rwXQ4zuCbb77B4cOHcdddd+Hw4cNALf9fPRpJMFb7GVjtZ1TrtFttinXUyvSy5+fP6UkXP08qScSd6zLQduosaoyjWLuCT1fQXQ8Uz/KQtNeuGAU+r8OTxsuR7iaxhNteLgUSTX4h66fMYpI0Keuflx+yeSwlA2gFx3FvGQwGovSyly4j5Jflay5VVMR48706g8FgEE6i1rZuEZHmwMF6QrIJS4qUQMch3OAJFTYcOOj9QRohxdDjyDC5oKZIIiVkqCmLBIuCvFyYrU5NdSvLCnGmu3nSjR9NeCkrNvokEEnbrj3SrClFVTSNnx54c/sThu0vvciRZZp0smP3W5rUWwi23nyLSMUlWHu5+NhZh4GBIdKYNG+diLpKxwmeOGIeAUxubkWSMQ5wQCDBZBoT0DeYFpI4CDmETkXU1NiC8SQ+JVJ8WbkXCYYnv/DxtLRYUF5eJpTtfvNV0CmRLli8FKcP16v6TzLGoaXFIqRGImmIMo0JisQUAjWiUF+mHZkOT4oE10gzspIqBKJNX6Zd8EVIMBNdA+ibbhelQvJ6+EWRSaQqJTx48gVRgiHQIwWSlHxCp/ihyTmv/dUmkEDoeEldQmh56E/XeqUwIiiqzJMl8tBQU7eh1Vqk63IEFtqvtA5NfpFr25+4rlzG/hxqxcICz9cLeijABLoP3jtQj6uXmcBxU4+c7XDYvFJ6OBw2xTItdUiZv2gxm+FyudBiNusSvz9+AQAX6zt+evRfaR9oGf9g958v3wR2O3/Nq8ox+lRkofGXHb/xe4y+pZaXnnM+TAvPF9bz87U9kCEppgAopsA6je/xxl92ePv/e/iOzWlF6sSWVgs/T+Li4qLy+NdiPz42iml5/PW3zdqGjPRUn3M/XPM/EPia/2rlCeBJA66eHjSbm0UEgvS0dDSbmwXyANx1j9R9hwpThW5zLlj/wfRfj3KGwNHYfho3Brn/Izl/pXNDbq6cbJBXBHvisXvwk4svFQguAJCUmi1al4KULyjnCTKv7npSlkTiT3zBxC9HfNH0P/0n1wBA0PF3d7Xh2o03CAQdQn6RxkX7oQk2pXOqgxqf+Qq3/a22yJ4zpP4rKqui9hxwwQUXwHy6Ge/tex8AsIYivUgJJP/1Ff0/OAn/1am+DsBnHXrdlZgjEFqkZJaiiiUAgMOHD+PKNVfIxk/b5Btn4L197+Ouu+6S7Xe0p0NiCA8IkWTn5iQOAB5//0o8fMV7Aumku/4s7tlRgx331KLt1Fm8+zmfgujJrVdzkbSn+zDrgXXcefM8z+ts755E/7x8zDJlA6Zs2N49iVMA0k90oGjt7KjdF24SzDpCVKGwd9Md12H/vo9hbetWPHbpbW4yzV42w32DEFwOHKyH+egxmBYtENarZikT7SOlRqKXf73il7ZjU1By8WXvr51eOFBX70XkoMkbRL0k1CAqMIQoIkcYabK0o7KsMKqOHz3HT0qCmQrjpwe23nyL1/uwZltrUG3qaS8XHwMDA0OkEDICzI5t93K1x/mvEYoLc/HE00/LnvwuvFT+C+byqmyupbGHLAOAgawTnG+cjwtWih8gxZfxqitkGQAqq8ox4jiN9kErMlHCp+XJ1Le/hPDSPmhFobEElVW8b/OIODZfmOgaAMo9RBia/ALwhBgAojRIe/cdMqxfcx6XCf4lV9exEUyMDHi1HWi/pSmN+jLtfJwykCPQTHQNoDfJs70v0469+w4ZAIiUVtRACCehBCGBEF9N1jEq1ZF8HHLramQUtX58vPugQapIIyWeKK3TBBcl9RjaVo40Iy1XipGdNhmiGUovgbc//jDyiudi+QU1smliyMsFtRQyanXaOhxo63DgkhUXy8Yke52TKLE0HD8aVPxa/aspwITDv1IctX//AM6zvYr7wNf4B7v/1Owb2z1fThYU8EQNOr0JsVcjGFxw2ZXocJwR7OVgt9tF5Xa7XSR1T9uXm7z3U4vZLBpXOXKV3P4vv/Mf0WK2+eU/2PilaDj+rU+CRmmZSTWtTCSPf1/2je2nkT3N81CGJr+ctdlV53445r+/x690/vtK9yOt89RjD4jKfzj6pZeN2rZ1128O6lrxtxf/EJT/+7b9Vti297XnsfmOe1UJSPvefE1RVSKQ8WMIHvQc8Hf/B1pXyT4QKM0HWj2FEAfplEEXzr/Qy6Z6VgUypxWg23oMnM2A6lnTVdcLc1PF5A6L51qjRUVFbT5rib9NYmPK9XzZPy23AI5uu2ibFHlVM4OKv7urTZGgE+z+03K808omhHQip4ASbiipsEiJMelZuRGNkxBcbM2HvcrkCCTP7Hl3fSjjWVUzd++Va66QJbMAEGLd9fRhFFUswZIlS0Tx/8sDd+Lq634mbCuqWIKdO3diyZIlsn2MFuzc/Y7hkgvP4QBgbZX6i7J2qy2gsmDt323kVfs+ra1fP9niJ3h2Vx+e2fOuYcv1a7kds3jCyb+3XImv+88IKi2EfDLLlC2kMQq1/TN73jXwBBlv8guBayAVp8w9SD/Riv55+ThvXhJc7seU/fPyceq3b/F+H1jHpUv86onGU8GpvElILIKiC0nF4087lKKMbPuhhJZxCLdKDJ1iR5ochZAwDhysF9RgqmYVqaYcou1C2R8tcWvxL21HmgYqEP9ycQTbDzX7cCa1oUkYoVR/EZ4rUSow9s7usPgM9fg1Wdr9Hj+tqi+TffwCRbCKK5G2Z2BgYAg1dCfAPHj33Vxbezc6+zwS752n2nHzxhu4l17/T58nQkJ8OfiF52WTo70bxsJcTkqEebfuC6z+Cf8Qr1OSFtaUJF5PMsYh41gB2rpOIm56mkDA0AM8AQXcRNcAiktmi9Rf5GIBgKzpygo0gsJLOZ/y6ILFS/k/QG++qkg8odGXaQe6+NRIGb0FQKqHuALwhJSsJPEXiIS40pdpR98gFBVbaDIMQUZvAVwjzYibnsaXOwqQaUxARm8B+qbzZJm+TLss+WhGSRwqS/hpWFs74pXuiFZkkSqrELJIMKQMpRRIxDfcIvfVK42iFEgkXmn8/q4rxSJHhvEFJXKMEiFHTdWFBh2LHmmnGBhCCV8vkUOJQ1+9G/QLymDinwz+2fyLHHhCzUhMj1+sjD+t/tI/Mh4VMYX7+P3bW98G9ULx5Qj7v2+b5wtbLQSmhqOHgk4Lw6AfDhzsFKUNmExw9fcL5AxCHGm1mPHyC9vdKY88dReUF4Cz+X9bXz2rAj9athxP73oSy1Zfq2uKH3/ip0kuRVn88qBk3ev/j6sD48jGLVdehheDiL+13fOfmFZ/oWMy/+QaLxUYBg++qjuAr24M/2G4detW0fl/Vc3cvTQpJhIEkl1PPw7Am8wCSMgLtfV4+WXvK+CntVtB1wEgWy/a8MnXPxguufAcrrAkStMoN55WJY/Eevw0sYSQUMhy1daruSdxORq3vy26SNCphEJtD6O3PUH6iQ7YTnTg1DsHDACw9o83c8CgkBJplikbsx5Yx5367VuGU799y7D4qmUhkb6VUW4JCoSsYjAY1i9ZWLLXXx+RUnjSexzCBSnhhWEK/Aeoq/dxXapDelqyohqJL5USf8vtnd2oPdIMU0mOog0hlUT7+BG1lSZLOxu/cN/bBqm4Eml7BgYGhlBCdwJM3Sn5C0tn3zDWrN7I7fv764onxfKqbI4mvtBwtHfD0d6NpRfP5Mqrsr3UYEhKIZIKiQZRhMk0JsBlha7kF4K9+w4Zrl7KfwFC1F+aGltwweKlQlomOk450OSWuOlpggrMN0cOCimN1PwTEg4BSXHU6xjz8uEacec/7AJcaPYixNDI6C0QkWfiKPKO0I6kjPjM6C2AC82Y6BpAG7zJR4RkUlmSgJqaJNQiTyC6ECKML9WUYPablGjCk0LEhBE6Hq94a0eCWtezL0rQSnTxNU6yN5LdY/je7hLymJeUFbGzqgrocWrqHtOlTbIP/LWpzE2YlGOcMy1TVkGi+cRx5BXPjZj/cMWv5t8QFx9R/7EOLeM3e84cn/Zyyi0ejEjKR1BuKqXaGPdhL+M33r9jPTj/gcffcFzb/Gltt6O0sCAqj39f6DnbLRBekgwpSM1JQ3YMnD8ZGCYjqJdM6yZ7X+UIHksXLkK39VhI2g5H/KbcfEWSixqKsvIFkoze8UtVZ0y5+WBnUGV88jWvZhvpY/DT2vr1/hBIQvCCWUTIE8UyRfBVk4HFHwFUuVMSAUDj9rcNH5bHIf1Eh7B9likb1WuXcnXvip8F3fbHLdzzv3jGECl7ADjiJr6ogVZ90VI/mu4l3O0K54ZoT10Wq/dUjPzCQECrkBTk5YpS8yhBj/LJomLyydd1uORCPkNDk6WdjR8DAwMDQ9RA1zegN2+8gdNSR0kJRkpqUarjVoIR4KJIH3kZRnSWeUgvTY0tMCUBIw6eRBGnorwSLOKmp3mpvxDEl5WLyC+urgFBBebtgz8I5BkCQiZpabEI6zRI+iMaNLHk6qXncESVRbDt8sRJ112/5jzO1dUMl9VTTggsRBWGjoHEJiUSXb30HG6iawAuNAvtEBu5eAloUgngUSwhiiukTlFlni5kDhpSlRXim1adkSqoSOMNdt0X5NRgAlGIUbLRq/0rl81lZ1QfWFiQhfcO1OvW3o59/IuLz45Y2OC6IZeCgmwbHerDe++9ibS0dFnbRg27xlcdNf9e1zOZ9DS+7Ekak0D82+12DAz0e/xerO/46dH/4w3iAc7JEf+BVeu/r7Hx197pFAvukvGz2/lrYkaOf2oZXuOvEXR9l8s1qe19zR86TcWyKDv+6bKeLv6GqvnEcSF9VlXhTPT1D6K4pNjL9uAP3+LgL65DVeFMVMybDwDInl4SsP9wnL+kx4u/x1+kH+QH6//1t3b7baP1/NPdxSd4yZ1e7PcYM4R/LkQKavNBqjTyxGP34MbL12PQ5Sb1z6rQJYYbVlTjPymFE9q3r/kaTPyBkl+kuPum/4anA4xfCXRcNpd8yo2frP9pUF/Kf/XVV3tF42XzjvWR++8QCCbhwGPP/MWwbcut3NrNP5ffp1SMpaYqXY9BLS9caR9y/iL90tadumTdZDxX+UK0EKGmWvxVW6/mZpmyBcUUmowC8OSTrLRBYO1sVK9dyp171XnoO8OTuJsczrDby5FgaNjePYms60q9tpP0R6EiwEiPT7l5EMyxG2vHva9xuOsOsRqijUqREwqkpKUIy4GQXXzZkHK9+6E1bl/+ldoJ1C7c45+SlhJWklKTpR3paclhP25MJTkwW52qKibRjsqyQlEKKTZ+kwMbtj4o+16IpTpiYGCIJehGgLl54w0cnfZICZ19w0okGM7R7ju7o7sOB8AAAM0tZhGxhCjAxJeVC9vMlKJ/Rm8B1q85j9NbBWb9mvO4jN4CL/UXOpbOPoco1uYWs7BMCCKECEMTdbSQSKTwp+7efYcMG36yXriopXfwf0z7Mu1wWQc0t+mPTynOWCdwxjqiWEYIKYCHBKOHYgpN9CiqzBOlPyLLtqZOFFXmiZRopPEGun7PBvXY5OIk28k2uXEg2+VspHXU2tcyhp8dsUxaNZFQQS/Cyg+NVpxTVWJYubgM+1td3PLSLMV9Ji1/5pX9U27c840zAMxAeXmhsM3SasXMcpOwfrrFjHKTZ73FbEZZaYlim7T9vnetfsVTVloism84flS1fmmZCRMTE4L6RVuHQ5Sy5JDG/peVFoZk/ILtfy2AkiLPWFttVtWULNL+613udHaL4iH9pxHs+MvNP7lx0jL/Yt1ey/wXlhUUYCJ5/Ivtl/D28xdhfuIZoTzJkOLVRs/Zbjxz/50AgOOjM3TyH/rzl3T++3t8TQbQ/XvqsQdU607LmS6qLzc+35/4DgvnnYtLVvDsxJMNDcI2BgaluSedS4RApYa+LgtG+ztDVk7H6O+1WC3+jl4DjLkFwKffiFRcpDDmFmBw717V+A6f6sLKZQUBxd/d1SYiZBJISTlFWbwCDF03DsG/0Ny/fz9Ki5THVI4QEy6UFhnRanOoxqc39HhBHA0vmScrwcWf/seyIlesxU+TT8j6KbP4g0RS1j8vH8//4hnDbX/cwlUiBwCQwcWH1V61Lw+s49Ld9bPS+KuD7d2T6J+Xj/PmJQHzSrH4qmVcqEkw7Dhm48AQ+4iEggitYhKLICotvhRb2PjFDjZsfZC7ePEC/O6+u2XLt7/0IvfFkWOMCMPAwBATiPm31nkZRkFJhYcnFVJTY4uwlU4DBPCEFcCTJgjgCR97930re/K+6SLPFwlEEYW2z3Bvb2pMwohjArNL4kSEF/IrjfWlnb8WsSlv+Aflvr60E17My91vvgogMJIMjTdf2xvSixatcEOTeyrXxQlKKLW1I5hRQq1T6ZBo4osaaNUSmiAip3AitbU1dcLWBEFphixLSTGK8Qaw7g/kYlYiqWghsUjLAiEUVeYmGK5cNhfvHajn2OlUO+5Zs8CglxLMD438S8tFFyxQJbX4KmdgYGBgCC1Sc9ImTV82rtsU1H3j62/t5oIh0CxbtipqHrbces9DfscvxfcnvsO1G28QbZs9Zw5ypmXii68+ZyQYBr8gR84Q/n3mFiBj+nRkTitQTIGUMb3Mr3Kpv7gQxr9k1nRdxujwqS5Ff1ri9yd1El237dT3bIIyMCgg1l+ax0r8VVuv5s6b50nHTcgis0zZgCkbtndP4hT4FEJFa2cL9Z7/xTOGSNrLYdYD67hZpmycoradMvcApD03XdIXiYaBgWFqI1LqLwRExUSNgBOt15gmSzsuubAaljYHmiztqCwrjMrxY9CGDVsf5GjiS7OtVVReUVSKjatWYOOqFdiw9UGOkWAYGBiiHboRYLSov6jV1aL+Qtc1FvIXNUIocXUNiEgvXcd4cgEhq1x6Df81pZxaDNnW2efA+jXnCy/yCakkbnqaZvuPP/oCANB7uAA4fArTF7hJOFV8PTr1Udb0NFH6JvUxc3j5B4BLL7tY5P/qpfAimuitdqMFhGBExvDHm66QHb9vrQ0g6YBqapLcpBBqHXz6IUJ+IemIbE2dkCO30ISVSzct5Yoq83DppqUcnUppRkmcYuojnvjS6ZX2qLIkAZUl8I4vyPXJ8JyKEDneO1CPkrIidlZVgdViI2NF5l/Qx+bVy0wcAJRRy3KQlr99wDzlblINcfH8b7x/lz5/60e6Xb37r5d9pPuv1/jF2vyLdfvJcvz39Q8ie5pnvc3ahoz0VGE9e1ou4Ji848+gDJr84nDY4DzbCwDImZYJALj4ohWMBBNmbHvotogTux/7zfMB36f5Q87QA1J/wZI8fMWfOa0gqPZ54o5B1/hrOp2Y6PycHTwMDDGKuzZdJTrv79z9zqT+r+waSMUpcw/ST7QKSiku96PJ/nn5aNz+tkBWST/REXX2NLLSBgUFmVmmbKFN4oeowjAwCPcBTpdimVrKHaldONPzaI1/KtjriWXVc2WXCXyl9NGrvKzYCLO1FgCfTqjJ0h4Tx9Ky6rn45Os6gfxyyYXVbPxiGHLkl7qTp/HFEf6jh4sXLxDKKopK8bv77mYkGAYGhqiHLk/Fb954AxeIDZUGKZCHjBwAA00gycswIm+xEZ19DlRWiYkppJyG3PqmDdfKElv0sBf+7GkkvRAo+Zduy8sw4oZ/uAWdfQ6MW1qQP49PwfTzjSUcALQPWjHRNRBUqiI1XL30HC5uehoKU0uwclac4F91/Lob3KmFxgRlFOk6AC9CClknJBdapYWQXKpXGnHGOiGkL6LrVK80ou4zh2K7NHzFF+x6rOPKZXPZmVQjFhZ4/iDrpQATyD7Q03e0weGwwWgs8toGAHY7Ue9SV19qMZs952uXS7QejH81P1rsyRfKrRYzyk0VAHiVgYD7f7H+4xds/602cRoWaf+kCHU5HY+n/zyqcozBjX8I5l+s22uZ/wAQFxcXlce/nH1/5ji40RFkpKei5yxP9u7rH8RwXxyG+4ZRMbcwJsY/FAj2+Iw09Dr/nK6vA3ADTjY0iMppIkx/Z2dUjsfiq5aJ/sMdeeeAgd4WjnQDocLmO+71Oh7IMeE824ucaZkhK3/0/i1+zS0tc2PQpVxHj5RHajHqeayP9nei289Ygj2+1eJrtZix44+vKJavWPH/s/fm8VFU+fr/06whCaRJSNIJWZo9gqyyBHEBFNlkc2GUcRSXmcFlZpgrKs7ovd7veK86ow6/cePOuDCOg467INugLCoSQSGAQMKSdBaSTkKSTkhiWKR+f1RO9anqqurq7uo1n/frlVeqzn5OLb3U089nLr7+psB0UVI4wxwZGZfe+LLtg+lDIRExMOHL8sfuU02PRSFMwpEaVB2pwYmNogPw7Bd/KgA/SCGJhtiTMHjF9cKJZz+1nHj2U8voOfIfj4W7PmPIQ/NkTjKsXQA4/qf1ljFzJwqZc4aiua0XEo5U0MkeRcyfNUoWx3DB7NE0DyJobN99QHJ/0Qvh4y3ET6D5+WMGoqCwBPljBgZlnsowfWY6yvAuMIGuDy964csbWT8AKCgsAQAMyqFz2xeU4pePdnwBFuZoxW3yckwIQyIYgiCiAVOewPvi/qJWxxf3F291+qTEo0+KHUphjLvfWlUhSSTVBxB4/1yZK6+b1LE1SXKJMVsEc/2ES4Rb7vqZNP7jX+70afyicOWc5r4WTLAiikrk7an1wW+riV208DY+f/cfWKDen5GQTQRBeOJqPANXY7FqXobNhmqnE7l2u5Sm9nB4QK5ds/3SModufb3+leTa7T7XZw9QlKE12MMZX+dv9voFOv8Rw7TFXHohRYyEG/G1vnKfzd9ms3nk+7v+Zp9/0V7f3/M/Uq5/ALg87Udpu6n7WfSwJAA9E9B4thUJPbqipfUHWLr3QEp6V9H1JYrW30zUrp+n/p96jOlH//Nl3eMeDvixrPtwjaZYAhAFDZs/+RD5V81Qzf8OxoRGkTR/QBS/3Pjr8RiYKYakqW9qxJi5E4WHnhZdH0uq6iWBTDQKYbSOZ1paJlyNxUHN9/Uc5GmoP6Wa3qtPmqYIxteQR4GMz9vrsdb4GZ9/X2PO8U22+T1+b2MMNtmZ7rFVVNXK9sON2lgibYwEwbh38VyBCV8OHqlAdVW5+J4xM0cSxNy7eK4QayKYAxu9f7fEu64oy4e7vpLmtl6o2ngMhRv2WIY8NE9yjGGi3Nbh6TgexYLczsbls6bTPIiQwDu+RELonJz+aZx4I/hhhCwWy7xARDD8+gU6Xt7JhaEndtFqY/vuA0hN7oW6BnL+8gWl+OU/Vr3sIXxhMKHLghWPCA8snkciGIIgIp6Y8kVXikfUQgz5Ij6Jxfo/lpdhWn4e5s+KF8wKjTR/1mXCtPwc1BzZiz5XXo3m+jakD59gePwsFNDJyguoq7zYqfZ59MIy8XkkhiEIbdR+UR1MBwOz++/s9en8o+s3Fs6/psYGtJ4TnV/6Z4lfpvVCPH5wtSE5MQ7nhHapHABVIUxnO3+1xC8sj4lgIpHGKqdX8VDxwe80BTCsvhauxjO69UMJ7+5y16MTkcLH9QIw/Z5xqG9qBAAMzEzB9HvGwZ7aLaqFMETkkN5bQM0ZC2ZNGiEJcg5VWTBuSIpsv7bB6bXMuCEppozpwtl6VFQ7vZYB7HQAVXjjb3825AR8589/a6H6hJkw8cuWz3Z55FVXlUtimOWP3ReTIhieqo3H0OembI90Fn7ImwAlnPW/O3IOCUcqNN9fKJ3pCALwP3RRuEIeeRtHVVu7X/V9rRcp/ZsJ7/4SCQTbBSbS1k8rxBFzgvFVBFPX8EPH2lXHbBikZ9/6h8CcWcxqkw9txMQv3up88uwzFl44w7cRqfMkCKJzYpoApl9iT8NOMGpl0zKSDTvBaJVVii18DTUU6/VrjuyVwhItHj4Bv1yUJfzfR58E9ELyy0ULhMULJqn2aWT8nVn8whxpmLiFF7zwYZ2AflIaXz4ShDAnGy7gkLMZleXiA7KsnEy6q+rAr9PJhgumHgNf68Qqar+cZmla33xdtOjve4Mvr9d/sOr7O//HVi4VzF4/vfpL5stFfsseetSv9Q4XQhScf9FeP5Tnf7Dm39TYgB6WOKBHO5LS+8vyelnjJdGL0faiaf2jFbV7oRpPPr2mU3/5whxfkhI8Q5Ax0Ys9tZss7bLBqahvasRdj06U2gDCL4QxeswjdYyXTZmjW5cPGRcKlP11Mbm9aBs/4RuLf3KHbv6Ke36GO3/+W6pPmM7BjrA4d9+zAq+9+qwsj6UdjPHQOYNXXC8kQHRR6RMv/mK+auMxtA5Px2XDewDDszF6zgRBS4QSzvoJR2o83k8MsSdJYZAYJL6NHBpc7u+tQiUmae8QWWh9AvM2Dn7MvtQL9riNjsNoO77OP1L6N4NIcH9h8C4woSBQF5hgrZ8/4hfGyfJqDMrJiEkBzLNv/UNYNPUqLJp6lWmOK7yIpaSqwichy5VjLkVJVQUGZmabOqZgzJMgiM5LwAKY2xbdIn051y/RL9WnVD8tw5wXTbUwO95CB3WG+kz8Ir1QXTcJv1wEv0Uwv1y0QBia1SXg8fNikM64v+3dvRYmaknN6oLULHGdWBm1tEh0gZk9MY/uqF4YaeuDTXuKTG93Z2E5La4BnE71X+jyYUCam5tVw4ro4Wv5QOqzhzRdunQJeP4rHn1K2q6trcKbr70Q8Prpcedv/gtJvRPdX4acbfCoX1PmPpebm5pk9fskJUn5yjwAOF5Tgz5JSUGrr5z/8YOHIu78i/b6esQLQHtdnbj2dXWYOHFqRK7/4T6pHXu9gVp5SKQfXOrC4FOVYjiN5nZrxK5/oOg9zC85cthr/e92bcR33P66D9cIfP216wJ7X+QthNETDy4L6Prn729q9x9f6/t6/puFmviFsfUkUPR9GfIuzcWMQWIaE8YweCFMOB9Isde/2toquBrPeLgfPfvUo2F/z7Li0ac0x7fhvfdxvKbG4zWOwcLFadFSX47zradNy1f2d+r4Idk1ovbaGszxGy3j7/jj0A3f7dsrpQ3w0n7DmYto6Cg/Itse+Pv+L7+W30NPnoB9gPuXwo7SkrCdt2WVTo/+7QMGoqzSKY3t/Nb1UefGwDu1RJsbi9JlJlrG/4c//MGn8+Txxx/3aV4HS6pwSVW5TPxy9z0rAACvvfosXnv1WbcIpiQ4bnhr/3irAABLHn7bopVnFL021PIAUXwyxJ6E4/z7G0cTMDwdQ+xJAERBSuvwdERifa33EVrlCYIIIi4XYLW6t4NdzwS27z6AQTkZMhcSLUeSUOUD0eMCE4z181bWSP1QhI8KF18Wfo9FU68CADy//D48+9Y/hBW3/cy093UvvrveJ8eVFbf9zKIMnxQoTPxCEARhFgELYLpbewEGnV/U6JfcC7UBijL1BBenW2plabK+O+qEqz5rI5zjv/K6SXjuV12EY5wgwwhDs7rgyutEQQ3vLONr/wUF52RpnW0fEB1dMgeJLi+A6PxSV3lRcoBh23WVFyUnmOmLJwiRIoLZWViOQcnd6G7q45qZiOXqMTn4uqJZuDy7j+Y5wed3VsFMeloqamrrPD9EZWdp1imvqJTll1dUatYvPnxQ/0Bp/LrCaH3+AU3/9DScqqlF/3T3vf87P+cPGHN58LZ+3sbPi1/U6hdwac1NTdIDJ36b0ScpCdXVVcjIyJTVCVZ9tfm3trXK6of7/Iv2+t7On4T4BNnxi7TrX6s+o6qmDgk9urqvh46wR6cqT8HSvQcSenTF5ISzAOrQeu5HZKan4uvarhGz/mb8OkxNZMKLS3LuV/+Fe/lLfzZUPxD07oFqecrrf9WTD+m239eaonv/OVVj/Bdu/pz/gcBcW6bfMw4AkJLUF/VNjVL4IyZyEUUvbvELj6PugswdJlJIS8uEq7E4Yp2OtManPP98FVUlpuRI4YCCkc/OU39ef80Yv9Ey3q4zvfFPvnS0lLabE8OowZc1g5raOkya5HZg5QUnjtISbNq8BZkDx+GNv/1ZCLXYwVFaIolx+G2GfcBAjB11vbT/7r/+HhWfIby5tND4A0cpeFn6s1sDqu+rICbUrP3jrcKSu+5DY/m34naHSEUSrdx1n8/tAW6xy9o/3irMvnYi+uaMl7Xvca+L/wFD7Ek47mjCEHsSEo5USAIS3pVF814Z5vpa3PnyvcIb971CvxiPQr7evM2vepfPmh6V84i0cfs934J9Ia0XCBNHu3+86TzdAOfpBs1yew4U6bYTzHwAEelkYvb68e0BkKX5un6pyb0kB5hIXT9/efatf8iEJiVVFfiy8HusuM2c9kuqKsJan8GLfABR6EMuMARBBELA30RWV7r8cn7pl9gTs2YsEo5XnvLL+aUjDJKgFFV4E5xolQ1HfbUy4Rh/15xcXDk8DTVH9qJrTq5unR/Ly6QyfP1A+u/MYZCY+AWAFPaIF78AUKS5y0aCCGZQcjfL7Il52LSniOIq+8ADsy61mOkEs7OwHN1TrLrCFm/5RGgw4yFyLMMegrW2tUoPnVrbWgF4/gKbF0SEor4StfpE8NE6HpFKU2MDWlp/QGJCLwBu4QsgF78oqaqpAyy2mLp/6YVYYuIXe7LKr3bv/y1QdDyiQjTx1/+seUtkD/B5cUJ1dRUS4hO83n94MSMAD4Gj2n0qFLCwR41tFyUBi9LVhUdN/CIKZdx1mlov4sZfjw+7C0w0o/f6hQjSGfnz+huN4+ddXdSuf7Ov3/S0VI80Jny5dup4PP0//y2lM/ePUAlhamrrJNELE50q3WnGjhoeUB9/uG+G9Lkza+wcn+s8/vLWkN93+P55jI4/VuFFK2qCl6Pt7xpq55K4xR71+bbVxDC7vt1vmTJ+rAC4wx3xYZBY2r/WbsKub/fL6v/l+d/59d3Hr//jfz3G0TdnPIA9HsKXVSe/woYdxw21O3fqECzvqMc7x4htqzN4xfXCZcN7uF9XjtRIoYNOPPupZfScCULmnKFobuuFBJUwUOGur8adL98rtNSJzosna10kgolAjIYNysxM86ndqirt757j4uN86tvfMfszj2CO20g7VR3hiQKdf+WpBkyckCcLV3TieBUGD8nU7X/P8SrNemasvx7MvURLvBFuIt0Fxsz1U4pgjIhftD8j9YSj0oW6BlEcPigndu6fvDDELLEJAHzy7DOWZ9/6h8C2Q11fCxZaiSAIIlBM+Yqpu7UXzrt+8LkOc47pl9wLpxt8q690jtESW6iF3THqztLZ6quJXzzqD08ztf/OLH5h4YxE5xdg9NXiWmk5wLC8AztrI+keIjAhx6Y9RcjKyaS7qt4Hw/Iqtlbsi6mA3xwOSu4mtiW0AGxb9Uh55NOXQWwhunYLaX3lQ+RA+4+V9Wt01ctEJ9XVVaiprcGY0WMBiA+SGPzDJWVasOorYb8Cj7bzL1rrlzhKkJ6WLq19tFz/La0/oH9WfwCi4KWl9RQSE3rJRDE8red+jKr7l5kw8UtmH7cIpqq5piP9OCIJ5fUf6P3HCKy8L85TZpCU0AWNbXKnSN4Fhm370h4RvPOvvbVetc7eQyykTw0On5DnBbJ/ppvn/bj4+DE0udr8ev31Pn7gH5ucuuMzUobtmz1+o9d/QPfKAQPxzTffSPuTJk3CK6+8IhO+MK6dMQ8AQuoG880332Dfvn249957pX1+rIFy6wz3Q/0vT/teJxxo9W90/LHIH/7wB0EpWlETvIy1ur+j2u8qU01T1lMKYv7whz8IeiKYf63dhJ8smS3Lu276NVIZPv0vz/9OmHntFL/m/JfnfycwEczXh09hCYDG8m8BuIUvM157w+d2N+w4Lolltt7dIYR5/WU0ln+Lvjnjpb7UaG7rhaqNx3Bg417L4BXXCwkdIpQDG/daRs+ZILQOT8eJjdo/ugp3fZ437nvFcufL9wqDYJX26R0DoQUvulCiJ7rg6wVLnBHo+DtDfX8ZkJOMukbxO/Wc/mkRK4DhxzUoJ0MSdIQbXqhixvop3V+Uef6IYOxZ4muAo9IVcetnFi++ux4PLJ5nWnuBhlEyMwwTP0czQysRBNF5Me2pW3er+CW+NyEMK6ekX7KY7k0Iw8pJ+wohhl5YIGUZvizVD099F0plYhAAnWp/27t7LcwFhg91pOUAU1d5ESxcUqSEQJo9MY/upAYZaXN/QDbTAcbXY2Bm39FImcMhbTc3N8v2Q1EfEB8iv/nmcz7VryiXl+vSpYtPYTOU4x81arKUVltbFfT5N51pkYVBKnM4ZPVPVJdKeQnxCShxlMjEJxkZmSg8sB8D7QNlac1NTShxlMgeKgWjvvRlhFN8qGa195HVj5bzL1rrp6elo6a2Rnb8ouH6Z+IXAEhM6CU5wLS0nvIoe/h8qldpYqTcv/wRwdTWVqmGMOLhxS9sv6q5xnB9f1Fr21sfZt1/jGLG+e8LY+ZOFO56dCIAeIQvYoIXbyIYPXFMpLvAaJ0T7HwIdr43tM4/tfcLAPD2+m/nB2OdJoxPWafsz1njxKxr5/n1+hvt4zd6/QfKpEmTJNcXJiopq3SLfnKz5A5i186Yh2mTLxG27z4a1OstPS0VmzZvkcQvbKyvvPIKZs+a6VH+5HeFaJih/wV+UYX2eyzj9UcFWD8y+1eDuf5EMkrxy5aTzyOnvzykIy9y0YOVY+IYQBTSlJ+qxMxB/wFAdJfRE8EAwJTxY4VRA8Vr+WBJlYfwRXUeq97CxEsHYM/3pXh8+W2G8xiN5d9i02d78PXhU6hVOL48svhmjOtjTLi1r/lbPPPuewBEAc3cqUNw4vApAHsw+1rtet8dOYeEIxU4oCEwYSKUSK2vev6T6IUgCC98XySGyGFCmEglUl1gmPuLmaiFQgL8F8FE8vqZxYFjpYjFsEC8owxBEIQZmP6zcy2Bi1GUAhdDdVSEFmppfVLi0VzfRvUjqH5BwblOvc+HQBKdYMRtpQMM+1918jQyB/WLmBBIBBFpGHlAmmu3a9Yvczhk+WoPh7XqFx8+6NMDWmU7Rupn54h1sjPkDzaYEMaX+R8rLjZ1/byNv6WtDS1tbbrtvP2PF2T7Rw9+5VFGLc2XsoHWt9lsqmMdOHxEWM+/aK/v7fzZ8dkHsmMy7+bbI+r691a/qbFBFv5I6f6S1DcZqEXErr8ZuBrPwNXoed8ZOHwEigKoHyiNVU6vbfMCvUDuVWppfa0phsZ59OBXuud/MBHDGKmHP+JFMHyaVnl3uUZEKt7OCfaaG6x85fnmy2vliepSPPLYiyFdL/behNHzYrvHGI2+/kb7+I2kBXr9MoeVqpJ9AIDHH/o5MgeOk78edIhhmBBm55dfh2QtX3v5KWQOHIdXXnkF48aJY2Jjfe3lfcgcOE7VqcYXmKOmv3UG+9FnQ4P7F84JfZJDMuZAWPyTO6Ttpx7+rUxk48/4g8m6DVsw5Bp98csnh3cBgCSSYfsLRkyR1eFFMDn9s7BuwxbMnztTt/97F88VAGDUwEw8++o/AAAr7vmZlP7Kuxtk37fs+d59f5546QDp/5bPdsnaVcvj6wLAps/2SNtM/MKEL2+eeFUStXhj7tQh+Nc9z0hCmA07jmOYSh88CUdqPIQnQ+xJUhgihpY4Jdz1iehkz175O/6s/t7vR1pOIUbcV04c5++9vtyHq3wq58889Mbv67i1+vfWjr/1tJDPqcpwO/7WC4Re8eL/ATnJSO2rHapKz6EkFPkFhZHpXJLTP82U+Rkp529eJK+fGQTDdSWS5vZl4SMkgiEIwhRMEcCk9RK/xK/94QefylfDJX74SRbDwrQ2nDNUn5X3FSa+6JMSL9un+uGrn5rVBYOyxNOwoOBcp9sH3CGQmLML+8/EMHyaO48gCDWC9YA0VP135vrPPv9XfFOwTxKYAKLbSnpaqrRfU1sny1fidDqDWp9H+Wv03w8fsS7c518sX7/K9V4bgde/Fj+42tB67kewQBunKk9JApjWcz8iMz21U9w/rX17qzpe3H73r/Dmay8AOA41E+W4jjKBuGWYjZluFPf9bOY6X/tcG2HnuC8hkHji+8UZLnv5HVfJvgT7+u9fdNqHYnrn34TxKYbOJ7NCmU2c0M8j7UR1KfZ+W+/XNRLt4zdCoNfvihUrPMa2ZOA41XUrq3TCURqaL/+fXP13i8VimYcC8QHn2rUqMy0owtP/89+ysd5+q28W7l8W8/f9TEP1+TpTla9BtwZmIe9r/3IyA+4/WqmoEoWAorioq2a5Tw7v8nCH4YUwvAhGSUNDg9SPGvcunissf0y01//sS4ckdLr06jm49kq7VEYpggkWc6cOAQD85NVHfKonhkB6BI8svhlzpw6ROclooSUsaR2ebqjPcNcnopPvDlbIjvuC2aOD+oBz36HK+aGYV1b/5HXhHLdW/97a8beeknEjs/xqx996gfB9UTUS4nuitNz9qbO0vMGr04gRJxIzyijz7VnWiBJxbN99AAnxPT3m4Ou8mHBFmcb21fJjYf0I3ympqqBFIAgiIEx1gGHCFn/xV9gC6IfcUaIm3KD64akvuptcwKCsbsjP79EhCuk8+x+elK+NmtCFT4s0TjZcwCFns/SrtqycTLqr6sCv08mGC6YeA1/rxCpDhw3TzLN06epXm5auxl8q1R7w+vKANpj1jcw/mPWNYLMlI9eeiTJHVcDHLRz1w33+RXv9QM+fSFz/U5WnYOneAwk9uqKpsQGt534EAPSwxKGXNR5JAEqKqhHXtxtgsUX1+nv9nKARYigtLRPzb1iq2b+r8Yxu3Vhg1ZMP6eYbdYkxk8INeywsDJK/Ahc1+LbaTrd7Lc+EL7f8fBSaWi+ise0i7KndZIKYziyGUbL32/r5H7z23DplGr9vlngEAPbsPW1ZMl8eoiIQ8Ui0jz9S2bR5C3YUFM33N4RdsJhz+y+BN4G8Kdeo5r/28lNQhm2qOt0DP5nCfy6eqFv/v26ZKO3/a5f8hyRPrv675bFldwh69e++71HN8Rupr9a/L+MPdtiqSIN3f+HFL0pXmP2uMuT0z5KJYJQuMDzbNq7F448/rtnvtVfa0dZcLG0bYfX7pYbKLbtpgKFytw++R1f88sjim6VtNXeYZ959D/+65xls2PFIQMdg6UvLhDX3r7ZEa32CIAhfifRwSLGEUVcYf0MfEQRBEASPaQKYYcN9+/Vq8ZE62X5Csm9uIq0N8bJ9pfjidEutaroWVD989XkRTGfbZyGMpi+eIPDOLrzghaXz+ZEY+mj2xDy6o3phpK0PNu0x/038zsJyWlwDOJ1OtLW1qoYF0YMv39zcrFtf7WGs1gNatXa81a8od9fp0qWLT/WV83c69wVU39f5nyg6iLa2VsTHJwAAWmzaVsG5dtbOuY4/kfj4brJ9JUxA4yZ49ZUPkB5buTTs51+01/fl+onE618NPtRRS+sP6J/V36NMXN9uSOjRFTgfu+vfWOVUDbFkpH89V5ra2iqcqC6FxWKZp3ZdGmHIjUPxdfWHumWWPLZEtm/yA2QLG783gv3geszciR6/xP3kq3osuMItwElJ6uuzIEYthNLrT+1B4YY9Fr2+4/vF4ZafjwIAOOou4LLB4ufN707USemAKJLxRwTDBF5q5yYLU6RFsPP1xuftPLBYLPNDef6sXbdX9Rz2t79oH3+w0RiX5ac//akAAPfee6+UyNxfWLikjvUNighG7z7G9/f1118j2uBdRLLtgyNqbG/87c+6Dgpzbv9lxI1/28a1uOaaawyXV4pfWJqW2MUoB0uqPEIXqZXRw5Y/Vf/9Z8EOv8bGi10AaIZDYuWMhkvSYulLy4SWOlGkfbLW5bMIJdz1idjFSKgjmgdhlIT4nlE3ZnuWFY5KV0yun5bTi5nil0haP7O4csylMX+tdoY5EgQRGgIWwIwekuGz+AVwC2asAwb4LH4BRMHMhCu1f0lhVLhB9SOjfl3lRdRVnut0+w8s8FyLbe/utSgFMSwtEm8iOwvLMSi5Gwjf1sxELFePycHXFc3C5dl9NL8k4vNXv/91p1x3MZRNKnKyM6S08opKDMi1S/ulZQ6PejnZWZpt8vWLDx/0aTw52Vk+1c/OcY8zO8OGUzW16J/uvtd+5+P8lf1v3lgZ0Pp5Gz+r755/hqnrH476kXT+RXt9X6+faFl/nuTEvh5pTY0NovhF5z4RC+sPoMPJxfw2A2X5gr+E/QFLuB+0M/HJXY9ORFPrRQzMTEFJVT2SErrgk6/q4ai7AHuq+F6vvqkRTa0XcbTyDPKHJckEMd7EMSzfUXcBKVcO0uy7vqkRmw+4MGu0VbxOWi9K4hcAuGxwqjQ+QHSH8UUEc6zYLapiQhReaHXHAytl+fxrrZJg5L/40vvSGNXGN3FiRsSdT2b2Ge3jDxf//Oc/LRaLZV5Vyb51AJA5cBwAUfyyo6BIJioKRDSo+mHEoPhFeh+bKT/nBw4yLsrI7HdOch1l7ppG6mflZCJTIxSRXn37gIEe4/Wlvlr//oxfj8U/uUPafurh36JhxjzNtY50PjnsFqTwoY5U3yP1z5JcYABAuCggNzvb5z7vvmeFavprrz5rqP7t866Wtt9cv1Paf3P9zqhZ9zX3r7YsfWmZMAhWaT+a6hMEEV4aXG5Xal/EPv7W8xctIYQ3gYSjssBA24GXMdJGONFeP+Pz0irbGdYvoPdHzz5jefatfwiLpl6F0UMHYMGKR4RPnn0mbK+Vf977B+GzXTswZEQuVs143dRxLFjxiPD8cjFE5YFjpQjnPAmCiH4Cfmr9zMsvh/Um9Nxf3tUUBdS2yl1m0hJSA+6Pb1OrPV/6nX9Fkvimr6YOyemp6N27t0eZM2fOSGWkN4YdZW1DpgS0/tcvvk9av5rWKuzd8LHFSDmGVnmjnHrnp0Jeltj01l1nkZ0bB1/2ASA7Nw4AUFHWLu2zbbV8voyv/Sn3b85JNOU8Vjq6qDm8GHF9ue3hOdJxeuuPGy23PTxHYP/5cm/9caMp1+2g5G6W2RPzsGlPkQDCMA/MutRilhPM0ROiaGHUpEvxdUUzDn7zvWo5b/nB5PqJdsGoQ1DHulg+3eOgE4WIaHbueFfgBQSz5szH+nVvI9dul8qUORzIyc7CL//jIVowL3hbv1/+B5QxwqPuQ3Ava3ynP87Hios9Qh0ZCbOkdMBgoZGIwODFJwAkAQoASYiy4IoUfPJVPZwN3XBJlvg5hRe/KFETwdQ3NcrKHihuwuhhSWAhlhisbwCS+AWAJHTh4dNSkvr6JIKZOHFqVH+JtmfPDul9dzgEOpQfWH4wz78OsYnoaFMQGut4ow5WevAijYqqWmmfiXiofueBiV68pfmSb4SfvC5+Z3Tl0G748tgF/OuudsN1lUKXYAlfAnV58UagopNw1yeij082HfA85r8xqfHfhHQq5s3jNyHt3xK0/oNbzy8276oM6z3mxhmDBACw9UvueO1KQ/mpWp3XNnn+/bfKfxRrtL7zdANLmh/N60cAXxZ+j0VTrwpb/8u33iWdg3n9B2LIiFzk9R+I5VvvEswWwfBzXnEbHXuCIPwnYAHMA/PGyl6AX1xfaNEvP0ZRfr+pN8ja1jpJcKIUnuiJV5R5jnK5nWp8SrxqHZZmVBijzOvduzfOnDmD5PRUNNTUSQKYM2fOSNvKMrmDB0qiGKNMmLtQWvf0BPcDhBFjh8vGNGEupHJt9e0dc4/D9CuGq87r+sWZAuC/KEYUpYiikhlTemLrLuP7rvofPNpjaa76H2BN6eWxrywjbvf1q/8ZU3oCFWK/tmQLnA1yDcjxE6UYMniAx3agMDELE7Hw4hZrSi9J8HPbw3MEa0ov3PbwHGHkuL7SemfnxsnaULbnIwITcmzaUyT9mo1Qh/3KjxMMBSZgm2iXjn0OgKycTGHZTZerlr08uw8qy6uE6yfapbRP9zgCvv9eP9Guedwry6uk8Rk5P9j6ABA62rVolfNHIGPpIrosWLr69tLna/lwt2v2/M2urzb/zRvd2galEwW/f93c+UFZ53D3H4v1/71hnep6KtFb72EjRpl2nYT7+m9p/QFdu2m/d0vqmwzURt7xDwauxjOqYY3UwtAwcYxWHcJ/lOITwFNokpLUF9+dqMPoYaJgv7HtoqG2mQimqfWi1C4TxRR0iF8AYPo941BQ3IT8jn1GU+tFj7EoRTW80MbXkEyESFnZsY7/Li/lxPzc3KE0/iiBd11hoZEAYO3atfPN7Meb+CUWnHWI4MBEPsnJyQCaAADnjpaiusoZULsZmTb0uGSA1LYvDjhM/HLlUN/eO90+72qZ8wsjECGMUbFLsEUxBEEQhDksmjEOH23dh5z+7tclflsNM/KdpxuwaMY4fPhZCR0EImDy+g/02D5+uAyYYX5fJVUVtOAEQQSMKd+KD75qKgDgxBc7glLeF/TcVnzJs+fkapZTOrx4a9tbGV7gUnaiBMnp6uWYS4xeGSXMuUVLwKLklpm3+rTe066Qf8ivba3D9YszBT03GSW8CEZr/9A+UbRiTekl7TNRx6F9jZLYhf0fOa6vajoAWV52bhwO7WtERZlbHOOq/wEVZb0UzjHa4wMgE78wMQwveDFD/MKEKkzIw+/zY2Uil5Hj+qKirF1aM74MWwMmkuHb81UIY9TZgwBG2tyWnmY5wPiy/mr98yIaBew8UM3nxDMCJ1zhx2WpLK8KaHwjbX303IVUz1O9B6hOJ/tC9ZzuOMocDmm7ublZtu8Nvf71+jFSv6LcXb5LF/HBIAuNYNb8Q1Mfqu3cfvevPOrybTzx4DKUjRjl9Rj4e/zC3X8s1tdaU+beoXQCUa53RrZdu/8rI+/6V6vfNb07zp89i6SkPjh/9qxH+e49e+L82bNoPH0aQHpYj58v9y+zUQvzwufpOSyEkiXzJwgnqkvFzzMZA7B23d6o/CUcE78wVxY+hBHPdyfEzzzWePE1x9UhgLElJ0j11FxgeJhbDCCKX1hd9/vmBA8RjJrjixI10cstPx+FMXMnCoUb9sT0LxSVr/3Kfb3yF9pd0vboMZdpvu6p3R82f/KhtJ89bLRf/QeaH+3jDzU//elPhaf/57/5pHVmi2C00BO/VFTVRs315igtkd53A0C2fXBEj3fO7b/UXd9IGT8/xrLPdwMQxStXXZOPZKtd/fswl0Mzj+UfP+qQ2gNmGT7X/BW/AG6hi1nOL2OG+f4SVlhMhrwEQRDRwLsbCpA/ZqBHuq+OMEbyT5ZXIyG+Jy06YQqrZrxuYS4wef0H4odW8b3HtVOmYu6qa4QNyz8nlyCCICKObrE4qdrWOrTVtwFwC1nU3Fd2HxFjBU8ePsWjvrfwRm31bSgtd+Bkcjfd+sxJRs1BhoeJYAC30AUAyk64FbosTStUEs+EuQuF9IRMDMixy8Q8Pfv1AACcPa3+AMhbvrc6aQmpSLviajjKyyQ3GSNCGFG4ob7PBC2AKHZRwsQcrAwTerB0lqYUgPAhkXhxjFo/WuO7Oae7lMZcXpROMIGidHhR2+bnoravTGPCGB4mEgrQEYaIQpQilU17iqQ0fpvP91Y/2OPTQs8lIMNmQ7XT6RFiRQkLaaNGaZlDt74vLgW5drvP9bNzxL6VD4PdD48Dm38o6ttsto75Z8rq6z3E4vOCdfzC2T/vQKOkmtseNmJUUM9fM+sXHz6ouaZpaZlwNRbr5gPA6JGjdPuPtOsfAEb1cgEAzp89i8Rc8T1Fz7h4tDQ1IrFDKFBbI4px0tJtUj4AoDG8xy+YLit7j36LO6L8tXLihH6yN3gnqksxcUI/Yc/e0xH7fomFOGIYEYbwwpIDnFsLIAphmAiGiVaY0wtzeeEFMUkJXSSBCwAP8Yte376iFnoplvE17A5zS/FFNKK8L89acIO0z8Qk+VfNMNR/oPnRMH42Run9go+OM++991fZ9Xrzzb8w5d5SVukWIFeV7JO2g+nOote2MtwP/1+Zzo9X97sEvfoTJwZWHzO9uogEt399Tn5XiIYZ81TXl7XliwtKqGBj2r8fuqIXnmSrXVcEk2y1Y9Jkd967H7hkc7dYLPO0zs0HrmjBA1f4Nxel8wsQmBiGxCwEQRAEQWgxMDMbV465NOT9Lt96l5BrHYBeCeJHlDJXKXKtA1DmKoWZ4pdwzI0giNglJgQwylBETPyi3N9dtguDOr6I4ss4yssQnyI+fDhZdgwZiVmohdvl5aTiyywlavUd9e401l8t5ONMS0iVQh0x8QsLc8T+WBqDL6vFhLkLhfxLLpf1D7iFKmxbKXJRil/UyujBl49Picf0K65FW30bJsyFoCeCmTFFVCMXVVpQUdbusc/Du50AkLmdqMGns7KsPi+U8foFDSee4cfHe2MoXV68hT06fqIUV2vk8aIXNsZD+xrhqv8BN8+36q6XP/tFlRZJ9KMUwgAkholVRk26VMjRyPu/vZUCIIZW0qqrl/9/eys12zaKXhujJl0qHPzme4/zUs1RIlQOBmb039nrd2aMONAMM+BA05mJhPPv/NmzSEzq6xa1dJDIiQKY8KUzrd+evactS+ZPEJY/9idTx7zqyYew99v6+UBwH+YumT9B0MuLNCcYJnxRhjhi6SlXDgLgKTjhnWC8iUl4YQsAycGFD3XEBC96wpcDxU1YcEWKtO+tb961hglveNHN8BuGdQoXGF8oKzuGGdfJI9UcKy5GRbUojKgod0gCWyV83sjhQ9zH+6oZsPbtjc2ffKgqIulM49cS57z5txelvvRgwhdl/b88+3sBAH694n/8Ppf/+c9/WqZNvkR2/zLzXikIwno+DJK/bWsJNDIHjqP6nZQGl8OnPCMCGj3W/ONtjB07Fvv378fYsWMx+lLjLqZmOb/IXq/JBYYgCCImsWdZUVBYouoCYyYny6sxKCcDztMNtOgxwifPPmNZsOIR4fnl92H00AFYsOIR4ZNnnwnZZ17mAJOX4A59dBxlMvHL8q13CccPl/ktiGHzA4AX312PUM6PIIjYJCYEMLyzSlpCKpDgKYRhqKWppbP96pZK1fLtDRcMtQuou7+wfSZ04UUuTATDtgHIHF94EYzyEQoTv/AwsY03YYsyzRfxC19WGSIq/5LLNUUweuIMNbcXNZhIhhep8CIZvoxaHl+Gz1O6wqiJR/JzEsXj0BH2CHALX7yFPRLzv/BIv+3hOQIvcgHcYZ7MELuo7QNuRxkWMopfz9seniOoiWBONlzAIWczWAicrJxMuqvqwK/TScU9xK8PND6uv7L/oye+t2iFQPrlhCwLAM0QREx8olf/xc3fC4GM74FZWRZv/Xu8HqgICNLSMjFw+AgUHf4WAPDvDfL7evHhg7r7SvTKa/Wvx0ULAqpvZP6ARiwrg/0bXT9f+v/3hnWG1punYOu/UdCxPWDUSABATU21rIxyX4mv5RkDh49A8eGDmsf/urnzPdbTyHzZvhEHmkD6N3L+BTJ+o9ePL6g547D2r7ryhoi7/gFA9E+pUa172xXqD1Pe+qrIvP5DfP/yhbXr9lqYkCRQIcyqJx8CALy9/tuQhPJgYY98zQsHLLwRDxOVTL9HfJh6oLhJEo+wfMAtKgHE9+ALrkjBJ1/Vy1xgnA2tsCUndIRFcgtbeDGM+N44wetYleIXNgYteKGLuN0IR90FabxMdGO7ZxyJYDrgxSO8aMQfDh05Lm1nZ4ifQvOvmoGCL7YGTQQT6eMvKzum6UrDHGf0RDbvvfdXwVv9vzz7eyEQEcz23UeDeh0EU3xIdB6UohY1QYue+4u6YMZquH9e/LJ//36fBDDMAebN9TtlbjDkAkMQBEEosfVLhqPSFZK+cvqnkQCGMBUmguFFLiwsEgDkWgcgd8oAKW3VjNdJwEIQRFiJ2RBIaQmpcNSXaQpTSssdiEvuJm0P0PjVWEZiFkrLxQ/TrHxGYhZKGxyyttTqs77TElI1wyoxgQsTvPDpvDiGOcUAwJkzZzzKA6L4JTc7x6P/+JR4Wf++CFuMoCZ+Ua57bnYOJsxdqCqCUTq98PtKBxf2Pzs3TlZHua+sw+cryynzeEcZJsLRGh+DD3vkTfii5wzDXFfeW+eSjYEPV6S3XmbsMwcYBtvWEsEwlGFqCE9G2vqYHh7Il/UPZv+RPr4Vjz6FY8XFmg4HrsYzqnlGyrC8ocOG+TU2tTAmasQLQHudeI89Xlfncz9Op9Pv/o2sn7f5K/tf8ehTsvpGuOOBldK2sr/a2iq/H9Y/+9SjXsvMv2Gp5vyfeHAZykaMQnNzs+56qrm81NZW4c3XXjA0Tq36Rvv3dvz9Hb/atfHsU49qHhPmKuItX3mO6F2j4b7+vdV/4sFlwBV5Pq2tmf0H6/7lK2vX7bWIbgEPydRNN//8If0vWp6U5yuFL4E+gH1s5VLNJ00lRw4HXD9UDjG8+IUXtShFJaOHJWHH/kZMHdtXCl3EaGxzC2MAUQTDi1u0hC1GBC/y986tHuIXb/AhltiYnQ2tcDZ4jmF6jItgWOhDvfwL7S5JPLLmzb9ruqRk59hVXVR0nVWqnfj6mwJcPilfEpFkDxvt0/iiffwX2l2S+EVNnMMcZ9TaB+TiF2/1AxXBRBI7v/w66sbMwkg5Sktwm31wxI6PjZHHPmBgxI8fQMAhkNTruwz3P/rSPEn04ov4BZALXQJ1g/nXPc/QlyYEQRAxTmpyLxQUlmDx3HxZek5//ZCFRvO37z5Ai0wEjVUzXrdghih8yes/EHn9Pd2MmEvM8q13Cf6IYEqqKmihCYIwhYAFMN+ccCCr+3Fp2+zy3mDCDqXrCKO6pRIZiVmq++0GHBh4B5j2hgseQhe+DaVbjLJvfozuMYu/qOSFMGybF8GwPNmH/PRUr+NnYZDUxDfBgM0rPiVe5qKjtdZbd51V3WcuJDxqQpWKsna46n+QQhupucYwJxNX/Q8yNxe2rxTS5GUJkvOKNaWXTICiHC9gLNQRn68s++ofrhJ2nEmU+mNjAAS8t85laL3M2lcKX6wpvWRrxgQ6vBBmZ2E5BiV3o7upD+wsLDe1LV/X38z+o218Wg4HrsZirw4cWmVYnr/kZIuvE96cGxLi3Q/2+iQlobq6ChkZxsUA6WmpqKmt87t/b+vnb/+Brl8o0XPIYOvIU15RKVvfYDr8eOuf7WsdfzWMjl/t2miscsLVeEbz2LKHi1r5vKuGkWs03Ne/EQef0mNFGDA0T9oGIO0Hu/9g3b/8oUOsYuHDZgB/WqdXR8vpxUznAT2BGQDk3P9b9evkpT8bqh9uRKcUkQPFTRg9LAmNbReltKSELrIyPHMnip9/6psaNcsYpW98FyQldIE9VfwMpBfyiBe7FBQ3IX9YkqwsH2aJYY3vAhc3r1ikf3qa7F7K7zOYMwkAfL5jp6ZIxF9YWxXVTmRn2DSdVLTGFwvjLytzIS0tE5/vUH/gzRxnmNuMWju+1I8VamrrMGnSJGm/aNfnmgKOqpJ9sFgs87zd67VENVUl+4CJE71/9uDq2wcMlNfHTNW8YPWvrG9k/vzasTHy297GH04aGhoAdPFejnN40XOC8WzbO6+9+mxg7x/myQNbMycYX8UwP3n1EfqihCAIohOQEN8TdQ0/YM8B7R8AThydF1D+oJwMWmgiqEghkfqrv79c/+/t4sYMWiuCIMJHTD615sUezMEljnsAW3D0a6QnBPYQpaa1StZGwdGvwdxXmOCDF8voiXT4kEbKNCaC8SZ2Ubq/aK0HQ8uRRlnGn/r8XJkoKC65G9KRqeoCoxX2SCukkVoII1ZPGcaHiWOYiOXQvkaMHNcX2blxktiD74eNwx0eSCzHyirDEEGAwVBH2tzz+BeWHQ/PEeTiF3f4Iz4ckplhj9T2+ePBxDds/XkhkfSGOrmbZfbEPM0wOYQ6D8y61GKG04m/629W/0b6AeDX+Ogs0aa1rbXjQ3NCp5u7t19kR4uQRvU1V8fBhjmiENEPE75UlJcjOydH2u+MKB7oKQQxhuqY+/lBT2DWIX6xJ6e7M8+dA3r0AO7/LVB0POghpIziqLsAe2o3mVBETfzC2OMUHzz+2CK+75s12irl8SGHGH3ju6Cx7aJfIhNnQ6skfOFRurow/vlFqTSeptaLXsMsiWGZOocIxug5zYsrlCKSZ558wKf2HnnsxY77l1yIwkQknWn8LDSTnjMN4+tvCnC5QmDz3nt/FXytHysuMOlp2t9BKAUc3AuErghETfShdELRQ62OWn1HaQmuuOKKoPbvz/xZ2ZraOqk+E53zohet8YeDiirxPf22jWux+ObbAIjClgP7y4xehaqpo8fmSuKYbRvX4pprrtFt5V9rNwU8FzWhi6/il2FHTtCbZIIgiE5EanIvOCpdsGdZTW23te0sLS4REliYox9axa/8y1ylyOs/UNofMiKXQiARBBF2YkYAoyfmiEvuhvaGCzIRDCCKWAAgPSFT5t6idHJhZZnghc9XCmEASH3xLijexgjI3V9YyCOlMEatrBLeeaatvg3gvhvu2a+HOBakBrSmfB5rkw+F1FbfJrrPtEC29m318tBBSjEGIA97BHiGN1KGQFI6xfBpSgcXts+2lW3xIZMAoUOMIg+HxI83P0d0bvHmAmNLtsjCJLE67LdCb/1xo4W5q1SUuUUmoRS/KPeVoZAAcVyKMEgCE1Js2lOErJxMuqvqUFlexdaKnQyBvhH0af2D0L8uvPDFn/HNnpjXKd4oW7oaeykucZQgPU18+NonSXyAWF1dFbL+g40RAchn770upQ0YNTLk/euxdfNG1XQjzjre3FIAuSNKIP172/dn/IRvVJSX0yKovaAFUdxiBvZE8f1gZp+O98AtZ1B1sb1DFHM8osbqq0vLjy0umfAF8BS/MHFKUkIXmXOMEZwNonAzf1iSbjmlG8ys0VZsPuBC10Qr+iX1RAPiMaSP9txcbRcl8cu2V/chVsMfeYOJM9ScRbJz7JJwZO+39fN9afeD155bBwA33v2g532t2qnpohKs8T/y2IuGXGFYmQ9eew5mjv9YcbFMlKMU5HgbX6D1oxX7gIH45ptv5PcsHQGH9H6VE4Gwzwx6KOsbqaMcC/vPtnnnmkD692f8WiKY0jMXMItbs2+++Qb79u3DvffeCwCytfZl/KFEFL2UhbytXd/utwDAvYvnCpdePQfz54puP+s2bMH3OzfilXc3hOw15MW/f2FqXw/ccRX9QIkgCCKCYS4wwYDcX2KXT559xvLsW/8Q2Ha4x5NrFZ+FMfEL2861DkCudYDPIZAibX4EQUQ/pj/1emDeGC8ftBxBnZCj3PPDbkZiFkobxH7bGy6IIgyNH86rCWWkLyFaqxDX4s4rLS9BfIroitFW3472BHddPvQRPyZ7Tq5Hu2fOnJEJWnr37u1RhuXzeXxIpLb6diDbPQckQhLgsP6HjRPjiPNCFTM4e/ocevbrgZ79eqB433HVtdcLN8XEF3yIIj3URBlqIhgGE3LwZfht1rdWGywk0shxfXFoXyOKKuWCHMC7ywsvfmFiGLHOFwAghRbi3WqU6xOOfd5RZ+S4vnDV/4DbHp4j8CKY2RPz6E5qkJG2PtK2WQ4svqx/MPqPtPFpiRiYgEEtXy/PjPpa4okyhwPNzc0ocxh7XUxPS0dNbQ0G2t2/5MzIyERzUxNKHMZ/Zcr3p+w/GOunnL/T6fTI9xYOBxAFIC8+9idpf+iwYaacGwDw+1/d6VWAcqqmFta+vTXnf/WMm5DUO1F1bLW1VXjztRd018/fORjt39V4RnP8Wnm+jF8tz5tjj7d8X67RSL3+lceYF78wF5hQ9W/m/SsWMXJ9ZnaJA1o6xOnnzyOzexyq2psN1w82hRv2WMbMnShMv2ecLP2AwjmFcby5myR+4V1YmlovIqVDq8IEKU2tF5GUIDqs2FO7eYhsnA2tuCSrt4c4xtnQqit8Ye2z/lk/bH/WaGDzARcaEq3SmNuq62Vt8I42ncH5RXnvVLuXHitWfz175skHfBa+MNyhyJ5bpyYi8WV8gYx/ye0rOu6hDtl/PSrKHZg440YAwAevPYdAxt9Qfwo3LrpFEugw8YoyTBrfDy+wOXRkv+Bv/VhxgZk0aRIcpSXYtHmLeJ1rCDj27dsHFLg/E1gslnnLbp6Df50+7X4v290qiTwmTZrkUf9fu05zPffwGEvpmQuy+tJ3P7V1yBwo3kv37duH2bNmqs5FWd9I/76MXzl/pQhGDNPEPiukYtPmLZL4hbX5yiuvaI4/UmhqqEZReYUpbeXlZCMp2beHf2PHjpVcacaOHYvvd270WseWPxWvLM3SLXMvpsIscQ9BEAQRW9izrKa6wLS2nSXxSydgxW0/i4jPAqtmvG6Zu+oaAQDmXTfN/R3D4TIcRxmGjMjF8cNlPodAipT5EQQRG5gugMnq3h8AEDd5iCy9fbcojPgmSAIYFnJH6brCiEvuhrKKcr9CHzGnGEAUl9S0Vnk4mTDKKsqRm50jup8oiE+J9wgrpHR5UYpf2H5DTZ20zcqrOcBo9R+fEh+w8KVnvx6abbB0tv72nFzUttYhPiUecS3aa791l9uajw9RBEAmylA6vvAhjgC5CIYPV8TDC2fUyiv7qihz7wOQhClK8YtRmEuM0gnmtofnCFpz3rqrXXO9QrHPU1HWLh0bUQQDekNCRBTeXDT0RBZGBBiB1Fdz78i122X7xYcP6j5A3fHZBwCAowe/Uu1j4PARhh7AKvtlFGz9d9DWj5+/zSaGGdB6uBXJaK3PiepSSXyiRlpapu75ee3Nd3nt+9H/fDmg/l2NxZohWrTyjI5f7fjf8cBKjzL909M0zy1l3osvvS87R5R9TJyYETXXPztGFeWeAueK8nI0NvQwJMCKpPtXLOLtGAAAEj2PIS62G68fYtZ/fQo5KYlYcEWKJFixp3bDJ1+JApKevbuq1ktK6OIRjoiJXxj21G5wtbpDITGRCyvX1Hqxo1ySobHyDjNaMOGL1nwAUQzTGdxftO6nvHsKE4bwIYP8Fb/wiEIYtwiGF6AYcVHRez3wNn4WxkgPb64p2Xc/KBeX+Dj+hvpTAb+Hicb3QGbBBB68cIOhJuBQsvq9jbJzeGp+3rrZs2Zi0+YtmDRpEiZNmiQKRzTKv6Jor6pEFLew+vxYAEhjfe3lfcgcOM4jhJCyvrf+lXgbv69rmjlwHF555RWMGzfO0Pgj4pwo3AMAeP6PB+ab0d5/PIx18FFMk53peU/yFnpqYVYZtnymL25ZmEWf0QmCIAh1bP2S4ah0YeJo9R8OaqVr5W/ffQA5/dNQfqqWFpcICRuWf25hoZAAYP2/t2PD8s/dn8Nn0BoRBBFeTBfAfHB0l7jB/oeAnv16IA2pkrhEjYzELCAbOFp4THJt4WHOLzWtVUArkJudo9oOL4bhiU+JQ2l5CS4ZMxQZiVmSwMVR7/mBOC0hVQwb1Orp/sJCHzGUIZC0QiLFp8ThaOExWf/K9VBbH29hmXiYyIUPeaTWZnxKPBzlZZIIZlDuUGmNAWDC3IXC3g0fWwBR5MEcVpTCEiZEYQIUZSgkNScYtX0tZxe18kzgwfcthkECDu1zjysvS9AViwCeYZGULjF8CCSl6wsbG9//1l1nQ76vXCPmlkPEBqMmXSrkaOT9395KAQBydOrq5f/f3krNto2i18aoSZcKB7/5PuYebuk9QHX/8lqd3w8fsS4SH8CaiVHHEO31LaYLnwg66z5cI23Pv2GptN10+gck9etFCxSh6Dk8haK+WTAXmNbh6fjVAtF50lF3AZcNFt/zf3eiDguuSAEAfPJVvSSCUQpeGI66C7Cnqn9ktCZ0gbVDsMI7yAD6QhYGC3mk1odyPG3V9dK4teYDAK8/tSdg8ctjK5eGPXTEk0+v8WsOza2tkriCiUAqyh1Y++azpohf5O9Jnls3ccaNpobo0Ru/EfGLUW7sEMH4O/6KarebHe/eIoZE67h2bljo4eJiVv1oZsWKFR4CFi0Bh5pIRo3XXn4KAPD4Qz+XXFu++eYbv+pff9M9MoHOjoIi93gLivDPf/4zqP37Wn/77qMWi8Uyjx8jAKxdu9azsMb4w8H+/fulbbOEL8r2pubnreP70aKoogTrNmzxSAsl3sQ2Zrb/0ksvCQ0NDQCA5ORk3H///UH5TB2qfgiCIKKZ1OReeHdDARbPzceeA/47dbe2nUVCfE9aUCLkrJrxuiSCkYlfCIIgIgDTBTB7j7p0b3QTLrEG7QtFpegkPiUeJ8uOycIRMUrL3R9oS+tLMCBnoGa76QmZkvClrb5dJqBpq29HaX2JLI25r9S21sGekyuFIFITm/BhjHr37o2yEyWSK4zSDUYpltGC9c87sagJYnwRv/DwLjBa7daCD88kOvLEJXcDyuVtiYIWce3UQiDxQhR/nVd8EWwwBxql+IUPgcQEOTOm9ARUfljEhC+84IWFPfLM/wJv/XGj5baH5whq4Y/Y+uRlCZgxpWeHI0wo9+XryMIgsRBIJxsu4JCzWYpjnpWTSXdVHfh1OqkTFswobP39rXv0xPeW6yfaVe/Jv5yQZQGATXuKVPOZ+ESv/oubvxd8OT+U6/PArCyLt/5jjWA+gLV06RrWuZnR/2fvvS5tDxg1km4qRERxqqYWJ/71Z0wZJ4agqigvx8f/uRwT7v8dACCpXy8p5BEf/uhAg1PWxne75Lb7vIiGCB5aDkmhqm8WY+ZOFO56dKK039R6EX3j3WKUvvFdpDBDC65IQVPrRTjqLqBvfBeZaKWp9SIa2y5qil8At4AFUBfQ8PlqeQwWUklrDJMH95E5y2jNBwDuenQixsydKAQqgrn97l9phgXTCxtnRv4TDy4z9ZwwU6ASyrajbfy8eIXtV4WwfrSyo6Bo/o6CFe4EPQEHABWRgHEBiApKAYlsLH7UD/X4+TZl7UQ477/1ord1CZhpky/x6EeNm257wKPcTbc9gB0FD+gKU/Z8b8whb+KlnuGyLx/RH18fPiVtv2Ty8fvnM7eoti8IwvqGhgZcc801AIDPP/88aMc4VP0QBEEQBBFeVs14nYQvBEFEJN3CPYAH5o2VPdx8cX2hRb/8GFn5hMvv8QjLw4tOePFLRmIWylJEBUZ8ShyYC8mEuQuF0vISSZwRnxInuZVIrjCAFPaIiWD4+qwe777CC0zsObmyMfJjTk5PlcQuuYNFIQ4Tw7B9JpThxS+8eEatfwYbh7+CF2+otcvSlAKk+JQ4j/BRTGzCBCa8CIaJXvScXwBIIhK9cRopw4c44sUngCiOUUtXonR6ASALe6TM50Mg8bAwTcr+QrnPh4pijBzXVzUE0uyJeaafWxe7yUVgXS6cMbV8qBlp64NNe4oiakxqIho+TSvfW30lRs4PtfUx2j7jcLG8vtWaLNvXcxAx4i7iS32Xq0G3rTKHw/Pe6cMDVOWXsY+tXKpb3+l0oq2tVbXfYKyfcv6sf6dTfNifaE3zef34sDpDhw2T5amFfzLK7391p8fcfZ1/05kWzTBETIQUzPPPSP96IbL01i8U4w+0fqiv/xNFB/Heu6tl+YMzBuBnU0dI+9k5OcjOycE//vYnDM4YIAleWB5j79Fvsff+mwAA111zPaYoXPjXfbgG//78U2n/umuux2VT5oT1/tUpOXceaFF5X3HOe4hR9lArmL/uBkTxy42/Hi9La2y7KLmlAMDAzBR8d6JOEoxoObUw8YvS2YVHmaYsqyV+UasDiE4wyvEoRTHe5gMAN/56fMAiGK37obewcWbkG0HvelY6hZgV+kiJMhQS37e3e5Kv419y+wpZqCJvGCk7ccaNMocVX8avRWYft4ilqrkm5PWjAbX7YKAP/gVBWO+tDb37b7TX96VMJLB991FLJPVz//33Wx544AHZ+u8oeMBQH/984x3de+tP77xlnVr6kofftizpOPdfCsLcf/qIe1xq7fMhnx58RPyO9blnCk05Lqw9a+KNqqGlCIIgCDnMBcaeZfWrPrm/EARBEIQ63SJhEIOvmgoAOPHFDp/La4k6mAuK0gWGubkw8QoA2TYAXL/4PgEQwx21lbuFF4cLNqt+INy74WPLhLkLhfSETJn7ChLkY1Eijv2cJGRROr4kp6fKQh6xfOYEo0TZv1J0E2qYCKe6pVI2xtJ6TztZJjqxpvSSubAAbhcYLScX5kbC/gPoEGi4BS9aZZRtKQUfTAyi5sxSUQbcnNPdI9SREm/5yjVQmyfrLxz7/Hj4kFSMnYXlGJQcvFvJiKF28fo75ghK+XCws7A8otpSa4NP89aHWv79L27Gi4Oz/Do/lO35MsesTLfgrrKqEv3Ttb90O1VTG9R8l6tBNh4lOdlZKK+oxIBc8ZwtPnwwqOddeloqgFTkZGdIaXz/BSavn3L+rH+eQNbPbJR9+TL/F196X5Z3rLjYY3148Y7Z55+R/gF5iC1lvjJ8VijH709+uK//p/7favz3rdfLX6vL1e9VUwf21h03a6eivBzZKl3mtJfjnimjZKKZXbs26jrDBPv+1SlJTBD/GC2tQGJv4GJ7RAxP6fzCUHNwUabx7ipJCV2kkES8S4uemwvLN1oWEMUxyjpMBGNP7SZzdfFnPmY5wUQi/LWrvJYb6k9F1Bh9vRdpjV/LqaWi3OHVxUWvzB4/xt9Qf0pVYMOLV9h+FeRinC7cmAKpH2uYIdwItI1or0+Yc/4YEWMx55e3Xn/b8tbrb3srbrntrlsFvX5D7dyzbeNaLP3ZrdL2vb++EqPH5krClUD5xZ03I9lqx+JFT8r6efzxx+lEIwiC0MFR6fKrXmoyhVkmCIIgCDW6xcIkevbrIW2rhefJSMxCdUulJIJROpAo+fTdl/3+orStvg27y3aphl1SG+uk2T/T7MvmQ3pbfTvissXDydxvmAsN249PiQ/YBUbNWUaZz0IexafEY1DuUJwsO4b2hguIS+7mEQaJhRkqqrTIXF6UTjDZuXGqQhhe0MKjJnhRK8OLYKwpvTzEHWwsTPzCh0Xauussrr7175arAQBfaK6Zt3w2DmtKL4wc11cWdom5zrDxqcHGrBQMaeWrlWEoxTdKZ5qKsnYc2tcoreug5G6W2RPzNMPkEOo8MOtSixlOMEdPVErn96hJlwoALAe/+V61rFY+3wbDYpElWQBAENQPcdHJU6rXmMVigSAIPt9L7/fcJxtFQsLbL7J5AUewWTRvcVjPzZ073hWKi/dJAqbNG9dhxaNPSfm8Q859P5uPWTfeBgDIzRUFUMm9AX/qM26/4zd0barAhzZSCmL4vEDr//vzT8MaGumj9e8K4RRAfdXW6BagMFrOqOwnqNb/j6mLYvr89ceJhdHUelEzj4lT1NJTktTb0nKYYePiRTBGxqA3Hz23Gp7HVi6N+PetemP0du374pRizn1P3l8Xk9uLxPH7EjqJL3vq+CFT6hNEZ0JLmGGWYwmPNyHSW6+/7XOf3uqEWvw0fc4SrPnH29J28Qlg2jQ7Vv72Id16DS4Hkq3G7l2r/1bi0Q9BEERn5mePvN/hzMX/KLjE9H4+/KzEUBpBEARBdAaiXgCjJX7hHVgASCKYYNFW3w4kQBLa8O4r/FjOnj4njZkfeyCMyJ8lsPBHTHwCuAUqRpxglMIWJpphqIlnlGGepD4T1Nt1txWHEfmzhMMFmy3y8DtxkuBDTXgRTJTiF16EwkIzuRHHO2OKefaCvBiHOa9k58bh5vlWAMB761xSWd6lRilYYfusjHJfrQy/zeqohaFi5RSiIoEJOTbtKUJWTqapx2VElvxX88pQOIGWDzWV5VVsrdiXeAF9abfspsulLwMvz+4DAMKymy5XLauWv/r9ry0KsQsRQixdQ/sSbOnSNSz9KvsPhM/ee13aHjBqZEQfXzMesD759BqLWedPoMffjOMX62Tn5KCivNxDuNJ0+gck9RNfb1memhDGl/pEF5PLIUztmUfhhj2WMXMnCg89PdNrWaVDC9tvbBOFJ86GVthTk2QCFV8cXeqbGtHUehFHK88gf1iSofGz9p0NrWAfJpISumiO1dv8/rRyC7TcX5jYr7a2Cq7GM7D27S0LPfTsU4+G/XiuePQpzfEdKy72ci+yh/jeJ+8vUJFGNI4//7QLF09/4fcYAq1PELEGL3phjiI8DS6HrEwwxDCxDHNmkb4X+JvcyWbZzwd61Em22jVFMKv/VqLbPhPCEARBdFZ8cRojCIIgCMIcTH8K9sA8b7aZDtneNyccyOp+XNr2hrL8gA7RC+88wlATX8Qld0N8a1xQFjOuI8xHfEq8JA5hY+AFJfGtgTuxKMnNdj9I4d1uNI9CeZlM1KIcj5Zohp8Tv+5a5dvq25CRmIXSBgfKKsqRm52D3OwcHK0/JpXhwwwphRe8KEUp9tBzdzEKE56wtt3OKKLIhY2BjcsthHE7wTCKtxh72DlspucDTSZ+Yf3zTjPK+fOCHLbNhCu8gEUtXa2Osk0l/Jhc9T9I4aVY/uyJeUG7QSl//zvS1sfU8qGGH48ZDjBmzE/L2UWJllDGaP1QUVklFzp6cwwJdr5yPDxlDs/XvNraKtlDLpZmFL36TqezI+VcyNaPb8/dv8hga5rP68eH4eEdSvxdG8bvf3Wn6rHyNj5v3H73r1T71Hqoyec/8eAy3bZ9PX+MHH9j9SOXUF3/T/2/+3DPlFGGx9XICVgAwFHUIL6+enGD8Vb/gftvwqP/+XJY7l+Brh/D7/FbNM7jFnfoUJw/L98P4P4pXjrndNsL9P4dKMoQSEqRiJ6QhAlWnA2tONMtCeiWhC37GjFznLsM7/7C13XUXZAJZpQUFDfhkqzeMicY5vCSlNBFVmfLvkZ0SeqLM81A7wtN6BvfG4B8zHpz4kU4RkIgpaVlwtVYrPnaEG60xqe8NgJ9rQoG/JgCvRcBQHud+Pmzta1Vlh4PoL7MgYT4BNV8AEiNT9CsH+j4K8odHmEIea66ai6+/qZAN4RTIPUJIpbwJnrhSba6HUtIDOM/FVW1yM5M8yqIkePpJKCsz7dNEARBuCEhDEEQBEGEDtMFMFnd+wMA4iYPkaW37+4QrSgEMEp8FdAwmPOI0rkEEAUpSnFMsOCFJ2qiHCNuLIH2y+bMs/vILgzKHQoA0phYuKbJw6fIyqo5u/B5rG5puQMDOr6MY4IaADhZdgyTh0+RCWXikrsBrZBCIXl8OFZxeFEL08OLNsyEOaGw/irK2lFRhg6XF88QTSx/wRXGhS8MVp4JYW57eI7ABDasDxYWiqUpHXH4fSZeYWlMNMSLWlgIKb49Zbt64iPlOEQRDIWm6WQf0qJinCOGaQuy9EJqeAu34U99b+3l2u0eIgZX45mAwvjo1c+w2VDtdCLXbpfSlP2buX7Kfda/zWbzyPdn/UJ57hg9Rzzem2g8VPX20NXIw1hfzx8jx99IfXb8OuP1v/el/8Vn9ZW4NkV8z6V0c6koL4ejqAH2vGTVNpSCl0DqX9uhodz70v9iwv2/C/n9y9v1a2T9Ahl/aVuTuhglsbd2I8oQST7cP1XbV/Qf6P07EMbMnSgMv2FYh7DEU4SiFmaIwcQoRyvPwJacABsuiBl9emPLvkZNBxcmPmGiGSaYYW2y9pQhk5paL2JgZgoAoKSqXkovKG7CsOzeAOsfCThaeQaXdLj7aYVSUhPBsH6G3zDMqwgmWtG6ZhrqT0X0+LzdM7yNPyE+Aa1trZLgBfAUtfBiGL6cVn1fxx8pa0wQsQAvXOFD8DS4HD61w9clMYw+2zauxTXXXAMA+OTwkxh0xv3+0p6bg0viFqsKWrxxtP1dOMrcToUny8uxAI9JfT7++OO0+ARBEB2QEIYgCIIggo/pApgPju7q+PSzy6/6gQpojJCekIkJcxcKezd8bMqH4QlzFwoDcsL3y8H4lDjJ9aW03IG45G4yAQsTBZ0sO6ZaXyleyUjMQi3c4hWtegDkYaVa4NGnct1rWquQm5yD+BS3uGLGlJ54b53LQ+TBYIIXJlJhIhilE4k/MOcV3iWF9QOIIZCYEwsThPAhgop3LhcAl1TearPD5XRI/7XSWN1hV6+yAJAcWRhbd52VjZMJY3hRCp+mtXZqohbWBu/somxTuc2nBUOApHl+uZqRXFsvbfdPtJhaniAiDTVHEF8cBAKtH+kE+iv3cD2cpvMndmDOL7xQRRmWyFHUgL79eiGpXy+pnFL8Emh9e16y5AQTjevH5knXT+CMmTtRmH7POPHjlyLkUFPrRVXhCC8YOVopCnlsyZ6CgGHZvVFQ3AQA6JfUUxKz8O4vTa0X0SUJ6JLUF1s6hNdJCV1gS07AZYNTPcqzNAAYmJmCtdvFX5LnD0uSRDMMW3KCNL78YUm6oY+Uc5UEPfeMi1kRTGekta0VNbU1GGh3h+eoqa1Belq6R1mWrhTLKOsHwoWz9aiodnotA9iDUp8gopkHHxkjaDm96IXb4VEro3SGIRGMcRxl5XDgWVoIgiCIEEFCGIIgCIIIHqYLYPYedel+uJxwiVXXRiBQAQ1zWGHuK2ruL3HJ3dBW3m7anNvq2xGX3U1yYVH2y4ca8oXrF98nW6tP331Zc22PFh4DxojbGYlZMlFLablDFJ5k5+jMoU11XyZw4WhvuKDZVllFOdoTLkjuMMo2jhYekwQwosOKPCwP71SiDIEULAcY1j7fD4N3YuHFLxVl7XihrAKPzxopa8dqs8v+a6X9YfMhvHi1OwxTdm6cxxrw+1riFKU4Rsu9RS+PT2N9KefK9l31P0jhp042XMAhZ3PQblDJil9qe+vL1/Lh5KTONWSUSJ4fYZyL3J1dzfnDl9AMevWVL77/3rAOAFB8+GBI5rnxvb/L9oc99ief2/jsvdel7QGjRob1uD22cqkQzj6umzvfp/NHCPD8E8Iwf54nn14T1ocXLOyRXtiiptPu9yeNp39A4+kf4Gy54PHYUqsNX+rzopmn/t99uO6a6zH/hqURe59Trl8kjj+Y999QYUtOkAQrACT3FKVwhDm0sDqy97HxXeBqcweVFF1ZRL472YbLBrldJosrzqAL5y4jbV9o8nB+0WImJ9bOH5aEguIm5GX1lsbAxsfmxYdTUs6Ln7uaoMcXtMLmMVFTsPMDoaLcEdLzTtlflyCMnxeuDLQPRImjRBK98GKW1rZWD5ELXzYhPsGjvtnjJwjCh8/7XsIc6YlgvAlkvIlnQsnaP95q6vvmJQ+/HfT3xfbcHIy1uh2sPzrwJQBg0egrpbT9rjKZ64seFotlHnvQSxAEQcghIQxBhJ7J02bL3p/t3r4p5kXTFosFE8aORO70bkhMkT+baqkXv8NxOurw5fsVdIIQMUG3SBtQoAIawB3Cx1FfJjmaMLRC8AQD5sqSlpCqG1ZICRO+TLviakU6BD0RjHJubfVtqG6pRE1rFdITMmX5/DYfykgJc5UBIJXPSMxCaYNDtd/2hguS00tcSzdZGUB0gSmtl8cMZuGFlOIWpVMJgJC4j/DiF14cohSEsDSrLQ8uZ5HqfwCaea76PQDkIZD4efPhi7zNXS1cFD9OPl+vnKv+B8klxlX/gxRaie0DoliJQiBFBiNtfWgRFBwuLpJfz1Z5KBE9BxEj7iK+1He5jLkbKMPQBAunU/4L4xWPPuV+3aytwv/3h9+bun7K+d/5m/9CUu9EzfJG1u+OB1ZK20OHDZO/9ms8TDTC7391p8fcvc2frV9tbRVcjWc83B+eferRgB+A6vVx8OBun84f5fH39fzTOn+05q+cj1YZb/Vra6vwxIPLDI2xhvsCvrmpSZbXJylJylfmAcDxmhr0SUrSrM+H7dGi8fQPsvBFvMOJMtyRWfXtecm4B8lwFBbigc9vwuMPPx+U+XuUP3jIlPXze/yDO9aBD0N0/rx6WKRg0nIGOHcurK97hRv2WHgXGF74oXSE4dO1BCK8+EVJSp8e+O6kWzQvD1kEHG+Wf8biBSpNrRdhT+2m6+KiNwY2Xl/ntO3VffDV/aWxyqkb0oq9FgQr/0R1qe742mpqcLymxuMakT4XaHyuCxbK/k4dPyS7R6jdG3wdv9LlhYlY2DZfTpnGysb3SpTcYPj6vo4/Ob0/9n77jZQ2wMv6NJy5iIZ9e8XvMsZPwqJ5iy2/+68HBX/q/+9/P0efv4iY4MFHxgh82KJgsfK3DwXNBYaJWtTEKErBy+xrJ6JvznhT+m0s/9ajfb0x+CqWUQpf9BhrzcVYa65PQhiCIAhCGxIKEkRoyR8zFQBQULijU8yXiV8AUfDCi2ASUy5IIhiCiBWi/oyuba3T/uCWk4vqI6L7CO9C0m6C84ISXmQDeDqqeBsr4/rF9wlK4QvgDik0In+WcLhgs0XeV7vkqKIcR1mF/EMoP3cj66BcN6VQhrWh1lZZRbnMdSYuuRvaGy4gPiUObfWi4IIP9cMEFkqHEj6NF4EEGv6Ib4eFQuLFL8ydpqhjCawpvTxCFQE6Ahen+DBVL4+HiVCY8IXBRChs/h79c6IVZV3l2ikdXfi2+LXl2+G31RxkdhYG74uORVeMkO2PyOqvf766mkM2NiIyycp03wMrqyrRPz1Ns+ypmtqg5rtcDbLxaJGTLZYJthNLeloqamrVX4eY8MDM9VPOnxe/MMxYv2CcO0bmz6+dq7HYQ7wR6ANU/gGoVh++nD9axz/Q+npjM1LGW31/RE3NTU3SA0t+m9EnKQnV1VXIyMiU1VGrv/u15+FsuQBbYjdJkMKLUFiIIj6kkfQ+NC8ZdgAF39Yif7x4LqmFO/KnvrK8PS8Z1xYB1bvWIOHSRabNX0sI09rWGtD6BTp+6dF5oo7LR0urPL+l1fwbR2ICcLEd4WTM3IlCypWDxPec8aJ3Be+ewruiMLy5oxRVtSAvM1E1L6VPD816Q/pckEQwBcVNMqGKWigm1Xt/uwCbTr6ROfHrkHLloJgLgaR3/UUKfZKS/Lr/aLFn92c6ecbS1OidEOfz+NPT09B/7jzptZwXw6ixcK7nD3l5IQsvhlGDRC9ErNLgckjbWm4tWi4w3txf+LaDwdo/3iosues+SYzCRCaS6OSu+2TlPzvTgu9PfoUNO44H1O/cqUNwadoYLLlrvMd4ALfYZe0fbxWY6IYfn9fvXzh3F8az6/8JABjU8f6X7a+Y91OpDBPCMJcYgiAIgiAIIvIhwQsR60T9Gc7cVZRpgCg4yUjMkok4mAjDTJj4hDm+KLe9jZNx/eL7hAE5djjKy6RQTgzmwjIgZ6CqCCY9wfMBUSln58xcYMxCr72aVrd1t9paK11gZkzpiaJKi0ygwaMMx2OmCwwvouFDDbnFL+5lZi4o2blxyMsSpLwH/7kHr/1hJaz4WGynw/mF/fdIsy7Eg8/dIBOfMJGJmiBFKbzhQ0GxNGV9vgwfWknp6KLVFu/GoxwTv/5HT1TKzkOlVWPeoP7rBqk4Lp1suICik6fmez1AV4xYx+8mW0Ub/oy0FFmx6tp68b9CAGOojwDxZY6k5CeIwPDm0qMlJiE6B+whamtbq/TQsrVNFD0of8HPXAD06u9+TXQjyR+fpurGwij4tlYSeChFLAy9vEDre5QbaM78+fpKzFw/f8aP1CQ64SGKXzLnDMXZMz/K0vkwRkZDAbE6B4qb0LN3V9Q3n9MVu2jR+0KTqkOLFnxYJeYuc6C4CaOHJXmEY2LozYmJX3gy5wyNKRGM3vUXSZ/u/bn/aI3/023fB+U9/a3zxq/zdfzpinJqAhej71sAErgQnY8HHxkj/OLOm2UCFj0xDBPBKNOUaLXxiztvDpoLjOjqssdD+LLKBLGLGht2HMcGHMczXNrcqUOwvKNf3hnGH8cZXlikFL4wtIQwwRYdEQRBEARBEIGxd/8hAG4XGDVs9lRaKCJmiDgBzAPzxngJceT5oUortFBbfRviU+KBluCHPuIFL6XlDsQld0N8SrzMCUYvBNKI/FnCAO5zJXN8sefkwlFeJoVDcpSXobRcHkKICXCU8+OFKLnZOZIYhRevsG1eJMRv822xOt7yc7NzJOcZpVCGd4EB3C4rAGQCDUAelkdNGCOG4QnMBYY5v/Bk58Zh66522T7gdmJh4hc2vpHj+uLux28AALz2hw91+xPLvYmR4/pK9dkc+LGoiU/4deIFK1pl+DVV7vNl1Fxl+H6U+WY57/jDYccp2f/OziFnMy1CDGDpSmpro3z23uvS9oBRI2lBTDh/YuX8K2+5gFmcaKK6ugo1tTUYM3qs+N6l2v2eiDkPqKXx9QF4iE54IQrbtkNbxOIoaoAtsRucLRcAlTwz6jOYk0x5legyF+j8+fpKmIuDGevnz/jdwVO6hPnM6xIR53/P3l0185SCECYoUbrF6IU+MiqGcTa0In9YElKSxPftRsIdXTYoHlv2NULo6vn2kh+Tcrxa8/JlbfTC0XkTLgQ7X298etdfe2t9SM+9M908xU7Fx4+hydXm1/0nWsZPEERgqIlcGEohi54DjFEXGbP5+vApLIEYjghwC19mvPaGZp1HFt+McX0CC4O0r/lbPPPue7K0DTuOS2KbrXd3CGFefxmN5d+ib854aaxG2FlWgZNf7gIgF74sGn2l7Dh8dOBLDyHMIJ0wnxHxmcligSAIdPERBEEQBNHpcTrqSOhCdApMf+rhj4CFJ6u7GOIkbvIQWXr7bvED3Tde6jPhCE9GYhZKGxySCCYuuRviW+OCsqBMHMK7v/BjUjq7AEz8IsYpLy13yMIMbf9qJ/iQSGr1lf1nJGah4OjXUmgkFoYoLrmbpjBFWmcdoVBNaxXiWtx5peUlGJAzUBLa1LRWSX0xEUxbfTtqUCULhaSEF5MoXUp4mBMMwwwhhlJ8wof4cYtzBLy3ziWJQPjxsrJM0LLqo7tVwxCxuakJeXj03G14txblvpqAhe9XWYYXv6i17cu4jJCVk4nK8irpv7889fd/6/7689E7rlsXrpupWXP0hZG2PvQqpqCySi7QC/cDLOV4eMocDjQ3N6PM4QjpGrH+Ro2aLKWxh2xmrx/fXtOZFo8wSL6u3x0PrJS2hw4b5tO81R5wMn7/qztVj5Xe+Fj/wXyAqjw+fB/+nj98eX/qO51Or2MzMn5lXqDUVBQCuB2A6I5Q4iiRiTcyMjJReGA/BtoHytKam5pQ4iiRPdRMiE/A4fdfg7PlAuxcH7xwg4X1YeSPT5OJWGRr1uJ2w2OiD1bW3/r8Pj82Z8sF2AoLUdOtb0DzV66fGoGsX8DjbzkDnD8v/vcFnfKGzk++Puv/3Lmgn99GYK4pgbbBBCN1LaLopbjiDIZl95YEJyed7YadYVKS+koiGH5buT9zXF9sPuCS8nr27ur3fHghDD8fnmPFxR73Yd5BjH+tCXa4RLX8F196XxqjVrg8resPACrK/Xtf4c2pUOn0yO69yv6cNU7MunaeX/efQMbv72uHr+NXvnab9VpPEISIUgyjJmDREsaEksbyb7Hpsz34+vAp1CocX9TELm+eeNVDvOIrc6cOwb/ueUaWxotiZrz2BuZOHYITh08B2IPZ1+q3t+f1UuAucZsJWJRClpPl5Xi2/J8de7ukdL3yrO0Fz9H5TBAEQRAEEUns3X8IEzASTpAIhoh9TBfABCpg+eBoxweqo7t86peFF+JdV+w5uahtrUN8SjziWkTxR25yjukhkAC34KWsohy52Tmi84yC+JR4aZxabjCiqMQuCWF48QsgCmIAyMIg7d3wsWXC3IVCbnJORxsOtNW3e7Tt77yVIY1qWqtU22f5SgFNW3072hPc6TWtVdi74WMLAGzdddbQGJjgJJgwEQjrq6jSIgt1pDYOtX09MYrePN7640aL0pFGKTzR2ucFLlruMXxdNdGMMl9rjHprKAjCerUvxwFRIBLr6M2Rwh+FhhHD8jTz9B5CeXtA5U99b+3l2u2y/eLDBwN+gGqkPutX+QCQf+Bn9vxffOl9nKqplQlg+Hx/1i+U547aGH15gOrP+vEPQNX68Pf8Udbztb7NZjM0f7U5apU5VVOLUzW1mHbVlarntFHe/scLsv2jB7/yKKOWppYe1yFwUYpRlDBBirdyyjpm1ddKO3rwq4Dmr1fWyFobXT9/xz/+Px7zbKTlDJDYW76vhM9Xvg9sPOM9jJpa/YvtxusHETXRCB9KCHCLQ9TKsTZ4iqpakMeJXwAgpU8PTUcYW3ICPvmqHguugOQCw2Bil6bWi0hKENvjRTBnz/wo65/NBwBGD0vyGLur7aJsXmpz0nN/iWb0rr8T1aV45LEXDbfly/tTviz/fj87R/660vNiu8cYjd5/fB2/Gfg6/pt//lBAoieCIGKDTZ/tkbaZ+IUJX7yJXR5ZfLNPfbG2RLeXR2R5TBTDhDAbdhzHMJUxanHgc/E7uQM4jtHX9DQ8ppMqIS1ZWwRBEARBEJHM5GmzBbW03ds3dYrwtEoRjNMhPrMmQQwRa5gugPFXwCJdfEddujeZCZdYZTennv3EL1/TkCqJS7RIT8jE0cJjiE+JkwQYptwwNnxsmTAXQlt9Oy4ZMxQZiVmSwMVR7+lIk5aQKo1bjW1fbQMADMixw1FeJrm+bP9qp0f4IzWYYCU+JU5yeWHCFUAUpDDHGQYTrtS0VgGt0HRs4cUw/LqWlpcgPiVOdJZBJuKSuyE9IRM1EMUyNa1VquKj7Nw45GWJh3TrrrMe4Y54Rxals4oZIZBYO8oxsb4Bt8MLHwKJjVc5fl/3tcahJobxhpY4RkuQY9TVhR+LtzVXE79k5WRipK0PDjmbJceSkw3lMXUjNTJHi8Uy7ze/+c36VatW0SsPoX0dB/gANdwPYINNoL+ijuW1ifbz57tdGwN6YLhn72mLlgDTF+6cMkJyEuNdXlgIImmbgxdvKJ1hlGXV8Ke+cmzKOvZE8f8buw7PD8bxenv9t/O9raO39dMb/9u7Dui2P/4/YLrjm7Vv74AEiIHW94fCDXssY+ZOFLIXTxQ/F8GFoqoWz2tbxRWFF71oCUXOnvnRo5365nM43XRW0wVm9LAkFBQ3IZ8z6RL3fXdzYeMqqmqRxsILfZRhj/i59+zdFV0TreJ7+nf3oHDDnpj5Ikvv+pswPsXQtRGoMJvVnzihn0feiepS7P223q97T6jGz/Bn/Df/HOtAEAShYO5U8UeAP3lVLlDhxS6BOsCowUQxjyy+GXOnDpE50Rhhy7+2cfe76QHd3/i2pubn0b2SIAiCIIiIxWa1ybadLmenXAcmfiGIWMR0AYyvAhYz0RKdMEeYuORuQDlMFb9I897wsWVE/iwBgOT+wsQrLASSlusLgxe3DMgZKLnAOMrLUFru0BW/MBcY3pmFF7+416Ldo6/S+hIPQQxPekKmTDwTnxKnOmY+j/WZnpCJ0voStNW342i9p/iIiUzysgTMmNITW3e5hS5MCBMK9xeGmiiEH4/neAPb5zFDzGN0Tr7i79gGcW5AfLieQcndUHQyNm6i4ZzjIWczvYrFGMF8AGvpEv2/hP/svdfdr5OjRtIJo0AvLJSR4x/u8yfQ8589EA1ECPPGrsPzlSIYflsp1JAJPDTKBas+X08plAmm+MWXdfQ2L7XxmzvuLsY/R6iE8NIK6xWM+oHwY4tLNZ0XuvBp/H9fOd10Fv2Senq4ysi+SEpOQAHXr3I/f1iSLBzSJ1/Vex2PljuMWr63dZk0aVrYro1gs/fb+vkfvPbcOmWa2r3SDPbsPW1ZMn+CoNdfZxo/QRCB0+BySNtaoY5YmrJsOLl98D0e4hez0RPTPPPue/jXPc94OMSosX//ftV0uRgmcLT6IQjCT0z41rh7j55CsId5/txZi/9TtPDv+eiYEwRBmIggCLBYxPssc4EBgJ4DG2lxiJikWyxM4uzpc7J9XnRysuyYFJ4IgEy8YTbxKXGS+4vSjYa5uPBjZi4whws2S+IZhhgKSRTBsH0eFv6IhxeWjMifJTBXFmW4IqUIZcLchUJpeQlQ7s5nAhbJFQZu8QwTuijbaKtvR1t9O0rrS6R2WB218TJ4UQngdixhjiusjDWllyliDh6lywrrm3edUTqoKMcb6L431NxglGlGHGO0yhhpPxB4UQjbryyviqkbabjmqOyXAA4XF8n2rdZk2b6eg4gRdxFf6rtc+qE/yhwOj7RgPoB1Op1oa2uV+k20Xgjq/IOxfnxYIaXYQy18j1F+/6s7Pc4db+fPiaKDsrwTRd77ObivFfHxCap5vta32ZJ9mqPy+Pt7/jidTmnf1/F7K2OWgCDQh6MWi8Xjy38mimFCDV4ow6exsmqCDj490Pp8PWU5s9YhgPWbpxyPcq6Bjv/5T98yNhg+DNL58+phkYxyTqP+uXNhfd1jLjAAkDlnqEe+nrCEOaTwQpGuiVZpXy2sUnvbRUBh5lJU1YK8zERZqCRAfq+zJbv3eTFMTd0FjzHyY9AapxEBT9XGY9IaRcK1EcJrcH4w7o1arF23V9WBy9/+In38H61/1+t7nkAd6wgi1lGKWvSELEqhC1/GSBvKusEm2I4van352s/7b70Y9PvrtMmXePRDEEToGTF8hOy73X2XiN9xp3UX3x7va5CL2ccly39A0Pf1neJHHgxG61393e3o1BtxUN7n4SOHLXQkCIIgIg8SvhCxTkQIYD7wMVwSX14pfmHEp8RLIpTqlkopPT0hExPmLhTMdoGZMHehkJ6QKbm/tNW3SaIXlqaEHzsTiDAhDO/IwsQveiISJb6UVa7F9YvvEwAx3FFbebuhNgNdz4qydlSUaecxQQrgdjQxwzGFF3pYU3rJwh+xbVf9D7Cm9JI50SjH6+/+giv0x6Y2TpbO0vh9Vp6lq9VRltFrP9JuWH/5zU26NrrVrsh2RKHwR8EnK9MteKysqtQNqXKqpjao+S5Xg2w8SnKys1BeUYkBuXYAQPHhg0Fdm/S0VACpyMnOAAA0nEFY1yfQ9QvmuWPk/EnuPUp2/ACgtMyBXLt7v8zhQE629hzMrO/t/FEef3/rM3JzM6T6ey52BwBUNdcgs0+6VEa5r0SWv7kyYu4jyocAFotlnporiZZTidH0QOv7ModIXL+Axp+YALS0Aom93Wlq4pTEBPMmlpggb4/1f7E97OcsE3gwIUzr8HQMsSdJwhFA2w1FDTURjPQFSYfwhHd+Oe5oQl5mouH2bckJsMZ3gavtImzJ8tBF/JiNjpWf43FHExKO1MjWpbMRjuvfzD4jffz8e4NA3+sQRGflwP4yjB7Lva/WcW/Rc4CRvTfXEL0c2F8W1rkGWwTjK9t3H7XEUj8EQWgzYvgI4Z1LTqnmMQHL94rnKuOSjf1w+HuP5zE9Oup3wbZR8h8Edj/RUwjEFYYgCMJMJk+bLejl7d6+KabvV8wFZsLYkQBIAEPENqYIYAIRsOw92ujTDWXvUbnh33N/eVdgTiqAXFTSVt8mub8wJxXGhLkLBcAdJggQBR9aQg4mCmHlGKx+eoKYPqDejt1lu2SuMzzKsT73l3/Jbrh3LfGsMw1Xd8z1To+b8ztb3u6Yq3enFaN8+u7Lpt/keYcb3oXnpp+5nVC27jqL7Fx+3x1+CDAWykfNFUXL4URZ11X/gyR24beVohjt8fq+7wtqY37+F3eh9sRdgmc6UHviLuH5X4j7WmWAjbrt+/ECKn15bCQEhbcvm3+3dKZsP9kqPujKSEuRpVfX1ov/FQKYYH+BbsYcA+H+FzfTB0iiU+HtF9WuxuKQjeXqqYs9rj8PTeOVvrUZSP0rrrpBM2/tur0eaTt3vOuTy9ftd/zGolV/YpfzkggmRj8crqerL7LW7z+mLjLt9e+xlUuFy6bMwbFi8f7Bh+LyJQQX70JVW1sFV6MoyLn55w9h4PCN6/7nmb8HPayKTAhjT8KPLS5NQYnjRCPsg421q3RbqawW35On9HF/rqlvPgegh8wFRukeI7tfcwKas2d+1HV0YWIcccx9dcskHKnptMIXIjRMnDiVzi+CMAEjIYvUhC6srlaeZ9vhFcCoOcJEmiiGIIjOx/enzwWlPaMCGoIINWqih1gXOhDa2Kw21TSny9lp1oCFQOJdYJyOOtjsqXSCEDFDwAKYQAUsgcIEJUz4wkIfMcELE6tMv+JapCV4Xry1rXWy9AlzIb0YMlFJfEocpl8x3FB9JkhpT7iA0nIHBuR0fPDu+MEoH/qoZ78emg42RlHOa0Q+PIQmZrvdGIEJjNgaXr/getX1Ky17Fywc0IwpPbF1V7tiXyzHxC8sHJGr/geoiVt4wcptD88RrCm9cNvDcwQ+lFJ2bpxm6CNe+MKTlyUgL0ttfIHtE75x2HFK9p8gohlL19CasFm6dFX0eyHq1uyz916XtgeMGhnWsTy2cmnAYeKefHqNJVrPP2X9iV3Oo7SpGXU6ji8EEapryxcumzIHI/IGycJtMTGMJ10023E1npFEeEOHDUNah+mDtW9vAHPw+0ew7rGVS0Nyf2BhkTLnDNV0fjnfrQuOO5qQkyI6tzABilp5ZQiinr27orL6B0kIM8SehK+/r8O8y/tLwhYt8QsTyPACmPL6FgzpnaTa/9kzP0pl0M1z/fnyVRuPkfiFIAgiSti+fSemTbs66H2EGqW4xUyxSzDbJggithgxfITwj1+NAD7T//709qH+CVbU6r15TN0Zs/KGeIw4OEKgUEhEuFn1hBhWvai4GKvf/ogWpJOhJoJyOIo0y8WyQIq5wKjhdNTRyULEDN2ifQJKAQkLO8T+e0Mpyrhl5q0+9e9P/bMmqqyV/d+15E7x5l1eJq3BTctyBAAoqyhHW327KS4xqm+u82cJ8SlxyM3OQf4lWYaPgRhayO2MotwH4CFIYftM5MK7tDCRy8hxfVFR1i6FL+LLjBzXF4f2NWq268v4At0njPPU3/+t++vpR++4bh2tUuemskoeRsWbY0iw85Xj4SlzODzSeAcBPs0oevWdTqZiF1+DEq1ZYV8fX9fvjgdWSttDhw3z6dxQWxvG7391p+qx8ja+2+/+lWqbzP2Bd5JQ5j/x4DKvD/qDKZAJ9PxTqw8AqRXHAQAHkvoAEMMcmXH+ErEPux7460rvWjJynenl82WU+ez+Ijv/zp1TD7PE3kNq9JOWlglX4xmM8OF+UVtbJa2Hv/cBJoJh+yws0tkzP4qCEy5EEhORKJ1Yzp75EfEZbtc9ZWgkniH2JKz/+hRyUhI13VwOFDfh6rF9jX3G6xhLz95d0TXRiryMFCnEEeuDD3fE5kxXEkEQRGTz3DOFlgcfGSNMGjNR18VFLw/w7gLDwiB9U7gHzz1TGLLXhzHD1LsqLBY087yV8Va3sNi/75YefGSM4O1YBVI/Es41uuIIQuO7jKFxUdEmQRBEoDBBS/6YqQCAgsIduuVZuc4ghFFzgSGIWKJbrE1I6QjTWevb4RafTB4+RfZ/RD4Es0UwI/JnCXctuVPqv3jfcZ/qi8IV7X0tmGBFFJXI66v1wW+riV38HZ+/+wuuUO/PSMgmX6lq2oHMpKl01yNimhHD8jTzTtXUon96ms95/tb31l6u3e4hIuAdBPxBr36GzYZqpxO5djsAIK5nclDnH+z1C+W5ozbG7wDNh+riA+9i3XxAX0DzxIPLgjrfQM8/tfoAMCBXPL/qVEIiVTXXIJNziFGKYwI9/4no5bGVS4X5Nyz1ELbpXUtGrjO9fL6MXr6MxN7ubYUYRq8f+Hi/SEvLxIpHn8Kx4mIsmT9BWLtur98iGEAMidQ9KwXHHfWq5bomWlH0fRmG2OWOLdU1zRiUkWK4P2V9NQpONCMvM1HaX//1KdV6TOCSd6mnoL68vgWoB7pnpQAU8oggCCJqObC/DCxE0eixuZKYxZv4haEUwTS4HB1thg89MYoRoYpWGX9FLkr+8Ic/CABgS96DX9x5s27Zv700T3A2TAQAPP744xZf64cbfvwA6L0CQaiwr+GibH9cche/6vlSlyDCRVExfd/UmVAKX3wl1oUwzAWGiWAAoD25DEnWPnTyEDFDTAlglOIRX0MMdYb6jvIyTL9iOibMjRPMCo00Ye5CYfoVl8NRXoZh/Ybg7OlzsOfkGh4/CwVUVGlBRVl7p9rn0QvLxOf5K4aJBfGLIAjr9fJ/t3Qm3dWJqEbL5SBU9SMdb44s3og0cYU3gUy0nX88E7ucxx4VEUxnPn8J78ffl3SzGDpsmKZDlNHzr7HKqduGN8eqYM59zNyJwrnrhuuW+bHFhe4XxC+xla4wP7a4pDRA7hKjLCv7XNK7qywM0oHiJqnegeImqVzepbmy+nyb3S9c9OhfybnrhmPM3IkCiWAIgiCiB94FhqEUw/iCVqijULu/SK+9w4x1acQVxmh5XwQyS392KzZv2GNAZFSApT+7FWv+8TYsFss89n2M8frhxj1+APMArKerjyBE9jVcxPcq39mPSzbm4vK96vf9PUgEQxBERDB52mxhTF4+4uLc97Rcu/jDx4LCHShoS0Z+fIP8XUNbMuxwSuXKOsIj5Y+Zivb2dkyeNluIZREMAEwYOxJnG+j8IWKHmBLAKMUWvrqoxHp9PiySPScXNy3LEd5f/ZeAbto3Lfu1cMvMKap9kvjF+z7gFr7wghc+rBOfxpc3KoRRc37pk2xHc4OD7oAEEQFc5K5kLZeDgcNH4PfDR8hCfD22cqlqWa20WAi69tl7r0vbA0aNjPlzw1uIJB5vYVKUbV03d77h88/o+avcH9/1vLT97Y/exTD+9E/EDnqCsGPFxT6HPfMFMQySeroZbaTpGFrpzc3s8797VgrgqMP5bl1w3NGEIfaOzwgnGmEf3NdDaGIf3Lcjz51WXdMMe2/1MEZ8iCTALYJh2wwWgglQF8+wtuyDIev/uENsq/uFi4A9lS4agiCIKOb5Px6Y/x8PQ/p8oyeGUQot9JxevincI+vjuWdCPzdfxCi+OruY5QRDEETn5ns/nee9tWlUQEMQ4SCv43M3OcHENkrxCxO0+AovhImLi8OYvPyYFsEAkIQwBBErdKMl6Dww8Yv0YjB8Cm5aBr9FMDct+7WQkZgV8Lh4MUhn3H/rjxstTNSSnRsnCV9YGbU0X1xg1JxfSPxCxCo1ZeXu87ypSZbXJylJylfmAcDxmhr0SUoKWn0t1MLIKGGhMLQcMlyNZ7w+HHY6nfLxHjwU0vmbsX53PLBS2lbOV8t9wQi//9WdOH7wkM/j9+YaEairxIpHn5IdY63jbzRcEh9y6eDB3YbPP6Pnb3Nzs2Z7VUnqFposDBJ9TUb4eg0bvc68tatWjl1zAHDuhoWwJ/ZFZpzKOdxyBjh3DjXTrwQAj/u00TF4G1uwOO5okpxftDjfrQsOF1QhoZ8oxLYPdotflOIV5b4osvEMb3TO2QoYCJfEcJxoxPlu9GtSgiCIWEIQhPUWi2X+1Py8df/z3Gv44JP7pDwtMYwWvOjlxgUv4/cP3o0dBUXzvTnIms2/7nkmqo5Bg8sR1voEQYSX24fGhaUuQQQLFqrG1/KxJmjo7OfAmLx8Q2UL2pJ9br8ziGAIIpYgAUxnf1EYPgW/WpElVLdU+lQvIzELk4eLghreWcZXtu4626n3AdHRxZrSC676HwCIgpeKsnaZ6IWlMSeY2x6eI/gbCima3V9eWH4z/dyJMERzU5MkZuC3pesgKQnV1VXIyMiU1QlWfT1yskUhYfHhg17npeWQYSS0T3paKmpq66T91rbWkM3f7PqRcP40VjnhajyjufYsXJNW/onqUsMCGXaMA3VIUSvry/mnd/6qUV5RKeXnAFjf3OxRJrNPOgCAHDYJ/nriBW61tVVY9+EaXDZlDvqnp/l0nXnL91buq7ZG2JPTtSsmJiAzMQHo0QNftTXiivi+HvcFvTGcqqnFd7s2ysRpgCikCQbnK+sBhZDkfLcuHiIYJmQ57mjCOWcrRuRn6oY7AuShkVjdIfYkDxHMcUcTRuRnetRlrjBqIY/Oq4wZlfWiow1BEAQRtQiCsH7a5EsAyIUrWs4wPEqnFyakCRc/efWRqFt/IyGQAqsfbgroIiNinhHDRwjHTpwQ3yOfO2v4e2I1Acu+houGQxj5Utbb2H0ZN0GowYQsH69Z7ZG3cOkyLLt1EVa//ZGH88vHa1Zj4dJltIAReCxjfZyRKKAhEQwRi8S0AKa2VXzQl5aQqpqnlt4Z69tzcmFHroeQRa0+K8PyWP1A+u/MYZCY+AWAFPaIF78AUE1jIpjnf+H7dRHN7i/J1t4AgIw0+QOP6tp68b+rme7qnRwmomhta5VEC61trQDg4e6REJ8Q0vqRRqjnb8b6sQfJWhgRApl1/gTKo//5sq6A5kR1acxdn6ObmlHXJ51uVIQqSucU5sCy6smHcPPPH/IQvwSTr9oaUXW6GujRAwCQ2ScFaNG/l1c11+Pd5npk9knBFfF9DfXTPz0NmDIHb772AubfsFRaByYAYmI4i8Uyz99fsRdu2GMZM3ei0Do8Heecrehh87z3nu/WxSPUkeNEoySW4QUpyjBHjJ69u0ohinJSEiXRCxPBMJSOMF0TrThRcAQ9bAlSKCbWvp7zyzmneDwSjtSgcMMe+paGIAgihnj+jwfms21eDKNVJtwMO3KCDhpBECFnxPARwt2/+417/39HSA9kl8aVABihWXdfg1wAz0IiGQ1h9P3pc/j+NHBpvx6ydC1RzLZRVRiBEbIHxmzsI/53hHD4yGF6P0/4jFL44lA4Ei9/4mksu3URLVSU4cy9RTW9vfoglo7LUc1zucTvEAqLRPErC39kJnFxcWhvF6MzMJcZq9WqWnbNvnLEZYxSzbOVvROxay8I9NtzIraIaQGMnkDEm3ikM9ZXCln0ypjVf2cWv7BwRsz5ZeQ48WGJlgMMyzu0r7HT3rAOO07J/hMET6OrXiZaqK6uQk1tDcaMHgsAqK52u2ow5xG1tGDV18LSNTwvxcyFJVTzN2P9PnvvdWl7wKiRpq1FecsFzOIELkbHH0k8tnKpX59SAj3/Aq0/vut5AMC/6RbW6eEdUNLSMpGWJndDerf8iCRIAQCcOyfuOzXEr8p8tq/Ml75lUXMo8uYw0qWjnPi+tqq5ThLCyNp3Nmv2P8UihlZSC3HG75shgsHwdMk15XxlvawME8Hw+3qcPfMj4jPc6/NjiwtD7EkeTjCAKHph4hYtAY3RMfCuLyR+IQiCiH627z5qmTb5EgGALGyRxWKZB3gXunCvjarthIIX//5FRL0WPXDHVYY+F1AIJIKILXgxzI/P/0a3LBO8BIqyHT0BDT8+j+8VIN7zO1hPR5PwxuRpswUt4QsgF79s3i6GAM/r+KFJUZAcVwnzyb8kDwBQcLTI+/ceRQUwEv7oJwuX4V8fr4ajx3BZuv3cEfxkoXdHoDF5+Yb78mX8BEGYD4VAIsIOLwbpbPtv/XGjhbnA8KGOtBxgKsrawcIlvfXHjZbaE3d1KlnmU3//t+6XX4/ecd06uqI6L7xjRkJ8AkocJTLxREZGJgoP7MdA+0BZWnNTE0ocJTJRQzDqKylzONDc3Iwy7oOat5A4avl6eXw+3y8AWOP6hXT+Zqzfy//YIt0DBGGzaV+KvDuhnwDc7vP4vTnSBJrvy/G/esZNSOqdCEAePoaVefO1F2T11c4/X/C3fmrFcWm7Z3MzyprIuYvQhp2v/6w/DntiX2R24b5Q7doV6NJdu3JcHJDIuZ0oHVyM1FfScsa9ff68fB+Qj89A/1XnfsAunEYcfAtn5i+8eKR7VoqqCEZJQr9eHmGJzp75Ubcfvqya2IUXwSjz9YQ3yvHjSA1dJARBEDHA9t1HPQQk/ghY1Noh5GzbuBbXXHMNisorkLQ/Q7dsUXkFRlTVYtvGtX7VDzdq4ycIQpsvxs+Go3t/JGZ2Rb8emVjzxt+B8bcC6BCvXP8MAOCnnwY95Ns8kAiG0IGJXxwa30epiV+I6CTahSMkfCGI8NKpBDA9+/XA2QAUzlTf/Ppbd53t1Pt8CCTmBAPAwwGG/XfV/wBrSi/VEEhVTTuQmTSV7mpEp+btf7wg2z968CuPMmppvpQNtD4j126Xvyne+m/dkDhMLKGWr5cHyMVBrN/Vf3oqLPM3a/2Cfe54G9Pyx/4kW39v4Vn0yqjlvfjS+zjG/SpF7xifqC6VxC9qpKVlorHKKTu/lOdf8eGDugIbb+cvIIpi+HQ1cYxaPX/6Jzopib2181rOyPMV4pRIrJ8J0TUm3GiFRgLUwyMBQHVNM+y9u8rELix9UEaKoXbOnvkRJw7XaPbtbWwEQRAEQfjHjQtexu8fvBv3/vpK1fxX/vIl/ue51/yuH268jZ8gOjNp3d1awduHugX8XwBIzHQ7OQ69fIpH3R+rXXjzskdxO+TfJ715rN3sYZIIhlDFm/iFh4lfHE4nAGDV6jW0gFEOH3KIhT1i/8OBy+WSxiQPh1ROB4sgIoBOJYBh4oueHfEpfRVzUH3z62fnxiEvSzQx2brrbKfbB9zCF+bswv5LL6RcmjKPpzOIX7z9Cux3S2fSXb0Ts2fvaQuzyia88/b6b+fTKvh/7ix/DDHnOKUnwOoM/RNErHO+st4jBBITmPDuKiyPL8uHJuLhHVyYM4zSMQYAul+4KIlgWk+738vyfSv7ZbAxKsffgw4pQRAEEQEEEqYw3OP7pnBPQG0HWp8giPDAC1+0uHzYYFPbI4hQwotfVj2xEsufeJoWJcporz4o25+afBGFhYUAgDFjxkiCE18EMAPsdpQ6HB5hkPjwR6yMUXjhCxvf1GRgh2L8cRmj6KASRIjplCGQzgYY55Lqm1dfdDcRRSEzpvTE1l2da/+9dXIxi5rQhU9TQ835pU+yHc0NDrrDEZ0OZcx4wo2lS1dahBg+d5rOtGi6wBh1UbH27W26A4ulq/G3msHon+jsdIny+uZRuGGPZczciUKrSp5ScOItPBLLFx1d+krp1TViSDOl04vjRKNU/3y3LrqOLmpjOed0j5qNK+FIDQo37KFQFwRBEETIuXxEf3x9+JS0/VKEfYb45zO3qI6Pfd7Zv3+/VPb5Px5Q/VHE1Py8dXw5HiP1w43e+Amis1BUcgEjaRmITggveFn1xEr359IOJxgiemCikfbqg7B3OEo7HA5JaAKIApTCogKMycsP2bjG5OVLffJjASCNEw3lsvETBBF6utESEOGGF8F0tv23/rjRAoihkNRcX9g2/x+AVK/2xF2CmvMLiV+Izk4k/wKP8Y9/PC/bz59xHXbu/Aw2m01Kcyo+nB3c14r4ePUHhyc6woqq1b958TI4nU60tbVKYWmiYY0i+dz5058eU11/PYwcP3/q37x4GQr3FUj7O3d+5lHGPnI8Nm36RKpvsyV7lFGKT7TSAPXwRt7KNTc369bzpX+iE3LuvHpYIT348ucjtP65cyFbQiaC4dMSAGiNQCmCUaYzRxcpnRPJaKX70g+jb0ML0NDiMRe6KAiCIIhwsOThty1LIIpKXorA8f30kXckUYra+N5/60Wvn3+mTb7Eo5wv9cON3vgJorMwsmSbZt70g/LP2QmJ2QDaUFNYhGkL8rDmjb971Ln7d7/Be++Jbb6HSVL6+oHf0GJ3MHnabCGY7e/evok+AxmEF76o7RPRi50Lre5wOMIeAkk5JoIgIgcSwBARQUVZOyrKOt/+gis81+KtP260KAUxLM3IWsay+8sLy28W6GohYoWc7CyUV1RiQK78TXKunf8i4hxysrM021DWLy1z+FSf8J+JE0ZprL97v8zh8OP4had+8eGDAZ+/pWUO1XLB6J/ohCQmiH+MllYgsTe3f0a9jhaRUv9ie0iXUSkcGTN3osCHFgK0BSksFBGPlrjFm+hFC7Wx9AAJXgiCIIjIQxCE9dHmHrl991FLIOWM1o+WeRJELPLa//5/AAZizVHvZYdePkU1PW/4FFy0eqb3H5XjkTbPwEf5ziCSmTxttrAs3/3DpFtWPmFq+1MXbqaTuwOHwwG73Q6HD2FqiOhg9/ZNFl5I5oR+2CAp/JAf5j4sDBLb9gc+/JEe9nNHgLIj0hzpSBNEaIh6AcyDv15MN4yoZjEtAYC3/giL3r5WWtpgqJ7/ccmXGew5uvQkyVbxQVNGmtwev7pWfFBT7Wqmk4mIGq6e6vn65aGJu9K3NgOtT0T38Quk/hVX3aCZt3bd3qDP39f+ic5BZwqBVVtbFRbHI73QSLzghW0zcYo31xZAPZSSFnxffB0KdUQQBEFEMuSqSRBEpLDzvU04cfyYpqjFCEMHxOvmXz5sML4uPiFLUxPFKFmGHJz6y4cAgFt+fUNMH4ctBcDMfDofgwETRhQVFwOALCSOGe0agcQLwYdfY/7Y7Cg4gqn5swJu/5K8MThaVAjAU/hySd4YtLe7Au5jR8Fm2AESvRBEmCEHGIIgoobDjlOy/wRBEARBxAa8AKS2tgquRtFR5eafP4Tvdm1E++XpAHx1FekS4KiCXz/u669w2ZQ5cDWegauxGNa+vWXrEAokEczwdCkt4UgNwO0DkDmzGBG3nK+slwlblM4ufF4PWwISjtRAOQYSvxAEQRAEQRCEPk8+9X+4cnBOQOIXnsFj49Gvh1uc3zXDGnCbTCjzTpCFMJOnzRZC/bBZ6f7CY3E5AmpbsNo7/fnNRBBO20LYnB8DcItggMDDzzhtCzXz3lmWJ/XhcDjCcn51ZpRrrRQrjcnzT23Gi2D4NH/ZUbBZd9wEQYQHEsAQBBGx1MRPwlXTrxe33/kUr7/yh/l65e+69/F1fHmCIAiCIKIDJgABgKHDhiEtTUy39u0NYA6+27URDSEcT/Kkq9XDGunRcgYNX33mU5XLpszBiLxBMveXY9yXeaGCiWDY/rjrx2Pfp9/KBClqKJ1hALmDSw9bgmroJCUJR2qkPvkx0ZVBEARBEARBENo8+dT/IUMIPKzqhS6n0VLVH4mZXQEAp89VSSKYH6td6JphFYUwxZG7FkyIEi6RwpYCOh/NPp4A0N4eJ7py2ESxyuq3P8KyWxfJRDDB4pbVRZIIRjkuPUgAERy8CWJ8IRDBC6OwqICON0FEMCSAIQgibLz0gDfbuolBbp8gCIIgiEiAdz7hSUvLhKvxDEbc/StZPnOJ0arnLV+vXG1tFd587QUAQPKsRWLBljNAYm93RYU4hglfbufGaXSMyryhw4ZJ+aFk3PXjpe0TNY3oM2EQsPckACABQGtlvaEQSN7cYVhe34YWoKEFANBnwiCcqGmUjYEgCIIgCIIgiNDQ7WI/VJ09i6EQwyAdK23DMYjhji4fNhg/Vrs8wh9FKrfkhU4Eo+f+QgS2ri5XO3LT+qC9Q99ltefD5SiQiWAABCyEsdrlLiJWqw0A4Cj8WLX8qidWGhq/kb5JOBEYu7dvskyeNluw2/JC3rfdlgeHs4iOIUFE8nsbWgKCIILNIWczRtr6SP99oWCP/E3si/fPVI2x/cBLW+aplY+GORIEQRBEZ0dPpKKWLwpjijXrecvXK5eWlokVjz6FY8XFWPXkQxj/H4/pttGw+SPMv2GpJFzxdYz+romZ3PXKfdIXdCdqGqX0PhMGuQvtPYlWrk7CkRpRGGNLwHkdcQwTurRy9Tza5voenN5XGtPr975MXyYRBEEQBEEQRIg4VtrmkRYNwhelEGXnmryQOsFsKQCOIh+XgMQwyuOil692fCZPmy04bQsR53pHSrNa4+DavBzWWatkIhgAkhAmEJjoBQBsNisAwKFSztFjOJY/8TQ+XrNatz0jIhm19SExhfmUOYpCUocgiMiDBDAEQQSVQ85mVJaLv2Bm//k8XdKAipLjPtXhy3ttPwRzJAiCIAhCn8YqJ2prqzRdUpTCErMRwyxpp1c11yGzS1xAbWgxdNgw3bmfqC4N6bFg4pfB6X1lQhgAMkcYALiyQ+/7ZYegpVXRFhO6KMupCV/4PnkRDEEQBEEQBEEQhD8EWwRD7i+e66FM8yYEUavjtC8D2p2Im7UKZZuXIzetD5rOAXFxVrRvXg72ydyZdwsASEKYUJNuswXchnJ92HqQECYwnE6ntD0pf6q0PcBuR1ycVdo/WlQIQB4Oqb3dJWvrm4Id0rbVaqXFJYgoggQwBEEEFaUwhBeIeBOLbPjgD/O12lPj9Vfk5edOyA37HAmCIAiC8I4YCsh4ulkcKy7WFNgwUYqjoQaZ/VTeU3BhkPRcXvT68Db3cKEUvwBA1y2FWDpO/LrxZEN3DEo+j5MN3TEY55DRp4ckcGFc2Qeobj4HoAcGJZ/HoGTgk33t+NGHPgmCIAiCIAgikhg/ZYr0wP7bXbti8iH1sa93eaQNvXxKxI6XCVFcLkD5fDoUTjDM/aWzoRSvqIld7Ha7bD/dZkMNJ074eM1qLFy6DACwe/PHmDxroW6fTLzAixSctoV+jd/m/Bjt+U/7VdfhcMDhcGjmT8r373xgaxhK96JYweVynxM2E8RJam3xwhqCICIfEsAQBBE0Nuwtmz93Qu46tf9m9vPpHgcsFktMz1H3w/eoobIPHN8ePB5Tb5DHjxqimN8x+gBAEAQRgxwrLoa1b29JTFJbWyX9VwpM9PKM5BuBtQEAVe3NyExUuLkkJqCquR5xAfSjNs7a2qqwil+0SEnuCUAUvzBhCwBk9BH/L7Wfl/IBYFDyeakME8wsGBeHr/YeRe2ES+iEJwiCIAiCIKIGJnx59s8veKTFqhAmVgiGCEbN/cVqswEx/Hzcm+BFTezyTYF8jXjRyPInRPGJVjghl6MA1g4XGADITRM/W9Y0dxHX254vlQslLAwSE96wcfCsNhgKiwllmCjIbrfrCmsIz3PSZrWhvd0Fm80e9P54Bxin0wGb1UZiJYKIYEgAQxBEUBAEYX3HpkXjvxHW+9FfKDFjjqaQc8+zAIDyV1fE5PkU6/MjCIIgRFyNZ+BqLJb2T9XUdqQXe5TVyzOSz8rwohtAFOIEMm7e7aW2tgrrPlyDy6bMQf/0NL/HGWxev/dly12v3CfwoY9YGKITNY3ouqUQV4yLw8mG7vjecQYpyT2l/xl9enSIXUSYMwzb/sohoL7hLIDeGJR8vmPbDd8Pv//6vS/Tl0gEQRAEQRBE2Bk/ZYrAC18YLG38lClCLIlgEhKzo2asvPvLO0X50ApJFCwnmFh3f+FFL74KXhwOB1YW5Hm02b55KbTaZI4wTrvoCsNEMAAkIYwSNQGK7md3kwUzVqun28iyzcbqMqGMUghDGIcPaRSefumYEUSkQgIYgiAIgiAIgiA6LW++9gLm37AUAGDt21sSsPAOMOp0kbaUzjXMwWXVkw/h5p8/FBPr9Mm+dgDt+HHmGNR2pNUCqN9SiOrmnrjC7v4ueVDy+Y7ywI8zxwAAvt9SiO8d7n2CIAiCIAiCiHS0xC88z/75hZgTwUQb7xR5F0GYJYLRcn/Js9nQFAPPwrVEL/4IXmw2q2zfsWah6JwSZ4PNIXd+qXE6kW6zYdUTKyV3GKd9GVxOh1hgzHKg3b3A7SYKWVwu/w+co/Bj2McsVJ2vN5hQZjUK/A6bRBAEQahDAhiCIAiCIAiCIMLG3qPf4o4wj0HpAgPAM6RRCxeW6Px5cf/cOY+yaWmZSEszIqCJTJgLDHNkAfRFKz/OHIP6LYWAPQ4AJJcYZR2tNvh+mPsLQRAEQRAEQYQbI+IXRjhEMD8+/xsAw6NybX/66SP45/XPBNQG7/4SDmLN/YUJX7REL/4IXngcaxbC5WoHbADanXDal2H5E09j1RMrpX5qnE5Mys+XxsCEMAzmDGMWam4wRk4nR4/hsDs/hqOHeP0xAY0RIU1ennzNAhHfdGYmT5st2G15YR+H3ZZHYZAIIkKJCAGMxWIRpo9MlaUdq2xERcN5S3Zyd2FoVl8pjW37y7ZDdQAAQRDohkQQBEEQBEEQYWbP3tOWJfMnCMsf+1PYxuAhdlEjsbdn2sX2wNrUYdWTD2Hvt/XzOz67BD3UIwuDBLhFMEb5ceYYfLKlsGOv3UPsogxzpAYvfqHwRwRBEARBEEQ48UX8wiAnmPDwTlE+BqAApQieCwzvinJLnls0wZxfAKDI6URGFK6fUviiJXrxVfBSVFQkCUxszo/R3h4HgPv87EUEAwC7N38sE90oBTFBP7eW5dEFRhAEEaVEjAPMomvGeaRdMypNWDBnKAAgL9Uz9mTRyQrVtvIGiWWL6io86i26BvjVqi105AmCIAiCIAgiQli7bq9lyfwJAgCEUwgTCax6UgyZ9Pb6b+eHum+lCAaAYSGMr6GNmMhG6fpC4heCIAiCIAginHgTvxwuLsSIYervfWNBBNN/VE5I+vnpp4/gNfj3o4FQuL/wopeda0QhxNVLiwAAXZKnYfYc4PV9oTsu/HiM4E3koyV80RO9aAleeLGLEpvzYyT16IF2td+O6IhgGHxoIN6dJhKISxafXVqtNt31YWtEmHct2DrW3F8+/niVtF1ctAMLFy73uy2b1UYuMAQRgUSEAEYQBIvFYhHunye37LvEnqpbjwldNPNTtfMtFotALjAEQRAEQRAEERmsXbfXYrFY5gEPrQtlvwOHjwhq++/9zTdBj1L4Egr3Fx4mQNESwvDCFaPiGK0wR+T6QhAEQRAEQUQSeuKXw8WFAID2k1/gcEeamhAmEkQwx77epZk39PIppvZ16mC5Zp6WmGZZ4s1Y3fJewH0z9xezUBO96MG7v7iC7ACz4+NZ0rbF5dAty4Q6enPUEr6YIXqR6jo/hsvVjqS0HtqFNEQwDC0xTKhxOBx0g4wxVu4Qj+nTU+20GAQRg3SLpMFoCVqKTlagqFl0eznqEEMYLbpmnKrDi5YrDN/HC8tnkgsMQRAEQRAEQUQYHWKPDiFMaPj98BHeBTfnzgMtZ1TSz3mt6q+TS6iFL0p4Qcpdr9wnKIUr3sIZaYlelG0TBEEQBEEQRCTDC18GDhyAEgCZQgVKSkp1hTDBYsTwEcLSuJJOezzMdn/xVfQSzesGGBO++CN6sdrd4hSXowA258dw9BgOK9w2OXFxVqDoHbTn3SKvzIlg+DHy4wTkYphIoL3hmDhfl1P2n5GXRyGUCIIgwkVECGAsFosAiKGJLs1O0C17qLzFAgAjcxIFANiJMp/6emn9EQCi6wwdfoIgCIIgCIKIPEIp/nhs5VLvhRITxD9GSyuQ2Bu42B6RczIbpWBFKYhRg0QvBEEQBEEQRDQxfsoU4a2/vw1nw2kA6sIXJVpCmLf+/nZQXGB48cua9oGAl9aVbi96zjBKflH+L/w15yeGyqo5veg5w+x4Pw/LbroZ20a9h+kYvu7IkSM+/2ggEPcXX0Uvb69e07Hl6UDC3F9UPwNa7RFxbk+eNlsIhvCFF73w2Jwfw2lfBlR9Adst76DsnVuQm9YHNc1dYLXGwVX0jnht8UKYDhEMAEkIA2iLYQgiUMj5hSBim4gJgQSIQpg0azwAYNuhOl2RChPCGMFisQjTR3aEU6poJfELQRAxzd/++ooQWzN6XjX1+stHCd2TeuJ801l0T+qJ7KH6NpgVxwqksuebzuLTrw9G92tBx+hvnDk6qo73B1sOiCMX6FolCCIyePLpNZqvB2vX7fXewPx7oFd/bQyuGYlZCIIgCCI6efTOaT59Envqje1Be81fseIp1bE8++yj9D6DCDuHiwt1hS9KeCFMKNxgHJPvAbZvM7XNX5T/y2uaUUGMN1ztWwGIzv7bRlUZFsGY5f7im+gFeGfWx+JGwdOG2t+x5glMXfpExJ3XSvGLN+EL4Cl+0RK9qBGXeRWKtv0RtlmrULZ5OXLT+qDpXIcTDAAohTDtopCICWEAbTFMJLDyhokAgPw8+Qm5bLOVbqJBYvK02YLNagu4nYULl+NoUSEA4JK8wO/ZNqsNk6fNFnZv30TvYQgiQjBFAMMcXLL6ypuraDhvyU7ubviDVVbfbjhW2Sht+1LXaLtsvCSCIQgilhk9dnoMzUZdANM9qSeye/6IiqSeUtqgwXbVsidPODTrRDM3zhwtXH35YGn/bPwkAEDPtm8iYnxq47kRowVJBEMQhE88uOhKko6ZyHMffUn3IoIgCIIgOg2P3jlNeOLpVT7XMVsEw4QvM2cuRGpqGurqaqX/fD4JYYhQwtxfAFH8kilUwJ8gQ5lCBQ4XA7bJ1wbNBcYx+R7s2L4NR0py0HdQrelrMS65i2x/X8NF0/uwxs3Ax29txR1b/45FVy6YP3x45jpf6gfi/qIHL3pZ5loKAJh6y0LN8mruL7aOZ/M71jxh4sjyTZ1njdOJSfn5eLpjDfWEMHl5eSgCJBGMETGM07YQNsdqOO3LEJc8FM59b0oiGKs1Dul9LqKmuYtXIQxri8GLYcJCj+F0syQIgogSTHOAeWH5TI+0a0alCQuuGOr5ojko2/0moa4CeanZ6m8gTlaopvtTn6/zq1Vb6MgTBBHTHNi/LSZEMAf26/+axZ5lQcVJILvnj5riF6BDGFO2CxVnu0p1op0bZ44WFkxzi1/GLnwJALD/4/uBSNH3/PhNx7huF8cFYMG0waIIBiSCIQh/sKbE0SKYgKu+nRaBIAiCIIhOxVFHHZ5YudznOmayYsVTAhO+AJCJX9j/mTMXSmVJBEOEms93f4b2k18AAwf43Ub7yS/wOYBrJl8btHEeKcmBNW4GgH8GfU3GJXcJmghm0YxXsPCen68zEprJLPcXJWqiF3+4BAW4Y2H0nOtMBAPAqxAmLy8PyMvzcIPRE8PIRTCQRDCuzcvhQjty0/qI4+gIi9TeHicJYRhxs1bJ+uDFMGGh4RjdJAmCIKIEUwQwgiBYLBaLoBTBLLpmnCRC4QUoshdPTryiLJs3KDvg+iy9qK5CVp5cYAiCiFUcpy50/P93zM91QP8sfHmyChVnuwIdLi9aVJztKqsTC7jOGkuL1LESBOHnvS87nRYhAEoramgRCIIgCILolIzPv9Kn8kcdH5rW95Il9wp33vlrSfwCQNUBhjFz5kIsWXKvsHbtK/T9LRHc66LD/eXz3Z/57fyiJFOowOe7PwuKC8zafw6ANc6YQGfgoCGyfSNCE39Q9gMApw6We61njZuBO+4YjN/7MC4z3F9kopeihYBOCCA9lO4vDKcT2OLnEGfmm398dm/fZJk8bbbAQgixUEg1HePXEsIAcjEME8IA0BXDSOvAi2AybXDuexNIGwfbuNtRtnk5AEhhkQAuNBKA9naXeI5wwhqXowBxCpGMEslFhsOfOgRBEER0083sBj0EK33kIpWPPt8HQBTHqNVj26bV7xgLE8AAolsNucAQBBGr2Pt363RzZg4wAzRcYEpPOCQHmFiipea4tF3SIQDi0yIB9XHR95cEQRAEQRAEQRDh4LSzwlC5frZs0/vmxS98mlL8QhCE+ZScPI6hl08xvd3+o3JQcvK4qgjGLILh/rKsaCHGuJwYAycK1QQwTuOd8e4vTPySNGaZrExRh9hEKZqxdsRMyrPZ0FS4OqjnQFFxsWzfmxAG8E8MI1tGRTgkABpCmB6yemUqpq1xRe9IIpn2dpfqNoreQdysVVKd9s3Lfa6jhtr8nv5wj7gu426nGwxBEESEYcpTUovFIgDu0EKXZidgZ2GZlL8T4rar5SwqGs5bACA7ubtgTfSM0eBqEX8ibmZ9npcqjgAQXWvo8BMEEavEQvgjN88bKjVgsB39M+2a+Sc/j61j/MGWA5bxw9KF/OH9AQBVr92HnhNvBbJ/hrN73o6IMfaceCu+OPRlx3jEtxwFR07h2+Iaeg2OMR6753LBSLknX/3aQvMOHHIwIQiCIAiCIAKhX0Z//HDGhZQM8TN0W4sLP5xxAQB69bbidPWpkI0l3OKXt5+Y7PGe/rmtXaL22JrpNNIZ4N1fAg19pISFQgqGC4w3mNCl5GTofiSl7Kv/qBzT+1Bzf1kwRvy/qtDA9b56DYB8rC7Ixxg4sWqpWGn5GjG/0GozbaxFTifybO728mw2FDmdsNpsMhGMqyOtyOlERhCPD3OBKXJZsepeeZ6WEAbQFsMAbkEML4YBPAUxvAgGAOKSAcTZpLBIACQhjDfS+4jhuMratbfNqKNGXPJQtFMYJIIgiKjAtBBIgCiEmT4yVbNcmjUe2cndBQAYmtXXI/9YZaNM4KIsE2h9AJhujce2Q3V05AmCiGkO7N8WEyKYA/u30cHU4dviGst4pAu59o4P1DveAnpPArqOB858E97B9Z4EfHdcNo4yh5PELzHMuMmiO19c3zhZenuj+E3Cvt37aN4B4nS1wOlqoZONIAiCIAiCCIj4RCviE62a+4BbAGOxWOYJgrDejH737/8GY8dOAuBd+FJZWRr0dRg/ZYpw57Kfw5og/z77QfwvAGDRyu2m9/nae2tl+3ffvMT0OZn6vQMJaogI5SezxM/g7c52w3VWF4jCjmX5BbBa3Z/hd64RxRtXLy0C4JsQRs395SjyYYXvIphgw0Qwy18R723ehDCAthgGMCaIYWIYJoIBwAlhhooimHG3w3aLGKbI5XJqjj9u1iqZUKasttljW+nk4k8dNaz2fA8XGOZoY+04X2x+htIijDF52mzB5qNIrcxR5LXM0aJCn+uoYbPaMHnabGH39k30ukkQEYCpDjD3/3S4+AKXmi2FIeJDEwHAJfZUWXgiRtHJClxiT8U1o9IEAFhwxVBT6gNAUV2FLIzStkNbYLFYBHKBIQgiFnGcutDx/9+0GJ0AJoJxp3wSISP7RHWsdMRiG6UIhKUxMQjNO3Bs1kQ60UyAhEQEETusuOFG6X1QaYcv/gfbPvfpPceN068RAGCA1SqlPfvhB/S+hSCImId3fmEwV5hgsX+/+COJrCx1p41QCV8A4KvPP8dr761F/6z+8gJZL+FU5Sl89PQ0rK8cYXr/U66+HIuuXwRAFMTs2vm1Ke2+/uKL+Opzt/1tzZl609ZK9fuIKBfH8O4vmUIFSoLQR6ZQgc93fxYWF5hYhQlf/GVZfoFm3spZhXh68xhTxsk7uxgVwWSEYP14J5jlr2xHXFomnr5RXoYJYQBtMQzgXRADuMUwBZvXwGlbKH6vwQlh4pI7QiJ1hBGyehM4dAhlfMKfOmrHlC6/qMApO2enStsD7HZ32CsN2tvlR/mbgh3SttVqpcUliCiim1kNvbB8JorqRLEKL1qRRCgdghg1+Dy+DJ8eSH1e/MLGysI1EcbJzrJ5fOCpqHRaaE6E+UTaIRCiavXs/bt1yrOm9ITDr7xo58aZo4Vc2KJjrPbRwgdbDtA9NkZRE4EYyaN5+/hBnoQbBEEQHlxiY4JDqySC8ZUBVqvUzlFnHC0qQcQYj945zeOD/VNvbLeEqi+Xyme2V954Oyj933vnrYLRvjydX4wzf/EvVL8sWffuX1X7qqurwdat6zFjxjwAnkKX06fdjjD9+qVh69b1qKszP/Tn+ClTBCYSueuBBzDl6suRP2q4rEzBwSMAgIujfod5+F9UYZipY2g/+QU++hRYdP0iSQjTfvKLgNu964EHTB3nU0/9Nz74+F3dtdTKixahR6+krjHVT2eAaUmczsDb+v/WdLyHXLMGa9Ys9f09qIb7i3Tv91EEEyp4EUx7bRVWfiCmK4UwgLYYBvAuiAHcohirXSzL3GAASGGR4jLFcEgAJCFMNMDCITHXGj33GiK4uLjPgDYT3ZT4tpxOOr4EEU2YFgLJYrEILyyfKSaoREHKG5SNjz7fh0XXjJPSmFBGJlrh3Fr49EDqK11kXlp/BOT+4h9rRw+VtpccOEZzIogIJRbCH7l5XjPnzS+qAAAVZ7sCJxw4qSN0qTjbVVYnFrhx5mjh6ssHS/tlPcQPk7nnCiJifGrjuREkgolV2hvbNQUfsewAE8p5/3P7ftm1s2z2JCEhrgcAoLX9HFZv+sZC6d7TCYIgCILonDzx9Cr39srlIe/r6VWrpbSVy5cFtX9vfZUfP+x320z4YhsyAKOuvg4VlaeQndUfFZWn0HjysJSvJoSZMWMetm5dL20zePELc4iZMWMe1q591dR1YeIXJhS5LOuCbvn+Wf1xCr9DXGtdUI7TR59+JIlgPvo08PamDPLxs4wX0c2jj/6XZp6v4phIE8SMnzJF+ODjd/Hp5i3iOgwcELzPjCe/wKebgQ8+fjciXWBOHSwHAIwb2AUAEHfLSo8y4955Wla2/6icqH492FIAAPLP60uXrsHMfPP7ihYRTFxaJlZ+UCy+htyoXocXwwDeBTGApyhm2Wa5EEYSwXSEE5KEMARh5P7a4dhis9mD3hfvAON0OsT7pRdHGYIgwoepIZB+tWoLLs1OcL+4t5yFNbGntF3RcN6SndxdYGmMnYVl8n2Ueb5RCLA+4/uKVhK/EAQR8xzYvy0mRDAH9m/TzPto095OfS+/ceZoYcE0t/hl7MKXAAD7P74f6BkZY7SioGNcPxPHBWDBtMGiCAYkgonJD54qYpBYD38U7nlbU8R+W0+do3Qf0gmCIAiCINScWkKJmlNLKOhny/a77vzFvxCY8AWATPyS3RFGqO+gEagrEoUwWiIYADh8+IBqH2PHTgrKvHnxizfhC0//rP7oj/4yl5gPNm7FFVeKP9K0p2XN16vvqK1cx7aLy6oBAHXl4n9Xax2+P3kSlw4a1CGC+UhyhGF8f/IkAODSQaK6Zfv2r3DjnBma/fkS9ujTzSqfbThRjN466YljAHiIY3hBDIUBCj5dP3lPNf1oaqZHWkKi7/cEJoTRvG4iWCCzpcC/PCWbNm7XdX/hiRYRDACZEAbQFsMA3gUxgKcoZnWHIGbZ5nwPEQwAxGXagHaunbjI22+vEu+TTLTDwjbZbFa6+YSQ9nZX2AQorF9lyCSCICIH0+JkTB8pt305VtkoCVaGZvVFmjUebNsXjlU2IpD6HlS0wmKxCGaKYCwWi+Bt/vxcAmHbIfEXB+ES8TguCjF3EcTinKIfOiYBndOnLnT8/zctRozjOmssLVLHSsQW+3bvo3kTBEEQBEEQEYvTUSTbX7ZsGWz2PNP7WL16tUdfavAuLWai5S7zyY7D8wGs86WtjjoAgClTpggjpl4vc33hxS8VlacAANUna5GRNwLduot1dmmIHUaMGC1t8w4wvjB3zlzZF0gbNm4I+felb7zxxjp/6w65ZBSOHz0o2//o048AQBLCXDpoEL4/eVISygDA0t89h9Q09w9i5l17Ka66VMxL750CwJgQ5vpZMz3SeFGMnkOMNxERL5D5z5X/ibf+/jYA4Mf48xElhskUKlASon7MZslPS/H2Dvf+sa93uXdUhC5atLaIY5t+sKPOQdGBQy6M8U2YpiaQURPFuNq3Ahgc0mNeCoM2LyaLGYyIYBCGCCu8CAaA5AYjvaYYFMMAnoIYQNslZjUKPEQwAEQhTJwihE0E7Uvj7AjjZB+zkN5ghYlIcF+Ji7OSCIYgIhTTBDB8aCLGNaPShAVzRBUkC0vEowxNJL3os9BFdRW4ZFRqQPWV9RZdIzrVmE2w5h+q8RulpOlMzF0EsTgnonNj79+NFqGT0FJz3H0v6wj/xKdFxD1WdVz0Y69YpK8tAwMGZKjmlZZWo9FZjcfuuVzojPMmCIIgCIIgwstRRx3eeecd2X4o++oS3w2rVz0hpdXUng5a/zW1p3X7mjxmCABgd+FxmcAFABZMHbGOz1fCnF+Y2wvbZuIXAMgYlCa+Tx40AthhPK5Pv35pPglh5s6ZK9yw6AYMHzkXAHDk0AbMnTNXUBPBqLm/DOwIeRNokOQ777zTsAOMGkMuGaW7L9ILwA+ylLraE9L262tPYH3aYA8hzEOrPsGKu6/waT68KIYXw/gq4Bg40L39/57+fwBEIUzXtu6SGIYdG7YdKjEMC3/kC1WWbMQNykYV4PEfKDXcTiBhkEYMHyFMnTYda/8p7g/PDe46MWGMN4w6yPCimKk3FWHH+3mwxs0I6WvBzjV5uHppEZblF2BZ0UJ3ho9iF+b+4nQCLhfwTRFQbVsIo60UhcHtRQ8mggEApRsMDy+GAbwLYgBtl5hJ+fkeIhjALTCJVNg4Af/EL06nS9p2uZwgCIIggoMpT0kFQbBYLBbh/nnDZemX2FN16zGhh2Z+ajaK6ioCqq+FmS4wwZx/KMbvKwOTerOX65i5EGJxTkTnJhbCH7l5ng6oCh9sOWAZPyxdyB8ufvFY9dp96DnxViD7Zzi75+2IGGPPibfii0NfdoxHfMtRcOQUvi2uIQVMDNLo9C72GDd5XEzNed/ufYbmTRAEQZjPPTdcIwCAVeVRw43Txby+Vv/bv3H6NUJfK/Dqh5/T+xaCiFF+s/IPYe3/ziU3haVfl8vlU74gCOu1yvLCF29s3fqhZcaMG4QlS+7xyGPiF14Es3btq9i69UPVe7BS/AJA2tYSwQDAlKsvl7arTFrPQBxgmKOLGdTVnsDra08ASxZKIpg/LV/glwiGIRfDiD/I1HOF0eKyLPE/L4RhhFMM8/5Lv5eEUFow4cuNcxZIadaEBLhaW6X9DzbCkBDm/Zd+j5vu/x9Txv7k70rR9s6rAIZj8BDxB7hL4+ReNn8+0zck95TGxkbNvN/2FvPe63a1R97Um4rw8VsVCLUDjD/csnkhAGC1jnvMXeOaAu5n08bwzXH39k0WANBzg1ESiCCmxumE3W7H6lkOrCwQ19dR+LFMYBLJqIlfeHGL9mus+/nT6lli+Un5+arho8yGiZwIWmcj9wKCiHZMtQnQEnQUnaxAUbMoZGG/sFh0zThVhxOlK0reoOyA6quN8YXlM4PiohKM+Ydy/EZwC0Vih1icE0Ec2L8tJkQwB/Zvo4Opw7fFNZbxSBdy7R1WnDveAnpPArqOB858E97B9Z4EfHdcNo4yh5PELzHKk69+bXnsnsuFvjZ1J5RGZ7UkfonrGxcTc25vbMe4yeOwb/c+6M37yVe/pnOeIAjCZO654RrhhtnTUe0sxdH9ng9d+lqByWMHIMPmfqhV7SyV7fO89vY2zTbuueEagUQwBBGbTB4zBFar1dQ2XS6XqnOKGsOGZgWl/+JjlbplvLnf6OXv2bkfGYPSUHGyFtkdTi9Kqk/WImNQGqpPerq5MBEMAPBCGF788u9/r5PKqrXPxC99//oSbL2fQ98xY8X33oX7UX0mDjf84n5NEczdNy/xfA14b21Aax6oA4xxehkqtf6z7yUBDBC4CIbBxDDMFcafkD7MFUZNCAOoi2HCGSIpbtBVMuGLFqzMBxsBBCHUkcfn79+V4uU127C046P1FRWbVcv9tncj/rfEP8FNZuZrAICqqrt9rrvkp6XYsZ29txLfp918YScAtxBmdct7WJZ4Mxbelo1IZbV1jbixeQ1uXbZUTCsQw9vNzBfdXwDR/WX2nGkx89po1A1GDaUgBtAWxTAhjN1ux9MQ13WZKz9q1slf9xYmegHc4aBCiTP3Fmm7vfog4jI8XceU6e3VB3HL8DTExXl+n2e1WlFYWKga/sooDocDNpvNa7mCwh1RcW7kj5nq/Th0CMACWbMxY8aoiprb29vxzpFaj2No5Fjbyt6hDwhEzGCKAMZisQiAGJrn0uwE3bJXjxG9+f7vg68AADtRplt+Z6E8/1B5iwUARuYkCkbqK3lp/REAomuLWYvoy/wjcfwEQcQWjlMXOv7/mxajE8BEMO6UTyJkZJ+ojpWOWOdl3+59tAhBwFXfTul+pBME0XlgwhcmfmH7eoIYgiCIUFBQVBiUdvt26aeaLgjCeovFoivWUIZE4t1fdu3aZZkyZYoA3KkpfgEgiV9O7ngDu1TEC0zYwoQwWvm6c/zrSxjb2/N93tje7dj/15eAVE+B+n/96WkAQEWZXCDEu8L4g78OMNOmXYHt27/CtGn6wpTvT54EYNwthg+NxKc9+xoCFsEAvBBmC1p79EfXo7470Go5wjgb3OG6nv3zCwDCJ4SpsmQbEr/w3DhnAT7Y+Al8CYnkD23vvCqJXx7teSSq7ns3X9iJ24eKg2cimEhCEr0AkuhF9XOmy709KQ9oKNluSv+T8uRthwt/3GC00HOJYQIAJgRZjYKYf+3nRS81zuiORmC2iJfw7xi4IuGmQRARiKkhkKaPFEP+bDtUpyrQsFgsQppV/BXB9xWtHmWMtMFgQhIj8O1CpV8z5u+eX3zUjT8Qbr31p8K1114blSf/Z599FtL+srNsHh/sBw8ZHtU3kBPHPT9kVVQ6fTo/P/zoI6Fgt/vNbf7kfNyw6IaIekj+4UcfqoxxUcQ+yLf374bOwK8XjpOuqWt/+Xtj1/3/uX/58peP98WMGMNfYcnMmQsFANiy5eOoWIuZszrGu1kc703XZal+Yfr+1koxf0Zk5wNA9x49pTLnz52NyOOgOkY/zDxjLfwRwx9hz6uv/snrCjqdpz3Sjn7uKWw8035O2v7ptLECpRtLB4BLrrnOYz1ttn5ej9899zwU+LVqwtU+feI0AQC27dke8nvHcFtKxFn6HnHWu9dBMO/4RNJcjzjrLYHObWB2X+HVvz6muN+IYdye+/O/kNU/GZmZ7oeaDa5mzbaSrX1U0/fsFX/B+eBvf9JxXckfQt7ziydRUtEYltc8peglFCIYFqrJ47XAoKsM1Q9vfaJzEGe1mdJOu4+/Bo+Li8OYvDF+91foKFIZRDtwTrvOsqW3+CrWkF0rKf1H4OSON3ByBzBo6p3IUAhhmPCFldVCS/zC8vREMNeWlwC99N1Qri2Xh4IZesklyLHnSPv8dqAE4gDDRDBapOaIr6G+hEpKTdMOJ/Psa1+ZIoIBRDedgoNHsAe3YshZ/x5aDxwIlJSUSkKYX/ziPs8xc0IYM0Qw46dMEb76/HNsevcZ7WvToPOLGqIIBppOMPs2vYqvPv/ctPlEIsNzgR06+W8ea5eJYGxX/m3+8OHD14VrvKvzPpa29UQvnZFA3GC0YIIYJoSx2+2SECQcjiihRkv04nA4AABFxcUROW4th5bCwsKgtO+McnFQKOZXWFiIMWPGqAuRjtTSDYzo9ATlKen0kam4ZlSaoJbOb1ssFoGJZwAgq283HKsUbfGy+opDy07uHvAXjny7AKR+zZpvtI/fX/r0TgATv4wadWVUXgAHC0OrKl47eqj7S4eSU7jttp9F79od/BLPP/skVg/sL6UtOXDM53YKdhcgf3I+Bg8ZiRPHD6FgdwFuWBRZc1Uf46KIPj6xEP7IzfOqqRVnu+L2qzLx5hdV6J9pN9QSX6ezM3PmQuHhRUPEbSwUIl0EM3MWN95ZC4Utmz+22BLT8PMHfyGV+errw9i+9SP3h4sIz2f8cu4I/N+GwxF9vhgd44ABGSgtrfb4D8S2A4zevNUYNGig1zZTUjxDNB79HLBZE+kTjAk4XS0YMcLzobfVmhoV458+cZrw8KPie5HpT00TQimCmT5xmvD8o/8VcWty4+rRwgdbDpi6DjfOHC08vyxy5jr9qWnCNph7rJn4BRAFK8/9+V8yAYy/MPEL68OmESou2PACF6XYJRTuLyxUE+uf79dIaCWqH9765uPZ3UM3TJZ9Z/SnD3frjCnitIdRD/vFrK1DAMMELHFWm6aYRU8s43K5/PoVbp4fFvhFHQ/KfOHeO28Vnl612uc6r7zxtgUA5i/+hWAdMhEAMMfejn90CGGU3DplEP7tiIN1yETMX/wLYd27f5Wd1zNm3CA8/PD/IDU1DXV16g9ovIlg/OHum5dI4Y7KHeVS+pgft+Cjp/8mK5sx5yXD7QYa4sibA4yvzLv2UtX0nOz+KK84hfTeKag5Ux9wP3wbx3vm++UEw7gsS3Qy/utfX1YVwQCiECYSRCPWhATpv6u1lW6kZrwfvcW6bvrB0PfLhC9GRC9XL3ULDr8pCsN3DijAnQsL8MbHT4S8bzPdYHhWflAsE8EA0e+I4isO7rWcCV9WflAMe5jHFZcxCu3V8otST+gSSCgfVp9vf8yYMYZCIkUqRsRCZqyZw+HQOS5dZMdQLfwRQcQ6pgpgFl0j/rK3qE5UOOelZqPoZMf2IM94jtsObZG2X1g+0yP/mlFpwoIrhnp+MOTaKqqrQF6qeqxI1reyzq9WbTF9IaN9/IEQrQKOsLypuej5hdXBg19G9RqqzclXBg8ZKf3nnVYiiWgYI8+B/dtiQgRzYP82unEEkbqmH2NivF99fRhXXC7+utCWmCY5lvwSIyIyHxDdYWyJaVKZX84dgQcwLiKfaijH6Gypxfuo1PzSccCADI//jc5qPPnq15bH7rlc6NvxEJSl8XWjMf+xey4X9OatRmam+hdFVVVVUr7LVYcBAzx/6el0tdDNyyQGDBiE0tKT0jYANDY26x4frbxQwsQvrVXHkJA5FA8/uijkIhgidrDZMlRFMMZQFxTz4hfWR7gwInJhwohgwosv/HGdofrhrR8sHrphsrDgummwT7xE/Gy95ygeugGCvgiGMBOr1Sr71SwvbvHHFcbdVp3PddWEM7ytvdqve6cq3GN2eAmpVO04hJXLl/l2/TgOqaaPGGoDdp1UzRs91IZ/O1yqeUrxS2qq+PlIKYR5+OH/8SqC2Xbrgxg+ci6kx6WLgSOHNqDvX/XFK2k/OmT7p6pVRDgb70cXAKfwO/TP6q/+OfTLyBL4p6YNxrxrL8VVl8o/Qzgq3fPLye5vap/5o4YDOII9pXX48RL/nWAA0QnmsqwLYRfBVFmyMWvGzIDamDVjJjZv3YJghEKy7341Ku6vU6d1fCe5u0Q1n3eBCQe+il4GcKF5Zs+Zpltv08btXsv4W+fOhU/gjY+fgGC1w+JyhHTNguUGoxYSKZZRE72wtYgkeMFEe/VB2Gy2/5+9Mw9sosz//3vkKoclBVpD6ZFSjrbcoNwKbVUOoUjRXQ9UFPDW1a/ift3lu+r+XN31WF1vVxB0vXYVkGORswWFcihQwB4UStM7tNCGQqGAMr8/ps9kZjIzmSQzySR9Xv8kmWee5/nMk3vyyueDiAjjnrPC+16vrDLBQil+vR/fSuO1tLQADXVUeqG0eXQRYBiGYR+ZmeYSNiKB7d+XYzvK8cAcl8UubH/380K+lA/JAiOVSGZnjlQVaACI5BHpvuSyuLRSJOWQmPXKohLq8fvDli1bAl5KKJzYsmULrr/+ehw69ENIxm4UzzzzDP1rmz8fpKt/ab3c1GaO+ZOPl9M73keKChu82n/KFP+yxfjbXy5eIpcQZk2K5kUTM7YThNlhQoUdeQVwbF4FIn14g1wfT+OEervSPnctet2n9V/0xiuq7VKZQ65dqY32Dw2k8kswJBhHxSEArkx40ljkLgme9vN1/y/W/AC9s78AwIqNB5k5GMbekSWW1eXi1bLN2+Mj+4jXXn+IBEMupQKLv2MbwZKVWxlS2sYCi1t7oxNYn1uGKIv0hyftP0Q1OoFdB8qwdFVOlh4/NRHpwlf5gvYPbn+jsI1OhX1vEX8dm3LpF5Qg4nUJI4ux/04WSjFqIow3jB073Kv9VykIMAdLlNeKa3P/kUwovwBQzQDDnRtSlmAa738EaUNucuuTNuQmFN4P4B+vaT5Gpjf3Ps/Wus7NESmmD15SlWD8Qa30kRaEpY7kxBeAk1+ef+9fqmWR/OHEmVMiCaaGiUdL6fd+jWkGCSacuONOXyWcDK8/OxEKy7WJOsGWYORQkl4G2riya0fs53G5wfN7dcPx3NbXbE+v867rWsYNNkrZYADfRRipBBPuKEkvET24730tDSWmirel9hBuS4sJ6JxKYofdURwS97EZRK7b0mLwVeEhKsFQ2jS6ZYDZnl8uun244iwDAEMSunn1A4mbMBIplkRWbeXsepJtRtqPXBcKJynJ8bxAAnDZWozKohLq8fsCKYMUaphF3KECEfDd+pXo378/jh49yp2QGSeu90myrwSKY0fFJ3h279rtFqOpP2T1ad9mHjtl1VUArkBNTZXXfSjeQ8om+VoySdQfxpVcWr29HkA9HrhpkCnbhQizw5gZuTijrL35bCeA5xJHUVYuI4qwPNDIca7PQ2VltSHZ7um4yRikNFI4l4KiGEfG6HQWAB65ZxAvRhBRghCMTDBK0ob0MlD7B+O41WKV3lfeHp/c/awHu37Iw7hrx4u2SSUYaWYYtXa1PlJWfr1Ct+NYsnIrwzDMzKdmZ7uVnliZm5PlzVjZ6Rk+jfF09hzV8x0WWJDzHfe6X4RGtzba39z9X1u5gv64SglLtJZPkpZmOlVdAEv/0bD0H429AHr2icCpanGZ1J59BmFvh9Gw9Hf1EULkF+ltNRHG7TxaQl9kA6h9bDpGXNkiajtwJgK4/xFsSeiLJxX69+0rL8Idh1iCATgRhkgwGJrGb58z/Yag3oda5ifyy6hRk1BRWY2KymrdM8BcdWVP7jxeqwSTlDQY6zYAsWylz2MGMxNMRPJ1GHvNGF3GGnvNGE6f8GMtdDlHaPKMMUZJMN5kSPEkvbg9Tizy47Q4Yej+ADBranCzwPDfJyTZYAD/RBgigrQFEUZOegkFjMz+opXJY6di2+4NfOlKs+FwOjB57FRT3FctLS30Ay+lzaPLr6QkA0rGkGgAQM5hV6pPIsIAXNYSsg8qXTUyGYZhAVdpn8HxXUVCzXZw151nL6Cy4RIDAPE9OrCWbp3cYnGevcD1kQg5hHcrC/mY9VrEUI/fH4j8EqolfA7l7w76+oXs2h36Qbf169+/P3956qSrhnCgxRfpvEIRRilGsxIO5Y9c/N3jHtdep61m9rb1X9F3/jDHcbYOly5eYADIlhQyQ7uQUJBf1OKMiPLtC7BaeaBwaJddI8Ef57ZsUc/8VlhYisbGUygo8O3femr9tIzZFvuT7VFRPVFYWKp63wwcOC5gzz2h+CKHXJaQQOOtjGL0/oE+bq2xKsXv6fiMum+9kWDULgGotgnRU34RnItY+3T2HNV2LePMycj0uW+qVdvJRUdLBKwRvp+IpP0D27/IEZiT/Pa9RaISSN6gNSOftKRjqGPkcUeY7AcVYQkkNaxWLu7hLSnI91AGie/TmpaAZJSRzuNQmNd5dC8s/UdzfVtlGCWcR/cauj5S+YVs81RI+fhx5c+K/zncD78Zcky0jUgwu+P6tIoe5sNeVQdHw0n+9gdffQfAlSUmIb4PKiqr8dicq3HijDHntMjazL/1Diz9+gvDM8Hc++B8ryWYqydMYHds3WqK+2zH1q26SzyDe3VE47BMZFZ6n0nk0xLt75G+CCvejK/b50QVQcRb6cWssBabQovxmTKE2WAAfUWYcEZNemlpKIHtYiG/thQKhULxHd1KIPFiC4CMIdHIHBrDfyHdeqiOyRwa47YPKeNDZA7pOFJiLF0Q36MDCwAD4qLc2kuqGkWCidw+GZYuIkFHlw8aIR6/v4SqwBEMjp8+47bt0KEfQnoN5Y7JX0iWlVDItmJWDh7ICQsJ5uCBHE37Tbxusqb9qADjP/Wnfw1q/3BiR15B+H2Rj4pAS2OL22XYn8Dw8rjT0pJRWnocycl9RdtLS48jKor7/NfUVImUFHnpwWKJ9ti/sbHRrV26b1vt73TWo7i4wG19i4sLYLX21zS/0ciJL0SEkEovwRZD5DKbUPRd20BLMN5cemojGCG/aPievtZM96c1osUviYP2D25/IzjcdBnYlItZrbdXb8rltnkByTQnlZLJ55BwzTyn13ET6YP8k5iUQIqwWL0qh0TEGafTqUlYkf98Z/FqOwBsK87HcFsKrDrMJ70tFGAYhpkpfE0lYotQfvkFrpPM3ogvSplfqqrUpeeof74LXKnSFq1cgk8xA0yrGPPe9xY89YdHcH7HX/i26to6VC+9FQUT/8gde9dor9bb2ax+Ltfb8ciYgwYOF22Tii8A+Mwvrz4xS9fnIcn+svtQIb+NSDCDBg7HP7fn4dbr4n0eX0smGF8kGAB4968Puj0Ovv6+Ek89fYuuazT2mjF4/bU8jIpzn/+R//3AdK+tWsQWX0WWuwdEKPY1Qo754H+fx4N/Vc6SEsrSizALjBnQU4QJpYwo4YKls/j933neSRelDd3fDroklDBGtzoZqbZoUamelOh4vqxP5tAYNtXm+iBPyvvkHN5IvkhxJ3jvTBP1TUmOF5UGEs4jpbi0Eqk2l3gza+IAfr/i+kpRGaKcwxt5+UaPYw/1+P1hy5YttISPF9T+yrqt3/XXX49Dh34IuWMh97v0mPSAZFshBLsEUihkfBFir/6l9XITfdJRNDNk8BD28M+HGbX2WCRr3t9j/yFD2MOHtfUfMmQIG9snOezWPHfzKli7uVKAS7PDmAVvYyQ/REgvhe1qckiotns6biFy8gYAJCf3RWnpce7zZMogv/p7K4+0pf5y8gtZ81OnGj32N5qM0ensI/cMEoklQgHCTMJJuMsvc6YMY+/ICp6obqT8QpCTYPQmGPJLoChzOgFYvOrTCP8yi9D+gelf5qPE4C1nO3fH6k25/HU0NXo9htxnjrYgIRtx3MIMMIHMBqO1JJER/eWEHSXpZufOncyECRPYnn24z1GeRJdT1QXYKRATNm9eydxwQzb7zDN/4QWXuDh3GYW0ffHFEmzevNLtO2OfwsNAdC8cOBOB134RZ2V8un1v1z4KqGWAEdJ54h8xY+oUrNvAnb/euT0PN7WKKp6EFrc19SC4eDuedEwivgBi+YXw2JyrAcCw7C97y0j8hUhKusrrtVZDToIpOJKP+bfegYmZmdC7DBL/vLBY0LVDhGTNu7rddjY3iz+/XWrxWYQziv0N8nLlyB5XGDa+XmP7yp5iAB4kmFATX6Tce/PzKq1jAx6PHiJMS0MJlWACjOO4K1uXte91soIEyTQXyNc2vUr4lNuLA9LHU9yBLCHFf44rrHO7P6X3OYUSzugmwEilDl4Aqa9E6tBokcBB2oW8/cQUXp4RtvESSOt4sl/0BG3Cfch26dxvPzGFL1ekF/7GT0i1RePdtYXIOVyPR2YiYPH7AymDFGoES9zp3Y77XtZ0pjmocehB05lmILIbf0x6Y6YSSKGErU97tDWqa+xt9o18zpRhIgttxcaDjDfthOxRozAEQxSNtuxRo7Db4ZTd35M4o9h/SGt/BRGGtEv7hgPfbK5iAKBDx07srEnRWL29ni+dZDbkYlw8f7xf9qOn0kmh3u4PQolD9nNjcQGioxN87q/WRvtr65+ebvzzTiq/CEWIw9/noG+/OFOIJySuYMbyxZofFN/bQh0jMsAcr2xk+sZHsfPvcmUKNFKCkcov6zcX4XhlI03pTaEI6DWQkwnOVlTp+pnKyM8rwUav47ZYLLBYLHDY9SkV4RJHtMkMk4eP5X9U8oUUm809hogI7Nn7sw8xa4NIMABARBgpp6oL+H2lbUSCueOOBQCUM70oyS9yRPXmMgI11mrL/OMpA4zscW/Pw03TxRlUfjigrSTqtSN6a9pP63iucQFUAX3i+uDB26bxEkx93TFeghFmfdFTfjl/+lfYT9dh36GDqL7UEXHJAwEAe0uPICnpKvzzn+/5lf1Fy32iJ/uq2uOpp580ZOynnn4Sr7/2Bvrq5Nd3uW2BcuOWT0392q0a+/Icv8Z+M38sHhy7G05nq/wCbRKMGhvsw9y2JWE3WpzexebP/h/sdhdZnpi6G7Omum6v3iCWeY7Yzwf1fvYkwgC+lUcKZ1oagvd9OqL3UC6G2kOKYkR+fj6GDx+u+JnBXzFGL9mF4HC48pqMGTvZ9fy12RAR4TqGotaykakpwwWxiI9lz+5tPn9m8nSM/koxavHk5+cDuELxPhXe7xRKuKLLr6QsyzJDErq5/RCyPb/cdR3lqv0ZhmHffmIKt0FGik9JjseqrfsxO3Mkv42IIyLpRZAtRSifCHl3bSH0zJ7ib/wkJuF4AEDW9N21hXhkZpph8fsDkV9CtYTPofzdAZ1PKop8+eXnIX3yNz7Oyhohv9ASSP4TDuWPXPzd4x5bNmxDXUc7Yi7a+Mu2wJwpw9hJ4/vB0qn1C8cF4Gr7VexPR04wWtqFvPDJcgb3zFOUGl74ZDkzZcrNrNz+nsQZ2f7LlzOY19p/iHx/vu/y5cyUqTez4Xo/chlW6mmMbYjY2FjFLCYAJ2Hs3r1NtkRPr17RmvorlQiKjY3lr7fV/i0tjYpZYLTObxQZo9PZZ56dLSu/NNeU4PixKvTtF8dfBls+CecMMMHO/gIYlwEmUBJMW5Ffykz2L29KaGFLiENclCvbXtmJRjAMZrIsNJXwIqUXldrCFb2P258fNPzBiH9Sax3T36wzyZPvRem2Zapt0tJJQr74Ygmio6/CDTfMBACcPMllmjxwYA/q609ojuPp9r2B+lZxpL020URPqUIu24qQ+rpjuo4n5IcDxxQlGGm5I73lFwBu8gsA/DZjMF8aSc91FmaB8TX7y9UTJrA7tm411WvZjq1bvS7hdO6rJcqNvTrKbv755EXZ7SN76CNKyo0vN7Zq7DAmA6e3EoxQerFaImQ+943FB60/JwjLKMnO6yUbW4crE2RvkYvhzQ2u9iemimM4Yj+PgbbOKLMH//GtJMIA6jJMW8kCIye92C4W8usWaIgQIYqx9hAm9+AyPHFChTtqYoxQRAnkZyp/5GIpwrH0Ph6t4o/a8SjdLwAwucdlbGu4Qva+pVDaArqlCfi5shkZQzjzI+dwvaygwTAMK7cPKSH02JsbMTjelUrQefYCLN068dcrGy4x8T06sGQbQSjaAOqyzc+VzbrLI/7GrxTT4YqzDCl1xDAMOzi+qyHx+0uoyi8U8yItgUQwOiOMUsaXUCuBBAAHD+SEhQRz8IC2f4DU1FQBaI8aCC/DmzlThrGjkt2dkOzMq3A1rmITbVaotffEOLe2Fz5Z7vH9paiwwX1/D+KMYv/lrW3z5Pvz7WHILTfEsdZuMXgA3A/wD9w0CI9ipCklH2mMjrN1SIF8BpKi/Z5Pcuatzwu7drXjVvqBxpPEkpIySCRpEPlFa3+pxCGVN9p6/yuvvNIrCSYQ8osQIpYQuURNfjG6RI4aVH4JzBoHUoIxinCVX1bkbGUYhpmp1J6dnrEmyiLf1ugEVubmZKmNT/sHr7/Sj/b6nUfCzCmZ3PWqxjqcPFLAZ4Ih7f5IMOFe/ihcjtvpbAHgNGBMdeQyx2h/7DIzx4/nhMnkyfeid3IMakvr8AvkTzIrSTAkA8zmzWtbP9tx3y9GjBgDANi0aY1qHBvqT/p8DN5mgJHL/mJWlr/0lOi2EeILIC+/EO579FFdsr/I3S9Glz6ihCZy2V+ESCUYwH0nIr7ICSdChO1lTk5EuS1Fnz/YflU81usYeBnGzsVgxrJOUhEG8CzDBDMjSjCwXSwUrZWRCEviaNE5iHyhJH+oiTFK4oaeIgnJ2GK12gy/n4Sij8Nh5x6zERbdxvdVdFEdq6HOq8cEhRJO6CLAEAEk53C927bWEwf8C7d0H9JGxBhCSVUjL4wMiItCjKULyHW/qGwWzasX/sSfYemCIQnd2MMVZxmZky4MAAyO74oYSxfD4veVLVu2hHQJn0CzpMJBj8kHAlUKKdRLHxHs1b+0Xm5qM8+ta6+bqGm/beu/oi9EBqBFnFHtH8aiixoLn7o/5GLekVcAx+ZViu1JSfL/umx0cP/KHDnOlQmvrMw9xbewXQ5v2j2N72+7N8et9GOMVgkGgEh+0dpfWM5HTt5o6/21SjBK/fWGZH8hSLO/EOmlL2AK+UUYI8XYNTYKOQnGCMK97BHLsmvVJBhKaN6nAfvuVlGFbudPY9aN6Vi9Kdfr/vt37W+T95Fex70rP7hZZ0/UncSJusDNt3pbQRbwrzXe95Gnd3IMf1lbqu1A5s6dK5L+hRlgevWK4TPBkH0/++wzt/ePf9or+G3jR/Rm5z/8IgBg6XuLsSvfkeXpeaxXZhKpbKLE0q+/0HU8TY8tHcSX86d/haOBE42qq6r57aOGDsOoocOAQwdRVXqEl2AmJHYwJPsLYcKk8brIL9/952+i219/X4kZDy4G0Cza7nQ6AYsFXTtwskFxaTlW5Li/ZszJ6I+U5EQAQPOlFtksTDMeXIyvP3gRo+LEcUz7ze/pm66ftDi0iY9CCUbKBvswWenk/LnLbts6d7mCv076fFXMCTj+8MHusX7FUOYci6m2g6a+r4RyhycZpi2USCLSi3RtjCbFJshoclxefnCed38d81ZmCYQY09Li1FVA8QYyb4u3Nc5gkOiiAbn72iF5TOhUFZRCMQW6ZYAh5X9E5YYiuQsiw/D7tJYpeuzNjfyuwtJAhMyhMeys6dwJP1LWSIi0tBH/Ik5KHwnKIbnmgWhevfA3/lRAUYIZktCNnTQ8ESnJ8YbF7w+kDFKoEWhxp7LKEXYnfY06pt27uC8NPXtxX5yDVQopFDO/AICtT3u0NZL62TTtty1Mj7/74EXcF5R9r/rUTgkeO/IKMHH8oLCJk/4I4x01NTWIiopCQ0MjGhsb3UQOadYXb/t7ylrS1vufOXMGvXpF4+TJOpw8We8mwgQ664scUglGmBEm2PILiYNi/BqHsgQT7vILQemH1gXZmcieloFaRxl6W8UZB1Z+l+NRtKD9g9s/FIiy9lYUccvKatHoqMXiBePDrpSoluPWgprc4Q+zJg/SJJmsWr/FkPlnT79edf5xk28AAOzattltDWZNHrRG2C5HXl5eVtfuPdcAWbz8IpRgHAfWIC8vz6tjI/JLr14xmvswDDNz3HAr0obc1LplsahN6TnubQaYl19+QXa7VslkxtQpmvbTM1uLLwgzvBDxpeBIPvd5pGMf146HDrpJMKT0kd7ZX8j9EpF8XVAzvzzxlw+w/KWnMHZommz7vD+8jjf/+KBpXzPvHhAR0uOr4Sn7ixAiwUBQYkgqv8gJJ6LniaCdiChWSwQ+2D3WrRyR5mPYMFaXGDbYhyEJu02ZBUaKkgwDiIWYcCNY0otwTuF6T576vNs+xXYHL0o44LkEkNFijJoUEyz5RRqDmgSjtD5Gii6ifQvrROKLUHbhbv8G9g3PB/VxSaEYhe6/khL5BOAEFMAlvgj5cMUO4ckihmEY9pGZ4g+RqbZozXPJtkfHq31J0i2Lip7xD0noxgJc+SNym8gvRsXvD0R+CdUySIfyd9NXARMydtxY2e2BLoFESjERISeUCIfyRy7+rthir/L+XK4vfcxKh6S5SEy9Dn15AWgRvj/8A4DXAACn4u/CoCHXKrZTgk8oyC9a45RmRykrqxX9MCGXUUWYtj4JvUW3pWntvW03+jaZnxy33PEq/TADuOQNQlRUlCibiVb5Ram/VnmkrfYn8guhV69oFBcXYOzYyZr6G4Wc7EBue5Ig1q37CkCngMZrhgwwd2RdizkYxq7YeFC370YrNh5k5sAcZZACITpFRXXD0n/lQG8JZv3mIkRFdTMs7gXZmSwAWGBxa8tOz1gzJyMTSuVvtDAnI5ONsgBLVm7V9Xu3nIxB+4dOf71gWaxlmD1ZUzLHrBkS6fon98ate7JIu5ZxGh2eZQ9PGfRCjf279ms6borKd2K7w6t2OZFk83drs27AL2scB9rDOiILtaV1cBxYA+AXbP7uO1X55aqruuCLL5Zw7+OtpZC4z2Mx/Parruri1TEVHv6v5n3VspOcbDyJp/7wSFjf/0LRBYBblhdnsyt7OxFfhKWOqkqPAIcOok9cH8yZfgNOnDnFyy+j4n7RNftLRPJ1iEiON4X8Qlj05mokxPdBRWU15mT0x9ihaVj+0lOY94fX8Zdn5gUsrj2VYulkTHzolIALZuxCSUYov3jKtMI/fwT7keudu1wBqyXCVY7IS/SMocw5li+HFCpIf3Aflz6NxUVnWL7+mkEuUJOPACBFIMU4jrsEFKvV6pXsoocYIyfF3Dz1Nny74StYLVZT3bcOpwM3T71N87Epvh74KrqorLMow4tAdjHT45JCMQLdBBih0CJlO8rdtv1c2QypwKEktBSXVqK4iZNpiuzch/DZmSNlM7woZYURzvH2E1MMyaLib/zC/kSEmTQ8UXRcRsbvK6Eqv1BCB1oCyXsOHsgJCwnm4IEcxbZLpy8AMe1x6fQFbNmwDXUd7Yi5aOMvPfUJJw58y52gI5levG0HgOfumccC7uWMyHbu07O4z00Zd7FXx7cTbfOm/wMz7matvcRf5qXlkJ6bNy/s/rFK2JFXEHbHFBEVoVjuJ1zx5Zil8gaBSBwAvJJf5Pp7I4+0tf5S+YXQq1d0QEseyeFraSNOfgk8NAOMOR8PvjBkcAKW/itH9zGrqhsMiXdBdiZLMnsUHWh0fz2wAONGJIlEBzXxYemXOYpjLMjOZPWUYHpbk1DrKKP9Q7S/nnCSyx5mUfY4VrxNGy8uyWMWLxjPRlmVSzES+UUo8YYyLY0tGDluJPbv2g+1435xSZ7sc1auNIlRyM3lSTzRE7W5au3q5zzU2oVl34jocgN+WSO8Ld1fePuzzz5j5s6dyxLBhQgvBKH4Ilf+SMqufEfWUw+NWEOua1kbtQwwYyeMEH/G2sCdf7V0jfZ8nzfXa97PE1rG0TKup3FIH+l+cuILIS55ICfBVFUDQ9Pw7LPPAYCumV9qGG6s+bfeAQBBk1/++MpyXn4h4ktCfB/s27cdAPDBV8ewIucoXn1iFi/BLLr/5oDE5o00sr9BPqPIyB5X6BKL3PhqY+slvPx1w3DN2V8IZRiLJIgFEbmMKkoI20m/8+cu89sdXtYPsdpSdI8h1KE/xgd3rUVSTMc07M7fBgAYO3yy/GPYQDHG2ywpwSbYoosQcr+hYxrN8EJps+giwJAMKNJt0v2k+0i3P/bmRgyO76o6lzAzCiAv16jx7tpCxfh8xcj4t+eXGx6/P2zZsiXgpYQo4U/olEBiAATrt3nlue3Vv7Rebgr7x0rlhXYAfkFNTRWA9qiB8FK9Tzjg+IVBp32vwtL6h//yfa8CHcX/OCn30E6YMeUqNDVdxhTHzezGjd8yACevXDcuGpGt/0q9rikar6zino9EfhG2e9OfyC9u/afezG7c0Np/nqv/7k+cYff4zd28CtZurhTfjrN1po1VGKcn2qoEA51+S4uKikJjY6Ni+8mT9YiOTvC5f01NjV/z0/41hj6WhOWOtEoPwZJfAHNkgAlnAlnqauiQfhg6pB8OHT6G2FjuNb/B2SS7bw9LpOpYe38sRr/+saZZRyK+EPmF3A5kJhB/56P9g9s/lGmr5SmVIH9KC9ZcJ+pOBmx+ubla5RVVSURaEkku+wvZJhVhPPUjEAkGUM70okV+ITKOnPginb+kqAhLv/6C+zzHyIsaEcnxQFUef3vn9jzcNH0WAO3Sil5yi5ZxtIzraRy+tFFztdsYcvILAExI7AAkDsazzz6H/65fjVFx3PkVPTK/RCRfB0AsvgAIivxy5JjrM+7uQ4Ui8UVIQnwf7D5UyJdHOnKsBAP7DQDF3JSBKzskzKDiLaTP+XOXcf7cZS6Tiy0FTocdLS0tiIiIUL202lIMiaHMOZbewRSfURIk5LLFAMaKMWrlj/zl22/fdL3eF2/DzTc/YdhcWmUXv0QXjfcjhdKW0C0DjBYhQ2kfsp1hGDbGwn3xyTlcrzomEUm0wDAMmzGk9QO8TOYZvY49VOP3laYzzQBcZZBCjS1btvDHYBSP3DxI9oPBtOfe0HWe7154Unb7u98WhOQbXc9ePfnyQ0KCUQLp6NGjqiLMQ3e6PvzZEuIQFxVjSGxVjXWwV7ikjvc/h+J9a+vTHm2JDt074dezVbh0+gI6dO+E+AEqX/Ri4/irj//usYDYS5Ulu/nYCJdOX8C6vEN+Pz97Vv4LuKq/+zaN7XLcm9EXU3AzO9ZqQWpaD9n2ZTnHcXV8O8V2Lf2tva5Q7j9VuX+48M3mKgYAOnTsxM6aFI3V2+tx6eIFU75mczFCFOPi+eNFz5+89XmyfaWp6dVKAoUi0uOWHi+57U3pATX5AlDPDKOlf2xsrKrE0Rb619dX+NXfaIhQcvh7V0aKvv1c71/Hj1WZ5jkgFHYoxj4ejBRh9h2qbDMnx6QSRLCkCG7OMto/RPuHEuFW/ojgi9jzbe7PgXytC/brquL8amKKt3gz1qThA0TfH7bnlzBGxiCdD12jealCjZ3b8/hLIr/w78lEFpGh68Vqr/fz+BlAZRxvxlUaJy55IEhOxapSsnM1J8E0V6OqVCzBTEjsAAABy/gCBEd8IazJKcSDt00DAKzIOYr6umOi9lGjJnGfo/ZtR0VlP4wdmoYHb5uGD776DotMJsD8fPKi/HtEjwjDxtdrbCWeWO5/9hdP4oklwv0YnC3uf/bp3OUKXkDxFjPE0BaQkzeoIOAdwRBjlPazO4p1Oab/3WYHAPx1sk2X8ajoQqGYC1P8SkoyqMRFtUdJFXfSOS6KCy2+RwddfqDMOVyPuKj2iItqj/geHVhLt05wnnWVwKhsuMQozWfpxv1oSfaX3ua/OAjiJ+gRv3Rd/B2zqvEX8iXRrxfHyCu78vJLqJZBOpRvbE3MyroWzJ6Sxt9etbEQ8THcB9eEDn11maPi0nHFuUIVqfwSzBJI/fv3VxRgpl4/hl18y0jYRqfCvrcIL36zFXfdmImeCfqeRD9VUYbcHw9j8S2Z/FxTr29kN2xRPqkVDuWPXPxddmuH7p0Q38lVu7pSIJgk97OZIvLSY3aPsQaLsVYLluVwrx8v3jPQ9I+CF+8ZiMWfHAnLD2NcdpX6kI9RKcU+yQazf9d+UVsSwkOG0XLc3kAzwLTtDDAEJclFaXttFZG6A/v+Eq7yy5wpw9g7sszz/SZQWWDCEaHgIpVdAi2++Dsf7R/c/kZByh+t3pTr8xhJSb1RVlbrdunL55BQQu24Q41DT3ZnAWDoG6fD+keM2wdwz8MvS8qCNt/Sr79Ahb1CtZ+c/EKQy4pSVXrE5/08oZSFxdtxPY3DlzVqhUgwExIHA+Ckl3WtbeGa8UWIMPuLFKH4otafZoExJ2Xg/jTXvWNH2XapcCL8MdpqtYra5USU7h07AlYbHPZitLS2y11abSmGxnD64kV6Z0uYPPpqAEBKcjw++HIVXRAdEcouDocD+fm7FYUNb8UYI7PABAJvsuAAyqKL0+HE8OFjReMp7UuhUDhMkybg7SemuG3LHBrDzpro/mExJdllmBfXVyIlWt44Ly6tBMClHc05XI/f35OJ4tJKbM8vx6ThiaJxSEmiWdNd88mNW1xaCUQCaBLHUlxfyfd57M2NusbvqY8vY5AY9SBU5Zdgopf8ovdYZoGUQCIEugSS59JHLmyjU12X32zVXX4BwI8pnUuNgwdywkKCOXggR33941znRCpLgfhOv5pGfgFaRZzynai80M4tVjNwb0ZfRHdvh5rYbABAt6ZvZPczS/szs79B/elfeXEnlLnlhjjW2i0GD2AQAOCBmwbhUYxkzRirNEbH2TqkQF7AkEogZFu4l0Ty9riTk/uitPQ4oqKiZNujoqJQUlLhlu3l5Ml6pKQMgsUS7bF/TU2NW7aSmpoaJCdznxvacv+ePa9EcXGBYjYdLfMbBRFcypvqkBgpziqXu5/7EVO6vbaqGb3jugokmMBhhgwwX6z5ASs2HgzrHwwDUQqpb3yUIe9Bxysbg3rfaJEeah2BywTib8YZ2j+4/fVmUfY4dtaN6fz3PPveIizKBvvqyl1eP29Ilj3hZaOjFi8uyWMWLxjPRlm57WSbsG8oti9ewGUjVDpuNT7+8GX2vgee1bTG3uzrK4ee7M4m9urMXw93CcYMjE1UXuLKcijKL6GKFokGAH6bMRiAS3gBXBlx9Mz2Apgv40tjUQ5wzRjZtt2HCkXZX+TEl/q6Y9h9qFB9fJ24e4ByZpX9DebP/qEU//JD2sfwNfsLyZQgzFhBMq8oSSfXTb6B3/b9ts0AXD9okz7OlhY+A4svmCEGCkUPiPwCcMJGi0TQioiI8EqMUcsWowd6ZX4Rxqu0Lm7vLSqii9y6AUB+/m43CYZCoShjCgGGZVmGYRhWKsHMzhzJCxxCeUOISASR7JuSHI/i0krkHK4XCTaThie69m+VWYRCDJFZZIlsndNDudZHZqbx8/sTP9kuFGyksosvYwBc5h1/s8Bs2bIFW7Zsoc8kL6isa8GbS/+q65gn68Lrh0WlEkhS/M0MIy15RBDO7akEkpTVa1cEff3s1b+0Xm4K++dTUh9XSYgfSmtQeaEd0Jp1xTTP+QvtZGM1A9WdR6FzSj8kJ3LvC6W4BeX5dgCcYFLeaQw6p9gU24PdP9RZ+NT9IRfzjrwCODbL/1NGTgLR0hbqaDnuiKgIt0oLniSYK6+8EidP1vOSBpFftPaXShxSeaOt909JGeSVBBMI+cVRcQjlQwa6CS4AJ7+Q7XJyjHCMQELLHwVunY2kb3wUu+Sfiw0b2wgJZsnKrcyC7EwWACywuLU3OoH1uWWIskjlFu2yS6MT2HWgDEtX5WQtoQ9DikGQDJ/kOvzIBEPxzMcfvszOvnUBNn/3H/aGab9RfW3a/N1/2Nm3LgiIBEMJLOqZS5RPlXOCiAyJg7FuQ7XX+3lCcRwvxyWli5Qgsss6wTaS5UXbmnnx3cmkGV/UKDiSj+UvPeVxv6Vff4FBA4eb8hjUpJlQGD+QyEknBLJNKqGEYwzhiNLvcxT/2JX7HTMufRorFViIxDF8OPe6mJ+fj5aWFjgdztbtnMixO38bP4Z0bKVsMXpw881PoKg4HwCQmjJc1+euFDnZRbhuQnFIad0iJIIcWTf6CKRQfPlUHyTchJFIseCxaiv3z8fZmSNl+5HrisKJ3HbJeW8yn5y8opRphWSEKW6SyDM6xJ+SHC8r5Uj382aMt5+YolsWGFIGKdQIlLjTzuB/FHYu2xWwuQKFJ/lFr5JIciWP5GJRE2DIycpAoHUuW5/2aKuQDDBJJskCU3bMzmeAMTPnd/2Du9KaaSXU2kOZHXkFmDh+UFjE2dLYoiiDhHMGGH+OW6sEA0Akv2jtTyQOsi/tL/nMr1GCUepPQdDlF6Oyv6zYeJCZA3OUQSKSkVESjJHyCwAs+ediQyUYhmFmPjU7e420bWVuTpY3Y2WnZ/g0xtPZc1Qz51hgQc534hI0RWjk22h/c/d/beWKsDmp7Kk8UKi3h/R76QUW5SfP89fbCpOGD9B0sNvzSxhf+qm+9/VVzgS1r6oS/12/WraNZEPxhNb9zDKO3tld5DBbxhdKaONP9hctSMWTvfk/YvTwa0TtREBRQvpjtbfoEQOFEkrIPUflpBgzo5TVhYoqFEpwMMWvpAzDsICrLM/g+K7Ynl/u+rID7rrz7AVUNlxiACC+RwfW0s29xr3z7IXWL0iu/oPju+KxNzfi7SemuGVBAZRLCMnJMnL9pfu+/QRXBmlwfLku8Yu++KFc8kWw3Osx3q3kUjL6m/0FcMkvoVoG6VD+7qDNPbC3PiexjwBAXXj9S0xaAmnsOK4+KymFZHRJJG8yvtQXlSA6dQDqi1w/ANkS4nSNx15RpTiXEuFQ/sjF373aO6mfDX1ibaaJvnSreVf2l8vt0a34GyCSS7farfgbAFeL9lFrD3b/cCAU5Bdv4pSTQcK9/JE/x11aely1pM+ZM2dkxRet/RsbG1XFjbbev7i4gF9fORHGU38KJRAEWn5xOGphtfbWfKnWh2CkBMOy7Nqns+eotmsZZ05Gps99U62eX+8dLRGwRrTQdpO2y1HkCMy/2e17i0QlkIzEU3mgUG/X/B3+RA2uHpOumgVm83f/YUePn4ITNfaAPA4if8d9529+pU+beX9Lj+mJC02ngY4dAQCdIjrDcaIOUZ07oVNkdwBAbt0pxb4AcKHpNBrPX4D1qhhcaOEkIly8iE6R3RX7AurZTEbFoc2hV3YXKSTbC2B+8SUqNQOAq5zompxCZGWk+TRWVkYa1uQUYlG/AeLxdRKafEGpNNLIHlcYNr5eY0t5cKx+5/KlpYccDgeGj56IpnPnEdmFK01HxBOhgNJ07jyGj56I/L07YLVaYYmI8LkEkRliaCt4qtRA8R2SzcRmTXG9B7Q+pouLi0W3hXjKYiIsW0aywSTaUrBh/ceIiLCY5vgjIizo3rEBU6ffh3J7saZjM3LdKBQKh2lKIAGcCJMxRLm2UIylC+J7dGABYECc+z89S6oaRYIJ2SfncD0emZnmypASKe4nV0Jo9Q7uB+bf35Mp2k76SqWZD1fs4EortZZUIvHqEb83aBkjw9IFOYfrdbv/QlV+CRbxMRGYdvdvkNBBnx9UBl06ju/KdqEyjMogKZVAUsoM421GGLWML9J5PJVAik4d4LosqIQtIQ7Dho3RfU3KTjS6zSWkKk98fv7ggZywkGAOHsiRPT6Ay/aSu6dScJu7NJP8QmJRijXYJF7YA0S0c98WIu2hzo68grB6f9u/a3+bfF/39biF8gbgns3EG/lFrr838khb7C+UXwBXNpgePWI19ae4EGYo0ZoRRm1fLeORtjuyrsUcDGONyALj7fH7eyxyt8l1IyQYrfKL0nZhu1ofgpESjMp5hrXBfn44WiI07aMkZ9D+xvX3RYrRm8NNl4FNuZjVenv1plxum5dEREXwMq7wMtzx5bjve+BZ5uMPX2YnXjddUYLZ/N1/2KvHpONEjR07vl8PI8sf7Xo4ku3aiUHTPzjromsnBrsejmTHvddEf9RohWGYmeT1nGGYmdcN6+/3mGoZYCj+QTK9AC7pBQjNjC+xMYl+9CukDwYD8ZT9pQxjxa+1PvxQ3HTuPIpLfuaFEyKgpAzQVprMYrX5fZz+xtDW8DZbCNmfigQ6faZplTmGDx/Ll/NRYvjwsbA7iuna03WjUAzFVBlgHrmTM6tTouP5Ej7Csj4AkGqLls/MUlqJVFs0MofGsAAwayJ3grDIzoke764txOD4rvz+0kwqog9RGjK1yI0hzbiSanOXebyJn+ynlKFGrgSS1jFyDm8EwzCsv1lgtmzZErBSQuGEXvKL3mOZBU8lkAi+lkLSUvpIGIs3GWGMkF+GDRuD3B/VY213JXdy9zIAezVXq9levSlsHhPC4yO89e3+kPiwN+rbtikFUDyTu3kVrN1i+NuOs3WmjFNrjFHW3khK6i3bVlZWi0ZHLfLW54Xd/ajluKVI5Q0CkTgAeCW/yPX3Rh5pa/2l8gshJWUQTp1q9Nif4kIqeChdaulDUGpT6me0BBPIY5GWOzIq+4sn+YXclrbLXSptE45JCIYEYzRlTicAi6Z9GxHhUxvtb1x/tX7cfWs8Zzt3x+pNufx1NDX6NA7JRCe9FLarySGh2u7puNUgmWC+mmTjfzCrvchi3n9/Qv2JGk1jPPfc47I/tr3wwluaX+d6dGZwZVcu7jPNLW2qDJI77Q3vM//WO7D06y/QUvo9/SDnB8LsLtL1JRDpBaCljoLNzycvym4f2SPCsPH1GluKVH6Ryi4ANGdd6Nwlgs+8IkfKgMG8cFJc8rOqeEIysJy+eFHzj9NmiCEcICLL8JQUt7b84mI8ePtsfPDlKrff5IanpCC/uJi+QOiIUOYA4CZ0kO1U4qDrRqGY9ZuFIQjLEwmlF17gkMgeQoRtckKIUEQhQkzO4XpNJYCICCPk0bncCfN3PuP+uS3MXEPmmjRcn/hTkuM1yy/ejPH2E1P4klP+QsoghRrBFHcqLh2nrz4qSEsgCenZqyd/Xc9SSN5ILqrjVJQFff1sfdrTBxGFYnK+2VzFAECHjp3YWZOisXp7PS5dvGDKLzFyMS6eP97tzHyjo9ZjWvqR40aG1f24f9d+TcftDUKJQ/ZzY3EBoqMTfO6v1kb7a+ufnk5fw4QQQcPTpZY+avso9fvog6UwQn5ZsfEgMwfD2IUPDgjYsSjtoydK8ovwUk/aggRDofhLr4HcOaazraVvjcKTHBLq7b6wcfY1mDFtmus1q+gglt90NW76eI1qPyK+PPvsK6rtaiLMrocj2XjLFbz8AgBXdo1APFq8ygLz9NMviz6Xv/aadxlrgt1fzC8A2vnQxzM/7dzJXD1hArtj69ZWCYbbHstW0hchBYTZXKQIRRcpoZjthRIafLDbe9nFG9iOkcjfuwPDR0/ktymJJ/l7d4DtGKn7MZohhlBBKr44JfKy3eHAg7fPpk+cAENkDsAlbrjuk2Ldn7d03SgUihKmKYHEMAz79hNTuA0yVZBSkuOxaut+zM50/XAiV7dPmOmE9Mk5XI+4KPGhxkW158sRKSHMAiPXvrpHB36skiruXzolVY2oauS+fD0yM83v+IX7SdfDnzHeXVsIf7O/AC75JVTLIB3K3x3wOSvrWrDy0/+Itp2PbEHnpgi360r7SG+frAuv9MZCyQXQnhHGH6Rlj4R4I8fsOGiObB/hUP7Ixd/puzUlrOEyrNSHdIzjp49H3vo8RFnlM6E0Omp5+cWIHy+CQUtjC0aOG4n9u/arHvf46ePdtsfGxipmMQE4CWP37m1uWUqKiwvQq1e0pv5y7aWlxxEbG8tfb6v9W1oaFbPAaJ2fQgkXjJBe5OawKrxOhgOByhRCCU9sCXGIi3Jl2ys70QiGwUyWxVq6Osay/8FZbvILAMwc0Adr78tSlGCee+5x9u6770afPsr/wn/22VdQXf0znnvucVZJgqlpuoyapsvoH30eib06AwDKT57H0fpfAXDlfgDlcm5EPLn++rtgtXZufb09z2/3JKIEu3+wWPr1F5h/6x28wLH06y/ok0EBNcmFrN3O7VyGz5KiIn47FV+CS2Zlruj2pyXy54zvHhBa38v1/uGX/NhssYrXQUlAEaIknjicLV7FaYYYQpVx6dNYJfEFEMsvG3J3cedTZH5Hoxj7fJWWpQrGY7Pc7jnLT1Fxvtd9wn3dKJRwwFQlkB57c6OoTJHz7AWQ8kOkLJFcSSJp6SG58kazJg4AIgE0cfs/MMf1AYJknkETRG+CRHwh5ZTU3hyL6yv5/gAnmKzeUcLH5m/8Utz6eDHGz5XNPssvx0+fcdsWqvKL2jEFGqHYIie/yG3n5Zc9uWH7AhUI8UVtXj0zzASagwdywkKCOXggh75TU8KSW26IY63dYvAAuB/gH7hpEB7FSFPmO5fG6DhbhxQkeD3O/l20HJgQTxJLSsogkaRB5Bet/aUSh1TeaOv9r7zySq8kGCq/UMIVYdkjI+cIV1bkbGXIj9RyZKdnrImyyLc1OoGVuTlZauMb3X9FzlbV8wJzMjJZM8dvZH8l6UAvGAYzp7RWB6lqrMPJIwV8JhjSrlWCKdrvOQuppzKUodiu5biV+O99WZg5oA8vvUgZa+mI/96Xhe7zHhRtz8rKYt9440/87dWr38fnn4vPydx5ZzpmzXoIAHD33XcjKyuLXbNmjei5tmJuNzb5ae68XaSlI7Ys5l4nR71Yi2QnV0rkGySuueXz5iyGYWZKH49PP/0yKxRPAE4+ATghheyjJKEEu3+wIFlgyG2hCEORhwhCRHQRQqUXc7G/4TIah2UCEgEmEKJLqMk0SnTucgXOn7vMCygARBIK2UbEk85drgjLGMwOkV+cChK6nPxCCQ7BEjccDgd/fczYyfz1JJsNEREW1b4tLeLH1Z7d2/jrFoslrNeNQgk3TFMng5QQ4j9EVzXywsiAuCjEWLqAXPd6bEsXvLu2kM/IMml4oqidLw8kCKG4tBKzJg7QbISmRMdLMtcU6ha/7lQ2g2EY1hcJpvZX8W9zW7ZsCWopIT2QHlOgGNhbp5TmY8JPgiEZV+Qyr0izw+g9px7YEuJ0jc3uZSpse/UvrZeb6LscRZVlOVyZjxfvGRgS8b6yipPSxlotYbH+C5+6P+Ri3pFXAMfmVT71DbfyRwR/xB6tEgwAkfyitb+wnI+cvNHW+2uVYJT6t2XWrfsKiZExwX8f+/IHFDpOGXZyaMXGg0zawZ7svbcHX/gvb6ozZFyaAcZ/WJZdqybBUELzPg3UXPaKKnQ7fxqzbkzH6k2+fa9PSlLORAcALy7JU32dDNV2T8etxI+7D2EAgPo6V3bDP/0yBADw5/aH3fa97wH3MX766Qc8+eSfZcf//PNcfP55Lu68Mx1XX+3+/rFibjc2NvIKlL7GnZsc9WItRr3oiplsj428At/c2dVNglGST/7wlyzcOv1JfL3+Dbz0xzW4/vq7ZCWUYPdXx5fT1N71IRLMgNRU+mKngJzsMmESl9Vy2QdLRWvZVtaEZgoKT0gGlpTWc0yWiAgALbyAAriEEwCijCudu1zRuj9HscPp04/WZoghlPAkvwgh8ou9VYYg59ftBpecpAQH4WPCarXqNq5wLKFYQ6FQzI9pBBhhaSBC5tAYdtb01uwr0e4iilxpIEC+7E/O4XqkJMe7sr1IxxKUDRKN0bo/aRPN2ZpRRm5uXeKXxKTWx5sxZmdy2XZ8pXc78ecoUgYp1BCKO9JjMpL4mAgk9B6AQTcM12fAzUDnmF2oDNEySIcOlGDsuLGi2+k3jBPtE+wSSLmbd7nFSKgvKkF06gDUF3HbpCms9aLsRKPbXErY+rQHheKJ3Q4nnpnNPe4Xf3LE9BLM4k+O8PESESYc2JFXgInjB4VNnElJvVFWVut2CYR3Bhi141ajpqYGUVFRaGhoRGNjo5vIIc364m1/T1lL2nr/M2fOoFevaJw8WYeTJ+vdRBia9UUZM8gvAHDv7dci7cuerJESjLnW/Iju49IMMPqgJEzMycjEuBFJsn12HSjzKFoY3V8LZo7f6P6hQlvNsufLcT907+3s1Jum4HhxHna3ZlpZ320UXn31IwDAokULMf3sPn7/qTdNwUP33s6+v+xLJisri73zznR8+umnOHDA7nGuzz/PRWFhGe68M102C0xs5BXo2onBvsXi18j+0e3QfEH+j1py8gmByCe3Tn+y9bW3s5uEEuz+nvkFQDsv79VfvH4cEAmmpKgIWkSYy5Hi15Ermsr82s8XAhkDkV0Al/BCsr201UwvgwYO97hPwZF8+iUhBFETUADIlhnSWzwxQwzhhlB+sVmtvARDCT9Ixhar1Wb4XMIMMA4H91nQU0YZCoUSPEzxKynLsgzDMCzJ0EJItUWr9vOUnSUlOR7FpZV4d22h4j4ioURluuL6Smz/nktPKiyfhGhujO355Xxmmcfe3AjpsfgUv4w0422NQrkxCL5kgVGSX0K1DNKh/N2Gyy97at1PXOgmv7SOVZH3ieJcoUyolEASCilGyC/CMT3JL4RwKH/k4u/03dog6k//SuMNMqEgv3gbJ/k3rvCy0VGLkeNGYv+u/Yhq/SG00VGL8dNdJ1dbGltCsp2k5Fc6biWIvEGIiooSZTPRKr8o9dcqj7TV/kR+IfTqFY3i4gKMbU2PS+UXCgCkWc2R/cVIQjkDzILsTBYALLC4tWWnZ6yZk5EJpfI3WiDlf5as3OrzF8bp6UnobZUXMMaNoP3N3t/Y82BYyzB7sqZkjlkzJNJVvmDj1j1ZpF3LOJ6yp4Qr/h539YQHMXcul41x/aKFOHBgD99muf99AEBBwUFIc8wVFpaJ5JcRI2xIS0tS3EdOlLnl8+asb+7sugYAxiS0x5gE91OzR+t/5feVtsnJJwB4+eTr9W9gxIh0xX2D3d8sEJGDlES698H5XvTurfN+vmBMDMs+WNomSxs1FuUA14wxdnyKadmV+x1z7+23s8UOJwCAE1G4P5oSCQVwlRuyRERAuK8e4okZYggXhMKLTZC9g0ow4UdLi1NWQGlpaUFEqyBWbi9Goi0FAFBmt6uWQWppcaLM7vrsVm4vFo0phIyhFAOFQgk+pkoToCR3FJdWoriJE1WK7FyK0tmZI73KkBIX1R5/+2Qrf3s1XD8iW7p1gvPsBazeUQJLt04AAOfZC25jVDZcYgBgSEI3Vtgu7L96BzcuKbmUEh2vS/w8kWKpxZcxUpLj8fYTU/zKAiMkVOWXQFB76gziYyJEtwHg828/ReemCJyPbHG7BIDOTa4+cvtIL5vrWhTnCgWOHj2K/v3788JJ7uZdokszxqjEjoPB+ffdr2fEH8IOHsgJCwnm4IEc2eOj6EdRYQONN0jsyCugD8A2ilTeIBCJA4BX8otcf2/kkbbWXyq/EHr1iqYljzRS3lTXJkogmW3NjSBUM8AsyM5ks6dloNZRhqIDje6vBxYuc4lQfqh1lCnKEEu/zFEcY0F2JuuPBFPr8C8DAO0f3P5Gwkkue5hF2eNY8TaKETx07+2szWbF0k9XYsKoZHz22T8xd+79ePXVj7Bo0UIAwB13LADAyS/RV9bhk2U5GDN6MB6693YWgKz8IhRehEKMkgTTWjYtCwCICCNFKr6oZStyOM4DAF7645rWGNK9Ek+C3T/YSEUYwFsZJnQRljOSrgfFxaCBw1FwJF9TFhgzsr/hsuz2kT2uMHQOPccPzPeKLxmAK7FDxBKrJYIXTvjXPGcLHK1iit7SiRliCBdskhI4Nh1L4lCCz9Tp92HD+o8R1cOlKjudTlGGFiMRlluKiLCgseE4pk6/j94xFIrJMIUAwzAMC3CZUwbHd1Xd93DFWV5CAYDtKPc4vnDMnyubyZdHnz8cPDBnIgMAj76xQRQ/mYtINNvzy7E9v9zv+KVI+3g7BsmI48saLKkQm7KfffYvAP8K2SdA05lmLDnTbOgccqWJiOCidOnNvp2bItCsMlcokLt5Fy+7pN8wDr9/5vem+vD+t1f+xgpjJGzYsoeZej3453/SVVGGxZB0VRQ+LKgUzS1sv1y4nb/+4TskY0r4ZE4RHh+FEi7kbl4FazfXD8iOs3WmjVUYp9+vZx7KA4V6u79ERUWhsbFRsf3kyXpERyf43L+mpsav+Wn/mjb/2pU6LA45/z0CI8rxeIvR8kuh4xST9mVP1kxrrzckO4uREoxRGWC0QsQXIr+Q22pCjF7M/78lDMMwM1XaaX8T96eEHzv3lWLCqGTcMvdOnDpVJZJgSBaYgoKD+M1vUtGz5w0APseevT/jqpheonHk5BfAJbtIJRgpRGghIowScuKLw3FeJJhYrZ3dtgn3NVt/dXw5Ta3PqW2h+CGUYcIZKrsoc+0I7z63SAUZb/sbyc8nL8puH9kjwtA59Bw/kAiFknHp01i19nCOwcwQ0UEoIVDaDsKMLmaMjUKhmAfTlEBq/eLHxli6AAByDterChpEJNECwzBsxpDWf3lWNvslvwDAhyt2AAAefSPw8cuN66ldrzWorHLQL0Ze8uOROrpmHtiweZXMGj1jqhh//wyY38uGxGLDFgT9Pj57SfxPgC7d4sPqMXLurHxWq8dvHil7Uur6B/5oqvi3fPgX2e1vfbs/JF8fluUcD2r/cOGbzVUMAHTo2ImdNSkaq7fX49LFC6Z8THAxQhTj4vnj/Top7Kk8UKi3+4OafFG8fjMA4CTyPY5T5Gcc4d7/JICU6Td4tf4AzQwDACs2HlR8rUqz9mRTh8Whd1xX1FY1o3ec648IwttKbbVVzSg6WGWqrC7exGL48RuQtTtUM8D4ilR68VaCefS79bLvf+9Mm86onO9Yq9T/0e/WB7T/yPsWiPqPvI/LdrH/4yWa+vt4viek+4cCOTel8vfrqZZfcOvWo0wg+webrzP7sz0jXKc3M/5bJBv/ibqTePayHeU5h4C5d6Jnzzj85jfAZ5/9U7QfJ79wwmFizipc16UDXq0D0E7/rCYCEeah1tvvq+1/8OCP3Hfe6+9yk1Dc3jIc57Fly7/4Pmbo75lfALTzchV/0f1+oWIIhUIBzCGa0AwvLogM1NjAZYYm2T78FWHkJCN6f1AoFEroY6oMMHFR7VFSxZ10joviQovv0cFv6144LpnPHwnmcMVZ08afMSQamUNjWLntwuv+rgGFQjEXkcO4UmRNB3/AB++9G1bHdvfdWaLjI1ReaIe7r3P9EPnp9zWI78TVSu8TazNF7NU1dsVYQ5FXVh3FM7P745VVR4PSP1zhsqvUh0WMEVERaGlscbtUQtgml1Ul2O1a8fa41fCUgcTSM4I+aXTAearFp/WnGWAo4YbR8guZI1gSjFBwkcouvmR/KSouwsrHfifalv32P4Bp00OiPwC89iexLP70n/9CnwhBhJQ/Wr0p16f+X2f2Z0fEuc73JLRu0yqx+Ns/2Ejjh5fxEwlGuk0raWlJfLYXX/nNb7LZ91Zvw9EKBxiG8SjBDBo0DFu2cJmYpSIK95p7nm8fNGiYSECpdhajpcD1md5T/z0F63HKeUq3+SkUCoVC8RYiqDgdDlhaSxkRCQaA32VvnA7lfxkMHz6cn8PpdGJc+jSWSjCBZ1fud8y49Gns2OGTQyLe3fnbqCxFoZiA9mYJ5O0nprhtyxwaw86aOMBte0qyK7tBcX0lUqLlsx0Ul1bK9nnszY2mj59kmQGAScMTPcY/O3MkPx4ApETH88cv7EvIObyRPvoplDCi3ZWuH0RXr9sU1sfnCbPIL2aLhWIubrkhjrV2i8EDGAQAeOCmQXgUI02Zalsao+NsHVKgXIInIipC9lLYriaHmKldTpBRavd03EKSk/uitPQ4oqLkS+dFRUWhpKQCvXpFy7YnxV9Fn0R+UFZ5QrU9KioKNTU1btleampqkJzcly6gB4SZTejxm59wzwCjRXKpdZT5PU/mG6+zwezvDUkmysjT1lmUPY6ddWM6bKNTAQD2vUVYlA321ZW7vJJXrKnDAACOooMAgBFx0Vg8og/74oFqxsj+wWbxiD7svKGJrtea1uMYgYMeJZiiIleJ3ZiYZNTVlfK3hdel3Hlnuub4hHLM55+LBSeS8aWVh+Ou++17cm1SGWbkpfUAFmDQIO5YiWgihbSTPgzDzCTZZrpc2QWHK7bh3JlzirHvKViPLld2QZcru+DUyVN8f3/mv25Yf/qkp4Qs82+9Q7V97NA07D5USBeKQtERIr78vpsFnxwrhhOtsorViu4dO4okGKPIz8/nJRhpXGpQ+cF4pk6/DxvWf4yoHq5zNKQ8FgC0tLQgIoI7Lycsm1RmtyPJZkNEhEU0XkuLE2V2O39bWM6opaVFNIeQxobjmDr9PnqHUCgmxDQlkBiGYaUSyezMkaoSBwCRPCLdl1wWl1aKxJDWL5S6ZUDRO/7t+eWYdF0i3/7hih1AJGTjZxiGfWRmmkv2iQS2f1+O7SjHA3Mmuo2NSODdzwtBs79QKOHLrBk3htXxrPjPO5r3rbzQDp98vNxU8VdeaBcS61wTm41uTd8otnG8jPrTvyq2G9v/5bB7ri586v6Qi3lHXgEcm1f5PY6aHBIO7aIv0a0ZYaR4kmCuvPJKnDxZz0swJ0/Wg6IvwvWVIpVgqPziHYmRMahFGT3+EIFIMEbIMEbJL0tWbmUWZGeyAGCBxa290Qmszy1DlEV6P2i/XxqdwK4DZVi6KidriWD7HzeLZfPUlFRkp6aKxJIyRy1GxbmfA/jj5k269288XBTQx8tbD4iF3cc/FJf1DPV2o9dHim10Kux7i/jr0JgJ5uvM/mxcR+X2m6xdVCUWf/sHm8Uj+rA3Wbsotsd1VM8EExOTzF9Xy/hyVun1YSt3P0Vlpmu6LeTG6Tey763eBgA4WuHAz+uXAgAc9RW4Ydq093pdkw5rdAIc9RW4cfr09zatXy86hsitv0FT5n8AiEUTOSK3/kaxjYgwSm1qY+oxvzy+nKZuDwrFaL766ivce++9WcuWLVujdGlLG2rK2O8eEBEWc1DaFuPSp7FWhwP39Evht5EsLEIJBoDfIow0g0z3SO6HuPKKCvnPbq1ZaDzFr2VuKsr4hlBoMVNMFArFXJjuW4KbMBIplkRWbd0PwJXxRNqPXBcKJynJ8bwAA3DZWozIAqNX/J6Qxr89v1zUfrjiLAMAQxK6sfQhTqG0PcIxA4wSZdVVgltXmPAT+U6QGuZGxtp98CIAgHPfqz61A8DiRxfgxXeWoDzfDuA4F36nMeicYkNyYjxunzkFsX1cJ4pX7tuHuSMW8+0AUIpbDOm/+NEFor7hxI68AkwcP4jGGeYoZZzRKsEAQErKIOzYm8+9nnjIYELRRkrKIBQXF3iUYMh9ZSRp1p5sxk0D/R4ndVgc0tCTLXScCviJNOkx9I7risTIGJQ31an2k8oiwTyGtnL8u37Iw7hrx4u2SSUYqQyj1q7WR8rKr1fodhxLVm5lGIaZ+dTs7DVu8+TmZHkzVnZ6huYxslNTxfsVeSeg6N0/z9vPzzKSkzA7hBpvPTCSTes3AnFp3A8OVYUX8dYDI1kieYR6u78YPb6Qgw3nEGftgvq6egAHRW3cNmP7m4X6unpEx3Dv4ySDDYn/YMM53KrQT0vGF6EkI0fjnp9Egoun2wBw4/Tp7ODp8wEAqz74W+tW8anZkz/m4iSAwdPvAa5Jx43Tp7NCCWZMQnvsEUgoSkRu/Q3GJLTH3qpfRNvPnTmnKrhI95USG3kFoHH+2Ehvv/f+wn9/9q4PhUKhUMyIJxFETgAZlz6NdTockGomVqcTkEgwAHgRxh+I9AIAUT16AJAXYJwOB+wAhqeoyxc2H9eHCjEUCoWiH6YQYBiGYQFXaZ/B8V1FUsd2cNedZy+gsuESAwDxPTqwlm6d3N+Ezl7g+kikEMK7lVw6Qj0zoOgdf1XjL4g5VI/ZmSOxaut+/FzZDHxfLhs/yQKTMYT7wp9z2HWigogwJEayDyqb6SOfQglj2nIGGEJyP5spYi8FgJLdho1/Kv4uDBpyLfryx7sI3x/+AcBrmtqFZI8ahcWPLuBvr6wGsG+fqH23wym6/dmSFwEAH/9hOreRz/TigozpS3/SLu0bToSKVKI1zqL9yv+sJyWE8tar/1QXiu1qx636GlF6nBcr5ESYM2fOICXFtfYO51k4nGfpG51OFBcX8OsrJ8I0NjYGJOtLmrUn+/f3n8O6dV/pMt7f338OaQ8FViBRO4bEyBjuSlyd/HWTHENbO35vJBi1SwCqbUL0lF8ILMuufTp7jmq7lnHmZGT63LetEZfWEVWFFxGX1hFxaR1ReCy82o1eHyn2vUWiEkie+Oz9h1kA2NNrDHo692GspSPq6+qx7bo/AQAmf/9nAMBu50Xs6TWG33/uQ+8xevQPNmaJPyozXSS3eLotZdUHfwORWm6cfqPoxy/X9ulsr2vSISd4EAnm/47IlyX9fwMrMCbB/ZRvY30jevbqqUmCIfJLY32jWxuRYNTwXn6hBJqrJ0wI2T9OPnXDZbdttz+/i/5wTKEEETnZxVO2FLk+ToeD+45h4UofkSww9/RLwSfHinkxprh1P2jIyGIElshufo9hU1gPKsLIfH/N/Y4Zlz6NHTt8Mr9NrzJIepY/2p2/jd5/FIpJME0JJEAiacgQY+mC+B4dWAAYEOf+T9mSqkaRYCK3T4ali0gSMWP8DMOwOYfrkXN4o6ivXPzSOTOGRCNzaAz/wWHroTomc2iM2z56loCiUCjmoi1lgJES3+lXXD91MvrE2kwRT1I/O7aU7zS8DNKBbx8B4Mr04m07AMyYchWAUartuz9xoqjQlVo0exS3/30vrW/dsp5vIwIN2ceX/tK+4caOvIKwO6akJPlSF42t/zYfOc6VAY8IMUJCtd3TccshlF8A92wwUvmFYLV0A8V/HM6zovUl2WB69OBKHgVaftGbQAok4XAMbfX4lSQYby49tfHv6wbILxq+pwdEYCEZWaSZVfZVVSruq2f/YEEkj3BtN3p9AOBw02VgUy5mke9xm3K5bR4YNCodWPklUp/bid0vTEBL1ouYNm06HI7z2AYgYs1iWO5/H/hiCQaNSkfBvlxd+wcbEr/l/vex+58PoSXrRYwYkQ6rtTO+a40/9bmdWP/644rxe8ruAnClkY5Ltn3+uf9r4aivQK/WzC7cFvGpWbKdk1/c2wGg0nkZ/3ckgf9Rp2u3rgCA5rPcH97+70gClkZWId6iLKGoSTBymV9E37stnuWWeMsVqHSKH89flgS2PGCg5zMavYWVHVu36hrf0q+/EN2ef+sduq/Bqr9yz4vLQ/8g2u5srsfVEyawP+3cqcvnph8O1GLQwOF+9R97jTkeN/sb5N9XRva4wtA59ByfYk6k8oqc7CItL2SJ7AZnk+tPPcMtFuQXc7LB5NFXY9ven1TnJDLMJ8dcggIRZrzFYrUCLS0+9XU6nW4yhGgtEuJ8GtcmWFsqUahjpjJItPwRhWJOTJUB5pE70wBwJYNIGSNpaaBUW7SovBGhuLQSqTaX/DFr4gB+v+L6SlEZopzDG3UVQPSMnx9rZhrQmnnt3c8LkXO4Hm8/MUU2fjImKfNE5geAzKExbKrNJb+QuYVyDYVCCX1+PeP6wB6OGWCEx+cJs8gvgYqlfN+rsHRyXUfHsV61C7luXDTqT/+KZTnHMdZqQWpaD0R3b4dIhX/vkXY1cea6cdE+93e1hye5m1fB2s2VAcBxts6UcXoT4/5d+z2OFxHVWh+8THA9xG9rOW4hUvmFQCQYALLyCwCaAcZAUlIG4dSpRv6+MBqjxAlCIASKcDiGtn78chKM3gRDfqEYw8HiU0jrd1FU4udg8amwaTd6feQ427k7Vm/K5a+jqdHjPETosFo7A8/txJYt/+LbTp2qwqD733fbV8/+wUYYk+X+91FQcFAU//XP7eSOTSX+44ue8DiPVH5Zs2YNAwBZWVnsiBHc97wDB+z8doJa+6b165kbp9/I9rrmBl5wOfnjZtE8LvGFK4ckLH8EcPLL/B/jRPLL07POAABeW30lms82IyIiAvN/jMPSa6pUj9GT6KKGnOAibJOjRxdO9G44p/Q49+U0tXIfz/OZDzXJZcW3//F7/Kuu7Cm6fd+jj+oS94RJ4zF7xmwAwKp1q7Bzex52bs/TdW1mxhXg8tA/oE9cH7c255F67Ni6lV8/vUQYCoXiwpPwIie72CvE70NCacTeKq4olRNytpY8EsoucvOpiShGQMogEfFGetzeQEQZIgVZWks8UbTjTRYYb/E2+wuFQjEX7c0SyNtPTOEFDqE0wkssrUKJHMI24T5ku1B+IXORckVmiv+xNzdi6TNp2H2oGgAnvjxyZxoWTu2OsUP7YP4rG/H2E1Pc4peOy8s39ZVIHRrtdvxSKYdCoYQ+ceNnAgAKD/4QlhlghMfnieoae5u533tW/gu4qr/7No3tQkorLynKJqWVl1TjSE3j6uNGd2/nJtD401/r/KHIN5urGADo0LETO2tSNFZvr8elixdMeZJOLsbF88e7nZiNsvYWZUIpK6t1uw0ALY0tYpEkxBk/fTxaGltkj1cpM4waQglGyi2PP4Di4gJERycgObkv/v3KK+gawf3I1txyEb995hkA8Hv71XNuURy/tPQ4flrxjWHjByL++voKRcFIbf0BTl5KT/f/cWO0OEEwUqAIh2Noi8d/vLKR6Rsfxc6/K4PfZqQEI5Vf1m8uwvHKxpD+UWplkbhMTd7XK2X3ixoin60lNSVV1/7+xu8LVYUXAQDl9Q1h2W70+kjpNZB7TzpbUaV5jkfmDcKiRQvx6qsfYe7c+/HZZ/8EAFx//V2orT2EL75YgkfmDcLZplOG9A82j8wbhHeXL8EddyzA9dffxUs8c+feDwBYtGihbPyvXmEDdE6mxzDMTOHtmTNnqu6/af0mxpX9BZCemj35Y65g3/Wqr5dEfnnhc044ee7OM7wEo0Tz2WY+Y4wnlMapdF5GvOUK1UwwSnKMOr8AaOdDn9DCH8nl2Wf1/ewxKs7/9YtIvk4kv7SUfo9RcfquWSyOiLK+jB2aJmovOJKP+x59lM9qo2c2mFDn55MXZbeP7BFh6Bx6jk8JHkLpxVvhxel0orHB/bPQ6Yuux4t0zOEpKciHSy4hEgwAjyKMVvQWTLpHRrptswvK6WhBKsJQ5JGWQfI2C4xcGSRyXbiPNwj3p+WPKBRzYZoSSAzDsCTDCWSqCKUkx2PV1v2YnelKPU9EDpH0Isj2IpRPhLy7thB6lv/RK/63n5iC3Yd2Y+zQPth9qJqXYcjtR2amobi0UhQ/y7LMkIRubl+ctueXu66jnD7SKZQ2xF9eeCysPmit+M9AzWl+Ky+0w5YN20Tb6jraEXPR5nZdaR+1Pr70N7r8EQBUVRwFAHSTyC5a2wHgzKkOOHMKuLLnr6Ltx49fAUD5xKawPRj9wwEuw0p9SMbY0uhbuljST9o/1G9r5cIFFoWFpar7FBQopWzvIupv6cmdWGyuviga05/t4T7+r792UVzfqKgmAPB4/+hNc02JrmN1jR0g2vbtuv+yN8+4iaHHQI8fCJwEE47yS+PhIsjpI/s/XqLpuEbet4A1or83SMso+fr//PL6BiRG91DsH+rt/qJ1fFtCHOKiXNn2yk40gmEwk2WhWMIr1paMGnspL7E89dRbuP76uwDATV4h++rZP9gI4xdKMADgcJzH668/Lhv/yv9uZgAg+6Yb2CFXc8+Dwz8V8dv554hKO8MwM2fOnIm0tCQAXIYXOYTtDMPMlJZkE4otN06/kVVqc3ut6DAdo5u4P7x07dYVXa7sgvdyuuC9x50AgOe+tqDLla2fU1taUNN0Gfs7TAewSvw+o0GCkZNfyPyxkVfwEozs9/JW+UVp/raGVHjxR3LxJKxEJF8X8OMTyi9GxXC56xz0ieuD6qpq1bUhGW1INhgqwVAo3qMkvfgivET16CG6bXc4XJlTJPKLs+ksLJHdYLNaQd5dnQ4HL6w4pYHqKLKcbmry/TNfRQUSExJkj9cTQlHG17JJFO+ywEglGNF9KZBZaPYXCiX0MVUJpMfe3IjB8a4vYM6zF2Dp1om/XtlwiYnv0YEl2whC2QNQFz5+rmzWVX4xIv6PNhRi4dTumP+K65LIMB9tOI2lz6Qx0mPKGMJZNzmH62WPj2EY1tM+FAqFEo4IxRQ5eUVuu1Ifb/tXluw2/PhK8stcb+e1ZYjt7V27lDOnOshe97RvMPqHMrfcEMdau8XgAXD/+H3gpkF4FCNZM8YqjdFxtg4pSECjoxaNjlrxl0B6W9PttLRkj+vudEYqtlks3Ge6w+vE28m4dLv6di1rG2i6xg4A9u/XbywZjBZIwuEYQuL4YawEYxThIL+EC0nW3n71J2IHuR5u7f6idXyGwcwpmdz1qsY62XYlCSaqJ/cjC5FAXn/9cVG7UP6I6pngJrD42z/YSON/d/kSv+KXZnCZPf16Tft5g5wE48K7U7Mlg97H/8ND+L8jQJcru+DhjBN47uurAAAPZ5zAezlX4dTJU/h/Ayuwy/pX4ESO7DhqEoxaBpmSQe8DBQ/xEowSNU2XVefPrWvNztPSKnQ0nQOYdtztFvXMQ3xfAGDaoahOsn9L8DMXCaUXqfDiKYuL1qwscqLJjKlTNMcoLYckZMX6zUhPnwgA+LmUew4NThZ/h1m1bhUvv5B9LF25z9LRCdx7zcBE13uOLSYuSy0ee13VGgDY8cN+zJl+A79996FCzcdE1o5kg9FLgrnttttw2223rWm9LnvpTZwUihkh4ouS9OKL8CJ6jjscsDocvMhCSgnZBPM4m86KRBC79DxJqzyjF3LZYLRkiHE6HLBYrXw8RKDRItLYWrOOEPyRb9oiSllgfJVg+M/wPsgvNPsLhWJuTFMCicgZ/BeqqkZeGBkQF4UYSxeQ635R2QyGYVi9BRA948+wdMFHG7h/WX+04TQyhkTzEgwAzH+lkL3vb2Bav0SzACe1CL5Y81+yhMcp3YdKMBQKJVxJ7mczTSxGSjA1te1Vt3lqpwSXhU/dH3Ix78grgGMz98++XztFoleU66T5ycZmelvD7UZHLWJjY1FTU4PY2Fj352hNDQAgKcldkikrK0VSUjI6d+7G7yeEjCu3XQ6l7Z7a/B1fLc5AxJ+UlMyvpZTGxibF/nKx6YXR2UMCQTgcQ1s7fjkJxgjCTX5pPOyeg0XrD+Mj7p1vSP+APtZPl6PwdLlb/NIf9xOje/ACSCDbPcWnNX6j14dgr6jif+ixe1ECSSiB3JNtRbdI7ofss02nRPKHUf2Dja/xMwwzc/b06/kMLYd/kn8+Cdvl7r/PP89Vjc9Tu5hf4Kiv0Lz3qVOnRRLMs0sBgMswTa7/v4EVnKhy6rRbf+EPQGqiC9lXaX4UPKTaV2l+AOjRRdu53YZzjX71DzRC6eWTrz9Fu3PcHzrOn/4Vf/7rn/n9/Ck7JJRevJFdhEjFl+9/LsXaLT/zt+vrjmHmxKEA5OUXkumlf+pQvv1o0SH0Tx2K+opaxXmXLVu2JlTf+5d+/YXHfQYNHB6QWD4tETwvJ7keA4MbckGh+IJUfFGSXrwWXux2Xh6wWK34fTcLPoFYYPEkwdgS4kSfj+wBXpvhw4fTB0gI4KsE4+mzj1b5hUKhmBPT/AomLA1EyBwaw86azp34I2WNhEhLGxH40keCckiuebhMLWaPf3amOP7ZmcD8VzZi6TNp+GiD+AskKb0kGi+S/3LPivZpHdOINaBQKMGj8P1n6PEBiO/0K5L72ZBkIgEG5TsDUgbJWzZu/JaZgptZALhl2EB++zcHjwAAfqr8FbsdR0RttwwbiG8OHkH7S1fKtgv773Y4AYdTt/63DBuIZTlc28YN34p+RNuRV4CJ47ksJdZuMejQsRMLuDKXmK1dKXYzoxRnUpLwX+S19LbK7ZONx+ibFUWRQGQPocdAj18OoyWYcJNf9n+8hPEnC8SBZUuz/JlfqT+zbKlmgaPMUevz/MNSeiKt3wjEpXUEAFQVXgRwAPhe/OM9yYKiVALIqHZP8WmN3+j1keKN+CI8ES8UPEiWk1hbslubsI+//YONP/H7m8GFXF+7dq3q89hTuzvaT81u2bIqC8CaYcMyUDLofdyl8DWiBJyocvBgDrZsWZVFXh8c5Y4sAGuioqP4H4CUaGlpQWN9IxzlDr6/dH41pPNPGh567+1aEEovn33ypavhHHdBxJdbr4v3eY4axtXXV+kFAF5bugOvPjGLv03El/o6T99TOotu9U8d6raH3DYp9957r6YMML7Sty8nrh0/XsaXQ9IjC0zBkXxNcovW/XRlu+D8fq+OsrvcPSBC01CDFfpr2U/rHIBE4KEEFSXxRU16URJehLKLFCK/KL63K0gwBENLA0nKMPlK98hI1fUha0TRB2kWGMA7CQaA2+cgqfTrjfxCs79QKObEFAIMy7IMwzDsIzPTRNtTbeopyInootgeHa/25VW3DCiBin/h1O7YfagaC6d2l41fOF5xPSfDEPFFyIcrdtBHPoUSRhQXFTPhfXxQPD57lXvFGDPJL0n9bCjdqhyrP6zYeJC5euBV7Ni0PuIP3YXV+OnICQZHANV2FtgITiSZMvVmPjipXCJsC3a7tI0gFTNmTYoWiSZma1eL3awoxVlW5voR7WRjMwB6W+k2haIGzQBjjmNoq8cfFdUNS/+VA70lmPWbixAV1c2wuBdkZ7IAYIHFrS07PWPNnIxMRFl8H39ORiYbZQGWrNzKSL7/r/Xnh3Sj0JLFJGpIKkbFxfs1T1xaR1QVXkRcWkfEpXVEoeR30+bT5ejaPRHl9Q1oPu1entrodk/xeWr3F63jsyzWMsyerCmZY0Q/+G7cuieLtCvNsXPrKsX5nfn7Wq/tg1H9g40e8f/70/Vet/vz3Fd7bm5av565cfp0FgA2f/ddltpzuTUGXkJRg8gnSv2jotWzqBD5Ra/5vz94NOu6Yf3XkOwtnrK7NJxrxPcHj7oJE3qN4w+K0osAIr6QbC/Hj5d5PQ/J9uKP9EKQk18+/uJbn8aSlkISkhvEDDBEFIpoPT8+Idn/Mb2RWgYNHB4cCYZC8RJP4ose0gvBYrXC6nAA/dQ/lMtJMHxboGQYD5hJCKbIQySYIyUVGDgAbhKM8PEul+VO6X5ubDiOIyUVmDqdZn6hUEIJU9VBUBJCiksrUdzECR1Fdq6Mz+zMkbIZXpSyqgjnePuJKYZkQDE6/o82nMbSZ9Iw/xVxTVE1oWU73E8I/VzZDFr+iEKhhDqXTl8AYtqLbld274QvcpYj5qINdR3tbpcAEHPRxveR20d4Kd3H2/51He24cKGdbKx68NORE8zVuIqVbtPaTlASSzy1maF9R16B27bV2+sB1OOBmwaZsl0t9lCi3YUmNDpctYrbAfS2xtuklI5aSZ2yslLF7RaLS7J2nnJ9aReO5892YZt0u5HzBip+srZya0zW1shyR3KQ7CGJkTE+j9E7ritqq5qDngEmlI+hLR//kMEJWPqvHN3HrKpuMCTeBdmZbPa0DNQ6ylB0wP3HzygLMG5EEnpbk/httY4y0W0hS7/MURxjQXYmGyoSTCAhkoeQj7+vyLoPWAOcEm0LVLun+LxpN2J9pHCSyx6vzs2cPnMBSf2TvIql7GiZbv0XPL6ADcbjbclbSxh/4yfP21Xrt6jKEHLtREjx5bmvJTvTpvXrRdmltEowamMS+UQ6jtb+RH7xtb/S/EJhRSqmXDes/xqp0CLsL1x/b8fRAyK+KEkvgL4ZX/QQXwB3+QWAqOSROp11Wz+jM8DMv/UOXeI8coyTmguO5IsutUL2P3KsBAP7Bf4zXc2ce33qZwVQo+N+QmJXLKMnMU2AN+KLT5leBOKK0+mExWqF0+GAMMfKPf1S8MmxYsgpBESCgcPBx+g2rkCGMROnm5pElwSbzUYfeAYhlwUGcAkqRILhHs/KIox0u5DGhuP8WMKxhdDsLxSKeTGFAEPK9Dz25kYMju+quu/hirMMAAxJ6MYC8oKHGu+uLSRfmphQi39wfFfMf6VQJMGQ7DOSL4eMUowUSltixjVpbo/7dT8V6v6BZMbVMvP8WEg/+AQAcWkh7p9VRFBRuhSiZV9/+sdctKGytb6tXKx+0fqo+wknVB9rntpDGcfZOjg2u/8D9NLFCwwA3HI2jjVjOyF38ypRphjH2TrTrrW0dNPPJ2PoC5Af2EqPe358O066bavauc1tW3PLRf76v195hW7XuB0A4iZMdn+sW894vG/S0/V/TDTXlGDGjNuwbt1XSIyM8Uqi6B3Hff+orWrGHVnXBjUDTKgfQ1s+/qFD+mHokH44dPgYYmO52BucTbL79rBEqo6198di9Osfa5r7hogvRH4ht9WEGE0fxTSWHAonDhafQlq/i6ISPweLT0nlAE/ygGHtnuLz1G70+uiFUEgJVH+h+JJxbQYsvS2a+zprncj5IcevvmT+pG7+HT+5L7RKLHL3ndYxvL3fvZFrlJ4LWucPVn+pqCLdx9OYeo+jFSK+vPbG29zn9AbX53Rrj14A9Mn48mvq7eh6sVo38QXg5Be5Ekeeyx5xDE6Oxc+lpfi5tFQ18wsA5ObuQHr6ROTmyv9R0+gMMPc9+qjodnyib5kiatY+jQfnf42xQ9N8jmXQwEL8tPRWDHxS/0Nu9z//kN3+899/hz4m/xyhFDsA4KV/0BMFBjIufRprhPgilQj47a3yCwCcT0jAJ8eKcU+/FL6dXJPqBKSPXXj+RMN8lLZLS0uLYllHIq6oiTBySMUXtbkpFIp5MU0JpNYvKGyMpQsAIOdwvaqkQkQSLTAMw2YMaf2nrAHZT/SM/+Pfu5cYmP9KoSh+UgZJOr+WGCnG8+jMEWySTXwi9am3V3q1/q8/li0SKsrsZXhn7YGQuA/1iN2rNVQb+WogUfA5pDwCeOz+bP1lsP3u81CMZ13eIfq61sb5ZlOV6mPgG5i33VNfCkWOB6eNYfv0iaQLoQPV1U1YvPhvpnkedo0dgOaaEqSPHIlcmSwiwttyYgURJ8hY9Bjo8VPkkUov3kowI++Tz36x/+Mlml5PHv1uvWz/d6ZNZwIxv15UFXJyYXl9g9y5h7Uezk0Y2u4pPi3tRq6Pv/zxpRXMX/4whx00SPzD7NkmLitOt8ieou0FBYX440srGH/6J42YA/Isyfkhh5dZfMHXvhnXusrtlB1YAV+P35vHkSeMkOC8GdPf+QPdX8v+gdxHK1dPmMAS8UUOofjSt6/vUuXRTmMxOikaY4dOwokzp3SJ/bWlyhnDo2P6eSHBJPMSTL1KiaP09Imq4xidAWbCpPH89Qp7BRJsCQCAAampbeIzTpfbFiBqy6dof9yEpxo6MMh/8Hmgin4WDTZS+cWT+AK4yy/eSijlFRWwWCwiCYZcfnKMU2CURBhAWYYx03pKM73Y7Xb6YAsAJAvM8JSxihIMAEydfh/+8ebzsiKMEKH48rsnnseRkucVx2xpaUF+8W6a/YVCMTHtzRZQzuH6kBpX73nu+5t7OYT5rzCicccO7YP5rxTin/TxazqIuJGU7HLuy0qrfRpLOAYZO1QkGH9i13MNJ8V2ga2fK2Wi/ZgDFQYcr9w8FAqFQqEYQXV1E12EMKS5poS/riRQKCEUJ8hYwcoAE+rHQI9fjKdML6GAUHCRyi6+Zn957U9/FN1++s9/0dy3qLgIKx/7nWhb9tv/AKZND8j8ALCvqlKXtS2vb0BidA/kmfS+9xSf0fF7M/6i7HEisenVlbs0fXeO7GEBADQ1OBFrS+avC7fr0V8orTSebMT4a8Yj78c8rPhiBTPnjjms1tsAfO4rjCGpmz7HT6F4wpP88s9/vsdnfAF8y/oCcJlfCHrJL1ddyclgCfF9ZEWXmdcPxsdfHNM8Hp/9xUMWGDX8FVyErPqrOCVjDwD57dwz58y/9Q7s3J7XZh6zx6+/Gz9/tcR0cQ39+1/pC4rJcDadhS3BlSVJTYSx2WwiCUaLDON0OERZYJxOJ9AqwQjxJMKQsfjXEXrXURQQZoK5+ebb8O23X7ntI80Io9Qux8033yaai0KhmB/TCTCPzExDkb1eF2FFWPbnkZncv0NICaRAxE/m9yb7ijADzPxXCmXjl2aAoZgDuawlepJkSwopCcaX2I1eQ0JKor7jnaO+C4VCoVACwJmWi7BautGF0AGH01y1w0n2EAIRKLQgFCfIWPQY6PH7wslTnGAnLH2kRYKRK5XUcq4FEV2CnxZRi+RS6/DuB8ska2+3bZlvvO5Xlklv+svN72/83kDEDnLdbHiKz+j4vR1/UfY4dtaN6bCN5jIU2PcWYVE2WC0SjFDwqLGXAuAyoGgVP7T2T01yZU/IO5mH3nG9gR8FzzMvbvvaVxhDS32eLscfTtz91FMsAHz6+uv0X8g64Y384m/mFwCt2V/SdBNgAE5+Idir6mCLc4m51w1OBu64GWu3/Kw5E4w3kEwxahljvKW6qhpXHHoJtYeA6lr38sExve3SFWiTj90uty2gT2CKJqQSDKAswpAMJ9JsMGoyjJIEY3U63UoiAZwMIxVkHBaLeD4HPQlPESPMAqNFggFcosvYsZMBALt3b1OdQ05+odlfKBTz096MQaXaopFzuB7vPDnV476PvrHBbb/H3tzIAmJppMhej1RbtF9xvfPkVDz6xgb+ujAGufjJ/ESEefuJKYynY+jS0SW+KMVPM8CYj0CJG+EswQRqDQmjb7xXl3H2blpGnwAUCoVCoVD8hggUwlI6voxBj4Eef1tgycqtzILsTBYALLC4tTc6gfW5ZYiySOUW7bJLoxPYdaAMS1flZHn6L/UfZ2eLxJIyRy1GxcW777d5E/64eZP4/EFKKrJTUzX1T7//waCvffPpchSeLhdtYxhmphHlYIyIz+j4fRnfNjoV9r1F/HVsyvU4Dyn5A3DSh7D0j7BNj/4ke0swEcYw0ub/8YcTdz/1FHvNkCH8dX8kmNFTHvBJ5tu78UNdzlEFe35CoDK/RCRfxx23AfKLkOiYfnj+vX/h+YfvcpNgrhucjO9/LsXaLT/z24kQk5u7wzSPcyK/yIkvTO9rNd2nO7Zu1TxfwZF8FBzJD8ix7di6FVdPmMD+tHOnro/jwnKgX+xHAIBjNQuRlhiY+ypY81LUIZKArfU2kVWcTdwfQ5REGEAswwhL/ajJMPw2GQnG2To/kV2EIozwOmkXijVOpxMpHo5VLouML30ooff4lpNgAKDc7v09XG4vFokvAJVfKJRQw1QCzOD4rrzoMTi+q+J+RHB5+4kpDMMwLBFLpOKLcFy5694iFF2k0ota/CQeEp9SRhit8dMMMOZCKm5crqhAaYUrXdr2mnN4yssxc3cX43KFOOXaFQncPxfMLsH4ErsRa+iJmoKtYDr7J9yw58voE4BCoVAoAcVsmUsovnP4+xwMuS5DtE0qUEizisjtK7wtZd26r+gx0ONXpW98FBsVxWWW6tUzEjU1dbqMK8z+0jc+ij1e2aj7d5clK7cyDMPMfGp2tltJhZW5OVnejJWdnqF5jDKHf/9mz05NFc9TVORVf3/n96f/sJSeSOs3AnFpHQEAVYUXARwAvq8wxXPSU3xGxx+I9Xnn5Tt4QUCp7A/ZTrKivPPyHeyjz37B+No/fUgnkP5z7pjDBuO+XfHFCj7+02cu+Hz84cbdTz3F7pxUgvsT7wYAdPj4T7j7KfgkwYye8gAb3cc3CXP0lAdYfyWU0VMeYB+6bVbQ5icEKvNLDROPGVOnoKzsBMYO5c4DX3VlT90lmIpKrqT4qFGTZCUYwCXCmBVP8ovS/VAjs23p118gVsOcUVFRAIDGxkbsKzknaktNGY4ul0sUt5O+5zXMs/TrLzD/1jsMWTciobiuL8Q5g8sjdbltgey8FPMgFFsAzyKMtI9WGUaIVIIB5EUYLaRAXDZJ6bpDIM1YnU6v+8geh5zg07rNbrfTB5eJEEowBLWMMFKk4gsZk0KhhBamzACTkhyP7fnlsm0frtjBDo7viknDE/nrH67YISuOkHJHg+O7InVoNFKilcc1In4yP4mLXA5J6CZ7wkBL/O+uLcSTt6fRDDAmQU7cMIrLFRUhI8F4E3sg11BIVXUFgAr6IKZQKBRKyPB5Lvfe+Yc/PMD27duPLogPHD9+DC+99KFpPj95K1AotQVTHAmHY2irx983Popd8s/FWPT7N0XbtZQ9Ut9f/JPTkn8uNkyCYVl27dPZc1TbtYwzJyPT576hhlxmGW+IS+uIqsKLiEvriLi0jig8Zq7j8xSf0fH7Mr59b5GoBJJWlMr+kO1G9w82oR6/v5DML/cn3o1/fvop6mpqsPjttbh04IDXmWD8kV8AILrPAL8kFH/kFwB46LZZukgwV0+YwN774HzFdj0zvxDp4aqhPQ15fJw4cwqPzbkai96s5kshkUwwAPDgbdP4fa09erlJMWZh96FCRfnlP4f74be9le+HiGTf3u86T/yj7PbUlOEAgKLifIwa0MXjdqVxjOLcV0tE5Y+O1SwMSiYWpXkvv/Qn4O5X6RfSIEKyZMiVEdIiwgDuAg0RYoQyDCCTHUZGggFcZZEAeCXCUChKj+/hKVxpQSKsCEUYLRKMUtYXAs3+QqGEDqYTYFKHKpcp+nDFDvaBORP520RmIduK6yuREh2PD1dwKRpJZhgiyHgLKUskl+1FS/zS+R+YMxHF9ZWYdF2iKE5v4h8c3xXzXylUzCJDCRxq4kaF1VVnNsnq/dhJI1NEakaCo4Kfw+wSjDexk+tGrCEA/NrOinbxrvF/5b4TM8U6e3B92llZmXkoFAqFQjGM5OS+bttKS48jNjZW8xg1NTX8PxS9pbGxUTYGNbyNz59YleI7fvyY6e5LJYFC7tJTGyHQ4kg4HENbO34ivxBOnmrSdfyWc+IThUZKMEoEWmCRZlbZV1Xpto80+4twm5b+ZoJIHqEan9Hxax3/cNNlYFMuyE//qzflcts8ICz5A7jK/kjLAQEnuC/BkjJM3vZf8PgCNpj3J5l/eG/f4g9H6mpqgNbSR3U1NfTDsZ94I7/4k/nl6+8rcf/04fzt3YcK+etjh6bpngXm1Sdm4e0VP/GZYKJjOIn+g6++A8CJMI6Gk3A0nATAlf6xdI32eh5nc71qu7djkvHO7/iLW1vniX/E6y+9i16tXw28yQDjC+eaT3Pvy/u2C7Z2UdweTIQSDCeeLBRcDwxy815+6U/0RcYkEEmgXOEPqFIRBlCWYQBtQgyRYYgEA8AtG4zFYsH51t8NTjcpfy9xSDLGyF2XZnLxpY/S2ihluekeGSk6fkpwH99EggHcRRi57C5aM75Q+YVCCS1MJ8CkRMejuF7+RM8DcyYyQhlk0nXiT2/bvy/HdpTjgTkTGblxpTAMA5b1/B3eGxFGLn4SjzD27Sj3OX4qvwQfT/LL3QvvRe3x4wCAymPbvX8eJALx/SYBAHr37YtPP1oWMhKM1til6L2GFAqFQqFQKKGCnEDhK8ESR8LhGNrK8Uvll0ARDAmGoi8Hi08hrd9FUYmfg8WnTJMtx1N8Rsfv6/hnO3fH6k25/HU0NWqaT67sj7QckF79M67lXt9WrFoRlPuWzN9wbJ1uxx8O/Hj4MADgpilTAAAHDhzAj4cPB1yIGTFuBDZ9UxK0dRgxYgzw1Wq/xvhp507m6gkT2B1bt2Lp119g0MDhfJtemV84uFPxJ86cQlnZCewt40SP0UnRuq/LiTOncNWVPflMMEKiY/qhvu6YSIQBOFHFk8wihyfBxdsxyXg7f03HhEnjAQAzpk7Bug0b3fbVOwMMwMn0hN8/MN2tPW/vAcXtwr7BwJsyR3squR+Ex8S3yN6W7ivcLr2tOncv8wqzbRFhJhhPIgygXYYB3IUYwCXD5Ofn8+KLVIQRiiVEJlHivIf27jr1kX0tczrpAyhEHt9CCQYQCy0Oh122r9VqUxyXyi8USujRPpSCFWZSAdwzpnhi1db9otta5Bcj0Ct+SnDwJL+kGGDVpyQCxUgIqUwwWmIPxBqWfB+YdCyBmodCoVAoFEro89KST/GHBXfj3tuv5bfpIVBIxYmc/x7BS0s+pcdAj59HSX7p1ZM7KVxT4yox0OBU/velpzJJEV0iZLeHgwSzssi9RM3Tf3b/h3rUkFTZ/qkp4u15X6+U3U+pv9z8gaaq8CIAoLy+wZT3kaf4jI5fafxF2ePcTkItviUdqzflotfAQQCAsxVVmueRK/sjLQekV/+cH3KCep+S+UkGGD2OP9TZ8OWXzNTbb2f/KyO7bPjyy4C8xo4YNyKoazBixJiAz+lP9heuPyfUvPzyC9hbVo+45IEAgL2lR1BdtRmjhg4DAHTu3k6XeIkE8+oTXJ6pRW9yolB9nSsrIpFfqquq4Wyuxw8Har2a49oRvTXtp3Vc4Xg3TZ+F/65fzUsw3twnvmpgY68RP64us/L7KG0PJaQCi5z44su+FPMjLYekJMIAyjIM4FmIAVxSDJ9dpjUbDABRWaRQlktI1hq17DWUwD++hRKMkvQiRLiPUIah8guFEpqYUoBJiY7HdrhqlBDxhZQOIggypoj6C0QZ/kWpuL4SqUOjUfe997VPvCmBZMb4KfqhteyRUVRYQ1OCkYvd7rgAAEi8wrg1/N9V69zW47H7s3U/Nrl5KBQKhUKhUJS4ecZNDNZ9yuopUHgSJ26ecRNDjyEMjl/n/3A4HLWGr5XDUQurVfzj2OOPP86+9dZbIfkZWlrGKA/A/o+XaDqWkfctYOX0FW/6y83vDXqVViqvb0BidA+v5w8UnuIzOn658X+3+GHY94ofAaTk0V1RMfy2shONYBjMZFkoZo4pKChUaNFW8sfb/qlJ3OMu72Rw7nEyP1r26XL84ULPnzZhzmDxeZQVP1f4NFbvJO9kltSU3roei7cyS1RUJ93XUy4LjL7ZXwjtcdWVPfHbjMHYWX4JABCXPBBVpUeAQwcxaugwnD/9q+4SDABehJn3h9cByMsvpEySFoQijRY8je3teGr3ibcZYI4cKwm71wiS0UUOvQSWQMxBMQapBAOoizCAWIYBvBNiSHkgu93O9RWURZKWRKJQ9Hp8Wy1Wt7ZJk29Gaspw0bai4nxs3/at4Dss9zh1OB1UfqFQQhTTCTDC8kHCjC/C7Y+9yaU7fPuJKcyjb2zAkIRuov2IaCIsOeQLWsSXd56cKtrP2/jl9tMrfoq+eJJfbsichM1bjS3VQ+YIRQlGGruUQK0hhUKhUCgUihlQEyj8JVDiSDgcQ1s/fqmYohct51r4LDBKc4SqBJNk0JoFan5/+xOxg1w3G57iMzp+tfEXPPOObJ/0a4agqrHObbuSBDP95tu8imnn1lV+98/70V18WfD4Atab2/70JfOnD+nk9/GHC3f278le27sr6k6dQkxPTm6oO3UK1/buijv792Q/P3rK0NfXouJa3SUYb2hsvBAQCUaIv9lfXOMA9z36KF5++QXRdjkJBtAnG8yJM6cAgBdhlr/0FABg96FC0z/WSRaYGVOnKKyn/xlgoqKiDD0Go8dXIhACCpVcQhs5CQbwLMIQPAkxgLIUY7fbFSWYUIOUbSKSD8Vcj2+rxYpJk28GADfxhZCaMhypKcNRVJwPANi+7Vsqv1AoIY6pSyBNGs7VQSku5eSRd9cWAijkxRECyZTy2JsbWQB4ZGYaipsq+f7b88tRdKgeszNHijKz+MM7T07VLf7DFWeZd56cGtD4Kd6hRX4JFOEowQR6DSkUCoVCCXVKS4/Lbq+p8S7Ztz816pViUMPb+PyJ1Zf4Ao2SQOEPgRZHwuEYzH78RqKWAcZTmSNv5rAGWRoxGoZhZmrZb8S989F4uMiv/sGm+XQ5Ck+Xu8XPsuxaM9wXWuNLjO7BCypGxC83/sate7Kk+03JHLPGXlHF/zhk11ACyV+hw5f+K79cmQUA2bdnr6mt4l43Mq7NwIpVK6D1NgD42pfMnz7k9jV6CC1fTbJp+sPZbdvtsu8/K+Z209R/zmdnZfs//fTLmvq/9tqzsv2J/LK+orXUQoW45ML0hMiASTAAgibCNDZymYX1FmGEEgwAtJR+D0Cv7C8ELgvMhMRTfBaYqtIj6NPhIl8Gad+hg/zefeL6AACsPXr5JcRIRZixQ9O4htbL+bd6P6ZUFFKCSDd6jUfQKwOMlMWLXvS574uvLjbF5xOaAYaiBSUJhqBVhgHchRhAPUuMVIIBYHoRRhpnYkICfRCFwOO73F6MRFsKL7jIZYDhH/P2Yiq/UChhgOkEmPLKOpyTlAPnxBG4iSNSSLtQJBGycf8+v2KTZnsJtfgpvuFJfrl74b2oPR7YH1juXngvPv1oWUhKMCT2pNbscxWt2wK9hhQKhUKhhDKxsbH89ZqaGo//KmxsbERycl/N45eWHhfN4Q1a4glUjL7GEkj0FCiCJY6EwzGY9fiNXgOhmHLyFPcDaoPTvXa9JxlG2odkf5HOEQ6U+VE26sCypVlGzO+NwOFP/MNSeiKt3wjEpXUEAFQVXgRwAPi+whT3jdb4SJYWo0ogKY1PsrkwDNyEJy3iCwCcPnMBSf29y0JRdrRMt/6AKxvLilUrvLrtb1+94idcbeM+Q1hTh4m2O4o46eAnu7q02z+akxASe3UW3/8nzwMAjtb/qtr/+uvvan2NFPd3OLj+W7b8S/a5fke/HmuI/LK2/HTWmJiua65O4uSIn8qqsaeuOQvAGiLBfHGsIctoQY2IMMGCiDB6Is4Ew0kwemWAAVxZYD5+5x1MSDyFf+f87Ca/VF/qyO/vPJLPXRk4HGjgRBiCL0IMEWH0QCkzi69zyo038dqRKmvpfwYYKYsXvYhOEV396h8ICaZTzWEAQGE5YJNp90dA6XLbAtfYu5Yo7ufLHJ1qDqOw1VVNHjeEfrk3AUQSANQFFG9kGIJSlhhe/hVIMIBLMDErwvXxRX5pbHBlCDzd1EQffAF+fCfaUlo/u+TLP8btxdidv43KLxRKGGAqAebnymbYkjrz13+uLGw9ScCqvthIpZRH3wDT+sWQ/0fFDMG4viKcR06E8TV+97GNiZ/iw33uQX5JSQxebCmJQDESQlKCSUkEistd1ykUCoVCoVDaMnoIFMEWR8LhGMx2/IFYA4fD+B8tjcoAsyA7kwUACyxubdnpGWvmZGQiyuL7+HMyMtkoC7Bk5Vb+PogakopRcfFBe5ypza9VgvE3/ri0jqgqvIi4tI6IS+uIwmPmei56iq/5dDm6dk9EeX0Dmk/rn2FXy/hCEWbj1j1ZUzLHrBG2k0wxcuWPgg3JxBIuSOUXso1IMJ6Qyi9kG5FgPM5v7Sy7jUgwUmYmdhfJLwBahZfqNa7rIG1rpidE4sylX9cA8Oq9xJuMLkbIL4kd/ql53/JL9xv2+JBKMDVwZYPRg1FxLgnmtxmDcdWVPbH7UCGqq6pRfakj4pIH8vtWlXKXBa0iTAEAS9doAOLsMEL0KJ1kVp76wyN4/aV3AfQ2LAMMAFzZubPXfc6cP2/osZfuOsxfTxOcU13ewv2RYF6E6w+GZskA83QVJzpMbo1dGLfweCjBhfzgr5YNxu012A8hxtl0FhaLBTabjZdCyisqQqYUkpz8IpRblBBKLzabjbtMiJMtH0XR9/FNJBjAJcLwj2V7MQBQ+YVCCSNMWQKpSxTbelKA9euFhvQXiiQ0fopWPMkvZqHCGpoSDIVCoVAoFArFhVCg8AUziCPhcAxmOf5ArQERU06eakKvnpGoqanTbeyWcy2iOfRkQXYmmz0tA7WOMhQdcC+PFmUBxo1IQm+r6/tcraNMdFvI0i9zFMdYkJ3JCiUYCgeRTEIpvo+/r8i6D1gDnBJt02tOb8d3CS57vHp8KWU0Mbp/sMtckVJh/h5/qCOUXwhEfBFCJBhvx09N6Y0Ii/bseQ1NZegRGaHb8SV2+Cc6xw7SvH+HH59E5eWXDFtvaTmkpV9z22PZSl3GJ5lgAODjd96RlV8A8LeJCNP1YjXfVl1VDWdzvUiKUcLZXO+2zVMfreP4Mq6zuV7zflLGThgB4BfdMsCs+/a/uj52hOPNuPkmXcYsKCxgBmEQ/ztB2rwMvm1yegb6sNuxfFtfXoIJRAkiT3Msb+mLh1vjfG95DianZ9APUSZHazYYOXwplyTMEBNKGVF8jZVIL4C4HBQlsI9tKbvzt/H70JWiUMIDUwkwLMsyRPbwVx4JxLjhFj/FhSf55YbMSdi8dbspYiWxUAmGojezp10j94GQWbXhR33nmeo+z6rvfqSPWQqFQqG0OYhA4fcY9BhC+vgDuQYORy1e/dsTWPT7NzH6Gu5fcJ7KHckh7lODlnMtqKpuwFNP/tawDDBaIeILkV/IbTUhxsfv7YbLAZlvvB7U+Q8Wn0Jav4uiEkMHi08FXYzQGh/LsmsZhskyau2MHh8AFr/sXwYWf/sHG1/j/+NLCAvW2J38ewMRgjy8Jii+l9x03+tu71VEfjmQWyjaPiI9za3/gdxCt+3CMdcve1q19NLTT7/jNj+RX87XFIi2ywkx52sK3LYLx3z99cd0K/1EJBgAcIkwXwDQJyPMqNbfP4kI8/LLLwAAdpZfcts3LnkgqkqP8LeJGNLckcsCg+Zq1bnkZBMtMouWcXwZ19I12iuZ5r/rV2PCpPH89ojk61RFl6Vff4GSoiKP4xNZ5eN33uHvBz0g4+kh1wxK48SXAeMnyLZvy+Vk3gHjJyAPE/ye73rB9byRd/k8zgBw4guJrebCBaShk+tT44ULoJgPX7LBKKEmxRD5pS2JIMJjpVlfgvvYlttOoVDCB9NlgDFK8AiUOBLq8VO0yS9mg0owocnjN48UfdC6/CuL6l/aG3I/9Wn/C3tFO7ehmcoL6ilx4zu56pZXXmiH+AFj2ccHPKZvcCXu81C08eqrr7qdNFy0aBGjtk+ot8vtQ6FQKOGEUHzIGJ2uSaTI2ZvLmPUY5CDHZVjcTADm0HD8wYxBK1ZrbzgctXjqyd/i9Tf+jbg+PUTtDU7lfzaqiTJEfiFzmAWp9KK3BGN2UlNS8cfNm0Tbxt+ajQPLlno1TlXhRQBAeX2DKY9TLT6jZR2zj28WWamtxW629bjpvtfZjGnTAQCNzloc2CVulxNeAPBizIj0NLd9ovsMwIhxIxBl4V/z1zAMIyuhPP30O+xjj80DADQ1XQI++VzUrpQBhogxnWMHue1z3ZAhuOeeOxEZ2cHj/L7w086dDAC4izBcux4ZYfpyFWzw7LPPAZAXYapKj6DrxWpeHCHiiytjjFiQESLMGiOFF2g0oDaON+MKx9G6303TZ4kkmPm33uExhmUfqL/H3XpdPI4fL8O+KvefSfQqZzQqjstUo1SuSSsDxk/A+IH9BC8ErsfdvHvv0flFxjW2aE4fcOsvM3ZJ3k76wm5C/MkGo4RUiLFYLLwI0hZEGCXpxel0cu/LDQ30gRegxzZdBQolvGlPl4BCceFJfrl74b2oPX7clLHfvfBefPrRMirBhBjpY1w1icuqq4DyX1i9JZg+7X9h+yZegaQ+ri8RuXu0nZyxxblCqSw1bh0CNU848eqrr7Jjxoxx275i0CDRj6Vj3n8/rNrJsZtVgrlx8gRR/Ju27WRCcY5gzKvX+MFan0By+nQz8vN/Em2rq/Oc5FvLPv7sr0dfI2IU7nP6dHPI3M8Zo9PZZ56drW3fl9NZM0sWSsdlVNyBmCMUYtCCw1HLXycSTGxsjN/jEvmFzBEsCUYouEhlF1/Fl31VlUG9z/yZv6i4CCsf+51oW/bb//BprPL6BiRG90CeSV9rzB6fkEXZ40SfXV5duYt+bzeArybZWH/6FLR3/fA3vLe206n/lxnB9z8/4jWvYxZmNHnttUd1eVzcdN/rbO+kESgqrkVqivxrs1wGGGnGF7kMMK7Xmlr0ThqB6fe+5iahPP30O+zcubejsfECoqI6yfaXywAjzfgilwGG0Nh4AXPn3g7oLMEAaiKM/hlhiAgDuGSYdUXVbtlXlMolCVGSYjz182UcLePKjaN1PyLBAMBzr/5Vcd4EW4ImQUaOHj0iAPzq833YtUtEQF7XzjHcOUVBRZWQGduIcSnGoGc2GNFnNcHvLiQTTFvLiEKkF8AlvpRXVMBitdIHHoVCofgJFWAolFY8yS8pieY/hpREoBgJVIIJYfomXqGrBEPkFz1J7qfvt9TKkt30jveRwYMHu22r6i0+iRkn2SfU2wFgz549prsvbpw8gU1ISMTECdeKti+4+w62oqJcFwkjEHMEY169xg/W+gSLgQPlT/gfOVKAhATtH1oqKsoRG+v9v6xqaqoUY1DC29h8jVEtturqbSFx/0rll+aaEnSNHeB2SXjm2dkhIcGQ4yLxGxG3cO2aa0qCsjZmiEErJAMMgUgwGp9tsluF8guZI1hokVxqHd79GzspyBltgj0/EUvIdbNh9vikLMoex866MR220akAAPveIizKBkslGGNI7MJlByk/d8mn/acP5Mpr1TRd1tSf7L/+CJeVaNAgLsVHQcFBTf1d+xvzR6yi4lrI/cYmJ7ZIt6nJL1ppbLyAdu3cz1fIiS3SbWrySyAIZEYYQCzDAC4hBpAvlSQlLnkgGouqw+a5TCSYsYmMl59StHH7Df39jnFflbFrkHfkmOi2N1laSF9/M7uQsXyZ25e4KcElUNlgwh056UVuLSgUCoXiH1SAoVDgWX4JNSqsVIIJBSovtHPLxGKLY3STYITyi72KhV3wb9HKC+1EZYe8ZeJ1k3VZgx3fb6MPBErIc+PkCSyRLlJTUgAARcXF/PWE+ATcOHkC64+AEYg5gjGvXuMHa30oYvbt+1F0e9Soa+ii+ICc/EIupRIMAF6EMbsEI5VfjJBgpOIJmSeQa2OGGLyFSDDCckh6jm0ES1ZuZRZkZ7IAYIHFrb3RCazPLUOURSq3aJddGp3ArgNlWLoqJ2tJGL3GSEsgNR4u8qp/8+lyFJ4uF21jGGYmybDw1gPiMq+Pf7hf9Jg3ut1TfJ7wd35fsI1OhX1vEX8dm3Lpm6GBRMdEo9xeo3nf+rp60bZ4yxWaBZh4yxWodIr37d17qGYBpnfvoaitPaS6T85Nqfxj8lTLL7h161GvHpOFJS389aLiWjQ0+V6ipbCkBT0ivct8UV3tys63p/IuxFf/wef5q6ubYbV2DujjKRAZYQBXVhiCVIgBxFKMHOtUXu5/mzFYWyCJg7Fug3aRRnFcyTha95OiVlIoIjk+bF/H5KQTrSJK3pFjmHfzfQCA5d9+7JeAQsbSOo4/cVPMgRHZYNqa+EGlFwqFQgkMVIChtHk8yS83ZE7C5q3bQ+qYSMxUggk97FWsLhKMVH7Rmx3fb0OSn5lgyo7Z6R1OCXmIeEFEC4ATL8ilcLuvAkYg5gjGvHqNH6z1obgLLy+99KFobf/whwdEb0DdunWhi+YBJflFelsoVgizwZhRssgYnc4CwCP3DHKLn6BH3NK1E0pCzTUleOSeQcgAF4tR62OGGLSw64c8jLt2vGibVIKRZoZRa1frI2Xl1yt0O44lK7cyDMPMfGp29hq3eXJzsrwZKzs9Q/MYZY7aoD6n/J0/OzVVdNubEkHDUnoird8IxKVxWS2qCi8COAB8z33vfOuBkay0/a0HRrJEEjG63VN8nvB3fgol0Hyd2Z8dEecqh5PQus1bCUaItwKLnlitnVHpeCkk74tAZIQRIswOQ5CTYrSyc7sxBeO0juvr/H37Kmd6k2puEzMzce+D870a+/jxMp8vtTIxM5O+mFFCDr2zwbQlEYRKLxQKhRIYqABDadNokV9CFSrBhC7+SjBa5ZfKC+38ipMKLJS2zo2TJ7AL5y/kbxPpQggRMIiE4a2AEYg5gjGvXuMHa33aOiUl3A/6UuFFipwQU1hYhLS0VLqIGpBmepFrl+5rJoTii1r8RsSttGYklkBIKGaIQQ1vJBi1SwCqbUL0lF8ILMuufTp7jmKb1nHmZGRq7j8qLrj/KA/2/HFpHVFVeBFxaR0Rl9YRhcdCq93o4/Pp+9/eIlEJJApFC0R+saYO416Li7isMiPiorF4RB/2xQPVIfl5N9AZXPTGU0YYQL+sMO7vD23veeBtBpj5t97Rel+UBT32GiYe82+9A8s+WKr9e1jeTlyur8exoyUY+cXn4jabDZfr6z2OcexoCT5u3e/Y0RJNfTyNpXUcf+KmmA9hNhiAijB6YbFa+bWlUCgUiu9QAYZCaUUqv9y98F7UHj8e0sd098J78elHy2QlGErwiR8wVvIpfyd/1VcJRlV+SZzgmhtAZclu9fg6/YqkPvGCmCpRWbKb8dTP63Xo9CsrnYdCCTXkxAtpW2pKCnbs/MHUcwRjXr3GD9b6tCW0ii9KkH4kMwwVYdRRk1/MjJz4QiQXqfRi5PGpzRkoCcUMMaihJMF4c+mpjWCE/EIJLkQCCdV2o49PK4ebLgObcjGr9fbqTbncNgpFha8z+7NxKg+/m6xdQlqCCQeURBjAlRUG0D8zDMWFNAPMvQ/Ox8TMTOzYuhVLvybtgRdhaph4RCRz8gvJSuONBAMA/foPwFcy2wjHjpaIbgu3CbdL+wDA5PQMVFVVuc0ZFxeHbbk5sv29mVstbkpoYoQIQ6FQKBSKv1ABhkKBu/ySkhg+x5aSCBQjgUowJiS5n40vI9Qn1oZPPoZfEown+eWe++ahusbOfcU/ZofeIguF0lZREy982S9YcwRjXr3GD9b6BJMjRwoU2yoqyr0aq6amSrX97NlzAHwXX6RIRRgtpZE8xejN+oQKnjLAmJGM0ensI/cMEsUtzPASrONRiuGZZ2ejuaYEGTC+bJQZYpBDToLRGyq/hA8Hi08hrd9FUQmgg8Wn+Gw5Su2e+hvdrjUbkL/z+8rZzt2xelMufx1NjaHzmLj/t7IpR4f989+aXs/GP/OlbP+8V26n4oYCDw3vw/ZkgDhrF9TX1QM4KGrntrn2fT9fXYKZMDoJOd/pk3kobUAEvP3dMzXVgi1b9FmbPn264tdfzSWQSUUYQCrDfCHbz6gsMW2FiOTrMP/WO9y2EwmG3A9EhIlIjseEZNd++6raY19VJQDfL/nn2CTucxaZh4gvyz5Y6lVJJilEHJETTgg/Fu7BNWljgnIfKM3dr/8AXrah8kt4QUUYCoVCoZgJKsBQ2jR2xwUkXiGWX8KVCqtYgrE7LtAHgMlI7mdDKeCTBONJfkluFW28JXdPYP6NFKh5KBQ92bRtJ3Pj5AnsxAnXatp/x84f4G3pnUDMEYx59Ro/WOtjBhISXLZuRUU5YmPVc57X1FRh4MBBmsc/cqQACQmJKCws0k18kSIUYQYMGOBzjKqffyRrU10dOum1QzUDjFR+EZZnOvx9Dvr2iwvIcQnnOPx9DoZcl8FvJ3G5YisI2xikzJh9F5b+61+Yf1cGv81ICUYqv6zfXIQZs++iHyKCyMoi/3/oriq8CAAor28IyXajj0+JRdnj3GSPxbekY/WmXPQi739HCrD4lkwsyr7Cbd9XV8I0n2GI+JIwMEW1XUmEIeJL7+GzodZORRh3bN0jsKXjMPR07sNYS0fU19Vj23V/AgBM/v7PAIDdzovY02sMrr94UHWs1BRXxq7asgO6xJea0htFxbWa9o2K6sRf/+yzL3WZPyqqExobzXe+i4gwgDgrjJykAYizxEihWWNUvvMwXHZhsq4TMzPx086dzNUTJrA7t+dhwqTxvHQiFGGkTJg0XvG+0cLSr7/Azu15oljInFLxheznLUQiabzU6CbBEMkkqkOU17LJqk3y4vKPhXsQ1SHKY39Pcx87WoLGS438dSrBhB9UhKFQKBSKGaACDIXSSoU1ATdkTsLmrdvD8vjIsREJhmJiEid4JcFoLXvkLZUX2gXkZGOg5qFQjKKurg4xMTEe9zH7HMGYV6/xg7U+4czZs+cMlV+EvPTShwzJBkNx4UkSEcolZhBlMkansySbiVx8x49VoW+/OP7S6Lil8xL5RhpXc00Jnnl2NjJe1j8DixlikPLWW28xANhASDCe5JfWWEKOfUEu1+nP/I2Hi1CkUxzl9Q1IjO6BvBBtN/r45Pjd4odh3yu+B0jJo7uiuM8xuU2HuZJIN6YDAGyjzVcu8OD9v2UjE2Jg6dxDcZ+EgSlwnm/Awft/y0olmPHPfMl2TkyBJUr52HoPnw1nYxHGP/MlSyUYeVKf24ndL0xAS9aLmDZtOhyO89gGIGLNYljufx/4YonHMYqKa5Ga0hsjxo1AYUmLX/GkDYjgx9T8mtR4AVFRnXDPPXeiurrZr/n79OnKj2l25LLCDEjlng9EvFCTL5SyxlDEsoncOhHZRE6EEd4XO7fn+SymCJGOraf4QiBSinS7p35KXJM2Bj8W7pHdfuxoieZxtMTsTVyU0IOKMN5jsVr5daNQKBSKf1ABhkKBS34Jd6gEExpcP3UytmyAJgnGk/zCjbWNLiqFYiB/evdd/PmRRwDATcIg0sWf3n0Xc2+83tRzBGNevcYP1vqEK/v2/RgQ8UWIMBvMqFHX0DsB6hlgpAKFsLyOWeImsavJL0bFLRy/LyCev3UfuRJN4RaDEmoSjFGEi/wCAEnW3m16fiJ+kOuh1m708amx4Jl3ZLenXzMEVY11/PXcHw/j8DetGQm+cWUm2LBlbtAf/6tvzmSHXp3G3z6SmYWEeHEpw4rKcxi4dQ0AIDIhBqtvzmRnfbuVAYBh8/7K9rpmCr/vxH6n8dtk8Tr+u7QHdhzrDgDonJiCYfP+yh5c/r/0xyAJVmtn4Lmd2LLlX/y2U6eqMOj+91X71VeLP1volfnlwC7PcwHAwYM5GDSor+7rUSvj3Rw8mGPq+1AuK0xJUZGsGEHK6HiSYygu8WXZB0v5NSZZYIiAIifCGAG534QI55bGqUZhYWGWt/OnpaWtkfZNS0tb0zleOXtodcs5xPYdgvOVrhK0Vw6IwgnU48oB8hlgzpQ0us3ha8yU8EMqwgBUhpFisVpFa0WhUCgU/6ECDKVNkzQyBRUA7l54L2qPH28Tx3z3wnvx6UfLkGSl97+Z0SLBAIAn+YVCoRhP6Ykq/Ondd/HBCy+4ZRmJiYnBg889h9ITVaafIxjz6jV+sNYnHAmG/CKEZIOhEgyHXJYXM8ovJPuLUtxEeukLBCxuqYBCLqEQgxEZWMwQgxJKEowRhJP8Eg40HtYnB0xidA9eAGEYZibLsmtDqd3o45Nj49Y9bj8ETskcs8ZeUQVbAvdjpL2iSnFfM3Fixjx0iu8CuSLSCfFdcH7ebThReQ5XrVsu23/GNbH4bXKZbNtvkxvw2+QG/Ls0Fut+rKFPWhluZQqxaNFCvPrqR5g793589tk/ufMI19+F2tpD+OKLJbiVKUQjXaqQQU6GAVwZQ4g0IZRj5OQKCrdGJUVFslIJKYNE1k6PLC/eIrzfvJmfBbuWATPTm7mUBJT4eFcZ2crKcp+PpXcvTog8U7JT07xesJY+ksMPodxBZRiX9CJdGwqFQqHoAxVgKG2elMS2eczF5eF/nH+dPUOmnEJHXT9Qvv3hSuBD4K/Zkrmygf9duc6vue65bx4++RiyEowQOfnlnvvmobrGTp/gFEoA2PzBUiQ/9xySb5iMB8eLs4ltztvO72P2OYIxr17jB2t9wol9+34EgKDKLwRhSSQqwkC2XA4A02V+MWPcQnFITiBqKzEoEQgJJhzllzJHbcjOf2DZUl2kCpIFRakEkNnbjT4+JViW+0GPYeD2AyYRX5T6mIHVN2eytpheODFjnlvWFykVAvll6NVpWH1zJvsnyw3oGpPYKr+oZ8/5d2kPXn7pdc0UmgVGhqctZVi0aCGeeuotXH899zpL5JenLWUoP63c13mqCpaecYbG5zylLJ87HKdgtfY0dH6H41TI3rdKMgzgfwmdy5FJottXNJX5tZ8vGBlDSVGR2xoK15WsJ5FQgikRqYk6iu8j8CxbapFkSvLEwsqA8RNEIoww+4sQIryQ/lLxRSeo/NIGUJJhgPAWYqj0QqFQKIGDCjAUCiWsGXCd6wtzyfdlITdXcj8bSgE3Cab6F+7l+4qqX8UdEicguZ+N3vEUSoDYtG0n8+jC+9gPXngByTdMlt2HZCXZtG0n4+scN06ewMLDHDt2/uDzHMGYV6/xg7U+waaiQmyy1tR4znBz5EiB7PazZ8+ZQnwRIiyJ1K1bF83rIIeWtTETcmIEue1JmFi37isAndps3OvWfYUZM26TjcHTNqVyU6EYgzcYKcGEa+aXUXHxbXr+5tPl6No9EeX1DWg+XR5y7UYfnxaEIszGrXuypmSOWSNsJ9lfzCS/EM4//IxIfqmoPIfO773itg+RX07MmMdt/OkZAMCtt2SI5Jd/l/bA19+Iy9TceksGL7/MuCYWALD8R/q9Q46nLWV47fXH3bZpwUgJRk1+IRgpwYSy/CJFKkeoCTG+0Vvn/YITw7LWPzt4kkmIBFNSVIQBqalBEWCI+KIlXp/eYySSjFSIUcjOskZ15XuloSRvJy+8KGV40SLoqMGA+gBtEakIIhViwvlYKRQKhWIcVIChUCiUUCBxgkiCUdyHQqEEnJKjRxATE4PSzdtQunkbL2GUbt4m2kcP1OYwEqPn1Wv8YK1PMBg4cJBi25EjBUhI0Jbibteun/Duu5+Z9iTMSy99yDzyyFz2mmtGaNq/pqZK9dirq+tNf9/6mh2Ek0ho3HICiidccReETQzeIJRg9CSQ8kuRIwIAUOZ0+jwG19cS1p9ZWJZdyzDu/wzXWh7o4+8rsu4D1gCnRNtCpd3o4/P+/iCCy56Q+TFETn4RSjFkWxPEssyJ1j5y8otQihEKMcLty+lXDjfKT5/n1okplGz33PdSyzkAQH11SVBiz8lZRe9AH/EkxAB6SDGhwTJBhk9vRBKyLxFhAGBAaqrx5w2KinyK1+/3/lYpRS0zjFBoSUtLc5NhSvJ2eixr5K/8QqHw5yioJEKhUCgUHaACDIVCoYQA10+djC0boCzBJE5o3WcbXSwKJcDwGUgATJxwrUi62LHzB34fLWORcYRj6z2HkcemFL/R4wdrfUIds8svhHff/cwrCSbUEZYN0iqTBFt+MVvc3ggowrjDLQZvIBKMgWMbxmsrV/g9/oqcrW3mPUKr7KLUl2GYLKUxzd5u9PGFO4VlRSCFCeXkF4ATZCoefsYtK0xhWRHO9u7P35aTX4BWQeaWDLesMGcddvrBrRX76Raguxf7Svhx0z+zghn/li2rsui9qB9yIoWcFNNWjt3X/oFYM7+lFz8j9EJQCdpnIhYsfVJTKBQKhULRBSrAUCiUsKXdrw78Wim+DSQEcC59UZRgWuUXCoUSPIhc4a0AIuTGyRPYhfMXum2TSh5E6PBlDj2PTTq3p/iNHj9Y60OhGAERIQ5/7/oBsG8/V5mC48eqaNweEMagFkfffnGGiSdmiMEbwqVEkZGkpqTij5s3ibaNvzUbB5Yt1dT/0e/Wy/6y88606Uwg5tcDT7KH2duNPj4KxWhs3SMwPCbSsMe40UycOHGNN/v/8MMP9L3JSwKZXYSuGYVCCQXkyirRTDMUCoUS3lABhkKhUEKIe+6bh08+BuIl26pr7HRxKBSTQMqvVFSUa+5D5I6i4mI+Y8nECddi4fyFIjFk4oRrRf2ksofRSOcXxqYWv1YJxdfxzbI+oUSoZH8htLUsMICyLKK0vbaqufVapzYbNxmrd1xX2fmFAoqn7aEcA8U4ioqLsPKx34m2Zb/9D//7T5sekPkp5mRR9jjRjzKvrtxl2vfn+mefBwB0br3d+b1XIC0uqNZ2y9/yRbe//iYHXyvMpdbWlonq1AEA0O+XY4js0FN2n6ZLp3CsfT9+X7Nw7bXXsk+0P+11H6kEc+2112pKE0HlGQqFQqEQnn/+rwCA4uJifPXVcrogFAqFEuZQAYZCobQ12JRE/QZ796XsgB9Acj8bSo/Z+esUCiW0uXHyBHbihGt5uUOaEWXihGuRmpICACgqLgYQnLI+0jJDACelkLjU4teaCcbX8c2wPhSKXhBRpLypDomRMaK23P37AcBte21VM3rHdRXIJG03bjJeYpp4e3lTHcr31yF95Ei37Tim71qYIQZKYMn4+2trMt943ef+mW+8TnP+t1EWZY9jZ92YDtvoVACAfW8RFmWDNbMEEy78ZK8B7DU+9z9a/yuO1p/1uf+WLf/yK/7IDj3R/rkH0Dl2EEp//IY7P3DNLThfU4DIFz70WC5l7oSBqnt8tvMI42tfT2P06SyWXhediQAAvHqluGRT9fkLbn3lJJo3f+FqQkm3y8kzFAqFQqFQKBQKJfyhAgyFQmmTxPVJANM5ye9x2PNlqKquoAtKoVB4EuK5UmveZIABIJI7AJcQQuQYsg9pC8axqZUrUovf6PHbmvjS3OzEvn0/qu5TWFik2Hb6dHNIZX8hkCww3bt39fnYm5udpj5GR8UhlA8Z6CaKAJxEQrbLSSbCMdpi3I6KQ4iKks+iIpxXGI90H0fFkZCPgWI80hJEqSmpyE5NRZK1N7+tzFGLUXHxsn317t94uIjeKSGObXQq7HuL+OvYlGv6mKNffh6AKyOMp9tSvvn9cACujDCebutN7UX/nLP82l807TcmQem065W6HEfn2EGy28546Dd3wkD20e6RiJ6Ywd1PO3Jk95ETWOZOGMjO7tgJfTp3Uu1fff6C7Bhv/tIdT5w/jRUxwwAAlTV2PP7IkwCARe++gfhYGwBgTt1BXmyRg0g0i85E8P3ffPcNXqKRk2coFAqF0nYpbj1vRKFQKJS2ARVgKBRKm0QP+cU1DhVgKBSK/0gzpQjlEbOJHXJZWNTiN3r8tpjxJTb2Kv56Tc0JWCzdFPd1Os9iwIAB/O0ffzwQ0scuPJaSkhLRWkiRrk1NDX2t0Zs0a08246aBfo+TOiwOaejJFjpOMb7EkDrM/xJCGTcNRNp/fYuB0nbITk0V3V5ZVBTU/nn0LqEEiYrKc3y5Iy23pfy7tIdXt/VmrKWjavtu50XVdmv3vqrtjtPHVdsHDVLvX1Bw3JDjJgKLJ2Z37OQmsAjlF0/06dwJsyEv0hD5BQDiY21YtWoVf120j0KpZ6FEE38lRP3fgmd5hkKhUCgUCoVCoYQ3VIChUCgUCoVCCSLCTCZE8gBcZYCkmU/MFjvgklH0jt/o8dsiP/54ICSzvxBIFphrrhlB70wTkGbtyf79/eewbt1Xuoz39/efQ9pD3gkoJIaPPlgatBgoFArFH+x7i0QlkEKB+mefF8ktnm5LkWZ28XSbIs/5mgK3LDDnawo09a0+fwGQydzCt3no26dzJz7zi1wJI60ZWPrEigXW6poqTf2EEo1sm4I8Q6FQKJS2SUpr6WyaCYZCoVDaBlSAoVAoFAqFQgkyUgmGECpyh9Hxh/r6UCjhCBFP9MYbAcUMMVAoJCNLmaNWtH1fVaXivnr2p4Q2h5suA5tyMav19upNudw2k7J+zw9+9T9xaDu903VGKLxolV8IRFIh2VKeaH/ap77CEkZaxpBKL0ptlRokFl8FGgqFQqGEF+PSp7G+7L8r9zv6nY9CoVDCECrAUCg6U1wOFH+0zP8xyltPDG2lJ4iMoHffvrqNVXmM3kcUCsV/hJIHEHpyh9Hxh/r6UCjhhFHiCUGLgGKGGCgUCkUPznbujtWbcvnraGo0ZZzPHqxhACArK4sdMcIGADhwwI41a9aIXieV2p/10A6N7f5Qfu4Syu3a6yH+JNl3/ZGLXs334Z4W0e2CguNelTbasuVbt22NFy4hEZ3RdOkUIl/4EAAQ09r2C74HADRdOgW0j0LjhUse5xAKLG96EFjKr4jBqot1otukr8NxAr+ZcwfeXPEFEi+L9xGSeLkOtXtXyvYHgP8I+ifK9CcoSTRkeyXNABPS/P7hh1V/yP7be+8F7PMZwzBgWZbeKRSKSSEiy/Ll7llJ5827DbfdNg9ffbXcLfPL8uVfYd682+gCUigUSphCBRgKRWdsHYGk5D787bLSal3GsF+ka6snezcto4tAoVAoFAqF4iVGiycENQHFDDFQ2i4ri8QlavK+Xim7X9QQ+WwtqSmpuvanhAe9BraWsTlSgMW3ZGJR9hVuv7a+uhKmfC1iGGam8PbMmTMD2l8rtRdZv/qc+UXc39pdve+ZFvH+TQ31kj3U/5TT4La/mGPt+wFKh9Q+SrGfVGJ5/DGxwLLq6zdF+zIMM5Nl2bVk29/+vU003m23/wa/mXMHAE5e+ceb7wAAzjefAwD87x+fEe3vTX9bXxtuu/03bscglGhmPfYyHz8A7GmNP1Ehfop5EUovloy5uCmFk58G9OsCACg5xj2m/ltcJ9o3kDIMhUIxD1LxxW63i9qff/5/cdtt8+hCUSgUShuFCjAUik5s3rodto7GjW/ryM1xQ+YkU6+DHtlr9Mii42l8vUmgTwEKhUKhBJCamhOi207nWdX9S0pKwur4hccjXQspntaG4h/NNSW6jtU1doBo27fr/svePOMmxuwxUNoGjYeLUCSz/cCypVlafmAded8CVq7//o+XaHp8KfWnhDa2hDjERXE/9OY2HeZKIt2Y7mofbR7piWGYmTNnzkRaWhL32D9gl91P2C4UEPzt7y+9O7qearudFzXvS0SYuO6ubUdPlKr2F+5bdZrr379/P37bDz/sUe0v3Pfo0WP8dfvpFtzSow5Wa6xqf4ejBt+ejnS7/yZOnCiSUKQCyleSNtJP7j44caIO/3jzHfzuiUcBwE1+qampVY3RU3+5x5+e8VPMAZFZLBlzRdtrWzpg0uAO/O0B/bpg+89cViPhvqQ/FWEolLbDuPRprJL4Aojll93bNgAAUlJSAMAtEwyFQqFQwhMqwFAoOmC0/EIgEszdOpbvMSJGf7PX6JFFhxI6rPruR8yedg1dCAqFQvGCAQMGyG4vKSlBbOxVsm1FRcfx7rufhfyJ4Xff/Yx55JG5bGKi/HE6nWcV16emhn6m0JuusQOA/fv1G0sGTwIK1++HoMZAoVAo3sIwmDklk7te1chl5Ei/ZghyfzyMw99sde3Yen3DlrlBjpeZGYy+pL/eAoOc4CLc5gk5wUW4zRNygotwmxJFtmswnwWWOraq7jefzQRswNy5c9nPPhN//jtxog5XXcVJV199+R9eFPnqy/+I9pHeBxMnTpRtJ+IKIJZfSFYWcv9729/W1yZ7//sSP8Wc/P7hh1mp+ELYb6/GpME2t21SSP/fP/wwSyUYCiX8IfKLnPgCyMsvFAqFQml7UAGGQvGTTz9aJpJfLldUoLSigr+9veYcnvJyzNzdxbgsGAMArkjgcozYOnJzpiSGzhppzV4TKJEIgK7rZ0RGGQqFQqFQKJRQwOjsK6ESA6Xt0HhYPgeLlh/4R9w7X7a/F3JA1oh756+h90J4Ya+ogi0hjr8OABu37skyc8yff54b1Pa2yty5c1kA6B8XjflVmar79o+LxtGqer6fUII533xOVkARbpPLwrJjx46s227/zRqhsCJEKr/8Z8UX2LFjR5av/W+7/Tei/v7GTzEXv3/4YfbOh/+HL3G0/edLboLL9p8v8VlgSPYXISNtffj2kpT/MUSCYVmW3lkUiknwJL8IIfKL3eEAACz/4E26gBQKhdKGoAIMheIHxeVwk1+M4nJFhUiCCTXpwlP2mkDKLwAQ1ycBTOck/78Iny9DcXlFWD6+4zv96vYtv/JCO11PJKz67kfZuR6/eSTe+nY//ecOhUKhUCgmJxAZYLT1+yGoMVDaBvs/XsL4k8niwLKlfksNeoxBMR9EfJH9zsnCVKVb1q5dmxXM9rZM1dmz6B8XDQCYOnYsv720iivHlByXLNpGJJi4bt347Tt27Mj63z8+o0mkI/KJsITVjh07sn73xKNB6e9v/BTz8PuHH2Zf+Pti0bZJgztg0mCbSIQRZoERyjFC8YUwoF8XvPD3xTQTDIVCEckvzz//Vzz//P/SRaFQKJQ2BhVgKBQ/UJJfttf4/08T4RiTYrvwcwglGG9LCwUCX7LXGJFFR42UROgivwDcOCmJFTjnCM/HePqYeNd9u6cybOaiUCgUCoWiDzQDDKWtwbLsWn/LuRiBESViKEY/lrCWYfZkTckcI/oxn2R/MZv44s9jXyhA+NPfH/5nd0XW38cmqIoTpBSSXF8A+N34jqr9SSkkKf/Iu5iFvD/j3nv/pNqflEKSsmzZn7M+/vgF/nZ0ZDSampoAAPVN9fz20qpSREdG8/sI24T3oVxWFS1rH+r9KeZATn4RIhVh/vHWZ1xD34my4osUKsFQKG0bofDy/PN/5beTTDAUCoVCaRtQAYZC8QFpthKp/LLux0K/vmRJ+8+4Jo1VkmC0lBYKNmrZa4zMorO95hzsx4/zt8sjgCQrd723QiYaX6g8tl12rkX0qUKhUCgUCiXMIRlgEiNjfB6jd1xX1FY1+50BpndcV59jSIyMQXlTHZVfKJowqwRDMf0jR+axhLUAmHB+7MsJDL721yH2LF/7AkCw+8d164ajVfU4inrFfaVtwuwveqxnqPenBBdS9kgLkwZ3QH7ODvzu8bkAgH+89RkmzZirqe+dD/8PlWAolDaMUHyRu02hUCiU8IcKMBSKlxgtv8ix7sdCxpMEc7eOQoe/eJO9xsgsOmrs3bSMPpgpFIqu3Dh5ApuQ4EpxlZCQiBsnT2A3bdvJBKJ/qB9/uK+P3lRV1clu79LFAqfzgmxb7959MG/eDHb58nUhvWbz5s1g+/UbhIsKmfC6dLEorg9Ff5prSjBjxm1Yt+4rJEbGeCXCEGGltqoZd2Rd61cGmDuyrsUXazgJxhsRhsRb3lSHGTNuoxlgKJqhP8JS2vpj35PIovQc8bd/MJ+3we7/2WefMXPnzmV96UcfuRSzMKBfF7dt23++BEBc5ggArpDs98Y6u+j2SFsfAJAth0ShUMITu90Om80Gu91OF4NCoVAoilABhkLxArlSPfyXNYPkF4InCUautFAw0Jq9hq0p43awJQV8LYUZaCjKVF5oh7LqKtFtvZk97Rqs+u7HgMxFoRjJjZMnsAvnL8TGzZtE2xfOX6hJ0vC3f6gff7DHD0VSU/ujR48or/o0NDTi2LECevwUXekaOwDNNSVIHzkSuTKZYIS35eQYIr+QsfyJQSjBeBNDeVMd0keOpPILhUKheAHN5BEcqMxCCVWE2V9IeSM1Rtr6YOveUyg5xv1B7tTJU8jM6CPqR67vt4v7TRrcgWaBoVDCjHHp01gAKC4uBgDYbDYA8FuEIeNqYVfud/T1hEKhUEIEKsBQKBpRK9VjtLBB8CTBmFHsUIs5EGtZHhG4Yw3kXBQKxZxMueFGFLV+GZ9yw40B7x/qxx/u60OhhCPNNSX8dSUJRgmh/ELG8jUDDIFIMIlpGj+/tcov/sZAoVC8Iy8vjwWA8ePHM7Rdn3ZPfSjhR2bGeNkf7bbm5NHHgN6E2IquXreb/cefn3XbnrM31/sjYfWJ6eCRYliK6/DfYvX9iMDC8TA++/Q97vH+m4cxaXAHTBpsUxVo9tureSHm4JFi+tilUEIcIqjMG2vH8t02AC4JBnCJML4yb6xdsc029St+DrvdjnHp01gqwVAoFEpoQAUYCkUjwZZfCJ4kGPtF862dXMx2B1eeIfEK49YykPdLWyF+wFg2uZ9N1zH/8fbrdGEpYUFRcTFSU1KQmpIi2hao/qF+/OG+PkbQ0NBIj58SdEj2FQKRYLQglF/IWHrEcEfWtZpjEMov/sRAoVC0k5eXxw4bzL2ff/bZZ+zcuXMZ2u5fu3BbXl4eSyWY8IaILy8+dBO/7R3nUjxqmS9qpyJM2yNjdDqnq/wZaD//fQDAy1l9XO2zuHafRJgAIJZfOKJGz3Lbj9unj8csMlKeeeb3Xuk8r776ShaAtSzL0gcXhRJgiPjS0hKBlhYngFYJ5qvluO22eSIJxijsG27jJRhpXGpQSYZCoVCCDxVgKBQPbN663TTyC8GTBLN563bckDnJVOsojVlKsNaS4jtJOogwZcfsdCEpYYW/QkaoCx1Gx9/WhRcha9d+S4+fYhqIgCIsh+TLGHrEQPAmBmH8FArFWISiBgDMzpqOt/7+B/bx/3mJoe2+t89f8DS/bdjgFFEfSniRmTGeJeLLO86lorYRqYsxf1cSXnzIJcJQCaZtQMQXIr0IqTp1AXE9OwEAXl29htu/VYQBAiPDTM3MYCc99KLqPk/OsLltk5Y7mjTYtQ/JBvPGOrvimJMeehFTMzPYDVtzmGee+T079+6FGNCvi6aYW0svrSESDH2UUSiBY1z6NNbpbEFiTCRaWrhtNmsE7I4WkQQDwG8RxmYVp3S3tt7ene+U3f/55/+qKX4tc1NRhkKhUIyDCjAUigpmlF8IWiSYu/v2NdV6Kkkwhq1lMD9ChvmfQ5J0ygKT1M9GJRhKyHPj5AnswvkLFeWMhfMX4sbJE9hN23YyRvQP9eMP9vihyPLl69r0SZJwPf40a08246aBfo+TOiwOaejJFjpOGbZOh7/PwZDrMkTbpBKMVEiR21d42+1z47qv1D9XrvsKM2bc5nFcTzGoyS+Hv8/x6v5LHRbn99pm3DQQaf819v6jUMxAQ0MDAKBHjx4AXOV71NqFWU287S/dx5f+/sbvT7un+IXb5PYHaGmkcEAqvzz9ZRJ3X//5PPKKHFjqHAfAwWeDefGhm6gEE+YQ8aVh0kOI6TdUdh8ivwghIgxgjqwwcvLL9p8vyW6TZoh5coa6BCNkQL8uRGzRtC+FQvEPTyKInAAyLn0aO2+sHW9usPLbLJYIPLHcgjfnOUUSDABehPEHq0CCsUqEGCEpEcV4/vn/xfLl6t9VtUgycutDhRgKhULRDyrAUCgKfPrRMtPKLwRPEsynHy1DSqK51pXEbLa1pFAoFH+pqKxAQnyC2zZhyR4j+4f68Yf7+lAoaqRZe7J/f/85j9KHVv7+/nNIe8hcEoxSmy/yi3A/JQnG21jkjs/b+++jD5aGzP1HoQSL48ePIz42hr/d0NCAot0HQTKYrFqzXrXd1/4AlxnF0/hq/fWI35/51eJvyBbLL7Oz78NLz/wOry35F33QhRkk68v4VKtoO7k9PtWKvCKHqCQSJTzJGJ3O/u7jr/HcJ9xnlrpjh2QlGGEGGDmEWWGCIcHIyS8AZMsbSbPACMfQIsGUHDvHiy3rfijDjGuTxJ8tBdu0ijLhhNasFWaBygLmf/x4EkHk+ky1FgOIwJvznHhiOZAYE4nTF4GICAueWO7a74mp3HOeiDCBxmrtrtJq0zSGdH3IetDHNoVCofgPFWAoFBmKy2F6+YX/cuZBgikuN9/6UuGFQqGEI1NuuBEbN29y2xao/qF+/OG+PhSKEkSe0JtgSjByl57a+M+JXkpAShKMt7FIj6st3H8UipmQZi+Ra+8a2cPn/p720dLf3/j9afe0z/YduzFp4ljVPmrrR1Hnlfff53+gq7RX4+2/vcgAwGO/Xyz7Y7GwPd7Wh9/+zEMP+f2a/qhlPt5xLkVekQP4Mye7jAcnv+QVOfj9Wr6MAB7irjMMM5NlWVrCJUxZ+j/TRLefXcOJI7+c/rF1yzRUnboAwJUN5tXtrgwHDadLgxa7kvzi61ieJBhvsrq0lQwwQgHhwXnPh2zsVBgI7voD8rKLzSZ+jlut3eFwnOZvL1/+FebN477LbdjwHaZOnaY6Z0SEhXuPa3Hy2+aNtfsU//LdNjx/s8Onvna7HXaVaceOHaZxJPH6kDUclz6NpY9pCoVC8Q8qwFAoch89QkR+IXiSYOwX6X1qRkqP2VEaoPI/3FzLdRuvT6x+JyloCSTf+fnnn922WTzsE+rtZqWouBipKSmyQkaRhnrE/vYP9eMP9/WhUJQwSp4gBEuC8fkzrY8ZcOQkGH+Opy3dfxSKWXjpmd8BACZk3a7Y/v5//utzf7KP2vie+vsbvz/tnuKXI3XsMH5cAKrrR1HmlfffZx///+zdeXwTZf4H8E+4LGAh3IVSCBSwgGjxgBYRAQ9QpKIrLngtru56/DzwWMVVV1y8r2XV9dhVwWOVFVcRRKuugKhQvIgHUKGFlEKbcrShpRDO+f2RPtOZyUwySSb35/168SKZ85lnnrRp8+n3ucr3Peb7X8qBU09VBV+UARfAF5AR66dNnQIAOPn4XPlYVoRgvG9nIGO6Vw68iP/veLsfnpy+BZ4NQAZvXUoT1V/0Krs8UuQbk39641vg3Vfx93dfxS2vLsTfP/oY3fs0v1/SBl9aXf0CxiN2VWAChV/0pj9SrtNOg6Q8ptnpkNKdCC8oQy9jve7kughF21k5I3ZjRtAGXvTCLiWKKnoAVKGR2bNnAYDhdEIut1euAgMAfbv7PrCpqW/hO1/TVEUutzem/SCmQRLBG4fOlEklmG/qWCIoI0JBDocDLhe/hhERWYEBGCKFzz7/IunCL0KwEMxnn3+Bs888gzc5kVR8jXEjc+SnW7Zvg6vlqKicynFkFfpl95afL19TiZxjgMoDLcM63lcrV/D+xZnL5UJ2drbf8gzNX4Zu27YtpdaLa09EIqShXRar/ZP9+lO9f4i0oh2eEKwOUTz88uv48zVX4qrpp8vLrAjBaMMvy5b+iodffj1gG8ZPOk61f6QhGG34Zd7bXxq2IVnvH1GieuGdpTYAePPNN6VA68PdX2wT7PiB9rei/ZGcP1D79Vx40e+xoeSWoH1Hgd15/fW2x194QbrtD1fh5ONz0apVWwDAgoWL/MIvgC8QU+najmlTp2Bk/vE4fHg/WrVqi1vveVCuDGMFzwbAPhh4pXALfvNqP9gHozn84szAHddfxpuXppTVXYTeXY7BE1dMwXEdD+Gaxa3jUvVl+8GuyG6zC0Dwyi960x8p1+lNgyQoQzDbD3blgNBROO5cSQRfspwrkNf0c3ap4udrh92ekG13eTzy47FNvx4oLS2VgzysnGH9WBGPQw28uFxAlvs6v2Ne92Lz2NIeU1SEmYjmsTh3hu+eK6c/UrUjK7TIp9WBmSyd87udM0ztK4Iy2iAMERFFjgEYoibJHH4RzIRgruzfP7VunJRal+M4sgr/KwbOmjjWkuP9r3gFHEdWWdrGclZsSWiVBw6k9PpEF2kgI9kDHdFuPwMvlMoaqzZaeizt1D6LPlwqTTl/UsTvZ6ecP8mGD1+XrAzBBAu/aNutbINVIZhg4ZdgfZcs948oId6vVu2QH2/evJnts8Dll19ue/PNNyW9aZDIGmuc6sqUeuEX7TrtPlYR4ZbnPK/gN6/2AwA5+JKhWE+pSVv9ZdvuA/jH17vk9Z07+ioOde8zDX/6YAr+dEERjuvY/MdPLxcdAuD7XeE1i32VVEQgJtpVYLYf7IonLzo26n106/kO3PHeXg4WHSL8kuVcIS8TwRdl6CUjK8uS83ndbkuP51A8VgZ2xPVcN2M2QzAWjBHxWBlQCSfwog2HTJmdgRkFLrhdXhS71X/g5HbvQVZWR8ye/ahcHWYiSuF2+QIr0/I8yHI0H89lYcEidwShmBKnBwX5dt3rDXrepqBMCeaHMG0SERGZwQAMEYDX/zUv6cMvQrAQzOv/moe8vrzniUyEYH73+xkRHSca4RciIiKKjva9BgE//GDdsXTEIgQTqWDhF702KEMwVrQh1PBLc59/Gf37B4ZgKDWceLzvQ4/vSj4EAKxatSrgnzasWrVKGjVqlC3Q+mDnDLSNdp22fZEc24r1obZfGFxworwuUP9RYHdef72t6JLp0l133g7AuPqL0oKFi+QpkB57/CksfudtS/p/1eofMKrwJPn5vYVXN68s9N+WUtfdi/WrpNTuKUfnjrn40xm+D3S73/Yprlksgi/+tIGYHVFsczvnK8BFtwTcJtD0R8ptjKZBUp5rX/7VqmUby/Zh0IB22Fi2T/VcPNbbJpXohV+AwNVetAGWUJ9H83ii3cqqMFnOFQzBRDA+AOPQSziBF9XPb7Mz4PH4vi5lOTIwEb6phGbPflQ+j9u9BwUFJ8ptEEEYQVkZxgp61WDMVIjJyyjF/JI8THT82NTujKb/g++bn69+vbljPIUTEVG6YACG0l5pBVIm/CIEC8GUVvC+J4LKAy2xfE2l+oe33r7h5jiyCq+9CuQOcIR17Ndena8Kv7i2SXBtq1SdO+eYI2G3Pdx26WFFGUoXNpttsiRJS+K1f7Jff6r3D1G0K4hYzSgEEwmz4Re9NihDMJEIJ/ySjPePKNGIwIlRxRWxPtz9xTbBjh9uxRez7Y/k/MHar7fuwot+j4fvvAVPvvwGB5kFFixcBABBwy9iG7G9lba4PAB8wZaTMDxg6MW3LaWS8SPGSbj496qKL3pE+AUAdmxdgO59puGaxa3xpzO8OtVgoH5etBTjx0avCowydKIn0PRHym0CTYNkFF7ZWF2DjdXGz42WEaUybfDFKPQSauDF6fTIYZL5JQ54vRkAmr82BQvBAEBx8ceq0I02EBNtjokLOECIiJIUAzCU9lIt/CIEC8G4DvLeJyLXNkkVgikvC/0Y5WUuv/BLNPSzIASzheGXiHz99dfqr2cOB7STnG3fvh0ulysl1ieqT1d8bTtn7GnS6NP0PwD+6usv8dkXq4qitX+yX3+8j0+UKGJRAcZqVoZgQg2/6LUh0hBMuOGX5j7/MqnuH1Eiqa2tDbq+fYfOYe8fbBsz+0fa/kjWm2n/GaML8MVXJdCbBilY/5E5FVvKVY9HjxuDStd2ORAjHn+1fCX69stVbW+lZau3oF/PTthSXef/M7bLgy3VdejXsxNvWIpq1fHUgOsfKTIOaD3xRYZhJZho+mTZ8iLgusUnnHwqNlbXAOgRMAQTiY1l+5rOAZS9cl3TuYGfvv8Wl1/5B7m6y8bqGgzq2UNVAUa5bGPZPrz8/bcpM25E9ResWAQEqPiSElYsYhUYk2MC8A++BAq9GAVelGEXrfklDnRs0wZendWBQjCCcmogZXWaRJCV1VHVL8ECQUREFMP3zOwCSmdS1RbA4ZsvOZXCL0KgEIxUtYUDIAFUHmj+yxtRkUUbgnG1HBXSMY3CL8pz6T03K3eAw5LwC9AcoqncWMLBEKLnn3++CAAeu2rMYvl+u+AXIHG5XPK2N9xww+JkXN93/y/y87vmrSwCgH/84x8JdT9ESENvnZlwRqT7J/v1p3r/EJmRrBVErAjBhBt+0W9D97DaEEn4JZnvH1E8bN68GTm9fK/VDU0fsDx8p29KjNOKpuvu8/Cdt+CFd5YaHjPY/mKbQMcX++u1Lxgz7Y9kfSjtD6f/KLCiS6ar3odOmzoFCxYukoMuSmLZtKlT8NjjT6mOEek0SMuWry7CuMLFg5vCL/16dlKFYbT/e9tm+PYB0PO8y0L6y5jqj/7ND40T1OE93xqGYET4RVnlpXufaaptrlncOo4hGCwecXaRXGVFGUABzE1/pNxWOQ2SMvgC+AIvIvwiiHMNGtDOd37FubXLohXQIYq3YMEXK0IvwvwSBzweLzp2b2O4jVEIRjAKw8Ragv9tHhERaTAAQ4TUDL8IgUIwFHeqcVZ5oKVkFIL5XzFw1sSxAQ/2v+IVwcIvIY9ro+ox2b0clnWCqAITrUo16aB357YAgK3l38DZ2KhaJ8Il4nHnvn0XJ9N6W9U36J3bBQCwrXZ/Yr2AbTa91/TkEPexcv9E+JoWzfZbdnxJ4tcbSjyiAkzfDt3DPkbP3u1Rva0x5uEJZQAlHJEETxKlDaICTM/e7cPux74duqOifkdKhV8uvLVQ/oL7/t9W2wBgeGFhXL4Ir13tO79em2Ip3tcfb7U71qNz9yGqZYMLTsQttz9SJEnSkmee/rP08J1v665/oWl/o/WB9m+aKtEW6Phif732iakWwz1/pOtDab9YP7jpQ6IXF35UBAAv8FttWIoumS6NHjcGXy1fCQAYPW4MAOCJB+7FJVdehYot5XIFGFHx5YkH7sX3v/wC7X6RhmAkSVpis9mKMK5wMdpm6IZe+vXshA2e/YAi/CJJ0pKe512GIVc9hS2rl6mOud+zBW3t/fyWicAMgzCJ5e+vv41brpyOwxf7V4JRVn75dY9yyuvWfsf5dc8RVUhGNebHTkK0pj/SMgrChHQMTfAlVYnQQrjk6i/pIsGqwER6/6y4hlCCL+GEXhyKfVxuL+aXOJCXUYoSOOTlGRl2zC0GZk50q/ZVhmCUbVS2E1CHYRKBaI/bndH0v7pv8vPt/MZFRBQnDMBQWnO5D6Bvi9QNvwh6IRiX+wAHQOKxBQvB/O73M3R3jEb4JZCvVq7g3UpAfTq1wynXF8C904NttfvlailKD1ZUBKyWkQjrH7tqzOLendsiq5sd3/2adJNvL2n6f3KAddHcP9mvP9X7h8hQY9VGnH/+NHz44QL07dA9pCCMCF1Ub2vEpUWnx6WCiAigRHyMJG1DY9VGXFp0Ot5a7AvBhBKEEfe6on4Hzj9/mun7pwxSJEq4QRAhk7x8h2qZqwRYMHtiXNo0vLBQchT4twmIbhBGG3iJ5/Urn8drzNx828O2N998U9WWW25/pEi53mazqb/PL/wIsVyf6O0zvV6xnKzXqlV46yIlh2AAjB9XuFiEXZT/i+CL2F65f0a/wfJj75YNhsva5k3yvcc47zKJIZjEsVT6xtR2Itzy654j2LF1gV8VmCe+8H1YG+tKML6KLPctvmbWHNVyEYT55rPF2Jd/NQAgu80u3WNsP9gVAFD3zvNoqNP/9cLLj97nV/0lmRWOO1cqGns6fj/jzPDe386YHfa5M7KyInoe7ePx/plvQzSCL44AU/7I731neTHtUaBv9w6oqW8Buz0Dc4t991UZhBEhGAByEMb3WD8MQ0REFPDnNXYBkU+qhl8EbQiGElbAEMxrr/qmIFJ67dX5MQ2/lDdVbKHEkdXNLv8fKPySLO6at7JITO10ynE95eWJVgEmSBWRSMMYyR7mWJLkxyeKufa9BqGxaiPGnXQSlutUglE+1wvHiPCLOFY8RBpgSeY2iPunDMGEcv8q6ndg3EknhRxeKp7om0ZyeGGhJAINysfxcOGthVJWll21zOP2AIhf+EOce1ZxMTxuD+xN7RPtvPDWQsmqEEyiBF70rj9QO+M5ZrQf0GufB9ve6vWJ3j6rr49C9/W33+Lk44/3fU1XTIHUt18uKraU4/Bh3zYxeM1E7XWb0W8wvFs2oG3eJIZglN/jrvmj5VW8eh1zjN+ygbe11b8vAIrePhWLp7+qqgKjN/WRoA2/KGmnQ4pF9RejEIyWCLqEKlXDL7Hg8njkxw6Lj+11u61vo93O+xcibfglWPAF8A+/mAm9NN8jYO58N+bOsGPmfF8IZs9BXyUYAJhb7NtOBGGyHL5jiyAMYByGSQT2gr/5HuTlaTptBr9hEhHFGQMwREj98IvAEEzSCBiCKS9r3rC8zBXV8EvTMWIiludKVakQfhGUIRgR8CEiSmWNVRvlx0YhGCPK8Is4ltkQxY1Xj9L9IOe5V1bxg64w758IwfQdYm5fEX4J5/4BgD3PjmKUyIGGkpmlcQnBiPM7CgB3U+BFa+6CBQCAmdOmxfT+iPOi6YMSEchRtlO0P9x+E/svmFmQFGNW285Irz8U/fv3R2XVDgDAaUXTE65vzLRv1apVEgCMGjUqKv0V7PjRPj9pflZ1bfdb9sy8eejbLxfTpk6Rwy7Tpk7BgoWL8My8eaaOQcnlwmv+KN113bXo3SXHsmM+8uQcDMo9AxvLv8Ddd9ynWn73Hffh3aNP4uIWd8j/A8C23ZVYDN+YO7znWzxxxRQAMJzSKJhrFrfGn87wxrQvRQgGAIIFYcx6+dH7FMdODcrwxOIVX8oVRNrazQUQ9nvM3VcRKlEGSqyqvCKCL1Ydz6HT7nS/f+Fwu/egoOBElJS82LTAOAiTn28HFCGYUMMwBXkZWFDswdwZwMz5gN2egR4djqKmvkXQIAwAzHC45MfKMEw85GWAiIiSBAMwlPbSJfwiiBAM73zCCxiCcbUcJT+Wf/CzvvKL3/6VG0ticvHvf/wtR0AYUiX8IogQDAMwRJQORAURQYRgzFCGX8SxzLjx6lHSoD49kZvbDQBQXr5Tta56WyP++8mP/HA1jPt3adHppu+fMvwSyv1bu3q1bXhhoVSSVyqHYCYWFwB5YwG4Y3btgYIfs0qa3zs+OnEi5q9YBMAXSIlVCGbuggWwN/1yfuZYXxUYuU0FijYXqK/HbBAk2YIvRkT7YxWEOfF431/KflfyYUL2R6D2rVq1ShLr33zzTenyyy+3tK+CHT/a5yd/FVvK5cdfLV8pV33JcWT7bZvjyJbDLsr9lI8p+Vx4zR+lZ+95EABw00P3WnLMXsccoxt+ASA/F6EX8T8A9O6Sg9f/8x9c+dvf4okPFsvLf91zRH6sDMPoTYGktGPrAvzpDQDvvorjZnbB3JF3SjNzH4/615XmoMp9i1Urvv8WA65+MeC+Za/4Pqz/6ftvdY6XGrThiWhKhkoqgdqdiEGYWN6/cIkQDICgQZj8fDvy4V8NJlAYZkaBC/NL8jARpZoQjB0eeNG3ewcAkKdF8noz5CCM/D5+hvp8Mwpcce2zEie/HxIRJQsGYCitpVPwhdedlAxDMEc3f+Xbom8LeZ0QjWmPiIiIKPpEiEI5HVI4xzDjNxNOlHqivRx+0RrUpyeAavxmwokSQzCh3T8hlPunvPdhyRsLO1agGCUApsTsmocXFkqBgh+PFhTIVVcAYMZYX9vmr1gUkxCMCL+I8wK+IA4AwODDEmUQJFgIJNj1J6NQrj8dKcMnAHBh0Xl45uk/Szff9rAtFseP9vlJ3+hxY/DV8pXyc2WY5WvFdl9/+y0qXdt1wy7aY1Byu/OymwAAOxob4dq4zfR+Us122HpkY2P5FxiUewZWrP8UIlgTqtf/8x9ceUGRKgQjKMMwRnZsbaqO9u6rAIDf3ub74Pva3N/G9OuJfnDlusUAcOJxeZCOzQQA2PY24MdfSwPskzq04QmHYyJcrmK/7YwqhJitMKLFKZCS+/4Fsnr5x7bCcedKYgohMRWS270HAAyDMIA6DCOCMEDgMIz83l8RgnHYgQXFHhRkeTBtom9KJKB5WiSgeWokAPB6ffdaGaxxub2YWxy4mpCoIqP6mSCMfYiIKLkxAENElNgMQzDym3+GX4iIKIE8d+8k+RvTjQ8u5fekAH5euQzDxoxXLdOGYLShCr1tlc+1PvxwgeH5zx13guq5CMN8vPwnDOrTE4P69ET1tjLeKAMffrgA558/Leg9CXb/AoVffl65LGg7PKUe2PMgh2BQugJAXtSvP9zwh68CSwayEJvpFkq9GZhVXNwcfDFpwcyCgCGQVAy/hHL96a62thYA0Llz55gdX0x7pLdeuc4Ip0sKXdEl06XR48aolokgy3tvzcNFl16Fii3lckUYEXwR67Shl9HjxqDokunS4nfe5r1IQtt2V1o6/REATDzrTNz00L1hh2B+e9t1+NMFReh4wkDV8nvnPKV6LsIuHTc2V6LoCGDPT5vk4Itw/VsXS8eN7A8rq8BIkrTEZrNNNru9IuCyeOof/g8AsPBf/wgr+CJJ0pJkGmd+4Ym8KYA3uu+ZOAVSct+/kN4Xl5aq+zNYEAYIKwyjJIdgsnyVYACjIEwb1X4VOoebW5wlh2S8Xo/u47nFvsoxwsz59pD30X2d6Fyfp+TWpoHeg98kiYgSDAMwRESJzy8Es/2w78t3i23Nf9XD8AsREcXbc/dOkn57UTZ2bjkoP2cIJrBQQzBG60IJv/xmwolSz97tA7Zr49bqpiowYBWYAAKFYEK9j3pjw7TSFU1TH8WGUfhDNeVRQQHmr1D/kr00w4O8fIfvsdOF+YuiO72m226XzzeruBh5Xrtq/YyxeX5tVjIKgZgNv2ivP9HMGBs4KBWtEMzmzZuR06s7AGBDyY+w2WyTE+kDykDtU64DfEGUDSU/RuXc2uOfeHwe3l/8ke76q6+5g1+QY2j0uDG46NKr5Mci5CIei/ALpRZl+OXNd/8Z/oH2+sLFG8u/wAm9RgOIPFxzzFn/UD1/8L7/kx93NNiudk858NP1fsfKbzEV+/E9b3gc6IYnYiBQJRVtgCXU59E8XqJNgRSv+2eWqAKT5XUCM+aq+9IgCAMYh2GA5kCMMgwD+AdilJVgAKAgLwNut1eeFgmAHIQJpkeHowB8ARmjx1bso6cgPwMlTi+/WBERJQEGYIiIkoMqBKPF8Ev6eeyqMYsBoLy6Br07t4V4LJbfNW9lUSpfH8c7UeIR4RcA6NbP99db49GNIRgTjEIwev8HWycEqvwilJfvVE2BVF6+E4Bv+qONW6uxcWs1AOBA1XbepACMQjCh3kftmDBj7erVtuGFhVJJXmlT5RdfRZh4mFVSIodNxHNkAA637xfjriwvsrLs8vqsLDtK3R55vdWCnc+V5dVtszYEEwq9wIvXk5i/JM+wZ/i1N1ggJqo/7CRYCCYR2yeqvoS6Tv6a06EzKDyVru1ylZevlq/E6HFj8M7r83DJlVeh0rVdDrtUunzfL995fR6emTcPXy1fKe9X6dqOHEc2OzNFdDjTFxzZX/+zavnRmnaq5y167AMA1JQeVC3v3PANzjn3Mnz68b+RM3AyHnvxJb8qMMFCMUvXLAfgqwLzn6fPQffbPpXXaQMxfl8z9pTj8CvX+1V/Edp+ezLmlt8pWVkFJhK7tpan/JhK9PAEpcb9EyGYFfNnNr35m6tarw3CAAHCMICpQIwIw4gQDABVEGZBsa8SzIJZ3qZzG793njvDowrKVOyo93usreQSzj56HFkZflVgsrI6qq5bWSGHiIjiiwEYIqLkoRuCYfglfZ1yXE+UV9f4Lfvu12peHxHFTYculQCA+t057IwQ6IVgwhUo/KKs/iICLmacP6yr9OHPu/h+I0Cfa0MwkYwFM4YXFspTnvimQbLL64onlsjrra7eoVf9ZP6KUiAD8Lg9sDeFTkT4xAV1yMXj9sT03uidTxuOUW43f0WpKgiirYJieP1NEjXwoqVtpzIQE+j6KX4evvMWnFY03XBdMC+8s5SdGAYRavG3H++9NQ+HD+/HJVfeAAB45/XnAbQFsD/EY1Ey6pfZHlswDI2bjMMZR2vaoUWPfeiR1wbebT2xZ2+FvK5HVmsAwNC++1C5Sb3fI0/OUT2/+477DM/RbsduXHX5VMzThGACCRR+UZpbfqc0E/ELwTRNebRY8TjlLV7xJRyOiXyB8f5FjbISzIr5M2G3ZwBTHlVtI4IwgHEYBggeiAGawzCLit2YUeDyvXdWBGGUIRjfzxCBQyQiKGMsw5J99LjcrP5CRJQsGIAhIkoutsoDLeUPOxh+IQDYVruf10dEMXfhrS/J34/e/9u18vciEXwR0yCRvodffh1/vuZKXDX9dHmZFSEYbfhl2dJf8fDLr7PDo3T/xk86TtX3kYZgtOGXeW9/qXv/hhcWSi/OAK6b7wu7KNnz7HIVmBdnIKrhhfkrSuHxunxPMuwAmoMkbk3wxOHOgAseOXjidntgL/XCg+j8ItnuAdya8ymDOG6DII7H68LcYhfsGY6gFVHCCb544lSm3x5gegNl+42CMNGUyJVfEql9L7yz1Pbmm29KRuv4ldl6ffvlomJLuVzFRRBTHt181TS0atUW7701T153+PB+PDNvgbyNUsWWcnZqiumX2R7re+zzq/yiVFN6ED3y2iCjdzUy4KuSeOhb4I1583HFVTPwxrz5yBk4GTc9dC+evedBPPLkHLk6jAi+PPLkHFUIRlR/AYB93bvIj0u/fx95J18Y8XU5jy4E1gAvXPquDVJ8+zhdgi9EgRSOOzesV+Lq5R/bjJaLEIzH44Vz0SzfCk0QBjAOwwAmAjGAHIpxNAVbRDUYAPK0SA47sKDY9x5ZBGGSgegPd9PPGG4GZIiIEgYDMEREcfL+x9+Guyt/uUkq2iopvD4iEi64/wLpg0PP4oLWN+GDBz6w7PvHhbe+JOWNnQZPw275+ft/W/rIc/dOusy2uLKP2E4qygGnP9I35fxJNnz4umRlCCZY+GXK+ZNsb0z4swT4pjkCfFVglI8DWfThUmnK+ZN4PzX3z6oQTLDwy5TzJ9kgNYdfMuwZQFN4xJ5nB/LG+jZsmgoJ8G3z4gxvVEIwIvxib/pldobLF3ARRNjE4/E0h1ziXBZchE/snuZAiLbNGY6mdrtdmL/COAQiQiLBgi/xCrwEa4dRIEYbhIlGCKZ///6orNoBAIYVTeIpWPvEOgDYvHmz5eeP9vEpNKPHjdENswiHDwcO6ytDLyJQQ6lhS0Oj/LiFiRBMx2P7ok3rPegzoAu2KNYpp0K66aF7MWPK71XhF7N8UyG9gB1fvGBqWz3tduzGvu5dkN9iKgBrK8BIkrTEZrNNjuU9SvSAJZFZ100PPdj24tvvB1yvDcHY7RkBgzCAOgwDBA/EAIpQTFbTMZwzfO/BFdMiTczyVYIBmoMwREREkWAAhoiIKIn9dmw+r48oTV1w/wXS27svAQBM7/KOX8Bl/OVnS8v6vIKv367DB9Of9T1/87OIf4Etwi8AYM9s+ovTk8/Ghbe+lHfW55XtRjgc2LXD9+Hd5sWVwIO8V0YChWAipRd+AYADVdtRjWwMaoopDerTExu3VqN6WyPE1EhC9bZG3iST908ZgrHi/umGXwxkOLIATRUVe54dKLb+msX0P8rwi9dll9c73Bly0EKvsou91At3U+DE4c4A7NENxNjdzQEXe6m6PcowDNAcCBHXY3d45BCMmAYI8D0OFH4JFngJVoklWrTtChaI8Xq8cggmGtMgnXi8L1jzXcmHCfn6Dta+aLdf7/irVq0y/OvvQOuEUaNGMcAYodHjxsjTGIlQzGmnnqra5utvv8VXy1fKVWNyHNkBAzSUnPbX/yw/7p3pq364DZW62/bo0UbeBmiu1iKqv1xx1Qw5BGMUfjEbhjEzrVEgymoyzqMLcRz682anuYysrIieR/t4FBltCMb3nlARhAEMwzBA8EAMoFMlBvN9+zpnqEMw8L2/dtjV0yC53d6Ee+5qehudldWx6f8M1f9ERBR/DMAQERElofLqGvTu3NZwHa+PKLWNv/xs6UP7DKz+dCcA4O1zLrEs4GKWvel3kR637/+zPv/HhSOafgHWtXt338IdO/CPE06Q/u+nn/ihmwGjEEwkjMIvSspqL3pBF7HsQNV23iST908ZgolEKOEXAMjI8DZXfwF8jxVVYKymnPan1JsBZHlVwRe/rxWaYIXdHdt7JE97pAnbGAVC7HY7XFlewJuBrKYQj/KajcIvZq8/XrTtCHT9gjIEQ/F34vF5hhVhRGCGouvmq67CM/N80x2JYIsIxAgVW8oxetwY1T4MwKS2bQ2V6J2Z0xyEafAFYZpDL1AtB4AOZ16PN+a9oBuCqTpwIGX7KpZVYPSqv2ws24dBA9phY9k+1XPxWG+bdONqej/gsPi4Xrfb2vYlyPurWJs44cSg2xR/8mNIx1SGYHzvCX3VYASzYRjAPxADGFeJKcF8vxAMAEzMKvWbSiiRnhe7fe0U0zgV5KfnWCQiSnQMwBARERERpbCBIzpG5bgi+CKmQRLaNv3Sa7/Lxc43ycoQTLDwyzWPvIaX7/4dqpENAKqqL9ogjDL8cs0jr/FGmbh/kYZgQg2/zJ+ZgYK5eRCVxYWCuXmYPzN6f4Ho9XjhzrIjL9/3ei91uvwqqRhZ4fLG5T6Ndaj7wygQ4sryqq4rw+1tmm5Kff16+6bC9Xs8Ht0QDMVfbW1tWOuE9h06sxMjtl8Os7zz+jx8tXyl7pRGN191FS658qqmx/7T4tlstsmcmiW1bGuoRNsOw5DTNwe9XUCHDtk43Nn3mmvV9Poc0iFbtY/4iPqccy/DG/Pm45xzLwMA5J03Ezc9dC+evSf8MopiKqNI95mZ+7gNkrV9FYsQjNHra2N1DTZWGz83WpbqXAkyXWOqtzmRiRAMAGirwSipwjBA0EAMYFwlpqDgRL8QDAA5CJOoRDuB8MIvyjCNNmhDRETWYQCGiJLWoxed7/dj+PZubSz9C/NnX3rP8Fyz3vuQf81OcfXFOhevjyiNrf50JwrP6SY/zpzeDvcs+loCgF/WPo45Xz+Jr7+uw2nTO+Hrt+uA06w57/t/u9Z24a0vSVknny0vc3//GY5veiyCL2IaJAD4+/AHpFvW3s/vmwFYEYIxU/kFaA7BAJCDMMqwyzG9snXDL8HCGLx/4v51D+sYoYZfhPkzM1BwndtvWbR4PV64srzIyrLLy7Ky7HDD01xtRUEb+LByGp1QiCmMBL1AiN51ueCBw62+fqVg4Zdkuv5AIRgrbd68GTm9fK+TDSU/JlwYIFj7tOujfX7h4TtvwWlF03X3efjOW4Ie94V3lvKLdYQuufIGeWojEXABIC8TYZhLrrxKsd0N7Lg0MCS7AABwGEA7xzAcBpB9zAHUVPtX2auv973HOnHKHXhj3pOq6i8A0LjJN4627a5E7y45uuebNHIclq5ZLj/XhldCDb9o93EeXYjjRkZv+qNohmCMvp98smx5EXDf4lCO5dsnvYjKKok69ZCj6X8GYKLw+4XlH9sAIFA1GK1IAjFu9x44HA64MB8Fbt/0bSVOjypgksj0wi9mAi2qbfLn+45VcKLu9FFERBQ+BmCIKKkNGtNPfrxx5ZaUORdRMP8s/rUona/vJQ4BSnPL3vzMNv7ys6V7Pp0EAHhoxFIUDp+NtZtcAIDhw+/EfeV3YM7XT2JH+VHcd9odsHJ6JBGCEc8XeUuw6LSTAQAfrd0gb7d53z50zf4/AAzBmKEMUYTDTHhiyvmTbIs+XCqJUIsIwiiJ8Iuy6gvDL4lx/4xEM/ASiMftMVwngh/xCnxoadshAiHaIEiw6zKiDb8k4/UrQzCxlugVMUT7anesR+fuQ1TrBhecaFn7gxzf9szTf5YevvNtv/W33P5IESuKRM/ocWP8pjoSAZdwllHqaqWoxiQm7j3cubNqeQdFJZihv38Yb7z6Z78QTM7AyXjsxZdMV4EJJ/CiJ5zKMeESX7OsCsIE+xrYFLoJ5/coKf+1NRmnE1K2mWEYa5mtBqPHLxADGIZiRBDGF4LxlbN0ZM1Imn4Ku3pLU+gFaJ4OioiIovC+nF1ARESUlJYAmJzG106U1i64/wKp8OLZeCb3cTSUG89PP3BER3TPbQFstb4N7//tWhsA2K6/Ssqf6IHL5QEAnIfBeO7r7wEAp0ya07yDkyEYM0SIIuJjmFivDMKEeyyK/f0DgJJSLwqaqoMbTU8jqnaUlHoBWBuQcbgz4IJHrpbidqurv6xweRMm+GFEtG94YaEkQiDBrktLhEX0wi/JeP3iWjwej18VGPK5+baHbW+++abqNX7L7Y8Uxer4N9/2sM3vw+KFH/HGREnFlnLkOHxhhRxHtl8IJlQ5jmzdKZModWjDLoAvFKO3XCwTlWDEFEjxJMIv+S2mYj++j8k5IwnChBr8CycoaLOl11vhEkd+YjfQ4atMU+By8gtOFIVTDcZIoCoxIgQjgiAlmJ/yfasMvbDqCxFR9DAAQ0QUwE3XXiRPg0SUSCRJAhgEIUpL4y8/Wyq82FftZfjwO7G6fDYA+J4PdMiPAaB7bgtLpz/SEuEXAHA47AAAF1y4ESejxD4FjqYPkV1hVFNI7S/igVdPQYShE5PxC1PnkXi7QhWr++cLtkAOwhitj7VkCH8orV292qYNgfD6Y/6+NqHf05qpKhDL80uStGTVqlUSAIwaNYohxRgSYRgiI9nHHMB2nbAL4Au8GC075/r78ekLD6jH28DJuOmhe3WrwGzbXek3DRJgXQWXSSPH4d2j32Nu+Z3STDwek68zrGIVH+78sXAnYbu1QZ0s5wrezCiIpBqMETkQ0xSEcTgcchAkHSqiGIVeXE1TSZeWlnLgERFZgAEYIkpaLY+4caRS/RzoE8NzERERJYa807uj9Mv5WIsZAADvj/OxbMg6jF9/NTKvbIfC4bNxwf0XSB888EFUfoGdkWf3nbfUo1ougi8uJ79vElnJ6wUymn7vHCzo4o1SDkZUSxGPU0WqXleiqazaEXB9sIBHtNcHa1+w9dHsn1WrVkknHu9Lvr355pvS5ZdfzhBMNO+Fa7tlwZdIK8hQ4uidmaN6Xl+/HR06ZKOmuhGt0AhAXQ1mn+tn1dRHWjUAWp86uunZPhytaQfAOATTu0uO7nGsmr7o3aNPAgBm5j5uYxg6cbWNIITgzh+rv2LFouS4+LFTdK8nmYIwkdy/WLKyGoySc9EsVQgGSL+KKCL0AjQHX3wBoTx+gSMiihADMERERERESUZUexGVXrZX7QUAfHToT8BSX1loDPH9d/zwO+VqMeMvP1ta9uZnln9QJoIvYhokACgpdiIrK0t+7na7wemPiCx4/TdV7JiW75VDMLqvy6bgywJnRtQqkuRleOFxewH4XuvJVv1E26eiCkqWxwN7Vga8IU4dlSrXH239+/eHCHBsLprutz5YwCPa64O1L9j6aPaPsu0AcGHReXjm6T9LN9/2sN81AqwQY5VUCq54t2wwtYwC29bg+wspEYTZ1lCJIU0BFxGGEVMfAUCHIMerr28eY0dr2qH9wFw0bipHix77gE3G++lVgYnUpJHjAIwDgJhWgImFO++8K6Q4zxNPPF6EFKy8qwq/aAIvGUky/aFXG9RpCsS488cmT4gnyUStGozOlEipTC/0IvcFERFZhgEYIko1Ul5faw/4j4cvYq8SEVHCWPbmZ7bxl58trcUMeH+cj7zTuwMASsv3+cIvk3zVVsavHxr9b7ovzLPZrr9Ksue55GWeUgf+6FqNW9bOs/19+APyL5kZfiGyjggsAMC0fP0SLwucGfK27DFKFMECHMm+Ptr9I9Q2VZXorDOlCivEkJ79VVuwft7t+uvc6/2Webf0Y6eZsK2hEr0zc1QVYZSVXkQI5rDBtEiqfZpCNXlnjUXp/1YAANp2GIacge10q8Bs2+3b3hdY8TEbhtFOlaQ8Rqq68867pPGXXIf+2e1Nbb95eyMALE7EEMx+TwTl/UTllKaQSLIEXrS07ZYDMWOn+P4lcAgmovsXZ0bVYIDwgzDaEEyqMwq9NM0oDcXfFBERUQQYgCGilNQ7uw9sbSP/hY20fwu2bd/KDiUiooQjwi/bq/ai79EzcHw/YDw+xrKlwPh+XbBsy24AwHmaajFWEyEY8fyPrtV46eNSG8DQC1E0iRCMy230S/SMqIdf3E4gKz8DHrcbGd6s1PjamuGGPSsDbieQpJ8JJQVtgENULEnU9cHaH+3+EW3cvHkzcnp1V223oeRHVfv1AjSnFJzPajCETo4hpretK10KAGibN4kdF4QIwQQKuQQKvwhDsgsAAIcBtB+Yq1qnNxWS3jRI2iDL8iXv6k6LNG7yxWl5r/pntxfBFlPbLku1DmgKv+z49A10b5OZtOEX3Xe9dju8Ho/v2s65wm+KJLKWthoMEFkQRg6CpEEQRi/0QkRE1mMAhohSkhXhl+bjMABDRESJ5fh+5+KXLR/LUx89c8T3S+wLcr8AhqzDsqXN23506E84b9MT8P44H8rpjx7//RkhlQC/89UvDD84e+r0aQCAX9+4Bcdd8Xc8/dYnEgDcdukEw32sPD9RusuyZ8Htcfs9jjZPXgY8XiALvl94j3VkYHhhoZRsVWe00/+UejOAPMAeYjemyvVHk1GA4+pr7gAAvL/4o4RcH6z90e4fwBds2bx5s+5+IvTy4y+l8n5Ac4BGGYqhyEybOiWk7RcsXJQwba/z1JnarpO9kxyWqStdiv1VW3jjg9jWUIkhtdmqZWJao3YhBuVa1dYip2+OXAUmEsGCLtt2V+oGaQDg3aNPptx92ry9Ua4As/wXF8Yd71CtVy4zG5RJNV6PJynamcGUctwpq8EAFgdhUlig0IvLA5R68+S+JSKi8DEAQ0RERESUpBrK92FZn1fw9du+DzQ+mP4sxpdfjWXDtqu28/44H8f3O9dv/1OO66l67t7pAQBkdbOrln/3a7VhG55+6xNpgKMHcrK64tc3gHEFvqmXKt278PRbn0iBQjDa8xsJdH6idJdlz0KWIwtwNT0Xj93RK6/uyvIdOyvL97XCDSBLDt3Yk7IfvRm+9rvtdvm6XPB9TXS4MzjQoqw2SHWEeK9P9D4S64wCNLUX1aJ9h84caGSKCMqIIAwDMOZoK8B06JAddOqjYMdQ0qsCE6lg4ZeZuY/bIKXOPTI7/ZHYNlEqwLhcxSgaezpenf95xMcS1V+A5Am76L5vM2h79zaZzVVgUvD+JSIrgzCsiEJERFZhAIaIiIiIKMn8suVjZOa2Q0P5Pv0N+niaHy/NAvr59gFu89vUKPRitFxPTlZXAEBDnyI88dgzmPa7S5GT1RVlrhpT1yPOpWXm3EQUW64srxwQAQB7lh32LDtKnS7kZXhRAE/SXVNBngf2rAyUejOQl+8AAHjcHnUQxsV7H00P33kLAOC0oukJuT5R+iiS63vhnaUcaBZIpIou0VbnqUMneyfe9AB6Z6oDJIc11V5a1dbicOfO2Of6GR06ZBseR7mfeHz8SSfglx9+Ur/njkIIJhHddcMNAWM3jz3/fNpUR3CVLsJ10y9ULXvx7feD7if2qarexRcq719MWBGEcXkYgiEiImswABNDwwsLTWXmk61cMvufElHP/v0tO1Zl2RfsUCIiSjjZvY5Fafk+fP12HU6b7vtw4uu364DT4Au9NBnfr4sclrHZbJMlSVqiPI5RyCTU8IkIvgDAgtfekh8H497pQVY3u/y/0bJ4s9lskCSJA48oAK/LDrvDg+uvGiy9MG9DUvxcdf1VgyV7Vga8LjuQFVrVHLvdDo/HA4/HA3tTKf5kmwZJO/2Rp+kvqu0xnlrghXeW2gDgzTfflBJxfSJ44Z2ltkivjyhUZqdNSjfa4AsAw8otrWpr0c4xDIcNtglU9eX4k07A+u0lAICjNe1MtS3QtEZmt7+4xR0x71Nl6OWmAUdQe86fAACDBviue2OZL/jf+dMnVNumchjGKDzhcEwMvJ+r2G+Z01mCXjs2ydVfUpmoAlPVfWDK3L9kEiwI43ufyeqKqnvuYR8QEVmNAZgYK160KOD6iVOmsJPY/2SBbz6dx04gIqKUdXy/c/HLl74qMPfhDsx521em/L7T7kDe6d1xQa7vF8X71nXHW39/FJfeMs3wWFZUgAGAP911MwDf1EfKCjB6oRu9NojAizinUVUYIoqftatX24YXFkooaHqtZtnhcXvgdntSYpoghzsDpU5X89RObt91ukqa/1BCGxhJBytcXv6hCKWtHEc2Kl3bLTtWxZZydmoK2tZQiSEdslFfv1230ouoBCOqu2QfcwDbDxyDVrW1QadIksM2mcBumx15A2fipofuBQDdSjChhF8Cbf/u0SeBckgz8XhUv/6LMMtNA46ovydXf4s2p58hPx80oB0OfvkF6jXbiv1TLQhjGJ7Im2K8kzd4kHfHwQa+YJP4/iUToyAMEDgMky5VYPRCL6XePLnfiIgoMgzARJHZiiPB9uMvmtj/FJrSCuuP2YfdSkRECeapv87D7X+5Cm/9fYEccMnMbYftVXuR3etY3/fEchfe+uQ7nH/eHXBtWIfl+J/fcayoAFPp3iVPgyT+r3Q3l2sOFoIJVAGGiBLHAw/YJKAADncGMhwelDYFROylXqDpl9delx3uLC8uvNX3c9X7f0vMn6dE+2C3I8PV/It3e6kX7qZpnPIyvPC67HDBy5sfZatWrZISeX2i95GZ6xs1ahR/t5HuPNXsA4tsa6hUPRchlUDTHCmDLjUAWqHR1Lk6dMjG+u0lTRVgdgMAeh1zDEafOEEOwkTCaDqli1vc4QvBRNFdN9wgaYMvQv3PK9BVEYARy7TE/nfdcIMULASzeXsj+me3x+btjarn4rHeNvHgchWHHp4IQW1tI7x5+UG3yyh1onPn9gn12jNT1SXe7Y72/Us22iAMEDwMk24VUUq9eaq+IiKiyDEAE2WPzp6N/HzfG8rZsx8Nun1BfgFmz54FAHA6nZg1ezY7kf1PREREpOupv87DN7/6fgGfmduuOfjy5Q7MvOEJTBwGlLlqAh4j0gowrg3rAOifR6wLRBl0UQZeEmn6IyIyeP16PPBqKr+4srxyBRV7lh0X3looJVoI5sJbC6W8fAc8osIL1BVs7KVeZGR5gSyWZ4+VE4/3/eJ/8+bNCbk+Ufoo0uuj8OQ4slPjQuw9w9uvagsHgY6jNe3QoodvWp5tDZUY5Bhmaoqj+vrtaOcYBkB/SiRlFRmx75DsAvxS85PfthPPOhNZx/aN6DqMqsnEIvxy2Q23oWvTFEcHv/zCL+By8Msv5CowB7/0n568w7Cx8vrLyvYFDcFU1O1ERd1Ow+dGy2ItVuEJp6tU9dyrqEBSoAjI1Nb6wkCdO7eXHyspl4vgiXieN+06S9pauuBF34PuQEmpU16ekaF+r5bviP/3O4Zf9CnDHcHCMOkwRZIIvWj7hoiIrMEADBGlpLy+1h0rGhVliIiIIvHsg7cXAVh81VWXAABm3vAE5j7/J5SW75ODL0quDevEPn6sqAATKQZdiJKX3W6Hx+OBx+OB3d78WrZnJf7r2t40hZPg8Xjka/LCHfb1j3VkYHhhoZTo1US10zkprz/WaoNMARLv9YkgUBvNXF/7Dp35BSvdsQKMpUT4RRDTHClDLdrnQFOVmKZlhuuDaNnnHHz14yc44fTRllzLxLPOxE0P3asKwVzc4g707tfdhijUx7rrhhukB55WV69pc/oZ6Hr6GaogjLIKjDIcowy+CIMGtMMDT99rGIL56ftvMf6S6+TqLhV1O9G3UzdVBRjlss3bG/H+99/GfFwVjT1d9fzFt9+HwzExatPjeL1eOUSSkZGhCsFYweksQYmzOKJjFORPhF4cQhl+UV5HPMX6/iUrozAMoA7EpBqGXoiIYocBGCJKSb2z+8DWtl/Ex5H2b0FpxdaU7KObp5zk92uMygMtLX3z/f7H3xqe65lFP/CNPhFRBEQI5qxzxwPwhWD0GIVfyqtr0LtzW9WybbX7dY9RXh24ioyZSi+Bzv9Cq/N0t7n+8Eemzk9EsVfqzWia9sgLuye1rs2V5QVgh9sLOHirY+LhO28BAJxWND0h1ydKH0VyfS+8s5QDLURLFi4oArA4CseMn1CrwDA0Y4qYAkk43NmawJkyHHP8SSfglx+aq8C07HMOfvryU/yEr8I+/jnnXoaJZ52J4v99jmfvedAvBBMNeuEXJW0Q5u/PvAkAuKyVfvBFK1AIRoRd+me3R0XdTvm53jLluniRwxNRJEIvZkMwYU8tFG7+I8O43fKhEyT8Eo/7lwq0QZDCcedKbm96XCsREUUPAzBElHLy+sKS8AvgO05e363Y507Nvho3svmXNMvXVKbMuYiIUp0kSUtsNttkX7DlqYAfzCjDL5IkLdHbZlvtft0wjHZZsONHok1HOwDg4B4P2nS04+AeD280UQJyFAAueJGX75CXlcIFe6nvN9UOdwZc8L1+3W4PEm36IwB4/2+rbRfeWihlZdnhdqunP/LkZaivzemCI6t537WrV9u0lVNS2QqXF1ZWsqndsR4P3/m2atngghNxy+2PFEmStOSZp/8sJeJ6m802WZKkJUbtF+uj1T9Nx7dFcn0v8MtXuO+3iqJx3LhdFAMtUaOs5hKsCozQKkAlGBGiCRaCadFjH9p28JV/3F//s+oYbTsM81um9OnH/5YfL12zHJeMKJJDMO8efRIohzQTj1v2PUBMe2TqZ4PTz8C/11bilpsvBwD8/Zk3cUuQ8Itw2Q23BZ0OKdG9+Pb7AACXqzhq5xDBEb0QTCIzCr94E6jKSizuX6piSISIiKzAAEyMzZ79KDuB/U8W+aJqH1yKOc4rMoB+Tb+c7tm/v2XnqSz7Qvdcf+ItICKiOFKHYMxtb7ROL+hiJvyibEe45xaUgReGX4gSk9NTgCzN1EbKKYRShcftkadwEtd74a2FUiKGeZLNzbc9bPP7nrHwo5RZn+j9Q+G930qVa9lftYU31GKi8su2hkoMqfWfuqi+fjs6BDmGCL/U129XTX+kDMdkH3MANdWNqv2UwZdwdTjzet//AIo/motn73kQp589Ajc9dC/OuNuOmbmPWz4F0qAB7fx/DvjyC19//bxCsyZX9WzX8w+o2z9sLADoToeUjJZ//TPGnTYMVdW7/KbSCVVV9S5T2xmFYKIlM9NuaruGBo/ptovH6Xj/iIiISB8DMESUkr75dB47gYiIUl6kH8oYTXlktNzqdojzTMZ/9dfHsC+/fn2K6tf7p125iB90E+lwGwReMrK88MKNDG+WvF0iB0ZEFRjx3JvhRkYWIGrti2CPOwUDPon+vSvZ1yd6/1B68jhX8X2NhZRTHm1rMK5w26FDtm4lF0FZ+UUZfgEgB2Ja1dZie+fOQOdjAAB5Z40FAFRWVAas7gL4KsJoQzJ6+zRuKkfOwMly9RcxHRLK77SsAoyy+ouY3iiQDsPGYvdnTmws2wcA2L1rNzqcPVa1n/xYsUxMk5SsVWBEiCIWCvLyQ96ntrbRb1nY0yKFKd+Rx/tHREREATEAE0OzZ89iJ7D/KQZKK9gHZlQeaIkt27epnlvtwnNPxfsffxuTcxERpZvHf39GSH+PeeerX/j98re8uiZpz28VEXw59Zzh8rLa8np5OYMwRM1EoGV4YaGEAo+83F7qhT1fBEfccLizsMLlTfjrcZUAYx0Z8Ga4Yc9q+gtipxdueFTbWDkFEAGzrjpd/v7x6LwvbVwf2vpI+5eIIidCL70zc1RhGD3a4EuPnu3lai5GUyMB/oEY7bb9MttjfX3wtmpDMEOyC7CloTnE0LipXH4sQjCXjCiSQzAz/2VNn/34aylu+vQJ7Po08HYiwAIA9wJ48HVfA+49Ox9tTj8DXU8/I2CApv7nFcDPK9AZwI+/bkrK8dWrZ1fLjmVUSSSj1BnW8WIddrGq3aly/4o/+ZFfgImIiExImQDM8MJCKVVvUipfG/s/PPwFbLOKjNQ8FxERkRmnHNdT9dy90wMAyOpmVy3/7tdqv31ze/aIaH+98xsxe/5Q9rfC169PkUTw5dzfrVSt+/df8uVtGIIh8udwN7859sALtxOw2+2wOzzwuN0A7ElxHSL84nXZ4fF4/K7NBS9vtoVmXXW6dMVFI+XnUyeMkhZ+0lyZguuDrxePjcIzgfan0Aw+90IJADZ8/L5N7znRtoZK9M7M8U2B1CE76PaHO3fG9gNAKzSaOn6g6jGAegqmQLpIvu9vu212w/CL0ulnj8C7R5+MeX8qwy/CzVkev+3anH4GOgBBq8ikstJy9T3Py80Juk9V94G+B93Nn6dKsX1VoA2123S39nq9IVarqUrB+0dERETmJX0ARoQTHp09G/n5+TE/v9PplB+LX5YBgNvtxvwFCyw5x4xp05CVlSU/t9vt8uN4XHMiScf+dzqd8rhP9yDMh9+u5y+dLJYzqEDKHeCw9Jh/f/YpdiwRURQZhVaMlgvl1TXo3bmtapnR1EfBKrWIc2kZnVt7/hdanae7zfWHPzJ1/khpwy8AcNlfnXIIhihRfw42u51VPzcoz7vC5cVYhzoh7sryAt4MZDWFRpTbJ8rPLnp9V+rNALK8sGu+lIkqNnr76F1/oHMl8vUb0V4//xAjvqZOGCX9ZmQHDDv1eAC+sAsrvETP4HMvlPKvmy0/BgDlc4ZgSH7/3BSCURLTF2mJIEuwYIvYRru+vn47gObqMGKKpd6u4CEYwBd4adFjn9zeLgO6YFtDJY7WtPPbtqDut/gCL1nSRxPPHC+9PGlgwG263nC/3zLtdEddFeEYUQ1m1/MPGB7z5UkDMfHM8VLx58tS7vXaoV3bkLYvcRaHdZ6C/Il8kSfA/Xvx7ffZaURERCFI2gCMMvhClG7EuOcvIima+lkQhNlS5mJHEhFFmVHIJFD4RGtb7X7dMIx2mR73Tg+yutnl/42WBdOmo2+7g3s8aNPRjoN7PLy5RAG8OLMA180tiXibUC2Y7fsgZNps9QcpnrwM5OX73j+WOl0Bt403Zbvcdntzu+GCvdQb8HpDuaZkuP5YX0N51RH8/O0vcFY2Ij+nPdeHuF6EX37+9pew+pfMu3H4UYy2O+H1uPHd8KMAgFNQjAx7Fr5qeh6qKVOmyAG0RYuiW10uluciyBVgRGhFBFSMgi56QZgePdtj+4Fj5HV64RijUE07xzC0rbBjf/3PqnXaYE6LHvv89u+dmQNk+h7vttmBplmDeneJXUUKvfDLwS+/0F2mrRDT9Yb7A4ZgUlUo0+yMHXFKWOdY8c136LVjE2prfVWDAk1/pN1GPA+1cosRMfWR2SmYamsbscLrxurlH9vS+f4RERGlq6QLwDD4QtSMQRiKln4WVYHpN8DBEAwRUZSFWwFGSS/oYib8ojyXCLyIcxpVhTGiDLzEKvyyYMnPyM3Nxb//ko/L/upUrfvrZZkoLy/HgiU/47QrOc6IAvHkZSArq/lrTVaWHSjwJHy7HQXwa7cbHtjdvKex4Kz0fTimnNYn0HpttROz+wva7ULdP9L2h7teSRluKa86gqkTRkm5vVoinP6j+Jg4Kh/Fq5wpdy5qJkIt2cccQE11bcBtlUGY7QfUoRe9CjCBjtMvsz0O91VXVdzn8gVitNVh9II0hzt3xtb/rYh5f+mFXwD96Y20VWCUx0iFEMzJwwfg+7Vllh6zfp+vwmeoFUfEflbJzLSHtX3DIQ/vXwLcPyIiomSTNAEY8QH/rJkzk6qDPR4PVqxYwZHG/o8q8bpgEIaIiCj9RFIBxmjKI6PlgdpgVAHGzPkn47/666Pcd88uLLfdNDVXumfmFPz1sky/9QuW/IxnF5bzfRVRgJ+3fF8EfFMBedye5LwOTbubp9fNMHf9us8zkusehnH9kcjPaS8HNJSVSsqr6gOuD2d/5T7Bjh9ofyvaH+n5RfjFWdmI3F4tUV51JKz+o9ibMmWKNHFUPjrb22HiqHxMmTJFilZllliei/yJ0EoNwp/qKNg+Zs4PNE+RNKQ2O+A+oYRtrGQUfgn3WKkSgqmq3pVyr4uhQ/PD2q/EuSLkfeJZ/SVV7x8REVHSvSdP9AYma/BFWLGihKOM/R8zDMIQERGln0gqwJRX10R8fmXQRRl4MTP9kRXnj8RNU3OlYf1b4KG5izBt8jDVugVLfsaw/i1w09RciSEYIn12u+81bncDLnjkaiputweuEgATE7v9rhIABep2O9wZgL0p+OHxmrp+XUH2TbR7GM9rCBbUEOunhbl/pOe3qv3hrhcWfrLKNnXCKCk/Rx1wibT/iMg6elMdiRBMoH169PS9fmuq1cG3UIMp+1w/+1V32ef6Ge0cw3SPI44vt+GkE1C5aQkAYNvuyqj2VaDwi970R8p1bXSqwIhjptJ0SItXfOm3rGjs6WEdS68iiN4UOeEePzr8g7jvVZX7LbuoVy7vX0LePyIioji+L4/0AOKD9lAF+2A+1ODLokXFWLSoOCVvUmmpC6WlLsPrpvTr/ylTAv8mOdQgTLRex5S8sns5LDsWp0AiIoqucCvA5PbsgVOO66laZhSa+e7X6rDaEOr5jQQ7fySGDh2KoUPVy9atW4dh/VtwcBEFoaoekpWRetcUYgUYteStABPrayivOtL0f33A9eHuL/x3TX1E+0fa/nDXa4kqML7AS2PE/ZeOBp97YdDfgdw4PPJjbPj4fcPfmQzIycGUKVOCHkNbucXMPgNycmLSjx8+la3blvNv327qd0X9z3lUtb+j9UcAgGVLVybt75r0giwiBGMUhsk+5gC2HzgG2ccc8FvXqrYW9fXbdacs0jPwuEF+5+/QIRswOLe6TQfw8X8ewrP3PBiVvmmo3YvMzscCCF75RW/6I+W6rgYBGHFsEYJpqN2btF+nFq/4Epmt7brLrQg5rPjmu6geX8tuz/K9zh15prZ3uUr92+x167b5vapyOQQTz+ovqXz/iIiIko0lFWAenT07pO1nBdg+nOBLIitxloRdvebRuXM5Qtn/Ace9lUEYK1/HlPy+WrmCnUBElODKq2vQu7N6LnCjqYv0Kq1Yuf8Lrc7T3e/6wx9Fbf9IieovAJCb2/xXg+Xl5RjalIgRQZibpuZKABj8pYSzYPZETJtdDCgD+02PF8yeGCTcEDll9RBRBQYAHO4MuJAcFVB8bW1ut1z9BWAFmChdg3Zqn4WfrJK/vk6dMEoSAQ+99WJ/o/V6+yu3C3Z8sT5Y+0M5f6Tr9a4B0D+Gmf5Ld4PPvVDKv87E7zPW/CXgajPHGHzuhZI2BFPr2Sc/njgqP+D+ZZW7VdMXTZkyRRqQk4MBOV2C7qc9l9U+fCpbGnn6+fDuWqVa3ri3Hh8+lS0FC8H0P+dRacyFV2Ngb19Aa9PK/8P/3TAWZeVbMX7SGCnZQjC9M32ho+0HjtENrSirr2grsdQA2Fe/Edsdw9AK/l9/zIZflOfXowziaJeLdsg/E+yuxGMvvoT3X/6nDf+yrp8aavei371PRP1+dL3hfmx58E9J9bVp9fKPbYXjzpXGjjjFMDwBAJmt7WGFHDq0a/65z8zxx444JaH6xyj8Itr8XlU5xmZkxS38wvtHRESUWCybAik/P9/cLzqcTt3lkQZfSpzmp7rJzyvAxInq4EBxcTGcpSUx2T9U2muLd/uTff9k738AKMgvUL0Oxo4tCLi92SBMpK9jSg3lrNhCRJR0ttXu1w2zaJdFa38AaNPRDgA4uMeDNh3tOLjHE9I1RLp/OIYOHYpTzxmO2vLmv5rPzc1FeXm5vH7dunUcYJTQFsyO3zxD2oCNvempB14kUwUUdbuVWAHGarm9WuKKi0bKz2c/tyqh+iPR2+f3M3xTFZipE0ZJDLqYc+PwoxjgWQC73Y6MpooEXo/b7/FXQY4zy+7U3U889ng8KBt+1G+/zvZ2cjCls71dwHMMAFBWqZ6GZkBOl6D7oSkAozyXlT58Kls6/eLpOKbDGLTpkYmDNQ3NXzW6Au2PXRUwBNP/nEelh+ZcCwDYvENdoWhAbh/84VYkfAhGBF60RJhEG1pRTjWkR1mlJdCUR6Jai6gao6zgEuj4wc7/8X8eAgC5+svxQwZHpd/mHeyNvwbZJtD0R8pt2gSoAiPOdVWbbUn/Neu8Sc0T2H20dEHMj19b26j72IjRNuL9htNZErU2J0Lll0S7f0REROmqVbwbID6QnzFtGrKysoJuv2KF+k2SCCcUL1pk6nwTp0wJuD7YcULdf+KUKYH/oioIvePFsv3Jvn+q9b/2OCIII14XZoIwbrfb9NRIRERElBz0giqhhFci3R+AKrASTngl0v1DYbPZJt94cf9Qd5sMYAlHGyWSaFd4CcbpSf5pjyK5hnS/fooPbRWY/Jz2YU/fRIlNL+gSNPyShHzVX4YmfDu37a5E7y6+4Mu2hkr0zsyR/w8mUKhFu502BKN8rqzWoqwWo9y+vn47AF+oRhmOUVJWqNFOe7RtdyVueqip+ksUbCzbh0EDjMdxoOmPlNsEmgZpY5l+8Gvz9kb0z26PzdsbVc/FY71tYklUEUmkcb/C647wjUbk1ftLTB4j3uGXRLx/RERE6SpuARhl8MXUmy2D4IvZ/ePJbFUNYv+bJcb9/AW+ZHeoQRixv3gdEmnlDnBYdixWlCEiih6jKYuMlkdr/8n4r/76KO+vZ9QVd0gDhkwBAJStX4RVbzwZ8BehteX16JzbQVUFRmD1F0pkCxY543v+OFaeSYRrSPfrD/tng6oj+PnbX1TTCNlstsmSJBkGDGO5PtHbpxVouiSzxycKxfy/ZEmTzr8Ax3QYY7hNRtdROHHwKsz/S5Y0469u1fswMfVRIIlcBWbb7ko8e8+DuOmhe1EBoO/oM4Puo50OSbsO0K8YAwSu6iJoQzNGUy8BzZVelJThl5seuhcALA+/fLJsedGtGLf4hJN7Y2N1DYAeAUMwkdhYtq/pHMCtq6vxybLlRWJdRd1OVNTthNFzo2WxpA1RGFX1WLziS0vOZ3T8Fd98J7cn0nMUjjtXEn+g6nDkmdrH5SoNuU8SQaLdPyIionQVtwBMvIMvxcXFcd0/UvFuf7Lvn+z9r30dRRqEEfsTKfWzIASzheEXIqKoKm/65W667q816oo7pJlvPIEPH/kaADDzjSdw/DnTpF8+XeD3i9vn3t1cBGDxtMkAkNvcpvJyVfDl581HxbZEBODF+SvS+hrS/fqt5Kxs/ut6m802uelh0cXnFC4WFU3e/XR1kVgvSdKSdz9dbbg+0P6KbQLuf/E5hbrtE8I9f6TrjdoBAOVV9Xj309VFwa6PIZjEoJySKNj0REbVXsxOaxSN6Y8AwLtrFdr0yAQA1fRHSo17A1cl2rzjgPx44Jh/4B/PJ3YVmPdf/qftQvxRuuu6a+UQDAA5CJMslGEXYdvuShw/ZDCuuHlm1Kq+ABBBlMUjzi7CxuoabKwGBvVUB2HMTH+k3FY5DZIy+AIAP33/rSr84ns8a3EYbY45EaLIbG33W9dwyGNZKCWax0/GPuH9IyIiSh2tErVh0az44iwtiev+yd7+ZN8/FcdPpEEYIqXcAQ5Lwi9Ac4imcmMJO5aIyGL/LP41pF/IvpRi+wdy/t2nBVwvSdISm802WYRggJ8xrH8L1TY/bz4KAMrwCz84pMT6mdnlZSdQ0srPaS8HTLTBDJvNVqT9mq35+m24PtD+4v9A+0+dMCpg+yI5v1Xrg7XDzP4UP53t7eRgSrDpjPQCLLWefcGnQarc7XcuK22p9KAfPkFG11G66727VmFH3VHD/Ve+/wpw4dUY2PuIvEwZgikr34p7Hs+Do/XmhLp3IgQDAHdddy0A/UBJotu2u1J+/NiLL6muLwanb3rv7WMUhAmFNvgS5P1/OIGWuHwNNZpOx6pwQ7SPryWm7XQ6S5Kmzbx/REREySvhAjDRnuqoeNGiuO6f7O1P9v1TffwwCEOhcm3TnwUru5fDsnOIKjBG5yIiovCIEIfZbVNtf+HKR76Sv8GseuNJm3YKJL3qL8rzi4DLjRf3V/1FqLLqS9O2HHSUMNauXh23AZkKwZtIriHdrz9W39/iuT5Z2me0HQMvqUMv6BI0/BID9XuPYkulB6j8CP1y7Oqf/ys98jZGxpz4LbD5W2zaDKD/i80r+r+Ifzx/XULfExESEUGYZBej0Ivsk2XLAdyHa2bNUS0XQZhvPnPiqjZ7AQCZnY/VPUZDrW/9M585MQJ9dLd5+dH7dKu3hPP1MZ4/A0Q7zBDLsESJszjp2sz7R0RElLwSJgBTWupCaalL8abI2uALUToJFoTJy3Owkyigr1auYCcQESWBaH+IF639n37rEwkAPho2zOz2AIDbLp2g+iXflY98JZ119wm48plr8PrNL6vCMKG2X5xDXrdwAj9AJNKIZ/CG18DrJ6L4m/FXt23+X7KkATmtUFZ5WA68CPV7j2JATits3n4IM/7q9vt6s/nTWbbxk8ZIf7i1P7ZVbsO69ddhR+sHmjdo/QC65/TAGFyH+U+sTJyvV5p3mO/jn6nxtfRfsT+lL5hy32JtCEZLBF1CZRR+ofhhUIOIiIhiLe4BGGXoBUjN4IvT6eRIY//HhVEQRrzuGIQhPeVlLnYCEVGSEYESLW1gJJEMcPRA34EDTW17yNEDZS51aXNl+AWA7/+7X0bZFYtw1t0nAADKrlhkuu8unXCKvKx6z355eSL3IRFRUv6M3jS1ULK2b9ZVp8vfcx+d96Xl3yOCHT/a56foUk5JFGx6IqNqL2anNTLa7r65c6UeXboE3Ldm927MmTnTb3yNHDlSuvCU5qmLjCq9uHcfwciRI6U1a9aojnHi3fdJyjMPHbIHWH+/OgQDYOWPp+LEu++TfnxkDsd4ChIhGAAIFoQx6+VH71Mcm4iIiIjSmWUBmFBDBlYHX2bNTNwSmWKOy1S7rmSRiv2fXzA2pO2DBWHCfR1T8qs80DIlz0VElE6efusTaVzBUP+vu+5dePqtT6RUDXBsXvMq/vfI73FlVQkwsADYVIIXr/grrnvjL+hVPR8AcN0bf8GoK+6QVr3xpM2o70Tw5bJLL1Gte/KF1+RtGIIhIrJGbq+WuOKikfLz2c+tSqr2zbrqdEm5fuqEUdLCT1ZZ9j0i2PHNnp8hmcTV2d5ODqYEm85IL8BS69kXfBqkyt1+5xLumztXKpowAcc7HAEP8YvLhfvmzpX0QjDHDP4zFn3xMKacod+ORV/sw6rq0wFs111/9fNv4V83XIo/3NofANA7B/jkk/vl6ZBWvv8Kcm/Mx47VX3PApLDmoMp9qmlIbwXwt8KeAfe9dXU1gGr89P23OscjIiIionRnSQBm/vxFYe8bafDFWbIi4TtZTDtD7H+riHFvVRAm0tcxJaf3P/6WvwglIkpyIvzSclGh3zoHgJwpq4MGOIyqxwjBwh/h7O/asA4A0HrTJgDAG4UTccoZZ6q2+e6Lz3HFat9c8WWumqZ9Jqi2OevuE3DlI28BjUCZpw8GDJkih18AoFf1fAwYMiVgCAbwD78AwB3X/04OwRARESULZUjm529/sTykk06mPboIAHDjcN/zGS+WqJ5Hm17QJWj4JQCz4RcAvm0mTDAMwQy54DUs+uB3uvv6wi+BzZ7/PmbPuFB+3mdIN6x8/xUAQO6N+Rx8aUQvuHIrxi0GgBOPy4N0bCYAwLa3AT/+Wmq4DxERERGRYEkAxu12hbyP1cGXUIMAseJ0LYho/0S9rmSRqv0vxr9VQZhwX8dEREQUP8rwS9cu3dF24BTs37RI/n/X7h1ouagQ4wKEYIyqxwjBqshEuj8AHHliNp45+TzcfM9fVMvn3DkTG8oK0PJPswP2w0vO09G2ew5G4RKcdfcJ2LL2PfTLcgAAtrhdOOvuGaamQiIiougrrzqCn7/9Bc7KRuTntAcA2Gy2yZIkLUmG9umtj/b5Q1kv/PztLxh26vEYdurx+O+aVRx4YXhubQvkX+d7D/Lci77/lc9HT0i/Phk5cqQq9Lyq+nTUbFdXeemRne23j5gG6cS771Pt3/LaP8tVXnYDyDy5Ed0LT1Ptz2mQUoMkSUtsNttks9srAi6Lp/7h/wAAC//1j7CCL4ny/YWIiIiIYqdVvE5sVfAlLy/Pd7wZ0xKyg5UBg7D6KUGvK1mkav+/6HEDAEpLS1WvCyuCMERERJRclOGXXbt3oCua/u/SHbt27zDcTxleee0H/b/g/d1JxtMAKffXq0AD+CrQGO2vdP+zL+CZh/6K+599AQ/cdD3uf/YFPP36f3DuqL662y97bJoEtMP/HvkJ+M8eVF19ForarJTXb9EJ9i57bJo0/q4Fqja4NqxDdcFQPPnCa7jjenUf3HL/U6h079KtPENERJFzVjYmdfui3X7t8ZXTGinXK5eXVx3x/W4gB3jjvTVRCemki327d8HZFHzZt3uXr881z8OhN61RtETjXCNPG4kFbyzAyNNGwuHobbhdzfbt6JGd7ReQGT1pEh5/8SWMnjQJgzrbAU3gRdix+mt0LzyN0yAREREREVHILAnAZDX9haVZHpcz9B/8DYIvEydOBAC4moIAqSZVr4v9Hxkx7oVIgzCxeh0TERGR9fRCL8HCL0qv/fA7dOvaDSdmjcOP7uXy/zt37cRrP/wOvzvpNZS5agz3D1aBJmfK6oD7A8ADN12v+3/J9x8Z7vPS2d1x7WevourqXzDjUd+HI/OvPg21vzkVA3seAwDYVH0AxweYpuCZObfZbr7vaemqqy7BLfc/5bf+fx8vwzNzbuNfHRMRWSw/p70c4EjEv84P1j7l+mifX7msvKreb70y5FJeVY/fjOwgP0/0kFG6KavcrXoeLKBiNN2RmWCL9lxWGnnaSKz5eo0cgnG5tqnWi/CLkdGTJuGrpUvlEMzGWo9qvQi/EMk/72wtZycQERERkWmWVYApKMgzvW1pCB+cBwu+JAMx3ROx/61mZRAmlNdwSQmDWURERPHm2rAOlY4eyJmyGruaKrCI0Iv4/8iU1UGrmCjDLzt37cSP8P3frWs37Ny1M2g7wq1Ao6Ss/CLCL/c/+4JhBRjh/C7N4RcAuOjuxXjvkSJs+s2pAIDjz3vEVyWmiXaajZvve1pyDB6KefPewVnnjlcd+38fL4Nj8FDcfN/TEkMwRESUqPSCMEJ51REs/GQVv4clkAE5XeRwilHARdALutR69gXdD03HV54LANZ/V4EeXb7zvUdyOAIe4heXC2u++w7rv6tQLRfBFxGC0SPCL9rqLwDk4IsIwegR4RdWf6GmKY8WKx4TEREREQXVKlEbFmrwpbi4OCGvY9rEsRHtn6jXlSxStf+1r4NoVIQhIiKixCWCGyKkMaBgCXKyuqq2qXTvQlnJOrg2rAsY5NALvZgNvwCRV6AB/Cu/iMeBKsD0GdwWjob26HhjG1Q+VA0AyLmnJxzDx2L9j9MBAO4ff0LZ+kX4V0Er1OzVP84ARw8McPRQLStz1cAxeCgHGhERJYz/rqnXXS6mPSqvqkdur5a+3wVUNsrLKXEMyOki/2+mQote0CVo+EX3XJWqdV+t2RR0/6/WbELrls3PR44cKfXIzsa48afLUyCNPG2kX/UXQVkFZuTIkZJ3/DnoXngaZpx4vDwF0uhJk/yqvwjKKjAn3n2f9OMjcxjkSmI2W/i3L9LgSyTnJiIiIqLklHABmFQJvhBFkxj3DMIQERGlLxHa8FV3ge40QyL8MsDRQ94O8FVCuenep1Dp6IHfnfQaXvvhdwAgh17E/7876TW5gozNNlGunqLc32wFGuX+WsoKMADkx8EqwABA2/v7Ieeenr7H03oCvwI/LH8OANChR2/8q0D/Rx4RIgKgCg9VunfJfSuCMDff97QEgL89JyKyQKJPyxOsfdFuv9HxF36yyjZ1wijJWdmoqvYiKrxMnTBK0laBYfUXUvrvm3+z/ebyW6VxE07Cmu++C7ht65bA8k9+wH/f/Js8hhyO3sgddBymXTENC95YAAB+Ux2Jqi96UyAN6mxHTru2uPO6a/H4iy8BgN9UR6LqC6dASklLAEyOwzmJiIiIKM0kTAAm0uCL2J4oHYhgC4MwRERE6UeETwD4VS7R0lYx0U4BJCrIjHc8pVtBZnlTBRkjZivQGLVfuO3K32LPnlrcduVvAUB+vKGsJGD7hbbTeqqe/+cCh+p5n8FtUfOtf/sHOHpgxHE5qN6zX16Wk9UVle5d8nq9YBEREYUnt1dLXHHRSPn57OdWJVX7ot3+cI8/dcIoSVR/ocCeW9sC+SOn+Z54FCuMHht41JMfeD874Fw7G/8X4BiBpjOq9ezTrRLzzc+VGJDTJeB+gShDMIFowy8A4HJtQ/nGXwEYT3OkF3wRNtZ6ULnP957LaJojBl+IiIiIiChScQ/AsOILUeQYhCEiIko/Za4av+l7tGENZSUTPY7BQ01VkDEKwUS6PwC0/NNsbDRaF6QPhmWOxILFwLTjfB/GLPj1OAzL9H1w2GdwW8P99EI4JkwG/4qUiIiSQHnVEVZ/MbBv9y44X5wddLt2XboGXGfmGPt27wr8Xq5yNxBgKiS96Yvk6ZNMTKFk9B4IQBEwc/GQU/Qr7a1Z9gM+W/JGke3fc+Xg8TfffFM0YsSIxVs2b/G9B3T0hsu1LWDgBfAFZL755psifPMNTph17+JVne0AfNVgNtZ6ggZedqz+Gj89+mARHpnDwZsaYlkFhu/biYiIiNJU3AIwVlV8ER/oA4DdbucdpZTn8XgMXwfhBmGIiIgouTz74O1FN9371GJtBRijijCuDevw7IO3F+kd46xzxwPQD88McPTA/z5e5revFfu7NqyD64IZ5i5YJ0CzdcN+X8hlw0gs8OVfDMMvWzfsNzx09Z796NmxraoKjMDqL0RE1iqvOoKfv/0Fyml8jKp7JWL7ot3+cI5vs9kmX3xOofxcTKGUSP1K+gbkdAm8ga1ed1mw/cpMhGMa6nfjz9c+jF9cLtXyQFMjffPNN0UAFo88zfd+S4RgjMjhlyY/PfpgEYDFoydNAtAcgjEih18o6UmSpHy6pCmIFc3z8WsfERERURqLewUYTnVEZN3rKNwgDBERESUfX6jkqcWOwUMNgy9lrhrd8It2G20lGeW6YMLZ/9kHby+a/sc/LT7ljDNNXet3X3yOt//5hHwN3/1ajeN6t0dZ0+Hbor/vfPt2+v7XOe2v26p1+88X4Gn+K+9K9y5Vu4P1HxERhUcENZK1fdFuv/b4onLHxecULi6v8gUj3v10dZH4X285BRasQotRFZhw9xOKVzl971c01V2EiaPyfdt9vRkffPCBfC99jy9YLK9vOo7u+7PKSvk4ej5b8kbRBb/F4oceu1u1fPHCz/DZkjf8xo8kSUtsNttkEYIBjKc7EtMiifCLCCPYbLbJIgQDGE93JKZFUoRfGGZIPdGsBMPxQkRERJTmLAvAlJSE9kF6pFMd2e12VSUMonQV6LVgNgjjdLlDfg0TERFR3Mi/MBbBjJvufWqx3oba4Ib4AEJ8iBHK/sq/pIx0f+G7Lz4PuxN+3VYW9r7q9vva7hg8VLWNmLZJcQ38ZToRkUXyc9rLAY9E/Ev9YO2Ldvv1jq8IEeh+bzdaToFt/fYr3bBQn1NHL7Z6v7LK3XL1FmWwRemCCy5YrNwu0LGCHUe5nfY9EAARdFG1Vxl+0Y4hTQgGI0aM0L1WZdUXvfePIthywqx7dffXVH3hOE7tn2kA64IwHCtEREREBMCiAEypyxnWfnrhF051RBQ6bQgmlIowYl24r2MiIiKKiyWSJIm/Bg9aoUTvQzDlByCx3F/sp6zoYpY4zl3zVkb8l+3BQjza8I7NZuOoIyKiuDMKtjDwYp62gou278T7G+124e4H+IIqvnBLJT744IMio/tls9lU2+kdB02hlWDHUW6n126bzTbZqNpLsPdPgDroEuo4VQZhgmzHAZsGP9c0/T85gn2JiIiIiGQRB2DWrl4d8k8iwwsLJe0yTnVEZD2zQZhwX8tEREQUe5IkKR8vifBYcdk/3u02OI7qvdAzc24z7HciIqJ4mXXV6fI3pEfnfcmf40NU8U3wPmt6fxBy3wbaz+wxTRwDkR4n3u/jQjkG33+l/s8zCgyzEBEREZElWsW7AVZOdcTKMJQOQnk9hDo1EhEREREREVE0ial9jAQLeER7fbD2BVsfzf6ZddXp0hUXjZSfT50wSlr4ySqGYIiIiIiIiIiaxDUAowy/cKojIuuZnRqJiIiIiIiIKNpye7WEMsAx+7lVqvXBAh7RXh+sfcHWR7t/zGCFGCIiIiIiIkpnca8AE+5UR6FUhiFKZeG8FvQCZ0RERERERESUuMqrjuDnb3+Bs7IR+Tnt/dazQgwRERERERGlu7gGYJThF051RBS+UF8/Ytu8vDyGYIiIiIiIiCgm9AIcNpttsiRJS4zWB9s/2uuDtU+5Ptr9Q0RERERERESBxb0CDMMsRPF73bGKEhEREREREcWDs7IRAHDXjNGLZ111uuF65ZQ+8VgfrP3R7h9B20699usFaMR6TodERERERERE6aBFojeQARkivnaIiIiIiIgodSirr+TntJf/JeJ6veorwdZb2T/i+KG2XwRktOuIiIiIiIiIUllCB2D4AT4RX0NERERERESUupyVjQGrqcR7far3HxEREREREVEqacUuICIiIiIiIiKieCivOtL0f31Crk8U/10T2fURERERERERpYOECcDY7XZ4PB7eESK+1oiIiIiIiChFOSsbVVPyLPxklU08njphlJRo64O1P9r9o2xnpNdHRERERERElOriHoDhFC1E8XvdMQhDRERERERERERERERERESpoAW7gIiIiIiIiIiIiIiIiIiIiIiSGQMwREREREREREQUFzabbXIqr0/0/iEiIiIiIiJKJa3YBUREREREREREFG3vfrq66OJzCheXV9XLzwFVSCMh1wdrf7T7R9HGsK9PkqQlHIFERERERESU6hiAISIiIiIiIiKiWFiiExpRBTMScb3NZgvYfsX6qPRP0/GXWHF9RERERERERKmMARgiIiIiIiIiIoo6SZKA4IGMZF8fqURvHxEREREREVHCasEuICIiIiIiIiIiIiIiIiIiIqJkxgAMERERERERERERERERERERESU1ToFEREREFKZ/Dx4shbL9ZRs22OLV1gEDBgAAysrKeONSwEufrEmEZkghbm+Ld4OvnTCSg4eIiIiIiIiIiIgoRTEAQ0RERGSSNvAy4owzcGjnTlP7Hqyu9ts/noEYojCoxu+0gjxUeY+Y2rHeewjOUpc2MMPxT0RERERERERERESWYQCGiIiIKABlaEUZeGndrVvIxxraqRPa9OyJg9XVfsdmGIYSlDxGlYGXXhktQz5Qfp4DHTJao957CAC0gRiOfyIiIiIiIiIiIiKKCAMwRERERDpEOCWUKi+h6ty6NQCg57HHyudjEIYShASEVuUlVH17dAQAdOrUSRmG4fgnIiIiIiIiIiIiorAwAENERESk8e/Bg6XTpk7FoR07YnbOoZ06yedmCIbiTJpWkBfTE+bnOQDIVWE4/omIiIiIiIiIiIgoZC3YBURERETNRPglXjq3bq2aGokoxmIeflFqqgrD8U9EREREREREREREIWMAhoiIiKjJvwcPlkaccUbc28EQDMVJXMMvAkMwRERERERERERERBQOBmCIiIiIEP/KL1oMwVCMJUT4RWAIhoiIiIiIiIiIiIhC1YpdQERERKkmnOBIIlR+0Qo3BHPZhg02joK0FvKYSaTwi9C3R0dU1OwJJwTD8U9ERERERERERESUhhiAISIiopTy78GDpeFDhqTM9YRzLf8ePFhiCCZtSWPyB6bMxYRzLSudmyQwBENERERERERERESUdhiAISIiopTx78GDpaGdOsnPW3frFnD7Qzt3JtX1mb2eoZ06MQSTnqT8PIf8pFdGy4AbV3mPJNXFmb2e/DwHnKUuhmCIiIiIiIiIiIiI0kwLdgERERGlAhF+adOzJ4DgYRGz2ySKUK6nTc+ecgiGIyNtSPl5DnTIaA0geFjE7DaJIpTr6ZDRGk1BII5/IiIiIiIiIiIiojTCAAwRERElvXDCL0IyhGDCuR6GYNJKyOEXIRlCMOFcD0MwREREREREREREROmHUyARERFRUtNOe0RqihAMp4NJTappj0iN0yERERGF5868LikdIn28dDffG6SQlz5Z4/ceOcUvWTV+r50wkoOAiIiIiKgJAzBERESUtJSVXw5WV7NDdLTp2RNDATxQVyfdf+hQ3H/Rf+LFNyfVL6N/fPeZRP5wRK78Uu89xMGuQ1SCiWcIpthZqrpnSdaFton5eRxIRERpRARfrhh3Kloe0zYlr3HlBpd8nQzCpBwJACYP75+yF/hT1W5U1OwR7ylt4v0m37MREREREfkwAENERERJiZVfQjO0Uyc8UFcX10oYJ158s9S575Ck6rcTL75ZStAQDCu/hCAeIZgNNbWoqN6humd9e3ZPqn6rqN4hFTtLbQAg2j64R2cOKCKiFHVnXhdpyqhTACBlwy8AMGawQ3XNDMEkh43q91W674/HndAv5fvhhF5dmt+r+YIwtkD9MyjJ3n8SEREREUWKARgiIiIiijpl+OWYzOQILh1oqEPnvkMSOQRDySPpwi+AL/RSUb1DAmCrqN6BvvwAhYgoZSnDL/YO7eTlmY5s+XGDa7tqn2ReN2awAys3uNC/bx+GYFLkvZYIvxzbMvVv5Qm9uuCnqt3o26OjKgRDREREREQMwBARERFRlOmFX9pndkjoNjc21OOYzE4MwVBYtNMeaYMjvTJaJnT7q7xH5MfKEAzvLBFRarq1cIg0tSn8ko769+2DWwuHSH9bvZ7f6xLUS5+sCbQ6LSq/GBEhmIqaPbrjd/lPW3DthJEcRERERESUNlqwC4iIiIgoWpIx/KJso2izCMHwjlKIki78otfGpmuQKqp3aMM9RESU5G4tHCJNHZwjP1dWf0l1yqmQjutwDG4tHML3ekn4XksZfkmH6i+Cciqkvj06AgDHLxERERERWAGGiIiIiKIkWcMvQvvMDqwEQ5FIyvCLsq2sBENElF70wi/a6YRSbZ2YComSXzqFXwQxFRIRERERETVjBRgiIiIispxR+CUvuxPysjv5bZ+oy1kJhsKU1OEXozaLSjC8vURERERERERERJSIWAGGiIiIiIiIiIgozYwePVo6Ncg2mY5s+bG2kkoqrNPrk6+++orVzpIDQ7n6fcLxS0RERERpjQGYGJoxc5ap7ebPfZSdxf4nIiJKGjff97TpXz6Xbq9L6uWBrvmZObfxl81pqNhZKvGagYn5eUk7/osKh+rew8Wr1/E1TQnppU/WKJ8afQ3yG7/XThjJziPZ6NGjpRdfexmvXH4RO0PhxddeZggmOUjjTuiH5T9tYU8oNPUJQzBERERElNYYgImx4kWLAq6fOGUKO4n9T0RElHT+PPN3qudfXPtASl/vWeeOx4jjcuTnD899jYMgjRX266l6vnpLdUpfb9+e3VXTIyXb9WoDL3OGHY8OfdRTVtVv3eG3XSoEYr766itLjzdx4sSoBcCKi4st7+/Ro0fHrK/37NkT0f4LSkqNVqn6fFpBntH+2ntjUwZnjPYLVceOHZNi/K5rbB20Ly3mN36Htj+UMONXhF9IH0MwCU8ad0I/9oIBhmCIiIiIKN0xABNFZiuOBNuPFUnY/0RERJR4vvm1UhWCIUonVd4jqhBMolOGWf4+aTwAX8glkDnDjgcAORyjPEa6V4cRwZeRj30JALB3GmzZsT11G5rOcboERCcIk6jMhF7MBle022kCMTZxLquCMLE0bNgwVX9pr+Hnn39WPdcJv0gAkJ/n8L3GM1pb1rZ6ry/k4ix1if62BboGLW3bo0EZfunWpWvQ7QNNGZQK67S6demKnbt3MQSTuOTwy7EteWu0jm1pw94jEkMwRERERJTWGICJskdnz0Z+fj4AYPbs4EGKgvwCzJ7tC2A4nU7Mmj2bncj+JyIiShl52Z0A+E8xlCzLtRiCoXSWDCEYEVrRhlnC8fdJ4+XQjDhuOgZhJk6cKE345y4AzWGVaBDnmDixq5TqIZhgwRcrQirKYyjCMLYA5zbcP5604RejbQL16Zj8gQCawyrRIM6x0rlJ/gB6XWProP2oDcbEIhBDRERERERElEpSKgDj8XhS8ial6nWx/4mIiIiIKFqKCodKNw/JR7eWhy0/9pxhx2PnkVYoKhwqpVMIZuLEiZKo+qKn2vl+2MfumX+h7vKRj32JiRNPT8gQzIaa2pD3WencZHZTaUz+wKiEzKYV5KHKe0QVzghGL1AyJn8gqrzGfTC4R2fL267XDrMhHgCSqPqiJ5JAjFEVmfw8h6gGYwvUVhGMUa6fVpCHYcOGxT0Ek+nIlh9rK6mkwjoiIiIiIiJKLawAQ0REREQxY1RRJVmWE1FyEOGXaLt5SH7ShmDENEahiFb4RewfLAQTznHjFZzZ/uebAADZDz8bzu5ylZJoGpM/MKQQjJYI88SirXp9FOoO0Qq/iP1NhGAMBQj22ADfcUdb0GlX5PeXcGwvfpMIsc/ecG7mNDKJQWIXhNVnHL9ERERElFaSNgDDqhxEza8Fu93OjiAiIiIigi/84qvQEpvzzRl2fNKFYLSVXOydBgfd55M/djV17LZ9Q58qZ3+FuQoeYlqkoD8jKaZmikf1GBF+UQql8ouo0BIL0wryxJRIyfQBqRTqlExmq8Tk2TNCbkypx2u6r0Nl5b25Ir+/NG1QLzxSxe8TIb1GBvViCCZBXvfDB2RhbZmbPRGCpj5jCIaIiIiI0kpSBmCSOfwye/ajHHXsf74miIiIiIhCVFQ41NRffvsqvxyOadtEJRgz28Y7KKMMv5gJvgC+8Eug6i+CMvxi5tgiqNK2b17QEMzIx77EJ3/saioEI87tqdsQ9ymUtv/5JpRfcjNgsnJBPKqpKCrBmBHvD1HDCr8Eqv4ihBN+EfsFC8Hk5zmwoKQ05BBMIgSUAk0ZlArriIiIiIiIKLVwCiQiIiIiipm87E4A/KcYSpblRBQ72kDJ3yeNR/3WHfLzDn26AwDqt+7AziO+H23X7m2Dbi33xbyt3VoextnHDcPgli3l58r2Kdusva5YBmLCCb8kM3unwaoQzN69e6Pa13dNOV35VL7PkxC4+oeo9lJRvQO9MlrGvJ96ZbRE3x4d0bdnd/m5kQUlpdLS2b9XLrItbXrw2KIvo9rOdY2tpXCqqCS7JK3SQ0RERERERBQXCR+AMVvZIhmmgJk9exZHHPs/YmbHOqdGIiIiIqJkJAIivkou6jCJoH0O+MIvw489GLd2D27ZEhuOHJFDMMq2KkMwIsgjQjviemMZhAkUflFOH5SQvyMwaJ/RNYkQTLQppj1Sjd/sh581FWqpqN4hB1DioW/P7qbaMK0gD2MWfSlf7zPrnSLoY7tryumq66bUkOnIlh9rK6mkwjoiIiIiIiJKLQkdgAllWpeZKTy10ExOm8T+15g2cazlryEiIqJYMKqokizLiSi6igqHSn997X0AwK7HHtANv6SCDn26A00hGHG9RYVDpXhOj6QKiSx7xdrjWUmvbeOvls8Xj8o2isovqvFrNvySbHpltAQefhbb/3yTPH7/8rsLWaGEiIiIiIiIiOIu6adAWlC8AgDw6OzZyM/Pj/n5nU6n/FgZNnC73Zi/YIEl55gxbRqysrLk58qqHvG45kSSjv3vdDoxa/ZsAMDsvDwQEREREaWCosKh0suDHKiCLzwQinhXfxFEFZhuIWQedj32ALredT9eHuSISQhGLyAih1UsCL6EE0CJOCwj2t0UhNG2IUahmLDHb7yrvwiiCkyvfj3DGr/XbHRJz6x3+sZvUyho8ep1SfV1SExHFYpUDDkRERERERERJauECcCEWqlCVOV4tCkIQJROxLgXQZi5IUzvxKmRiIiIiCjRiPBL6xNOkZd1a3k45a+7W8vD8lRIrU84BS8jjpVgIgi/eOo2oGf+hWHvb+802Jqpipa9Aoy/Oqbd1lT9xW/8pmr1F0FZBUY5fq/Z6Eq6SjD13kPokNE6rPAL4AvNdMhojXrvoZS814GmDEqFdfE2evRoKZXGy1dffcVKUGmi2FkKNE37l0JU43diPv/wkIiIiCgZxT0AE2rwZfbcFwEw+EKkfB3MbPqfUyMREVGiy8vuBMB/iqFkWU5E1pOnPXroVlRMvizk6hmpYNdjDwB33Y9eP32Hv772fkxDMOGETkSVFUtCKzpExZZwj61XBSYaRPiF41c9fpXTIb30yRoAwLUTRiZMe0XgJVqhlQ4ZreXzJJpOx7YH0MhvPCH3WXSMHj1aevG1l1Oqv0aPHi1FKwRjb9eWAzKx+kw6oVeXlOqvn6p2czo/IiIiohSQFFMg2e12eaqjWTNnJlUHezwerFixgiON/R9V4nXx6Ny5AIC5BQW8+URERESU8IoKh0o3D8lPqWvy7m8LtNkX0TFuHpIf20owFkx9FCtZPXvCXV0d+FpiUAWmqHAoAKTc+LXCzUPy8cx6pwTAtnT27zFp9qvslCSW6ciWH2srqaTCunhJxfALALz42stRDcFQ/InKL6kWfgGAE3p1YQiGiIiIKAUkbABGTNEipjpKtuCLsGJFCUcZ+z9mxOtEvG7mzp7F6Y6IiCihGFVUSZblRBRdQ/v1wxdpfO2J9pUnq2dPw3Weug046N4qP9+heBypHe6taJPVJ2i7AgZhokhUNeH4TezxG0i99xDueNma3xdcPjoLY/IHypVfxPGJjCjDL//7ZlVKXdtZI0YxBJP65PDLtoZ9KXVhvTPbMQRDRERElAIiDsAMLyyMylyfoQZfFi0qxqJFxSl5k0pLXSgtdRleN6Vf/0+ZMjHgem0QxszUSOG8lteuXs0fBomIiIgoLNrqL61POCXt+0TZBzGvAqMRKPwigi9HDkTvgy9xjmBBmHiEYJbO/j2gqf7C8es/fpVVYK6dsC5h2imCL9Eavyudm/DmV24AwJPXsDorqY2YfJPURrNs2MCBKXFtP2/a5Het3yx5lr83ShGi8ot2eW3D/pS4vs6ZftNFScXOUtvE/DzefCIiIqIkY0kFmEdnzw5p+1kBtg91qqNED4CUOEvCrl4jprMh9r/RuDcbhBHXMjsvLyavYyIiIiKiUAzt1w972Q1yXyRyFZGD7q1RDb4I4hwHg1SDiTW96i8cv8kzfu94ucTy8fva55sBAGPyB2Klc5P8XJwv2UMwgaYMSoV1sTRi8k1Sl17HoaFubVp8PejS6ziGYFKL1DmzrV/gpfXhnTjUqlvKXWzTtbISDBEREVESsmwKpPz8fFPbOZ1O3eXhVHxRKnGaL12bn1eAiRPVwYHi4mI4S0tisn+otNcW7/Yn+/7J3v8AUJBfoHodjB0b+Bdq4nU1uykIM3f2rKi8jomIiILJy+4EwH+KoWRZTkTWKCocKl3b6yQAR9kZAVzb66S4VIExqv4Sq/CL0pED+wKGYGJdBUZUf+H4NTd+X6r6IWE+PIxG+MXM+E2FEAxF1+vPv5wS1zH87DN4M9NQTvZxKXEdnn37eTOJiIiIUkSreJ7cbrfLwZcZ06YhKysr6D4rVqhDAiKcULxokalzTpwyJeD6YMcJdf+JU6bAbreH3Ud6x4tl+5N9/1Trf+1xRBBGvC7MBGHcbrf8ujMKwhAREVH8TJ06teXhw4fbvP/++/wtLKUkm82GyQVDdNcdPXoUhyWgFf/WNuGEG36ZevF4TD+heb+3f2qHhe8uC+kYIgQDAO7q6oDTMxHpCTf8Eur4VVZ/UY7fO14uweWjs5Ky7zId2fJjbSWVVFiXCDrYO+gur/fUJ8267OxsfqEhIiIiIqKEELcAzILiFVhQvAIzpk0ztb1R8MXs/vFktqoGsf/NEuN+/oIFAEIPwoj9RRCGiIgoVowqqiTL8lhYuHDhEQAMv1DaOfTTd2jRokVah18O/fRdSlyHOjSgDh1MP2Efpp/g+3klnDAMkJghmFS5d+yD8MfvSucmfiEnIiIiIiIiirO4BWDiHXwpLi6O6/6Rinf7k33/ZO9/7eso0iCM2J+IiIiIiEiPmeoZzcEBc5U2fNuONxWC0Z6flWAomccvEREREREREUVHq0RtWDQrvjhLS+K6f7K3P9n3T8XxE2kQhoiIiIgoViYXDJGu7XUSO8Kka3udhKLCodLi1esSujaOdqoYs6afsA8L302qW8LxG+L4fanqBwlAyo9fvemPUkGgKYNSYR0RERERERGlloQLwER7qqPiRYviun+ytz/Z90/18cMgDBERJbq87E4A/KcYSpblRETkL9zwgHYKmakXjw9rSiQijl9reOr3wd6hXVrd/5UbXHFvQ72nPunXbd++Hd2HDIhrP+49IuHYluk1j+JPVbv5RZyIiIiISCNhAjClpS6Uljb/0Gl18IUonQQLwuTlOdhJRERERJRQWp9wCvsgCfsgUHhAGxAQ3vtrgW54IJQpZXjv2AeJNH73dXIk9fhVCiUEk+nIlh9rq6wk0jojiRB+AYAO9g66y+s99cjOztZd19DYgMz2mQm/LtbSKQSTDOGXZLoXHr4VJyIiIkoZcQ/AKEMvQPjBl5kzZ6fkDUrV62L/R6agIM/UdkZBGPG6YxCGiIhi/t7PoKJKsiwnosSU0XY/gJbsiDjQCw8YBQeEi/6irvyqDCEk4ZRIxPGbcuN3S9VO1fN+vbqlxP3WXlc8dO7WBw1p8vrq3K0Pdlf9GvPzbmtQv657Z6ZGVSPtdcWDvV1b1DbsT4vxm07XSkRERJRqLAvAOJ3OkLa3KvhSUlIKAHC7XQnbyaH2jVIiX1eySMX+L2n6fZtVQRgr+oqIKB1988UXIW0/tFMndhqljAVN78PNymfwloI49NN37IMk64OpF48HoP5ATi88IAICgdZplyVbFQ2OX47fZB6/waTC1EgrN7iQ07E9v9mmoVSoCvNT1W50zmzLm0lEREREZIIlAZj58xeFvW8qB1/kXxR4PBxp7H9LiXFvVRAm0tcxEVG6CDXworWurg6oa64s0rl1a3YqJY1QAy9aTk3wtm+PjuxUSggrD9qAMm1VABvGtJHYOUHoVc/Qn9aouTrG9BPU08csfHcZpp9Q4HdcVoExZ/WWat3lhf16snM4fsNSt7dRd7leCCbQVEOJtM5oqqOcju1RuaeRL4YU4tmnX7EjmUMwRlMddc5khRIiIiIiIj2WBGDCCaFYHXzJynIk5g9eLidWrCgJe/9Eva6k+cE3RftfjH+rgjDhvo6JiOKteu9e9Dz2WBysro7aOQKFXmrumxvSsXrMmal6XnvokO//urqoVYcRffN5TQ2y2rSJ+z3Ly/Zdp3aKoWRZnkjq6urQqVMn1HsPRe0cgUIvjbs9IR2rfRe76nlFzR75/2hVhxF9ow3fUHr7UA67+D4IG9buoO52K/c1fc1s2v78Ad3YeSHQq4wh+JanXpWMWKjyHvF97azeAQA4Much3e1W33eP6jkDMRy/RmZ9vBKPnjsGUwfnBN3WU78PdXsbk2ZKpC1VO00HXH6tP4BZH6+MSzvrPfWG6xoaG5JmXfc49N3k4f2xZO1mjDuhX9Bt9x6R4Nm3P2mmRNrWsM90wKWiZg8mD+/PL95ERERERLBwCqRQWR18KXU5U/IGpep1sf8jk+fIV70erAzCEBEli//kn47r15XIIRilQzt3onU3c7+YP7Rzp+7yrxcu9FsWauAl2P7KQMy6psowelVhIr2ez2tq5D67jEMnJSyd/wpuuOs2OQSjVOU9gl4ZLU0dR3yQqqUXfAk18BJsf2UgRgRU9KrCRHo94thL57+C6yYWmDqOJLHyR7Lx7m8LHHvQcP3Kg01/9V22UzfwcviAelqBVsfsx7B2B9FY0zxdhi844zsOq8MEZxQeUK5nlRdztF/bVjo3ofc/n5OfH2M/qlp/wNPCLxijDMQwDMPxK+zcvQvdunSVQzBn5XQ2td+Wqp1hnS/c4Ey45zMjp2N7/K+yVg6/7Ny9K+b3oYO9g+7yek89Mttn6q5raGxIinXRJKq6iBDM8AFZpvbb1rAvrPOFG5wJ93xmdM5si7Vlbjn8svcI358QEREREVkSgAm1SoYnhFCB2eDL2tWr41LHcnhhoQQAM6bN1F0/f8FcjB1bENaxS5wlAY8bz+tOFOna/+K6rQrCRPt1TEQULYdefB2tr7tSVQmmTU/fhzpmQiNmwi+BQi8DHD1Cam+Zq0b1XHlsEYapPXQo7BCM8nqUlV8AoOLS/wPKSmGzmfvWFa0AgFFFlWRZHojNZpveq1evj6qqqvbEok8P7vOiTbsMVSWYDhm+sWMmNGIm/BIo9BLp+FceW4RhKmr2hB2CUV6PtvLLuq++5hfMKBPjf/v27XsSqV0bjhzBhiM29G9o/rra2NDaLzCgJQIxYrsDnhaqY3zayvej9PAAoZt0NvXi8RDTxgTbjlVgjFVU70AFmitmjckfKK8LNIaDBWJEGKZvz+7s5DQdvyudqzEmvxCAfwhG91oH+8KARtMjmRXNIIsR5TRH/6us1d1GL/yy0rmaL4YE5dm3H/Z2vu/T2hCMHlEdxmh6JLOiGWQxopzmaG2ZW3cbvfBLpNdKRERERJTMLKsAE8oH7WaqaiR68EUQ5w8UxLDb7Zadj8EX9r/edVsRhAnlNVwSYDoEIqJYCxaCCZWY8kgv+BLqB/7B9lcGAsT5esyZGTAEY4Zu+CXGGtwV6Nx3iGpZY0M92md2SKrx1dhQr3ttRqqqqs4D8Has2hcsBBMqEX7RC75Ec/yL87XvYg8YgjEjEcIvN9x4F5b+d55f+81WskkUen1eUbPH8EPzWI//YDYcOaIKrQQKDNw87I+q58/8/E/Vc+W+BzwtMOTwYd/78r1tcE7Hw2n7Pfjtn9qpKmW8/ZPvr+ODVc8QRBUNo+Oks4rqHXJopTeAbX+80bLxK45bcd896JXG1WDSffwahWD0mJ0iKZEFm+KI4ZfkYhSC0WN2iqSE/p4QZIojhl+IiIiIiJq1SrQGJUvwRStQECM/Pz/i4zP4wv43c91WVoQhIkoGI47LwTe/VgYMwYRCVH5Rhl/Mfuj/zfL1+m0cN8RwH+WxRRig5r65AUMwwRiFX9p37hLz+7N35zYc2603DjTU4ZhM3zQ9yRSCUYZfDjT4KsLs2Pi9mV2nIwYhADH+A4VgQqEXfjE7/qsbDugu75l5TEjjv3G3J2AIJhij8Es8xv+Vf3oarz9xm2pZMoVg9MIvK52b8NichzFGE+5Rstls0yVJCmv8tz7hFMvav/Jgc9UXM8GXk7t1wwUj+gAAPvhmq7xcGyRQHk8EYT7d0w7ndLTmr8Kt7AOrHd23FS3a9VEtW/juMt1pYC76S0lIxzY6jvb8iczKe7d6S7UcUtGO35XOTch95xlLxu+ROQ9h9X33WDYlEsdvsPHbP2H6462/vYJLb73aLwSjJ5wpkhKNMvwSbIojEX5562+v8IetBPTGnNuB+57C8AFZfiEYPeFMkZRolOGXYFMcifDL2jI33phzO8YtfI+DhoiIiIjSTsIEYJI1+KI167ppAIBHX5wrL3M6nWEfTwQvxHGJ/a+HQRgiSmeBQjAhfS1d7wuwiPBLqMGXv/zpYt31f33C94lIoCCM8nxlrhpVCKZniNcBJEb4RTAKwRgZ3WpTTNv31eGBQbcJMfyCtu3aH92/rzHuIRg9ymCMcpuVTl+/i/BLqMGXaQbvLUSoJlAQRjv+RQhGj9F1KSVC+EUwCsEYqajeEdP2RWP6k7bt2h+NJARjBTPhF73gAOALDwDAXyedbCpIoAzBpMN0SHohglidN10YhV9y33kGK3Gz5eNXhGDSYTokjt9mI0cW6IZg9GinSEq2EMz/KmvDCr+MHFmANWtKYtLGeo/xe+OGxoakWRerryIbP10IYKpfCEb3ZxHNFEnJFoJZW+YOK/zi6yMiIiIiovQU9wBMqgRftPLzCgAAztISS45D7H9TPxgzCENEaUovBFN76FDIxwkn/DJp/PiA24j1S5ctCxqCEedWhmDW1dWFdA3ug74PYBMh/CLohWACufPOO2PSrscffzzoNqGGXwBg/77GFk0Pp/fpn/fF1s2lVbEY/8oQTEXNHs17GofqubZSChBe+GVMfuAAkVi/0rkpaAhGOf4B31+7durUSQ7t1HsPqdobSIDwS0yCSUp6IZhACmM0HcnqLaGF61Y6N+GZ5142Pf5tNtv0Pv3zvqgo31AVy/5WTnsUKPxy0Sm+ShX5PXwfJjlrfD9u9u3bF/k9JDhrbOjbty8uGNEHzhobbkbwEMzavW1SNgRzwYy78cH8OXFvx8gJM1L6/Yxy2qNAlYusHr9H5jyEihQOwUyL+8+9/ROkHZrXkyYEo/993H+KpEfPHRP2OcMNz/yvsjbsc+qFXwJNcSTCL7HUwa5fHbHeU4/M9pm66xoaG5JiXbRoQzB69KZIWrJ2c9jnDDc8s7bMHfY59cIvgaY4YviFiIiIiCiOAZhUDb7oWbSomCON/R9ToQZhiIhSgTYEE6pIwy+3/flZ3e0u+81lAHxBmHBDMKEKEn6JWQDgP7N/j9/OfhWAOgQTUKfYjpug7YE6/PL0jRfj+jnPmz7+1s2lZ2RlO7a6t7u+jsX4FyEYLREcyc9zyIESK8MvotKLlthmTP7AkEMwyiowFoVfYvoaUI7/UEMwiSqc8d+zd7+t1du2fJ1o1/Led9/5/tdbZ/A43V0w4264w6hKFi1ZPXum3T3IfecZlF9yM8dvGKbxjz/UY2nUUJSvWqcKwejRTpEkQjDhCjc8E8k5RduV12REGX7JHTUUK4oXA+jHAZOg41cZgtGjnSJJhGDCFW54JpJzirYrr8mIMvzSPH6JiIiIiNJP3AIw6RB8IYo3s0EYIqJk9c2vlRhxXI78XBmCqWmqIiHsrPH95V23HsZ/uRdK+GVIP99x/v3ff8vLJ//hGuRl+cIHpW4vlvzrZXn9Zb+5DEP6ZeGb5etDDsHoMbqeig3rAPh/+N9Yu1v5NK4hmGSiDb+Ew7t/X/dYjv+D+7xyoEU5XhxDfB/+iTCJdptQwi+iooyYOgkAHI481fh3uUrl9WPyByI/zwFnqSukEIyz1CXvp2yv0fh3mRv/MXsNxCsEYzTNUq+MliEdZ6VzkxxeClco4//QT9/Jjw94WgAhFrAyU/0F0K+EEQltFZhQHfC0kNur7IN4cldX6wZMxLJ4B2GUbUuUUI7f+A2R2eovVo9hbRWYVBi/FNy0cRdgAaAKwejRTpEUbAqhQCINz0Ry7ubva81THOnp2rUrysvL0GMgA1PJMn5FCEaPdoqkYFMIBRJpeCaScwvKKY60oZ+1ZW58/MIjAMDxS0RERERpL+5TIKVq8GXiWAeKV7gAACXOkoiPRez/SAQLwhARJaPFb//TVjT9jxJuukE3BBAqsx/+K4lwizL4IuRlZSDvvhtVQZhRJw0PuU1lmiCPGXof/rvKSrFkwb8uVSyOegDgt7NfxX9m/14VAqitWB9wn9KaWvzwww8xGUOlpaWo9ZorxS/CL7c9927I52nZquURq9s+acbVtpeffT6s8a9XSSWc8S9CEcrgi2r8Z+WrgjDaaZjMjP/qhgOmK7+EOP6j/hrQG//T/m82bvjDZX5TR610bsLz//o3hmXUwn7jjZac35NhR9+e3VFRvQN2rwcAoJwY683nnsPPQcb/4QP7gRuv8d1neGI2/sUH6juPtEK3lodN7yfCL+IY8TDk8GGsb2X+x+ydR1rJAYRgbDabPGYlSUI8xTMIE0nlF9GH0ew/ZSAkFCL8Emz89v7ncziA6IzvI3MeQkuTIZgq7xFs//NNOMaOpBu/ycrq8asMEQC+8Iewa9cuvymSRAgmXFYEWCKhDL907doVu3bt8rtmwBceOLHguJi2LffU4Sj/dm1Sj8/uQwbE9HzK8fvGnNt1x69yiiQRggmXFQGWiN7XKcIv4n8Rgllb5pb7IB7j14r+jbdtDfv4TYaIiIgohVgWgCkxKHtuJFWDL7/93S22/7z2dwmwJjihPMZvf3cLq+Kw/yNiFITxuJwhv4aJiBJBoBCMkXA+6FcS1V9W/eD7JbVe+EUpLysD+MM1WPKvl7Hqh7UYddJw01VgzLRXu15UxhACfPgPxCkEk2wiCb8AAKL0QV+gEIyext0eOUzSM/MYIDP014Ko/iKOoxd+8Rv/yIPLVaqq5mKmCoySUXvDHf9t27U/un9fYwvEIQTz/L/+DShCMCL8YjW714MKC7MJsRr/67ZsCes053Tchw59movN1G/dAQBhLYt0/95Ny0K1bssW9Aq+WcwqeBlVgVH9XB/jIIy2PWGed7rNZotKCEY7fqu8R0xVXirs1xN49bmkfk+WaOM3hVk6fkWIYM0a/T8c0oZgwhVpeEaIpA1Ac/jFSCzDAyJUdNaIUfjfN6uQe+pwrP3sC7/tGhobDI+RKOtyT/WF/M8aMcqS+2TV+FVOkRRo6qCg76ksCndE0gZAXeXl3OvvlpfFY/yKKaV6Z7bDtoZ9SR2CEeGX3pnt5GsjIiIiouRmSQBGhFjC2ScVpzqyOoQhjsnhyv63ijYIE+7rmIgoUbz87PPQhgBiQW/KI731yhBMLIkP//VEOwAw9/EHMPPO+9Gl/zBVCODCO+eaPsbrrztw5ZUuv+evv+7//V1vudjXaHsztOGX/XU7MPfxBzj+4T/lUcDx3xSCCUeoYRkz479p7AuWvwaW/nceJv3mKlPj3yj8YtX4X/xPOwB7BOPfA1fT/vvrdmDpf+dFfWwpq2fsPNIK2LrDL6CS7Oq37vBdm841mxC1AIeWCJiYDcLEigWBm6j1obiXYgqxVCSqvyT6+E1hEffhguUfYNq4CwD4QgRGUwIB6hBMuGIViAgkWPgFgCo88GPJr1FvkzYEM/zsM1SVYOo99chsn6m7b0NjQ0KsE5VfYhl+CWX8KkMw4Yo0uGIFZfhFuQyAvDzW4zcVQjAMvxARERGlpogDMKkYYLECAyvs/2TA1y8RpYprbrohZiGAzVud8NT5qk7offj/p/t805c8Mec53zJFCGAJgFU/rEVtQw1GYEhU2yk+/HcMyNMNAUQ7AADoh2BeuuPSgPs891zzX8B36tQJS5Z0wuTJa7FkyXB06gQALnTq5FsmLFky3HD55Mlr5Q/7xXOlYO3Zs2dPQodfYj3+Ad8USj9/9hUm3pcf0vh3uRDydEbRGv86pvcbOPS/WzatO2hVG/RCMM3jTZKnkFKOQavH/+lTt1gy/m++8Zqoh18CVY9ItRCMNvyi1xdmxmwsQwTxmOooBizrw0Dj12wVmGShDb8kw/hNURH1YfmqdVgAyCECAMjNbZ7CRkwHlDtqKMpXrZNDMOGKJDyjFEkbRPilx8A81GwqNbxmwBceENsIVk9BpZ1eSlkJxozuCbROG36J5D5FY/yKEAwAwyCMspKKViThGbPnCEaEXMT4fWPO7bjivqfka4/l+H3wxmtw73Mvo3+PzrohGCVPEnwx1YZfNtfU4sEbr8GrC9/jdxoiIiKiJNWKXUBERESpINYhAD3iw3/x+Ik58ZnOQPnhfwgsDwAA/iGYZ284P6T96+rqsGTJcNTV1aGTLwEAQHzo70+5XPthfziChV/iNdYiGf/hVlSxavx/8d5/Me13lyba+Edd7c5zAXxgZVu0IRjt+D+xoxTV8e/RVH4Jd/w/Nudh3fBLND7U77vk38Bd92PXY+rXmwjBCPVJFIip17RbL/zS9a770XfJv3EotENPt9lsqvBi2B9sjb8aWPYKUsL4q0PuQ6s+0DYav1XeI1F7zcSCaD8A3fBL3Mdv+gpr/P7zlG54BfohAj3KEEy4rApERNKG8vIyeYqYTzcZh2OV4YE3zh4KT/2+qHzN0E4vJUIwyUoZfunatasqkGGld957H0899ljI43fjpwsx6JypWFvmVgValKEUX1BGz1RTbTMTrjE+R3Chjt8ly7/WVjSJSvhQGYJJVsrwy4uzZ/G7CxEREVGSYwCGiIiIkt6I43Lwza+VqhBAmatGtc3OGrfl59V+wF/q9qqqwgDAkn+9jCU6+2rbFyqj6wn3w3/A2gCAuCeAOgRz7ZNvBdxvWIb6uW9qF9//S5Y0BwD8K2DoLw8WggnWHiDy8IsEYNDxJ9maHsZ1/LfvYo9o7LXvYsfPn30V1vgfdvZoed9Q2lC2OzbjH5LUwqp70qmVhLrDvkJ7yhCMcrzd8IfL/MZfoo7/SMIvEoDjhp1s+/Xn74OO/9YnnIJDP30HTL5M/+ueIjjSreVhVbAEgN/zSJdZecxAFV+EQz99h9YnnBLqcIu4gpe902B46jak1PsCe6fB5ja02dDCZjvXZrN93PylILwv1cHGL6AOkiQKvdeytp2BKr7Ee/ymtQjG79VHyvFKy1w5RAAAvXr1QlVVFXr1aq5nNG3cBViw/APkjhoadjMjDc9ohdsWvf2016wMDzzsMCyYG7UQTLIzM82UFW6/6y5VCMbs+D2ydz1aHjtEDsGIYMqRvesNx0hzBZnARLgGQMCAjZXjVxxTb/w+/89/RX38bq6pRf8enQGkxtRBDL8QERERpQ4GYIiIiCgl+IUAouTYDnb5sah4IaaAEVO+AJCnhJncNAUMoA4MrFjy36i1Ufnhf/vOXczvaGEAQHlPgOYQTGZW36D7VVRUAADq6hyoqKjAGWdUoKKi+bn4Xwi23Oi5GVZUfvHU7mwPSZoC4P14j3/HkLyIxt6xHezonNkjJce/zWbdzJBtW7VC21bNHyKLEEwyjv9IK7+YHf+7HnsAuOt+9PrpO8MqGkpmAiUhje2bbkOfHN9fLm+t3Ie9zz4ds+9fyuoZFZMvC3jdBqwJEaRCFZjxIU6zIkk4Kkn2SE+rN37Lt9TJ61c6NyH3nWei994kzPFbfsnNGJM/UHed2TYnzPhNR2GOX0/9Ptg7tFOFYAIRIYJIuAZeac33+E2vR7VLteEXTfUX1biNNESgnV7Kqmmi4kUZfukxMA+7dn0VlfOIaiPKEEwo41eEYJTPrRi/rqbZ387p1zwFkAi/fLqlrW/8RvkeaMMvAUIploZgAMhBmGSlDL9Ec/wSERERUWwwAENEREQpQ4QAxk7+Dd555n7VlCF1dXW45GbfhzI7a9yoePROXNGjB3oee2zI53l82Gh0zuwhV7zIy8oA/nBNcwigifLDf1ERo7ahBnf+HPov1D6vqcH3e/ei76zH0a2H768Kja7RtcH3i+CQwi+wNgCgvSdAcwgmIEem/PCMM75QrRLPQ11u9BwAGtyBAwFWTHt09MgRHDp0sGUijP/G3R4MHXEaHEPy0LdHR9U2Zv394aciGv+3/Pn2kM9ZV1eHipo9cK0vjdr4j4ZeGS39QjDCY3MeTvjxb8W0R+GM/0M/fYe+QNAQTKSUoQGlPjntgMfvBRD9MIwcHvjpu0gPFVGIQK4CIwIkyRaEUQRfTFd/af7uJ1lZoEuM3zXHnwcgeuEXK8Zv7jvPYCX8QzAhh1/iPH7TW2jjt25vIzod294vBBNMsGlmjEQanIlHe7Thl7q9jejaNkN33EYSIjjzeN90R8oQTDJThl9OLDgO61ZbHyDw7NsPe7u2fiGYUMfLwm83yeGUQGMp3PGrrPoiwi/RGL97f/nabxtt+MWzb7/h191Ixm+/tjZs2e/b97M3XsbZV1xjaj9lUEaEZ6zUv0dnU8fVtkMZfonW+CUiIiKi2GEAhoiIiFLKiONyQppepXrv3rBCMADkihciBJDXVBFDS1TICNfnNaFPWZMIH/4r74kyBBPIO88/GdO2BWuP3rWExyYl4vivq6sLKwQTy/FfV1eX1ONfG4IJ5KHbb45p24K1R+9aojn+dz32AHDP39DroVtVIRh5nUWMggN6+uS0w9abbrM8BNO16bqU4YGqe/4W9nV2bHfMoT37Dpj7vud8Hz3zL/RbLoIjqiBMEgkUfKl2GhcgskGyJP6iHb84/jysdG7CyH6dsMvC64z2+DUTfonX+L39N2cC//0c0wrykE4WlJT6rt2i8asXglljdO6mD9zD/cBevsdtW8e/H5d/gB9Lfg24jV74JQhLQzDCmjUlqqmEdu3aFfE0UtE4plJ5eZkcHogmvRDMJRddmDDjd427NUZm1Tc97oCObWM3fkMIv1gyfpU+e+PloGPt7CuukadNEiEV5X6Rjl9x/GDH1WsHgJiMXyIiIiKKDQZgiIiIKOUMcPQIuk3fWY/jjaYqMNV796LvwIGmjn2wuhp3/vyVXAVGGQLQo/zwX1v9pU3PnkHP97HTCQBy9RczEunDf0EZgglmyZIlCTmuwg+/JN74d60vBeCrAlNXV4e+PbubOna99xBu+fPtchWYUMe/svpLh4zgHyZUVO/w/d9U/SVZx78yBJOM43+lcxMAWPah85KS9TYUQLq210k44GmBY+xH5XXaEEGvn75D6xNOkYMwQ/v1M32eL66b4bcslPCA0CenHQJNkHDGi/NNH2vdFt8cCSI4cKhpuV544IDHNyvdS1U/YEnJ+ksDHfeohVPYhV5BJe3YXqr6Iej4ld9vNE2JlKjj9/fjT8Kry37AmPyBWOnchN+PPwkYPz9pxy8Ze8O52XZr4RDprJzOfiEYI2J6mQWIPEQQTyI8IKaICUQbfvlfZS3mlmwINIYtCcFo+1xP7qihhvfJaF24xwzl+GaPE+nX3rVlbmn4gCy/EEy443fqqQNTbvyGEH6xZPz2a2tT3ftAY21z+Wr0zy2UQyeby1fLU4FZMX7F8bXLtcdXbieen3NF8n59IyIiIiJ/DMAQERFRyurXr7mke13dd37BgML3P8EbF07AFT16oGLTJlMhmDY9e+qGYJbAf8oXZdWLSMMv097/RK7sobwOvWvcWeOOaT+7ykrx1iffWXKsk867IqZtD6VaSqBtXWWBfyFta2FLuPHfM/MYVNTsQd8eHVFRvcNUCKZDRmvdEIyZ8R9J+KVn5jFobJr6KNHG//OPPY2KGVf7TSEC+IIjjbs9CTv+P/78W/lx+y52ANCdCkVcwytLS3SPs2LJfyMa/0YhAgCqIAwABKoH1PqEU1TPz3hxvipEEE54QDuFzLGaahpnvDgfe595ULVPoOlgeoltmv6varpOo/CAeaFVmTKqApOKAlV/sYLh+N1SJ4+HhB+/TdM1AUDdNVMSfvwuKClNmyowC0pKLT3e31avt40ePVq6u5e6EszdvQCseQ95AFAJ3N0L6Hek3Pe1v2UuyletiygE06l9/CrAiPDAsUcPowbNVV62tPG/Zm345S/rduCH9ZsuNXGakEMEn/+ySg6/KPv1oQAf9hv1/0Or1gW8N+EcU9l/ZrZVbhesUkk4rp0wEt+UV+iGYJ5+7d+qbU+f8hv0zvR9vXzqscf8xu/UUwdi4bebojZ+NzZ0waDM3ZaMe+34FVVetjXs87vmMMIvEY1fESIJdfx+s3WH6rmV4/ebrTswok93jOhzQcDx+83WHXIQZ9q4C6I+fomIiIgothiAISIiorQ2zYIQDABVEECptsEXmog0/ELJrXXrYxKyXVaEYMyM/0jDL4mucbcHK52bVOGRUMMviXANot0A5GoQVlxDOONf/kC96QP2vkt8H24FCpco12nDBIHCA9qQAAAMefxe3fCA0ZQygdql6oumdlVMvkx9nRGyhTAJStu+edhfUZoWIRgRfmnb17qwxKTZr2Lp7N8HH7+X3IyR/Tqh6p6/Jfz4Fa/9C9/6a8KP33fK2uCSAQfTIgQjwi/vlLWx/NiPVPkCHyIE0+nY9n7bKKdIsiIEEy8iPACopzjSu2agOfzySFUYY9lmg9kQgahqoa0AI+TmDmj+mrLLmonUonFMvf7WViqx2YyDsKFWHnljzu3AfU9BGYKxt/OfZ0g5RZJeCCYZx69yiiO9awb8wy9ry9xRHb/9why/I/p0j+v4HdGnuxzEieX4JSIiIqLYYACGiIiIUlL7rn3RrVsX7Ny5G926dUH7rn0Ntz3lb6/jjVuvDDsEA0AOwmgpgy9iv2CU4ZdT/va6JdcYbWam3UllK5J4/Dfu9qACCDsEA0AOwmgpgy9iv2CU4ZfG3R4gs0fSjH8Rglnp3OQL7mQm7+tCBGHMvLbDHf+3V27BUzm+KWG0VTQE+QP2u+4PafoYQD2FjF54QC84IKy/U13VRRlAUE4p88V1M0KaAgnwTSMTKDigrJ5xe+UWDGpp4qDSUdPn/78N4/GPwcvkEAyAlAvCKKu+tO2bh//bMB5rjDa22YAQPsC6dsJILJ2dYuN32Q8AgE4vL0qO8YtlcggGQMoFYZRVX94pa2Pp+BVGjizAI2tKVCEYPUYhmFBld2prSd9sF32kqNYQjAgPXN1U0UZUedGjDL907doVlXU7onKPR0ydAwlA+aqlvjE8LjWmXxHhgf7jbkF/ADU7G8Sq6QDetuo8Gz9dCGCqKgSjxygEI7/Wlq+P2vhtRG9kd7Ju/N5+113yNRkR4Rdt6OW6iQWXWnmf33nP9z32qcceS7jxG2qwRrm9GL/KoFE0xi8RERERRR8DMEREREQIPwQDQBWECbZtMGbDL0RWCjcEA0AVhAm2bTAi/JKsemYeIwdHKLi8oQW4fV1J0BAB4AsSfBHmeY696Ta/ZXrhAbGd3nJtAEE5lYwyqBApbXggb2gBjpZ+bGLP0KZZEyEYAKogTCoRVV/+b8P4uIzf3HeeSZ7xe8nNyH3nGXzxThKNX/jGrzIIA0B3OjohEb4+G7VP2zZR9SVa4xfwD8HoEVMkaUMw8RTO+bXhF6PrBZrDL9FUs7MBPbplQuozCeWrlpoOFQUKToQSqgh3v2DbivCLuEaNqIZg9IgpkrQhmGQbv9rwS6ApjtaWufHxC48AAM69/u6oXIO2T8MZv5vLE2P8KtthEH6JyvglIiIiouhiAIaIiIioydPr1+O2IUNCCsEA5sMtwSjDL31nPW7JMRtrd/PGkikXnDIAH3xXFlIIBjAfbglGWfmlb4+OMR//thY2y/oyGaZtMnMN1Q0Hon6eUEIw4dKrnqE3NYxMM33M3mefBh6/1++Y6y3uC73wgHnmK0D8Y/Ay9NvwpPzBugjCpBpxfR/hPGwZfAeA0w26TuL4Tebxi+bxe8mAg37T0QkiYBKN6YRC49++lc5Nfu2K9vjNHTUU5avWqUIwekR1GGUIJhSvtMwFAGz/6G+W9mKo7QBCD7/0GJiHyk3rLR8BtTu3onO3Pn4hGDMChSfCDXaY3S/YduXlZX7hl9qdW7WbWRIiEONXGYLRvedN1WGUgY1QiAonVo/fUNsBhB5+6TEwD/+87Qr88ek3LG27Xp+Kfkr28asNv+j0NUMwREREREmCARgiIiJKet/8WokRx+VYcixlCGbt+vUxv5Z4hl8iCQCUuWo4EFNg/GtDMLFWUbPHsmOFOv6PHjnaYsDg/MyyDc6GSMZ/+y72lHo9lMUgQxeLEIERveoYgC8gsFVRJSPaIgsPAFIIFTT2V5Riy+A78NEG4Dx8FNUKE/EmwgP7K0qNN2rREi2lI1lHJLg5fpN8/G7w/bcSxXLIRARfui2ZCAD4vziPyZ0DilXPVzo3oduSibrtiub4LV+1zi8Eo0c5RVKgqYP0hBOYCUWo7QHUUxzpUYZfajaVRq3teiEYpcy9Dqzfq3g+1AGpz9CIzhmNYyr17+P7P0D4RYg4RKAcv3rEFEDKKZICTR2k+/U1jMBMKEJtD2A8xZGgDL9Ec/wGCxZta1C/Nn97w03ondkuonNG45iB7kuAoBFDMERERERJgAEYIiIiSmqNDXvw/SfvA7jQ8hDMpM6dY3ot0Qi/bPruMxxs2cHUPpEEAFYs+S8HY4qMf2UIJpYqavbAtb4UjiF5cRn/ntqdbQ54903K6TeoAsBqjv/oa/DsRqa9CwD9EAEAS4IEWyv3qUICWyubP0TRCw8o1603cYxIKIMDgH94oMGzG+3NHMgWWoBRhAj+gTvQb8OTOA8fpdTYaq6agcDhAQDS0SO2I8C4li1s1UeOSivScfwqp2tKhfHbbclErESx/DiRiLaNyR8oh1/iMX7vuefPeOihh1UhAuW0P7t27fKbIqnTse1DutZwAirRpAy/dO3aFbt27fK7ZqA5PHDOFRfglb9YG4b/ZsmzttGjR0uZQ6epQjBanbv18Vumt10oonFMIyL80rBuAb79+utLdTaZ3rNb5/9U76wN64ukcvwCvkCIqAIjwiHaKZLs7dqGdI5wAirRpAy/fPzCI7rjt2vXrn7j97qJBZda1YaJ+Xm2Ymep1DmzbcBgkV5fR9qf0ThmsL4OIKLxS0RERETRxwAMERERpYRohWBiKRrhl1CEGwBY/PY/bUXT/yj987lHVMunTJqETp06yc/r6upw0kmLVMuEfv1aYMsW498h9uvn+5Bty5ajqKurww8/TPE79t1334NPPjlVXl5XVwcAmDDhWwAIa90jjzzkd55xv71e1bZ133yNJQv+dWksx8q1E0YCAN55NjrjX4RgdMepJhhjVdUW1/pSxf95MR//ALB/X6OtcstGB8d/7MZ/oBAB4P8BezgOzJkL/0I2vuOu/ePDQfZuEfQYVtELD1ht7969tmOPPVY64YZ/YX9FKdr2zZODBKlIhAd+ev4PaGxsDDhOjxyVerZo2WoqgIUcv8k/fi/BQQCJOcWXaFuw9kV7/CpDBGsMKsBceuvVeORvr8ghmFCEGpgJVajtAXzhl6GFow2rYyjDA9HUsG4BlCGYVKIMvwSyq27PJT27dX4PULwgQtA8foGWx/p+ZhPhlzfm3I6RIwtwZO96rC1rrgQTilADM6EKtT3i+n743/uG62Mxfh+88Rrc+9zLUIZgUonZ+xLp+CUiIiKi6GIAhoiIiJLasqXvXApc8tbok/PkEIARMS3Jzhp12Wjtc2Fzv366H2CfdFIX0x9W6zH6ALuvZjuz7dS7RvHh/8GWHZr6yJxwAgCRCuXDfzNaD2qBQxuPovvILtixZrcl69Jx/M+7/xbd8Y8LKuQQTEXNHmxdmW/J+NcGK7Rti8X4j4d0Hv/VZ8xAzy/mBw0RpAOj8ED1GTMw4D/fWHoubYgAANr2zUup/lRWzTATHhCOHjnciuOX4zdW3ilrE7fxK4gQAQDk5g6Ql4tqKNPG+T5IFyGYUIQTUIkmEX45seA4fNoUgMnNHYDy8ubAbyzCLwAwcmQB1qxpDsGkmoZ1C+QqO0YOHzlqi/Q8YvwOOmeIpvIL5PG7YPkHcggmFOEEVKJJhF8SYfx+9sbLOPuKa+QQTDqyYvwSERERUfQwAENERERJTxsC6HjcqLCO882vlUEraAwa1AbbWvs+LNbjyPL9Lszllgy3wZrgbWms3Y32nbuEdR3p/OE/ABzaeFT+MN+qdRz/zeNfSznOrRr/6776GkNHn8bxnwbjnyGCwOEB80L7HEaECNKhf82GBzh+U2v8XvLfz3H7b85MyD675L+fY6VzE9bcdWZcx69wzz1/RlFRkeH6aeMuQPmqdXjEoEqMkVADM6F6pCq07bt27YoTC47zWy6CP7t27YpJeEBQhmBSiQi/WPuqDz5+r7jvKcPx6wt5TdVdr506Sbs8WrTnMzq32O7jFx7RHZ/xGr/KEEwqqW3wBXo6Z7aVH0dz/BIRERFRdDAAQ2ljeGGhxF6gRLd29Wr+HE0UJmUIoOyrJbrbaJfv2aTZYOSJQUMAGzceRPeR+uuUH/4HMmhQG/zwg/F6MYXLnk3f6rbTr90615goH/7365crP66r+06zLrIP/42OHehD/HDWBbqGdBz/Jw72Pa6o2YNq90lRG//iNcDxn9rj/+Ru3fB9gBBBOjAKD5zcrRu+37nT1DGOIrwfdU44Y4Lfsv2NDbj4igm62//701r0Pn1MWOfa9uVKXHZO56j04btvfIK27TP9lv/0xSdRvXccv4k9fu/++wMJPX5F++I1fkPV4/LnTW3n2PQ61qwpwb8ONocgAlUCCYU6WLELI0cWwDXwSlP7Hin+S1T6pVWrVjh8+HBI++SOGoryVevkEEwqEfeox8A87Nr1laXHHpHbN+B6ZfUXrU+3+Ac1zum3H2vL3HLg5NMtbeXxC4NADeAfjgkUZjEipmnSjl/RpkDtTpTxK0IwAPyCMIHCI4EojxPuMSI51ouzZ+G62Y/K2587fPClICIiIqKkwwAMpTwRfJnidLIzKGnGK4MwROERIYDj+nRD464K7NzZDQCwc+duNO6qAPp0C7j/95+8j5MnXKgKAZj98Nfsh/+OLBs8dTA8tvjwf9N3n6nW6zG6xkSvfNF6UAs4smwBq4QErCQSoILIXXe1B+AFxool7SHeAoS7juM/PuP/8O7NHP9pMv6NQgQAkNHuWACAd99e1Qft4Tq0YwNajrxIf93qd333qPBi3fVH1ryH1t0HR9yG0nUlqusStOGBUNgA26De3TJ8NzKxZXWyw7PFY8mx7P3scNd54no9HL8cv6Ha6/kKxx4/Glmd4jd+Fyz/QJ7eyKyObVtHdM6uXbuiTdFduusOLn4MAAKuNwrRmG1XbYjt/bHkV1PbHT58GG1atzp68JD5EEH5qnWqEIzWmjUlqrDPrl27AvZfMKL/tMfUO3ckxHQ8PQbmoWZTKfbX7Ujo8bvG3Rojs+qxtsyNNe4O6KjIcHz8wiN+/X/u9XcDgCo0o6zQEmz86lXG0bZLtMn3uLlNiTp+RQimtmG/HDgR4ZEXZ88Kafz+/qRO8nHEMV79oS6s8atskzjWZ2+8bGr8vv/v+bjwshn85QoRERFREmMAhlKWNvhiz2CfUOIT45VBGKLwLVv6zqWYdMlbeut+3Rr4L5G7deuiCgEEsvnzq7F7926cesmikD78D0T54b+Z9hpdY6J8+N++a1/06tULVVVV6NWrF37d6vurzd6HgE0rjxju169fCxyulAJWxzA6ttO5wnCfcNYZnSfdx7/euOb45/gPR9++fZHfQwK+gWGIIB1owwMXjOgDZ43NdAWNRu+hluVVuy8E8HYs2tuxZ2gBhz3Vzdfh2eLBlClTLGnHokWLAHv87hvHL8dvuP5XtssXpInT+C1ftQ4LAFWIQPn1Xk+n9qEFYMTULEBzBZgW3XsH3CfYer1jmm2XXoDA6Jp/LPkVNZtKTV+rDbaQ5g+86oZrMO/5l+UQQSoR4ZdzrrgAr/xlfcBtJUmybPzu/eVr+Z6GOn43NnRBp/bBx9ryQ75jj2tdpQrBiLCM1eNXuS6Rx6+yEow2/BKKV3+ok0Mw4nm4lMEc8TyU8QsA91xWFJXxS0RERETRxwAMpRwGXyiZifHKIAxRZJYtfefSkSNHvvXDD9/5LQ+8p28KGRECaN+1L7p164KdO3ejW7cuaN+1+cPf3bt9H/aE++G/0bHFh/9mqliEd43xNWhQG2xrjfAqXwgBKmB88smp6NSpEwCgrq75l6ZimXK5cju9fSZM+JbjX2eM+qY9+gGLn/krpt78Acc/x39E8ntIcNb4rltbSUNLb1moMgDYugYO8gRab0UbjI6prJzhrLEhv4eE90weQ5IkHInRBzGhhgfEPtuU73nvuw8/ff45+qxaha2jRuGEM8+EZ84ceTkAv2V6z3HyyXF9TXP8Ju743bXtq4QevxefeSbmx3n86oUIAulW9r6p7QLFno7u2BZw32DrI2lXucnjhRoeaBrFIbdbGSLQ3hcgvABRMHrH1Dt/sGmlHJte99sPAPa2aCWHX4Ky2dCqTUb8x+/wMap1Zsbv5wDOzG7hN/WRVeO3DkAnTbuSYfyKsMmDN16jqs4S2vhtBADM39YeLbq3j2j8/qvkIP5Q0Mb33loxphNh/BIRERFRdDEAQymDwRdKJQzCEEVuzZo1IX8QLqaQESGAQCKp/LJx40Hd7UL58D/ca4wm5dQ5RjZuPIjuIwP3U7D+HDSoDX7dGrgtkXz436lTJ9X+gYiqJek2/gGEHX7h+Of4l/d/8Rb8BX/HRaecgr59+6KiokIVIogWqVvPiNZHgzI80LevL8Dwl6Xfo/HFW4BO0T13J3tP1Hmq5f8ByFOzaP8X+p/oCOkcm390ycfNysrCT48/LocH+qxahZ9GjUKfOXPkUAEAv2XiuWfOHODzz33/L1oU9FqiheOX4zdZx+/XX399KYC3Ro4skEMEZuzcWRPxuSOtABOtdgnK8EDlpvX4Yf2mqL7XECECs8IJWAQTbgUavf1qysvMhQfE/W7VOu7jd+enC8Mcv1UAmqvCWD1+O4UxtuM5fstXrZOrwEQyfv+fvTcPb+M67/2/ADdwA8B9EUVRC2Vai0V5lRpHduw4seUscprryHbiOPVNbDdt7KQ3iZK0iZJffeumbeIsrZ22ybWTWJFTN5abWN73RbItWbS1UaJEQSQlggQpLNzAFb8/wAEHgxlgAAyAGeD7eR494pw558yc95w5s5wv3vdXg8FQSGrHuprx+x97p+Iev90n96Rk/BJCCCGEkPRAAQwxPBS+kGyGQhhC0o9YBBCNRMUvsfKrXfzXK2pEAMna0xNjbT7ZxX+16FX8ko7xX4SLOP45/pO214rz1+PEg3fjD3cuiAjE4WSw4zth+fuvuC1mnXM7voNFi1qj5jG5+pPar8SZM10w33xv7Iwy7RKHjQGAP+zbh7EH78aK89cDzrdTNmYr7A0R/0+MjQAILvZH/n8ubvEAEBQcHP59ZLogFgCA6upq9ADo+bM/U0yrrq4GAPTM/93W1gbnpFOxLamE45fj18jjVyoiSBeNZYWy6d0q96eadIoHBL7wl/8bjRW1oe177/2/inmT9QAjx3e+8+2w7Xvv/b+wFRfEXQ4Adr70RFzHDgTmpo06fo+hBedNOtBYVpiS8Xs8DmGOXsbv2z2DUUMNqR+/Y6rzqhm/cuM5k+OXEEIIIYSkHgpgiGGh8IXkEhTCEJJeBBGA0v6maWCmN4BTp6KHS1+61IyZ3oUF7Vj5jbz4PzbixQP/37dw19/9gyoRQPcLt2N4eDgpTzpKCIv44hAy08fnUFFREUqbPj6H2suqZPcBiBpmBlhY/O/a9xym8qwc/xz/HP8JMD05ESYi+MH1F6FjwIQlS5Zgv0s+CIHgZeKTlzYDAJ54e8EdjrSMnOBg6XM/VPSQUTNftyeKBw25OqXePuI5R4ElS5agYyAYUkfwnLHi/PWYnpzI2nutIAYAgoIAgQuPHwcAvLtyZShNEBq8u3JlaH+m4fjl+DXy+AXCRQRK7HzpiVCIGbmQIXIIgoTGxkacPXsWjY2Nmp2zXJ2qz+vkCQBBLxnRSEQ8YDKl57VcEFiMPPK3cLlcWHbPL1SV69bpdTSdX9EEoJfjl+NXzLOeQjSWaTN+f/9eQJfjlxBCCCGEpBYKYIjhoPCF5DIUwhCSPl588vc3X3V9pAigz/1d9L2gro6D3fEf0+h2E4sAojE8HFxA13rxX0C6+C9Omz4+F/a3Un4lxIv/HP8c/xz/ySEWEQjhZGIhtzD/yUubsf/J4OJ8uT0o7ulH+GL+d5/cDwBYVC7/C+2x+f+V9gtHk9YpHA9nulSfoxJ6EQ8IYWOkaVoh9pwh3hani9NCYgOZfFqeF8cvx28ujV9gQUQgTZ9wDwJARIgZQUygRLweFLRC7XmJQ8QIbRSTLs8Zr3bswab2jVHzRBNguFyuhI6rVtRRUZp8aJdYQo25uTk4Tx28HMDvjDp+jxW1cPxy/P4OhBBCCCFEd1AAQwxDssIXj582JPpH7bimEIaQzPHHnf+hyUdFOXGBkREEE4WzvpAIIBrJeL44fnwqav5ULv4LCIv/Rg/Zw/HP8a+H8S/1pBFNRCAszAueNoCg1wkpx9d9PGyhX7yQrwVCnRfV1GD/uo9j5Xt/jPscpYjDxujBc4ZYRKDlIn11czU6Ozs1qwvOzNqJ45fj18jjFwiKCC5c1RpxX37rrb1Id4iZVCOIB4aGhiL2TbgHExcPxOlBQ7BpLBGBEmo9v2QKsVCD4zd3xu+lzbV4juOXEEIIIYToAApgiO6h8IXkEsJ4pRCGEGJEpCIARAmNkujif6z8Yih+IRz/+h3/f9x75OaPb8AOT8Xa4PElIoJodAws2EVYmBenHV/38ZAIob0uEDMsTbx88tLmMHHAkiVL8AcAOLxX9TlKURIP2N0H8ce9R9I+zzz2m2fkd9Rdgu73HFi2riWu+rrfcwAAfv7TRwE8avjrneOX4zcb2fGrB8O2lULM3H7zlrDtY9e34von9+DmC7djI0rx3OG3UVNmxuvP7QIAbDrwqVDes6PRRZyx9gNA9+G30X0YqCkzo/vw23iqxY1TN/8Tbr5wOwDgB+/+PCz/bVOfAr5sC20PDQ2FRBPSNqeTZEUwqSDUt4ffjuhbqW1vv3kLbpv6FD742K1hdWRKPJDo+JVDPH67DyOl47f78Nt47j/+X9Qy13zxCxy/CYxfNXl/uWOXLsYvIYQQQgjRFgpgiG6h8IXkMhTCEEKMilgEoETTNDDTG8CpU9EX3JcuNWOmd2HBP1Z+APjmN0sBzE+iV0p2Xqnwt2xaKeanVFkofiEc/8mP/2giglIZEUHDKw/hu5K0P0j2nxFtC+IB4e8/aNTPUiGAuO54z1EgU+KBhgo3NmN3aHs3NuPsGaBx0UrZ/Kdmgv8LgoB4Uao3Wc6eOS7bllTC8cvxa+TxK0XJc4RYRHDyzcO4/T/+H1ZXjaF9WSUA4Lu1zbDUV+DJ6zfi5n6gpakS38VfYdX4v+GP5QUoeON6bPr0GuAx4Add/wZ88+oYNzLl/cUVtXj9uV0JHf/Vfz0EWBfEA9HanAhzMzP5jWXFn1psK3kZwLloeaU2BWKHwAmNFRUCi0S5/eYtidn2078OiWDE4oF0heOJd/z+66//O+76v3zrn6On64gm4zfR48NSyfEbY/wmYtvbb94SEsFkavwSQgghhBDtoQCG6A4KXwiJHM8UwhBCjIQgApDb1+f+LvpeUFfPwe74j93R8XLK20fxC+H41278RxMRFFvLwvKeOHoAOHpAsa4T8/+XIlI8IObMiPwCjD3GfjnEdU/4RnHCF/scpe3KpOcM8YK7sL0fl6TseG5PPyrsDZrXqdSWnSm2H8cvx6+Rx69apJ402pdVouCN6/GtGw7K5l81/m8o+ng3Pv7HZXhalJ7sYvKFq7ADZfUJH18sHtD83jg7h7OjE0VnRyc+CuB38dj05JuHVfV1rxoBRhSKK2pl03e+9MTCnJCgbYU69CgeUPIEEy9ajd9E4fiNPX4TRc/jlxBCCCGEJAYFMEQ3UPhCSOzxTSEMIellbOg0XK4aAIDLNYyxodOGqFsPvPjk72++7LLLdpw9G2zj2bNnMTZ0Gi8++ZYmHxPl6n7mmWdSMgakx3nrrbdu5vjn+Of41w4lEcGZM11h+Vacv15Vff1AhHhA7PWi+1vXRa/gzZdlk5ectzZsW1q32vOTa1emwsbsxmYZrxOu0KK8lJ5XHkLPkz9J+Hj2Kz6qWHdq2vJEym3I8cvxa+TxqxZhwbumzBzy/PEPjwHfv6sPAGCprwgOXgDjK/8W+OPfY/3y5fiH97U/l0SPnyrxQLI2FXvSEJhwD0bk10SAIYP42InaVlyHHsUD4vFrVDh+Y4/fRNH7+CWEEEIIIfFDAQzJOBS+EBL/eKcQhhBCIjnW46IRCMe/QZETEUiRS5Nj7MG78Zv5v38j3bl8EQ6f7E1oYWPJeWt3RKt7ellbQm3PlHgAAPrdFfglbglL69oXfdF9bGwsofMrLS3d8f4rz6SsLY2LbotoC8cvxy/Hr3a88cYbN2/56Ad3TH/gSbz6GDD9gSfhdwbD5Eg5UvKXsNS/jW/dcBD/8BjwUOEfNDuPTB9fa5sC8gv7YuQEBcky4R7EW2/tDW3XlJkTtq3rrblQnXoVDwjjl0+M2Tt+E0WoR8/jlxBCCCGExAcFMCRjpFv4srXdQqMT3bOzwx/X+KcQhpDU8+67+wxZdy7aLxVhiS677LIdudBPHP8c/3oY/4KIIPT8kgccHw/+vTLPDbjd6p57KqLsPOdI6hzXVUwr73QfVHd+UdqVTvHA2NjYza888dAOpX2pOF6q2lJaWrrjlSceSusxOX45frNp/MZDR/c5tH/gSQDADwZ78N359FsansEjfR8N/W1BcDBPf+BJ4B0N7ntHum5uXly/I1PHTxVynj0uXNW6Y8evHtT8WNI6xcfe8tEPJmxbvXkn0eUz4fz4zbZ26Wn8atkGQgghhBBibEyBQIBWIGmFwhdCYqNWCCOQ6HW0q70dAIUwxOAPMybTTbSC9gQCgd+xH7SjqrZxamjgzH9z/HP8c/wDJpMJAGizDI9djtvEbUjbcfzm6vj9wMUX7FhSNasq74HrL8P6J98CAJwezsMb+95PepE508fXog/0OnYzZdt0PnPF00YxmRi/qTg+x6/2to13/BJCCCGEkPRADzAkbVD4Qkj845ceYQghhBBCCCGE6ImlVUWx8+ztAObznR6eyarjs2+NbVs1bRSTifGbyuPn+vilbQkhhBBCsh8KYEjK0YvwJV6PGoRkAun4pRCGEEIIIYQQQogeeGPf+zfj4gt2xLtorJX3ikwfn31rbNty/HL80raEEEIIIbkBBTAkZehN+CKEeiFE18xfLxTCEEIIISSbKS8ump2cmsmbmp2lMTSgMC8PRYX5NCbHL8cvSTmZXjDmgjVty/FLaFtCCCGEEBINCmCI5uhV+CJeyL/uuusC4rxPPfVUxCK/kCfaPpZnea3LC9cPhTCEEEIIyWZGJiZ/X1pc+L+mJmb5TqoBBYV5MyMTk/9FS3D8cvwSQgghhBBCCCEkl+HHGqIZRhC+EKJ3hPFKIQwhhBBCsp25uYCZVqAtaXNCWxJCCCGEEEIIIUQrKIAhSaNX4Uu93R61ni1btgTz79qVULtZnuVTWV4Yv6HQXRTCEEIIISTLsJdZBvNgqhudnOJzRRKUFRUGysuKBicmp2kMjl+OX0IIIYQQQgghhOQ0/JUNSZj1GzcG1m/cGNjS0YEtHR2wW+ITv3j88YlftrZbZMUvOzv82Nnhx672duxqb8eBPXtMyS7Oi0PUSMPVsDzLp7q8GGE8C+NbGO9qrw+trj/h+haud+H650xICCHqCATmuEBKOP4l9A+PvJRXmDduNvHySPiF3mRCXmHeeP/wyEu0Rnrh+OX4JYQQQgghhBBCiP6gBxgSN9kU6qizszNhOyRTluVZvrOzE21tbarzMzQSIUTv2Cqq5kwmE0zzC4EmEzAxMWGaGBvNufmhtMwaKCoqCggqwUAggNKy8kmOEo5/jv9I6mxlT5thus49Ml7CkZTA2CsrHq+xlT7tHZmgMTIAxy/HLyGEEEIIIYQQQvQFBTBENXoOdfTUU08ltLjQ1taWsJBBEC+wPMsnUz5eDuzZY7ruuusCDI1ECNEbXvfwo9K0+hVrL544cbA112xRsXjF/r6j73aFzbPnhjhIshjPuaGI8d/QekHOjv/eI/u71OY/3ueaWlJfcSRvbm7N0JjfwtGknupSi7+0tOjI8T7XFK2RGTh+OX4JIYQQQgghhBCiLyiAITHRs/Bly5Yt2LVrFzuJ5Bx33nYbdu3aBQphCCF6ZhL5XZUt5xd6z5xcMjud/etbeQVFsDe1Hh+bwVn2PuH4V89pp7treWNVd2FZycUj3tGlI/4pPkdEodxSGCi3lZ0qzjPtO3l2eJYWySwcvxy/hBBCCCGEEEII0Q8UwBBF9Bzq6Lrrrgts2bIl6TYqee8QC2uUjhPN8wfLs7ya8ol6gZEe56mnnjIxNBIhRI+4TxzwAnizZuWFnePnBjaNDZ0pzta2ltU0jZdU1j8/eGzfGHueAMC5rne9AN6sPe+inBn/A53vJDz+5xfC31pSX3GydKJgg9M7Vs5RFEm9rXSkqLhw72kn3UrpCY5fjl9CCCGEEEIIIYToAzNNQKSs37gxsH7jxsCWjg5s6eiA3RKf+MXjj0/8srXdIit+2dnhx84OP3a1t2NXezsO7Nlj0noxXUmAcMcdd5jk/paWZXmWT6a8lgjXh3C9CNeP2utNq+tZmC+E+UOYTzizEpLbuI6/e25s6MyuypZVx/MKirKqbQXFZYHKpauPjLr6nsiE+GWTzeaozM/nPKsRlfn5gU02m0PLOgeP7T836urL6vE/Mtj7RDLiFzGnne4hp3fsT4vrK98rLbYESkqKc358l5QUB0qLLYHF9ZXvOb1jfzrtdFM8oFM4fjl+CSGEEEIIIYQQklnoAYaE0LPHF/YOIeoQrhd6hCG5xCabzXFobGzJuZkZji8NqMzPD6wpLT2dirrPOY7sn/eGcfWo60wpYNx1QXNeAUprGr3FtuqXBo/tn8jUebzq9e75RFXVodN+/wePTkzYpubmOIgToNBsxvnFxd4lFstr/zM8PJKKYwyfOry/ru3irBv/A537UjL+e53njgA4AgD1FeXXzAYChQgAs4E5BGYDZe6xiaz8MUdFafGcKc80mmcyAyYgz2SacrpHngOAsQk/L1aDwPHL8UsIIYQQQgghhJDMQAEM0a3wpd5uT3nbo4WxSWVZlmd5LUIgRUO4foTriUIYks1QAKANyQoAAgHVi/ljAP6HFteO+f7afbXdvvrExMT5pycnC2gV9SwpKppeUVx89AWP5/B7Y6l14jPQuY/jf36+MJnUPwoIC+gCSxsqK0tKChvFdQhzkJBmAhBAANNTs0sHPaNlmZIbmQDU2MtGCwvyTplMppDsSXq+Qlphft7ZU/3nzqXlY0BhkWtmarKGs0C4TbSuk+OX49fI45cQQgghhBBCCDHc+zFNkLvo3ePLddddl/LvfG1tbQkLGQTxAsuzfDLlUw09wpBcgQKA5EinAICkjhc8nsOfqKo61VhYeGnH2FjDBMVgUSk2m9FeWtpfU1j49v8MD4/TIsZhfoFd7SL7oaZa2wWjo5NtnnF/XjrP015imS0rK+rsG/S+r0c7zkxNPp9nwmLkFWycnZnOy+UxlZdfMIvZ6T0zU5O9HL8cvxy/hBBCCCGEEEKIcaEAJgdhqCNCcg8KYUiuQAFAfFAAkBkeffTRts985jOdqah7vh9fvraiounU5OQlx8bHLbR4JOeVlPiXFhW987Tb3UdrZM/4V6Jv0Pv+8saqUyXFhRvODvuq03HMxirrUHFRwd6TZ1MTUksrZgPoxcx0b57ZfBUQUCUeDQAwmcwIzM3CVGCxz075Mx7OJ7+oeHZuasJrMuchEJhDfA+WpunZmekX9dpHHL8cv0Yev0Suy0xAIEA7CLYgHL8cv4QQQgghROv3bJogd9BzqKOnnnoq7reGZEPQJFsHQ/iwfLLlk/ECk+jxD+zZY7ruuusCDI1EshkKANRBAUDmSMfi/3y/9l1ts61J6H4xPr7m3PS0rufkivz8wIWlpYcSKfuC13vo2Dg1X9k6/uWYX8h/rqWhshJAgcc3vikQgCmAAEbGJ/MSXcoxASgvKZo1wQSTCQG7teRVANOONIWB0YrZubk4F9BnAQB5U/7qvPyCS+fm5myBudm0n7cpLx9mwBWYmnh7LgAfZhM5B/0v5HH8cvwaefyScBqWX/S0b7jvqjG3szCX7VBaUT9lrWqieIvjl+OXEEIIIYRoTsoFMCFvA0nCRdHk+0Bvwpc7b7stuL1rV0LtSjYEjVAHQ/iwfCbLJzN2kzm+cP09+NBDwQQKYbJuzud9lwKAWFAAkBu84PUmND62VFYed0xOXn10YsI+qTNPSoUmE1aXlnpaLJYXHh8ammIvk3gQLez/l5DWVGO/cHpmtgLzP2o2zQXKBryjJXLl62xl4wGzadRkAhAACvLz3H0uz7uhZ6Exf07ZcxYYwsz07vw88/kBs3mlKb8wf2bKn/JFsfyCQn9gbnbOhLn3ZmbnHBy/HL8cv8Qo9J/Y5wbw39U1tRtGR3wtfr8/p959LRZLoKzc6hhyOfeOuZ0cEBy/HL+EEEIIIUT79+50HGSXXX6Bdtfe8I8rWzbIr5hu8bSxpxJAz6GOrrvuOv5MiRAdIHhgYmik7IL33XAoACAkgXnk3LkpAE992GptOzkzs+bU+HiBHs5rSVHR9MqSkkPPud2dB0ZH2VEGJqAv9/nvsg+S5uj8P9qO45fjlxAVDLkG99bW1By3WCwf8Pl8ZXNZHrrVbDbDarWOFhYUvDHoGjzHEcDxy/FLCCGEEEJSRcZCIO3a68ed99nR4Qmqpdvt9Xhwm0dxMY6oR8/CF2kehiBieZbPXHmxFxrh+qQQJnvhfTcBm1EAQAie9/k6t1RUnGrIz9/QMzVVNzE3Zx6emkrrnFxZUBAoMZvnmouKBuoKCvY+Pjw8yZ4hhBBCiNEZdLnO1dbWvlJZWfmBCf+ENWsjWpmAYkuxz2w2vzE4OOhjz3P8cvwSQgghhJBUklYBjNMRXAnd6wTuvM8esf/O++x4cJsHG+qD2/UtXJSLByMJXwQYgojlWV5fIZgohMkueN/VBgoASK6zy+2eBPAKAFxfWVntmppaB5MJAcD0zshITSqOeUl5ucuE4Gf0moKC9548d26ob5LDnhBCCCHGRsZ7kQ/AU7QM4fglhBBCCCFEG/JpAuNjROELIUTfUAhDSDgUABAS5Mlz54YAvCBsX2u3NwcAExD8ID4wN7e21+8vi6fOxYWFo3UFBQdNAGAywQQEnna7e2htQgghhBBCCCGEEEIIIfGQdgGM+Ffozg4/0ILQ3/XtlohfoxNlskH4whBILM/ymSuv5AVGDIUwxof3Xe2hAIDoCZlfYaYb6Tg9zV4hhBBC9EtxQV5gYnqW71Epsi2twPHL8UsIIYQQQkhmyZgHGOf8Imm9wx6WVt/O8AuxyCaPLwyBxPIsr68QSEpQCGN8svm+SwEAIYQQQggh6piYnt3ZbC2+5uzYVNXMLIUEWpCflxdoLC0c7vFNPEdrcPxy/BJCCCGEEJLhZ9xMHNQZZWHU2eFnryjAUEeEkExDIYwx4X2XEEIIIYQQItDjm3iuqLDwxpnZ2TxaI3ny8vLmKB7g+OX4JYQQQgghRB9kRACzq207AGBL53bZdGAbe0ZENgtfGAKJ5Vk+c+Xj9QIjhkIYY8H7LiGEEEIIIUSMpbjYNxcIVExPT9MYSVBQUABLcbFvcmqKxuD45fglhBBCCCFEB5hSHTZg/caNgV324EKt0+HHXuf8ju33yRfYHlyE21AP1LcEVza3eNoMvZgZWiAmhBBiCIx+z8n1+y4hhBBCCCFEHpNp4TG/qrKqbWZ2Zo3X6y2gZeLHZrNN5+flHxo+Nxz6hYoOwrNy/BKOX0IIIYQQktOk3QPMhnoEF+O2b4uax+iIRS/3+x0caYQQYtA53OhCkFy57xJCCCGEEELiY/jccGdtfcOpyiLLhgmvp2FicpIieBUUFxUFim32/nyzee+gs3+SFuH45fglhBBCCCFEP2QkBFJoMU5hn1GRE73U2y2AxcKRRgghBmInnHDOx2PKBjFMtt53CSGEEEIIIckxvwD+ytJq+6WnJieX0yKxaSwv6T45OPA2LcHxy/FLCCGEEEKI/sjP1IGzZcFNydNLvX1B9LLL4eRII4QQA7GlpT40j9/vccjO+UYTw1DoQgghhBBCCFGixBSYK8ozY3J2jsaIQmGeGcXmORqJ45fjlxBCCCGEEJ2STxPET7yilzY7PcAQQoiREM/hW1oWlCPZIoYhhBBCCCGEEDGHXd596xsqna5R/yV9I+P8kCXDovJif11Z8Tvv9p/rozU4fjl+CSGEEEII0SdpF8C8HIwogSstie3PFBS9EEJI7tCmMLcbUQxj1PsuIYQQQgghJL0cCC6M962xFlxyfHRmxdRcgEYBUGA2oa2s4MRB38Q7Z0YmaBCOX45fQgghhBBCdExGPMBsbbPA6fAr7tvZ6deFcSh6IYQQkg1iGKPcdwkhhBBCCCGZ55Bv+p1LK4uO9vvnPjw7FzCf9c8U5aIdGi35k2azaa7Jkvf83nP+UY4Mjl+OX0IIIYQQQvRP2gUwV1qguAgHBPdl8lfoqRC9dHq4sEgIIUZCaW43ohhG7/ddQgghhBBCSPoIBFR7xRgFsIsWIxy/hBBCCCH64asXNat6IPrx/h4TrUVylXyaIPWiF/HCKCGEEP2jZs7PpjBJhBBCCCGEEEIIIYQQQgjRL1+9qDlw7bKqqHn6R6fQUFYYEspQCENykZwVwKRT9OKkBxhCCDEU4jmcYhhCCCGEEEIIIYQQQgghhGSKr17UHFhXW646vyCUoRCG5CJpF8C8PK8FUQq3EGt/MqRb9OIHYAGw0+GRLbu1xQ5wP/dzP/dzvy73C3O40cUwmbzvEkIIIYQQQgghhBBCCCEkcb56UXPgzstWYM+pgbjLUghDcpGMeIDZ2maB0+FX3LezUzuPKekSvTg9fnp6IYSQLEQ8t2+w20P3DyOJYdJ53yWEEEIIIYQQQgghhBBCSPII4pdkoRCG5BJpF8BcaYHiIhwQ3Jfsr9D1GN5or2R7A/dzP/dzP/cbYn/EfWp+3jeKZ5h03HcJIYQQQgghhBBCCCGEEKIdWolfxFAIQ3KB/GxpiB5FL4QQQrIXp8I9wohhkgghhBBCCCGEEEIIIYQQog9SIX4Rc+2yKvSPTlEIQ7ISQwtgjBLeqL3eDqfoPACgXbTIyf3cz/3cz/363K+WbAiTRAghhBBCCCGEEEIIIYSQzJJq8YuYdbXloWMC6oUw197w6YAWx3/68ce4xkE0x3ACGHp6IYQQoneMFiaJEEIIIYQQQgghhBBCCCGZJZ3iFzHxhEa69oZPB35y373aHPeGTwcogiFaYxgBjLDIZ2TRS70leF5Ov5/7uZ/7uZ/7DbQ/UTIVJokQQgghhBBCCCGEEEIIIcYhU+IXMbFCI2kpfgGAn9x3L0UwRHNMgUBq18vWb9wY2GXvBAA4HfEtLNa3BBf/tnjaQsKXVIQ3ShV+AJb5/+WwiPJxP/dzP/dzv772+0X5UkE8YZJi3cvE97N7LC3Q4r5LjzKEEEIIIYQQQgghhBCiLXdd3ZzShdkHXujhd10D8tWLmgO3XNCM8uJCxTx7Tg2goawwaj39o1Mx84jzCojLiNPfGxwBEBTCyIlf9hx4KqH2blx/Xdj23du+w3BIRDMM4wEmVQuFWiHUJreoGussuZ/7uZ/7uV+f+/0y87pWopiUhUli9D5CCCGEEEIIIYQQQgjRHXdd3RzYump5yurfeeQkjWxABPGLHllXWw7f5EzQI0zzpewsYggMI4ARFvn0Ft5IvCC61+MJ2+fwgAuRhBBiVCxAiz08aYPdnjIhjPSelbAYpr6efUcIIYQQQlRxS3tVXL8+faRjmL/II4QQQghJkq9etMkwocx/vP9VPv9pxF1XNweuaF5MQxDJfBAMezQyMaXr81xXW46jMunn3EPsRKI7khbArN+4Ma4b9cvz63xXWuLbH0v4ohTeKFUhjsS1dkiEL8C8+IUQQoihcXjCRTCC0LE9BUIY4b4lsMFuj8v7mVJ6ovfdWPd3hkgihBBCCMkObm1V90vD/tEp3NJeFaAIhhBCCCEkcb560abAllVVUfO4Z6ZQka8uhIl7ZmHRXFxGnA4Ag5MzqC3KD/0NILQtThNz9PQEO0wj7rq6OXDbRy/GqaMDNAYRzQdB8YuRefbZzoTKXX8V+5+kDk08wOy0OBX3bfVH/hJ9a5sFToe8MGVrmwU7O9WJVjIV3mivjOBFyt62do4uQgjJAlqcHRFpUuHjBrtd9n6RLImGSdLivhvvvZ0QQgghhGTJ829NRdi2w+UO/X1NQz1FMIQQQgghCfLVizYFrlhZTkPkGIL4hZDw+cD44hdC9IomAhjxYlwEklAMV1qguAgHBPddGWU9Ty/hjeTYWd8e+tvOEBSEEJIV7MTC3L5VRgwDyT1Cb2GSEr3vxnNvJ4QQQggh2YFU/CKkUQRDCCGEEJIcX71oU+DOK1bgaD89gOQSFL8Q+flAXvzyyPs9AAAKYwhJjnytKlL7K/RE6ZT8Cj4d4Y064hS9tLe3x3UchzO4uNiS4EIiy7M8y7M8y6ehvCjPzo6FZDVimPZ5zzBpDZOkkTZF6b7emaJ7LyGEEEII0T8NZUG3+hTBEEIIIYSoRxC/kNyC4hciPx80B265IDwM7YNvnQAASNONQtehw3Hlb12zmgOBpJR8o5yoWPiiJYmEN5J6erlt69aEjv3Qzp0AgCuvvJLlWZ7lWZ7lDVBeyP/Qzp2qPMN0SDzDyN13kkUaJmkn9SmEEEIIISTFNJQVUgRDCCGEEKICil9yE4pfiPx8EC5+EYQvYo8vIxNTNBQhSWIYAUwqhS97k/D0IngRqI/TC4HTGR5aguVZnuVZnuWNVV58L4jXM0xKwySl1iEbIYQQQgghACiCIYRkF7e0V2Xs2OsXlQaSrMJ04MwYO9GALLIWora8IOn+B4BMjIFHOobZiTGg+CU3ofiFyM8HC+IXhjoiJLWYAoHknq/Wb9wYUFrsA4LCkV32TgCA0xGfiKW+JbiKt8XThvv9Dk0arHV4I4dkIZUQQkhuoBQ+qaNj4Z4Y7f4Yur9oHCbpHkuLJvfdWPf2A3v2cJGDEEIIIcTg3NJeFbi1deEXiC01FbL5HC43+kenQiGQBPpHg79OfK7fCYpgCCEGnw8zctxF1sLA36xuS6qOfzncCQCmMz7+YtxILLIWAoAm/V9bXmAaHJlGuscABTDRURK/HO0fQEV+YdSy7pmpmHnEeQXEZcTpADA4OYPaovzQ3wBC2+K0sHM9PYEf73+Vz3hxEEv8curoQMQztZbsPHISD7zQwz7T3XwQFL8IwpdbLmhGebH8OBiZmFLct+dU7PEj994WLa+AuIw4HQB8kzOwFuVjp+V8/OS+e8P23b3tOwmFQJKr5+nHH+PYJZqgiQcYIeyC7GSbwVAMyYY3UhK9AIDdP+8BwM5BRAghOcn8fcBjCb8HxusZJh1hkrLp3k4IIYQQQvRDQ1kh+kencFllNT3BEEIIIYTMQ88vucldVzcHbr90JWZpChI2HzQHgKDXlzsvW8EQR4SkAU0EMJ0eD+xKy3QZWL3TKryRFEH0QgghhMjdG5IVw6Q6TFI8KIUe9MAPWOrZ8YQQQgghJIxbW5spgiGEkDhYZC0MXL8o+ffr2xe14JdnHIFF1kJ6gTFGvwt/atr/mA+FRDIPxS+5iSB+ISR8PgiKX7I51JHUkwsheiA/mxqjdXgjQFn0smFDO0cPIYQQ7N3bIXvP0FIMo3WYJEIIIYQQQlIBRTCEEEJI5lhkLQRFUJnlqxdtCtxyaS0NkWOEwh65fTQGmZ8LgsKXaKGOCCGpI+0CmJfnVSpXWhLbL5CO8EZSKHohhBAS7d6QKjFMMmGStLrvEkIIIYQQEouWmgrcClAEkwC3tFcFkikfy96x6s90fyV7frluP2I8tPL+IkAvMIYjJf0PeoHJKBS/5CYh8QshWBC+XLusClVlpTQIIRkiIx5gtrZZ4HT4Ffft7PQrlk13eCMl0Ut9fUvwfPx+WCyJrRr6/cHWsDzLszzLs7zxygtlnU6H7D0jHZ5h1IZJSua+SwghhBBCSDxQBJM4n1tXiaqqqrjLDQ8PxxRoRKtbTflk+zLV55eo7YxiP0IIUQu9wGQGIezRyAQ9gOQSFL+QhTlgQfhCCMk8aRfAXGmB4iIcENwn9yt0PYQ3stvrE14sJYQQkp2IBZEej1P2XpLOMEla3XcJIYQQQghJFIpgksdms8XM4/V6Q39/fsOSqHnnJkZk6xXqiFb+4b2nNWlTtGMkc37i8mptZ0T7kexBa+8vAvQCY4i+BzT2/iLtfwAmimDSiyB+IbmFkvjll28fBwBQGJMr139Q+LKuthwNZbkT6mjPgac0rW/j+us4mIim5BvlRGMJX9SIXpQEL0BsTy/AgscAALDXBx9SnQ5H2LYYj9MZc5+0PpZneZZneZY3Rnlhn7g+8T0jXs8wQLggJuEwSdp/QyGEEEIIISRuKIJJHLUCDpvNFibiAICKkvAP7+7x+BZAxeXjLZuOY8Rqn1rbGdl+hBBC9APFL7nJXVc3B26/dCVmRWkPPbMPAHD7pSsBIGyfXrn2hk8HtKjn6ccfM+Xetb/g8aV/NLee+Z588TeGqJPkNvlGPvl0iF5k66zn6iIhhJCFe4JUVCO9l6gRw0jvWcmIYUj8/LytUfaF7686z3KxhhBCCCEkCS6rrKYIJk1IxRtCmlohhrR8PGUTPcdkzk/rc9Sz/WKFWIoFrz/9kCrvLwL0AqN70tL/oBeYtKAkfnnk7UEAg6AwJjsRxC8CgvBF8PgyCyDP7cv4OQLAAy/0KN7/r73h04Gf3HevJse79oZPB3JFBJProY62+o9i57PA1s9crmm9Ox99PSeFVCR1pF0A8/K8ExWlcAux9icjelESvADKohe5X/gTQgghSiTqGQZQFyopXjFMsvfdbOfnbY2BzTdswdr1dfB4PLDb7XA4HbBb7GipbwsJYyiEIUbnpitXRSya/O7lI2Hj+rM/2xR1YeW3f/2qyah51drAKPbPxfyZ7D9CSPJc01BPEQwhGlxHalzry/0KWRDQ8BokhBBt+OpFmwK3XFoblvbgKyeCc64knWQPYvGLnkMdbV21HP2jU4pCGC3FLwDwk/vuzXoRTK6GOpLj/J63sfNR7UQwFL+QVKCJAKbT4wfgl98pI2je2maB0yGff2ubBTs7I/cJwpd0iF78fj8sFgs9vRBCCEkYwTOMcE+Ru/eIxTDSe1YyYhgt7rt7o4UezILb48/bGgNXXbUBm2/YAgBwzPeFxxlsd0t9GwBgzYYNofwAhTDE2LSvPS/0d8fBY7IChJqaGixfvjws7eTJk3C5XBH5jZZXzgZGtn8u5s9k/xFCkociGEK0paWmImzb4XKHbYsXZ65pCL7EUQiTWVLt/UWAXmD0yfpFpYFLrFVp6f8/+s4EALD/U4RU/CIIX8QeX0YmfDRUliGIXwThy+2XrsRshVXX53xF8+LQuQNBIYyc+GXPgacSqn/j+utCf2erCCaXQx1F4/yet/H0r49rUtfTu9/ncynRnLR7gLnSAsVFOCC4T+5X6HLCl3hFL9FCG9HTCyGEkFQSyzMMoC5UUiwxTEdHhyb33Wzl522NgYv+bBku+rNl8PoHYbEFbdgi6guHqB+mx1zBvlpRDp/PRyEMySo2zAu8FuaavarzGy0vALzx33/KGvvnYn699R8hJDEogiFEG6TiFyFNEMEo/TL5sspqnFdVQiEMIWlk/aJSGiGLEItfGOoodxAEJL98+zhu++jFGQ9xFC9XNC/G4ORMsB3WS9mhqq/35kCuhjpSQ8OABys+dAkAwO32x1W2oiK4IPHakS4akqQETQQw4rBEqUZL0Qs9vRBCCEk3Sp5hpPesZMQwRru3pwOx8AUAvF4vbDYb/N7YwlfvxCB8Ph98kz40rWgK1QeEC2HuvfuGQLzn9Z2fPM4PzoQQQgjJCYQFeYpgCMnM9Sf+1fKtrc0AwGsxTaxfVBoAgGuaF8Hj8aflmH+zug2/6TkZqC0vAADTgTNj7Ij09bc0Ke39/7nm5fhNz8nA/LmYAIBjIHkE8UtQ+BIMdVRebKVhshxB/KLHUEfxckXzYpzyRKafcw+xo0lSCIIWQvSCJgIYpbBEQOQv0RNFTvgSr+hFLHShpxdCCCF6QOnelIwYxij39nQgFb4IeKe8gDf4t82iPjZzLCHMRz7+GdV1PfvHR3kBEF1y8uTJrM2bbfbPxfyEEOPTUFYYEsGI02MtwkvzS+EiPiHqETzI3AqGRUolYuFLJvhcczDUpFgIQRFEyvtcvKmb/p8/t7BrnGMhPr56UTBE6yNvBz2+MMRR9iMIX4wQ6ihZnn22M6Fy11/FcUKCJOoBhpBUkW+0E07G0wshhBCid7TwDEMWhC81reGPOj2uHtgKbTHLdziCoTkaq9eEpVutVlhhRZ+rL7hda4Vv0of7LysNYMNHaHhiKJSEB8uXL5fNJ5ffaHmzzf65mJ8QkjixBCTppKGsMOSBAgCODY/HPD8hdIscaspzcZ+QSFpqKnCrZI7gtZI8mRa+SKEQJm39Lvyp2/6fTzKJz5djITaC+IWhjnIDQfiyddVylJbl0SCEqEAqaHG7/RS5kIyiiQBG61+dyyEnfKGnF0IIIdlKop5hXu58Wpvj+415//x5W2NgxeoqXHXVhvmUHni93qDHFwDNNcGFFq/LG739FjvsdjtOnjkhu7+pJugBRhDCrG6+EG+L9nuGzirXXd3IAU50wdq1a8O2Dx48iJqaGpSUhC8u1tTUROQ3Wl4AcOJo1tg/F/Prrf8IMSrXNISHzXyuP3PPfC01FXC43IrnJsU3ORMqJ0aoI1r5TLaTEL0jXIuXVVbDWpRPIUwS6E34IoVCmJT1u/CnYfp/PonXeAwE4QtDHeUGYuELISQ+5DzARPMKQ3EMSTWG8wBDTy+EEEJykXg8w+QikcKXBbxT3pDwJWKf1wuv14viwvBHIrvdDgBYXLcC3olB+Hzyrm2bappCIhgpf3pyd0Tax67fnJN9Y7RzFkJaEUKykz+76vqIeenNF580sY20XS6Ns4ayQl2ch1QEI3du/aNTCbct3rKEkAUxWTxeoxjCLCh+0avwQYpECEMRjDYYsv9BEYwsgvBly6oqegDJAQThyxXNi3XzjJwJug4djit/65rVHDwkRDKClmtv+HTg6ccf4/2IaIqmAhg5Ly1a/RJdTvhCTy+EEEJyDTWeYVJ1T9djmCWlUEdilMQvAGCz2WCz1OKdoy8p5ymuBQD4XIzvHG/fXHXVBpQ3TKC9JVKY1OHYC7vFDo/fg5b6FjicjtD/mc7/3P/6YODYwZNZJYRpXVyKpqqFX8yPLS7NuTGZSRvQ/vqzYUvrwsc6R9dhnL/5K4FssleFTBu1ItttZ4Q+SBY9f9iXO7eGskLVQhZp+XjKEkLCr51rGupD19Sx4fGkQpBlewgzI4lfxHyueTlFMNrA/s8SxMIXkv2IPb7weZGQ5Ijm7UX2fVkkmPnJffdSBEM0J9+IJ01PL4QQQkhu3xMF4ctFf7Ys4ToE8QuAMEFEh2OvJud43DGQk2Py522Ngc03bMHmG7bA740tUG6ZF2+1qBRxpSP/1AywZsMGvHzbpwKH9u7NOY8wzjiE5UbLm232z8X8WlFduyAodXQdRtXyS7JqHM0dPhnRRtoue/qAEEJSiSB6Ef4XLwomEoIMYAgzkr2Iwh8RAyMIX65YWY6K/EIaJMthqCNCtEfqAcbt9sflFYYiGKI1KRHARPsV+svzIrArLfHtF37xTk8vhBBCSCRizzBa3Hf1Gl4pHuHLwd59mh9fCHfUVNPEQSfTN4LwRaBnoAsA4HB2AgBa6tvgcHaipb4tOG7nQ01JyXT+3oETWLasBoCyEObeu2+I2+PBd37yuK5e4pSEB/WS+UTIJ5ffaHmzzf65mD+VlFQ0hm2Pu88aNm2Utst42ihIrpELIV4IiQVDmBFCjITY44t7hnNOtsNQR4SkDjkPMNG8wiQTMokQNWTEA8zWNgucDr/ivp2dfvYMIYQQwvtuCKVQRz2uHtgKbaFtQfTSXNOM5ppm9Lh6IvKrwePxwOP3oLS0NhQCCQBWN18IADjc8y4AwFpkBRAUTKCxOqyOr335CzkxvoRQR2LhCwAcP/5a6G9BWOLxO2G32+HxR1/Y1kP+7u49WLZsY2h7zYYNEaGRPvLxz6i207N/fFR3fScVHrhcLtX5jZYXABxZZP9czK9l/1XXLULL+aLQNCc6cS7L5ma5NtJ22dEHJHPEErh8bl0lqqrkQyYMDw/HLE+I0WEIM5JrLLJyAd2oMNRRbsFQR4SkHgpaiN5IuwDmSgsUF+GA4L4reZ0QQgghvO8iKK5YsboKV10lhCjqgdfrhXfKCyAodAEAryuYJmyLEedfu/hiAOHeYbz+QZSgPKJcS30LTp5xwufzReyLEMJYregX7bdXN6puHwBDhtgRe+Px+gdhsQUXq8Vhj2w2GwbO9RnuurFarfD5fJgeCy7QF5QGvcF4JwZRv6Icj33svACWr+IEQ0iWIfbiMe4+a+g0C22X8TR+1shOPr9hieK+uYmR0POP9Fk0VlkAeHjvaRqYEEJ0TraKXsTtOuPLXoEAQx3lHndd3RxgqKPY/OS+e2mEiPmimeJ1FZx46R2s+NAlUb29yEHBDEk1+TQBIYQQQvRGpPBlASWhi9gTjDS/IHwJS/d6QwsSJdZy2VA4VmvQw4ucCAYICmEEEUwi1K8oD7UXMIYQRhqGyuv1wmazhQlf1OLxeBTDFOkpvyCEEcaCMC5C5YbOKtapVgyVCeINMRNPfqPlzTb752L+ZCmpaERV+cJH8KryFgyPTBk2bWzoNdouw2np7AOSfipKFvrbPT6VcNlEyhNC9MMia2EAAC6xGteLxMeti/DLM47AvADClM3iBw36W5oUGByZxvWL6g3f//ObJqGd2TYOGOqIEBLfnNEcuHZZFZ7uHqYxVCCIYMLecdx+ilxIRqEAhhBCCCEZ52eXlYSp6mtbqxXzyolfgMhf2wrIiV+kZTwT0UPnWK1W+Fy+qG3Yf+Q0li99U3Wb9x85jfOKgn/XryhHn6svwg5//da4bgQxUuGLgHfKC3jn7WmpjatOj9+DFksbOhx70d6yAQ5npy7yu0a6I/Z5Jwbh8/ngm/TBCmvE/j89uTsi7WPXb9bNNVZYXIZTZ0+Fbc89eiwsTxWAOZzDWRyLKC/sM2peJRsY1f65mF/r/lvRUhf6++X5/8UihuGRKUOnWRTaqAXZbjut0lLZBySzSAUsFSWFqkUs0rLxlieE6ANB+GJk4YOY2xe1AACFMNH7XLyZtf0/n2QS2psN4+CrF20KMNQRIUT9nNEcWFdbTkPEyYmX3kFV+9qwtGheYSiOIakm7QKYl+fHu1K4hVj7CSGEEJKd993myjrY7XY4nI60HE9JMKOEtciq+Tn0ufrC6hbbwDc+mRY7SEU3cly8+kLUtIY/Nva4ehS97kjxeDwAgp51xF5W7Jbg/+0tQU8/LfVBsUqm88dCySOQWltnSti0+rx2TooiDh/roP1ztP/KrPaI7dLyQlSWF4XSKsuLcG5k0rBp7gF71DbTdqlPS1UfEEIIyRzZJnyRQiFMTHKm/+eTTNnoDYYQQpSg+EUdS23FOOWdiEgf7jgY4QmGkEyREQ8wW9sscDr8ivt2dvrZM4QQQkiO3Xc9fg88To/i/oO9+zQ7VizhhiCKqK5ejekxF7wTgwCA3oETWFy3QrPzaKppCnkVUWODVLFp1RWifgh6wXm/+xham5ajua51fk9PMGzUVNDdi+CJx+vyhtXVM9AV+lsIMeXxB9sktE34Xwg5JTcWMplfELj0DpwAgIg+t1qt6JfUedwxENPO7aXnoWPsGCclQnTA4vpIT2NiEcO5kUlDp5kU2kjbpS8tlX1ACCEk7QQWWQuzVvggRU4Ikev9DyAn+39e/GLiFEBI9rHnwFOa1rdx/XU0ag6hJIKRhkNS8gJDDzAk1aRdAHOlBYqLcEBwH72/EEIIIbl3322pbwGAMA8wguiluaYZzTXN6HH1hJWRbsdKB8IFGjZLLSy2evQ69oTlEULhuANAQWkNxHIZ78Qg+lx9WN18YUgg4fP5gKJSAEDVfDuiMTzfxm6vH8tsVsAH+CZ9sjZINwcPDGDF6ipcfdG1Efu8U17FEFRerxderxc2mw02Sy28/sGQAMZusYe8rAhEa6Me8lutVtiKa+GdGAz1s8CcKbHvf9Yl9cARCmAI0SPrllZgZGJmYZ4oLUR5cb5h006doO0ynZbOPiCEEJIyAgBw49Jm2HPwe/Xti1rgrAL+/dTxXBXCsP9zu/8JyVqefPE3hqiT6Pw7Sm053hsciUgXi2AodCGZIp8mILnCbfdspxGI7nnofo5TQgSUxBZiLyRrF18MICiUEafbCm2w2WzocfWgZ6ALzXWtONi7D801zaHQR4L4RSCeUDhNNU3wTgyGPLdYrVZgUp34BRDyvQ5gQQTjc/kyZmuHsxMt9W1wODsjQh2JURK/AAgJX8T9JCAVm8RCD/l9Ph9sxbWhf96JwZBnmNG8woj8X/vyF3R9PR0+PoCCIgcnFolNaP/c7L/q2no02IrDtgGEiRjKi/MNnabUxmTJBdtplZaqPiCEEJIWQsIHAnxp6UoAOSWEYP/ndv8TktXcZu/HQ88CWz9zuab17nz0dTz9+GOcHzTAdePfofyP/2iIc40lgqEHGJIpKIAh2X9Dnxe+bOnooDGIYcbr/dvupDFIzqMUpsg75Q0JX6TpgvBFmu71D0YVbwjeP5RC5wghkKRYi6zwTfpwbPkqXATg7T2vReS5dOMHY7a12+tHYQZtbbfb4fE7Ybfb4Rwdjr+vJOIXcfrAuT7DjT2r1RoSu4TaUhxsn8/lw4zJHG6/6kbdt6l1cSnGPOF9UWpvCts+uDJ63689XmXYvAAi2t+6uNSw9s/F/OnqP0HMYPS0TJAttsuGviCEEJIwFD5EIQeEEOz/3O5/QnKGpb63sfNR7UQwFL9oQ/fHv2nI844mgumvs8sX6md/k9SS0a8ze53h2xv4gyiiIffc9yCABeGLnYJCYgCE8SqMX3qEIbl835UKWQTkxC8AZMUvQrocXv9gyANMi8hzizgUzvSYK/S3z+cLenoRYbVa0b98Ay7d+EFZEYRn6Cze3vOaKhGMnhFCUWlNh2OvLvOXltZGH5szfrgSaK/H78xoP563fG3o72MnD8oKEFatWhUxzn0+H44cORKR32h5l70daQMj2z/X8me6/wghhBCS9QQofFCHRAhhYv+z/wkhxmOp7208/evjmtT19O73ORckgVGFL2HjyVaMU96JiPTv//i/2MEkI2RMALPXCdx5nx0dnuBCQLu9Hg9u81AEQ5JG6vGFwhdiJITxKoxfYTxTCEN4342NkmBGLt3r9cJms8HvjS1IEELf+CZ9sMIqf+3Oi188Q2fD0mJ5BhkbGwMAlJaW6s6eguiluaYZzTXN6HH1hO2XbofZzD+ocs6zR4QjEguQMpXfNTIe6nvB84uY/sFe7PeXYPnSN1Xbc/+R07i8Wl99vGHDhvB5Yu9e1fmNlhcABt9+KWvsn4v509V/0rA2Rk3LBNliu2zoC0IIIYQQQgiJRcWkB2vWXwIAiqFqFMvOh7B57UgXDZkg2SB8EaMkgiEkE2Tkq4ywCCflzvvsFMGQhKHwhWQTFMIQ3ndTi3fKC3iDf8uF7lFCEMI01TRF7PMMncWfntwd2v7Y9ZtjCmDqKhcDAAbO9aKwQF/2kQsZ5fV6g7bDgicesXcYr38QXq9XMp/Zlec6u11m/tNPfp/PF/L8IxbCrG6+EK96xji5EJJlCOIF4e/y4nzDp9F2mUsjhBBCCCGEZI67rm4O0ArqEQQtJPW4bvw7xX0P/+zrAIDvt1Qbsm1SEcyeA0+pKrdx/XUcGERT+LMkYngY6ohkM0pCmPvuuY3GIVlHNM8c0byN9AxE/tJA8PAiV49SSCQxQiicxuo1YelWqxVWWNHn6gtuF4V7hDnuGJCtb9jpQJUozFIiNkglHo8HdrsdHo8HyI8SNmrKKxuCyuv1hoQvgt2FNI/fA3gQ/F/Nueggv8/nC/W3sC2kAcCcKXs9u7pcLlVpRsybbfbPxfyp5L1TblSWF4WldTtHDJuWR9tlPC0PJJ1Yi/h5ixBCCCGEBLnr6ubA1lXLsfPISRpDJYl6gCHqiebxRRC+rGlYjEP9vYZuZyKeYNQKZQhRS9q/EIh/he7s8AMtCP1d326hFxiimm33PwSAwheSG0iFMML4v3/bnTQOyZr7bntLMNyFID4RexuxFdpgs9nQ4+pBz0AXmutacbB3H5prmmGz2eB1eUNlAKC5rnW+1p6wegSvJkJ+5WsuGArn5JkTsvsFDzCCEAYIhjz62pe/ELYt8PsnXwfwOm68/vK4bJAuPH4PPE4PAMBSVq4YTkpO/CKgVEbwuCK0TUCpjXrLD4QLYQDAn7+wrKlG2DQ8L2w6fm48Y9dXV+8YSu3usO3aHJsP5WxA++du//XngFveVLWxny6NaasMQZELIby2CSEkHr560SZ6AMlB7rq6OXBF82IaIk6kgha320+Ri0aoFb4AwKH+XlwbmDV8mwURzDn3EAcAyQgZe8NwdgTVhPUOe1hafTsnVBIdhjoiuYxUCCN4QGJoJJKN913vlDckfJGme/2DESF6vF6vSPgSnl8unI9Qxuv1orgw/JFICIWzuG4FvBODYd4/xDTVNGHHkdO4dONZ2KsbI0IeeYbOYv+R09jgHwYgCGH0R4tIxOEcHY67vJz4ZeXKD8LvdeKdoy9FiE2i4fF7Mp5/cd0KFJTWYGjocFi61WqFz+XDzLwHGDXil4V8r+PscD8q6RKAEEKIjnG43DQCISSCZEUqFLkQQtLNVy/aFNiyqgq7jgzTGDkExS+JI+cBJppXGIpjYqMm1JEgfAHUi1/m/uK+6Bl++jXd2KCyopoDgWSEjLx9CItw8e4juU2ywhcPhxYxAGrHtVJoJAphSDbdd+XEL0J6PCiJX4CgcMNmqcU7R19SzlMc9NPgc/kU8wwrhC6Spm/wD2PAPYi6imCdJ92DAICywlLDji9pf9TVXaD+3uzxwOP3oKW+BQ6nI0yIk8n8Quir6urVABAmhLEWWdFZbcNF1Ta8vee1iDou3fhBxfobqxrg9+jHjamSsEuL/EbLm232z8X8hBBjw8VxQgghhGjFVy/aFLhiZTkNQUgcJCNoufaGTweefvwxE60YJJpARSp8qaiwwO32qxa/1H3lR6ryzAEw/2qbIey189HgD0Y5hoiWZOQLw6627QCALZ3bZdOBbewZEoLCF5JLCOM1WSEMQyORbLjvKoXUUUpPpH6bJShEEXsESTT8kJIIBgCW2YIXa7c3/KYkCGEG3IOoKDDrsh96XD3K+wa6FuxpqYXFFn8sLUGU0qLSm0o68k/NhKdVV6/G9JgL3olB9K/fgEs3fjDC2w8Q9Pjz9p7Xoopg9IQQ2kmKy+VSnd9oebPN/rmYP5WcG5lEZXlR6G8jp9XQdhlPq0F20j86hYayQj5gE0IW7tkUsBFCdATFL4QkRjRvL3KIBTM/ue9eimAQn/BFsGE84pdooZSinU8mhTBP//pXsfPsfp/CF6I5mXlD2b4N2H6faOFNso8QLIR2ofCF5CLJCmEYGokY8b7rcHaipb5Ns/oO9u7T/Bz7XH0AgqGPxFTVt8gKYITQN0K56iIrCkvNmJLkC3qAmdDcBoni9XrhnfICWPDE0+PqQc9AF5rrWnGwdx+aa5pDYiQl8YsgkHE4OwEALfVtYW0UQk3JjQU95QeAgtIaCNIrQfziGTq7MA/LhMDSO0oeNmpqwpdtBYGCXH6j5c02++di/lQxPDKFqvLCkJjB6Gm0XebTspGGskL0j07FXU6rxXHf5Iyi+MY3OcNFeEIIIYQQogtcm76OyoO/MNQ5Sz3AuN3+uLzC5LIIJppXFjnhi9jGcuKXjUvrIvLGK34Rk0khzAdXtUbd/9qRLk4YJCWk/evAhnpgrxNRF9w21LNjchl6fCEkcjwzNBLJhfuu3W6Hx++U3ef1emU9v/S4esJC8Aiil+aaZjTXNEd4L4nmzSTs2psPhVNaWhsKgQQAq5svBAAc7nkXQDAcDoqC4YuqongYEQQzghBG6hFmbWMV+lx9UW2QTrxTXtkQVN4pL7z+wahhpQSOH38trG+Dc5pTVRsznb934ASWLYv87X5APEaGzuJPT+4ObX/s+s2GE8AQkqsMDTrR6xwK20bduuxvI22XFX2QCp7uHladd6mtGADi8gKjRpxCAQsh+iaaAC3Z8rz+CSGEZAvn1t5h2HOX8wATzStMMiGTsoV4Qx1JbSsnfllTXxFRl5z4Rahfjs//9T9FPd90CmGUxpDYHn9/+/WBv/3lk/QCQzQlI28XocU4hX0kN6HwhZDY45tCGJJr912vN+iFpLlOUIv3hHknEYQYXlcwTU6YIc6/dvHFAMK9w3j9gyhBpHvclvoWnDzjlPVCECaEKWqI2Y5urx/LbBY01TSFRDDAghBGb8iJX4R02X7yDwIALLZ6+L0Lg81ms2HgXJ8hr5vu7j1YtmxjWNqMOTxM1XHHgGzZYacjqiCKEEIIMSqnvBMJiWAIIcYmWYFKtPIUvxBCshHXJ76I8ucepSFyBCMLXwQoaFFPMsIXQBvxy12bL1c8hwfmz0EPQphY42rtsgqsaW2mCIZoTsbeMCh0IQIMdURI/OM9WSHMfffcRmPmGEa873q9XpHwRZSuIHRRFGdMeUPCF2n9gsCmxFouGwrHarUCUA7Fsbr5QrzqGVMleBBEMHrEIQrfZCkrlxW/AJBNF3vnEYtfVM1pHk/UsEOZym+1WuHz+TA9FgzFUlAa9AbjnnABqAyOkepGfO3LX1iYb0XeX37/5OsAXseN11/OyYcQQojuGZwdU523Nq80TARDCMkN6AGGEELU0X3NZ2iEHCIbhC+HDryDNesviertRY5cFMwkEupIzq5KYY9GJsLDzSYifgGAuzZfjgd2vx46p2hCmDoAAz/9WspspsYDDACsvYAiGKItfLsgGWPb/Q8BSJ/wZWs7FaxE/+zs8Mc1/hMVwgjX3/3b7qTRieFQCr+jJNqQE79Iy3gmoofOsVqt8LnkRTBL+4/i908CguAhmhCm2+tHIRZCIQmhkTJNe8uG0N+dQ4fjKuud8gLeeXtaauO8l3vQYmlDh2Mv2ls2wOHs1EV+10h3WHpICBOYw/4jp3HpxrOwVzdGhDzyDJ3F/iOnscEfDCURFMIscHa4H5V5vIYJIYToh1tbm/GT/jysqF7wcjbsOInNf3mzbP7d/7YjTATDRWtCCAUshBBC4Uuu4dqkHH5GEB189coVhmmPIIIR43b76RVmnng8vsS0tYL4JWJOSVD88sDu4LfIOz57XSjtFzGEMCFhTwo8wsQzhiiCIVrCtxOSdtId6ojCF2IkhPGaLiGM4IGJoZGIHojXW0eyKAlmlLAWWRX3hQseYgthmmqa4PP5QkIYoe5020ANC554esLSe1w9imIkub4Fgp51xG20W4L/CwKclvqgWCXT+WXtMDEI78goUFiCYZHHHDHS9A3+YQy4B7HIVomGqhageC2GBg7wYieEEKJr3GVLFfdt/subKYIhhBBCCJmHwpfcIprHF7EQ4lB/r+HadujAO1jUsjb8vSCKV5hcEMdcu6wKT3cP4yMx+luNPZTCHiUjfll52fLQ31/93sMAwoUvoXZsXBx2zukMjaTWA4zAlX9+PUUwRBPS+pWivoVChFyGwhdC4h+/6RLCCNcnhTDZhdHuux6/Bx6nR3H/wd59mh1LKVxS6FzmRRHV1asxPeaCd2IQANA7cAKL68J/wbG41AzBQaWcEAYABtzB8mWFpSgsCOa1Wq2wIhhqxzfpU2WDdCIIX8ReXbxebygElZL4pWegKyy/0C4AobYJ/wshp+TGgp7yy6EkggGA9fXN6B04gaFA0M17Q1WLLq85l8uVsvxGy5tt9s/F/IQQ7agYPQVgY2i7dfki/Oe/PhHaLl22EoPdx2XDITlcbrTUVNCIhBBCCMlqXJ/4ouI+YZH5+20X01BZglrhCxD08LGlrlzX7Tm/rgFHB/oj0s84DkZ4gsl1rl1Whaf/9ov4yN//h2x/qxECxSN+cd34d7JjTEn8Ek34cvrkofC2xCGE0So0UiJCKYpgiBbwZzok5ehF+KJWSEBIJpGO30wJYRgaiWSClnmPKQ6RsEAQvQiCix5XpBcSOZTSgXCBhs1SC4utHr2OPZJrKRgKxx0ACkprIJbLeCcG0efqw+rmC9E7cAIAUG2agm/Sh6nCagALnj+CoZGA5fPCipPOTlQUmMOOZbVaAR/gm/TJ2iATLHh9iURJ+OL1euH1emGz2WCz1MLrHwwKYOaKwvItX7qwoDYSAE6e2iOpqWjBLgB8voXQUx3dByLqWb7kyqBtI+pZyG+1WkX1FKGuugbFheGPwWKbC3mF/hVET+ZAAABQVd8iK4AJev15fUEoNXAChaUL/b2qyopXB/RzzdXU1IRtHz4cDH8lJzwYHBzEqlWrDJsXAJw4qqs5Lxn752J+vfUfIdmMu2wpWpcvCm0L4hfHVdsXMl0F4D9vpgiGkCyC3pwyg//O7XDU25Oqw+P0oOXB+2hM9j9JA9E8vhjdAwiJRE2oI3HoG7Xil/HN21J30ke+qCqbkghGGg4pXg8e2ci1y6rw/+b7+9rALJ425cW0T5hNZcQva+oj35fiEb/EI3wReHpPcF7qbv4r1J+3Gg//7C4AsUMjJSOESXT8UARDkiUtbza79iYpPGhjRxkRIbSKXoQvu9rb2SlE/8xfL5kWwjA0krHJlvuu4GkkIn3eCwkArF0c/DXNwd59Yem2QhtsNht6XD3oGehCc10rDvbuQ3NNcyj0kSB+CV03KkPhAMEQRt6JwZDnFsGbixDSyD0dXAT68LxgQmB5fRumRo5H1Ge1WuFz+TJma4ezEy31bXA4O4F8KIpfooWNEoQvYgphw+LqhTKF5eEL/q7hw2FCF6vVCltheB0++LC4OtzrTjL1TMGryiZWqxW24lp4JwZDQphJ88Kjc7QQV1IvQauqrIaaQ6TCjGieOIyWN9vsn4v5U8nwyBSqygtDfxs5rZq2y3hatcHmHnuZ6EP9UOx7pa2hJsITDACcV1USfLagCCa552Cv15B16+H8Ut0+vdsvGXyTMxTBpBn/ndp9c3HcuY0iCPY/jZpC1ApfgOBi91bbYhrNwEQTqMh5ABE8fKgRv9hu/K5u2nlF82K80hMp1hKLYHJJ6BINqYBFLWrFL2rDHj2w+3Vg9+sJCV8Eocv3njgdHOfXPIC2Rise/tktYful1H3lRwl7hElm/FAEQ5IhrW818TrgYAQbY6I3jy+C8EW8kL9t+/1hee/bfk9EeSFPtH0sz/JalxeuH70IYRgaydgY/b6rFKbIO+UNCV+k6YLwRZru9Q8qei4BFrx/KIXCEUIgSbEWWUMiGCAojAEAuPoiPL3oGbvdDo/fCbvdDufocPx9JSN+OX7yRIRwJXaf10r6bjDBsSNfT31dLXoGgl5qpibGotbh8/lgK64N/fNODGJqdEzV8bvco2itKBONr07ZcZVpGAIpe+2fi/mTZdx9FiUVjSExg9HTaLvMpxmd5saVob8baoLPVg7hPttQA2+/C6tqbEDNJTjx1juKIhhCCCHyaCl+CL13UATB/mf/a//epiLUkdQDiBrxy/jN0b1vFwEYV3mOYr+74wrpALBY4e9oaUf/9t6c6u94hC9A/OKXaKGUMkUsEQw9wCgTzQZKYY/iEb+IeWD36wAS8/jS/PlH5lPOhu1va7SG9nee9an2COP7p6+otlGy44ciGJIoaRPAtIjGcqwFOWEBrsUCOBi1xjAYQfhCiN4RxiuFMIT3XWVvI3LiFwCy4hchXQ6vPyiKsNjqQ6GHgPBQONNjCwuwgmcRMUqeW5pqmtDn6guJILrcowCA1ooyHB5Rrk+PCGGo4sE5kJhwxTs1GCZesRXWwgefJvWct3pNzHIdjr3z/VobFnoJAGzFtQAGgUlg2OmI6gEmYAr2uXAZCp6FPH5nRvtyzNOX83NjJm1A++vHhqM+D044BsK2DeeuI5E20nZZ0QcZfTZrCHpsWrauBVjXAhwMpv/L7/4Df3PTF2VFMCS9uMenUFFSGJGWaPl4yqbjGMm2LxvsRwghJD1EE6hE8wCiRvxSdOtXaGC9PedG8coiJ3wJ3esVxC9Lz6+LyKtH8YtANBGMu8guX6if40bxmVAD8cvaZRU42O3WSPgCdJ714UOiz9CC+EXYBywIX4QxrySEaf36TwGo8wijhVCKIhiSCGkTwOzyAFsk86R0QU68ACeUoRcY/aPXUEf1dnvUerZs2RLMv2tXQu1meZZPZXlh/IZCd+lMCHPfPbdx8tM5uXjfVRLMyKV7vd5Qut8bXZTgnRiEz+eDb9IHK+ITrPQOnMDiuhVh3kAAhLyKCKF19CSEsRXa0DPQFQonJXjO6XH1hOWTbgs4BwZDHlfEHlxshbWYGnGFwhdNjbhkji3vuSXZeurralXOeXbY7Xa4RpR/Z7W0/yh+/yQAvI4br79cVggzbTajcHYOp0enUVHA+YgQQogBnqPqgw+O3nlveEosWxe873W/58AqUTpFMNoxPDycVPloogs1dadDtKF0jGTPL1nbGcV+gHyYMXpdMg5S7x8//+EDSdX32VtvWhgH9ALC/mf/J0U8whcgfvFLtFBKJAP9HWeoo7B7voL4ZUV9MaTBcuTEL1IPH1qRaBDS8+sacHQgUtXy/R//FweK0nOfgncTLcQvAokIX266Q/Dc5Ajt+8AyYGr+MfU71zVE7AMW9gthlx6IIYQRPMJEE8Io2UjAVAwc6jqCNa2rOKCIpqQ1BNKu+e8o0gU5AfECHNE/2+5/KNifOvX4Ig0zE1fbRGW3bb9fNowNy7N8qsqL0atHGOH6v3/bnZwMdQzvu8p4p7xAUN8REbonGoIQJhTqKAZWqxXeiUH0ufqwuvnCkOBFYHFdMESQND3TtrEV2mRDRnm93pAwRvDEI/YQc6z3UMhO4v+Dxpi394hwnMEwu0rTtKqnvkZ9/9ol4lnvxOC855dwlvYfBQBFIYzjbCfyAnMoKyzlREQIIcSQ9Jw9HpEmFr/I5b37X76On/zNP1EEk4zdPYmLJ5oxklTdscprwdzESMrOLxnbGcV+Uih4yQ5+++vfYYW1OOk6xCIIwv4n8RPNK4saDyBS8cv5DZEeQCh+0Q/JCF/E/S4nfpGiJH65a/OHZY//wO7nVYVTkqOhrBBAVcJ2URLBEPWoFb+4bvw72XEhFr9IiSV8EYQq33vitGy+739yiar9AvEIYeoAdMmERooVJspuCbqUpQiGaE1+Jg4qLLRJ9QwUvhiDbAp11NnZmbAdkinL8izf2dmJtrY21fn1KoQRPEAxNJK+Mcp9Vxx6SIqStxEA6Bnoikjzer1ormsFEOm1RE7YIUUIhdNYHR42x2q1wgor+lzBMBzWoqAaQ9hWEsY01TQFPclM+hK2QSrxeDyw2+3weDywldgUvel4p7yyIai8Xi/2HX435nGsVmtInBISt/gXbCL+W4t6WpuWy44Tr9eLgXOxQ6n4fL5QqCpBCLO41IzC8pXBDDJCGABotAdf3gbcg6goMHMSIoQQYjiaG1eKtl4GAFj+6WYAwKooeeU8wZD0kKwAJNnyqT5Gqs/PCPaLh/7RqflFMKI3pN4/UvJufec2tO+8n8Zm/xMVxBvqSIyS+KXJHimCkBO/pMoDiKbUZVd/JxLqSM6DhWLYI3f4dy2x+GVq3r3G737xHdx0x73wKJ7J8xm1kVQEs+fAU6rKbVx/Xc7NH+I5QSnskdzzWLzil1jCF0GoIvZnXX/e6rC8wZBHZ2X3tzVacfFSOzB8RPY4aoUwQmgksRAmlgeYhf1lQREMgKrWtbw5kaTJiABGGnJBSoefHaNH9Cp8qbfbE/aw0dbWlrCQQRAvsDzLJ1M+Xh66fzu2bb9ft6GRKITRJ0a577a3bAiez7z4ROxtxFYYFGX0uHrQM9CF5rpWHOzdh+aaZthsNnhd3lCZ5rrWMK8uQj3NNc2K4pf3u4/Jps8qeGYRhC6C8GV184UAgMM9QRGIIIyRYi2yRhXBSG2QLjx+DzzzIQ/qSsoU88mJXwCgEEHBTFNtU1zHXVy9IiLtcN+7mtTjmupZ6P/5kFc2Sy28/kF4vd6QrUPXgcjmgqhGCE0lCGFCL3ShkFbzc3mYEGaBoAeYCXg8QdvaY4RnTDculytl+Y2WN9vsn4v5CSHaIvYAc/2NV+LJ378sm+/6G6+M8BYj5wlmXW05F+QJSRLf5Ax8kzNx5V94D8mnAXWI2PtHfVti7wrOTg9WWIvpBYT9z/6Pk2SEL4B24pe7Nn8MF9wSFGV89Fu/DluUbq0vwWXLq3FNa03Y/pLn7sK1G1tlz33J8jURab/47eOhY4l5YPefsHZZg2w9B7v7sXP3+6as6e84PL7EQlH8IkHq+aWwsBAP/+zr6G7+K9z7lEyoIYn3jUySiCcYtUKZbCTd4hep8EVgw4Yrgn888euwdEHgsqG1NWJ/SPwiKv/+ySew8rLlOP7WybB64hXCnPrbL0b1ABNpR1AEQzQjrW8/cgtw4vAM0oU5CmH0gZ6FL1u2bMGuXbvYSSTnuPO227Br1y7dCmEYGkkfGP2+K4TikXoj8U554fUPRohZFry+RKIkfInltWRsMiisKS2S94jSVNMUEsEAkUIYKVarFT6XD4d73g3l1QMtovA9E1MzcZWtKYzuUadvsE9W0CInWtGqnmIbgPm1c0H4Ih4n8SIWwoS90ImEMCedndjgHw7bX1paCkxNwOMPXniCyEgv1NTUhG0PDga96igJD8T5jZYXAJwYyhr752J+uf4zmUw3AfhdIBDgTZ8YAj2P2dMneqPuv/7GK+OqTyyCAYIL8VyAj80rp0cTKnfFkrKk61dbRybarkX7ssF+yXhVWmoLX5AVwie11FTwwksjzq3b0nasjq330AsI+59GlyGRUEdKHkDkwh6NTIR/N1ASv0jFKADwm7s+KnNWc5H7r/ojvvetjwNAhBBGWCwXC2Hu+OwNAIAHFIQw2czWVcux88hJfGJz7P6OtVCvFPZIjfhFON7n//qf8L0nTsflfSNTCCKYc+4hThwqxoVc2KPh0bGwtETCHolREr5IxSqq5xKZfdJ6AcgKYR7Y/XroGlISwijNn9EITNATDNGGtH19aLfIL8BJt+UW5EhmEEKb6DHU0bbt92PLli1Jt1HJe4dYWKN0nGieP1ie5dWUT9QLjPQ4922/h6GRSFbed+XEL0K6HEriF7k6BgeHMBjHYvjYpBd5cZz76uYLFUUwwEJIJGkoJaPhHBiMmUfJm8vhvnexukm9CEhtPcW28L4Xi1/CxoTM2qPH44HH78HiujUoKK3B0NDhsP2CgElKa0UZpkbMmFKcI+0h7y/vdx+D2Wy+aW5u7nd67Vep8CCaJw6j5TUC8bYn1/LLcJPJZKIIRgUmk+mmQCDwO1oi4xhizG7/3mPJV1K2FBg9FfIEIyzA0wuMPJ9bV4mqqip87+0ZrKiODKF4YmgOt9y6Ubbs7n/boeoYm//yZsV9autIhmgCEi3OLVod0TCK/ZJBEM8stRXj2PA4zqsqARAUwlAEkxnE3j+AoCePZKAXEPY/+z868Xh8iYWS+EVKPOIXAPjcA8+g/rzVIc8vAPDbN3rw8G3Bur/+YvAbUmt9CT61PeiC9g/brweQmBAGABbVyQs4D3ZnT99vXbUcO//5i/jE//kP2f5W46EiHvGLa9PXZfv9gUfeDm7E8L7x8M/0Zb/KimpOIDHGhZz4JWJcKIhf1BBN+BJtLhGPL7m5RGm/FCUhjCDciSaEiXZ9ud1+hf0WimBI0qT15zcO0bqrgtYhLA/JDHr1+JKKhXSlEEgb2lsgOJbZ0N6iWBYAy7N8UuW1Qrg+9CaEYWikzGL0+66ccCVauhqUPL686iiQTd/UMh223e8KvnA01Kj7KOLz+eCb9IVCJkmRhlLSIz2uHtl0NeIXQNlzSzziF7X1FNuSb29LfQsEJzjV1cFf5IiFMNHESstswQut2+sPbfe5IkMfBQIB1QvRJpMpVIZoDwUBWYMmgoJx91mUVDSG/jZymiXNYz6bbKdVmiUNY1ZLTgyF/+rv7obwj7jHhsdhLcpXFK/0j07BNzkTWlRfoBm/7uqRFcEIHijifsZNsFw2k6jwQ0pVy3LZsbH79X1Jh0B4pGPYtPnyiwNy4p5hx8m0tM/I9tMKqReZ86pKeE2lCf899wEKHiHF4W82bfqSqvpeffXfF97NFMQT9ALC/mf/A1tWVWHXkWF8RGZfoh5AtBC/rFw3v6D8Xvg9UCp+ke4DEL7/mgfw8G0X4a5bLgUQnxDmFyIhTLazddXyUNiWLXXl2DUwEtavsZATv6yoL8asJJ+S+OWuzR8ObavxvmG7MRgWy/v7HxjCvjsffR0A8PTjj5lyaX5JVvwieFKJxtN7elULX8RIxS1iyvJcaKpbrrhfiUSEMLGuL+X99ARDkiOtAph4Qyu00xNMWskl4Qsh2QqFMMTI912HsxMt9dqIww727gvbjiV8mbxwPUonBrFscVDc0N3rw1hxLV599wCAxIUwVqsVVlhjenqxFlnhm/RF2CBTi/NerxfeqWCoIMHjjrANAO8cflM29JDP5wuFCwq1zWKNSPf5fOjz98FqsWpWz8rlwXqUBDsA4PUPRow3sc2lQhWB6urVmB5zwTsRLN87cAKL6yLPW+jnZQqCJylq+pfCl9RDEUzWkJSgYGr0HArLKkNiBqOnpXPMZ5vttEpL9ZjVkrsbZqMIWJLn1lZlEQxReJ8qK49MHPKidfmisKT//NcnkjrO//7yJ0N/u8uWoipD7XWXLQ1rm5btiobR7Dc4O5ZwWSEcmYBYCJOK655ER+z9Q0788N0j0cNd/WBVMTZt+lJIBFHfZoez00MvIOx/9r8CW1ZVYdff3ouP/P13ACTnAUSN+MX1iS9GpAniF0H4IrBy3XK8/8gPcMEt38Uz/3ArnusKesQUFqQF0YuAVBzz8G0XAUCo7q/+w08AqBPC5Nw4qCtPqJyS+EWKUtgjQfzy/iPfjnocp0yaHoQwT//6V7Hz7H7flGvjSa34Ze4v7lMYF5erOo44XzThy8rLluP9R76GC275kexc0ta48D1VTvwizCXvP/K1mAKblZctB2SEO1IhTIPK+VU8z4bnX/AEQ0i8pE0AIw6vEGtBTliAa7HQI0w60Guoo3qFRSgtiRbGJpVlWZ7ltQiBFA3h+hGuJ70JYe675zZOvrzvRo4Xux0ev1N2n9frnQ9xFC5u6HH1oLmmGbZCG3oGukIijeaaZgBB4cvgYGSoI7HwJRrC/mhCmDwoCyJCLxYxPL0IoXXkbJDuxXmp8EXwuON1eXGwd1/Inof7IkVFPr8PPr9Ptl65dJ/fp0k9ddU1IeHL2sUXAwgXQXn9g/B6vbLjTc7mvQMnsGxZeFiWgtIaiB3MCCGsVjdfiN6BE6F+9vl8cYW2ita/gvcXgEKYVEMRTNagSlAwNuKF4+jhsG1k2Y8vZNuowZjPBdulqw/iGbNa0z86FSY+6R+dSris2vJyIhg5AUyi9atpW7bN9YJ4w3HV9rB0W0MNvP0utLy4PWy/rSH4bOPtD34Mb3lxO/7zX58IE3EoCW+0tJ3SMZTaJXfewn6hrWHvQTLtygb7CR50qorD30eGJwqw/fufVmyTraEGFY98GYPdxwFEF8LwWS11+O+5T3Gf4L3jxi99AwDwUEEdlq0Lz9P9ngMAsGxdSzAPgNumB7Bp05fw+3//YdRjO+7Zjhb+GIn9T7BlVVXIA8hW22Ls9PaG9qn1ACIVvzTZI0UQSuKXH3/rbsW6xSKYa1prMNgzgHVXRf6w5kurKiF4C1l3VRNqm4Pim/cf+UFIWCMch0IYdcQKz5Ks+EXcx6rZ/XxEUiaFMB9c1Rp1/2tHunJy7EjFL3LvNsmKX0Lj57LlqvMJIphoc8ntbVaFueRrqo8VizUNi4GGxarmV+l1F07QEwxQxgmLxEXaBDC7PMAWe3iadEFOvAAnlKEXmNSx7f6Hgg9/OvX4sm37/Sm3gVIIJLVlAbA8yydVPtXo1SOMMP/cv+1OTsa870ZFEL7YLLVhad4pL5prmkNCF++UF7ZCW5jwRY5Ywpe6xuBLXXfv/rD0WEKYsUkvOnv2YxamMEGElKaapoTCHaX7g6+t0CYbaqoQllAYIqWQRMI+uRBH3qlB2bzJ1DMFP7xT3pDwRTp+BOFLSMgzn1ZcGP0xuLt7D5Yt2xg1T1NNE7wTg/BNLohyBK8/QvirZPqXopf0QhFM1qC70DIc80SPY1ZJVHJseDzhsrHKX1ZZjbfODYVEMFrXr6a80cd9c+PK6M9wMoIQIR1YEG8I22rqTJftpOchtMXb74KtoUa2bcI+uTarbVc22E84h4aa4POue/78hMVyy7M2oOYS3HXPl/A3NwUXZsVCGOF6XGorhm8yGAtUyUNTsuGSkikfSzhulHu/kvePpqYm/PnDb2L9teHeJKTiByHt7n4X/vvzfxZWB72AsP/Z/9GRCljUolb8ohT2KJr4RUAsghEWo6XIpYvFL2LUCmGIPFqIX9Yua8DB7v74xC+xnlUyIIRREjCIxUN/f/v1gb/95ZM54wVGjfglWtijeIhXkCIWwcQ3l2gnfpGOj2hjS10+zkkkftIaAmmXJ/i/dEFOQLwAR1IHQx0RknvoVQgjeKDi9c/7rhwLXl8iEYQuoRfAecFGosIXtcQSwuQhEBLCaE0qP5o7nI7Q33WVTYriFwGfzxf3MXqHTkSENUq2nvqaWvS4emTFL6GxIdMWxTnN44Hdbg965PH5MD0WXOQoKJ1f9JgYlC0nhLAKS7NaAR+SFsGkEpfLlbL8RsubiX5Ipf1zMb+Em0wmU1g/UhCjPObtzWt3uU+/P0FrZJSbKpasfdrTc8id6rEqLG7LEcsThBC6KNHygPyiu1b1xyqfrrle6nUuEWz14Q/wXmfkA7sgdhCe4sTiDVtDTYQYQrzP2+/CqhpbQnNGqu+ToXaJxC1iEYy4XeJ9QvsaVLYrm+zXczbo3aXfFRx7wkK5sHBeMZ/ec/Y47v6X4K/Rf/I3/6R4TQpCGD2GRjKaiC2a5w81KIkf4n7fm/8WRE8g7H8SiRoPIMmIX+JBEMHEWyYaP/7W3Tj+3kk8sPtPACKFMLmOkrgjWfHLteuDdj6YwDn9+Ft34Kv/EBw7n//rf5J/VkyjECaWQGHtsgasaW3OORFM6JkyCfGLEEpoUZ28d5OD3YkpPwQRTLxl4iXaeav1/BKvhxhC1JKfiYMKC21SXQSFL6lFr8KXersd922/J+72JBuCJtk6GMKH5ZMtn4wXmESP/9D927Ft+/26DY1EIQzvu2KUxC9ygoauvpOAjGMVrYQvUtQIYaIheIERQiOpJVUffNtbNoT+7vdFGtLpChd+WK1WxRBFSiyuXhHhASaZeupramPmlRsrK1d+EH6vEy73KZm5zIMWSxtcI91h6YIQBgiKdqRCHiGElRQh3ePxwOP3JNy/6fpF63M9x3ANgMHBQdl9t9TWGjZvvNfZ2rVr97z//vuOdM558bYn1/InwE1r1qw5cOjQoU4QYXDLJs9OTawCsJ8GylwfAICn59C1AFK+qJtMuJNUh0pJtv54ymeTBySb2NvHuhbZxdFl61ogfrpZf+0liisyUvENHF5NbadG3COcY/d7jrD2Sdtma6hZEHsIiQez234VpUVh28MTcxF5Djz9TkT7pIiFMLHCIlmL1H0+TmUIs2g2bG1uLAQwpafrUkn4IPb+ASyEv5FDrfhBrg4lLyAUQrD/2f/q0UL8cu3GVjy9J77wMFp6CxFz1+aPAUBcQphc9RipVvzi2vR1+X5f36pBf3042F8/y7wQRo0HGABYe0HuiWCSFr+kkFTXr+q5tcIS91hTKpOrobZI4mREACMNuSClg4IvTdGr8OXO224Lbu/alVC7kg1BI9TBED4sn8nyyYzdZI4vXH8PPvTQ/MTbIXv9ZkoIw9BIuXnfFbxvxEO8Hl9uv/NvFOva+eNvqs77ywf/Jax+JSFMvysYU7qhRvLBpKYJPp8vJISxFllV2yDdHyAmvPob06rEL4Xh4pe6ugtkx5vY5naLsu29E4OhsEZWWOO/DudFRq8eeUV1/5pMJk5gGeLs2bMXYeFH4cSgHDt2bD0ACmAElIV0nGwy3wckA+Tn5d00Mzsb9zOVe3wKFSWFYduJlo23vBJSjx/SfeJ0YXtVEsdLx/No93uOsHMXtvGsfL5lCuKVXLKfklebaN5q7v6Xr8t6gwHCPcIAqQ2RpqZ8Jt+J1BKPxw9x6JpQfyydwatQJ364e+mMbD3RRBUCWgohdrx37qab11UypGKO9n82EM0DSLLiF72wct1yHH/vJIBIIYya+RZA1oaYFS+2K4U9khU5pFD8IiZeIQx235dSG8Uil0Qweha/6H1+1boMIbLv++k8mNwCnDg8g3RhjkKY5BBCi+gx1NG27fezgwjRAYIHJoZGyk6Mdt/1+D3wKPwC9GDvvrDtWMKXD972Cex5az8mZfI888wlqKioED1Yu/HRj74jW5/avPnnL8LGyy7Cqw/9DwBlIUxp0cLHZ6vVCiusIVFFLBuEXbuVZR+vsRY/ddDhmklln0x4UxO6KJl6iudN2OPqUczTM7DwqwCbpRYWW33U8Sb831KvTpwo9JmcBx85DzFq6xVIxQf9P+7rwV+UN4i2+zG25GhcdTyy7zVD5y3dVxphAyUKCgrmjGz/bMwfT/+J+jEwPT3NB4IYFBZZaAQCABicHVPcJ10YT6SOaGhRv9o6xLQ2NxZ29ZyNW4GiJFoZHh5OuOxCeWWxghDqRkw08YY0XU4kIldnJp5X5M5DTgSzSqGNgghGEMiobVe22E9MhGecGF5xooVFAtR5V0pXCLN02TARnFu3wa6w7+c/fAAAQt4/5MQPApuO7cEm4dZ8bOF5Z5PK23V9mx3OTk/ICwgA/NU37pLN27H1HrQ8mPxiKUUwudv/2SqOUCt+cX3iixFpD//s61jTsBh9juBHtjUNi/HLh/6guzauaViMQ/29arPfZDKZfpfNYWW1EL+saViMPqc/ws6/fGi3Jv0lHAdQFsKMb94GACjRUAij1gOMwJV/fn3Wi2DkxsXcX9ynOC5eO3A6LF28HZwvlPv9lw++qEsbCGNSCTXCqWgeX9SMQUKikTYBTLtFfgFOui23IEfiQ68eX+QWshmCiOVZPnPlxV5ohOtTb0IYhkbKrftuS30LAMDhdMBWaEPPQBe8U0H3I801zQCCwpfBwaGIsoLwZeVHzgcADJztwlfu3oKf/mQXxoprozxAq4+lqpS3dGIQX7l7C/70hxdDx3/12eDCtlQIMzbpRZ6kvNVqBXyAb9IXZoNoDLjHymqsxXkAUiaAUeP5RU7sAQBWixW9QyewuHqFqmOprWcKXrhcwROzFdpgs9nQ4+pBz0AXmutacbB3H5prmkOhj5TELz0DXSFbC4htLghzegdOAAAW162I6DMrrBEefGzFtbAV14bKybVJLSsaKy4A8H4qr7n/r+jKsO2/m3wZz/UcU5XfaHkB4D68o9o2RUVFKZ/zkrF/LuaPp/9CL7v56l93p8a9WZUWzwgunB1Naixnm+20Skv9LJIY0QQkm//yZsV9u/9th6r6o9URDS3qV1tHMsxNjCju6/FE19E0YyTq/ljlAaC5caVo62UAgOWfgjZR8kiy6tlvL2w8G5kvvM4459m8vJuWLqr770RERMptezn8vJ+Vb1tYu+bzxdeu7LJfxDnP2yMeTzWxhDDRSGcIMzkbZnpu9d8p/81CKnwQkPPS8aPvfgVf+8FP4zruj777lejvFPPHFc5DTgjhuHMbRTDs/2RNYGhxhJwHEKn4pSJfRgShIH6547M3GKbth37bmzP9HA0l8cuK+mKMjc6G97uC+OWOT38oLef6AQS/T/1ChRDGBm1CI8UbxgbIbhFMPOKXazcuxpLla7L2/vfGC4fQ1KJ8Xam9/ghJBWn1AOMQjWMFzURYHhIfRhK+CDAEEcuzvL5CMFEIk10Y+b7rnfLCVmgLE77IIQ111N07iGWLrahrbMU7e3ujimDcbjcqKipUiWCU8gril3f29qKusRUDZ7vQ3euLOzSS1WqFz6XeG0qe2QQAmn11cDg70VLfBoezE0UlZRH29vnlz83n90Xss1qs8Pl9sFqsONynXT21tdUAFoQv0vHi9Q+Gxks0jh9X54XCarXCVlwL78RgSNAiRfAAIwhhBATBjFI5NZhMplmtr6tfvRTdY4ZUcJBNedXaIJVoaf9czJ9I/yl9nJ0YH8XQoDNsG6VBEUNhSXB+EQQNRk2TbaPihGNWbdNcsJ1WaXH1QZp4pGPYtPnyiwNXb1gSfh91erDPEV35mqiwRS1a1O8uW4qLW2yw1dvD0l/YexpPvbFfkwaoEamkomyoDpG3ketvvBJP/v7lpOq7/sYrE/ZgojXCeaSrXdlmv1htuv5G9ffdu//l6+g6eSYkKkvEu1KuoyR8iOb5AwB27Pgubr5Z3WLljh3fjVmfILRQI4TQAnqCyen+N7w4ItfEL7naz0r9Lid+iej3DItfxAjH/IXK0EjJCGHi9QAjkAueYIDcFb+oIV7xVFSPMP0gJC7SKoCJN7RCOz3BqEKvoY7u33YnO4cQgyJcv8L8ojchzH333MZOyvL7riByUCt8ERgrrkV37yDqGoPb0UQwtZdVBf94K/b5yOUVi18Eunt9YceJVwiTKex2Ozx+J+x2e7C9tdVoq14dka9z6DDqy6oi0p2jwynK3xD63zk6LCt+EcaLHF7/IADAYquH37uwCGmz2TA1ET1Eg8/nC3l0EYQwSiGbmmqaIkQwYhzOoFgxnlBIfUMja1c02IpO9Hvf1aKPt918CVaf157Tc+Jvvh/e/sPHOvB3//FyWo5N++u//2795GVZZa/H/vMt1XlLSstouwz3gV5oXb6IHWcw4hE1sF3Za7+uk2dCf6+8qDVmHrUIwrRY3pUyFcJMr/z8hw/ELXwQs2PHdzU7F+G4ckIIimDY/ynAsOIIJfFLk13GA4iC+AUA3nghGL5bGlpICBWit/Rc62c5khW/AMAvHnsp4/35sAohTKIeYRLxACOQ7SIYJfGLwBsvHDLMfJDI/KHk/UU8tyYyHxOiBWkTwIjDK8RakBMW4Fos9AgTjW33PwRAvx5fPE5nzDoZAonlWT5z5ZW8wIjRq0cYYf6j0C5777tdfScBGT2BIHwpvfrK4P+yb2Y27HlrPzZedhGAcBGMQMHK4K/dp4/PxTwXubxy4pc9b+1HUWOrfMiD+fN99YWXAcgLYfJ0NobEog3BQ0wm8wOQFb8opXu93lC6WPwSjQ7HXgCA1VobIXaxzQub4vHUE5rD5oVFHr9TdRn/1Ixpci5fs2f1w8cHUFDk4OQosUk6j0X766v/HF2Hw7ZXtNRlnY2kbVScbybGabsM9wHJKJqFk3zltLKXnyuWlKkvX1YDr9Mjm2f79x7LWhvqtG26s597bFL6tpLyE4zloUkHIcxm9NKZcuIHQD7kTSZZYS3Gz3/4AD57600pqT9XRTDsfwAGFEdEE79IURK/3LX5Y3hg95/C0u/a/DEA0H16rvSzHGrFL+Obt8n2e9CuH5636/MSe6c3fU3DYhzq71UlhAGAwd98N65rRA61wphsFcEoiV/u2nw5Htj9Ovoc4v66fL6/Xpf0o7HTY0EPMCSTpE0As8sDbLGHp0kX5MQLcEIZeoGJxIihjpRgCCSWZ3l9hUBSQq9CGMFDDUMjGf++GxS2HIuxf0H4EouixlZ5EcyPv4mKVS8CCApaClaaVXmAEefd+eNvKopfYlEaQwjzfvcxSZsnMm77nnMDYf8PDg5FrU/L/BcsOy/hdnmnvMB8NAebpVblHGOH3W6Ha2Q8oWMe7nkXq5sv1KxvnN7JpYVlVc2mYLSrxzizEaINLa2rsfXzN2d1G7f9/b3h724P78Cel3bL5p2dmabtMtwHeiHXBAgBAHNzgZrW5kZXV8/ZOTVloolclq9pVy53qCNm3dHKA8DFLba02EVJfKOVDeXqT1fbssF+S+uqw7cBHHv1SEbbHGvsCkQ7T6U69jm8UUOYCTZcsbjBBWBOT2MhHq8f6SRdYoxc9wST4/1vKHFEsuIXYEFU0jT/ge1Qf7jQRM/pudLPckjFLw1lkeGulMQv165vxdMHusKEKU31YntnJl06NpWEMK2fC3qCUeMRJhkPMALZJoKJ5vlFLBJpahH6KzxtoR+Nmy4W+ChBDzAkk6Q1BNKu+eerLQrPf+IFOL0j9W4SzduJGk8oasrrPdSRUhu0aj/LszzLZ7683kMjST3CpNJ+wj57fb1u71XZcN8VhC/55wdd8k+e7YqrvLwnmKvgFr69vjF/b5P5Frvzx98MPnhL8sqJX+I9N6E9rx4NuiKXCmHI/HXm8YS8p0jxer1ormsF0BOW3uPqQXNNc0LHkx7LOzEY8vwiRgh31FTTFP6RrKYJ3onB0H5rkTWp9k/7R83AqFkre3YcPMZBlUFof/3g6DqMnQ/vyLk2K1FoKabtMtwH6YYChCBzc3PoPuO8allT/TMAzsXK/0jHsGnz5RcHotmqrET+hWbdpRt0a6/R8cQ/MsdrQzUo2ZD2o/3SZcO45/ctd0L8VcDpCc5Bzr0efRvfvOC7dO+W27Bh10OaH+IPR8c+8KnzS9/I6vs7+1+Jm8rKyv57bGxsSimDHoQTasUv4zdHeqAWFrvv+OwNAIBf/PbxsP1GSU+2n40qglEjflEKe3Tt+oUfwN3x6Q8F7TofBklP6deub1XtESaaECaWIMFUDBzq6saa1mU58V4XK+zRtRsX4+k9vWHhge747HXz199TkuvS2OnRUCOciurxJY4xSIgc+Zk4qLDQJtVXGEH4AqhbUNUSvQpf7rvntqTbxhBILM/ymSsfrxcYMcL1L4Qi0ptHmHSGRkr3PSFX7ruC8OWDt30Cl2xIKjYxfvqTXREiGKV8YpTyScUvSvnU8s7eXrz60P8AoBAmck7wAJ5wYYogfBF7dfF6vfBOedFc06wofukZ6ArLP3CuL+bxfT4ffD4frFZrmBBG8PJyuOddAJFCF0EYIwhh9MDvXj5iAoAf//jHgU9+8pP4xmc/jD+7aDkqrCU41XMWvlE/+gbGsOny9Xj19QOhfQDC9q9aXqXJ+Rw5Oax4jE2Xr09+DhG1QVz3D3/7PJ544gl87Wtfu1mv9tey7ew/ooa8vHwagYSRawvouWgzuXPPtB2NakPaLzvslyiOLZHfHto3tODK+W+neuXljg68/na464dUiCBMgcAcshj2f5S+NxnDyYNU/FKRL+MBREH8cu3GcC/AgsDk9MlDYfv0nL6mYbEWZjS8J5h4xC+CwOT0yT5ZIYze0q8VnTsQXQhjA9AlExopmkDB7fbDbgmG+swFEUzdV36kMB8sXEtLlq/BHcvX4PTJQ8E+EO0ThCTB69LY6bEoPRx7/aoUAM5CVb5Dpjy+qJO4yMiXLmnIBSkdOnrnES9sWiwLJ+x0OlTXcd9DTyd1DnoTvgiEFr4T5MGHFsqHvEnIoLTPuXcvy7M8yydR/uX5OqKVV0toftCZECZRtt12req89fUtYfcIPXqGMcp9VxC9AMDKj5wPAPC5+/DO3uTqFcQvAmIBi1K+jZddpJhPWkZNvmj43H2h9r767NGM214vbGqZRkt9CxxOBzxODyxl5SKvL5EoCV+8Xi+8Xi9sNhtsllp4/YPwer3wjU9G5BVCUJUWBX/ZbbUGhS2CEEaKVAgjxVpkhW/SB8/8rwCVvNnoiYrqJQAO6OAckuUAjEg2tN0obdCTN45MMzE2QtsRAFxAJ4QQ1ffCLXdmZbv2brkNADQTQsyx/3O6//WOGvGLUtgjQUQix5LlawyT3ufYp5U5DSuCSUT8ErRfk4Jd9Zl+x/z/v1AZGkkshInlfWNhf35QBAOgqnVt1s0ZasQvaq49o80TyvPHIRCiZ9IqgJFbgBOHZ5AuzGV6QU76q/5ERS/3+x1xHfceS0vQJnoLdRRnOwghucc9OhPCJDp/3SOaw2OJYcT3BkEMI3cPyQRGuu/+14DXBAA3XbkqsGyxNWevoZUfOR/dvT7sfOXozZm2fXFxMawVTZkzxsv/HRy/89eVc3RYUfxisymHIhCELwL7Dr8b89Bjk14AgBVBe4iFMHKsbr5QVgRjtVrhc/mCnmwAeFSGZNAzXb1jvNmx/wzPmy8+abr6Y58JrF5/WSjt8IG38L3/83kAwIO/exlbPx8+De98eAfuvOlKTY6f6vq//88PQ9q2F5/8veJ9xWzO08x2RrBPqutPpA+IsegblBONjdAwSdmPNqT9kiNdS67ZKnyQopUQYjbL7ML+z160Er8YFekitxrvDjLctGpF7ZNHT7p8RhHCJCp+MTKhEEkqhTBH//mLqkLUCLjd/qwUwSiFPZKKX6KJXrIVjeYPQjQnbQKYdov8Apx0W25BLh3E6+ll796OiLSXOxfqEBZb6+0WwKKuQVv9QW8BehO+7LQ4BcPwiiGERGUnnPPzS3D+0I1HGOl8pqIdzvmDisUwV7ZFenXZsKFd9p6Rac8wer/vEpIOxOKXF/bH75Gv3xX07tNQE3yhFQQt8WK32EPeXwQvM3rFPXQ66v7bvvVjTY7zH9+/K+FzyGZS3Xb23wJ1i5bg8IG3wrazhXjbVlxWPkfb5db44gJ6cpSV5FiDx2k/2k//9stHIKUqX8/WO+GJsv+3v/4dAODySxsMY9rLL20InfeHPyK/sCsIIVp2PpTQMUxZMgzZ/w8hm4lH/LJ2WQPefHNvFrU+X3bBfsnyNcCerkQqNIwLGDnxy/jmbcr9/m5nVo37tcsaEJjIjxkaCYjtASZiEExklycYJfHL2mUVODMwGpZ+ZmAvcoeyKPNHL55myCKS8TtcGnGI5kkF7UVYnrQ9xKr09KJW9ALMC1/m2eWIvuC6s74dgP6EL1udwfPZxeuEEBInW+eFMDt1JoTZKpnflNjSUh+ax+/3LMzt94jedQQxjPjeEEsMI3fPycX7biy6e8UCAx+AAV5U8sxms+3/LMb+g73qXPUqCV+ihX3a1DIdti0WwliL4vdQpNfQR8XljcD8p9wSWyMw0KW7EEi16z6qutzge8+Itg7Its8Y9k++7ey/2AycOY27v/2thXehh3cs3Bu7DuP5p14Mv192HcYXvqfNPbwub1i2fuBKzdqn1DY5xka8RUtbVxee6jo8FaveZeetyVvaujqu+uN+fskC+0cbX9FoWXF+OdKgQuECOiEk25jwuT8E4Gmt6/Vsje7x4/lnXwIQKXx4uaPDEHYTzltoh5IQwrH1tuB9KsuFEOz/3Ov/eMQv125szbr29zlyM3xkPOKXa9e3Zq0d+ib8qjzCRPMA43b7FfdngwgmmvhlUV1ZTj979Tmi73/0qYOae0DdyUdeEgdpFcDEG1qhXeNfpEsXHbX09AIoi17aFFZqt1vaAOhP+LLdP7/Ca6dLAEJIcgjzyXadCWF2Suc7CeI5fEvLgscWLcUwUs8w2XjfTYTfvXwkFI6nsXpBoHB2aBp3bf9n/PKfP4tbzy4IEM5OzQAAGgvzMfq9n8nWWfb9vw7LJ/DrRh9u/z+/zVhbH9j+fyBtYzyhj2bmArY1LTXTJmD8oMM1q4XtpXYX2x5AWu3/3jc/HbZtK7ShZ6AL3qlgeKLmmmYAQI+rJyyfsD04OITBwaGIegXhS8EHP6B47FdfewOAshCmd+AEFtetiHz5c/UBAJpqmmAUCksbUGo3wzsSvjooFh8AqREgqD3GE0+sQ0VFRWh706aX8eqrV4o+uLjxyU++F1f7YmE2mwOZtH+ybc/1/hMwmaL/7lgsghg4cxpLGqqi5l9+hTZhfkZf/5Fseqzjq2XgzOmItkXDeeZ0S1VNfT6A12LVPTE2sjwR22mBUeyvNL7UcPpk58cA/I5vEeklEKePghNDc6gqnpbdNzxRYEgbJN2eAO1H+2XQfgD6fFMVWp5TosIHo0IhBPs/F/tfTvwyfnNk32er+CVFD1WGJBfFL1KiCWFieYBR3m9sTzAUv+gPk8l0E4DfGSXMGsksaRPAiMMrxFqQExbgWiyp/WV6JkQvAtstbfoVvhBCiMboVQizvb1ddu5rU5jbUyWGyZX7brxYiotFW9OqyjzzzCWhhVa3242PfvQdXV8bibQRAGbnAjjWd+6jQABti+xvAjidmnOK77xSaX/vlBe2QltI+BK2z+sNCWPkRC+AOuGLgJBHSQgzNulFZ89+zMKE1c0XonfgBICg8MXn84WEMIl4i0knjVU2jE4GHT402K04jvDwNYWlwQ+h8Qg0Fj6AuAEAFRUVMQUO0mOIz6E2jvZIQ+/ItU8tA/1nLfX24usLCgqme12+ZzNh/2Tanuv9JzA+PmaqsxdfbzabAeBJLftv3H02rvwlFY2q83Z0DsZVd3tbbXKNCQQAkzoFgMlkNumhDam0f0b6INQV6fmQxwX0cPLnpibUHqf72OGly85bfSpanltu3Ri2/chPn0BrTZXonEbnz7ks7rQu1zBu+conNbXdI7/eE3X/U2/s1+zXm7tf32fafPnFAdqP9suE/WJhvugaeBQW/gWyTfggJV4hhPnZl4D3Hs2KtrP/te//gI7VEPGIXwDg6T1dyFY+gIuRyyiJXwDg6QNdWd/+DyD8x11SIUwFonuAifyWEOkRRhDBGIH+OjvWBWZR95UfyY6LtcuC30/ODIziYLcbuc4HMtOzN5lMprh/NELRTO6RNgHMLg+wxR6eJl2QEy/ACWUS+TW6kqcXJcELkB7RixQKXwghuYbehDBqSJcYBggKYrTyDJPO+y7JDMKDu2+uLK9yyQXmWVN+wOt4N6ue5h1OB1rmhWK2QhtsNptsPu+UVxPhi5RYQpg8BEJCGAGr1QorrPD5fPBN+nRv4wZ7OTA1hXOeYMQNLUIgicUTiSAOoRPqi5VmAMD08bmwbQDAW3LlDsi2Ty3j/knTuB/WPPNUBuyvTdtzuf8EZmZmMeCZsBpx/hMLCgHg0kuDOqy33/5IWF9pJTQsKlIXE6eopFS3bTB6H6SLtw50fPqy9e2PRcuTawvowx7P5jW1ljcODfpjPoAHwA+nhGQxpueffSkgt+gvCALK5iaD79Z7HVltiDJJu5Vs8ttfPRpLoBR6gXr6lKnSbDZNf2TJ3Aj7Pzf6f3xsfAoAqu3V5XNzgYJzvuFzem2zkvilbiJPs+efb9752ajn4Fm8UZO22Hv3qM77wO4/5fSkryR+uWvzh/GPDz6m+Pw7PDGK//WtH0Wt+7/+4WuhMRDs/0/H6P8PadT/L8XR/89H3b+mYTGAxTE9wER+U5DmD3qCSXNAkoTYuft909bNFwQ+LzMuBPGLmLs2Xy5bzz8++CdN35++eefHYoyf6zQaP0/FMX5ez2RX3QR6TiUxSOuMs8sT/F+6ICcgXoDTCj2IXjrllCv16tuQKuHLVmew/ZS/EELSzVYE55+dGRbCKM3RSnN7KsUw0nuWFt5hMnHf1ZLiME8kvpSEV0hHyIZ42pgI/YODl8Hkuqy0avEJAO9oe06ps30s+78HoL1lAzocewEAdZXyYYXUCF8+87m7kjvRz92FR3/zQFQhjBSr1Qr4YAgRjBxi7xvAggeO1tYFF8BdXcFfQ4nFDNPH51BRUSErcBCXjXYMKfffX4kFX8omvPQS8O2bRDa/qRIvvZQaO1gK8zK60plo29l/salbtASHD7wVtp0IsTyLxOupRC2CUEmrtk361YWZ8o+NaGa7aG3Qu/1T0Qfp4tz4bCHfRiJtUlNaUBJPmYrSIrjHJiPShifm0Lp8UUrPNxX1R2tPKqD9aL9M2i8GYSIIsfCh3m4HEP6u5PR45tNjfHc4fhxNpcH3k2FP8J5bZS9Rtd03No22lSsj6rzxS99IqIG///cfyqYrtcXp8UQIIVSKX2CCqeFPJ2Y3mvNNNR6fp9RisQSePFHUdf2KvP06vSVo1v9a94/R+j8QCMBWavtAAJgb9Y8u8fv9JrvVPmYOmPefGzl3Rk+driR+8fV4UFeTvm9GhYXBR7TvPSHv4Pf7n1yiaj9R2e9RxC9q+0vLvtBj/6vx/CLn8UUpn1EIiWDmw0ApiV/0RI7OHxTBkKhkRHInLLRJdRrxLsDF6+lFTvACpF70Il4YDU2iKub7VAlfdlrm29JSzyuAEJJRtsA5P38F56dMCGHk5mg1c77WYhggeqikZDzDaHXfTTfWCrHgYSD0V8nihYfyxt7TobTR+bTQwu1bC/nF+ULMHgz9mUyog2TKKrUxHuZmggvQgbmZfO3tHnleWts/lv3aWzYAAPp9fWHp+w6/K5s/GY8vsYjlEabf1QsAaKhZHLSl1QqfywePxwOPX+cX3DxLFy3MYQ328uAfKj1wyHr3iIHcMcTnMAbgJRl1hFyauJxWTE7PZsz+ybad/Rebu7/9rYV3pod3hP5uaV2NfW+8EJa3pXU1hjQ6rlL9alEjHFFqmxIm1Uc3J1R/PG3Qu/1T1QfphgvokY9UiRwzk/znvz6RVPn//eVPatceU2J9RvvRfnppDwDM7X8O5ouuAeZFEJLe0aX7p7tf6IGtoUZVXm+/Cz+5ujmh44jEDjsk21GZmp4sm5qeDP2M3e/3m/zwr3ziRPniMkvJ8yaTaeyqRVN6s21Y/z//P6+Ytnxsw5we+0fv/e8d84YdMCiCKv6grbziTHFR0TsAMr4iriR+uWvzx/CPD/42Y+dVf174s2lrfQmAQdn9rfUluGx5NTB8BERlvycpfonWV22NVgBnNe1/aZ3i/W2NVly81J6S/lcrWjGSuEUtgggGgO7FL3odP2mCIhiiSEYEMNKQC1I6Epgv9Sx6ccopWaJUlyrhi9BOp58DnxCiL+5HcH66JwNCGLk5WjyHp0sMI71nRRPD6OG+m40ohTp45plLAATDgSiFOkimrFaYzQVZYftYdoolfFn5kfNR19iKPW/th6m6RbGPxIuXH/3oOzH3CwSGHPjgbZ/AwNkuvPrsUQCxhTDAgpDn1SOvZOX1oySeENKT4Ykn1oX1zaZNL+PVV68M66tPfvK9lLRrZnYuo3ZNV9uztf+iMXDmNJ5/6sWwbTHb/v7e8Herh3egqlzsOCPoeSQ8TQ6ZfAPy9Yv55jdLASx42Jl/NMKXvjQFoDQiPZ62yd5D8tR9GsjLz1ddfzJtyLT9M9EHmYAL6CI0jAnf3LgypXZrblyJ734n+ItUx1Xbw/bZGmrg7Xeh5cXtYfuFBVJvvyv4XvDidvznvz6BH9z7dd2NS9qP9ssUj3QMAwA+d/tWIA5ZUn2bPWaezuNAjT08jKDa7b4xj+wxmpqaAPRg2brIbwTd7wW/IYj3Heh3oampSfF8nXs9MduhVvgQi7GxkeKJibGPV9urn3mkQ5dhcUL9X1dVV5FI/8v1j1y/qO2fbOl/v3/C5PdPNI2MmZuQ4UVLJfHLj791d0qOt3LdcsV9x987iQ0brph/gfp12D5B4LKh9fyI/SHxCxAq//7JV6IeS3zMXMR243cV+v2OuOrZsOGKiL4SxAQbWlvxiEb9L65Tuj8kXgjr/2c07X813l3ERPMI89qRLkONFUEEs6iuTHb/we7gd8OVl8nY+0GN54/Looyft7QcP09EPZb4mDqCIhgiS1oFMHILcOLwDNKFOfGCnPgX70bw9OL0+OFHVJ1LBKkWvhBCiN4R5qt7MhwaSTyH610ME80zTDL3XaMSXKyab8iVpbKLUupe2NySF76KtJRNhsKyyqyxvxxdfSeBvsh0QfiSf/4iLFtsBQAMnO3CV+7egp/+ZFeYCEbaR4IwSe3+wJADX7l7C/70h+Ci5sqPnI8/vjcOOIILm3JCmDwALfVthrmGTp2J38tUNPFEwUpzyBtQIudQW70upece87rKz8uY/dPV9mzuv0RxdB0OEy8IaUtWfDyl9QN/Htr+x38cQ+1lVaG+uPTSYPr/e9kSSgsKBvU7nyTaBj3YP1v6IFG4gK49ldYKbdJcw4rHEGwnly62nVpvAfFhmqX9aL/M2U9bfvPLnYIIJrR91xdukBUOOPd64Oz0pPyc4jmGnPhBSItVl1IbU8Hc3BxgMul+PAjnmGj/d7/nCPXFsnUt6H7PEZaWTF8bvv8zSLrFL3HNQXfJPVzORdk/B6IOrcQvavsqG/o/Ee8u2egRxijk8PxBEQyJIG0CmHaL/AKcdFtuQS7soUuHohfBe4DTk9jETuELIYSEoxchjHRu3zAfD7nebtG9Zxit7rt65o5TbgBBwcMvIAyVl5Oqs2ClGdPH58JEK8LiF4CoC8HJlNWGgKHtL9hPIChsUfaWIhfqqLvXgWWLrahrbMU7e3tDIhi5PpKGaoq1XxC/vLO3F3WNrRg424XuXh/WrGwBVgbDRimFRhJ7fQme94QurqGzw16c1xQMydXv8QGIHYZm2xc/GPr79m/8Ksx2YkLiiQSQhtAR1y8r1ngLsucu1754yTObMmb/ZNrO/sse5LzwaOGZh23IrT7QAi6ga0PXQG9UW6mlocYGAHDI2M7WUBPa75axnbffhVXz+7Uif2qkcm1D+djB/pGZaPnWNpTnL15+Hu2XoP04/tLHb365M/LbgIJwQK0HGAA4MWYCCoK/JK+J4/1NrVeQWOKHaHWlS8xjVJLp/3hEMGr7mv2fOEW3fiUiTUn8ko7nHymfe+AZ1J+3Osy7y2/f6MHDt9UBAL7+YvCXQUr7iTyJhD2K1a9CX4k9aQh9UVVctpA3gf6Xq1Pc/0r7tUSN95doHl+k+fj+lL75Qw/jJwNQBEPC37HSeTCHaI5T0HCE5Ql7CJMRvug2vJH0PD0yD4/18QtfAHnxi1T4stUZtMtejm9CiMHZiuB8tlOFEGZnHO5LxPOv3BwtCF0UP3x4/Lr2DKPFfVfv3HHKjTdf+R90vRX0Kfn5b+zGL371zwnX95P/+mnw5e74n7Dn9Mew6ZrdEXlefW4zAOCj+IpmZY2KlvaX2q/N+puo+cUeX4CgMEVMd68PdcGIFwsimB9/M/jCLQ5p+4boWWo+Pdp+QfwiPo70+MI5vXr0DIBIIYzecJ45CmtZMfqG3XD2dgKI7e1k+3f+GsePvA8A+OUP/wLV5+3XVDwhx/33V2JB4GXCSy8B375JtGBwUyVeekmb9kkJZNj+ibad/RebukVLcPjAW2Hbajn8my+H/q763L+mbIzICYbUCC+SaZuaqyKe+hNtgx7sr98+yCxcQE/Odq0bV+GK84Le5f7zoV601i1Oqk5BDLRsXQswv6gqZdm6FnSLttdfewlwUNu2HR8c3dBWbQGAU9HyzczMLKb9Ercfx19mSdYDzIkxE75w68IC0//79QBWlKp72lRzDDXih1h1pdMDSK71v1oRTKIiFPa/OuIRv6Ti+UctUnGLdB8Axf0kEiXxixbPv1IhgRZEq7Msz4WmuuWaH1MOtaKVXBC3LFm+Jmz79MlDaX9/Mtr4yRAUwZAQaRHAPNTWrlldRhG9pAMl4QshhGQbwvwWSwiTTpwK9wg9iGG0vO/qma63HsRgz76k6/njJ2/ApwA895lLsOfkxwAEBSsHlpdg5OQ4PrVv3hXqxatRvrwEvd+8A70APv7E40mVpf3lbd/p+xzOvFuCQkleQfjywds+gUs2RP9Y/9Of7MLGyy4CsCCCSRax+GXPW/tj1vnO3l68+tD/ANCvEMZmtWHYeRxnHL2wWq3wTYzFDENz/Mj7OBwlbrMW4glpCJ2XZNQRcmnSc5drn5Hsn0zb2X/quPvb31p4t3p4h6oyh3/zZYkA8MtYnQIRRjCk3FRoWwgp96UvTYlyKYeai7dtJpUhCEwms+r6k21DJu2fiT4wxL2fC+iaMGku1LQ+YbFT0XaidGF7VQraFVChGw1ooC3NZftx/GUWTTzAdIwndOxYx1ArfohWFz3ApK7/xX0SSwSTiAcY9r86lMIe3bX5Y2l//pGyct1yvP/ID3DBLd/FM/9wK57rCgp/hcVpQfQiIBW/PHxb8PvH+4/8ACvXLecFK+53BfHLHZ/+EH7xWOxfkyj1//ZPbcQzf9gT0VdtjdYE+//buOCW/yvb/+I65cQLC/3/bc37X413FzFRPcL0G3MMScUvobQ9vRl5f4oYP5ctx/uPfA0X3PKjJMfP17DysqyYPyiCIQDSJIC5csOGpMq/vHevrPAlXaIXp8eflOhFzpPAziTsoRjqyG7niCaEZDUbVIZGSnaOjvtDiCRMknAfypQYRov7rt75xdIKfP4bu8O2k+G5z1yC6bIb8eJ3/jc2/+k/sb61Be6Bf0PF+m9gbekXccU9p7D2/jOwFq3C9s9cgmsefUeTskZFS/sr2c+FBdELAKz8yPkAAJ+7D+/EGKKC+EVALF7Rgo2XXRSzTp+7L3TOrz57VJf96PV50dLUALvdjr6zgwDysHv301HL7Hh8IZzT7d/4FT70IbF3DwAwIWL9Jk4vJWHnEON84m2foeyfRNvZf7EZOHMazz/1Ytj2zp3q3tK0EmBGvOfNH7+t/SrFkHJy6dLzHjhzNqJtscjLV/dpIL+gQJXtkm1DJu2fqT4wElxAD+Iemwzbrigtipq/tW4xuvYcQdeehe1U2k6avkxBYJRoe2g/2s/I9kuEZL1jrCgN4LX3R8K2k+XupTPAsT3YJHxWOLawurhJ+gliaerbmM0kYpu7l84gYsVXro+O9WPTUvZ/KlESv2Ty+UeKWARzTWsNBnsGsO6qpoh8X1pVCSDokXDdVU2obQ56lqL4Rabfo4hfkn3+rbRW4K+vW4ufPXVQsa/i7/+gCCZa/9/eZlXo/2+npP8T8e6Si+GOMj5/iEQwiY2frBG/hL5kgSKYnCdtIZBaWlpQX18fdzmn0wmIFuJy0dOLmJ0d/kjhCyGE5Bj3Kwhh9IJw/8iUZ5hk7rkOh3HuLb9YWoHxXmFBKTkBzLYOD4B/x1XvXY57R/4deB34Tnkh7h35NoAaXHXvIrR9sBadrw3i3pEp/Mg9ho9rUNbIaGV/Jft9qqIUH3/icWy74wtYtthqaFut/Mj56O71YecrR2/Wyzn98LfP4xuf/TAOdw3Np+Thh799HgDwjc8qx8C+/Ru/Ctt+KQ5lRFdXl6p89/7qT5q0Ual9ere/Fu1m/yX57tq6GvveeCEiLQBg9ef+FZ//xkIInvotP8bwyJQm9QNBb1E7j9vjqq9di0YHtM2XTBsybf+M9UEG4AK6drZbSCtAz9njUW14zudO6tji+i3/FHy0UBIErXr22wsbz0bmE+qK1h7100hAdR7aLzH7cfwZnxWlAbg8gle70qTr27RpEz8Q6ZhU9w/7Xx1K4pc7PnsDfvHb2N55U/H8o/jtQCSCERampcil60b8Ysr8KbiLgs/xthu/K9/vcYpfovV/VXEZ/vq6tagqLgulDU+MhvYl1v9BEUx8/f/tlPU/PcAkR1rnD5EIJr7xk3XiFwGKYHKclAhgnE6H5nUKwpdcFL2E2kjhCyGEhCEVwmzRqRBGeq9JtRhGr/dyvfKKewy2kycBAF8AcGI+Xfo3Oo5ioygt2bIkuv3+J0uEQnpGT4KQXGxfttvfCPY5fOCtsO2Okk8BAEz4I7b9/b1h+8QhbFZ/7l/jFl1IkatfOH68RJb7eUTb0mW7RBGXN5r9M9UHycIF9NTR3Lgy5fVffyPw5O9fTqqe62+8MuXnSvvRfkazXzpZEMLIbxNCkiea+CUetHj+UYsggom3DJl/rt/9vmnr5gsCn5fr9wQ8v8Tq/6riMlRaI38UJpemvv+/rZv+pweY5Enr/DEvgom3TBZDEUwOk5/OgzmdTtV5HxK5EE6V6EVYmNSz6AXIDuGLnIUtLJ8V5Wmb3C6vF/QuhJHea4SwS/V2S2rEMKJ76G1bt2bPS+x8uxa8jgBnp2YAAI290UMLyOZrXKjzf1wjCZ9PMmWNZnut7R/LfsJxu3t9olQfgAE+xSdIZ2cnGhsbY+Y7O+zFeU21oe1+T7APHvqHr2p2LkrHeOedd1JuA73bP1W2Zf8tMFy6GudfLP8B1NF1OCx8jZC2ZMWCLK+qPHEXxmrqT4baK/4qbPvovpc07YNottMCo9s/HX2QariAnhx//NZX01J/U5L1vPezo3gPAFBD+2WR/Xy//0XK67cDuCXZx5nXX4IPxpob5XjImgeLiu/K/hUNWD8xkdAxdq1owNMyx9j2b9/QtC1+ax7u5+uSZv2vdf+w/9XTX+cBUI6iW78SsU9O/PLTucXAgamUn9dfxXWMOL1EJHT+i7PQz1aQkAjmr/9pod8VxC+/714LdKf+nP7+8ZI4cq+Nr/KEzn8tgOg/OlHj/SWqxxdJvmzkh+M1wEu+lB/nf8d1jDifTRM6/xqUG6ebblrZUv0mgNMgOYWmApi9ezsU96kJqfCyKNSRET29+BFdFBD3C04WeXyxsHzWlqdtcru83tBaCCOd17W2l9PjT71nGJFw4coNGzS5p6cLn7tPNv1Rp9yLvdqXfVG++Y+2F//lXyR8jsmUjdZGPdo9FfZXY7/2D30UHS89g8bq8E8zZ4emcdf2f06qrQ9s/z9h9aaiTqFePYU/UjU/nTkKa1kxAKBv2A1nbyeAPM3a8ecbl+5QOgZh/6WDEecJHN0nv68kQ+eUKpHEiPNE2mynBdlm/1T0QcqfBbiAHpNNpR7Z9Mcn5D84v3VSZgy4hhNPy3B7aD/az8j2S4RoQgfL/A9con5bOOuKSKuxy4dAkvMEo+YYyeI/68I2mTb6rXw+T7b/jUA29X80DyDXbmzF6ZOH+MIoIlvtIYwDALh2fStOn+xjZ8v2v7JdqoZjOzSoAgAVjwpVAA7xGuH8kSGOO4b+DBTA5Bxp8QDT0tKi/ACZBk8vQHCRMdWeXjo84S9sDg+UlTDtyvUIwpcN8wu3OzlOCSEkLjagI2w+jSaE2dnpkd9hAVrsknpT8GFD6hlGuP+lRAyzoDON7hlGJEjNJBOSX8gdeedhAMB/9PdrsoB7Kyp2CHVmhvqINurR7mLbZ87+9bAUF0vSpjVpb3i9qahTu3q14sUXX4yZx2a1YdgZDCtxxtELq9UK34S2btmVjqHm/IxMOtrH/ksNb//pPzSpp47rSLS/DuACeup4fCj8mP2ttejY9ZQmz0/tW67b8bhrMKvHptR+Tx3er62I2H7Rjmy23z3PDUvs16ux/Wqz2n5Rn/FlvgfICVuUOHAmfJ7qG/NEzR/av6LYMG1k/7ONekHOA8i1G1vjrkfvzz9E3ThItDz7nyQDxw8hmUUTAczLndGVgA9FcfNvVNGLuFap8AWYF7/EiVT4QgghJDmE+XRXgh5hHJ5wEcze+fm+XfRRIBVeYYA0iGFihOCJdW/PBL9+0n2znuuLl61X1Bvm43EqbBVPnUayld7593//95h2//ONS3d4fV60NDUAAOx2O/rODkJr7x5Kx1BzjkZl9x92fLhvaLQ2lcdg/6lHyStHiYKpul/9jSZtq/vQ5h3xnE86yMtX5wA9v6AQcyk+11y0v96QLqD3t67RVMBxz3PGF3BIRRpinnpjf8rmwY5dT93coXGd133goh3R2pNN9ktF/bSf8eynNZ4jXary7dz9ZkK2s3zlz3eoPQbRb/+T9CMWP6xd1oAzA6Pyz5gv/VG+Ao2ff6B0nAxyHqBol2zijFe5jW+e+q+09H+/0nEy3f/eUU4WscZPlGvk7J530jN/7HmH8wchcaKJAGanJYlFMov+wxsJtQlntFdG8CJlb1t7zDzCgmxE2fZ2jkxCCEkBcvNurDm3xdkRkSYVPgqeYaT3i2QR7mepCJO0E4nfu7f669PSX929vqwfk3pso17tXhzhVcWHJQ1VGtebijqD9RqJ/95z6mYAOw53DYlS84R0wxwjV2H/qZzroogp6j60ece+N15I6fHl6tdK4JEQJvX5Un2eOWn/DEABR+KkWmCQbtLdHtovyfvXsUNLjw1NbqT90o+S0MH/0/9OaRtSXb8AhTb67P90ka39L4hgDnb3R302SfV5pOMYiXDedWt3RLNNtsD+T6z/dw2McPIHcLDbzfGjOH7cHCBEt2gigBEvriWDnkQvQPhCphrRy8769tDfB/bsMXF4ZS/rN24MJOOpZ297O8cI+5IYaIwIf291yo8V8T1ig92eMiGM9N6XjBgmKepTL4DZ+crRrF+E0mMb/3hk4lNjLodFj/ayVjRJUgYWXgY74/sleXtbrUK9qagzvF6jkA4hg1HEEiaTdrf5puoy9p8B2PPS7puNXH8qx/qKVe20fxZAAULi18DK6iK+ICVhX9qPGJVsETnosY2x5t5AIMD+ZxuT4tGnDvJHFjlsG/a/vmzzqMl0UyAQ+J1RbLRz9/smk8l0E0cLry1iPPK1qkiNeCVRMhXeqIOiF0IIyXnEc3u8YhghVJKWd0jxvS+ZMEla3JNJ9mHkB5lnnrkEFRUVoe1LL302lA4AFRUVcLvd+OhH38lonYQQQgghhBBCCCGE5CImg4lgCCHGJF+vJ6bn8EYUvRBCSG4SrximQ+IZRu6+kyyJhkkiRI5AlrTD7Q53wSkWseipTkIIIYQQQgghhBBCcgmKYAghqUZXAhiGNyKEEGIUkvEMo7cwSYQIBAyugClYacb08bkwcUrtZVULGd7SR52EEGLYG0AgQFsRQgghhBBCCEkKimAIIalEMwGMFiERGN6IEEKIETFimCRCsomf/NdPAQAVx/+EPac/hk3X7I7I8+pzmwEAH8VXMlYnIYTolYLCIlX5CosopiWEEEIIIYQQkjwUwRBCUoUmAhjxL82TgeGNCCGEGB2jhElKhp1+9nPWvniajXfOf/zkDfgUgOc+cwn2nPwYgKAw5cDyEoycHMen9t0RzHjxapQvL0HvN+9AL4CPP/F4WuskhBA9Y85T92kgLz+fxiKEEEIIIYREvlOYTBO0AlFLpbVkrrWx+pjJFPyUHqC3UUKIhmjy9SpV3loSheGNCCGE6AE9h0lKCv74O2sxGfRd87nPXILpshvx4nf+Nzb/6T+xvrUF7oF/Q8X6b2Bt6RdxxT2nsPb+M7AWrcL2z1yCax59JyN1EgJ+zyG6HZsBjmFCCCGEEEJIwoyNTaxb3lwxCeAQrUFi0VBf++JbnQ4XLUEISQVZ9fMthjcihBCiV/QWJokQOYy6rrmtwwPg33HVe5fj3pF/B14HvlNeiHtHvg2gBlfduwhtH6xF52uDuHdkCj9yj+HjGaiTGA+tXxJMZr52EEIIIYQQQgjJPhz9Iyvn/6QAhsSkxzl8VZnVFrBVVp7OLyx6HwA9CBFCNMOwAhiGNyKEEGJU9BgmiRCj8op7DLaTJwEAXwBwYj5d+jc6jmKjKC3ddRJjkpen7StDWXEejUp0SUClBJIOYAghhBBCCCGEJMuIb8QMAKM+77Ka+sZyAM/TKoQQrTCcAIbhjQghhGQTeguTRIiR2LlzJwDgf1wjCZdNR52ECFA8QAghhBBCCCGEEBIGP5cQQjTFMAIYhjcihBCS7TBMEsk0JpN+H5t87j7Z9Iv/8i80rzcVdRICAGYTX00IIYQQQgghhBBCBObm5mgEQoim6FIAw/BGhBBCch2GSSKZQb8/uJiYiAwFfOSdh5OstT6i3lTUSYzL3Jy218TE5CyNSgghhBBCCCGEEEIIISlCEwGMB37YNVheY3gjQgghJBI9hUnyhGoj2UjAYA5Hf/2k++Zkym+9on5HOuokxsVsNmtaX1FhAY1KdMnUpLr7u39inMYiOX9roAkIIYQQQgghhBD9opkHmGifyywK+/3zwhmGNyKEEELUoVWYJA/8sMhIYiwx7umEZIruXp9h6k3VuZL0o3XEorw8vr4QnRLQPCMhWUm+2TReXZo/aYpyhUzPBgq8/tmoQhmbJW+uIM80He2u4JmYLZqe4zVHCCGEEEIIIYlQWJCPtcsaT9ASOfjurkUlnR4/El8ui12OohdCCCEkkmTCJKm9B8tST9tnK3p9yNr5ytGbjVJvqs6VEEJSyezMtKp8M9PTNBbJaY4M+p0A/hAtT1uNpdpuyWuNlqe4wNzV6fIPRctjLcr7X9OTs/m0OiGEEEIIIYTER0t95URzjf35Vw92j9IauYcmL9JigUoqoOiFEEIIUX+vFIthCIkH/siYkHACGscFm52doVGJ0S8K2oCQGMwLW4ZoCUKC2C15s4q3FQBTMwHzxMxc1G+/xfnmQGG+aS6a9yVCCCGEEEJsZcWB5fWVXe+eOLPf4TxHg+QoSQtgKE4hhBBC9AXvzTmKFouSgeju+gkhhGTpLUTl0mGAAhhCCMlpSgvzAvZis8sEU5j3SLn7iAkm5Jsxdso9tTdanW01lqaxqbnzlO5FJphQWmg+1uny97EHCCGEEEKIHAUF+WiprfDWV5a99trBUyO0SG5DV6qEEEII0d8DSlEJAFMwJk8AmJudwdzMJA0jsZHJZJrXvQRgMucl7VrC1tD6VmlNS4mwwGkCYDIF/woeaw4zs3NYsrgJ3Uf2r5nwDhZN+0e5IJoiGhYvHZ4qbXaYTdS0EUJSy5R/QlW+Sf8YjUWylTyagJBICvNMyDebAlUl+e6ifFNnQZ5p9Oigf1jLY8wLWyhuIYSkhAuqGw53e4dXjU5P8cWaEEKylIYq63RTte3oO8d6D3edcdEghAIYQgghhOiP2vM3PRpUdgQAmDA3M1kzNty7oaTUioGTB0py1S4mkxmlNUvGTSbzXHn98mcCwIwJJkGlEjDFKZSQClf6D72o6sPzuS4AwPF1V99kHnG72j2DfYvzTbOFg71dfLbUkMayKff+o68cpyWy6BqmCQwxz2ZvIIWgkFEBc7LDOLttl9a+SCkN5QU+aZrbP1vun57T3RSVZzKhtizfp/gcA2BqJlBybmIm6vNHZXH+TGG+aTxaA/PMJi/HJSEL1JcVjJtMmLFZ8t7rdPn7xr1TNArJ1cdjPsIbnPeH+t+/tL65c2B85JrTPreVFiFEfwQCAXqkJglhKSxAa1N1f0VZyduvvn9ynBYhAlykIIQQQojuONvxtHRVaADAEyMA7C3rL7RVNZgGT7y9wj9yzhyYm8t6e1RVVU5Nly915OXljblPvt0JACMDJ5OuVyyYScSLy3sv/G4OwLsA3l3/4ZuL54rsqxrq6yyH3tjdbDIBcznQN4q2NZthMuehYe1Hjg8cfHrlzMxs3HXMzKKQs0FmmZ3VdjF/dGKWRtUJluKS+QlKmAcDKCgqmcyvaH7LFMjWucsEBGYs44MnL4UkcEVefr4qFzAmc95U0Hbh5YurFh9HQYnTRI9gqgiYzJhx91w2PTleJB6D6aB/ZPpJaVp1af4W//RccUZHpwloLC90F+WjzzTvBTDPhPHjQ5Pd0cqtrrOUVZTktSiazwRY8k2OwwP+0Rh24cAkOU+B2QSz2YRF1oIj3ecm3+O1sUBNZc2bs9P+tWN+f9ns7KxpJoffc5KlqKAgYDaZAuVltn1mk8mj9/M1m0ye2sqat0dGvRfPBQKmyelpCmISnmPMMOflBUotxaN5BUUH03nst509UwCeXFvd0HbSM9w+PkNvMIToheLikkB+Qf4oLUHipbnOPtFSW/n2qwe7z9IaRAoFMISoZP3GjYFU1Xdgzx4+dLMvCSEq8TgOvOtxHEDN+VccPr9pUYGz5+Ql497BytnJ0fwRtysrr8Gq0rzx4479+1N5DFOSYXYOPL9jAsD+oRNATdsH31+7+nzse/25q4uLCvJdZ7oL5mZnsn5sFhQVw1a9aHoG+f7laze+0us4Hjhz4MnRpU3VTVPTswXx1BUIBFBUVMh4tRlG6+XowBzFAXphYnzs0Rxu/qkkynbP/yPJs0s3c10gkNHnp8ri/JnKkrz3TgxPxu31bF7YcojDiZDEsOSbUVZonizKN0/YLOaXAASODPoZe1aC65zrNIDTAFBVUbNicmryPHNgttA3PmahdWJTUlgQQL5lpDAvf9wz4n4JACbOqQtPIH1PjfeHG8mWdw45ZwGcnP8He3nFh6ZnZ0sCMxPl41MUw6jBVlLqnzXlTRUVFh0bdrtOTE5nTlh3cKi/01ZoWQd69iFEF9Q2NI4XWor39506yVCIJP7n2HL7ftdUwQAtQeSgAIaQOLht61bU19fjvvvvT7qubffcA6fTiYd27qRh2ZeEkARwHX3F7zoKP4AXAWD1pk/VDZ45fZ7dWlradeBVeza1ddZgrkBdna+NvNj5GgDs8gFYtPrytUUF5oox90DNwOljWefVZFFr+4SpoOScucDi7HnvxeMAsP9MZ2j/qb6hJ8T5A/SQkLvwMyshhITRbC/sLy8yv3F4wE83E4SoepYwafI00VBeMFaYb3JZ8swDx4b83QBwxkfzqmHY7ToB4AQA2GzVa0xA3tioe1UgEAA9wwTJM5lgMplQXlrunjEX9BXmmYeGzw06xzW8BBJ9p0q2vCDgqaqsrc+fnavOm5tuGhkbqQgEApjlex4AIN9shtlkQkmZ/UgAplmvd+gQAIyO6eP82Eu5RXFhXmBiapZv4jqkobH+RHFZ2b7u48d5WZKE6Hb0XQ4TUL+oyV1YXNLRc+K4k1YhoecRmoAQQggh2cDhV/8wAGDABaDmvD9rWLZsRf57bzy1MS8v3zTm7mcs2Qxy5vDrBwFg9aY/LyqtbqksLylsOvru68vM5shuET5EBhAeFMJkMgGBgOw3/wACoa9YwbxAIBC9DADMBQIwieoPzG8DwYObZNQKofMLBLBi/ZVH3B7PUFVt3eD7L+5kbBtCCCFEJRXF+TO1ZXmvHnNN8hd7hMRBodnUu6rW4p0LqFvEVVrx63T5z9GaySMs7FdX1XcGAjDNTI1/aHp2tnh22l80OZN7rwflxSWTMJlQUFT6Dkwm17lzA/5UHSvZcL7Jlh8+N+gE4ARwqKqy3oLAXM3k5NglCAQwOjFelGt9b8nPg7nAMlmQlzeRV1j8ktlkCgwNO+lNimSc8xtLn3D5pq7uPecvpzV0ds8onOk/TvELSYKZmaC3ceeZvorquvoL5u/LhACgAIYQQgghWYjr2Jv9rmNvAkAvAFQuXX95fn5+6dhQj33MPUAxTIY4/Op/TwLon//3jtHbc+T1x4H5xhidgqK80N+zswHMzcypLjM3F8DstPr8gQAwMzUb1zlNT2qfP78wD2JtlFyZ2dk5TX8pFgjAnOi5SDHnm5GXt1Boemo29kqYCSgoTLyvE+0/Lfskph0mqUUjRM8U5ZlRV57f1+OZes09MUODRGEuw6Gp4sUEk1mLPLmKWtu87xyfARAhXtHIMQxJENFC/1MAUFVRs6xgZrauIDBd4x4dKc3mtpcUFgTMReWnzSbM+Xzn3gIAjKfX1UemwyQNn3P657899AKAzVp52WwA5tnJkSUTWR4mqbKsfGzSVOAqys8bOOd2zYfJpDspoh/edfgmAPzp/MbS1X3nJteOTs6Y6KxJN0+7XJ8mWj4L8GMQCYMTDCGEEEKynnOnDrwOAA1rP1zdsLy9cmZqvPnM8XdrTIE5TE1OpPTYeYXFAAD7kvYjgaGjK8+5PXE/f83NBfLYi0QLyiwFc2G/dpwLoGpp+RlLU/FJ02zwK9DM1Fy185hnlSnoBiecQNDjjq2uxFdWa+kwAZibDZSePey+yGRSzl9WaRm3LSrZZwIQCCC//4h7Y2BOxsnOfH5LeeFUVUvZXmH3wHHvB6YnZ/Mizmk+f0FR3mzdStsb80kYdoxu8I9MFSq1wWRGoGFVxR6TCTMAEMg3YeToSLtvyG8Vf//OzzPPuke1++Fqfp55oqy4MFxVY0Kg8ZKqPaY804zgzGh00N/uHRi3RuuD+vPsR/ILzUNCmydHppcPOUYWRStT3VJ+pqi84KSwO96+RoL9l1CfJGKHPBP8fRPLh0+NLDKZk/tVLyFEe2pL8yfsxXl7jg/R64saLPnm6bkAzMH7knhGjcVC3pIC87TNkrdPafV1DsDsXGCpa2ymHiG/eNK6AqgpzXfmmU2n5BQaAQB5ZhMKzaaYv7gszDOdOa/G8ubsXEDWM4kW5yOck9c/e/H49FxBfLbTt/2IcRgOCgG6AcBeUVeJudlFHu/QmmxqY0lx2VhBUcnreWbT9LlzAyN6OrdMh0nyzguBqirrDhXNoWBqcuzy8YnRrBJC2W3Vh2A2nznnHjwHAGO87InOOXp27PD6lvKu7sGJLd7xGX5j0wEBc6GfViBaMTfH7z4kHApgCCGEEJIz9B98fgjAEIDjLRddZ66uqqw59t6eDZWVlTh9dF+JVscxmcworWkZN5lMcyVVTc/MBvJmho6+OLe+rclqLyuojO+NELCXF7tOnRlmB5KkGZmYelTNpQLgYJxVn4gzf2+c+R+LM//jiUwRaeiC11N4LomWOZhAud4EyjyexjYRQnSE3ZI3ZyvOO3naPbVvcIxeX9QyND7zeLJ1jE3NwRXb5qdj1zOl8hk4uqODgwMTkyqOp9X5nM42+xFj4nEPnKuqqCnLtnbNwjQz7hnUdSitZK+pZMsPzwuDLMXWrLv55ZlN3mH3oCFDqU3PzXKyzVEOOEam7KX5XCXXCe7R2Q2Ll7Xu6+3u6qM1CCFaQwEMIYQQQnISx/6n5hzAAIAnRga6UdGy/sLFi5tNJ95/c8XEyLA5MDcXV30mkxnFlY1TlvIahyk/f2z4xDudADAycHLhZbvz/2fv3cPbOMv0/3skWz7Klny2EzuOEzfOoU3SNE1M2qYHoC0pLYeFbYBd4LfQLyyw8GWhy7ILW067bIGlHJbtQve7dJeWFNpCaUNbStOmbXDTJE2cxDk5cRQ7cXySJVu2bMu25veHPPJImpFG0uh8f64rV6yZ931n3vsZnea99TwXX6XyhBBCCMkFDALQYDY5SgoMb5wenh6lIoSQHCY/62YkilxX0KxVVpb5yNhr+gpr9ZuXJ8fWO2em8zzzrJiRe89HSpAujAwNF+U7ndfXLV16uai4tBOAg6oQQvSCH1QJIYQQQgA4bIffdNgOo27tjV3rGpfmX+49u3nSMVjhmZrIm3AOK/5CqNhSMw9DnrfIUn/eaCo+IxiM7sETL/MOCiGEEEJymoqivLnKYmNnt33mDNUghOQ6BkEYKy8xu8cmXcXZMJ+ywgIvTKbLMyxeoYkCk+lyPgpaXNMzhmyYj6XE7DYIwlimnn/ncP+Za+uazoki8ifnZq52Tk/VTc/P5o9OTxl4tRKSXGY9sxi4eLG+srYuH8ALVIQQohc0wBASI69v2EARGEtCSIKItda2Tkwv/NvDSBBCCCGERMcyi+lyaYFhX9fg9CzVIIQQYHh0aATAU+XlleunJp1rvF4Rc1FmHE01RoMAQRBQVmx2eI0FbzidQ8zspZGx8dEDVkvNuYr8mWvH3S6rKIqY92ZWGoo8gwEGg4CiEssJ55i9E5OujI7JGwO98wDmAfwJADbXNlprimbavBCLzjiGa3nVEpJkRNFLEQghun52oQSERM+XPvc5isBYEkIIIYQQQghZwFqUN1dTanzl9PDMINUghJBQxsbsnZUVdadEiMK8Z+qm2fn5Iu/cdMH0bPomETUXlcxAAPILig+IgmF4dHSQeV9iwOEzDD1XUVFbKIhitWdmcjNEEa4pd0G6nnNRfh6EvIKZfKNxymgqekkARPvo4Ew2xufAYJ8DQAcAXF2ztAIA+ifHbpr1zhvtU24jr+CsQqAEDEs0rKoovnx61F3PGBGSWdAAQwghhBBCCCGEEEJiwmQ0oM6cd7HX6XnVMTVHQQghJAz20QHJQPAsAFRYqluMc/O1BZitHp1wlaTDOZaY8kWYSi8YDYJ3fHx0PwDAPcng6cCCgahv4R/Kyiq2eL0weD2uZW7PbFqsAFeUmienkTdcmJc3OOoc7vFtHc+ZGL05dFHKbvQEAKytrNs8NTdXNjE7VTnknqQZJsMxGAQvAMaRaOb0qPvlq2vNtX3j0zcMT81yTZ2QDIFPVkIIIYQQQgghhJAcJZ4iDDUleVPWYmMHs74QQkhsLBgMeiYBWCw1FRC9jc6xkTWpOJeiopJpU0HJXqNBmB0dHXQxOolHMhhVVtQeN3nF/JmZye1TU5OFqTiX8vLKExCMfaML5a3cDA8AoMs+cAAANtc2muuKyytmvXNNFyfGlsyLXrhnZ5lNJMNoqS76XUVx/vWumbly94zX5JqeYwxJRN4cdA0C+PUqa/H1va7pJVNzXl43hKQ5NMAQEiUDAwMUgbEkhBBCCCGEkKxAFGGItk95YZ63oshw7rzDc3BokllfCCFED5zOodHqyto5S2l5vXNizJrMY5cXFc3CVNQ9tmB+IMnFvmA4spRXdefD2zY+NZWfzONbSssd+Xl554ftg+OMhjIHBvtcAFwALgDANbVLywbdE9v7XM5SqpM5HDw/7gHwIgBc2WheMuWZb5qbF622kalyqkMicdrhfrWyMP99U3Nerq2n3XdaLzM7kQD4JCUkCmw2G0VgLAkhhBBCCCEkIxFFxXwvT1AZQghJD4btg+M1lXUv5k273zs/NyuISTimyWjEbF5Rv3ts5DgjkFqcYyPHS8wVZSajZ5lnfj7hxxMAGPPyRVNB0YtD9oFZRkA7BwcvjgN4en11/bozjpF1U3PMBpNpHOtzXQJwCQCuaiqt8IooveyY2SoCGJ2Y5WI6Uf4+RQnSjorKyrnCoiL+2p0EQAMMIYQQQgghhBBCCCGEEJIGDNkHZuuq6h4fGBl4XzKOV1Bc1utyjf6JyqcHk67RP5nNFYLHNdqU6GOJAKoslY8PjAwwnVuMdA5fPr6lvunMkHvibRfGHWVekcvjmcjR3olRAKMAegFgZW3x9XNe0WR3zVazTBIh6UleXh6q65cM5psK3ug9d2aCipCA64MSEEIIIYQQQgghhBBCCCFpw3ylpeqoY8x+VSIX1CvKLCPGfNMpF/VOKwpN+afyyyzFo+POqkQdwyAIsJZXHgUwT8XjY//lXg+A3Wsr69cOTY2vGXZPct0twzk76H4VADY0mSs9897SaY/YNjTusc7Oe4WZOS8FIiQNqK+vPtjXd6GbShAl+EZMCCGEEEIIIYQQQgghhKQJAyMDIoCuoiLzcu+s2zwzp79HobSwaFY0mk4O2wftVDy9GLYP2iusNSdLCou2Tk5P5es9fkGeEUJ+scvuHOmi2vrRZb/ctamm8Vy5qegtlyfHaidnWVUq0znS67IDsAO4AABXNZqXOiZn14tA3sXR6WIqREjqKDJ6PFSBqGGgBIQQQgghhBBCCCGEEEJIejE15Xpm3pCfkPI0piLzPodj6CJVTk9GHUMXC4vM+xIx9rwhf256yvUMVdafQ0N902edI3tWlFf/qdFcPk1Fsoujfa6LfaPTuy+OTj+1qr7khCkve5dY843Jm5soejNGyFmvl+vq6YIosjwZUYUZYAiJgpdff50iMJaEEEIIIYQQQgghhCSFCnP5H8Ym8PaZmWnd7uVXV1S/YTAYhpNx/juuv0bM5fjtfvVgzAt0+UbDcHVF9RvDo8PX6nU+BQWFc+Wl5X8YstObkUiOjvRf2FzbeLE0v/DqXtfoisnZWS7UZhmnL092XrO87NQlx/TbLzs9pdkyr9ryghmDAG+9Jf85m6vgbaN2e0LnVlZe7jUVFDgyRZ+lpQW9lyY8y8Y9c3xOp5h5QyHTbBFVBFEUqQIhhBBCCCGEEEIIIYQQEoQgpH6Nq6ys8mphdrJ1bGo67l+el5stw4WmwlcG7QNJKR2w4/prxN+8+GpOXjvvvuX6uAwwAFBbWWea8Uzf4HQ5q+OOfVGhV8wv6R4ft7+Zam2StS6VDs/fq2uWltmnJ7dfGHeU5sJ1L4riL3Pt9XtVffFVw+NzbaOTHmMmxqymrGC2rMh4yWQUJk/0Tx4NeA1a2njVlMvVNj7m1H1uNfUNYwWFRW/0nT83kq5r1UrX0KZac+XsvFg6NTffNuD2WD3zojAz7+UHpiRjLivzmq1Vp/sv9BxJl/cckkbPXQadEEIIIYQQQgghhBBCCCF6c8cNm3PaAPPMKweYJSCFpIMBRmJdZf268+P2dZOznqy+JnLRAAMA65vMRWPuuesGxjxV07PzGRGr5dWF/eaivGP5BsPkIdv4jFq7xpaVRbMz09dNTU5Y9VhRFgCYy62dFy+cPy27bjL2NeTqGvNS+/TselFEXq9rupivvMmlqrZmsqS0/OiFc922MK9LFCrHYAkkQgghhBBCCCGEEEIIIYQQQhLEcfvl45trm84MTbnedtHlLJvngmxW0dnrmgLwwuqGkpVO9/xVl53TBel+znlGw/TR3onRSO36es5OAXhBz2OPOZ1ZE/s3h1wXAVwEgHVVpesAERfGp9dNz3mFWS+f54lmZHCoRPQKVwCwUQ3if32jBIQQQgghhBBCCCGEEEIISTSvv/67rJ7f1q13MshElQODvR4Au9dU1K0dmXatGXJPco0uyzjZP3l24zJzb2mBYdMlx0yz25PW2WAMjJi+HB+ZOA4A19aVnQFgcM7MbXN55sonZudNLs88M4IlCkGYpwhEDt9cCSGEEEIIIYQQQgghhBCSFFavbs/KeZ082cHgEk2cGB3ourpm6bkyU9FbLk+O1U7OzlKULOLwBZcHQMf6xtIz9sm56y6OsixOrvHGwLhn4c8XAeDqGvOSybn5ptl50dozNlVOhQhJLDTAEEIIIYQQQgghhBBCCCGEEJIk3hy6OA1gz1VVDcscM5NX97nGCqlKdtHZN2EH8FRbffF628j0mulZL0XJ2ee76xKASwBwdY25wiuKpX0TM1vtU7NGqkOI/jC9FSGEEEIIIYQQQgghhBBCCCFJ5uhI/4W64rLframoPVucny9Skezj1GV35+qGkieXWAsmqAZ5c8g1emR4otc+NfurVmvxgMDCSIToDjPAEEIIIYQQQgghhOQgG/7869Eusqjenj3y2FcpKCGEEE0MD1+gCITIODDYNw/gwKaapadHpie3Xxh3lFKV7OLwBdcMgKdX1RVfNeyaaxud9DDzB0G3w/3S1TXmJQNuz9b+iRkTFSFEH2iAIYQQQgghhBBCCMkB3v7VF0O2bbvpNk19u/tdGDq9T4SKCUZpbEIIiZc/fP0WipCF/ORnjyluH3eOo8xSlrH73v/u6xncNEMUMy6hyjiApxm57OX0gPvo+sbS7rIi43UDY56q6dl5ipLjLJRHemKVtXjbgNvTODYzx5wwhMQJDTCEEEIIIYQQQgghBADQWFUc8LhvxO3/u2bVtrAmGEIISUfuuGEzS4rEwTOvHOBrPiGE6Ehn38QUgBdWNxSvdLq9V112ThdQFXLa4d63obq0zjEzt7l3fLqUH14IiR0aYAghhBBCCCGEEEJIiPlF2qbFBDN0el9AG0IISSd+8+KrFCEG3n0LM5oQQkiiONnvPrtxmbm3tMCw6ZJzptk9w2wwuc6R4YkBAE+vrSy5amhqtm3YzVJZhMSCgRIQQgghhBBCCCGEkEi0NpjR2mCWDC78USIhhBBCCCFxcPiCy9M96O5orS36w1JroTupB+en+bSlyz55dJm54NmVlqIRqkFI9DADDCGEEEIIIYQQQgjRTGuDGQDLIRFCCImNced4Vu8jhJBo6eydsAN4anVDyfrzw1NrvN7EHk+ECINB8FL59OXgoMsF4IX11aVNFydmttqnZjMqG0xVUf78SJLOWRS9zJRDAqABhhBCCCGEEEIIIYRERTgTjFQOiaWQCCHpyOuv/44ihGHr1jsTfowyS5ni9nHnOJYsWaK4zzXpgrnEnPb7CCHpgyhmZIqTzoV/hPguiOGJXgC9Ky1FN/WMTdV50/iyLjQasNRcMGQQBO8Zh/ulhoaG6+z20caZmemEHbOqpnamoLj4AoZ5rZBFaIAhhBBCCCGEEEIIITFRs4qZYAghmcfq1e0UQYGTJzsoAiGEEJKGnHVOvbS+unTJoNuzdWDSY0qHczIZBZiMBrGqMH+ivCDvmNEgTL856BqU9vf397/W0NxSOz3hah8dGS7S89hFRUUor6yyFRYWHbKdPePhFULk0ABDCCGEEEIIIYQQQqKmtcGM7n4XVl9zE04efImZYAghhBBCCCEkQXQOT1wC8MQV1uJtg25P49jMXEp+hLCktGA6zyB4LAV5pzuHJ85OeOZV2/bbegYB/Lahadk1M9PTtXqdQ2lZ2esXznbbeVUQJWiAIYQQQgghhBBCCMkxJHOKXmy76Tbse+k5xUwwNMIQQgghhBBCiD6ccbj3bagurXPOzG++MD5VmuiqSCajAIMgYKWl6IQAYf7YyMRxALgQxRj9vRcO6nlO9qFBXghEFRpgCCGEEEIIIYQQQkjchDPBEEJIOjE8fIEipJBx57jqPtekK+P3EUIIIYnmyPDEAICn11SWXDU8Nds27PYY9Ry/OM+A8oL8maI8w1RlUf5LAiC+MTA+Q+VJJkADDCGEEEIIIYQQQgiJm8aqYppgCNEZebYmZlHSj5/87DHF7ePOcZRZynJ238c+uiMp+oc7B3OJWXGfa9KVEfsIIYSQZHLCPnn0mlrzeUtB3tZuh7sq3vGaywonC4yG4aI8w+CR4YkeAOgZm6LQJKOgAYaQGNnY3i4CwOGODt7UY/wJIYQQQgghhCC8CYalkJR54cJbASDezOWRvpuK8fR/27I/xjs/JPL80l2/eDUkhBBCCCFEjYODLheAF9ZXlzb1uWa2jk7Pas4GU1mYPy8IwJLSgk6jIAy/OeQapaIk06EBhpAokYwPbXXTAY9phGD8qQ4hhBBCCCGEZG8mmJrqryVm4IVKLB+85nqsWbMm6u4nTpzAIwdfDWvQCDe2lv4vXHirII0TDY8cfFX6M6HnF6t2ydIPgCAZgeIxwgyd3kcDGSGEEEIIUaRzeKJ3Y41ZBNDuFcWI38MMgiA2lhV2CBDnDg9NXM5WXb55z02azPL/+NOXuM6XJdAAQ0gUbGxvF9ss00Dh4ra2umlg2rePJgjGnyoRQgghhBBCSKAJ5mNfmAj6rvR8Rs7p9deTd6yysrKIbcbHx/1/f+7294RtOzw8rDiuNEa4/g88+6T/b8nQEq0RJtIx4jk/eX+t2qVKPwC4851RXv/vDN7wfNa8Tvzu6Vv5YkkIIYSQtEUUxUw87b6FfwQ+88vaVRtQ11IUtt1AzxS+ec9NIk0w2QENMIRoxG9+UKHNMk0TBOPP+BOiExv+/OtJ/z6jsp3P6RziyGNfpQiEEEKIzqy+5iY89N2XFEwwRA2tBo6ysrIAEwcAVFdXBzyWG0O0IO8fbd9kHCPS/LRql8n6EX0Yd45zX5rq75p0Zfw+QgghhKSeb95zk1hmXYq+oREAVWHb9g2NoMy6lCaYLIEGGEI0EGB+KFRoUAhgmiYIxp/xJyQevv34cf/fd7/vPUk55q5fPyne/b73oPO8A3aXB5VmE/p6bSi2NuDmq2qx69dPigvnw+d1jl2Danzpz9Zl5Nx23rgmxOS1cX4y+LqOmLo/g9visLFEiwYJQeOxo5pPrrVX0vCXL5/gazMhGULNqm146Lv7aIJJMMHmDWmbViNGcP9o+qrxwWuul5dBiusY8c4v1fr96NNfjPncHvpuaVw/P+ZzL5Qyi7JZatw5jiVLlijuc026YC4xZ/W+dNA/03XUmztu2CzyGRs7z7xygK9/hBBCSI5BAwwhEYiU+SMYmiAYf8afkPRHMr5IRpu+XhsAwO3w7b/5qloAwI477vS3B2iEIZnNhitX+f8+cuw0oGBAaCkvxJKawMWbS0PD6BmbDmmfaW1VNMhY/XOxfSrjRwiJH5pgMp9Yyh4RfZ9DrQ2RF9y7+0NNDA99d58I0AhDSKbymxdfpQgx8O5b+L5FCCG5yrfe3iiieSUaa3yZXyKVQJIyxHQ5LuJbb28U/+EPffzcnMHQAENIGBTND9MIzQIS1IQmCMaf8SckPdn16yfFHXfciR133AnX1BzMRb6PQo1Nzf42khkGAJyTHgC+m81uRz+NMCSruL61MeDxq919mttnWlsAONwzmjX652L7dIsfISQ2aIIhucxnfvyduLLABNNYVRzwuG/EHfA40CyzDQCNMIQQQgghJLv51tsbRQC4ddNKPGePbYx1NSb/ODTCZCY0wBCiQtjMH3IThEoTmiAYf8afEO1c+9Ef4D07bknY+HLjCwD0DLjQUqctXXF3vwtuRz88E6OoWbXNPx4QaISZf/UrUaclNl7/Db5GZOC1+sZ/f5ZCEEIIyTg2/PnXAcD/eSbZLC7G0wRDSLwEm1+kbZIJRi1TzOprbkKFuQAPffc5GmEIISQLuWf16rD3pn568iRf96kfIVmJ3PiiB+tqTAHj0giTWdAAQ0isTFMCxp8Qku4EG18k7C4PAJ8JRsoCo4VIRpi3v/PPNY/1h6cfY4BIWnJpaDhr22ab/rnYnhCiD0On96Xs2L6F+W3+TBQSkRbiH/puadgFCS7kExL+eScvjbTtptsWnlfP5awZbdw5rrrPNenK2X3UP/11fP313/FFLQxbt96Zk/OWjBv/+vFPhuwraKwPaUcjB/VLFB/fVKH4mf1nh0apGfVLCJGML31DIwt/VYUdZ7FdINctNwcch0aYzIAGGEIU2NjeLtbBCacTsFgKYxrD6ZxGHZgFhPFn/AlJBZLxJfgXzge67ag0myL2f2bvYQDA+rWrArYXWxtQbG2As+84AKC0Zjk8E6N4cveL4l1l1J1kFmrGgyU11YrtlNpnVltj1umfW+2NfNISEj8ikFrzi0RrgxmtDbf5H4+6ZvDQd18Ka3CRMlcooaU/DTKELCJlkNl20205mw2mzKL8BW7cOQ5ziXIGHdekK+v3Uf/49yWD1avb+UKmwMmTHTk3Z8mQ8cDXfZn+Zvouh20vGTxo5KB+eiMZN75414aw+2nkoH56oXfGl0jQCJNZ0ABDSASczumoTRBOJ9ODMP6EkFSw69dPiquvuQl3v+89/m09A66FjC/A5tZKAIDdFb4AaLG1AZVmEzq7TivutzSu8z3fF4wwm7e0AydfXnwdGOlXHdtS1cBAkbRgTdPawA29XSgvqkF5YaAhYaJIQAuGAttnWlsAT5w4lT3652D7dIsfIZlKsDk4lWYYebkWpXML10+ONEa4/ulg+iEkHWmsKg7IBgMk1wgzdHpfysqyEUJIJhNs3IiWXDdyUD/9iGTcyDNXYc414t9PIwf1ixetxpfJ0UEAtWis8WV+qWspijCyr12X4yIujnmwtFz5R7Q0wmQGNMAQooJz2mdisBQWRmWCkMwPUn8UUkvGnxCSaJSMLxJ2l8dvfAmmZ0D5F25Slpj1a1ehu98Ft0PZ0GJpXOc3wQTzzO7fh2y7Y8c7cjI2mXbOUkkrJd6z4xZ8+/HjMY/95O4X8cZ/f5ZPWkJSyFtu3hHyuvSnPbsFzpHa5dJ15itDBAydTu15BJtg5OcmIS/bEs3cYulLSC4iPQ9XX3MT7C6PvzxZsowwkkFNyQgzdHofNvz5Phx57KsMFCGEIHypnlj4+9vvDBg3240c1E8/lIwbklkjGPl2GjmoX6xEZ3wBSipqAXtsx1pabsLFMd8Pai0lyllIaYRJb2iAIUQFS2EhnNPTcE5P+00QgHpJHHnWD7l5YoBSMv6EkIShVupIjpr5BQBa6swwF+X5Sx4p0dpgRjca4JkYpeBRxubu970HpTXLccf2jSH7n9l7GMXWBrgd/WhsakZfr83/f6rb9424xX0vPRfWCJNptDaWYGmldfHLYGNJzl2TihrYJql/jl7Dza2LGWZs3V0QrhfEbNKrPf8dSnNM1Lgir1BtWqXN86nBnL7PdYVza20wazayBPePpm8kPvPj7wAAPnjN9bzASVYjfbeSjDBaiGSWeei7pZHGEpipiRDtDA9foAg5ht7GjWCy3chB/fTl45sqxGDjRrT89duu8I+VayYY6hcdMRlfdEDKANPrmAEANFkDjTBP1Hxs4cOz77+/+cq/Rfzs/MNvfJ4mmSRBAwwhChzu6BA2treLdYVOAKHZQIBFI4Sa8QEABmDB4Y4OvqAx/oQQnZGMLzvuuDPmMSTzC4AAQ0Q4M0w0nLEN5mxs7n7fexSz8SjR2NQc8H+6tN9xx51wTc2Ju5/5XVYZYbRwaXg4a9tmm/652F4vqmrq/H/burvwthtXZdV1NLEvMXNM1LjZiJJWJPt45OCrAY9jMccEj0FIOuAzk23zm8pGXTOoMCv/+nXUNYOHvvtS2Bv+q6+5KWz/kwdfimiQ0XuO485x1X2uSVfO7ksW2a5/ovnJzx5T1bXMUpaz+z720R1Z93osGSokg0Wi+WT7DQHHzXQjB/XTHz3MG3L++m1X5JQJhvppRzK+SJlW1IhkfOkbkrLqhNd6sV0gkvFFyQjz1ttv1jyfPz67h18ykggNMISo4DdBwBmSDQQIND4AND8w/ow/IckgGuPLnqP6G1CkckeWxnUMhkJsgo0vnecdAbG4+apa7Dk6iJuv8n0hkUpNqcUuVe07u05j+7VXAlA3wsy/+pWoMx4Yr/9GWr0vqBkPllRXK7ZTap9RbdOsLKEe+udU+yTEr6amJuDx0NBQxm6bSPL1nE3a6bVtAiRbeeTgq6pGl3BmFmaOIZmCZHqR/u/ud/k/JzdWFQe0lUqYhcvIKSeW/onKDBNuEd1corzQ4pp0Zf2+ZJHN+hOiF/esXi0my7gRjNzIkakmDuqnP8HmDb0INnHcc889mu+5/fSnPxWoX3bpp5fxRW+CjTCo4ftUOkMDDCFhUDNBAItGB+mxfBvND4w/40+IvqiVOjrQbQ8wOUjGhs2tldjcWokD3faQ9lqwuzxwO/phtzYEpNLfvKXdN87+DgCAqbQCgM8w0WAIHOPzn/pozsRGKeOLZH4BZMaS8w5Umk0B+5RIh/Z73zjmN8EAPiNMcGmkt7/zzzXr9IenH0u72AUbD8Z6hzS3z7S2AABXX9bon4vt9YxfVe0SNK+WlaY5ewrTOJdVr82JmmMuaJfIGJDMRSp/JKFidAl7o/mRg6/yOyLJeoLLkEVbgkzeX6/yZYQQkoncs3q1+K8f/yScFy+l9Dz+/vY7M9LEQf305+ObKkSp7E4iuHvr0gATx49+9GDkz+if+QT1yyL9EmV8aazxZX6paymK9C0eANDluBi2lWSEOSDb9sdn9wR8//ffBzjZFVWWGKIfNMAQEoFgEwSAACMEsGh8AGh+YPwZf0L0ZNevnxRXX3NTgLmiZ8AFu8sDwGd0AQC7yw67y+N/LEfeXsr0Ic8O45qa85dCCvhw3NSMvl4bOhW8FMFGmGJrAzC2uN9S1aB5fgBSUmLnS3/my2Lz7cePxxwbKRuPmoYtdWb09WbedVdsbYDb0Q/npO+6sZT4DDPd/S7UrNqGPUcHxe18ehKSdcizeAwNDWX0tkK0UbsUb0t2DEjikJlfwhpcPnjN9VizZo3ivhMnTuCRg6+KVJNkM8HmF2mbViNLcP9o+hJCSKYRMUPD9emTOS4dTRzUL7kk2rwhIZk4hE1/BgA4ePB11bbXXLOV+mWJfuma8SVRc/2HP/Rx/TAJ0ABDiAbkJggA/mwg0t8SND8w/ow/IfqgZHyRUDO6qJW7sbs8fuOLnJ6BxZup65dbFUvhFFt9Rha3o19x7M1b2v0mmFiQMtok0wgjGV/iiY28DFXPgAstdbGlfra7PKpxS6f2khFGuhak68K/f6RfdUytZqhUoFaSRo/2adm2MHf0z8r2CY5fTU0NqmVZZ6qrqzE8PJyx286dTd61nG3a6bUtmTEgyeNzt79Hdd/wwutWWVlgWY/x8fGIfQHggWefpMCEEEI0Me4c574MRjJvhMvQ8JnPfAJ/d+o4/r7Umhbn/Mn2G9LGxEH9kkuyzBsSd29disdmFx/fe+8/hrS5//5vUr8s0E+r8UUqObR6RVNU4/sMM7GZZS6OebC03BRVn4N7XwzZVlVTF/C4xZrnnzeNMImFBhhCokBuepAbH/zZQAqpEeNPCIkR8cndix8Sw9WAVzK/AFA1YSiZX4L7RCqdU2xtgGdiNOwEDp24gBXL/6R5wodOXADaF+fr7DuOJ3e/GPALlvfsuEW3D8J6G18kfNl1fCYYpSww4XA7+nHzVRvxzN7DuGP7xoDMPKlsr9Suu98Ft6MfnonREAMMADyz+/ch2+7Y8Y60eYKZikpxvv98wOP9wZk/pXnNBT0PrHmL+zK1LQATQjUAhjJT/xxsrxy/2FnZvPje8PLC/3ITg7SQnanbgErFOepBtmun37bExYCkHrnhaThKg191UIm3aPsTQvQh3CK6a9KVs/uof2boWGYpU9V1yZIlqudrLjFn9b5MQjJvKGVouOaarfjRjx5Mu/Ik6WTioH6J5+ObKkQASKZ5I5ugfupIBpB1NeENJpLxRSo5pJWATDF2oG9oZGFPVdh+i+2ApeUmXByTMoNrO/7EuDNkW7ABBvCZYOQ60AiTGGiAISQG5OVvCONPCNEHS+M6VJpN6Ou1JeV40WYtMZVW6P960nc8YGy5BpEMNxLxGluCTTdKvO3m7SGmpAPdds3ZVaQSVJVmU0CWFclIcsf2jQB8ZqVn9vanvH0k3I5+wBCX1in5YrN21Qa+0MjoOn2E+udo/ErLLCGPq6ursyoTyfHjZSFz1OMTbC5op9c2pRiQ7CDYwCJdA7H0jbY/IUQ/whkIst0kkA4GgmzWnxCtSOYNeYaG++//Jg4efD1ty7ukk4mD+iUGybjxxbt89zAm3W4+WamfLiTV+KIDUgaYWM8nEjTCJBYaYAghhBCSFrgd/XA71PdHyt4RDZGMG5IpYnNrJZyTHn/t+c6u01i/dpVu52FpXOfPKqJFg0Txnh23+P+WsuCcO/EmVqy5GuuXL6aL7Rlw+c0jUiYeu8seMJY8i45UZkoqISXNTfpfLTtPqttL+zu7TgNASMyLrQ3AWOCYZ2yRr894S2YRQvSjsS70lz/ZlQGmTHGO1C6Z2xIXA0IIIYQQkh0Elye5995/TPvyLu9ZuS5tTBzUTz/SNWNJppQ7on7h+dbbG8VUGV8aa3zfy+taiiKM5GvX5bgYsFU6n0QZYepLDX6NaILRDxpgCImCgQEngNAMIFI5HEtzHUVi/AkhMdLY1AwAARlgJNPL5tZKbG6txIHuQLNF8ONI24FAg4ZayR6pFI5rag6WEhNaG8zohi87SHe/C86+49i8pd1vkHA7+iEV46isa444V/uAb45Dp/f5M6t4JkYVNUg2Jw++hNXX3BRgivGft8ujWoJKMrtIpZBcU3P+bcXWhhDTUbg5pkP7YmuDL+79Ln+c477Gq4pxgE91QtKSK6+8Em7ZL7PKyspQXFycsdsGX6J2qd6WzBgQQgghhBCSTNLVxEH9oiedM5akayYf6qcv6ZLxJRLBRhjUBO5vXtkWcYz+MQ8ayk0giYcGGEIIIYSkJWpmC3kWEiljx56jgwHbK80mtNSZcaDbjs7zDqxfbsWeo4PY3FrpL30UbH6JphSOpXEduvtd/swtUnst5pfFdq8BWDTBaC15lAj2HB3EzVfVYs/RwZBSR3LUzC/AovFFHif/fM3RfbBPh/ZuRz/QsAqtDWagYRW6+13+zDCtDeaQDDCf/9RH0/r51HVmEPkFNr6wBGmykfpndPxipaqmDvXlRQGPgfEAE0NxcbH//0zcVlVTFjLHER10zwXt9NqmFANCCCGEED0Yd46r7gtXyirb92Ui99//zZASPplCOpg4qF98fHxThZhuGUsyCeoXHxfHfPfx1zVEV1Iw2caXYCQjjPxHjm+9/WZNfRvKTehfmDeNMImFBhhCCCGEpCVqJgW7y6NY2kYysEgGF/l219RcWPOGlP1DrXSOVAIpGFNpBTwTo9g+9mNgzTK80fFqSJtr26+PONeh0/tgKi5Pqdad5x2oNJv8JqJoCDa/yLf39WbetVdsbfCbXSSkLEBKRiVLVUPaz6m1sQSTzsAUniWWpQGPhSNvhh1D3HB1xrYFEDL/1sYSwDaZkfrnYnvF+CXi+b9gZsj0bSl57cwS7bIhFoQQQiJDAwH1z2QdyyxlqrqaS8yq55vt+zKNa67ZioMHXw8xbWRK1gYA2FpRkTITB/WLj3Q3b+za9Whax476xY5kfFkapQEkVuNL35D0c6Aqje0Si2R8kYww1mJaNRIBVSWEEEJIWhJsZJFQMr8AUDS/SNuVcE3N+U0bUukhILAUjnNy0QzidvSHZIYptjbgdsOTuLb9ekUThHOkH290vKrJBJPOSKWo9OaZvYfTsn2kDEDd/S7EYnmRl99KBatWXOn/+/S5Y4oGhI11TSg1iwHbJlwCDg/0hrTPtLZorgnRIJP1z7n2KY4fIYQQQrILGgiU91H/+PcREg2ZZNZQI9UmGOoXPZmWuWTlyhbF7fv2vYKPb6oQf3ZoNKnXHvWLjViNL1LJodUrmqLq5zPM1MZ8rpHO03b2FM7a1moe03b2FNpljyUjTI992rfBQMuGnlBNQjSwsb1djKbt4Y4O1r5k/AkhSUbNMKO0vWfApdo+GKn0jWdiVNUYIZlfnCP9AdsiZQZxDZwFAJjrVqadnpLpZXNrJTa3VuJAtz1gf/DjgHlNzWk6RrG1IcSgJDcgpaq9lAWnu9/lK3cUhLPvOA5dvIAVy/+kWc9DJy6gYGl6xfj61saAx69292lun2ltAeDZ2Zms0T8X2ycrfsFlbTJ1WyrIFu2yIRaEEEIIISQ9uWf1ahHXXx8xO8OlS30ZNa9kmTioX/x8fFOFePfWpWmvyaVLfViypDFiuxtW1yTVxEH9YidW44tUckgrAZli7EBjjS/zS11LUYSevnZdjotYWm7yG3YsJQUJ1aW+zKfL5Qkv3yR1hAYYQgghhOQcPoODS7V0jxqSEcbSuC5kn3OkH8/s/r3/8R073hHRACMZX1wDZ1HZsimt9FEqGdUz4PKbQ6RMPPLsMK6pOfQMBP5qMFw2FaXsPOnU3u3oR6fD10duhNm8pR2XLz7MJxIhWYZkXpD+Li4uzuBtZdQuxduSHQNCCCGEEJLe3LN6tfjJ9hvwHwj8raVSdoaVK1tgs53PqPm9Z+W6hJo4qF/8ZIp5AwC2b98esu3s2R7FtskycVC/5KCL8UUHJMNOuPN5+ekn+OaWptAAQ0gENra3i7ZTR9DctkFTe9upI8wCwvgz/oTEQLjMHOGyjSiVlVHL8HKg265aEkmOVApn/dpVAduLrQ0otjbA2XccAGAqrQAMi/vP2JRLBdkHbKisa45Lg0Rid3kCMp+oaWR3eRRLUMlNL5LuPQMu9Az4sucADQv/RyYd2kv7JLOMZITJBcamhgDUKGzL/LbZpn8utk8kx44dQ3V1dcC2c+fOZfC2OmqX4m3JjAGB/zOM3nzmx9+huIQQQtKOcee46r5wpayyfV+6cs/q1SIAfLL9Bv82rdkZMg3JxAEAehk5qJ8+ZJJ5QwvBWX4SbeKgfoknXYwvwUjnE3x+7xf3AAB+JdyM5pVtqv1tZ09hzcWnUGPOB8z5/BCTJGiAIYQQQkhacMf2jQAWzSfybCOVZhNa6sw40G1H53kH1i+3Ys/RQWxurURLnRl2l93fBwDWL7f6x5WPI2U1kdqrIZXC6ew6rbhfygDj7Dvu/4G3paoBn//URxfbyLK//Gr3awBew/t3XBeVBsnC7eiH27E4d7XyUErmFwm1PpKJRJqbhNoc0629vI+SaUaLsck+YAMAVJgLcC5Fz6/uvkmUWBwBj29vKcip1xglDTZS/4yOXzxcHpvKes0SNcdc0I5apSd2lwcVZr52EkL0gQYC6p/JOpZZylR1NZeYVc832/elI/esXi2+Z+U61FZXBGzXkp3hPZcdQKs1415f37NyHfpH+3XJZkL94jfBfHxThQgA2WDekGf7UcryI5k4AEAvIwf1SzyJNr70DY0s/FWlsZ0ywUYYwbAoke3sqbAmmBpzPoZcsxC9IhqiLAVFYoMGGELCIGX/iBZmAWH8GX9C4kfKShJsrLC7PHBNzYWU6OkZcAUYX+Ttlcr5SH2UkDKgrF+7Ct39LtVsIZbGdTjU8TCube+HpaohpOSRc6Qfh05cQE/FuwAAv9r927TUurGpOUCvaFEyv0ixeGbv4RCzSTjcjv6Ut1+/dhUsJaaQzEPF1gZ4JkYXrxMN5pfFdq/huV/+OK1KXRFCCCHB9I24KQIhJOnf+1IBDQTK+6h//PsI0YPax5/Clpuuh/PiJYpB/WLm45sqxL9+2xUAgFFX5nzOX3f5RZw9u5jxR6nMlRqSUUWPbCbUL7EmmItjvs+A6xqiez9NdMaXSEhGmDd6JwAA7y9fyARz1rf/xne+N6C97ewpAD4TTL05H/0L86YRJrHQAEMIIYSQtETJ/CJtjwY18wvgM26Yi/LCZv9obTCjG4HGh2CkDB+RtvdUvAuugbMw160EALgGzmZFnOSYi7R/vLS7PHA7+tHY1Iy+XluAESeV7SsWSl9J147cCGMqrUDDyX9Bw5pleKPj1ZAxrm2/XnX823Z+Ggf2d6RN7CZcQsLaZ1rbbNM/F9sTQjKbVC2AE0K0P0fjycCUjhmc3v/u6xlY6k9IWiEtUru+/X1suYnPEeqXu6xtKkHX4/8EACj/s69RkCzTTzK+LI3SABKr8aWxxpf5pa6lKEJLX7sux0VN417bVIq+MQ8uL8zn9vznAADPPu3bH2yEkZCML5IRxlpMq0YioKqEqBBr9g8JZgFh/Bl/QuJDraSO2vZYxpfMGvKMILGWH1IzwQBAzaptAICh0/sCtmeCESY4C4qczvOL5UiiMb4EfAlZMKVEMqcku72cza2VcE560N3vwu2GJ3Ft+/Uh2X4AX8afNzpeDWuCSSdKzWLghgHff2NTQ5HbZ1pbABjOIv1zsX0S4jc8PIzq6mr/35m8DbgiqddzNmmn37YrkI1097vQ2sBfvBNCMputW++kCNSfkJQSXK5Hbt5Y1dpCgahfznP9Wt93q1cf/yccArDpS/8bEneSWfrFanyRSg6tXtEUVT+fYaY25nPVcp6NsjbdQ75S3bcj0AijhmSE6bFP+zYYaNnQE6pJiAaa2zZE1TYe4wRh/AnJVfYcHcTNV9XqOp7eOPuOA/CVPpJTWdesaICRSt9I/UprlsNUXA6PeywpGsRKz4DL/0tsKRPPgW47Os87sH65FXuODmJza6XfjKRmfpEMMlIsbr6qNmCOatl80q09AFhKTL4FvzH4zS/OkcXSWEolsNIdtQwb5UU1AY8lg4JS+0xrm23652L7RCGZFyQzQ6Zvo3ap35aNtDaY0d0ffXkMvbK7hHufrjSbmEWGkBTB5x4hyWfcOa66L1wpq2zfl0lcutSHJUsaA+dG8wb1IyGsbSoBABz69l/47iEsZDS5dKmP4mSYfrEaX6SSQ1oJyBRjj/1cJcOOpST88RvLTegb86CuNB8AMDAxC2DRCDM15w3bv77Mp8vlCS8vWB2hAYYQBeLN/iHBLCCMP+NPiHYqzaaAjCJyegZciplfDnTbAxZDJGPD5tZKbG6tDMleEi6biRypFI7d2hDwK+fNW9p94yyUsTGVVqBUOv+6ZtXxJMOMZIQJzgizYvuH4ew7HlaDZGJ3eRRLUNldHrim5sKWlZKQz0OKUed5h6Y5prp9Z9dpbL/2yrBjOEf68czu3/sf37HjHRlngCEkVxkZGkDfwEjAY0NN9s8RNdQu5TFIUzq7Tmtu29jUHHUWGC3mFBpYCCGEEO2UWcoUt487x2EuUX6Pdk26sn5fJrF9+/bA86d5g/qRsMgzmgDA9i/9L2y28xQmC/XTxfgio29I+l5eFbb/YjsfkmFHy/k0lptwwu37PhtshCkvNPICTAE0wBASgea2DTjc0SFsbG8XtbSX2jILCONPCImfngHfDYz1y60B26QFEsmIYXfZYXd5FI0Z8vZSpg95dhjX1JxiBpPGpmb09drQqeClCDbCRGLo9D7UrNoGS+M6vwkGWDTCpBtK5hdpuxJqGrbUmdHXm5nX3t43jkU0wZyxKWcZsg/YwhqiCCGEkEylr9cWkwmGEJLZhMvAFG//ZBng9r78SwYyld+vqD8hqri+/X3UVldQCOpHNBCQ0aT+FgqSRfrpbXzRC+l8Ip1fQ1k++sdn/Y8lI8yFhX415nxegEmEBhhCgtDbvMAsIIw/409IbPQMuAKMLxJqRhe1m6p2l0exrJBkrgHgL+sTXAqn2OrL6OF29CuOvXlLOy5ffFiT4UEywaQjfb02/9/F1gZF8wsAxe1q2Xm0IGWaSbf2xdYGuB39cE5KqS59Y3T3uyDleLFUNeDzn/qov688+8uvdr8G4DW8f8d1fCITQghJeyaGtP/yr7RmeYAJhhCSG9hdHlSYCxLSn9mfCCG5DM0b1I/ExtqmEqD3RaCcpoJM1y/RxpfGGl/ml7qWoggj+tp1OS4q7tVihAk2wQCLxpch1yxEr4iGchMvwCRAAwwhYZCyf0Tbj1lAGH/Gn5DEoVZ+R82EoWR+Ce4TqXROsbUBnolRxX2dnnWAzPAQzggzdHofTMXl/iwwUmmkVHPH9o3+v+XZcbTgu2HtM8EoZYEJh9vRj5uv2ohn9h7GHds3Rjx2stoHt5OMMABw6MQFXNveD0tVQ0jJI+dIPw6duICeincBAH61+7cB+5/75Y9R2bKJT2JCCCFpw7abbsP5X/w1VlYZFt/bbefwjr/+gGL777wYaILJ9oXrH336iwCAz/z4O7xYSE6TDRlgCCEknTh7tge1jz9F8wb1I3GwtqkE/WP8DJGp+l1cOPa6KDOLJjrjSyQiGWGUTDAAsL6hGAD8mtMIk1hogCFERqJMC8wCwvgz/oREJtpsHfESbdYSU6n6l+pAw0NkI4ylcZ0vw8iCEUYaO9kaaEEtE8+BbruqGUkptsDize3gDDuSAefmq2rxzN7+lLdXorvfBbejH6XwlThSnGfQ9p6Kd8E1cBbmupXYdtNtqIf2slmEEEJIqnCULlfd98VbhnPOBEMICU+mGFge+MZPGCzqnzWMO8dV97kmXTm7L5OoffwpXsjUj5CcRDK+LI3SAJJq40swwUaYMtl0gk0w9bLyR5LxRTLCWItp1UgEVJUQFWLN/iHBLCCMP+NPSHS4Hf1wO9T3R5uZJByRTCaSKWJzayWckx5/iv/OrtNYv3ZV4Fgtm+BxjwFQNsIAgGvgbEB7wGe2kErtSNllImmQTCTji9z80jPg8pegUjO/yLPoSGWmpBJS0tyk/9Wy86Rbe8VrRMUEA/h+Td/ZddpfUmLbTbel5XNubGooYe3Ts60xZ/TPzvZGEEKSg3XiPIB2/+PWFUvw0L8vLjJcC+CNodsDTDASfSNuNFYVU0RCSFrxzCsHBAD427/9grhjxztx//3349577w1pd//996N1TUtOaNJ9okdVg3vvvRe7dz+N733vuwL1T71+SpRZyhS3jzvHYS5R/rGPa9KV9fsyhfdcdoBQP0JyjViNL5LBZPWKpqj6+QwztegbGlnYUhW2/WI737lqPU/JCHN8Yf1A6tdQ5jO9uGe9iv0kI0yPfdq3wUDLhp5QTUIWSLRZgVlAGH/Gn5DwSIsnfb02/zbJ9CIZLg502wP6BD+OtB0INGioleyRSuG4puZgKTGhtcGMbviyg3T3u+DsO47NW9rR2XUagO9X0J6J0QAjjGvg7EJpJMBctxJAoBFGQso64pkYVdQgFahlfZFiodYHgL8Ukmtqzr9NzvZrr/T/7Zqaw943jimOJ+kimVUA4Jm9h0PGkf5XGkdqLxmNgq+1gC85Ms2ltlJ8Q0xPdc2KBhhf1p/X/EapTgCm4vLF41YV40AaPefKi2oCvxj2n0QPAIz1hn5pnJxEeV1TxrYFAEzYFdslhbISXfXPxfZK8SOEJAZH6XK0rljifyyZX2w33+ffVgOg+qEP4ML1D9AEQwjJWC5cuKC4XW2BPVuQGwXUNKD+kfULPv9ly5bxSUUIIYSoEKvxJbjEUCQCMsXYYz9XybBjKSmIan7RGn3qF1LHXJ7w8iLRERpgCEGo+SHe7B8SwVlAaIJg/Bl/QrQjZRoJRspCAixm7NhzdDBge6XZhJY6Mw5029F53oH1y63Yc3QQm1sr/aWPgs0vWkvhAL4SRt39Ln/mFimbi1TSyN5zyHeuCxlhJCQjTDDF1gb/WKlgz9FB3HxVrd9wpGZ+CVc2SjK+yKkwF6BCZh6xlAR+8D/QbQ8wuhRbG9AaVPe10xFqQIlnnFHXjCZNpDG6+10BRpjLp3z7w5W4Cj7fTFsEbCkvDHzOjU1nTdts0z8X2yeS4eFhVFdX+//O5G3ACmqX8m0rMuq1x1Iqe98cGYvYvry+GiUtV2Bi6Lw/EwyamlFh9t0cpAmGyPngNdfjkYOvUogM+P5FFqmyLv5KeMQxEna/ErH0ScaxlNpmk/7UjxBCCMlsdDG+yGis8b2n17UURfr0AQDoclwEsGhgifZ8go0wFSxxlBKoOiGEEELSErUyRXaXR7FUjWRgCTZp2F0euKbmVDOXAIvZP9RK4UglkIIxlVYEGFcsjesC9ksZYTJB687zDlSaTTHd+FYyv+x941iIESQSwaYVNd1jHaexqhijrhm01JkVs9PIcTv6gYZVvrEaVvmNMDUajr/vpecCyh5JxqJoSiwlA5ZAyl79s7N9YuM3NDSEmpoav5kh07clk2zTTq9tmU5TwxX+v+urfdnMbAuPy+urMXZ5GGuqy3EX/oSnhqBqgiGxMT4+npFjp8P5JXp+6a5fvN8JcskEc911N+C66wK3PfbYY4pttRhX9CKZx4pGg0w5djL1++AH/yJk2/333883MUIIISQG9Da+6PbdeOF8YjXCnB3x/dCrIcoMOCQ+aIAhOY9S9g+n7ZRu4zttp9DctgHMAsL4M/6ERIdathE1E4GS+UXaroRras5v2ghI2y8rheOcXLwBLGUWkaOWucXSuA7OvuN+E8S+l54DAGy76TYc2N+hOl46Ipk3oiHWBa/ufleAeaW1wYxOhz7jNF61MWI/tZJJ0hhSGSz7gC1sBhgp5qU1ywOuQXn5rVQw6byY868rqdSA+qePhhPjTpy1DQY8Rk12aZWoOeaCdgmNQYZTXu/LcNOyvhlY3wwsVB987r51uO2+44omGEIISTeuu+4G3H///XjttVdCtstJRKaPZGYP0XIsNQ2uu+4G7N79dFrrn2gttY4fPI9E6ycx7lQ348lLXOXaPkIIIZlHuhpfgonVCCMZX/oXMsLQCJMcaIAhRIXl9VZR/tjS3BZTP8L4E0KSg5phRml7z4ArbDkfOd39Lrgd/fBMjEZtWOnsOo31a1cFZAMB4M8qIpXWSScjjJQNRvr1p5Q550B3YNHU4McSfSNuf8YVeQaX1gYznJMef/kiubkoQJcg7fUYR2sJhmJrQ8RfvnZ61gG7XwPwGt6/47qwRpjLR19AZcsmPjkJIYSkPeV1FgDA2IAz/Oet9b73vZ5OG9bItme7CeZHn/4iPvPj76T9ecpLccm3xdo/EVmN4jlGvPPLBv1IcuACO/VPd8osZYrbx53jMJeYVXXN9n0E+N4jD4fd/7cf/DBFon4JY841omkboX7AYomgdQ3mqPpFa3zpG5I0rNLYLjw0wmQGNMCQnEYp+4daZo6N7e2ajA3nLzuESMdiFhDGn/EnJLX4DA4uxdI94ZCMMMGljtQotjagu98FZ99xbN7S7je8SEglgoK3S3zpz9bh248fT7o2lWaTYsmongGX3xwiZeKRZ4iR/payp8izqEjZUyRzitzUIrULLnmkxzjhSl8FE5wtKDiTjESnZyH+KkYY18BZPskIIYRkNL39Z0K2yc0vSm1/eo8J9/z0PDPBxMmJEyfi6h/OdKFl7GSYNtSOEe/5xatdpugH+EznwSZvlh3TTn6+Ed///vcCtn3/+99Dfr4Rtu4LOa8B9dc2h/e+9y7F7cng/e++nk9kEsA/f/vbmtpJBg8aOaifnshNGs++2avY5varmygU9QOwaHxZGqUBJNkZXyIRbIQp0zidYCOMtZhWjURAVUnOEmx+SDY0QTD+jD8hgchLDwWjlm0EUC4r0zPgwvrlVsVxtBgipFI4kkFFotjagGJrA5x9PlOKqbQCAPyP1YwxlsZ16O53KZZLiqRBMkwwkulF+l8tO47d5VEsQdUz4MK5E29GPI5kCAIWzSpyTSLpE+04K9ZcrXid9Ay4wl5vEm5HPzodvuNJRpjKlk3wuMd8Yw4sNJQZYQDAXLcSAI0whBBCMpemhitkj14GABR+5wMAEJD5Jbjtc/chJBMM0c7Q0FBajx3vGOHMIfGOnUjtkjF+TN+faHiJmSeeeIoiUP+MZevWOykC8aPVuBGMZOT4q+1vpX7ULy4k84aacUNC2k8jTO7qF6vxRTKYrF4R3dx9hplaNNb4Mr/UtRRF6OFr1+W4iItjHs3nKRlhji/cq9baTzLC9NinfRsMtGzoCdUkZIHmtg1w2k75S9ioZfKIFnlJnOa2DUil6YIw/oSkM3ds3whg0XwizzYimTIOdNvRed6B9cut2HN0EJtbK9FSZ4bdZff3Wb/cGmB+kcbZ3Fqpan5RM2+oZWaRjC6S8WXzlnYAwIH9HQAWjTHBmEorwpo8gjWQSLQJxu3oh3vBH1JpblZtp2R+AYAKcwHOAZoz40gEG4wkDfUYRzLI9Az4/pey/bim5tAz4PJrLSHXXDLVSKWpJCOMhFTSat9Lz/mukwAjTCjy6zid6BmbTlj7tGxrLMkZ/bOyfZrFj5BsR54BZsf7b8TuX72s2G7H+28MyRYTkgkGi+bV1ijTWxPtpLuBJN5jpLvBJd0MMny+EUJIdqNWqmfIHd4cWVMcmD3sv/b+EUDuGTmon35EMm6otb+hrYpP5BzTL1bji9YSQxIBmWLssZ+rZNixlBRENb9ojT71C6ljLk94+YTQERpgSE6ilv1DMj0sr7eKcuMCAFia2zSNHdxPPm5wGR1mAWH8GX9C1FHLRmJ3eeCamgsxs6hlfQHUy+C8sGdv2HOQzCpqhhZL4zq/CQYINcIEU2xtgGdiFAf2d/jbaiWRJpjGOH6dHenGurPvuKKhRcm0otc4lpLFLxjBZa4kQ0w0yI0wcuRGGNfAWfRUvCtgv5QJZrGUU3o9x1rKCwMeH5uc9GmkYlSQt8+0tgBweCJ79M/F9krxEwRhJ4BfiqIIQjKBdL5mL5ztC7t/x/tvjGo8uQkGgD/THCEkdirNJoy6ZjS1AxDQls8/QgjJDiIZN9710ENh+//2Yx8DoG7keO/6a6gf9dOEmnHjeJ/yD//WNQbeW33llC/zSa4aYaifOroYX3RAMrBEez7BRpgKljhKCVSd5BxK5ofmtg2QmxCUsn8EmxfUCJc55HBHhxB8fJogGH/GnxBl1ErxqGXRUDO/KI3h7DsOZxTnorU0j8TmLe2qJhhgsSRScCmlSCSjHFI0aEm7rpbNJVoTkNZxwplfwl0TgG9hwO3ox/q1q2ApMYWU3pIMTMFsu+k2HNjf4S+NFEyxtcF/3Z47MQqDwbDT6/X+Ml2fe8HGg3CZOzKtbSYQ7Xxyrb0COwVBoAlGAy988/TOt/3jql9SiZSTEdfsff/0eNxjNADox53+TDCNTc3MShHpedp7OqZ+b2taFff4WsdIxdz1mF826KelhKcawYZ36XN8Y1VxTj3HXn7ud3hk3VV8sdGoFb73XeqfJvrtfZkf4XIdyWARjJJxY8OaNYptj5w44W+nZuR4ovMggOwzclA/fVEyb0jGjb996BHFPt/72AcBKBs5cs0EQ/2USZTxpW9oZOGv8DottgtEOp9YjTBnR3z3uRrKTSDJgwYYkvMEmx8SjZIJgjD+hJBQ1EwKatu1oJbxxd5zSHF7ZcumgMeSYUVriR63ox+eiVHV9sGllLSQbBNMsAnE/6VAg/lFmpvS/KPNgKNlHLn5JVbkiwNS5iC5BuHMSjWrtvluoJze53/s7DseYtoSRRGCIOwURTHiXUxBEPx9iP58/bB951c3VvJucuaji6FgaGgINTU1/r8zeVshlLMXJsoEk03a6bVNLQZ6XrN6cnYkMN3y8g/9JODxqGsGdpdH1bzS3e9CpdmECnPgzcDl8GVKUzLBaP0sEetnkEzjg9dcjzVr1uC1fzqIlVUGxRh98C+VPz99aN+PNR3jF9s+rbpP6xjxEM5Aose5hRsjHInU7wOdFcD61F9fknmmsakZo64Z/3O1b8SdcyaYZcuW8ZMT9SckY4jVuFFbXh7QfnBszL8/GiNHppf2oX76E2zeiGTckJD2Kxk5Xjk1gnVLcuPzCPULJV0yvkQiViOMZHzpX8gIQyNMcqABhuQUasaDcGVr4kVp7OByOswCwvgz/oQAe44O4uaranUbS04k48va4l6UTA2hpbEMANDTN47Johp09fjaxWqEKbY2oNjaEDHTi6m0Ap6J0RANtJok9KZnwOVPky6ZN+Rp05/Ze1ix9JDb0e8vFySfW/B2t6MfB/pGYSqt0G2c7ddeCUDdsAMArqm5kOtNrrladqHNrZVwTnrQ3e8rn9TZdVrxvKU4S0aYSGiJL40viYcmmKwhLkPBC72n8bamVX4zQ6ZvCzvXb57eib9ETNf8O3FD1mun17ZEX7N6svxDP1E1sOjBtptuUzXBEH2I1fgh5wOdFahsXhGy/eyIF8+uOKTHd1Xh9nObRCVzj912DtiW2PmlTL9SL4DRtPmu788is2D6rjAXZK2pTI0LFy7QhKFBI+qfnvqR3EKpXE+0xo3g7dEaOf5r7x8z1sRB/fRHKrsDqBs37G5lDSuLxwLaBxs5jl9yZ70JhvoFIpUIWhfl98JojS+NNb7ML3UtRRFa+tp1OS6GbUUjTGZAAwzJGbSUvpFYXm8Vg40LwaYFNbSaKVgKh/Fn/AkJ+iBvNqHzvENxX8+AS7HE0YFuOza3Vvr7SiYNKXPHC3v24oW+0PHkxpdwSPsjGWHUDBH+15AImV6k0jpKGiTbBBNsfJEy7thdduw5Ouifg1KJJ8/EqGq5KKXtnolRXcZpbGr2G18kM4vcBOWamkPPgEvxelPSvLPrtN9Q449hiQmtDWZ0w2fAkUpYbd7Sjs6u0/44ux39UZW2ChdfKfsLQCNMoqEJJmvQZCiYdI3BdrIr4DEqs0sIxTnK+R/EZILJBe2SFoMorlm9CTafSAbPWPpq7a9kgtFzfC1z+8y139n5oze+mBGv9ZZShZvAI2NoXbEkYNND//5UXMf52Kfu8v/tKF2u/nSO8TVDK47S5QFz03Ne4Ui2fj/69BfjOt7E0PmY+5bWLA94LDfCJML4pjd6fif68Xe/CQC48bY7Q/Z1dZ3MqfeqtWtXh2x7+bnfJfSY2aR/MvV74Bs/4YerHCPYvBFs3CjH4v2C8ycWnzvRvFPIxwhn5PivvX/MuJI+1E9/gs0b4Ywb/3asFJ+/ciLgb2m/kpEjF0ww1G8RyfiyNEoDSCwZXy4MeQAc8X3+HVoatu34gvHlwpAHV5ZGHjvYCFOmcTrBRhhrMa0aiYCqkpwg2pIzaoaFWPtqhSYIxp/xJyQQyfgiN79I2Uk2t1b6jS52lweVZlOA8UWJSMaX2oZW3zH6AksiRTLCyI0cckNEMJbGdVGVO5JItgmm0mxSLTUlN/OoZcCRjCHBKC1g6TGO3eVRzB4kN71I8+kZcIWYYZTY+8axEBOMkhbd/a4AU46U9UcqfxVPfGl6SS40wWQNaVdaJm1J8II2Se9rVs1UMuqaiblvpP6rr7kJJw++5DfBIIwJJpbxtfTPJBNMJCTzhu3m+wK2l9dXY+zyMJr33Bewv7y+GgAwdnkYANC85z489O9PBZg41Iw3/teMf4z/NSPsMRTmpXTe0n5prnKU5pU2+n06dv0+9oUJ4ff/d49YWTQb+Dl4Kh/3fe3PVOdUXl8N6yOfwuSrZ9C16rPKRhiV52K6Eck4ruV19Mbb7sSOHe/E/fffjx073hmSqaOr6yRa17TkxJtP94keVQ3uvfde7N79tO7HlOu/bt1VAfuWLVuWUfonU79nXjkgAMDf/u0XREm/e++9N+TYjz32WE5dv2oaSPp/73vfzdj7q/KyPeGMG/92bHGFtrjAt9TnnlnMfCtfQA/H56+c8I+rZuR4ovNgxpg4qJ/+hDNvBBs3lJC2qxk5st0EQ/18xGp8kQwmq1c0RdXv+UNngeKmmM71+JAH62q0nadkhDm+8D1U6/wkI0yPfdq3wUDLhp5QTZL1qJkfmts2wGk7heX1VjGSaUGr+UFqG8nAIGUJaW7bgOBzowmC8Wf8CfGhlvUFWMzwIiEZNmI1vmglkhEGUM6MogeJNMH4fwEKXzYVNfOLhNvRH/UxOrtOh5Q1inecza2VONBtD1s6K9JcAq6TBSOVZGBxTvq+mFlKfF9I1BbUpBJWcqRzjNcEk9Dn2Nh0wtqnZVtjScQ+yTTBJFL/rGyvIX4ydgqCEBBHGmJU+B/stDRd+VvnjcemKEZK2WldduVzzt7jjkRfq2rl/oI/DyjRGGGRPFJ/IDALRXD7eMcP119enCqTTTBNDVeE3a9kCJG2A4vmDemxljHlvPDN0zvf9o+rfpmMuUlzGbs8jPL6asW5SfuU5hzNvJKlX6KuPekc6qt9CyKOhfNrWe97ThT+oRyo3ozvfW4dbrvvuOpzsbGpGZVmU9gSZfGWS4q3f7I+M5tLQue/47Y7MvINZvdzz4Rsc0260kpvLfonKx5KesWqX6rg9ZvZBJs3gkv1nD9xMmSRXMm8oZXigjw8eMYC98wcPn/lBDasWRNS2ieTTBzUT3/UzBuWigacuzgJYNGgUVyQp6pjsFZ2dzkqi+0A8hRNHDe0ZYcJhvotEqvxRWuJIYnnD50NeDw1Jd3uCF/aaLGd0afjkO++8HXLC6KaX7RGn/qF1DGXJ7y8M6IjNMCQrCac+UEyGCiVuwEWM3lIYzS3bdB0zGADg9LYSuOHG4Mw/oTkImrmFyVDw7kTb+LcidC2ehlfgtFihAmHlAVGLfOJGom6AXnH9o3+v5XKUEnlhfxfuhZKNkUVz7WrQgwk8YwTbILSeq1I15XSPN2Oftx81caA8kkA/EYYqU2wkUdtHtJ2u8ujyeyjFl+tv2iNlwmP74v3sclJxX0lJSUZ2zYavn7YvvPKK6/seJu325bM17xo55Nr7WNg57p16w4fP378FN9R/S8mipvnPVNrAByiQKmLAQA4e4/fBiQ+I48Wk0oi+iZj/Gj6J9IEMz4+HvcY5XWWgMdjA86QNpLZQZq13LxRXl8dYoaQ7xu7PIw11eUxnVsiTTAB85KZW+QmGPm85Puk+dVrnFeq9EvEtdfbfwYAcHnY90tgyfjS0+mbnXVhe2//Gfz0Ht8N9nt+6ivyoGaEGXXNpG1ppODPzK1NDSYAnmjHue66G3DddYHbHnvsMf/fVdYq/99btmwF4FugCrc4BWhbSJWPoTXDgFLfSHz+ygnsuO0O7N//un/biGNEswaJ/A76wQ/+Rci2+++/X1H/YKKJhxZ9pTGU9AomWv0SBa/fyBqkysAVD2rmjQ1r1sQdM6U2atul40lGjmATx3UNLdQvC/UL5tk3A++lajFvRELSarGsTyVWLC2Bc7Q/xMQhGUcyNRsM9Yvjs61Oxhe9eO287372dcu1/cgy2AhTwRJHKYGqk5xDbn4AlEvWyE0Rlua2mI4jNz6EyzByuKNDiLZED2H8CclGpOwb0RBtxpe/+sTfqo616/t/p7ntfz34vYDx1YwwakYXS+M6X4aRhf2m0grNGgiCsPNffn0saTdx5OaPdEGL+SVYR3NRnuL1Jtc82Ngip7vf5S9rFK6dGpLJ6MndL0aMr3STThDog0wV/f39m1DnXxMjGcrp06c3AqABRkLdSMcXm9THgKSAz2393s4HXv/biJ+pPvPj76T1PMrl2T7WN/tND3Ja1jejR/Z4422bgWMq4wWZb2AbC/0MHoMJ5m1Nq4Bz2sw90jn2dNoC5hc8t/L66kWzh7TxWPrrF48JxloSuBBgnwr9pejh5w6EzC8YuRFGsSwSEHVpJKXMMeFKkkXqH66vHgvbr732SsDj6667IWx7yTwQjniyCASPozSGlsUxOQ+eseATVzjj1iBRRoLg40dDNPGIZkzJ0KHHNZRIAwavX20aCIKwE0BGlEd9ovOg/28l80Ztuc94eV5jzIL11mrekI4zODYWkM1EbuJ4rb8n7Uwc1E8/5BlLJILNG/LXFi2vH8F6FhfkBbzmWioaFE0cgC+bCYCMyQhD/WInUcaXoqIiAECZdWmEkRYyxLiU74XHaoQ5O+LLcNwQZQYcEh8GSkCyFSVTQbD5QY3zlx3C+csOwdLchliMCbZTR2BpbvOPE6n94Y4OITjDiJQFhJFk/AnJFdyOftVf7u45OhiQleOFPXsVzS/2nkOw9xzCZ7eKuFY4qPyh+PnNeOONt/v/Pf/8ZvUP0BrbXiscxGe3iv7jB+PsOw5n3/GALCDF1gZYGtcFlM8Jp4GcB+7Z+s5HvnBTwo3MzkkPOrtOK8YqWvQaRypHdKDbHpKZxn8sWXYXc1FeiPlFrrVc83CllIL7SuYlLXPSOq7Ewk06XXn6YC+cTqf/39MHezHoGAr4F4lMbjvoGFLUQI38/HxvOuufi+2jiZ8sjvwspQFTQSFFIACAiaHzqv/0GCPR48fCD977i6jvQg4PD4d9HE3faPurEZzxI3iffHuLiskjWl745umdibweezpt/nkpPZZvl2uQKfp95trv6K5ffXV5QAYcKVtN8HY5P73HpPoc6uu1oa/X5jeLj7pmFP/J6e53BfyTE23/RH1mjmQUUEPr4lQk80Cspo1ozAnFBXlRmw0iaaTXd5RY9Y81HlrH0RP5HPX+bsfrNyaNdqb7j0u0mje0ahqreUOOdEzpHN710EMYci+WsXutv0fz/Y1E60/99OHZN3tDspYA6uaNYI0kPYKfw0p6yf+2VDcFjP23Dz2C432hWZZfOTWiaC5JF6hf7PQ6ZtDrmEGTtSAq88vzh86GNb90nrwY8zmF6/vaeZffDKOFhnITGspN6B/zoH/Mo+nzLX8UGT/MAEOyDsk0oGZcCFfuJlkonYNSphG5CYLlcBh/RpdkO40LvzCUbrJ2nnfAvuC4ljJ+vLBnL17oC+0rmU7ubvKl/x7sB/7ms+/CD3/wW0wW1age0+FwaD4/tbYlU0P4m8++C888uQd3+75zYJdKRhi1MjnSPrkG4Rh0TJZWlxUZAcwlKh5aMr8olQMCfBltOrtOY/3aVZqOpXWcUdeM/2Z4pdmEljozDnTb0XnegfXLrdhzdBCbWyv9pY+UjC+AzyDTGPSLVrnmkolFMu0Ez6PY2oBia0NIBp/WBjPQsMrfL5ZMMRIrG6xXATiayOec9S1bA6/xP73uL0sTqX2mtfW9sR7QrE1BQeJT/sejfy62jyZ+/i+7edq/7gpOAS/gdNZsuxnrNc/dND8BwRn7R81s006vbdHEIJmEM4p88RZ1I8Z3XtQ2frgxwqHH+FrH0AM108qJEydi7qulv1TqRk4480bwdiXzhtKYWtnzz907ly+pfWL5h8viThmodB6S6UU6555OG9aozLFlfbNPiz9EN69U6ve5rd/buXxJ7ROffeJDuqZcDMmMEyErTriySFq+m8i/y6kRaYxw/cPZZvOMxp3Ll9Q+EYtO0RoJ4i0bo6VdtGU24jmXWDTQO6NJ8PHlJZDSIR566ZeITDC8fqPWYKcgCGmZCSZa88a2bW+BcYnve9SLJ0I/U9yyptq/b9u2NQAgvDxmE5X2B/fb2lyCee/ib0Fqy8sjZjJpKSxMqf5J0A8vj9mQrfoBUDVFSCaKYPOGZLjYtswaoI2afsYlk4p6AcDW5hJMux2wVDfBOdwbkskEQEA2E2Axo4mW0j7JKIWW7fohgVm0pBJB6xrMUfWLlPFFMq/UfeR7mDr2BKampqQjhu232M6Iuo98D50/92WHX79aOXNMtBlhpAwwkglGLSOMdN0KggCRWWRjhgYYklWEKyXT3LYBTtupELODvNyNnFizf0hI5gWnTTnrutJ5NLdtCDmm9Hhje7tIEwTjzyiTXEEqSyM3vii2Cyp11NM3jpbGMtQ2tOLA631hTTAOhwNWq1WTCUatrWR+OfB6H2obWjHY342evvGoSyMVWxsUzTFqGA0CAOj2CXjP0UHcfFUt9hwdRKXZFKK32rl5JkZD9kkZbUylFTiwv0O3cSStJONL8PXimprTVBpJnh0m7I03awNaG8zo7ncpZq+Rxy84G4xkmFHrpwVBEOb1fl79v5cuh90fYjjIorZaNZDzveNTumn/n6Wluuqfi+2jjR8A1RsFU+4JjAwNBDyG2WdiEC2+PpIhJFO3Kc5R9QVHe2LYXNBOr21RxSB5CA2XfifesnVZwMaxAScO2sYAtKt2jNXYohU9xm+49Dtc01weUoLmxdcv4Nl9hz6gx3mGM68MDQ3FNbbUPw+lqm2aGq6QPXoZAFD4Hd/U1qj0WfOHLy8++ENou8AxU8fiebwceN5/UJ5bwLwW2kU3r+zSL+ScF/RYE0W/SEaYcGgxySSyf6xoLcGzbdtbQhapJNQWQ7W227btKt8VGcX4t6ypjrhwKx9///7X49ZA9j1Fl8XEaEv4xBoPNX3DxSOcXrHql4hFWF6/UV+/OwVB+GW03x0S+hokywKiNXMJAMxf6pQ+/WiJU0Tzy43l/Zi/1A80vyXkWJFMHD3T0ykzcSRJP2SrfoB6uR5g0bgBhJo3otFHzbzx4olhbG0ugXM4MGuK3MQBIKyRI9UmmFzQLxHXnmR8WRplSaBojC96II2j1QizrkbbfIKNMNbiPMXrFkBCzVvZDg0wJGuIZH5QMw8oZf8IN1Y02E4diarsTrhjS4YKmiAYf0ab5AKSyUGr8UVisqgGPX1DqF34DhvOBFOzZcEssT/y+Si1lZtfJHr6xgOOE60RJpV6d553+NObWxrXKZbtkQwyIfFweRLUvtn/v2SKCja/SOevhGtqTjELTEudGT0D4VNVuh39QMMqf1aX7n6XaskmS+M61ZJI0ryA6EohXRxxXbmyvrzg7OWxN/WI8Zc+sBlrV23I6deV//1a4Py7Th/BV372clKOTf3TP37f/fNns0qvxx/6oea2xSWl1C7FMUgXWlcsYeAiEI/JJV6DDBCYbWTH+2/E7l/F9zq44/03xpXBRE+k80jWvLJNv0hz2vH+GzWP89N7TOg+d8mfVSkaI0w2c2O577vAy2OLC6Zqi/tatmkh3FiR2krnu/idSj+S8Yt6veKhVddE6pUOuvH69ZM2C4qxmjcAn6lp374/yXTyMX+pf0G/wHsqUrvQ/YFjqpGOJg7qFz/B5g0l4wYQn3kj1naSiUN+PkpGjuOX3KgozUvJ628u6afXtRer8SVSuSEl40vz6rUAgJPHnkBRUREAoMy6NNIZ+v5zefz9bSe7NBthjg8tZLSJ0gjTY5/2bTDkJfQ5n2vQAEOygljND+nI4Y4OgSYIxp/xJ7nOuRNv4pxCBnjJ+HL9krGFLQrfOq3l6Nh/CO1bfGYTuQlGIv8K36/dZ894I56LUlsl80vH/kMoaGiFUuGU662+83114fzVjDDphNy0IWWISWV7AIrmF7XtPQMu1fZqPLP3MABf9pdgs0trgxndiC5Tj4Rk0NGafQYApj1zwow3T7fP6l1nBpFfYOOLS5AmyTwW9U+v+Nm6uwIer2yuzTqNgueo+noz5aZ2KY4BSSlzmXzy0ZgaMknDZM0rW/TrPnfJ//cVm1ojttGKlJkpUnkxrQaZcCXY4jTZxKxhNCV4lBZMlRZDtW5bpHlhX6jZPpqxlLaHW5CNRQM58S4mRlvCJ9Z4KOmrpqEWveLVT89FWF6/MV+/O2sqLG8MjTrPpeqFP5J5AwAGx8YUTRzzXi+MBkNU16vWtvLyPXIGx8b8f4czcWgsAq2YiSeaBV7qF6hfLIvjUhkcILJxA1A3b4Q3B2l5/W1WHFsq5wMgopFjdGIu6SaYXNQPYbJoab0Gk2l80YtkGGHqy3ztLk94VXWnCSZ6aIAhGY+aWaC5bQMAhJgflMrdyLOAKI0njaXpBTGojI2SaSHSOUgmCKm/HJogGH/Gn2QjkrEl0v5F40t4ChpalU0w3/87WNfsAeAztORfYdCUAUbedtf3/07V/BIJ6fzVjDDnTrypWZNkaf/kgjlH+t8ZYTw9269Yc3Xs83J5APhMMEpZYJQotjag0mxa6Bs9B/Z3YPOWdt1iMzA2s9xUWtkk+DIWP85XCkJ0uoHRuhZ3f/gDWT3HL33zWwGPdz38KDpe+r1i2/m5WWqX4hikC/f9U2691YgAvF6x+gfv/cXwZ5/4kKor+kef/iI+8+PvRBzvhV710odva1qluf/t2ISxAWdGxEjS8PzD48PLP1zm5fWXmGtQjmNyJmhLfsLPM1KJskgGGS3jaB1DTcOVjfXDAKK6BiOV4BlxLP6y+8tf+TL++Rv/HJNBQiuJGvvLX/lyzBqEw5Rn9MZ7buHK18j1V5pTtPHQ2jacXnrop4duvH7jv35nZz31AFJigHmi86D/bzXzhoTcOJFOqJk4XuvvwXUNLVqGiDkTD/WLTz8g1LwRzrghEVxmBwDqllk1PfcjtVEaW+l8lIwcqTDB5LJ+SFIWLb2NL1NTUonzi2HHXWxnDL0XEocRpsUatxXDbz6iEUY7NMCQjCac+eFwR4ewvN4qBpsNgkveBLexNLcl5Fy1nEdwn/OXHYrZQGiCYPwZf5IrSOaMawXfF9yZ/uj6K2eCuRkOKbvMPt9/uxSyzez6/t8BQEhbJfOL79y6NZ/XtQvP3jdUSiORhfgvlD1SomfAhfXLrSHbD3Tbsbm1MqbjBR+ru9/lK4EU/OVSpXSVpXEduvtd/v2m0oq45j87PWEAJgx66Xnk2GleVCmE+qcPtu4u7Hr40ZybsxqmwiJql+IYJBslc8U1zeVZo7WaeSQYr9eLnksDN7csrXsegKYUb+FMLl+Zv1l13zd690Qc29+/WXl/smKkVb9gDe+8886IGv7+pT28/uK8BpfXVgU+BnD6lRMpnfOdGj04p1+JfoyDtjE8u+/QB/TUUAuuydCFl898/jN8MwuSP1EDK+mfRfHwJvoAvH41BEEU51NxXDXzBgAcOXEiI7WMxcRhNBowP++lfknWD4hs3gAWjRKR0NouUfztQ4/EZOKorbTsGLQ7d1O/2PSrqSjfMTQ6tjsR56TV+HLV7Tf6Ngw+7d/nlv2tB+6Xv608f/nfC+fR+ezLANSNMD0OX7LCOI0waVPCL1OgAYZkLJHMD0CoyUAJLdk/nLZTmo0RTtspxSwgkUrxqJ2rWkmcXDdBMP40wZDsRjK+fHariM1bGwEsjXmsH/7gtyEmGLV2ctTaBZtf1Npp5cDrffjB68oZYXIdXxmihgBjimR8kZtfegZcsLs82NxaqWp+kZcf6hlwoa/Xpun4nQ5fZhi5EUbK8nJgfweAUKOLZIxJp9JWv3z5hAAA3//+98W77roL937orXjLphWwlhXjfG8/xiemcXFwEjdctxGvvHbYvw9AwP41Kyp1OZ8T5+yqx7jhuo1xjy+fg3zs+3/xRzz11FP4/Oc//4F01V/PuTN+RAtGI28L5ApHHvsq3nHd7yK2Ky0uzKh5TbinE36MH336iwAg/P7/7hHDmTXUtPtXvCOn9YsGXn/ULxnk5xvx/e9/L2Db97//PeTnG2HrvpAT7wnhNNBCPL9Azs834r3vvUtxe6boH6t+evxym9dv/Nev15vcX9C/1t8DBJXtecv7rsLQ8z/Mini85X1X4U+/Phpg4ghHnsEoRmPgoH7x6ScRbN7YtuNteP03P89o7bbteBv27X4hwMTREKHMjts9VRrLsahffPqFfY5rNL7s/Nznoh77wtAbKCry/einzBppfWEhQ4zLg7WrNmg+htT2lw88ACBxRpiVS6u3CYKwT8/PFNkM73SRjEOtNAyAiCaDSOMqjQksZuLQMo5a23gMC5FMEFIbxp/xJySTkZfiubvpDABg3FGEA6/HN65kfpGQG1jU2rVv2aTaLriPlnbhGHdcxN1NvhSLu3pSr326UNmyCY1NzejrtcG9YEJRy/oCQNX40jPg+xIllUJyTc2hZ8AFz0ToD0TPnfBtkwwtxVZfmlDJCBNyzCAjTDCm0gp4Jkb9JZXUstmkE9aqZQAOp8E5xMthZCLZMPdMmUM6ZeNINVMafmVN7XKDTFs4Dz7vVBoRMlW7dNGP1x/1S7Z+TzzxFF/040UQqH+SdaN+eoYhdbdRh9xu3P7p9wIArr9xdVbo+erLJ3H7p1vx7I+f8Js4qF/66PfKqcCScsf7RvGZr/rKtTasLMto7frPjuPqTTfiR1//B7+JQ25UUXkB8FK/5OkXDqlEkBrxGF8k3nH9tdob1/gyLa5dFduxpPNMmBFG9HpBNEMDDMkowpkU4jE/qBHrmGqGhXgIZ4KQtMl2EwTjn9vxJ9nNub3/IwDAzhvXiC2NZTmrw91NZ9DTN45de09+INXaFxUVaXDGJ45fDPn+b2xqBuArh6RmfmmpM6uOIxlfJF7YszfisSVzjGSAkRthlNi8pV3RBFNsbYBnYtTfz+3I/Gu0u2+SL1iMX8bzpz27hVvu+HNx7cYt/m1dh/fjn77wYQDAg798GXd/OPBleNfDj+ITO2/U5fiJHv9r330YwXPbs/tXqu8rBoNR89ivm58Vbpp/n6p2maBPosePJQaEEELig79/TT6pNBBQN5KpcZDMG9li3JBYnM97NZo4ROqXAv2A7DJvSHPoPzuOz3z1WwEmjrDqxfGhgfrFp59fR43GF6nUUdfpIxml61VRlkaqLzVofPMygGiHBhiSMUQyPzhtp7C83hry8htcWkapjaW5DUqlb+IxFCgZFqSMHU7bKcRyntJ5KemQ7SVxGP/cjj8hhMSC3Pzy5O4Xo+4vlTCSShpJhpZoKbYulnGSssykK46R8CmzP/L339flOD/72idjPodsJtFzZ/wWqV2yDF2H9wc8zhainVtRqdlL7XLr+ro4pJb1x8XgxawfteP1R/1SSR5EunyTDNPuU7dMxpvEH9H/9ORJ4Z7Vq0UAWWnekOObm8/EAQA/O3XqA9QvtfrJyTbzhkQsJg7ql3z9fKaWpRraAI1brgIAOEZHM1pbaR6d+48CUDfCXJ7wBsxfjSITl/6i+35ASAagZn5obtsAQL38y/J6qxhsJAg2GiiNrVc2ETUThNL4Wswb8nOWxpKTrSYIxj+3409yj56+cdmjcQCDFEWZ+azWfvk1YXfvOart3NSML+HKPlW2BJbNkhthpPJI0ZCupY+KzA0AnACA4vIGYLA77Uog1ay/VXO/oc7n5e/CivPLDP3jnzvjF5nBSxfw2S//vf/xrocfXfxM1d2FPz67J/BzVncXtn/lO7ocuz3/HYrjAzfqNj+1uSkx6RorWHZitclWd8IT8aV5aK1xcP5CVONHSzboH+76CkfzytVmJGEVu7QYuYWb+lE/6pft+k2NO24C8Fykdi8/9zs8su4qfpPUwMvP/S4hY+aK/tQv+/SPh5+ePCm868YtIuArd5PtDNWW4am9b4QxbwjUL0n6/ezQqPDxTRUiAAybW3Hu4iUA8P+fbQybW3G8z3fv4KE3HXEbiKhfcgjO+JJtWDVmhImE0chlv2igAYakNWoL/YA2k4KagSAcatlELM1tmvorGRnUsnbEeq7SvNVK4ki6ZboRgvHP7fiT3OSXL5/wl+NpqMr3b+8fmcUn7/su/uu7H8Llq3/t3y6Vlim2NuBTm5Tvjv77oeKAdhL1b74Pf/WFX6Rsrv9x3xcQPMdoSh/NecXyX3zhptlHvgD3MdvwvB7aB+su1x5AUvX/wsOBi92VZhM6zztgd/nWZze3VgIADnTbA9pJj519x/FCX+i4kvFlS/WI6rH3L7RRM8J0dp3GeoWCsMEZYzIBU0k9SiwGjLkC4yc3HwCJMSBoPcZTT62H1bpY/uqGG17GK68sfil2OBy4667OqOYXCYPBIKZS/3jnnuvxk4iU2lxughi8dAHL6ivDtv/g+6/XRbue3yhvj3R8rQxeuhAyt3AMXLrQXFldl4c6vBpp7KlJ14pYtNODTNFf7frSwoVzp+4A8Et+IkwuIvi1SQcRCfVLKRfHPVatbZctY+ayVEL9qV86kKpKVCuWLqH41C/p/OzQqAAA77pxi5gLGkY0bgjUL5n6hUMyvpSsb/J9Hx7yZLW20jw7O3sBRG+EYRK56KABhqQtsZS8idbwoHYMpXEkU0EktPSNNVOHVnOF9DiTs4Ew/rkdf0IAoLCoSPZoVlOf55/f7F9odTgcuPXWA1k3RwCY94o4fXH0VkBE2xLLnwBcSMw5RXdeidTf7vKg0mzyG1/k9Ay4/MYYyYQS0l+D8UVCaqNmhPFMjOLA/g4AwOYt7ejsOg3AZ3xxO/r95xBLtphk0lBZjokZn271ljKcQWD5GlNJve8LWhQGDQmHwwEAsFqtEQ0OwceQn0NNFPMJLr2jND+tDF7uL6yzFO3Iz8+f7Rse/0Mq9I9n7rkePwm3e1KotRTtMBgMALBbz/gNDQ1F1b6mRrsaR05FN/aGtpr4JiOKgKDtNpYgGIR0mEMi9U9JDPyhSM4drbMjXlQWKb+/26fyM/JzYzzzyfN6pqhf8uZD/ahfKvUDgAsXLtBEoEGjSBhidBDkgv7h9DPE6bzg9avT9WswelNxbucuXsp6E0ciM2NQP2qYSu2oX3z8qk8U3t8oBHzhLVnfhBUNLaHn0t+Dm4v1sS/scc+pHsO88bO45ZpWAKH3tIHFe2LS/e0XD3ZH3d51+Aey4y/839CCc/09fiOMxK8v4gMgukEDDElLIpW8cdpOhRgNlMrdAFBsB/gyeiSq9E0waqVwNra3i07bqbDnqWU+ki7ZUhKH8c/t+BNCtCEtko17S40Vy64yzAt54pjtzazygvf12tDY1AzAlwGmpc6s2M7u8uhifAkmkhEGgN8II1FsbUCxtQFuRz88E+lfq7beYgY8How6fRU39CiBJP/iFwvyEjoS+VcYAACzZ7wBj30BUup3WHF+WnFPzwjuaZQZDZ4U6K/P3HM5fhJzc/MYdE5lZHFu+c0UALj2Wp8P64033h4QK72MhgUF2mpqFBSXpO0cMj0GyWL/4SN/tmXjhsfDtfngX7YHPH7kh0+htXrRgGqfmvC9LxaVRr2te9iOD/7NXbrO6ZH/6Qi7/9l9h8LeSLQ7ne94cMcP931i998MRDrWudPHl69Yte489YuNd3z/ZuH3/3ePSP2oXyr0k/jxd78JALjxtjtD9nV1ZX9pDTlr164O2aa1dMy81yvUVFjMRqNRFARM9g/ZxVzTPxb9YtWN16++1+/s7KyptsJiFoyG2YHh0elknfPDv34B77/92pDtA8OjGRmDuurQH/386tk3IncUqF8q9MsmDWPWLk4BqV98+v2qTxQA4Jv33CTecns7fvpfj6SdNtHeE4vnHtr//eHf48VnO/CVn71M40sCoAGGpBXxlLxRyryhZIo4f9khhMsuIrWPpXxOuPGUSujYTh3xz0uLeSPSvDO9JA7jn9vxJySYooBMJOMJKa+QjJIN0cwxFi4PDW2BMLylpLLxLIAD+p5T4rSPrH837ti+Ec/s9S2ES0aYYLQYX/78Lz4Z13n+OYDH/vc/whphgpHKPWWCCUYJefYNYDEDR2tr62KEun3lbuRmhtkzXlitVkWDg7xvuGME88ADFVisDSDgpZeAL++UvW3urMBLLyVGh0KTMaWmsljnzvhFpnbJMnQd3h/wOBYiZRaJNlNJtDdl9JrbzLS2MlPTky7dtAs3h3TXPxExSBaj7nkTP2WGalJdkl9MJQjJfg51nREAYNPaK8QdO94Zsr+r6yRa1wT+Svju9+6M6Vi7nlisaNdzugeXzFcDACZHfHVaS6oaNT1e4noTLatadD0fAOg+0QMlDV5+7nd480R3xIWYuXmvccQ5focgCKittDwBwKNF/4aaSlN9deVMMvVPxHix6heLbqnWLxuvX/fM7FL3zNjS0uLCMQC/T8brz29f3i+868YtYlFpeejO4VG0vfuvUW4O/dHPVz66EzesqcPbPvGNqI73woNfwSsnBvCN/w56LrgmYpuAedEQOeZy4dRvfgLFuQB4au8b4WMgAquWLTGcvnDJmzD9dJhnQvRPkX5aNHzHBz+k+3X/wQ99Fle/ZTuGh4ej6lddXY03/7QXj/ziByH7fv/IL2LXDrGXQEuFfokgVfqpUWZVKAPU3xPa7oMPaBpv/JHPxXwMAKr3xNTQ0j6a4yPSk59ohgYYkjZEKnkTy+K9WjmaSAYLJeOEkoFBiXBGhnAGBT0MF0qZRqRjSMdPVxME45/b8Sck8gfgQf9flWb5uk2DbJtv8c7/oXO/vH2DQt9F4il1EE9ftTlGg3fOd79M9M7l6a976HnprX8k/e7YvhEA0Hk+cKHxhT17FdvHk/ElEpEywkhmHEvjOgA+E4xnYhR2lwduR39GPO+WL6nz/11vWbh5pDEDh2J2jwgoHUN+DpMAXlJwRyhtk/fTi5nZ+ZTpH+/cGb/IfPbLf+//e9fDjy5+Lmxdi4P7Xgz8rNi6FsDruhxXfXxtaDGOqM1N9SaW5qMbYho/mjmku/6JikGysZYUwDE5E7LNPuVF64rEpvVOxPjh5qP1IxX1i0M/gdcf9Uvp8zdm1EqlmEt8n3F23HYHAODfjpWGtPn8lRMB+4oLfF/H3DNz+PyVE7j7vTux+7lnNJ3Hz792j+L2T/3o2YScj2vSFVEDLUhZSb1e7bGSt022/umiXyy6pYN+2XT9SjGYm51Ly/ukyxsb/X/XlBX6/1bSR/5YrpnUVz7W+RMnY44BXBNYvmY1zvf1xT0/z9ysYLs89P5Vy5Y8efrCJY/e2ukxz4Tor4N2idbPf2/NXR5z38riMdV9X/zivWH7fuc79yf8+TU37zWsbKxvOdt3uSdRx0iEfomKSSz6rVha13Lu4kBPsl8bg8sOBZcgijY7a/PqtZB8qH/3dyVQ9KTeWIIjR2Jvf+ywfvM3GFNTvi9ToQGGpAVaSt6EfJiJMmNGNNlF1IwTWuYS7hzCGRS0ZOnQMmen7RQyrSQO45/b8SckXVArdfD885sBhNbx1Kuvbh+CDflZoX0knSIZX+5uOoPahlZ07LdBqGpWjZF88fLWWw9E3C8hjtjw2a2VGOzvxq6Fr3qRjDDAopHnyd0vZuXzR808IW2Ph6eeWh8QmxtueBmvvHJjQKzuuqszUTdGUqprsuaerfELx+ClC/jjs3sCHsv50je/FfB418OPorq6OmQcpW1KyNsNqowvJ/hminQD5Z57PABKQrZHMzflGynabg0Y8/I0jx/PHFKtfypikAqsJQUpPf5D//5UXP0/9qm79JuPKFK/JM+H+lG/dJqPElXWKgDKC6jBBC+G/tuxUnz+ygn/GFoIXlj9xBXOkHPR43xGHPr+UEAQBBQXl2pur7VtovRPF/2i1S1d9Mu269dUUIApz2xavfZIhona8nIMji0uWm/b9ha8PGbDLWt8n2tfPLGYUSN427ZtV+GFBxfHrC33LZyfjzMGeiGKgGd2ToCAhIkfzzwlvfTUf3BszGfO0cEEk0j9LBW+H7DZ3ZP4t2OlKC7I8+sj8fkrJ8Luk8bQEpsQA5LK+fjvt43G/+Oy6RmP4cLl4S0AejJJPz3GTHf9tJB/hQGzZ7yo2VLpv28l3XePh3/910n/mPJ7Yr771PG31wPX6JipzSyYxTnRfXoK8yBhoQGGpBStpgS1UjYBHw4V2kjtEpFdJFa0ZulQmovavJWOIY2VziVxGP/cjj8hicC3WLVQvlnmuI6W4A/N0dTxjKdvXDduSiuyRn8lzp14E+dOKHwBXDC+XCscREtjme8mRX83/uaz78IPf/DbABNMcIzUviCp7RdHbPibz74LzzzpW9S8u+kMnu50wx7BCHPzVbUZ8xw6f2kg6j7hzBP5VxgipgsNdw41VesTeu4Rn1d5xpTpn6y5Z3P8YsXW3RVgXpC21d5UmNDxgfcq3kyZPePFtQtlxv/75cKk3FjRg1jnkA76Z0sMYqWp4YqEj//Vf/iOT/ub7wvYV15fjbHLw2jec1/A/vJ638LC2GXfwkLznvvw0L8/ha9/64vULy30E+apH/XLtOfvddfdgOuuC9z22GOPKbYNXiTVuk+OuaY27GOlscw1tYArMeejpsGPv/vNqHQ0GAxoUClXq0RDUzOmHINJ1z/d9ItWt1Trl63Xb5mlAmOuiaS+9qxYugTnLl4K+P/8+fMBbSQDhv9/i898fWN5P+Yv9S/8vdg+dFszai0lOHXR6R8jETFQmovmdz5BQJ5raimAPr3102ueeuofbGhKlX5aNLRUNwEXTwZktgnWLXif/LGlusl3T2y4FwDQKMuCIxmJAGXj0M9/Xu3v86bKePFq53sNFsQr64rrBXEeRwdnLqejfiHEOabe+q2rKqoXxHkcG/Jcjvn1sKEFh7teUdzeJARmJHcG36uC8o+2mqyBpuoVlibVY2i5VxbtvbVo5hgt54bdSwEsrSwUPC0log3AIRBVaIAhKSNS1o9IGTmCUWqzvN4qRjI/OG2nos4mEg1qRobmtg2Kxg+5QSHWeUtIZgtpXPkxpBikygTB+Od2/AnRg67//ZT/78q/+HcAwJEjL8c1puQil5tWAtzc+xPTVx/EjNZf0k/C3nMIT+5Wbx9a6qgZPX02tDSWobahFQde7/ObYJRiFFyqKdJ+yfxy4PU+1Da0YrC/Gz1941h3RTOA8KWR5FlfpPNOB/rtY1i11FeS67Jz3Pe+FaEMzZc+fr3/77+69/8FaBf8xS+aUjoB751BJXTk4yuaNfZD8dyV5hctRoOQMv3jmTvjlz0o3UTRIzMP55BbMdCDijKrPtuG7arHkBbPlbYDi4vn0mPqlz765XlcFf95539M/p/ffTLsatl/3vkfeY0rVlG/GPXj9acvr70WuBhx3XU3KLaLlPVAnukiHuSLsUoLXIk4H60aRMLrnY+6bar0Tyf9otEtXfTLtutXFFPzmU5abI520XnbtrfEfWy9r4lY5+L1etFlH72uxWweLjOZDgAIW6NlY1VV+bJ1KzQfMxHXvh76J0I/AH9MxHGDzUHBpZ6Unv9a+Id3NAc83tpcklTtAF8GneODczcCwIqKguGyAsOBw5enwl+D9UXly1ZdlVL99BxTL/1arKaYrkGJO296T8i2rtNHFNuGlB26Ub5X/YeY0Rwj5N6Vhvv5kdpHe3zV96yF/0emRdMIcAVogAn/HYsSkFSwsb1dLHTa0FZnwamBxQ8bkiFBD/PBxvZ20dLcBq0mCzlK2UQszW2ajhuNmUItA4rt1BE0t23QxaAgZRMJNly01VkApy0lJgjGP7fjT4gedP3vp/Cnvb9D935fTtEP3/sp7FowYcTCD379QwCA9cwz6LhwB2542+9D2rzywjsAALfib3TrS/1D9Wsr+9+w7eUZXwBADMqA3NM3jtqFbKF+E8z3/w4A4JBnkNm3+Oeuhe3h9kvmF/lxfMe3+bddK/j+fkMlI0y6MXDpJMpKi3DR7sBA3ykAkbOd3PcPn8GZE0cBAP91//+HqlWHdDVPKPHAAxWyr3kCXnoJ+PJO2dvtzgq89JI+81P7cpkq/WOdO+MXmdoly9B1eH/AY628+M/d/r9v+XLiFvKUDENajBfxzE3LsyKa8WOdQzron74xSC3dg4vvhUqL5Vqpr/b9GlZ6F5UvnpfXV/v3OxQWz8cuD2NNdTn1SyP9zgxNbG2rKgR81RVUmZuba6R+sevH6y81qJXRkBZXI+3XwrZtb4FxyWRASY1t29YAj72ZkvPJZv2pH6/fTOU/PnMnBp2+nxhIGUkiPc6E50CPy1W9rqKiChEMMHOiWJXKa18v/ROhXyLGlWdqAQKztWzbtibMvqswcEG5xPHw8DDe9a53+R9rLWcrz1ySEA0dnuq1NQURr8FZr/ZrUC/95NlgEhETvfSLte+5/h6UWZcqbr9+SejzKJYfXoY7xpWyx4FZzWU7VDKca20f7vi3oB0kcdAAQ5KKtOBf6PS9GAebH6TFei0mgnBt4i15o2RYkM49EtGYNyKVqpH2yUsBxaKLdCz5cU4NONFWZ0HhgglCfj6MP+NPSCbQvf9BDPUejHucu776PIDrsaztEDrO3QHAZ1g5vKIYrnNujM4eBgBU5APmFcX4p0d9j5/6+q1x9aX+ytqfGv8LXHqzGEDgjXHJ+PLZrSI2b20EsFR13B/+4Ldo3+Izn0gmmHiRm1869h+KOOaB1/vwg9eVM8KkC+Vl5bAPnMElWx/KysowPjUZsQzNmRNH0XWiW/2GgA7mieASOi8puCOUtgWfu9L8Mkn/eObO+Gnjs1/+e//fux5+VFOfF/+5O8gA+Hvc8uVW3c8t+JdN0g2Ue+6R/dopzC+cop2bIGj7GCgIBs3jxzuHVOqfihhkxHv/YB9a29dg+ypfecCHft6H1trG+F4LFxbIW9Y3A+ub0dNpC2nTsr45oMD8xts2A8eoX7rpJ2rwjYpxeEupH68/vdGSLSL8YpPvV+DB++WlHPbvfz1UN8eCANL/1iv9Y8qPkYzziTXjS6bqT/14/WY6w6OTAf9XV0RntIg3Bv0KJaR1Yl6nNrrMc97rTYj+mUpwqSKt+wK0Gx7G1/4aWH3jb3Dy5XcDAD719ZNYvXp1ukxT12tQb/2SMWa6Y/n93+k+pu1kF1Zc07rwff/lhLQnqYMGGJI0pKwfEpL5ITgbh1opm+CFfaWFf7WMGvLjKJW80avcjVaUTArS+SkZIeTmi2iMIMEEl8SRmyCkGCXKBMH453b8CdGbtX/x7/jwvZ8KeBwPy9oOYbb0/djzDx/DO555CBtbm+EY/AmsG+/F25/9OLZ/7jz2PrAcZQVrcF/bIVw4tUmXvtRfXb/jCCwXdHfTGQDAuKMIB14PP6ZkfpGQm1f0oH3Lpohjjjsu4u6mKQDArp70jOPY+Bial9bDYrHgYv8QACN+//vnwvZ59Dd7/X//1b3/DzfdJM/uAQACQtZvosxSEnAOEc4n2vlllP5xzJ3xi8zgpQv447N7Ah7v2rVLU1+9DJjBSMdv23Cz6s0Upe3B5z14qT9kbpEw5mm7NZCXn69Ju3jnkEr9UxWDTGLGYNJ1vJb1zQCgvngu2y49XkP9qB/1o346EFxCRYkby/t975VL1gNQX1CSFpyk9kBzSBvD6T/ih38buAD4N987FjLGiyeGVUtC6Hk+WjXIFv2pH6/fdKCsdinGBy8G/K+F4z1DuOezdQH6//QHA1GbMPSMQaxzCUYURc1ttB5T72tNL/0ToZ/ex3UO96JumdWvyfyl/gWN4Nco3D4pa4k8c8vIyAgOnxQB+LQ7fHJ44f5DZJTG0107UXubZOknHw9A3GMmVL84GHdcDLv/Mx2L9yp+1D6n+zFePNgd1VjRttcyR5IYaIAhSUFuflDK+hGpfySDglTuRm6wkCOV1lEaS2vGkVhRy8ihZmQILlUDLGZMsTS3hZgUoj3P4KwjUjzk2UD0NkEw/rkdf0ISxdq/+HfYXR5dxiou/QIA4OZvXYfa9U3o6fZisHMIteu9eHDlf+Jr3/o62q6vwalXh1C7/qtwDfwMwK1x96X+6vqZ667HU1+/FV/6Px9FS2NZRmt1d9MZ9PSNY9fekx9Il3O6/xd/xL0feiu6uqUaUkbc/wtfyd57P/RW1X5/de//C3j8UhTOiO5ubV8Sv/X/ntFljmrzS3f99Zg34xcfza1rcXDfiyHbgHO45cut+PC9i6Xurvq4BcPDwzqNPwsAeHnq51GNV4em+Cct6tsunjmkWv+UxSAFOCZnAh5bSwrCtm+tbUR3xwl0dyw+jpdwi+fB21tUMkzEOh/qp69+ooYXCHkb6he9frz+UsO2bW/Bvn1/wvwlX/kA+YKS73HggpPUR/W+zMlhBC4A+hZftf5iW+/zSXf0ni/14/WbDkiLzWqLzoNjY6gtL8fg2FgE/SMjjSXX8923BWbPOb2jFc7bOvCBq+/DOwB8/c0fQ243/4jnPcCet8Q0l1Top9c89dQ/eKxU6heNhrHsU2L16tV46NcnAUjf8YW4s7+kSrtk6hdc/knPmKRSPznn+tV/NfiZjryQDLCxmGDUjrHz6pGEz++nh8PPkSQOGmBIQlEreSPP+hGv+UAts0jwcdT6a804Ymlu03Q+sc5H3iY4k0m8mTrUzkktG4heJXEY/9yOPyGZgmvgLPp6l/seWP8Sfb02xb+PHgdgxeK2OPuS8Pq5jr6AbDAKpTPpZAjJxfllu/6ZoE/X4f0BjwdWLdxc6l+BL33zWwH75CVsbvlya9Smi2CUxvcfP0pC+h3IC5lb0rSLkYD+GaZ/qmIQL8GLzYvb8tHbf0a1X2ttI0bH40t/Lx+/8Ds+b6haRog1f/jy4oM/hLaTxgo3H+pH/agf9VMjuITK/fff7/97xDGCL3/ly/jnb/wzvvuNLwW0O72jFTu+8TF84Or7UAzfIqqcEc97sH/bUMjxvKveiv/+/R/x334vZzXGFkrIqBkCpHMBoPv5KGmQTJKtP/Xj9ZsJnO/rw/LGxhDDxLqWGhz4wxAO/GGxdKzW7CPysT618y6srZzEhpYKAMBXa5pQWGfF7h3t+MBloHlpBb6KT2ON+yd42pyP/H07cMOfrcNTNz+AzU98OCM07Hc4dJ+nHvqf7+vLCP0s1U2Ydjuw8z13hT5Xd/sMRFB4rn7E8x7c+oz6NZJG5Y4yRj95NphExCTV3PNXH1Tc/uKzHQAGAcSfAXZFQwtuub097eZIEg8NMCRhhCt5I2XjWF5vFWPNyKFmrpCOAcS+gK9kWJCXoZEfIzhbhx6ZQ+RZOqRjKGXqUJpjtBlHpLnoXRKH8c/t+BOSCKTyAvKsI26H9KughrB9ldrVy8a8fPSFmM8nnr6Zpr3e+kfSTzpuT9+4bOu4/0sQiZ5Tp06hoaEh8g0j+xhWLa3xP77s9MXg5//yf/W7KaVyjAMHDiRcg3TXP1HaMn6LvGT8NT67892K+2zdXQHla6RttTcV+h9XV1fHfGwt48fDVR8K/EXUD375G11jEE47Pch0/ZMRg0TT1HBFwsff8X5g969ejmucHe+/MeHnSv2oH/XLXv2CS6fIF9Jdky7/3+++7YaYFlHx+HH8ccO5kONKhgFzTa1vw5Dvu024X24n6nzCaZCt+lM/Xr9yBCE9b3uqGSUkw0Wtxff/oHMyprE2tFQgf98O/P27F0tYHT53DieKfX+vcf8EBe/swTufbsFzGs4rXbXTe5566Z/uOId78cn/85mYnqvP3/Ewtvz3TbqfD/VDWsUkXi4MefD40wexrLo2dN/wIMZHPbi+1lfySJ4BNpbsL5GOBSBkXzK3XxjygCQGGmCI7mjJ+hH2Q0GEjBxSJg41cwWAiAYLLcdUw9LcBguAtrpp6aNUwDG1oOUcgg0KAFRNCsHHjzbjiHycUwuGjlizgTD+uR1/QvRErT7mub0P6zJ+vdn3/z03V8Y8Rjx9w80xHXVPhP5a9Ntw06048tLzaKgK/AVo/8gsPnnfd+M6h/+47wsB4yZiTGncdCp/pIWBSydRVloEALhod2Cg7xQAo27zeG/78kfVjkEYv2QgjoqqpoStuD0l55Qok4Q4KiZNOz3INv0TEYNE8/OuK5Iw/hUoetsdcY2zxwHAkX76/eWjXw54nJeo8WviG6fj5Z8vnF8p9csi/fj8jR/z2o8EbjjxfxUXUeWoLaL6xzr91fDfee7+it9Q4FowFPgNBsHnpMf5AMCJr+aO/okYL0X6CQajLvppMQEk8/qN6nx01F8wGJJ/z2XwYkDJkfFB3z2Y9v2HEnK8NX98OWSbtDD+L48DX/vkRXTsO4iCd/ZgzdM/gRv/CPcV/wg8/U1sXLEC/3JUeaxTYeaSLvrpMc9E6J9K/cJp+JePOwE4AQBLgJhfK+/86YmQto2NsZVeVBrr7hRqlyr99Bwz1fpFSyymF0IS8T2S5Djhsn7Es4AuL9cSrtyNUjaMYLNBrBlHAJ/5oc0yDch+HNhWNw1MA6dUSuTEkpFDrc3G9nZRKRuIdG5A7EYFedaRWLOBMP65HX9C9GZqairwvs0Bn/Gi55X/1WUB97od1kelMVNDXcgc01F3ufap078OhUVFQdtmdZlv4LiJGFO/cfViz549EduUl5XDPuBLS3/J1oeysjKMT03qeh5qx9ByfplMMubH+CWGB/79SV3Gac9/B9/kqX/KOd/2BcXtZYd/oLh9/7mzoRuH7bFvS/F84mVw64zi9ryX8jNSv2jnQ/1Sqx+fv/rwx/OlQY/fVG0bvIgKAIV1VuCyb7/aImrAfM496/tf2rCQFCPS40SdT7QahMNgMEbdNtn6p6N+0egmse+1Vz2b1l4Rl35aTQDJun5jOR+9rl/R6/Um+zNY47lZ4Nz5xe9VEdqPzYj43aHgxWlHlI+D7lBs241XHvf9Pz3QhPZt16DjaeBE8V/7i1edKP5rFNa9gb9/9zH8y+PAz01P4gb8WVxzSbZ+eswzEfqnUj8A+NgbFgATsi0W3J3A18qnHvtFUubQkKX6JWLMVOonsay6Fsve8v7QHX/6FY6N9qDXMZOUYwEI3ZfE7cdOf5s3JxIEDTBEN+Tmh2BjgtN2yr/AH+3CvxbjA6C88B9LJgzpnILPy29+UKHNMo1TzsKYM4xoaXO4o0MIVxZHrpdcj1gyjqiV3VEzQTD+uR1/QpLB/+x2fCCdx4uWu7fXPZqr2kc7ZiZple789Kc/jaj7e9uXPzo2Pobmpb5CVRaLBRf7h6B3dg+1Y2g5x0zl908++taLIxM1iTwG46cd1awcauuVr0Gfud2ER6M6nyRgzNO2SJuXb0r8ueag/unGKw98JGTbs119uuh/+9rGR5XGTwc+vfn+iG1+hB9Gfp68FJwRxK2rfqHjp7+Gb/9Km+Yxguf3bNdpXd9XbrdsejTT9Av4LIFronr+6nXt+XngI1n9uXy4rxvP/9vOgG1NjXUhi6iFddaQvkqLqL3/9hMAwJsnuuOKw4Ct+1E9z0dPvF4v+nttmtv399pgNRclVf9Ejpcs3VY01tfbnePbBEFAS2NDXPppNQEk6/qN9nx0fc4PDpaXlxZLbofHU/bZ6+BZvIKzivue6zgcl/4fNeUHvG4LhQU40jOKDdt2AwC+PtSLrwLYuGIFgOfxyMVbAQAfrH8ehfA9N2a37QYOAB/93SOBY9+5JT0+uyrop9c89dY/HfWTNGzAA4sbCgtifq1s2LdoXHgqztePu6ofCNHvFQDYlmbfnxKkXwA6jZku+l0YHvQbQUK2A/jOqRJdjrOlJfKxgvelajvRFxpgSNxEU/ImmowcwaVu5KYH+fjhyt3EilLmDb/5Qak0fCGA6QUTRHNbwsrFhCuLI9EGW0BcJH1iNZ4EZwMJNlgw/rkdf0ISSU/fOOfIc/JTFJJVZRzL6it1HjcRY/rGzSSe6Dj/AQCPdnWPyLYape0Zc4xchfHTSDgzxU149OC+FxN6eMXx9TJ4xIIAiK9GNoC0rt2Y+PPMRf1TQLjMCs/uO5QwLXyL8X26jnn7tk2PJjpTRDDhTCiZqF+iTTV/+Ibve+mqBwtTql8ixk+Gfuny/E2Ufsl+/koEGwUkghf7mxrrHlVaRAV8C6fhFlHjNQ4onZNe53P1mtZH1TSIClGE2z2hubnbPQGruShl+qeNflHq5p33Fo1NuPP1un61mACSef1Gez56Xb/THo8w7fHkJ/O1J9hEIvHU3jcS8vodPO62a6569Dzmcd5+2b9tIxb//i72L2wDDu/Ygo279+M3AIbtRuw7eNQ/1l3br31UbS7poJ9e89Rb/1TrBwAN+x6IeK7vuvX6mF8r9byWlca6a/u1j6rNIZv102vMVOsnMT46iWOjPar7jx07pst1tKXlLY9GPJbKvlRtJzrd5hLF+H7lJC2GktxGnp0j4EOkpTkh4+oxdjQEZP4oVDuhxT9POQtTrn0i9Q8el/HP7fiT3CTRJihBEHZS5eioWnmtbbh7f0c8Y5TWLH/35LCtMN3mdvf21Y+2b9kUsK1j/yF8+z//GwBw5NRQVONtaPMl4PjS//ko5OMmYkxp3F17T8b1xU0UxV/yuZWCz7imPHHaM7dLr/GWVpXekugMMETbc4jPhUAaW1Zd6us5/UqkdivXbFh19sSRq6lY8q5VfsZKDquqCjpOj8zYIrW7oqqg+czITDsVU9Sm4/TwtC3MtUf94tDPf3+iurD5NDWM+/WzpKhgh3vaU6al7bZrrnp0WeW8tu/JC4uoAHBB50XUdD0fgyCgtqriif6hEY+W9g01VabBkdH3ejWuSeg933TRL1rdljfUNtsuD7Vn+vWSbueTzM9g6fI5TIrB8sqCqPq9fGYuYTFYa7V2HB8dDfseuK6iornL4WjP5Hmmw7Wr9RpM5+dqQq7B6oKO40PhP4etqyls7hrW9hksEfpl0+snv5NmzvtWJqNLBhjL9ACVzFGchXUJuz4ijS0tzk9bmhN2DToL60LL3kwj1AQR1EQqh5PI8wpnfEiG/ol+fWD80z/+fO3naz/JPjI5tdPzz2+G1bqY+vPaa//g3w4AVqsVDocDt956IKVjEkIIIYQQQlKLtbIa7kuXouqjZRF1+etHgIV2F+xzCZ1DupyPwWhE4/IVmts3Ll+BYccYvHNzKZ1vqvWLVjdR9GbF9ZKu55NL7Dt49AO45qpHo9U000wNuTLPRMPnavrpx5gQog19DDCWQiqZo1jghG3aEjYjRCzXh9PpcxREk2lC7+vQNm0JNT9IyE0QKk18Jog6NBc6dT2vZGnjnA5/DGlejH8Ox7+Qr/25inOaGmQr2ZLWz+FwBDyWm1jSaUxCCCGEEEJI8jEYDJrbptsiajou6hqNeQlpm4j5ppN+0WqRDdcLTQnpQa7oyeuGz9Vs0o8xISQ68igBiRe9F/gl0j67RAoXgJOhjda4Mv65HX9C9GLF9r/Eub3/QyFSwM7vvIpffvF6AICY4Q6Y/CsMmD3jDTCn1GypXGywPz3GJISQtEPrG4DICsiEEEIyF0Hw5bxcunRpVP3SbfEo/RazRL+2kWhvb0/5fNNHv0XdxAR+xuL1Swjhc1X7ZwQ11lYXpFw/vn4Soh0aYEhakuqsQrZpC+rghNMZ+7k4ndOowzRs0xZdzQS5kHGJ8c/t+JPchSaY1CE3wWQiP/j1DwEA1jPPoOPCHbjhbb8PafPKC+8AANyKv0nZmIQQkq7km7TdzDMV8LMoIYQQQgghhBBCCElfdDHAOFkLgWQbhYHXd7Smg+DnBJ8jjD8h2foc0RuaYFLHzu+8CsGQeed911efB3A9lrUdQse5OwD4jCmHVxTDdc6N0dnDAICKfMC8ohj/9Kjv8VNfvzWpYxJCSDpj0JiC35jH39AQQgjJfIRM/OJDCCGEEEII0YQud6+mF2qBTBc2R9WvcNoWUz/2Z/9k9HdO+65rS2FhVCYIyewg9Uch4Cyso/6MP/Vn/4zvL/VLNCu2/yU/ocVIvJlchAytbLGs7RBmS9+PPf/wMbzjmYewsbUZjsGfwLrxXrz92Y9j++fOY+8Dy1FWsAb3tR3ChVObUjImIWD1GJK216bIa5gQQkjOYDAIFEFHBIMxIW2pGyGEEEIIiQXdf751uKND0zeIje3tYiz92J/9k9F/Y3u7aCkshHN6Gs7pab8JAlAvQSPP8iE3TwyojE/9GX/qz/6Z1D+4H0lf4jHBZGqQi0u/AAC4+VvXoXZ9E3q6vRjsHELtei8eXPmf+Nq3vo6262tw6tUh1K7/KlwDPwNwa9LHJJmH3ksjAhdbCCGEEEJSxsqltQZDngkTMzMUQ0dGBy8ZVjbWGSCK4tmLg6KK9gIEQRgdvMT0Owq6gTZjQgghhBDdYP5iQhQ43NEhbGxvF+sKnQBCs4EAi0YINeMDAAzAEvXiNGH8CSEkVvp6bQCA6z5jw2s/+ouo+mQqroGz6Otd7ntg/cvF+QT9ffQ4AKu2+SZiTJKZGI36vo2XFvFXniQ9ETWuuXBlhhBCSCZzYcD+54JBwPy8l2LoxNzcHM73Xny3KIpYUlO5D0CvUrt5EY2XBke2CYKAubk56qZRN0IIIYQQEj00wBCigt8EASeCs4EAgcYHgOYHxp/xJ4SknstHX/D/vWL7Czi393+i6pNp7Nq1K+Y5SH2TMSYhEjQPEEIIIYSkjlkaLxLCjGfW91nXK6q6vUWvaPTMUv9odSOEEEIIIdGjuwEm1hIJ8ZZWYH/2T1T/AVgQbIIAFo0O0mP5tgFYojov6s/4U3/2z9T+ehFs1BCE/+WnNB10jLaPubYlbec27riouP2emyt1HzcRYxICAAaB3lhCCCGEEJK1iDHuo26EEEIIIUQ3dDXAFE7bktqP/dk/Wf0HCpv9JggAAUYIYNH4APjMD9GcE/Vn/Kk/+2dqf5KNpO99t6mpqZBtJw48HOeodSHjJmJMkrl4vfo+J6Zm5ikqIYQQQgjJzm+TojemfdSN2hBCCCGE6AlLIBGigcJpm98EAcCfDUT6WyJa8wNh/AkhJJ0QM+x3Z/+z2/GBePrfvb3u0WSMSTIXg8Gg63gFpnyKStISz8y0pnbTU26KRXL+rYESEEIIIYQQQggh6QsNMIREgdz0IDc++LOBFFIjxp8QQkgi6Okbz5hxE3WuJPnoXbHIaGQJJJKmiLo3JCQryTMI7qqSvBkhzDNkdl7MH5ueD2uUKS80evONwmy4dwXn1HzBrJfPOUIIIYQQQgghJKrv7noMMl3YTCVJTiEvf8PnA+PP+BNCsoV0XZrftffkBzJl3ESdKyGEJJL5uVlN7eZmZykWyWlODE0PAHgyXJu26sIqS6GxNVybonxD96nh6ZFwbcoKjO+bnZnnD9cIIYQQQgghhJAoiPuL9N23baCKJCfY9dwRPicYf8afEJLV8EfGhAQi6lwXbH5+jqKSTH9SUANCIrBgbBmhEoT4sBQa51XfVgB45kTD1Jw3rBe/KM8gmvIEb7jsS4QQQjITQUOJSYFlKEliMejUhhCSJsRtgDllG6CKJGcYGHACCM0AIpXDsTTX8TnB+FMoQkhq0GNRUpznlzlCCMnFtxCNS4ciDTCEEJLTlJiMoqXIMCxACMgeqfQ+IkBAngGT5x2e18ON2VZduHTS412l9l4kQECJyXD61PD0RUaAEJLJrKuoONA3MbEJAMY8npy+/1JuMnkBoLGk5JDJaIz4+m4yGi+uq6gwUL9Q/aK6BmsKD1wcn90kAohUsjPrNSw0+jQsyztkMgoRr8GCPOHiuppCA/UL1Y+v7iQdidsA09ZcRxVJTnDk1ACfE4w/409Isj6gFBQDEHw1eUTAOz8H79wMhQnSSBCEBd+LCMFgjDu1RHl96/6S6uZiaYFTACAIvr98x/Jibt6LZY1L0XPi0LqpsaGC2ekJLogmiPrG5XZPSZPNIAgUgxCSUDzTU5razUxPUiySrRgpASGhmIwC8gyCWFmc5yjIE07lG4WJk0PTdj2PsWBsobmFEJL1HB8dPQvgLAA0l5befHlqqnZmfj633lcMRjSUFA/aXK49ADDm8Wjq9+bIiGdBO+oXg37+a3BoelFDS/7N/a65Ws98bt3TyzcKWGLOG7Q5Z30aTmu7ht68PB14DVK/qPQjJNnEbYDZunUrXn/dZ+RvbmtGnSX84u+AcwC2UzZ/XwDsz/4Z0V9rCRxpXOrH+FM/9s/2/omkZvUNj/mcHSIAAd65mepJe9/W4pIyDJ47XJyrH9wEwYCS6mVuQTB4zXUrnheBOQGC5FIRhSiNEsHGlcvH92i68TzaDQA4s/6WnQaXY3iDc+hiY54wbxrq684D0Y2GUo/j0Mm9Z6hEFj2HKUFGvM5mbyEFn5FRBUO8l3F2a5fUWCSUenP+ePA2x/S8eXrWm3YvUUZBQE1p3rjq5xgAnjmxeHRqLuznj4qivDlTnuAON0GjQRjjdUnIInWl+W5BwFx5obHz1PD0RfeYh6IQQoiO2CYm9qyxWBovzc9vGXO58nNhzrVFRTOVhQUHTjicfdQvtfoBgM05u2d1lalxdNq7eXBiriAnNCzNm6ksMh44MTzTR/1Sqx8hiUaXRQq5CSaaPuzP/pnaX4/nDPVn/Kk/+2d6/0TSf+S54FWhQQBPuQBYmjdeXV5ZLwydfWPltGvUIHpTs4CUTCorKzyz5uU2o9E46Tj3xikAcA2ei3tcuWEmliwunS/+0gvgTQBvbnzrB4q8BZY19XW1hcf3/b5JEABvDsRGVVuDAYLBiPor335m8NhzV8zNRf+LiLl5mPh1JbXM6/xLnokp/jImXSgsKl54gZJeB0XkFxTP5Fmb9gtitr52CYA4V+geOnctggpXGPPyNKWAEQxGj0+7wP5FlY1nkF88IDAjmCZEwYA5R++W2Rl3gfwaTAaXXbO7g7dVleS9a3rWW5TSq1MAGswmR0EeLgoLWQCNAtxnRmZ6wvVbW1tYai02NqvKJwCFeYKta3B6IoIuvDBJzpNvEGAwCFhSln+iZ3Smk88NQghJLCeczr6qqqpNyHIDR1l+vremqKj37Ph4x+DUFPVLE/0A4OSIpw9AX4slv310xtvknMrOsj5lxQXztfkzfd1jcx2DE3PUL030IySRxG2AaW5rBrD4K/IB50BU/STYn/3Tuf+3H/it5ufE5+57EF/63LuoH+NP/dg/J/qnAqft8JtO22FUr97etXrpkvyB3nOb3WNDFfMzE3kux3BWJlioLDG6z9gOJbSmqhBnmZ3Df3x0CsChkbNAddv1R69cuxoHX3vhlqKC/LzhSz353vns/4KUX1CE8qols3PIm15xZfvePtsZ8dLh3RPLl1Yt9czOR3VDRhRFFBSYXPy6klr0Xo4WvTQHpAtT7snHcnj65+Po27Pwj8TPb9PlRERRTOnnp4qivLmKYmPnWftM1FnPFowtx3k5ERIbhXkGlJoMMwV5hqnyQsNLAMQTQ9OsPUsIIcn7JJbViUKbSkvHy0ymg8dHRwepXzrqt/Alzznbsbba1FNmMlzTOzZblm06Wisqh7ov9ndQv/TUj5BEIIhx/kLrox99N+/ikqznyCnfwrDTdsr3//R0wH5LYaHv/+Y2AMCGtjqKxvgTktX893//JqFfMGMxY6y94T21Q5curLKUlZR0H37Fkk16r2isGj/XN7I7U89/ydrrrizIN1gnHYPVgxdOZ11WkyWtG6aE/OJRQ37hQG/nnoiLd2IKMyQIgrCTr2DaKTTlidOeuV16jbe0qvSWiyMTNVQ2+Yii+EuqQIjyZ6zKYuO77e75wlScT5PFdNlcYNjXNTjNNBNBlBUY3zc+M58x5SWvqCroOD08bQt37V1RVdB8ZmSmndGNXj+Jtpqi5aeHp+NOy1lvzp805QnDhUbD4OmR6awwNmr5jM3PwollWV1Vx4WBEZvKvuYLAyN8/qvoZrs8HPb531xfTf2y4PuC0uewqqrKd4+M2AuzTc+KgoL5mqKirlNOZ5cer+Fq9wmpX3T3mLTcb11dVbB2ZGp+tQgII5NzWVHqvLGxaaivr/fFZBwrF/WL9j4nP49lzvtWJhP3k+9zn/gIVSRZzUc+923YTh1Bc9sGTe1tp44A2ICfP/Alisf4E0KSSNcrTw4CGBwGUL3qLfUtLSvzOvc922405gmTjssGKpQ6LnW9dgwA1t7w3oKSquYKc7Fp6ck3X2sxGAyqX5pEBBaFEAQBEEXFL+siRH+qDl9bQBTD9wEAryhCkI0vLjz2fRsDBAjq5yeKWLnxxhMOp3OksqZ26OieXaxtQwghhGjEWpQ3V1NqfOX08Mwg1SBEOyaD0LempnDMK2rLVKe2zHVqeHqUahJCSOrxerMvg8lys3m43GR67YjdPk390ls/JU6OzHQB6AKA5Zb8G0QAF8fnlsxldEZbkfqlkX5F+QZMzWZr6enkUJTPpY5IxG2AeeDBn1NFQvjcIIw/yTH+e8tdaX1+w6f/dHn49J8AoA8AKpZvvC4vL69kcqTXMukY5CfEFNH1yhMzAC4v/DuQ6fM58dpvgIXJZDr5BUb/3/PzIrxzXs19vF4R87Pa24siMOeZj+qcZmf0b59nMkLujVLqMz/v1fVmmijCEOu5BGPIM8BoXOw065mPfE9CAPJNscc61vjpGZOIOszQi0ZIOlNgNKDWnHex1+l51THF+vHh8IqZtaAjQDDo0SZX0arN0QH3HIAQ80q85UwJIYSkhpKS4mmn01ng9Wb+YrC1oGC+vqio44TT2Uf9MkO/SJx3zr4CAGurC6q9opg3MYtrxmfmi6dmvQbPPIuDUL/YaG8sfcwxPbdlbHq+ZmJmvmBocs7IqyUyNSV586UFxpnyQuOQtTBvPxUJT9wGmLbmxVIfdQt/D9gG/I+b65pD+tgGbAHtMr2/1E+tbXA7teNmav9sjv8DDz63kNEjOqQsIJ/7xG2MP+PP+PP1P+vjnwmMnj/8GgDUX/nWqvoVGyrmPO6mS2ferBZELzwzUwk9ttFUBACwLNtwQhw5ecWowxn15y+vV+QXAaILpYX5XvkCiegVUbncfKlwadE5YeHL95zHWzVw2rlG8KXBCUT0Zdwpry0eL60pPCIA8M6LJf1djk2CoN6+tKLQXb6k+KAAQBSRd/mEo130KiTZWWhfaDZ5KptLX5d2D54Z2zY7M28MOaeF9vkFxvnaK8r3LWyC3TaxddrlManNQTBArF9j7RAEzAGAmCfAddK1YXxkuky+fpRnNMw7JvT70VWe0TBVWmQKdNUIEBs2V3YIRmFOSmY0MTS9YWzQXRYuBnWrLCfyTIYRac4zrtkVIzbXknB9qprNlwrM+eek3dHGGjHGL6aYxKKDUcD0xakV9vOuJYJBdp2LvDFHSJrcsJuyFBk7zoww64sWCvMMs14RBt/7kvwVNRKLbYvzDbPlhcaDatYIL4B5r7h8eHKuDv68eMFjiaguyRswGoTzSg4NEYDRIMBkECJ+WTAZhUurqgv/NO8VFTOT6HE+0jmNTc9f45715kenXXrrRwghJPvo67v4+7a2tg1ut7s23FvTpYuXKubn09PsbzIaUV9UNHhhYmKPY2aG+mWQflrpGp4ZXvjzaQC4otLUNjYjrh2cmDXxWUz9omVPz7gXQAcAbF9utjR6vCtm58Wy44PuOhG+H14RX4ZzAcC62uKBfKMwXmoynNt73uWkMtqI2wBT11znXxDTujAWvNCW6f2VFg6ViGbhMZP651r8Y4XxZ/wZf77+Z1v8M5HLx/44AmAEwJnmTbcbqiorqk93dmytqKjAhZMHi/X7gGpASXWzWxAEb3Hl0ufnRePcyMk93o1tS8sspfkVUQ0mAhZz0fD5S3Z+ciVx45ryPKblqQLgWJRDn42yfbS/aHo8yva/ieUlIgkheC2B5xJrn2Mx9IvlF2m/SeKcCCFphKXQ6C0vMp674PAcHJpk1hetjLjnfhPvGJMeL4Yja34h8jgejZ+Bw2chOTY4NaPheHqdz4Vs048QQkh2cupU5F9grquqarRPTW2+PDlZkE7nXldcPGPNzz9wcmysj/plpn6xcMbuOXVlTcGF0nzT5r7x2SXJymZiMgpoLs87Z/cWLrE7XYVa+4miaKB+6anfgqHjEABsX15mFiHmnR+duXleFIX+8dn8XHxPMBqNaCiBp8Vq2gND3tze8y4X3ymjJ24DjHzxLHiBTHqstsCmthCZqf2Dkf96PuBNTePCY6b1z7b4x5r9w6/fqSN44EHg7ts2MP6MP+PP1/+sjn+mYjv0rNcGDAJ4yjXYA2vzxqsbG5uEs0f/tHLKZTeIUaZPFQQDiioaPIXmapuQlzdpP3vgFAC4Bs/52xw+dfFVfvwkhBBCSC5gEIAGs8lRUmB44/Tw9CgVIYQQQgiJjeMjI30A+lrLyton5uZqZkWxYGRqKiXZgqsKi+bzDcJMaX7+UPfYWMcA9ct6/ZQ4NjQzBeCVtdUFtaPT3rdcds0WJvJ49eb86QqT909d9tnBVatbry0odtZrMQ+LoojS0tIR6pf++u09Py4ZPZ4AgE1LSjZ55sSSEfds3WXXbM5kRy8sKhb7xl1P9I1PgcROnh6DhFtIlP8dy0JkJvQPJlKJDS0Lj5nUP5vj72/TtkH786Ftg6JxgvFn/Bl/vv5nW/yzDYft8JsO22HUrb2xa13j0vzLvWc3TzoGKzxTE3kTzmHFbwTFlpp5GPK8RZb680ZT8RnBYHQPnnh5HoQQQgghOUxFUd5cZbGxs9s+c4ZqEEIIIYToQ/f4eAcAXFVRYSnPy1shGAxlPePjC2VDEpNFQhB81W9bzOYBiOJ4SX7+uc7RUSf1yz39lOganhkE8JuV1vzNtrG5lXNefXXMMwhotuSfPTvqOSClez198sQb0YzR399P/TJQv0OXJg8BwA3LzSXLrQVl7lnvir4xz5LZeVEYn5nP2tSJnpkZpoXU49rXc7Dmumb/4pmc4IW0cAuRmdxfbeFQS99s6J9N8d/13JG4sn/4NT11BLuwmAWE8Wf8GX++/mdj/0QgprbY5/TCvz38qEgIIYQQEh3LLKbLpQWGfV2D07NUgxBCCCFEf476DBSHAGCdxWIGkDfi8dw85/UKI9PTupQNqSosnDUaDGJNQcEeAHPHHA4X9aN+apx1zB64sqbgpH3K+1bPvDfPMe3Nn4/RzGE0CLAWGmbzjYa5qiLDH48NzUxk+3Oa+qnzynnXJIBJLJS8vqHZXD40ObcVEA2nhqctmTSX5tbVTkEwKKedFwEIQF5e/mz3iSN8o4uTvEQf4O6P3I1dP98FQPtCYqb1V1s4lPcNR6b3z+b4A76MHnfftgG7ntP2gnP3bRuwC9BsoGD8GX/Gn6//2Rh/QgghhBCSW1iL8uZqSo2vnPb9ipEQQgghhCSB405nQNmQVrN508zcXMmM0Vg3ODERVdmQ2pKS+QJRHCjIy5vsHh8/BACDbjf1o36aWDBa/BYAVlWarpye81o9XqH6smvWpKV/vTnfYzKIw4V5Bsdpu+cYMI/LLlA/6hfAKzbXGIDnAWDL0pKVIkTDxfG59c7puTy3x5tW51qSb0B5oWFuWVleJwwGb0f3ybN810oOQry/sN77/MP+AWwDNv8i2t0fuRu2UzYAQHNbMwCELKbVNdcFLEJmYn9AeeEQQEB/qW+4Y2ZifznZEv/g7B/NbRvw213fxrvu/hKctlMAAOf0dMBYlkJfeT5Lc5u/bfAYd9+2gfFn/Bl/vv5nTfy33/phpuIjhBBCCMm0m0AKdd4ri43vtrvnY645bzIaUGfOu9jr9LxKhQkhqULLPW5BEHZSqcSxrK6q48LAiE1lX/OFgZF2qqSsm+3ysC1cm+b66pYLAyNbqFZCX0N+mYrPYYnkSoulxDM3V+Y1GFaMeDxLQl4nF85HAFBVWHjJOD9/zpSXN37U4ZhMt9fwZGuXSfpFs8abCh031BYUTM+JFaIgLB2cnGtB8OkKQG1JXo8gihcL84TRI4MzM3xFyiz9ovUZJOo6vHG52TA2Pb/FOT1f454TCwZdHmMqYlZbmj9fbDLMWAqNQ+UFxv0vn3d500H3nLv3oacB5vXXXwcQuHgY8EFNYSFx69atyOT+coIXDoP7Sv2Ujpmp/eVkS/zlBojmtg144L5PAAA+d9+DmgwQ8vbycaQyOIw/48/48/U/G+JPAwwhhBBCSAbeBFK42VhRbHz3aIwGmJqSvClrsbGDWV8IIamGBpjUQwNM7LpFMsC0LK1bOjjq3JZnzKNgCXjtmJ+fx+TU9GNUgxBCUvOdVG9uaDZbJmbmV8yJKDs+6K4TASTKLyIIPiPcutrigTyDMF5aYDj3ynmXMx0+++b0dRavQP/6tU8GDKC2eKiEfPEtk/urLQgHI19ElJPp/bMp/krZP/QwQEhjSSYIxp/xZ/z5+p/p/f/un/6DBhhCCCGEkEy7CaRws9FaZHyvY2reFM045YV53ooiw7nzDs9BqkoISQdogEk9NMDErlskA0y493GSvNcQQgghiflOmkhuaC41i0CezTF787woCv3jnnw9xm0oy581CoLYbC3YIwiYe+W8K6kFp/i+FR6D3gPu+vkuNLc1+38tHw7pF+eZ3F9pjGCk8ZQWHzO9f7bFP3Dei+aHWHjgvk+guW1DXOfA+DP+jD9f/zMl/oQQQgghJP0RRTHk36h77glRFH8ZzT/n1OxjPaMzB5XG4z/+4z/+S8U/QgghhBBCgnnFNuF61Tbh6BubeaJ/3PP4pvrCM5YSU8xliawlJu+m+qIz/eOzj/eNeZ541eZyJNv8QiKjSwYY6Rfkwb+oj7akQqb2j7ZkRvDxMr1/tsRfKWPHb3d9298/2gwgzW3NeNfdX1LNKML4M/6MP1//M7k/M8AQQgghhBBCCMkkmAEmsTADTOy6MQNM6qGRjhBCkvZ5LOXnsKqp4vbuiw6L1xvda7/BIKB1qdV5unf0Wb5vpfl1Fq9Ae59/WLQN+D6fNdc1A4i8kBi8+JjJ/eVt5PsB9YVD+fGUFiEzqb/S40yM/wMPPqdarkbq/667v6TJAPHbXd8O0E+prM7nPnEb48/4M/58/c/o/ttv/TDvuhBCCCGEEEIIyRhogEksNMDErhsNMKmHC4mEEJK0z2NpcR7XtNVt6BuauGJwdMKopX1tRel8Y03pmYOnBo7wfSsDrrN4BXr44a8pDjBgGwjZJi0kKi0+Zmp/IPCX9PL9cuqa6xSPE7wImWn91ci0+IczQEjseu6IJgOEUj8lAwTjz/gz/nz9z+T+H/7wP/GuCyGEEEIIIYSQjIEGmMRCA0zsutEAk3q4kEgIIYRk0ef+RBlgAOVFRAktC6qZ1D+X5qqVTJmTkvnBaTuFT3zi7oA+sRogHnxwFyzNbaomCMaf8Wf8+fqfif1pgCGEEEIIIYQQkknQAJNYaICJXTcaYFIPDTCEEEJI9pCXrAPVNdcFLLIN2AaiWlhN5/7Bi4fBbSOR6f2zNf4PPhiYCcHS3KbpWMH9GH/Gn/Hn638ux58QQgghhBBCCCGEEEIIIYSQZBC3AUZtIVFaQJP2Ndc1h+wLbpOp/SXU2kbSKNP7Z3L81MrTDNg2hPT/3H0PanpO/PznD/hLq8jP44EH4T+W7dQRPPAgArKFMP6MP+PP1/9M7U8IIYQQQgghhBBCCCGEEEJIqtElA0zwYqH8sXwxTf63vF2m91daOAy3iKhl4TGT+mdq/IJL3yjNJ7iPVpT0C8Z26gh2Af5SOIw/48/48/U/0/oTQgghhBBCCCGELGCgBIQQQgghJNXEbYCRl0vQujAWaSEy0/prXSTXsvCYif0zPX7+7W0b4LSdwoMPngIA3Pftz+nyJJOXxGlu2xBiumD8GX/Gn6//mdqfEEIIIYQQQgjJFCotZrcAgUIkABEijHl5E1SCEEIIIYSkGkEUxbgG2Pv8w2JwuQ85WrIoZHr/cOOqjQlA03llQv9MjN/n7nsw1IjQtsFfkkZuWpCwNLfBafOZI5zT04H7CgtD2sj5xCfuBoCQkjvScR+47xOMP+PP+PP1P6P6b7/1w7xrSAghhBBCCCEkYxAEfo1NFcvqqpovDIy0UwlFbTpsl4dtvIZTS7zrZIQQQghJo8/9ehhgpL/VFhKjWXDL5P65rkOmnLea+UEqRaPW/4EHn9NkgNAyTjgTBOPP+DP+fP3PhP40wBBCCCGEEEIIySRoHkgdNMCE1YYGmDSABhhCCCEke8jTc7Dmumb/4pmc/5+9P49v67rvhP8PQJAASZAEF4ikSEkgLUuybMuS5S2x4z2x0yxNEydV3DyJ03YySmY68bTPJP5NOo3STmbSzrSjzjNt1HRzMo2ixllcO2nkxPuqxbI2S6IkioQWiiBBkOAKcL2/P8ADXlzce3Gx3wt83q+XLeLirueAIIDzwfcoB9I0pyCx+PZ6lQRSbVsK21ul/5K2UwkfpLN9Ouv72nzYvWunagiD/c/+Z//z+d+q2xMREREREREREREREREVmz3fB9jx2I74zwF/AAF/AP6AX3Wg0arbi9vifrVt9Vh9eyv1n1r1DQB47LHH8dhjj2PXE7uxZ8+++BQ42bSB2Fbsb9cTu+PHSeqDnmPYvWc/+5/9z/7n83/J9D8RERERERERERERERFRIeV8CiQxgLbjsR3w9/gBAL5NPgDAvif3JWzb5mtL+Ea5FbcHkr8xLwYO5duLbfWOacXt5czefx/b8UTKqWfE9iIAIefxbTI0BY5YR27nzh1J56w1Fc/T+77F/mf/s//5/G/67TkFEhEREREREVkJp48pHk6BpNs2nALJBDgFEhERUQm97s9lAObAgQMAEgcP5dQGEu+44w5YeXs55cChcluxndoxrbq9nJn7Ty1sENvnSgAi1fEf37XHUABC7C9V+xk5J/Y/+5/9z+d/s27PAAwRERERERFZCcMDxbOuraX7YmDkdraEatsc9A8G+/gYLi4GYIiIiErodX+2f9j/9BtfTNiB1uChGvngm5W31xoQVpIPIspZfXuz959e0EAEGkSFDr3wAwBDAQgAKUMQosKIx7cpoxAE+5/9z/7n83+xt//q17/NT12IiIiIiIjIMhgeKJ6ujtbOodHwnY4KBxtDZmFxAa1Nnjf6rgSu8DFcXAzAEBERldDr/lwHYAD9b5LLaQ3IWWn7dNbTOpaVt1djpv7TCz88ve9b2PfkPtXpbgDgySd3A1gJUMgDE3oBCLGuCDA89tjjqvvfuXMHdjy2Q3VqHnGOu3ftZP+z/9n/fP435fYMwBAREREREREREREREZGZ5CQAI75BrvxGfbpTKlh1+3SnzFAez+rbm7n/1MIF8vCD1vbyUIQ81JBOAEKsC6xUGNFqfyPnyf5n/7P/+fxvpu0ZgCEiIiIiIiIiIiIiIiIzyToA88pz35X8AT8AwNfmA5B6IFE5+Gjl7eXryO8HtAcO5cdTG4S00vZqt83Sf/v2HzMUftA7vnwf6QQgxPo7Ht5quP21QhBiH+x/9j/7n8//Ztr+noc+xwAMERERERERERERERERmUbWAZjvfvcbqjsI+ANJy8RAotrgo1W3BxK/SS+/X67N16Z6HOUgpNW211LM/tu9Zz8AaE4rI6/MIez61uOqx89VAELZfrue2J10DvJtlecMAI/vfJj9z/5n//P53zTbf+5zX2cAhoiIiIiIiEzvt7Y2696/raNWyvIQtqMD02zoPPn+sRAbgYiIiIiMvzjPVwAGUB9EFIwMqFpp+3K6VqOKcU679+xXDREAKwGGnTt3JGyvFkYAkgMJ6QYglNsoyUMXAX8Ae/bs0wxBiH2phSDY/+x/9j+f/4uxPQMwREREREREZAV6AZiO+irpD67flNX+//xUDwDYBibm2Nh5wAAMEREREaXDUagDtfnaEgbZAv5AWgOrZt5eOXioXDcVq29vlv5LFX6IVePYmrS9svpHqn2lw99zTDe4IG//nTuXKzBAvXqJv+cYdu9JrgTC/mf/s//5/G/m/iciIiIiIiIiIiIiIiIqhKwDMFoDiWIATdzna/Ml3adcx6rbC1rrpmojq29vhv5LFX7YvWtnfLoTI8cvBK32371rJx7ftSdlCIL9z/5n//P53yzbExEREREREVlNR32V9KGO7D8X+p0OH/5+wC911FexCgwRERERUZFlPQXSn37ji/EdKL8R3+ZrSxhME5QD0VbfXm3gUL6ucj0jA49W2r7Y7b9v/zHVsIBv01YAsUCB3GOPPZ60rnxaHLUwhdiXkSlwAKhuLyp3iOlulJ58cnfC7cd37VHdl9hfrKIJ+5/9X979z+f/4m3/1a9/m1MgERERERERkelpTYEkAjCbPJ6s9h8OR/H3A36A0yDlBadAIiIiIqJ0ZF0BRj5dgtFvhCsH2qy+vdrAoZp0Bh6ttH0x21+r8ocIHOx6YndS4EEEDcRA9q4ndicEEkSIIdd2PbE78fby1DvietSCGbu+9Th270kOQfh7jmEfYpVA2P/s/3Ltfz7/F397IiIiIiIiIivKVfUXgVVgiIiIiIjMIesKMK88911J6xv1gPa36OWsvr3efrX2CcDQeVlh+2K1v9Y0McrqGOkcX62aiG/TVoT9PfD4NhmqACLWVdvPjoe3ZtT+elVOlBVO2P/s/3Lofz7/F3/7ex76HCvAEBERERERkempVYCRB2ByUQEGAKvA5AkrwBARERFROhy52InWN+qVP2sNuFl9e6VUU2xkOiBr1u0L3f5Gp4ZJ9/ha1UQAUYljv6H+11pXVO3QCizotf+Oh7diH9QrgYj2EPtl/7P/S7n/+fxv7u2JiIiIiIiIzC7X1V8EVoEhIiIiIio+Ry535mvzxQfP5JQDaXoDkVbeXq+SQKptS2H7QrS/XkhBTHujPJ7R42vtc8fDWw1PjyKOpxVY0JOq/R/f+bDmdDhALBiidv3sf/Z/qfQ/n//Nuz0RERERERERERERERFRsTnyfYAdj+3Avif3AchsINoK22sNHMq31WP17QvV/qnCD2F/D3Y90ZN0386dOxKOv+uJ3UnraE1Z8/S+b2XcBk/v+xY+tuOJhP2Kih1iKh218xT27Nmnea1q7eDvOYbdexCvgML+Z/+XUv/z+d96z/9EREREREREZpOv6i8Cq8AQERERERWXTZKkrHbwynPfje/AH/DHB9F2PLYD/h4/AMC3yQcASYNpbb62hEFIK24PqA8cAkjYXmyrd0wrbi+Xz/ZXBgkE36atAGLTv6ht/9hjjydtI4IG4viP79qjGn4QU8qI8//YjifiwYVwNJqwvsfliv3r24Sn930rof309i8/Z7XAw5NP7lZt/1TTAD2971vsf/Z/yfQ/n//Nuf09D33OxpdRREREREREZHa/tbU5/rNaAGaTx5PV/sPhxM+J/n7ADwAMwOTI94+F2AhEREREZFhOAzAHDhwAkDh4KKc2kHjHHXfAytvLKQcOlduK7dSOadXt5fLR/qkG+kVIIZvjKwMKopqIkse3yVAAQmtb5TF279qZdfurhSvE/gEkhDjY/+x/q/U/n//NvT0DMERERERERGQFIgCzraNWurW+Oen+XAdgAIZgcokBGCIiIiJKR9YBmD/9xhcTdqA1eKhGPvhm5e21BoSV5IOIclbfPl/trzW4HzsX9ZDCyweeTuv4+/Yf063+ISefukYvAKG1rdpxdjy8Na32v/eOjyUtV5u+R+1a2P/sfyv1P5//zb/9V7/+bQZgiIiIiIiIyPQYgLE2BmCIiIiIKB05D8AA+t8kl9MakLPS9umsp3UsK2+vJhftn2rKm7C/By8feDphe7UpZIDYNDJyYlocteCAmD5G7fwzDUDIp9BRO57Yp9Z5KokpfERb3XvHx+DxbVo+Z/U2e3rft9j/7H/L9D+f/62xPQMwREREREREZAX/80NrJQB4/9oO1bBKPgIwHo8L//fShXJqZtvRgem87JgBGCIiIiJK64VpLgIw4hvkym/UpzulglW3T3fKDOXxrL59Ltt/3/5jy9scU9lmq+6ULmrHV6uY8eSTu3WnjhGBhJcPPJ1w/ukGIET7iXPQqtQhrkst8KAMeaTqv1RT4sgrjrD/2f9m638+/1trewZgiIiIiIiIKFdElZZc2tZRGw++CIUMwJSTPz8Vr9Sc86o3DMAQERERUTqyDsC88tx3JX/ADwDwtfkApB5IVA4+Wnl7+Try+wHtgUP58dQGIa20vdrtTNt/9579aU/lkkn/6YUEdu/aiQMHDqhWE/H4NhkKQKhNzbNz5w7ccccdKY+di/5LNXXQ4zsfZv+z/03X/3z+t9729zz0OQZgiIiIiIiIKCdyGYBRC74IDMDkh2iD5amfgBwGYRiAISIiIqJ0ZB2A+e53v6G6g4A/kLRMDCSqDT5adXsg8Zv08vvl2nxtqsdRDkJabXst6ba/VvhBOeWNfHu1kMKubz2uefxU1UVEMEBveyMBiB0Pb9Vtv1TXqrf9rid2J90npsQR7WtkShytEAT7n/1fjP7n8781t//c577OAAxRHtx95+1Jr61ffeMgf9/YX0REREQlLRcBGL3gi8AATH4o2yCXQRgGYIiIiIgoHXkLwADqg4iCkQFVK21fTtdqlJF97t6zH4D2QL0IA+iFHeK3VcIBQCwgsG//MUNVMfTOP9MAhFr7pap2suPhrarXbPS6RShC67pF2EJcN/uf/V+M/ufzv7W3L3YA5q/+8wNSODwBAOi9NIx//NlFm5W3KQXsk9y4+87bpWu61sZvX+i/BPltMhdl/1zov8QADBEREVEGsg3AbOuolfSCLwIDMPmh1gZAPAiTVQiGARgiIiIiSoejUAdq87UlDLIF/IG0BlbNvL1y8FC5bipW3z7T9ks1OC8PEuz61uMpz0kZDAj4A9izZ1/K8EPY34NdT6hPWyM//0yvVSuY4du0VfW8/D3HsE92DqmOLT9P5fF3PLw1vi/5scTPu/dANbDB/mf/8/mfz/9m9lf/+QGptbMbsPUDAOrDk/j8h9dJeqEGM29TCtgnudXS0hT/+UL/JXzkox/luxaT2v2X/yepv4iIiIiosIyGX6jwfqfDh78f8Esd9VU5mxKJiIiIiEhP1gEYrYFEMYAm7vO1+ZLuU65j1e0FrXVTtZHVt8+k/fbtPwZX2I9NbR70BMLx+0QgQQzqZ9N/+/Yfg8e3KWXIos2XXP1j1xO7kypwiGllUlELPCjDGfFzXP5ZeY7+nmPwbdqKffuPLZ9j5v0nqokoAxeb2jxA2I99+5FwDPY/+z/f/c/n/9LbvhC++aVb4xXnNt6wNen++vrqhHWUzLTN1/76cEmEYdgnhTNy5m/5roWIqMhuu/uzEgAcevV7rPJERERERERERGRSOakAoxwslN+WD6bJf5avZ/Xt1QYO9QYRjQw8Wmn7dNrv8V17AACusB8AksIPj+98GLue6FGd/uXJJ3cn3NYKGuhVF5EfR6//ReUN+fmLc09Ffp7+gF+3/UTwYPce9RAEAOyTracXrhDn+thjj6ue1+M7H044Tk8gjE1tHriWQxAAsHvXTvY/+z9v/c/n/9J7/i+Ub37pVsnT2JC0PDw2nnBbbR0zbvPNL90qWT0Ewz7JH29LE7p8K7+Hff2X4HLXAwCiU4O627rc7arLuV3+tlPrL6JSY/vgByUAkH7xi7IMfojgyxO7/mPCbQZhiIiIiIiIiIjMJ+sAjHy6BKMDY6kGIq22vfK2FiMDj1bc3mj7Pb5rTzz4AKyEH+TVOET4QOxfPqivHNgXA//iuHv27MPuPbGRfL2qH2pT3uzcuSPvA7vy/asFPMT5qQUh9inOVd7+aqEIEcIQAQxxfOWUOPIQhOgjEYJg/7P/c9n/fP4vzef/Qvj8h9dJt9x0bdLyI4cO4YZNsRLXh0/2Yd0ab8p9mWUbT2ODpadFYp8UnrepCgAwW+mAsy6xtPvpsysv5ycjWnu4Rnf/qbbbvHEh6Z7ZyQE466pUt5qtdKBu1Rb1Yw2f0N1OeX2mP947Z/mOkkqWCL7cseNxHNi3uyzb4La7Pyt9bucODJ4+iq6uLvT39+MDd29E++ZtuO3uz0oMwRARERERERERmUvWARi1qSGUt7UG2LQGIq26vZJ88FnO6MCj1bbXaz95+EGt6keq7ZXVP5R279kPj29TQsAioa+Wp9YBkiuJPPbY46qBBBE0MDpArNV+avvWOg9xrsoQhLguj28T9u0/hsd3Phw/L6220eo/0d6iGojoDxGEECEI9j/7P1f9z+f/0n/+L7Qjhw7hoQ/cg4FLvQCA6ze04dS5ADZ0dVpym1LAPimuD37ytw2v+4un/iHt9YmUbr7nD6ViHPedV/4rwwYFIA++EBERERERERERWUlOpkDSG0iU/5zJQKQVtlfyB/xJ2wLpDTxaaXu99hMVOZThB1HtYveunapTtojwgZH2371nv2plEflxYoEB9coW8moZ4ph79uxLCi54fJsM9b/W9aRqf/l57F6ebUdtuhpxzVqVOtT6T2tKITGtj7IaiFi+4+Gt7H/2f8b9z+f/0n/+L5Ses/6E25/4+K8BAJzOmviy6ze0Ja1nlW2siH1SWLOTAyV1XqW+XSkTwRdvx21FPT6DMPmhDL742tqWXx8EyrI9/uP2tRJq7025zv86comPRyKiIvj+sRC+cne7BAC31jezQUzsQ80+fKf/nAhQ8+8mEREREeWVI5c787X54oNncsqBNL2BSCtvrzVwaGTbUthe2X779h/TnPJGVON47LHHEypY+AN+7Hpit+qAvZjyRpyDGKTXqiwCrAzgGx0IF+cvAhhy+/YfM/R7oLZtuu0vzls5XQ2ApJCCCEKI7dWmxBHtJz++PKghqo4ogxb79ieGINj/7H8+//P5vxjuuGVD0jJXjRsn3j0HAKisdGF+Pqq6nlm3ef71U5Z+Ack+ya+21YnVacQ0PWYLZOhNO6RHb9ohKx5P2V+lSARPOrvfBwCoqakqynksLd6UcD4MwuSGVvCFiIjIrDrqq6Sv3N2OD3Xwb5ZVfKEr9v6LQRgiIiIiyjdHvg+w47Ed2PdkbBjX6ECi1bbXGjiUb6vH6tsriaCAVtWP2BQsD2u2vzxAIM5hz5598YF9UYlDK1wBIB6w2LOnJ6maiFpAQGsamUzbINW2elVPBHkIRFyXWkhBBCHENYt9pTp3ZeUTUXWkZ7nqiDjGvlgRl/jUOex/9j+f//n8X2yuGjdef/UVbLkh9gHaT3/xJq7tbrfsNqWAfZJf9e4KAMDsggQsXFHcm/x89g9//ee443b1Ch3ruq/F6SOvqd534OAh/PaX/iBpuTPpmICzGnC71d9K2CYlYPK4+rVUA87l61FSvz6zH89V0r/byuCL01W7fM98Uc6nqjr27e7mNgZhcoHBF23/cfta6aZVdXhjWn+9roZqVoEhIiqgjvoqCQCDLxbGIAwRERER5VtOAzD+gD8+iLbjsR3w9/jh7/Fjx2OxgV21gUT5IKQVt1e7Ldb39/hxxx13wLfJh31P7ouvp3VMK26v7H+t6Wh8m7amrMah1/47HtuBj+14AgB0p7sRx9jx2Lfg7/HjscceT6omIoIGbb42+Np8eOyxx1UDCU8+uTux/w1WAFG2n9q+4/uXXbPWNDWi/YFYRRC1aiDASjDk6X3fyqj/5VVH1IIWu/fsX55KiP3P/ufzP5//C0s+dQ0AvP7qK7jr7ntwpT9W0ePa7nac7xvEDRu7NPdh5m2siH1SxLb3rDPFMWfDFzM6z9Lbbqgk3yRqB1/MgUGY7CiDL7G/8W0qr+8CbCwiIjIFBl9KD4MwRERERJQvOQ3AKAcPBfGz2kCifDDNitvLyQcO5cQgqhhEVDumVbeXk4cflMGEsL8He/bEKlTIK3KIAILSHXfcEf/ZSPABgCz8sNJ/8soevk0+1f4X6xw4cCC+/b13fCzpvETAIJV77/hY0rKXDzwdP6782uTt//KBp1O2/46Ht+pOiyNvr/jUOD1+zXCF/PjKiiNq+9+9Z398v+x/9j+f//n8Xyhi6hrh1z7yYQBArXtlQPba7vak9ayyjRWxT8zhwBHtz4gv9p3PyTEGg2MAPHzXVCaMBl/GxiaL8+a1yp1wm0GY9CiDLx6PC+FwNGm9cg++iOovRrEKDBFRXkkAcGdzGzwuNkYpYhCGiIiIiHLNJklSVjv47ne/IbEZy9vuPbE5UvSnvIlRm35m17ceT7ytMdWNPPQg37986hflvnJ9neJY4WjiB8Uelyt+zplMFWOUvP1E+/iXp6wRNrV5AABRjy+hfbTaWasvRL/6ZVPiyPcrrpP9X979T+Xrc5/7ekE+lPr8h9dJH3rg1oRlnV0bUF9fj5/+6McAgIqqSkSjs7oVPcy2zc9fOIx//NlFS36wxz7Jc/t+5pPSRz760fjtZ595Bv/PPSPx26LyyIEjNnzwk7+NXzz1D/jgJ387YR//8Nd/jnZvY9rHHgyOJU2B9A9//ecYn5zBY59cnbCcFWBi2/3dv0xD2V//+E9PWe5322jwZTYamw9mdna2KOe5tBg7rgi+KM1FQgCAUCA2RRWDMMtv+peDL1sffgwujwce2QiiCMD42tqSgi+iKow/EMCBfbsh/eIXZdGe8gDMX09vx+d27sDg6aP4xO/8O/T39+OdF/8V7Zu34bt79uEzjoMAgP7xCBiAISLKzm9tTfj7LgHAp7rWyj570d/eYzAhoxb+3OTxZHXuavv0lFliR60NhEDU+H6+0x//okL87+r3j4X4C0JEREREhmVdAUYMklJ5k1fnEAPlCPsR9fgSHiNqVTSUjyH5Oqr7XRZVWT+fj0d50EIEHtTW2b0nf+2s1n7KdpG3XdTji2+j185a7ecK+5P271LpV/Z/efc/lafPfe7rBTuWvHIHANTX1+Ol53+Fm7dtBgD88F9exsb1HUnrWWUbK2Kf5Fdzy6qE2yJsIUIZIvyiJ1a5JTc2dXfgyacGkkIw5TPNkf52yv6yknSDL0JjY11Rzjc0EgvAiKCLMgjDijCJ5MGX+GtAjcE4efhFbTqkciHCL+3uKgxOzRnapt7pYBUYIqLcSQq+UHlhRRgiIiIiylZOpkDyRDk3eLkKu9ry9vhItW8Rjoh6fHl/DBq5zkL+ToRdbQnhkGK0f77bgv1v/v7ncz+f+4vlped/hfsefD8uXjgDANi4vgNnewdw0/XXWnKbUsA+yS9njRcAsDAbwcJsBEBNwv2/eOofkrZ5s38+7eO8t6tSdV/ASgjmMx+NVZapqF4VPy+llfNMVurbWYUIhng7bos9xgwGX1bWmy/KeYuAiwjApArC1DevT7jecgnCKIMv7vY6TA0mT1ul/KZ2OQdfiIjIFCQGX0hQBGEYgiEiIiIiw3ITgOEkrGXLgzD8UU98WpRcPT7Eh7F6+y3U41CvhGcxzyffbROO6h/D5woDAPu/nPvfxef+cpXhr0XG3jl6OuH2bzzyiaR1Nq7vSFrPKttYEfukeGob1wIYSVimNgVSZGYqg703qu5LbnLBgzZvPabHLunuqblzu+ry0JUjBq4vmXmPd9gyjx0RAgFWgi9ud43qutrBF3MwGoSprl2l2QalGIZRC74YfX2rFn5RTolUyv7j9rUSAIjqL+mSV4EBwOmQiIiIiIiIiIiKxMEmoGyJIESumam6hCcaAFSmjCnWeRfiGEb7lf1f3v1PVAhi6ppcrWeGbXovDbNP2CeWFQhOoI7vIiwpV8GXsbHJ4rx5rXIn3M40CDMR6i2pflWb6shI+MXjcamGYcox+PJwd+Jjxuj0RwAwMbuAeqcD9U4HblpVl7BfBmGIiIiIiIiIiAqLH12TKZmpqpD4YDid0EE+z78cKi6x/8u7/4nU/MWen6Rc54XXTqa932Js8/s7P84+YZ9oamlpQn2DJ+G2GQ2FZtDdyOcmq/SXkG3wRbleoaWa8kgZhHFUJV6HCMKUSgDG6FRHymVaryeVwRdRFaYUAzFqwReftxH+4FhW+213V2Fwag43rapD1ZzEIAwRERERERERUYHlJAATLvRcCEQmx98J9j9RSStADuuv/vMDUjg8ASAWtPjSo79bMs33F3v+Dp3tTfjml26Vei8N4x9/dtESg2Lsk+KpdcdCFbalCGrcTVBOgVRINTWe5XOJxs9LybYUQXVNg+p97gbv8jWob5fpfWY5ntVMTc0AAJxOZ+xfg8GXxsa6opxvaGQWgPEgTGQ6VtlJWQHG6oxOdaQWhjESflGbDqlUKIMvaqGXdKq/CKIKjNxclY0VYYiIiIiIiIiICiwnAZgoYoO9UZcvre1cUX9G23F7bs/tuT235/bcvvDbi+3y7a/+8wNSa2c3YOvHlYM9+OM//D0E+iIl8+Lrnu234JUjb+OWm65FfXgSn//wOsnsIRj2SXHNTAykvc0D1zea8rzKYTsrEMEXwWjwZWW9+aKct9Epj8Tt+fnY+ZdKECadqY7k4RetyjDK0Ha5BV/0iEouRtQ7HZiYXVDdxwoGYSit3/aCH/HT779TAoAf/OqNIjw2JXY5ERERERER5UzOp0B6fOfDhtbbvWd/Rttxe27P7bk9t+f23L7w2yu3y5dvfulWaeMNWwEAT+8/iD/+w98ryRdg92y/BU/vP4jNGztQX1+Nb37pVulrf33YlINh7JPiq6nvAGA8kPHbX/oDzft+8dQ/4IOf/O2cnpdSqvMs9e3MTBl8yXZKpGIxGoQRgRcRgBH/Wk2mUx1phWPUqhWqhV9KYeojETi5aVUd2t1VKYMvmVR/ESZmFxShlxUry+swMbvAIAyZyqfff6f053/98eWfIRUnBENERERERESUGw42AREREZnBN790q+RpVJ9W5NTZY0nLGlvsAICxkSXDxzDrNp7GBlOGYNgn5g0mEWUj2+DL2Nhkcd68VrkTbmcahLEKEXxp2/ow2tra0prqyEj4xeNxqYZhSi34AsBQ+EVMhaQVYtEjqsCkCtCIfXc1VCecJ4MwlG+iwosaEX4RP3/6/dolWawUjtl+/+ZiHVrZfgVtsyMvnuYDnoiIiIiIyhoDMERERFR0n//wOumWm66N3z5y6FD858MHLiet39hiR3dXJwDghydexjWru1MewyzbRCIRVFfHBr4uXg5i3RovgFjgwkxT77BPzNcnRNnKNviiXK/QUk15pAzCOKoSr0MEYSZCvabuJ3nwJd53WUx1pFzm8bhU96UMvoiqMFYKxCiDL0B6gZZMwi9CvdOR1roTswsMwlDeKAMvOz7ZBADwtlcAAIKDizjZN4L772xN2vb3/oMXL74xhBu7WxLWV9svq8UkkR758kPxG6GrUbz01CsSijGvFRERERERUZnKeQAm0ykSsp1agdtze27P7bk9t+f2hd8+H44cOoSHPnAP3j7ZFw9avHLk7fj9H3voNtz34Ptx8cIZAMDG9R0429uHK4Ojmvs00za3bb4ekUgEAHD9hjacOhfAhuVwhlmxT8yj2NPvRKaMDYSHh04W9PqscjyzEVMiOZ3O2L8Ggy+NjXVFOd/QyCwA40EYUfFFBF/MThl8aWtrQ0AlfGJ0qiO1MIyR8IvadEjy88uG9Itf5GUQWK3ii5HpjETVFwDweRsTbmdCftzBqTlDgZp6p4NBGMqpT7//TkkEXrRCLt72CqAPqGtKrvQXWzYUD7/E10diOEYcq4xDMAnPid6WDrRvbAcAbFp/HXp6z6B5tQtb7rwFg2cHpeBIwmsO/o4TERERERHlSU4DMK6ov6DbcXtuz+25Pbfn9ty+eNvnWs/Z2Pl84uO/lrD82eefxr23b4rfvu/B9ydtu3F9B9av1R7gNNM2Lx88hds2Xx+/ff2Gtvi1mw37xHw8rTcCOLDSR30DWHfkNeN9mub645MzaJdNG1LfEuv3iZEe3e1q6jtUl6cKnMSuL1mqwEnxjmfOx4nwH/7LX6gGFkTwRTAafFlZb74o12N0yiNxe34+dv5qQRh52/zvP/n9og5EqgVfVPstjamOjFSGUU5/pBV8EeQVaTIROJb70K1a8MWIVEEXI+EZYWJ2QbP6i9hPqvMS2zMIQ5l4+MHbJQBotMUeR9dvj0336G2vwP3trQgOLsLbXoG6pgZMjo4DAF58Ywi//pENaF61JWl/zau24Nc/AvzLs+fi4RmxbXBwMb4sOLiI67cvxavCjEkLAID9zx8s1cdtwt/ULXfesvKcOxLFZGgMzatX/p6uhGBqMXg2cf0Tb7xd1GmSiIiIiIiIShmnQCIiIiJTuOOWDfGfXTVuACtBi5u3bU65vZF1zLLNywdPAQAqK12Yn4/Gr/3510+xT9gnmBgP8wnBQszeX5///KcAAK+/uicp+JLtlEjFYjQIIwIvIgAj/pW3yz/+4w+Ldh1qUx0ZCb8YnepIKxyjDL4A6uEXvamPlOcZCAQSlqndzqVcBV9yUfVFi7IajJHzLMcgzG03b0kK6h165wTDAAY9/ODt0hc/FXuuk09XpKzeIiq91DU1oO/UqGpVGKX774yFZ7qvb4pvC4wn7PdGtOD+OxOnSXr4wdulEgrBxB+f3RtviD23tqxU0hKBlw23NANQD+M2r3bhhvvWo3m1C6GrUYSuTieEYQAGYoiIiIiIiHKJARgiIiIyFVeNG6+/+gr+7Wcews9fOKwZbnjn6GkAQEVVpeF9m2Gbm7dtRu+lYXzogVvx01+8iWu729kn7BNdk5MjAIDpsSFUuos7NdNMJDbwNTU+Ej8vpemxISzanBndp3V9E1nss5DHs4psgy9jY5PFefNa5U64nWkQptiMTnWkXJbOVEdGwi8ej0s1DOPPcVgllzINvsQCKInTHemvmx6tKjDi/ORBGL2KMUK5BGFuu3mL5OweU13OEIw+UfXlrlvsAJAUeJEHVyZHxzE5Oh4PwYjlatVfhNh9J1DXJHs9slw9Ruyn79So6nHvusUePz+LB2EktdBLvI1WJ/6NDF2Nonm1C5vWX6e70+bVtQhdnU74uXvjDXC3uOKVZIIjAyIQw98DIiIiIiKiNOUkABN1+diSRERElBWnMzYg+/qrr+Cuu+/Blf5zmuu+9Pyv4iGMH/7Ly9i4viPl/s24zbXd7TjfN4gbNnaxT9gnRHmXbfBFuV6hpZrySBmEcVQlXocIwkyEeot2DbYPflBKNdWRWhgmm6mOlMs8HpfqvpTBF1EVxkyBmMOLbvxue2w8OL3wy/I16QRf5OTVW1KpdzowMbuQcn/yc0m1vnLfXQ3V+OFoRUk8D8krvji7x9Dm8yb/DiCYsB7DMInkVV8A4GTfCO5vT6zoIg+miMAKsBJ6CQ2fMHQs+fry/SiPIT+XG7tbcGP3yrlaMAQjAYC3pUO12svFEyGs29K8vEx+f/Jz68o0SK6kdS6eCKF5dW1CkCZ2vEa0b2zH1EgUfWfflcAQDBERERERUVpyEoDxeWQfVATCaGvzwOPxZLSvcDjMfZh8H3rYZux/thn7n21W+v3vD+fnRcmJd2Phil/7yIcBALVu9QHYl57/Fe578P24eOEMAGDj+g6c7R3ATddfq7lvM24jru/a7vb4tZsN+4SotIkpkZzOWEUbo8GXxsa6opxvaGQWgPEgjKj4IoIvZmIk/KJVGcboVEdqYRgj4RefxrlZWbu7ylD4JZPqL8LE7ELKUI6432gAptTcdvMWad398o+hvHA3J7dFG7yAL3E7hmBilOEXb3sF7m9vTZr2CEBC1RcgueJLaPhEUiBGKyDTvGpLwjJRDUYuOLgYn1pJTIf0xU+tsloIRpJXYxHhlNDVaYSuTqN5da1q+CUTYj/yajAAMDUSq8zlbnGhGzeIEAzAIAwREREREZEhnAKJiIiITGHLDRviP9fX1+OFX/4KwMrUNcJvPPIJAMD01MqA7Mb1HUnrmX2bd46ehsvlRDQ6G7/2y0OH2SfskyTTo5dM+Tub6XmV+nZWIIIvgtHgy8p680U5b6NTHonb8/Ox8zdzEAZIrviiFY5JZ6ojI5VhlNMflVLwRR5kMVopxh8cS2t9OVGpJZOqMUamRLIStcotIvgiwi9qoZeEx7Xs/qlQbLtP/r83SxdfXEjYp/I45UY5/ZCgrNSiJA+yKIMuarfVpkqSH0OEYdSmQ7IQCUB8KiIleZUWveCLcvqjnt4zquuJfcSmTUr8Gyw//mRoDGIaJlaDyZ/ozl3wp/jCTyrhQBi+Pd9iYxIRERERmQADMERERGQKovpGfX19fMqa3kvD8alr5CYmJuI/R6OzcLmcquuZdRtxXWI6Hq3KKuwT9gkANK/ZDgAIXT6iev9zz7+c1v7SXV/z8dG0VnV5quCIuB4lreuz2vHMTBl8yXZKpGIxGoQRgRcRgBH/moVadRcj4RejUx1phWOUwRdAPfxipqmPjMqmgguQWfhFyCbEIsIwVg/C3HbzFkk+rZEIqaQKvrR62+M/DwUHEx/Hy9uIIIxynwF/sCwqxDz84O0SEKuocrJvJF5pRS6d4Ev8b6SBCjCppksSx1VWhfG2V+DFN4biVWAAwKSVYCQRMpkMjcHdEns8ultc8aov8faShV/E9EZ6Uq3TvNqF0NWV52RRDSb+nLQxdi5TI1F0b7yBIZg8iO7clbN9+Xc+wRAMEREREZEJMABDREREpqKcskZJhBnEFDX2ykpEo7O6+zTrNkam8GGfsE/0PPTgvXk/xsW+83xiKjHZBl/GxiaL8+a1yp1wO9MgjBkYmepIuSydqY6MhF88HpdqGKYUgi/t7ipDYRhR9QUAfN7GhNuZkB93cGrOUKBGWQ1GLLMaZfgFWAmpACtBFnnYRY3a/UPBQbibF+IhGLk2nxcBlHYIRjnt0f13rkx5JA+fiABKqiCMoFbZRX5fquCLIA++yM9HTIkUHFyEOH8TTocUD7+4W1zx8Eu8HXTCL2pE2EUZfBHrq4Vh5CEYZTUYEYgRVWE4JVJu5TL8Ev+7whAMEREREVHR5fRTlUAgnPAv91Ga+2jTKAvKNmP/s83Y/2yz8uz/XBFT0ogpawT51DUA0OgFXn/1lfgUNT/9xZu4trs9aT2rbJNqCp9iYp+Y2+kjrxXkOOu6r2UIpkRkG3xRrldoqaY8UgZhHFWJ1yGCMBOhXlP0h1a1F7UwTDZTHSmXeTzq03cogy+iKoyZAzFqwRcjUgVd0qkkozeFkdhPqvMS21s9CCMPv8Qfl7KqL6nCL1pave3xEAwQqwajPO7FvoWSfN5Whl/ENEPd1zcBQNqhFzXKai96wRg1atMh1TU1oK4pdls+HZKoBmO2SjDyaYeMTneUS8pKMMpzkQdhvKEO1DU3shoMERERERGRhpx8mqI2sJbNYBv3Yf19sM3Y/2wz9j/brIT34fLk5UVJqmlshNdffQV33X0PrvTHKnpc292O832DuGFjlyW3kV977yVzTc/BPjFfn8Sm7XEXLPwirOu+Fj19AwhfPWlo/UynCUo1LZH5jtdk6TeDYkokp9MZ+9dg8KWxsa44j/+RWPUmo0EYUfFFBF/MxEj4RasyjNGpjtTCMEbCLz6NczMbeUgl0+BLLqq+aFFWgzFynlpBGLO77eYt0rr7HapTHGmFXjze6pT7DQcjGvsZTP47tTw9UilPhSTCL4B61ZW0n1M1KrwYrfyipq6pIaEajfzcRQjGRCQgMfwipxZ+kVd+0ZvaSHlfT++ZpKoxyqow4nhaQZjQ1WlMjUTRvrGdUyLlgLL6y//5s29ntb/PfPbTK39rWAWGiIiIiKiochKA0foQLeGDi3AUPl/iB2l+f8DQttyHuffBNmP/s83Y/2yz8tpHIJq/FyZ/secnCbc725viU9cIv/aRDydtd213e9J6Zt9Gfq0vvHYSv7/z46Z8scg+KayRkVGERoYTbgMrYZ3aprXo6TuJnr6Bojweqj0dAIBIWP/4tU1rVZenCqpYbbuRkUsq/WV+IvgiGA2+rKw3X5TzNjrlkbg9Px87fzMHYYDkii9a4Zh0pjoyUhlGOf2RVYIvckaDL7EASuJ0R/rrpkerCow4P3kQRq9ijKAMwpjFbTdvkQBAhEzEbRF+SVXhxUjoRWt97TBMvOfiIRi1c7RiMObhB2+X7rrFjlJz1y32YleBkQBgy523JCzMpvKLcsojNanuVx5bGYRpXl0bD8K4W1wMweTQP33vB1hfX531PuQhGCIiIiIiKp6C1NMVH6yFw2HV+4wGaLgP8+2D/c/+Z5ux/9lm7P9c+Ys9P8GXHv3dhGXPvPST+NQ1qRhdzwzbXB46nHStf7Hn79DZbq5qEuwTc/RJdHoEACDNjmA+UosP3pf8Te+5iSuoqu9U3T7VfTWrblS9b2b4ZNJ2C9HYALI0N4r55fCBkjhPrfvE9aS7Xab3FfJ4ZqcMvmQ7JVKxGA3CiMCLCMCIf81CrbqLkfCL0amOtMIxyuALoB5+MfPUR0C64Zfl69QJvij3bTQIU+90pAyqKIMwRoMtRvZdKLfdvEVydo/FfwZiwRcACeEXj7c6IawipBt+Udtea7/hYGT5+IPxcxLnKD9nK4Vg5FMfnewbwf13tibcL6q+yKutZDMNUi6oVaWRL/O2V+DFN4ZwY3cLbuxGUUMw3RtvSLhtJPyirOCSLa1AjFoFmJX7Vv4+ixAMZfDaWlH9JR/8O5/A1n272dhEREREREVQsK+SKL9lrrWM+7DePthm7H+2Gfufbcb+z9aVwVH88R/+XlrbnHj3nG7lD6ttc8/2W3Bl0DzVI9gn5usTobXFmuELMg+3u0Y1/DIbnU4Ivzhdtarhl7GxyaL8p1RV3ZwQepmLhOJhGLnq2lWmq/6inOoo1TpALNCiFmqZGpzMKPyiNx2S2cMv6Wp3VxkKv2RS/UUwElRpd1elrP5iNrfdvEV63yNrpHX3O9Dm86LN58W6+x3xqi/Kyi/KkIrHW50y/BIORuL/6VHbl7IyjDgncY7yc37fI2skEYyxkhu7WxJuqwVdih1+MXpeymspMAmA1L3xhoRpj+ThF0A/gCIYreaSS/LwS/y5vsUlwjyWe1ybhbz6S9smT0b/AcD6+mr80/d+wAYlIiIiIjKBvAdg9L9lHk5Yh/uw1j7Y/+x/9j/7n23G/s+F92+vk9INWrz+6ivYeG0nNl7bifN9g5bfRrhn+y14//a6on+AzT4xX58oFTsEs6rJBbKebIMvyvUKTSvgYtUgTFtbm2r4JRAIqIZf1Cgrw6RaB4gFX9TCL8rgi6+tzZLTIgGJQRajlWL8wbG01pcToZZ0qsYIZpvmSPWx6vPGHmPL4RJ38wKu2eRFq7ddd9ojo1VfxHrprq/693H5nK7Z5E04X/l1mJ2o/nKybwQn+2JVzIKDi0nrmaXyi5xa5RdBXIO4ri9+ahUefvD2Qr3GkrwtHfC2xKZynBqJxqcUUlKrACOv/qIWfilUIEbtnCdDY3yBk4bAjicKdqxjOx5ngxMRERERFUFOvnoUjWoPlLlc+uukup/7MO8+jGCbsf/ZZux/tlkp9n/+Br5PnT0W/7mxRT2n+/qrr+CWW7Zj4FIvAMC3phHn+wZxw8Yuzf2acZuroRMYG1ky/YtF9knxTQ0eUV0uD8HMOlwA1Kf6QZMLTo96YGbW4QIWzqve59bbLjyC2fDFnF5PKlY5npWIKZGcTmfsX42pjpShl8bGuqKcb2hkFoD2lEfKqZHElEdmq/4CGKv60tbWpjpNktFqL2rTJOlVfRGsGnoBsqvgAmQWfhGyqewiQjBmqw5z281bJPk0R/G/P7LpjgCkrNxiRLZTJCn3I6ZFGgoOxs9/KhSrCmOF6ZBO9o0kVEvxtlfEf1YLl5iR8jy97RUIDi7Gr0uEe8xEa/qjfAVcQlej8WOKn5tXu5Kq0CirvzSvrkXo6jQGzw6CMiev/gIAgZ5wVvsTVWA+89lPs3GJiIiIiIqouJ+uZDt+Fs3z/qyyz3ycI/uf/c/+Z/+z/9n/BXb4wOX4z40tdnR3deLtE71J09bc/8C9Sdv61jTqTm9jxm26uzrxwxMv45rV3QCASCSC6upq9gn7JInTsw5A6kCGu3276vJUARCxfyUeL7PjWYEIvsTbyGDwZWW9+aKctzLgkioIMz8fO38zB2GA5KmOtMIxaoEWo5Vh1LZVVnwrpeBLu7vKUBhGVH0BAJ+3MeF2JuTHHZyaMxSoqXc64gEYswZh5OGXhMdQDoIv6Try2qXY740/GPt98XlxzSavoXMSIRgr0Aq/qJkcHU+ovFLoijDK4+sRIRhxja+/PVyIU5RE5ZdU5IGUQlCGXbSmXxKBl9DVaTSvrsXFE7G/f+0b2zF4dhDelg4ERwYkADaQ9tvfx78FBMKq94mpjADg7ru/YGh/r776nZW/5RrhmWM7HsfWfbvZ+EREREREBVS0d/4+X24+XPP7A3nZn1X2mY9zZP+z/9n/7H/2P/u/0ETQ4pUjb+NjD92G+x58Py5eiH3TcuO1nYb2YXQ9M2xzeSg2OLBxfQfO9vbhyuAobtt8PSKRCMyCfWK+PiHKljL4ojYdEqAXfDEHo0EYEXgRARjxr1moVXcxEn7RCrQYrQyjNtWhWvjFHwiY/jGtFnwx9PonRdAlnUoyE7MLmoEVsZ9U5yW2N1MQRlR/UQu/DAUHdac+ij/WgpGcVXY58tql5amXYse9ZpN3ubrLAt7Yfxp3PrxZ9TyV3M0LlqoCAwD3t7emXLeY0yHVNTWkVZVGXJc85FOwc21uhLtFPeCiDL4UKgyjVvFl5Ryml9epTVjmbnFhaiSKqZEoKDPy6i9q4Zc/Oq3/HuCPN1fj7ru/EA/BtG3yINATZhUYIiIiIiITKNqnKbkecMvHAJ4V9mmWgUv2P/uf/c/+Z/+z/7P17PNP497bN+G+B99vaP1Tpy8AAGyVxl/OmHGbjes7sH7tKrx88BRu23w9+4R9QpR32QZfxsYmi/PmtcqdcDvTIIwZGJnqSLksnamOjIRfPB6XahjGCsEXIDGkkmnwJRdVX7Qoq8EYOU+tIEwxiKmP1BgJv8QfczkIwRx57RKu2eSFx1udUOElfh7boRqCkU+BlM71mcG3fziML35qpWpVcHAxZSUYsxPXIIIv3/5hYau/yMMv8kBJ7HZy+MUM5JVfUmEVGH3Rx7+l/Td5uXrLp77wFQDAk5Wt6L4pcZ2+434AQPdNvtg6AB6bH8Ldd38BP/zOn+n/7Xl8F3y7d7ETiIiIiIgKJH/v+M02zYPevs0in9dY6Gky2P/sf/Y/+5/9X579nyERtLh522ZD6x944w1cv/kaAMDPfnUY3b5Vlt5GXPfLB0+Z5mHJPjFfnxBlK9vgi3K9Qks15ZEyCOOoSrwOEYSZCPWaoj+0qr2ohWGymepIuczjUX9xoAy+iKowZg7EGA2+xAIoidMd6a+bHq0qMOL85EEYvYoxgjIIU0i33bxFAmIBEa2pj4zKRfWXI69dwvb3rU3Yp3Kao1Zvu2YIRvW5cHkqJHGtZqwEYzT8ojb1kNY0SNlMj2R0n3pTIcmnPxLXWKAQDOqaG3XvF4EXeTWWfFZ/SVVdRq3yS8Lz+nLll8nQGCh9WtVfOjs78YnvvoltDydWXVKGX8SyLw8G8ePPvTdhH1pVYBiCISIiIiIqnLwEYMw6zQNg/m+z5XLe9WJNk8H+Z/+z/9n/7P/y7P9M/erIpO3zH14nKYMW7xw9rbr+gTfewB133omBS7EBzG7fKvT5h7H52nWaxzDjNu8cPY2Kqsr47Zu3bUbvpWH8488uFn0Qhn1ivj4RZsMXuZ2ptmuBlYkpkZxOZ+xfg8GXxsa6opxvaGQWgPEgjKj4IoIvZmIk/KJVGcboVEdqYRgj4ZdcvibJp/TCL8vX5m00vG+jQZh6pyNlUEUZhDEabDGy71wS0x6lopwCSX5bL/QiD64YCceI9cW/YhvltuL+9dsbE0IwWtVfBHGtVpgOSZCHYbQCKYWmdkz5tEjFrl6jrPwiKqqohUsKWflFLWijrPQizlO5XEyBVNfcGA/BBEcGAFZ/SaJX+cUIrfBLRu+rH99V0m0dDoRX/t7u+RYffERERERUNHkJwGQ78KYcaMt6f/IPDdN4LxuOhnPSHh6Xx+C7stx88Jjz9ktz4JP9z/5n/7P/2f/l2f+59NLzv4qHD8TUNcIHHn4o1k+TKwNT3b5VSeuZfZubt23GD//lZWxc32GJF43sk8KYmJxC4OqVhNvAygCN06Me9kkV5OB2+dluYnJIpb/MTwRf4tdjMPiyst58Uc7b6JRH4vb8fOz8zRyEAZIrvmiFY9KZ6shIZRjl9EdWCb5kot1dZSj8kkn1l/jv/+xCylCOuL+YUxtpUYZfUlV/kYdLjIRfsvXiXw/i41/vTn4cByMYCg6i98gY1m9vTDo3LaIKDBALwpg1BHOybyQ+ZVA2QZJ0qsKoLROBlkwqyIjKL+Lc5deUZ1L3xhvi4RcAhqYSAnJb/UVZ7UXclodtxG21sIuyGoy4LUIwpPEWWyP4Iq/+AqxMf6TGaPhFbR9qVWDKiX/nE7HXFgzCEBEREVER5HXS42M9PRltpzVgmOv9CboDnS5flu+4/Jr7Vz2vqPXaj/3P/mf/s//Z/+z/XHrp+V/hvgffj4sXzgBAfOoauZHwyjeIpyKLcFdXqK5n1m0GX49Nq7NxfQfO9g7gpuuvNfULRvZJcU1MxaYLmI3Y4HQsqq4zG7FBmlIfrJxMsV2m9/F41qMMvmQ7JVKxGA3CiMCLCMCIf81CrbqLkfCL0amOtMIxyuALoB5+EeHc/735Gtxmsce6PMhitFKMPzimuv7g6aMAgB///V8lLRNEpZZMqsYYmRLJzIyGX5TTFoWDEcPVYuZ/eBnvawF+8o0+XP9JJFSfeWP/acz2NeJ9LXUI/WwCaEdJONk3AgAJ4RctahVYspnuyKh0jyuu4cbulvj1FeRv30g0IQSTC6mmMEpnfWXVGWXQRb5Myd3iwmQIJH9bnUbFF/nURcKXuxbwKoyFX77ctaC6HxGIESGYf/+VL5Ztf/h3PsEQDBEREREVXF4/Zcn1wFku9qc52Kkx0OkK+7N74+XxadyhPjAqv0Yzth/7n/3P/mf/s//Z//kiptf5jUc+AQCYnlL/hqYIM4THVj50n4roD0abcRtxfRvXd2hOLcQ+YZ8Q5UO2wZexscnivHmtcifczjQIYwZGpjpSLktnqiMj4RePx6UahpEHX6wmmwougHZY5pevnsXndu4AAHx3zz584O6NSetkE2IRYZhiBWHUpj4S1VHij6kUFWFSBVq0tjHK1+IEMIvXnnLgFAZx/5faMRQcRGPvEppqJ+BriVV/uQDt5yflNcmZqQrM/ucP2h5+8Hbpi59KrFqlrP6SarojI/erhVX0qr0YmWJJbR1RBUa4sbsF3/7hMPY/f7Ao7a0VKIndpx9sSXeaJHm1l3SDM1rnrlbJxtvSgeDIgIQyngYpsOMJaL3z/T9/9m0AiFd/UQu/CHeffQt3i246u1JR6m6DXde2yZMQghHHLnVa1W78O5+AazdDMERERERUOMX7mlG2X77IZioLlcFOrYHOcDS7cqIejf2qDowqBkXTGrAsYHuy/9n/7H/2P/uf/Z8PN2/bHP95YmJipS8mEwezWuuBI4cOobPDCwA4fLIP69Z4k9azwjbR6CxcLmf82nsvmas6AfvEfH1ClI1sgy/K9Qot1ZRHyiCMoyrxOkQQZiLUa4r+0Kr2ohaGyWaqI+Uyj0f9xUMpBV/a3VWGwjCi6gsA+LyNCbePD0+iavFt/PLV5O1++epZVE28jf6KCG5aVad63MGpOUPVZ5TVYMQyUz13NBubskkrBJNO0EXp4osLWLs8W048BDPiwIt/PYjrPwk01VaiubYGRy6Oobm2BrN9jcB27evQC8GYxcMP3i7ddYs9YdnJvhHc394av53JdEjZVIUxEnxRUp6jcuqju26x4+EHb5f2P2++wIYIrGiFVXIxRZJyGiT985lWrQxDstfwO3epLlcGX+J/a1WmLfqLP/oP+P0//t9pHfcv/ug/pFxHeexS9U/f+wEA9SBM9HGGYIiIiIiocIrzzt+Vm/nF/YGA7sBdwsCnbNBTbbBTa6DT1bYpq3MMB9SnnVAbGE0YFJUNhuoOhBaoLdn/7H/2P/uf/c/+LxQRtDjx7jnV+48cOoTtt92GoYF+AMC6NV5cvBzEhq5OzX2acZsT756DvbIS0eis6V8wsk+Ka3ZywNB6k8Mn8rp/Hq/0iCmRnE5n7F+DwZfGxrqinG9oJPa7aTQIIyq+iOCLmRgJv2hVhjE61ZFaGEYv/KIVfLntj37PtI9hteCLodc/sqCLmv19K3OKeD71W2ho9+K7f7k74fbgn3wGQCwoIw/BqJ1fqvMSgZdiBWEOvXPCplYFBtAOv8inIUp4DZxF2EWLr8UJ/8gsfC1O+FqcCE3Hwi6vPeXA5mrg/PA4nA+2YhrAOgBTIeCaTV4MBQdVr0ctBHPxxQWYofqLIA+KiOCICJQogyXphGHSCbJkG3qRn2twcDE+9ZG4thu7W/D62+YNGquFXNKt/qK2baZVYEQIRqsCDCXSCr7oVX4BgL17/wiPPvrHho6xd+8fpdxfuQj0hONtrReEyZTNZvs0gB9IksTGJiIiIqKUivbVF7/KB3m5oPVtf/mgp9pgp9ZAZ5sru1HBgMZ+1QZG5YOi8cFQA1UB8tWW7H/2P/uf/c/+Z/8Xkph+ptELvP7qK9hywwZcHjqMnrP+hPXuuf++pG3XrfEmrWf2bbbcsAE//cWbuLa7XXNqIfYJ+wQA6lZtAZA6kOGs61BdnioAIvavxONldjwrfEAvgi/xazUYfFlZb74o5210yiNxe34+dv5mDsIAyRVftMIx6Ux1ZKQyjJj+KFXwZUc0gJfveMx07SYPv2QafFFWfVHT0O7F+GAQH7wu9jg63e41dCxlNRgj56kVhMk3EX65+GLseCIIk274JW/vH5bDL6LKS3NtDULTMwDqMTo9D+eDscoo12zyJp1nqhCM/JrNMgWSHvk0QoZeQyxXfNEKs4jlqdYzur9cnHOhyaurxG5HVdZZCa0YmSIp2woxagEXvWmbKNH/+bNvpx18kdu794/YiGkS7asMwuQyBAPg0zabjSEYIiIiIkqpOAGY5feSSYOVBqkNAqb6tr980FNtsFNroNOl+IZcdPlDQo8n8RzC4bDq+m1h9f2qDYzKB0XFYGjKqgBRjTbIsj3Z/+x/9j/7n/3P/i+W1199BXfdfQ+u9MeqjWza6DO0ndH1zLDN28fPAwCu7W7H+b5B3LCxy9QvGNknRGkz5Qf0yuBLtlMiFYvRIIwIvIgAjPjXLNSquxgJvxid6kgrHGM0+PK4J7p8nub9RTMafIkFUBKnO9Iiqr8cXnSj/b/8E8YHg0nrjA8GUfO7/wuH/+4/4taKKc0qMOL85EGYidmFlJVdlEGYQpFXgEk3/CKCJqnCMUPBQcMBmgs9Qay734FLcOASgLUjseCLCMEgEpsCaTrF+eqFYNSq3piJctog5W216i9iWTrTHaVb7aWuqQGTo+NJx1erUKOs+qK8hoL8/RuJwt2y8n5NGTBRhmCyrf6SKgST6n69Ki+s/qJPLfwCqE95RPm1vr6aIRgiIiIiKoqivtPPxcCb2sCn2rf95YOeaoOdHo9HcxBTbV297eXk+0oYPFVZVz4oKgZDU1UFkLehWQcy2f/sf/Y/+5/9z/43Qkyv82sf+bCh9UVgoT6NOdXNuM213e2aUwuxT9gnZGmm/YA+2+DL2Nhkcd68VrkTbmcahDEDI1MdKZelM9WRXvjFaPDF7NILv8ToBV/UiPBLQ7sXOJm4LJNzFediNNhS73TkPQSjNfWRGhFc8XhX/paKKY9E0MRIwMVIWGYoOAh3c+JxLyAIwAXxTLUOwDSakvalPD+tEIySWhUYm02/IEy+nuP3PTWK67cv4dQRO27sji2TB0fSmfbIyPpGKrsEBxdR14S0jgkkh15OHbEDGFn+N78mQ2Ooa079e69WXUWEVLKZ9kiPeqWZac3wi3LZ1Ig1nquLidMTFfF1Tn4DRwzBEBEREZEuh1VPXG/gU+3b/lqDnsrbaoOYuSSOKT+2OKb8HMVgqG5VAI2B0HLA/mf/s//Z/+z/0uv/LTdsMLzuz//1l/GfJyYihkINZt5GXPvlocPsE/YJlRZTfUCfbfBFrDc+er4o51/XsBaA9pRHyiCMoyrxOkQQZiLUa4r+0Kr2ohaGyWaqI7HsO+/drroPqwVfMtHurjIUflFWfwGA7puWX38t/ylpaPfGl/W1/xMO/8ln4lVg2t3NKc8DKHxlFy1a4RetaipAYrhE3BYhGCB1BRh5GEUeStEKqcj3p5ziCIhViZGfb6rzU16nmApJMMtUSE3Nq3HqyFXdddSmFlILuqRb3UXP5Oh4QmUZtYovWucmd+qIHU3NqzE2cim/fzdk4RdlFRhBK/xihFoll0xDMyLgIg+6yEMu8nMXyydDY3ylBcD/sZ2Q/0UNLL/PDhwIs3GKze5c6acdj8G378mSfI1NREREROaS+wCMK8vtDbxHjA9+agx8qn3bX/lNfLVv8WuekmIaC71BUvm6qSoJCGLgVb6+mDpDryqAciDU0CBovvuH/c/+Z/+z/9n/5dn/eaBVgUOEGc4OxgYDN7ZPYmIiorsvM25z4t1zsFdWWuqFI/uk+GYnB7idqbZzGlndtB/QiymRnM7YdaQKvgwPvlvU850cjw2UiihIqiCMqPgigi9mYiT8olUZxuhUR0aDL//zria8/fxpAB6UCnnVF6OVYtTEgy7H/dissixT8souRqZEKqR0pz5Kdx299YxuL6cWitHat95USGbU1LwaoyHtEIyoqpKquovW/WpTJWlNbQSshF30qsCI4EuqaY6amlcXogltfWfflbo33qAafDFCK8giD76IdZRBGLUKMsqpluTEcnkAxt3iiodd5AEe+fJy5//YzqRlW+/w4d6tW9k4RfbysWN4/VDi8y5DMERERERUCDl9l+/zteXmzUsgoDrQpvzWv9bAp/yb9EYHIYGVgU3lgGcgmtkb5bZwVPUYRgZfxXnL96GsCpAwEJqqGoAL8LXlqH/8AfY/+5/9z/5n/7P/8+r1V1/Bxms7ceLcQHzqmlSMrmeGbcbGp/DgXdfjX188hmu722EF7JPCmJqeQb/fn3BbzlnXobpdqiBH3aotqssnh0/obsfj6R9vavqobn/JmOoDehF8ibeDyYMvSf1qMAgzPx87fzMHYYDkii9a4Zh0pjqaGpw0FHwpNfLgS7r2HIxVBjq86Mbm7gbg+/8OY9+P3dcIAN5YSGDsKx9aWQagsbsBh/uAWyumsL8vhJtW1aV9bBGGKWQQ5rabt0jO7jEA3rS2CwcjSVVWzEyr+ovu34buMVNUgRHEdEh6gRK1iiu5rPySar+pKr6IaZAKMe1R0vNkivCLPJSiF1DJhN40R+JnAJrTHiU9ty+HXtwtrrKv/qIWfCGL9N2Ox2KfI+UmCMMQDBERERElyemnK2JgLNOBUH9Ae2BN7Vv/egOfqah9i19roPPoW29l9KHHtve8R9I4eEbtI65PbSDUSDUA0b6ZDoSmGvhk/7P/2f/sf/Z/efZ/rr3+6iu45ZbtGLjUi09+6HY89fODaGxwJ623sX0y7X2bYZux8Sl88kO3x/pkTSPO9w3iho1dpn7ByD4pruHR2ODd5NgCXPPqg7vRKf37Ig71AcDJMf37eLz0jpdC0T+gVwZfUk2JZLbgS1IfpgjCiMCLCMCIf81CrbqLkfBLtlMdFTP44qxy/Obs3MI/53q/yuBLu7sqrTCMmPoovr23QXNdtftO960EAo4PT6YVglFWgxHL1NRVO39zMjL7z3l9ngg5dKdAAjILleTaUHBQtWJMuudm1uovANDR6sVo6Co625tw6sgobuxeuU+rwsrJvhHciJZ49RatYIp8uXxaI3m4JVXlGPGz2rmIwIt8+akjdnS2N+HK4Cg6Wr0YGAoCAGw29bdcufp7OXh2MD4VknIaoUwqw+hVhQESK8GohV2UP2cSuBk8m1zNKDgyAAC2zWsabWeuhHUbz8phAQZfSkcOgzAMwRARERFRgry80z/W05PRdvFBO8X7T/ngp/xb/8qBT/k365VTSgCJ3+xXG+zMdKBTi9b+1AZG21zR+PnJz9vlcSVP2SHmspUNhKpVA0gaBI3mqH/Y/+x/9j/7n/3P/s8DMb3O/Q/cm7D8+g1tOHWusCGcfHr8i7+FgUu98du+NY2aUwsVG/uEKOdM8QF9tsGX4MDBopy3t+N21eXpBmHMwMhUR8pluZjqKOXffEW1unCG4V0tc/OLdpvN9mlJkn6Qi/2pBV/SIaq+CIcX3Xjg9rVpn8cDt6/FCwcv4daKKQCxEMzxYeDh7mZD24vAS6ogzFR0Lqftp0UtBKMVOCkWMaWR0XNSTn9k5uALEAu/CJW1NQBG09o+VUWWpOfRNKvFpLt/tWvpaPXiwsilgrSnqJbibok9XgbPDqJ9Y+Jjx0gFlsT19YMwYn9Gq8qIKjB6wRytqi/L4RcAwOnLY/EXGVrhIisK79gJvb9I//S92NPiXbe1g8zjrtva433z4AfuU10nR0EYhmCIiIiIKC4v7/izHiiTvYdUDn7Kv/WvNvCZsJtwND6ACCQOeuZ6sDMdaseWD4q2yQZCoyrTaMSvVzYQmlQNQDkIGs1h/7D/2f/sf/Y/+5/9nwcbr+3UvO/6DW04dOwS7tl+S8LyV468jS9/9Q/ity+HYt+cP3nyY2hsjH3Tc2xsLP6zuH3jjU8DANY0a4c4stnXX/7pn6ue69f+4PO61355aJx9wj5JMhk8Y+wpdGowr/vn8XKmaB/Q5yr48oV759M67hsjXvzu730pYdnf/X9/jTtbgmnt5zsvx45vNAjjqEoccBRBmIlQrymeY7WqvaiFYbKZ6uiZL/173fOomD+Gt58/rfq6yuPxIBAI5/zacxHikIdfsg2+JPzu/6e96DvuBwB03+SLL3f9j0cBAKc/8N/iy8V6AICDn0nal6gsk20QJh/td+idE7bbbt4iwad+v14IRh4mKXYoRpyL3nkowy+pzPY1wgzTH3VdtxYnTx+P/by+E/ueuoIdn2yKTyUkrwgDZFYVRq3Ki9b96VR7WZnuKLZ831Oj6FrfmXBt/WcKEn6xBUcGJG9LB4IjA/FKMCL8IsIm6YZfjJBPa6S1/6mRqG44Rkx5JNQ1NyaFYGThl6THrCRJlg/BhHfoV3x5/pcvAUgOvrx87BjIHETfiL7KYxCGIRgiIiIiApCnAEzO3uSoDH4ame5C/i21aDgaH/gs5qBnKvJzE4OhbbLBz3A4rDnQ2+aKJlUD0K0EYJU3uex/9j/7n/3P/i/L/hdOnb4AALBVZvZypXKDHfPnlrDq9tig0/y5pYzPJZf7ysW1sU/Kq09c7tiHxqkCGWI9JW5X2O0MMsUH9GJKpPHR87rrKYMvmx78bUP773n+HwytZ3R/X0Bsf0aDMK6a2PODCL6YiZHwi1ZlGKMVX0Tw5Qtvqoc9vvPe9UVtg1yEOHIVfDm8GJvWb3N3g2r4pe+4H5uXf1YLv3Tf5ENjdwMO98Vui0owggjC3LSqDhOzC5pTHAnKIEy+2u/QOyds73tkjdTm8+o/V8iqpbR6cxt68Xirk1/T60xjJNYPByMJYZx0Qy5aAv4gLl2Obmxftap7cHi4zwzPF/PTsefqzvYm7HtqFIA9o/0oq7ZoBWaU92VS7eXG7hacOjKKU0fsOHVkFJ3tTfHrKAZ5hZT443pE+32lqNqiNoVRJlMW6VFWiHG3uDKZnknz/a5VQzCZBl/IvAoUhGEIhoiIiIjMG4DRGvwUA5+qU0NgZfDTLN/2z4Q434SqAK5o0iCox+OJT/UhBktFNQCrD4Ky/9n/7H/2P/u/PPtfOPDGG7h+8zUAgJ/96jC6fbHBy/pGZUWSt/HuK89iYjI20NQ/MIq7H/kTPPJIAEAAWCNbdQ1w6Me/A2lqCpffiq278z/9F81zGH/lbzExOQUP/hfOfm8U/+Zrv0rYl3D2LDD+7t/isuwctM5V79rYJ+wTKjtF+4A+0+CL3HPP3ZpUfUlememhhw6jc/mb9hgB1rQlD7LG7ze4P0GcT6ogTHQmlHDbjEEYILnii1Y4Jpupju665X2xPh+MVd1paPcCGCz6tdvt9k8311f/OBienkt323TCL/v7QkBfKGm5CL6IaY8Gg+NJwRclZfBFLGuU7eeFg7EQljIIc3w41oc3raozdN71TkfeQzCzfY0IIAitEIwIvyirweSCWvhFLFcLwcjDL1k9B2pMfxTwBzHb14ihkZPbAaDR03Ctp6EeNS7Xa1eHhouW3ohNGxTTtT72c3/vFUPb6oVc4s/1iiovetSqveiRV31ZMVroJrS1zi9JQ5V2TIbGUNfcmBR+kQdO1Kq2pKoQoxaYARKrwKgRYRejoRqtKZBKhX37+xHWCEUIDL5YX7pBGPsvXwKO/7MlXmMTERERkTmYMgAjBj9dUSwP4K0Mfro8id+AEIOCyoFPqw16qlGrCiCmvZBfM4B4u7SFowmDoAAQdcFSg6Dsf/Y/+5/9z/4vz/4XDrzxBu64804MXIp9S7vbtwp9/mEAwMRY4of9D9yxIWFdW6UDr/7ovwCP/EnSfsff/dukdff8jz9RDVy89ex3k9b922++H3cb3C/8w0nnqndtm69dxz5hn1AZ8q3tvBXA4UIdL9vgizywIqeciixbWvsTx7+yPACYaRBGSYQIbDYbCjlYolbdRS/8YqTiy7kTezWPJw+/jA8GgTJ4mjs+PInjw8nLRfDl3z76MH7wvR9h20d/E0ef+We0exsw+JUPofHPfq4afpFLCL98/9+h3dsQe+320d/E4Te+jk9/9hH8zd79ALSDMF0N1Vlfo81m+3R3S91zF4ITWaUKAv7Y40MehOk9Mpa0TEyDpMfIOsBKkEUehNELt2QbfAFWwi8B/0roR1x70vHGJ5oAYCYy81FvS9PZSoej52pgOGKGx7Z8SiQA2PfUKK7fnvn+MqnyorTvqdGE81EPv6i7pqujqrfvylwh2k6ESMR0SINnB+M/K6UKpqhViMmE2rZ6FWqU3nnpzKdvvu+6H8D6bM//8iVJLRAhwhLupVkAwLEDfr6QtDi3om+1+v2f/uGfH81g95+ura39+czMzITWCgzIEBEREZWu3AZgXBluJ3tPJ//mv3LwU0s4HC6pgU81SVUBZIOfSmJKjHCgBx6XS9aWikHQHPQX+5/9z/5n/7P/2f+5Iqag+cDDD8UudXLlM/Bu3yqMHLuEV468nbDN1/7g86rrXn7rfyXtX2u/z+39K8PrprNf5bkCwB133qm6rrh2IDff5maf5LZPiPKoYJ+8j4+eQ1W1fkhFBF9+9C9/ga9/7Y8BxAaFtYIvyqnIgNxObaa1P2UQ5vobPPjGN/8Ij/z67wNIHYQZHz2XdJ/NZvs0gII99xqZ6kgse+bjH1Ldhwi+PPK738T/2xkLA50DcN11scl6mleJCg2xgF9DuxfdN/nQd9yPhnYvPvrR7Y8eOHBgb2ig9H6x9veph57kwRcA6OqIBY7Wdq0DlCEY5cbLAZfG7/87AMDY92OLG4GE8MvarnXxfYvjaAVh+sdjWQqjFWFy7babt0jr7nfg4ouNcHbHfp9EMEQtECPIAy5DwUFs3NydEE4RUxMZnSopF8GWtH7/ZIEX+c+zfY1Yd78DwI17Dx89GR9wnZtbsAVHRjd5m5psAN4pdD/pTR0UmxIJaGpejVNHruLGbmP7TFXFJd1KL6eO2NHUvBr7nrpq6LyVChF+efzW67D78Bl4WzoSlmuFXwD1YIpymdrtdEMx8go0asEXUbkm6e/2yABa52N/J/VCMBabBikhBCMPvrR5PAASg4OBcHh5ub6ec+fQWVsZ65dw7LHZ7KkxdPvK9Dw2bdiQtM9PfeErGV3gD7/zZ+rPTRrXks41buuIrRcMxx57Xk+todtHB2KfM2SzvVobpXONyiBMFuGXgr/OJiIiIiJzyVkAxudry3hbvz/2wZ6RaS+SXiCX+MCnknIgVDkwLKYGSRgE1ZgOw9eWfZ+x/9n/7H/2P/u/vPs/l8QUNAAwEl4ZCJmKLMJdXYHHPvk+1e3U1pXvq1jrZnK+g6+fAmCeEAz7ZKVPzCI6ldmUJZPBMzxeXo6X3Z8gs3zzVB58kets1g/MzJ9bQuUGe8LtbKS7P/kUS/LzTxWE0VHQkvla1V7SCb4oifCLGhF+EQ4cOLC31F4vpRt8kVOGYLRo3ScPvwjiOKmCMOlOjZRrIgQjfk54PIogDLwJ0yCJgEurtz3tAIvRcEw6IRpAf7omrWmP2nxeXHxxQfXak/YRnb7G29y8EAyFThSiX/rPxKbSkk+BlGgUTc2rTfU7KM5nNHRV97zFtRXyb2GjJ/F8lJVg5CGUbIkQTKopkBIeXykqvhiZ/uidl85ohjlFO1skCGN7/pcvSYoXW6YMM3z5hUvL0wqmNj4YxF8+sBakThZ22au4TURERESUlpwFYMSAWCYDoT5fG4719MRuqAx+Kqd7iIZjbwoDUVfZDHwqyQdC28LJA8QejwcIhzUHQbdu2pRVP7P/2f/sf/Y/+5/9ny8ijBAeG48vm4oslt26ZqoEU+59IipDmCGs4HKrDwSmCnJwu3xtl91zY01NdVEfTyL4IiqopEstrFK5wQ4czOx8crU/UcHm1Lv6UyNpKEgIRi/8kir48pX/7/sJQZbum3xASH9aK2X4xcg2evQq1uitky+pgi/1C1P49GcfUQ2+yMlDMOlQC7/IyYMwf7N3f/y8ihmEEdVf3M0LmAo5NMMfFSeXX38jiDbEBnlFwGQoGHuuVIZUxHK1+/XuU64jftYKwcjXk9MKuwDq0x3Jr93dvKBaBQYA3HXVfcGhwoRfAODk6eP46Cc+gmd+/GzK6YQ6Wr0YDV1NmoYIsBuuCmPUqSN2nDqiPE7sHAaGgrrb9vdeiV/TjZtvKthzRF2NM/Hv38gAvC0dCI7ESmDJq6vkKggjgi8i2KK2T71qL2pVX8T5AkiqZJPqPYSY5s/M077837/fl3DK8htf/PxvaP9N3eRJue+ecyvVSuJtaPD2lemw6jE6OzsBXIpPiScn/ubK7zs6GERnZ6fm+QYOhLO+xmIyco561ygw+EJERERE2XLkeofxgUyDPC6P7jf/PbKyiPKBTwBlO/gpd/Stt2zxagDhxDfOeoOgx3p6Ets+jf5i/7P/2f/sf/Y/+z8fxBQ0rfXAkUOH0NkRG2Q5fLIP69Z4E6aoEUp5XaD4IRj2SYKCDIpHIlGMjIwm3B4O9MVvT0z1aW7L+wp/XyRiT+qvdNjt9qL8bovgyxfujU2b88YIcDkwktY+vvrVWiTMjXev7M57a3HsWOL6qfaf7v6U1PYvru87L6cdhCloJRijFV8O7NqF7u5uAIvA3WtkayxCI/8BADjx+4+mvY2S1rml47Zj+3PedqmCL//vN/9T7DHw1a+nDL8IIgSTDr3wi5w4B3Fe//Nr/wNA8SvCiBCMUsXJKGY//joAYOOrD+ECtKvBaJFPlaRGb1vlOmpBGuV1ANoBGLXwi9r2WqYno12rmpunh0OhHhRI/5lL8cBIZ3tT0v0drYmVJ7rWd2LfU1fiPwPAvqeuxMMq2dr31GjCfsVx+nuvJJzPaOhq0hRIVwZH8dFPfCSh+kshX++OhRPPRx4mEWETEUiRh1ZyFYjRm+ZIq7qL2vIvb+9C38AIng0M4N4GF86MzBh+DyFCMFalFrAIHAgj0BPO+7HTOYZa+EUeQtXbVzGvsVBtpHWNRERERES5kvMATMYDZCkGP+MviMv4W/9aEqoBuIwPgmbVX+x/9j/7n/3P/mf/58mRQ4ew/bbbMDTQDwBYt8aLi5eD2NDVWVbrCmaoBMM+iSvooLhQ0/FxPuGZ1tNZbT01NV3Qs1UGX1K5ojEgtwnAsWMvp7G9V/f+9PenpD/1gDIIY1Def9+NBl/+511NuOvB/wAA6Ovr093nmTOn4z/f1fFg2tvIK+/FX0/kkQ1AMDw9l+52x4cncXw4ebky+AIYD6fIZbJNuvu/1H/RcBCmq0G/WpTdZpvJ9py0wiObfLHHQA+eg/cX92NsvT2+nl5gRNxvJOBiVCb70gq9tPm8SdeeysxMtNJR4VjfvmrV0ODw8BgKoOu6tQkhmDtv37bynDg4mrDeydPHsbrZi9XNic+Jq5u92PfU0aTKMPIqLkpq6+x7ajTh+PLj9PdeiZ+rsG7tyu/RGwePxsMv4lwL/Xp366bVwOEzCI4M4NGuZvzqqB9Bz0rITK3yijIQA0AzDCMCLnpBF62KL0aWxf+Wj06gyePG5zxujE/PoW7GWDVJ+RRIVg3BaAUs0qmO0jttAyrdy68ejLeDkWMAqcMvevvSC7qUUgUYK4R5iIiIiMjaHMU+gXS+gc7BT32iGoByEFSv7Ys9AMr+Z/+z/9n/7P/y7H81PWf9AIB77r8v6b51a7zx++VKeV25YoVg2Ceq8j4ofqE/8ZvRbas7+URnYsr+Mqsf/ctfAAC++Zm7MR1uVtzrRa9/KGmb6fAV1X0d+dEfp3l0/f2nvz9kdP7b6kL42j+9ms6O8/b7bmSqo/95V/oVG667bnNG27z9/Omk8AsA1WW5JEFCg9t1b5Wj4mAwPB0xso0IhcjlKvhSSOL8jARh+scjANya+5qcnb8LwPNGjy2mPwKSgyxq1WDu2OpCjx9oqq3EGBZx9tgFAECDpx7rtzda7nlbL/wirl1rGqSJyam6ufm5D3ibmnqDo6NH8n2u3vbY87VWCAaIhV9SufP2bdj31NH4z4JYppzOSG0d5XHVKEMwQHL4RVxTMV7v/psb1qK50Y3ITOzp5gMdjfjlwEB8OqG+s+9qTi2kR1klRi3oovq7qxd0Wa5QI84nODIAb3gS3qYuhKejGA1PoaKyKu33EOVcAaZ32obPf7Y1fvsfvzeE9bXG2sPIMYyEX1LtixVgiIiIiIiyV9QAjNGpL8LhMAc/DYpPiREOx9tQrwpAMQdB2f/sf/Y/+5/9X579r2XTRl9W95fCum8fP6+5TltT5QPVTvuh/sHZSfZJ0fvk0zab7QdA7gcRrulai4989KN8UrOIx7/87xNuP/vMM3jtzUOGt3c6q4py3qcvKKaNWQf4z5xKvV6mLLz/dddct8Vms52QL8v29z6T4Mvrz//v9A8kq+ySLXFuuSZJwMT0bHtzfXUtgEi624vgS/1CLDDyna9+PaPz+MNPPVaw37/6hSnN49WL61oOuyiDMFqGJiLebM5Ja8ogAOjxh3HH1tjUTWfvfg7On9yFJlTB11ILRID+JwfR9Vh70v60qqqIYxmpupLOukauBUgMvxhZX000OmevsEd8bau8VwEM5vsx421vRv+ZSwkhGDENkdLVkPY0T2Ib+Tpq0xlpraO3b61z6e+9kjDtkVb4RchnCGYkNIXmRjdCY1OocVbElz+ysR0/OrscNglPIoiVqZFEJRgRVJFPk6T6+NO4Ty/oohQPvoQnse36tfjlQOz2DRULEFHP0fAUmjxuXBxMvV8zVJPMlZxUgDmWWcGsVMcwGn7R2xcrwOT4NQbfqhARERGVraIGYDwuj2YFgHx/06wcGGnDYg5+sv/Z/+x/9j/7vzz73ygRPKivry6rdetrKxdn5xbts/NLCcGvobGFVWtXVTYAmGSfFHfdZZ/2tVY9b7PZ4qNBuQjDXOi/hGefeYZPZBaVbjUYp9NZ8HNUq4Dy9a/9Mfy9PYbWzYSV9y8VYPhEhEt2RGNTIr39fMB0j21xbqm0tam/vnjurXdx5uLIozqbLqVzPiL48q3/9Jjq/auvWZnW5OqF2J/N/gH1a/jP/79/n7RNNjI5nthG6Yn/8SQA40EYw+139OSjwI17RRUY1b70eXGxbwEiJrDJ50GPP4z66ioEP/gibMtTI/m+dzukn03A9uH6tMMtqaZQyobW1EdGXXxxAcrqL3LTM5Gq6ZnIvQAKFixQToek+thvziwLlel2Qn/vFdVl8sovysowWvIV2GhpdmNkchLNjW5cupJYNeyOugpMzcxCWUtMGVyRT4+kNHg2loVS3p8q/CICL8KXt3chODqBXx2NPS88srEdV64OY2om9vvikBZxfXcbBkensHGdF1fOpH5+rne7PjkxFX3K6q+zsq0csr5WwmsnJhNuZ+vLXQvA2bdwtygAdHYlE3e3crasrvxfYzn0o1F2m20aAFo8Le6lJanK4agID48OL4GIiIiISl7xK8CofPvf5Vl5hxANR/nt/zTJp8KQt2VbOJpUBSAc9Re3AgT7n/3P/mf/s//Lrv+N+Pm//jL+88RERDeUUGrrTkzPV2hta0tzgJB9kvt15RaWJC+AIJ99KFOTk1OmOI9vfPOPuH8teZwqQgRfHveIigGehEp4ZpHOORUiyHx40a0ZfAGSgyyrr6nD1QuT6OpoM7xNNjI5nthGSVynCMLkSqu3+QgQC4koK6LI1UwPYvuR38AB30vxaZCEO7a6cOBYFGfvfg7eX9wPZwaBFa0QTLbhFy161yoXC8/oT+3krq2Zq62pPlnI30W1SjBKV0PBrMMs6dKqDKOs/GI0AAPkLwQTGotVgdm2oQNvnRmAq3YVgAkAQHVdKxDy48vbu/CXR/oTph6K90FLR8pAi9r9wZGBpKmVxH4faFqZ3qy1wYng6AS8TbF6UGrn1+b1IDQZgUNK522BDTabzdLTH+XK+loJwfD08q3arPd399138wWtSVWg4s76mvqFmbmZtTMzM3ZPfUOksa7xnbHJsUtsHSIiIqLSVrQAjPyb/1qDnwA4+JkhMQjqky1zeVwJg6AuWV8UehCU/c/+Z/+z/9n/5dn/RogwwtnB2ODQxvZJTExEym5dNRL7xFR9IknSYj7aO90qImRd+R6I8vf24KUDp9jQKdpIv49yf8zk4EuMGcMv6fJ4PBmFYGwGB3LrF6biFVTUaAVZchlwMSKT42mFYIBYEOa//ff/k7PzCwyPnKurdf/Gdej+aQDaIRjvR9bgyLOXsf3H9+EAXsImnwfKicU2+TyQaivhf/YyvB9ZAyB1dRd58EYv7JIqoCOX7tRHesec7WvUrf4Se3KwLQ4FQ0WZcESvmkp/7xXVaiwANKdNMkprv5rrp1n5Jd9GQlPYtrEDwyMT8WWrmuoxE3Whpt6OyemV52QRggGAR7tWpm3a2788PZEizALoh1we7WqObytUzTfgfa2LeG0oln1/X+tiPPiSsF71qvj5uV2Vsf2GJuBtrkfv5ZG03kUwBKPos3gQRv02WdvE9ETCk154Yrza6XK9t77Oc02N0/UWgChbiYiIiKg05SQAozWNRUrL3/7XerUZDUcBuNhLWYiGkweV482/XAUAUX/mfZgN9j/7n/3P/mf/W7P/8xCaGRufik9BoyXV/aWw7tj4lGkeQ+wTI32S+wGEV984aPvEr39Qqq9zJyyfmJxCd9da1W36+i8l3ae2rJDrK89fXMMffvGmnLTTf/32cc1jGDlXrfM3uq7aNU5MTuEnz+x/NK03Yw4HqLxcd+ZtPPSeG5KWl0L4RX4t6YZgpmvr5/noKKzamuqTZ85feOQ6XPMjEYIR0wbJwyLej6zBIX8Qt/34PoSmZ+LLDxyLxqvACEaDLcp1te4X8lURRn4ccf1Gwi9ud81crav65NRM/gfLg4MheNubE5aJ2ydPH09a/6Of+Ijmvp758bO48/ZtGZ3HGwePpty3Utd1a1UrvwQHQ0V5zLc0uzEzM4NVLfW4IAujtLU0IBCMBUncrsp4BZYvb0+er+bLywEVEY5JuE8WmpEvU277bn8wHnrR7PfRCbhdlcsBnTkAQFN9DUYCQCAYhrc5tq/mRjcQSP3+wYaV75WUWgjmyfoKuMKpcwzR9e3YFolkdIyn17djv8oxnvjrr+T2PXx9BXZrXKPHwOcj9xa5L3YZOMewxjUWymw0apuNRtumpu2/gQJOYUdEREREhWWKT1w59UV+xKfCkA2CyqsAIOwH+5/9z/5n/7P/2f9m8PRrIdvH3tcsNTasDChvbJ80vH0prDs2PoV/eX30UfYJ+0RLX5qVYcy2vtnaKZ3zz9e1ut01/KNVhkLTlSrLSu1b55VprR0Zn/o12zXXvCFduJCyxMSps9pFN/oH6i3dajNTEwU7ViAYvNDS2BRPoMgDJ0ptPi8O+YOouBhFfXVVfLkIwfz82yv5JSNVW0TYRC1wIz8Po1VbUjGyH73rl3O6qpacDufA0MjIhUL1lVpgRBmKif8O5LHaSrr7VjvHQoZfjrx4Ov7zbz4UC+AOj0xgVUs92rweAMDq5gZMzc6hxePG2mYPXgkMwNtUj+Doyu+iWlUWtXCM3nKlL97RBCAWhpH/HBydQHtjbXyKJnF+C/NR1FQ4cA6IT4EUDE3A4awy1hgl8M5aL+jiMhAijV5N/h33etSnQFKrBOMqQFA1ejVoKERidU+o9GO0vqKg57C0tAQiIiIiKl25CcC4fBlvGo5G4y/to2FWHszbmyiVto23fRb9ly32P/uf/c/+Z/+XZ/+rEYGLcu0rMwUt2CfF7ZPurrVJgYvurrV49OFG1fX/67ePY2RkNGm5VrWVfK+/d/+YamCku2stvvK1v8pJG21936Oax1C2Uzrnb3RdtWvUqoijZ3Jqei7fj6eXn/0x/xiaTHMti50kiUTsWFgwNJJb49YOuXR1tFm6GRQzpOTdyNjogZbGpvd2o/NNAHB2j2mu2+bzAssvHZ0/uQs9H38dm3weAEBTbSUmInPx9dSCLWr7E+uphU+yCb9kEqKZ7Yv97UhZ/cVVeykUHjtg1sdQ13Wxv0Xy6YfEspOnj+NqKJi3fZvdSGgKq1rqMTwygVrXymB7u6cOmJvDaDgWhu5sSZzCTB6GyZVAKFa1paW+OuHnbRvak9ZVnh+Q/hRIpVLxRS2EohZs0XJ0IJxw+8p0WHf9+P3rq/l32kT9SERERESUStYBmGy/ob/tPe+RACAQdeV837RSBUD1DUfbpqK3Mfuf/c/+Z/+z/8uz/7VMz8xhS1c3AMA/v1p1ipFtrVFEZOWrq6uNfSCp3ObokEt1/5//rdvzfp1/+ad/Hr9OADjR32fax5K8T8S5fvmrf5D34/7j9w8Wpf99lVdN0Se/9VuJ429vvfm6pZ6DlOcvruGh+zflZP9D89rHsFIfhUJj3QBO5Oscn/nBdxKe6z/66S9IvvWJfeDv7cFWx1EAwOkLIWy+ZuUb+/Lbpy+EMOnbnXSML/1m+n9O/u+ffjlhv8pj/j9f/cuM9qXc37GFbVC73mf3/a3hcJuNr0gKiV/HLrDVq1qrJceCWy/4ombxRhc2vvoQ+n8yDaklsYKCkQowQq4qvKgd32hFFyHeBkf115McC+5276rqweBwpBB9JA+ZGKmeIqqu9J+5FJ9+SF6JZXVzZm3e33sl5b71yM89n1Vq9GhNgZT0GAqG0en14MpILHCybUNH/L63zw6mdcxbNiYHWvYf7sNzA7GPYx/qWEj4WX4OeueX7hRIpTTlkZrwaWPTnO771zczCre7/sMn9ho9RrGvMVXIJ9XtbLYvdhsREREREQlFnwKJg5zl3cbsf/Y/e4j9T2xjuc72JjQ2NWFsdLSk+0Z+nY1NTYCJAzBWOtdcMXqdtjzVk49VFnldZZl6BZg//OJN+K/fPp60TItWhRkt6e5f7fzF8tYNxtrg2rv+SPO+86//se4xlO2UzvkbXVe7j9IzPjFZEl8pfu65W9HY2IixsTE89NDhlLfT2afS2NhY2vsyXXu99S5u2bJN9b6RIb9lHwctrT7V5W+fOGpsBwbTRj/43o/w6x//gOp9/+2//8jSv0ta1/UvP/llzo/V6m25YWpmatP1Gzc8BaQXgGnzeTHtAxb9i8Ag4B/Jfgqviy8uJC2LNl3Exq3XGN6HPHyTabjm1m037tWrAjM6MtlSUzP3oVUtzT3DI6F38/2YEJVWSoUI9BSrYoxyCiTVx7fXg0AwnPSB6dtnB+NhFeMGk0IwLfXVgMYsnSL4kur80p0CyV4i+RetgEX0f/84r1Ub871/QS9oY+Qc9lmgD80QJiIiIiKi0udgExAREZEZaQ7Sz5zL7/6XTU6ufLG3rm5ljLqmNnnqhZnpiaRtlNuqbWd1+WyjYvX/0pWrpm7zS7N3qi7/7G/fqVhPffu1zjcAaFcvydX+c0EegBgbiw3OphN4kF+L3vmvdb6R1rpW57vu+oTb/t4e1Ho6l28lVxfQuy8bmexXhF8M73tE/XrTkuMSMKf9Qdtmn1fSmgZpBMADH701afkLP3gNRzdeCwB45om/wR88tRLSa+2OVScY6hvAn3+yG7/53a/H74sMBgAA1e0rUwNtevk1PPDp92HDltyM5507sRcvPHNYd2qnMxdHcnKwY0PTXVtba/v1pkH6wp9+I2nZd776dVy7ZqVSRSgSq5jQXL1SCeyRJ/bgxZdfxsTmhwEAH1sVxZHoagDAdtdV/OhbOwEA5y+H4sf417//TtbX9Gu/84X4Oepd1y9OXc7pAOz0dGTjTGS28vDRk4/eihv3yqvAGK3iIoIwXjQlVFzR2v7iiwtwdo8l3BfwBzHb14i2JZXnghE3zh67gAZPver+lFVe0g29KLef7WtMOQUSAMzMzFbapIqNAPIagLlx80145sfP4qOf+EhCCCY4GDJceUUpmymQMqGsWtN13Vo88+NncePmmwr+909rCiTVx7YsgBIIhnFlNJJB+AXL2wyis8lY3lUv+JLQrmlOgTRXUWH51y+FCqHwGnmNRERERGR9DMAQERGRaakN0tc3dgK4El8Wu21E4jbjs+r7r6tvAgBcDq18ozIs/+xeday2RvOoYtvtbc6s28MsJX0K1UbF6H+zGBnRr4KkDIc0NjbitttiFQIOHVqpIKAWHDFSYSab/Rs5/3SIY6TbRmrXonfO6a6by2s0k5VgiuYvc1GOqRd+KcY5F5sIvbz3llh1jDffvhBflq4vvNmruvw7711v6P5Sd3liFNtd+uv4798FAGhojwUwxgdjIQPfi7t07ysml8sZWJDmO2ej83a1+/VCMO7mWLWWqdDKR0piXREqUZ+CqBGNvUu42LdS7aVmOooaDGJC4zybLlehfmQJZ8OxIIwatfNUO0fl9WXK6apccrmcgenITF77SFRK+e6PforPPfIbSSGYTGQzBVK6lNMedV23Ft/90U/RaHMUpbJNOlMgiSCKmPIok/BL/LXFgAMPIRKvBHNlNPXsWbmeAmmxBAIwRERERERERjEAQ0RERKYiAg1HNQbp12xqyclxtEMAK9UCTp78mO4UHJ2d/wgAuHLl85rrjI2N4cYbn0ZkZlL1OmP/vm3onKUi94nauearjfqK1P/bWpuM94kJEkl6oQB5+5pl/12d7rTPobGxEZUb7Bg+GIrv461z2V2PkXPORfuVmsbGOpWlsYG3yg124ODK0lS3jajcEBuXnz+3hFW3K6odHCzMNdvt9mg+9uvxeBAOh5OWAQO47rrNSeu/gNeSlsnDL/HbkrFB6uuu24xF2e0bOzYBiIU0READWAkp3HXL+wCshDdiYY7B+L5eeOawzjVZz5r6JgBXcXnCeNBNGXAxel+xjIyOvtFY73lwNjruVasCA6iHRORhE3fzQlLARBmEUWqqrcTEyCBmPx77Gzyb4jydP7kLTbWVCIyuAzxjmuciJ8IvetehZLT6CwBUV9aEQmNjBSkJNiYt4LkXDj4KYK8yBGMlIvzy3AsHH33ogdv3Fus80pkCScgm/JK4j+TpkJTyNQXSUnS2oraz9f7pK0Mv8tUMERERERGVOgZgiIiIyNImxq4U9HhGpuAwOk1H2i/cKuxLVuiTQrZRoftfTspTIklreiZP6w24pBj3SgoFIBYaSAgMyIICntYbABxXrV6Sq/13d40lnb+4BiD95IoIQaRqI3k7AUi6loTrOah/3Xrrxo4zpjuFmpmt97Um3H65AMf86ldrAUSBe2tx7Fh6286fW1J9DBTqeifDY5vaO31rAAA2G2yx5NsLuWiXbMIhauGXN9++gLu2Z15tTB5+kQdcBPl944NBYF1ur8ks1ixXOUu8rT893raHY9NW9R33o6Hdi+6bfLG/dS/q31dsNbXO1x2VjTdNR6Z9IgQDANGmi5rVVpRSVVrRssln7LHSD2D7ukac7lk0fC5GjYcn4BqNPZCNhF+qq6uWaqtr/VVVlcfDk4XtK2UIpus69b858qor4mf5smymQEq1b9X+k1V+Wb6Goum9NIrVaU6BZKRaSzr0KrvIj5uyL5anQDp6ztjUnYuz87bpK0Otle6aT81PzfyQ7yCJiIiIiKiUMQBDREREppXvKUbU9l9dIyocxL6TLB94lQ/6z59byaIYWWdlv5kbGJm/d12b64Krynbm7KXIVLH6pVBtVIz+T+uFtCN/gSQj0zMp2xS3rfycTWAgF/tXnr/WNaRzDtkcI532MLqumafQSldncyyMdjjN+4w6duzljPar9ViTP2/oXQ9Gsm+bUHCwFkCt2frsruVKL/HAi3Ql7fDLqlWiolYvtj18a1JAY1VoPn4/gPh9Yr1Vq2L3hwaK0wZdHW0Jt/sHArrrN9U3GloGrEx7tKa+Kf7zyrrqA/59x/0AEG+/vuP++MRyevdle11Zva4YHIoCOOhtbo5GIqObRQjk1m037p0dzSwIA8TCMG0+b0LllTafFwEEgcHcTMUiqr+kG3oBVoIvLhiv+gIAtdXunpHR0eOFeowrq73kohJMIadA0gu/FKOSTaOnGoCU1hRIudbm9eR0CqTGhlpgfM7w8eenZirca1rvRWHyr0REREREREXBAAwRERGZklYVDGAGAPDDAysDUL/7wZtS7k9ZKUR7/+rkA7Fag69G1snG7PyS7dLQ7PqudheQ3Xi0IRvW1FTfeZPxgZJctlHR+n/GeIWSwdD89k5vVVu1037i/JXoeK7aXXt6Lu12l0sKrhhu29zsX+38xfI7uvLXRqnaSe+c01033T6yknh4JIdPMj/4pTujYxoNv+TjnM2o+r3vMbZi18ovWrXKMrycPJ2SWkADnYrnjuXwixkoQyLyZWu71ulue37ocvxntQCMfNqj7a6r2O5K3sfarnW41H8R7d4GAMBptfYD0O5t0L1Pvr9U15VPjsqKy81NnqbQaLgNWKmGcuu2G/cqpx0K+INog1czeCKvBKOcDqnN58UFBFExAtyx1WXo3PoVt5XTHk2FHLrnojb9kWt0XVrBFwBobvIEHJUVlwvx+BZBF9nPSfd97pHfwMnTx039nKUVftG7vnw72z+MjV2r0poCqZDSmQKp9/IIHFWVaR9j6vJQO99pEhERERFRKWMAhoiIiExlzaoWXAYwPqtdYeGHB0J485VncP7gHgDA577yr4ZCEEpq+4/MiJr2VfHluQh2rOw38TrXxL+Bn8YLOEeFVIi+kGBbp3auhWqjYvR/fWOn4T6Zm5dsV4JznWtbXRUo8Ddp41PKAMC9sX/E1DKfvze6suK9AJA87Uyq6iXZ7j+Vb/z9SoDp67/TnHL9bAJlCdeS4pzTWdeyz7FtLRlvu9TzmfjP9k3/lLrN781t24nHQeUGe8LUVPm6XjOKvPkWPvrmW/HbCaGY/uWoQFdmSTNlQEN5n3x5900+IHTecu13fugyrt22GfdsjIU6/m7fZVzbuiZ+/9nGjWjHyrRHP/rWTgDalWL02q/7Jh/wy9RtawYLcwvrQ2Nhw0kbEYKRB1uMbJMv8tCN/JxyeczQaLitpbFxGsChQvSJXjBEBEgabel/pJfNFEjp0pv2qNDBlx/+6uSjAPZ+9p7NONs/jE6vfmEvs0+B1Ht5BM2Nbvz82GU888qZR0FERERERERxDMAQERGRKWlVWFizKTaYef7gHgxfejvn+weuT1hmhsovSpJUmD6odNgNHSkfbVSs/hf7T0dFRe6nQko1PZPalDJG7tN/7Odm/6nO/xt/nxxg0gvBaD1ejE5hZeR8M1k331N0mdGur/0ezp0+AQDY+9PPaIZg0mlHoxLCL2Vu51o37tk4hk//qjIn+zvx+2LsdDH2z92xQEhfX5/s/sX4crFuX8i6bThrr9K8Tz7tkVFq4Ze+435shvnDLwBQWeU429zkcYVGwx3y5YePnnz0Vty4N9p0Ea7RdXB2r1SDSSf8Ig+jXDNYAT+AH3x2fdrnmc6xlOGX2b5GiOtIt/oLADQ3eQYqKx1nzdJnz71w8NGHHrh9r3K5fGoh8bN8WTZTIKXat9yYtFDwkIvRF8/NTW68dPSC5qpmnwLppaN9WNMWC+W5nJUgIiIiIiKiRAzAEBERkeV86o5mfO4r/5pwWznFTaamp2eXf6rCI48EAARW7lyTuO7Z5WGQBx44o7mOWK+6pi6pwkmmbLbCtLNW0KbYbZTP/s+soQp3qC1rxy29f8FogCmTih+ZXEuhrtvqzp0+gVOnU1f9SDXlUbrKLfxy5szplOvEAhxSVse4q+NBACtBFy2p7jdyvmZxbesanD96GuePrtyW++JN7QCuphV+AYCxr3wIACDqxIx9P/bzIAAo7ouTTYFUbFcDw+Ptq1adcdfWtExNzzjl962ERU7iVty4F0BCECZd/pFpAMAntncW5Npm+xqTriNd7tqa2cqKyjODQ8GC/LFo9NRFJienqxcW08/Xdl2nPaVhtlMm5XPfco4KO+rqaiO5btcf/vJEvApMU0MdgBHV9QoxBdLX7o8Fkd4+O5jws5EpkGLnDrxwJiCuiYiIiIiIiOTvK9kEREREZFZ6FRY+dUdzXvcPAGfPHjC0H6Pr5UqhKsAYCdrks42K3f+5bKd0dHetTarI0t21FuGhd/P6u5Wr/audv1gOnMNnH3ImBJg++5BTc19aVYP0jpHLdkq3j6zqSmjM0H17f/pK/Gd59ZdMpjzSO6acWvglVRWplX17Td3u4XA44bbH4wEAXHfd5qR1X8Br8Z/3XJrCnkvZHVvtGNns64VnDutek5lc27oGoxPJj790pjtSajdRmCVTg8PDQQA/aWlqes9oOOyLvd5IfMEhQiS34sa9qUIwahViZvsa8atDh3HgmB///Qt3Yfu6dH5HHbr7VjPb15hRtZfY3/bYH/cmj8cfGht7a2p6pmB94XRWTUxNzVRnsu13f/TThNvyaZLuvH0bmjszCx7dCeCZHz8bvz0mLWgeJ/vXVTY4nVUT+WhbEYK5w6df8S/fUyC9fXYwvkz+s9HKMwy/EBERERERGfkEgYiIiMhEtAeYEwcg6huNfZCvrBCitf/a2thg/OauuZxeT2RmznJ9oBW0KUQbFav/lfvPpp2y8Vu/lTim8dabr2Pv/rG89ncu9688f3ENANDV6cZnH1pZ3tWpXi0kHqoAgHsBIDFcoXWMfLeTXh+VAr1gSr6mPNI6ptHwi9EwjZkogyLyZXoVVarf+57YD/39WR3/zJnTQI4rt+hdE1nHyOjoW6tbW9+VloDQROhD83OLSTFPMTWSs3sMAX8wHkRRTjsEABdfXEioGHPgmD/+cyitUEk9Av4gZvsa4exG0vGU55BN+KWyqkJqrm/+uc0ODA4PTxa6DwJDodZMttObduihB27f29zZCW975gHisQOHdfefq+ufX1jMuA2M+OEvTzyKD2zZCwBXQ+PY2LkKADAYjmVuXjrah/u2dWtu/+IvX8zocfXQ5+/e2+b1GAq5vHQ0VnlL7fwO+EeyCr84aquX+ExHRERERESljAEYIiIiMq18DzCX6gA2+7+w+5dyPAdSLJjzetKyB+67G22rO3Ow/72YmJxKWt7l8+Vk/9///t6k8xfXcEfX8rE6U0+RoxeqUGsjsVwtGJNrateoVpHGjC4Hkqd8mA5rTyGmdx+Q+XRHqfYrpFP5JXnfXtXrJevrHwiY4jy2ffQ3S/K6rg4NTQJAS1NT36Rtqntudl631pla8EXLf//CXQAAX0ttTs85nXPQU+WslOpq3H2DwVgb2Ao172SBBAdDfAJBLATzifd07Q0MnEG9uxpXQmMIXO4BUIGmhrp4AOXc2CyAlWoxmYZfjBDHBBCfoknt/LIJv9gq7FiYjvwzHwFERERERFTKGIAhIiIi07gyOIpTZ49hbHQU/vnVUBtgPnZFOej9dgZHehv1nXdBfQD7+qS1q2vqEm5HZiYxPT2ruufaWmfC+pGZSd3rnBhrSv/0bcXpE71zzXUbaYVA8t3/S5VXM+iTwnRIv9+Pfr8/6/1oTdWTq/3rXsOVKYMPvD9OsYJL8x4G2bKjF0wZG8tNIYQ6A8eMVQBSVJm6N+GZJF4RyGiYxiruej65KsYLBThGNl4wUfsd+Mb/UF1+8FSvytJQRsu0jpGpqyZ9LI6Mjh5qcNevWlxcrFtcSAygyavAaJnta0S06SKcqI8vyzb4Em26CPStQ6rjZlL9pcJhh8vhmhoZHT1kteeN/jPaIcyHHrh9793Xb8/6GMv72KtVBab/zCV0XWfO6QDruzuPT/qv3iQtJT6OG+obEAqcw4D/Murr6zERmQYgAigAxlZey2YbfjkyEMbkjPaUSvFjGji/bHg2rmsCMAoiIiIiIqISxQAMERERWcrz70zl5JuXH++Eaqn2//q1r5m/EaQCHUcj11GINooFVArf/xk1Ux7yLyMj1h6X0Dr/517sydnjo9htZNU+6vUPJS3Tm6ZGft/F00/m5BxuqEk9NU420yrF9+1Wv16r2vSP30te+PJrmS8rM784dTknfz8+eP2aveXUbuNTEz+rq3V/bGphulp5nwjBAEgIpMz2NQIA1t3vwMUX12F2NBZccaERpyP1GZ/LbF8jXGhc3m/sGGrHzXTqo+qq6sj41MTPrNI3y0GUva+eOiK/rerVU0cg1iv2uRTlcXzh8mmbzXZT0vKJcfg62+HxeHDl6jCAChzwj+AOX0vCermq/KIWclFzwD+ieX5ZvYVYXEL47MWHAPyA7yqJiIiIiKhUMQBDREREpvLKkVhFj/rO1XkfYFbbf64CFnoevNm9V1wn+vvM2xlSYp+Icy1EG328E3uL0f8n+vvS7hNJKkwiySpT7OgpRICpFNopn/xnTiUtuxpajP+sDKbI7zt7/Kc56b8b3tO1V++Y+/7XV9Pan+Y5u9Wv1wwCgbB6/wyN4fNQr2J05uJITtr/unUtez8/lftKSQ01taZo25+dOlUSxzATd23tIXdzhXtubrErHJxpWlqK/d1zOCpw9OTpRxcWFiGCMMBKAOXw0djtR/5g296Avx7juIgGTywA0+bzrvw++INo83mTpjES6wT8QYyHJ9DgqUebz4sf/fnR+O+C2nH1OByxAMHCQux5wm63weOtGa2qquhH1DVltb4xEjQpVBjFbKEXucbN3fa6rtVnpy4GNooqMD9+q/9RAHtPnRdT5VWIZcAHtsQfV/mc9khOhF4AyKc5Uj+/LNT52i/w1RAREREREZUyBmCIiIjINPxB6dbey9PXArEB7onJ/I5D5Hv/WrIOAdgsdK4m7h+1/RfzelOd20+e2f+oFX6PP/7Rh/cW4ndL6xiFaKdCXWNenmd7k6vwiAG1TyiCKfL7ckm+T7Vj7nvljOFj6p3zR9Zhr9r1msHxfu1pm3IVdCnk/q9b17JX75py7Qff+5Hmfbmq9FLo/X/w+jV79a6rmAaHh8QsTedam73XRuYimysqKqLVLtevAGAmEvlgz/n+j03PTNeIcIzcj/786KOP/MG2vW3wJiz76t9+YO+FniDWb29Eq9cLd/MCpkIrH1Nds8mLP/03v0zYVh5+AYyFXux2G2pramfsdttCTXX1LwAgEo2+f3Fx0VVdVX16KBA8b6b2rq+rnZ+ZiVQuLC6V5fsBR4UdNTXV87nc59jpviUA71R7G9fMhSdrlpYDUFp/42QBlJySh1yMHDOXf4NtFXZU1btnJ/2Dh0BERERERFTCbIX6xioRERFRKteucd/SeyUWgCFt6ztrz/demX4738fZ5HNv7PFP3cwW19e1umag/+rMq7l6XV1bW/ObMzMRO1u2PEiSVLBpCGw226fZ4sXvM/aDhnXr3sLFi369VdpbmnyDI6PvYWNl97i02fKTpF3V3LxhcmZ6ayQSrTBLu1RXuxbramqPDYdC5/LU7vl4robD4dixsLBgK8fHssPhkBYWFvblsm3lj/lKd82n5qdmKsqtXSuqKqXFufl9+Xrc8jUM8TU4EREREZkFP1gnIiIiInXMSRtrphwPIthtNjYqERFZznAodK66yjVc4TDHR00VDjuqq1zD+Qq/5FPnau+LTY110UpH+eQ0Kh0VaGqsi3au9r6Yz+PUrPa+WL2qacpRW71kd1aWRdvaKuyoqHEt8FmKiIiIiIjKAadAIiIiIiIyEwZgiIjIokbHwy+3trRcMx2dvmlqKuIEAIejAvW1dQOwAWPj4x25ruzR2NAwAAmYmJ7sWFie2sbtrp6tddUeHxoZuWDFdvRfGhwG8NPa2tqPzy9MO8vhsVPldM2Ojk3+dHRsMq/HGT93cQTAswBQu9r74PTVoLfU29bhci7NhSd/BCIiIiIiojLAAAwRERGZB8f92U7sECIiIksbGhm5sLqt9ZK72t0iSYDNhvlAMDgCAKuavKsafLaKYP/M7eGxqepMj+FpdEe8XTUHx/3S4vBocBgA2rzeFklCpc0G2CvsI1cDQ/NWb8uW5vpD1S7H9lBovKZUC/PZADQ3N8zU1tYcmZ6eLuixHe6aY/XXdDYtzi+0RQZHOpbmS69IirO5YdbV1HBk/PwlPjkREREREVFZYACGiIiIzINT7rCdLIjxFyIiokTL4ZNB5fLh0eDw8CgA4OmWxqbtC4sLLQAwvzhfOz0d0ax0UltbPVtZUTkNAI4Kx8jI2OiR8NhUwjoiZFNKLl4avALgSsfqVTdHItE1kJYqR8NTJTFvT5PHPQ+bfb662nV54OrwOyOh8YKfw3I1mBEA5xq6O9aP9w3cWiqPHUdt9ZKrqeHS1OXAW7NFaFsiIiIiIqKivR9iExAREZFZ5LIkPtuJCtYfTCQRERGlbWRs9Ij4eXVba1W103VLeGJinXI9T339xaqqqrevBobmyrWtBq4OvwPgnY7VrRsQntpeCtdUXVN7YuDq0DmMTZjifGxVlQH3uvZLU5cCa2Hh19q1q70he6UjZK+qvDJ+/tIQn2mIiIiIiKjcMABDREREpmGzsZaGmdqJsQ42FBERleCfLXMO7s8BeHP5P9Lgcjr61q1pWwiPT2wfn5ix5Gd6DfU1C56G+iMOR4Wp5uQJ9/inALzh2bDudGRk7H4sSbbZ8KRlqu1UNbgXXC2eIxMXrvTxN4WIiIiIiMoZAzBEREREpIpxJIPtlOtAEiv8EBGpPz2yCajMXegfWADQB6CvdVXz3QAwEhrrWFxcMvV5V1TY0dLcOAAAQ8OhV8cnZkx7ruFzF8cA/BgA6ta1b4+MhNcvTEfspnwNWmFHbbt3ADZg6vLQq3PjU/wlISIiIiKisscADBEREZnG/PwCx7aMtNNCgdqJCRhDcj0Fkt1uZ6MSlTJXtYRohM+wGai0SRVsBaKYoeHQqwCwds1q7/T05F3R2fkq+/LLt9m5Bfvs/EJRzstZ6YCzyrEkAVgC4HJWztXW1r1+6fLVoNXaePLi4BHPhnXnsbRUOz8T3RwZGVu1NLdQ1HOy2WyoqHUtOZxVc86mhtfHz18K8reBiIiIiIhoBQMwREREZBpXR+Y2sBUMtFNwbkNbk6MqMLrwVj6PMze3sMTWTm1hYTGnCRhOBUZU4jo7foKJ8fsgAQgGm9ggxrVXLIarGqpHJcDeNx7xsEWA7obqsC2WM6AytRws+al82fqO1b7JyNS2odEJVyHPpbWpPlpX7T7aO3DVL5ZNT0cRGp20bPuGz12cADABYLBh/RrfwnRkIwBIS5JjZihUn+/ju1Y1zVTY7VHYYlWwKlxVQ5P9V48tTEUQDY3zF4CIiIiIiEiBARgiIiIyjflFFoAx2k5LS1JVPo/R0ey46fLw7HVs7dQCo/OdqzwV9wN4ka1BRCn19s4BeA4AsG5tF5aWKjE1cwOmp5yYmyvnlklZ/upQYCIk2u4mr3u9BNgHp2ZvmpxfdETLJLPpcthRV1mxsNrtPA5g6Xhwqpe/VJT0NDNw1X9915rLblftNbABdhuwuAgEJ8a2zc8v2AFbrFSMtFLJTpIkzM0vJuynqrIiHsy1ybYBJFRWOpa89Y1HKyqAJSm23OV0XDjVf3mxVNt1vPeyH4Bf3K7v7twQaxsJkCREJ2dumJ+cdsYaNLaOtLQEaUGjSex22B3Lha1sQEW1a6Gmsf64vArjeN/AOT6iiYiIiIiIjGMAhoiIiMia8poWWpKkqvkFiaVIDFhYlLCY50ASEZWoi5f6l386h+5uO+bmtmJmZo1tcalKGg+b//16dfUiampmV/4ySViZP08CREUraflPVsLt5Z/F6nb7VDqHlgU/zt3WVm+fnFu8fXJuYVVkcckZisyX1FRJTa7KxZpK+2xdlWO4vrLi4MHAxFIwMs/fH9K1HERJCE9s9q05D8AmyV5Fil/L+YVF70Rk+r1DoXEXALQ2N0Trq2vfrHRUBOW/xrJtpNP+y2WdXp/ou6IMp5xr3Oizx54BJcBRAckG72xg9L3RkXBCNZ7KxrqF6lWN79qrKs/aZhcAmw1jZ/1L4+FJPnhVeJu8by7MRW+amY3WLC4u2haWWPiK0uOw21FRUSHVOF0zjirXcbYIERERUQm/9mMTEBEREVmPBOR1cE+SJJbjSbtLiIiy0Ne3BOAdAO9I3d3VcNdshgQXBgfXLj8xm++c69zDGA6+nJN9hUIZb3ooMLEE4C0AuLW13tNaU3XN4pJUfz480yZJ1nuCti3/b4OnJuCw2yZqKisuHA5MhIFZ/p6UwwuK/P6uSzqvWYagmEqJbZqRpXJp10IKjgYvArgIAM2NLZtm5+ausUuLzomZ5Yo7RBoaampnF232WWeV80JobKRndn4eAINmRERERKWMARgiIiIyjbbmqlAgNNfMltDX2lgZqq6ynQoifxXmJSn1VBSU0F4VbAUiypm+vgiAIwCA7q4TAIDw+AO2hQUHpqYqJbN8892Ez32HhybCou1uba2vkyA5rkzN3r8kwTY8M1dp5m5fVVM1b7dBWuN2vgibbeFwYIIjdERECqGxkR4APaua2ypsldXX2SE5JyfHNgAAK8OQwx57G+uuazwnwTbrdDjODIcCi1PT/JNKREREVDavCdkEREREZBZ1NZVDDMCk1uCuGjp3eXo4n8eodlac72hx1AyMzLWzxfV5PZUT1U4cY0sQUV709YsRm6clAOjsvBFzc432+QXv0tgop1/TcXgoHiD5MQBc31y7fW5Rqh2fW2gbnpkzRXjHW1252OiqDFTZbdPvhqaPAEBgeo6dR0SUwnAosAjgXQBoaW47JUnAwtzMA/OLi86FuYhzbpFhmHJRVVEBR5VrtrKiYtZRVfOCzQaMhAJRtgwRERFReWIAhoiIiExjaUmqZCuktliAdvIPzY9dt859kQGY1OpqKsN9V2eusiWIqCCuXDkJAEvd3U7U1TRhCZ22sbFuSJJNmpmxsYG0nVoOmNzaWl+72l1VH11YuiYwPdexKEm2ybnFgrSdu7JCqrDbpPbaqoFqR8UFh902cTgwMc3eISLKnCzs8HMAaPJ4188tLnorpbnWsamparZQaWqsdUfm7VVDVRUVwdFwsDe2dIINQ0RERFTmGIAhIiIi07DZOG5npnZaAlhZwEg7LUmc/oiICq+vbxbAIIBBCTiMa7qrMDF5HwAgGGxiA2k7PDQxDWB6uf1wS2tdQyi6cIcNsPeNRzz5OGZ3Q3UYwFKTq/LA20MT4+OzC+wIIqI8WQ5D9Hqb2+yeylqPtLjgG58IbWTLlAZPQ/NZ2Cv8Drs9PBYKsNQPERERESVgAIaIiIhMQ5IkNoKJ2olxJIPtxOAWEZnBhb45AM8BANau6cLSYqV9ZvYGaWrSKc3NA+DfWC1vD02Oi7bb0uJeLwH2C+ORm2fms6sKU1NZIV3rqX4HwNLx4FQvAPSNR9jgRESFe/+zBGC0qXEVg6El9f7LPjE2NjzKliAiIiIiNQzAEBERkWkwSGCuduJQqcF2YnCLiMzm0uV+AFgCzqG7y465+a2YmVljX1qqWgqH+TmAjhMjsaDKNZ7qtUPTcy1TGYZgaisrpPbaqpHjwalzbFUioqK/YmdlS/YnEREREZUJfvBFRERE5sH8i6naid3BhiKiEtDXvwTgHQDvLHV3V6OmejNgc2FwcC0AgCE+VRfCkedXu52/Pj2/WJNuC9kANDgdkd5w5Hm2JBFR8VXY7GMNte7I+PRUNVvD2jy17kiF3T7GliAiIiIiLQzAEBERkXlwDI7tZEG2HCdglpY4jT0R5UlfXwTAEQBAl+8EJAmYmHrAtjDvwNR0pbS0yDaS6XQ7f2kDHhqYmk1rwHS12xnpcDt/eXVqlo1IRGQCI2PDgwCe9jQ0b5+aGtsACViw2GvuCrsNNpsNHnfDyMT8wuDCwpxmZVBJklDjrIHD7oBUYm8ew+Mj72J6ig9qIiIiItLEAAwRERERURZy/aEyp1QiooLo908u//S0BACdnTdibrbRvrDkXRoNcWoBAIcCE5EtXncPpKXrB6bnDbXJ6trKuZbqyp5DgYkIW5CIyFzC46EjzU1tpwBgYW7mgfnFRefCfNQ5t2DeAGhdTe0sAFQ5a99cstnCI6NDUSPbTc0xhElERERE5YkBGCIiIjITTiZjpnZibxhsJjYUWcP6624aBiTYbMDoyFh9aPiyi62SWvOqtdGmFs9ELJtWwr/vV66cBICl7m4naqubIKHTNhbuhiTZpJnpsn2iOxGc6tnSVOUZmXX4ZhcWdNvB6XBILU7bwPHgVA9/c4iIzCk0GhABkp8DQKPHu75yYdHrxFzr6JQ5pkiqczqXliprLlXYbQsTE6OHAQAz0+w8IiIiIiIDGIAhIiIi06iw22bcNQ5pamaBiQIN7hqHVGG3zRTkYBKTHcaaCXa2AllB75njL4ifm9tv2g5c3sBWSc1W0XTp/OljR8rmgvv6ZgEMAhiUgMPo7q7C5OR9gAQER5oUz4Bl8XfixOjcgbamNltgNODTW6+xvuXiidHAAf7WEBFZx1g42Augt6a5ze5x1HgkabF7fDx0bTHOpabGPe2oqnndYbfNjY4OcZ4fIiIiIqIMMABDREREpnH20tSpmzc2XpmZle7s8Ycb2CKJNvk84zVO2xvvnB0bL8Tx7HZbtL62cmliep4BDw01LofkqLDl9OuYS0ucAonyb2lxiVPcGLS4uFjebdXXNwfgOQDAms4uLC1V2qNzNyxNTjhR4Zgvl2aQar1nVjlrK8dCAx2StISF+TkAgKOyCjabHY3NHQOSo+YMRgP8pSEisqBgKLAEYNTb1AqPu94bnprwFPL4npqaOVS6zofDw6PsDSIiIiKizDEAQ0RERKayHO741ztubN14xh/eNj45W/ZVSGpcFdKN65uOHnw3eLaQxz3dP+m/eaNnMDpnu+d0/1gzH52Jrl3bMFVXbT/8ztmx3I52su4OFYANDFoZbiv+Tq64fKUfAJZ86wKoq61FhaNsvp0+dPlkGMCr3raN7Ta7rXZy/Op2G2xwN7QfkZak6eHBs4N8gBARWV9wdGjU29T6usMx86GFhcJUJq2qqMC8w3VxenzkDHuAiIiIiCg7DMAQERGRKR04OXQWwNktG7wPzc8tOPyDE3WR2cWyGYasdlZIa1rrJiPR2YXLw5HnDr4bLMp5vHM2PAvgl+/d0rru/JXJO4KjM2VfDabaWSFt7vKcPtITOsHfVCJKlySVRPhoYvm/ciSCLr18NBMRlabg6NBka3Prz4ZCQx8pxPGctQ29kxOjb7PliYiIiIiyxwAMERERmdqJc8HnAKC5vvLjkdlFZ7lcd43TPnfuUvjnZjmfN08MXQRw8ebrVj0QiS64rgxNuCdnFsomDFNVaYdvdf3E9EwUzQ1VvzrSE5rjbydZHOuasK2IiIhI64+/zRZtaWw5OTI2cmM+j9Nc3xiwOyp7J9nkREREREQ5wQAMERERWYJUZgOQZr3ed84MvwAAbU3OD0/OLNSVS384K+1L5y7GAkkDwWhej8WRdioEe0XVtKvGuwgbIC0t2WYjITtbRfY7X920ZLNVSIAEu71ymi1CRERUXgIjgQUA71ZXu7sX52Zq5xaXcn6MWlf1nFRReSo4OjTGFiciIiIiyg0GYIiIiMgSSmPGiNK5Xgkoq8HyQnbH0pLEX3jKu5HBd44DOA4AbWvvskdnRu4DgPHQuVWStFSWbWKz2dHQvGEYAFw13pcCl15bAoDozAgfMERERGUqEpl6xlHp/E0szub8/U91Tf2LIwy/EBERERHlFAMwREREZAk2G6/XVJhIyuOhGIChwgpcen0JwAsAsKrjtg5JWnJEZ0a2RSMh18L8jE1aWizR59kKOKpqJGd1U7S6dtVRm82+MHzl4EDs3h4+MIiIiAgA0FTveS48MfbQ3PxczkIw3ibvGxV22wRbl4iIiIgotxiAISIiIqL0lds8PQVMJC1JS0kHq652LbWu8o5IrA5j2d+XxcXFiisDg81mP9XhgUPLARBcBICW9ptvnI2G1y4tzrqmJwaqSqE7aus65ioczmiVy3NpZPCdk/Ozk5gKX+TjlIiIiNRfH4WGwnV1TX2uiunuiWj2lWAa6jzDdnvFQGAksMjWJSIiIiLKLQZgiIiIiChttrJLwBTO7OzcPrYCmcXI4DsnAZxsW/u+Klftqg2QlqrHgmfWA8DS4pwlrsFeEcvtNHqv67XZ7BFHpftc4NJrc+xdIiKi8pCjCouHl/8jIiIiIiITYwCGiIiIiNImcQokorKyHBh5FwBa1955EgBmJq++f2lxvjIyPeRcWpw31fnaKypRXbtq1l5RNV9b1/Gr2DW8HmVPEhERERERERERlS4GYIiIiMgSlpZg5/Wah81WXhVgyu16ifQMXXpDBEmeBQDv6u2bFhZmG+dnJ9qmxi+5inlu7oa10SpnfaDC4RoLXn27BwAmx/rZaURERERERERERGWAARgiIiKyhLrainBkdqlldr70p0l3VlagrrYiHJ6aN+05LklSWQWSFhYlJmDI8vJYuamHrUtERERERERERETFZmcTEBERkRVcHor+6oZrPIfXtLrnSvk617S65264xnP48lD0V2Y+z2pnxViNy1EW8wLZ7TY01lVO8LeQiIiIiIiIiIiIiMi8bHn8FiARERFRei9MDEwz88Ctq6vmF5bckgTML0qrL1yZvD44NpMQ6q1xVUjr19T3Nta5+rRe6/gHp++7FJiski9zVNiwprV2bG1b3SG17ZYkCWOT87f1Xp5onJ1bSLivxVM1t7mr6SW1Y0kSMDu/1H3+8uT6sYlIwkXW1TiWNqxtOOWuqbwqSUClwz71wuGrlgj5bN/UtHZscuHmvoGJ6lJ9TLY21yx0eqtPH+kJnUq1Ll9XExEREREREREREREVDwMwREREZJ4XJrb0Z5n5tfd1OQeDU3fNz8cCKTOROdS47G+/2zc5nmrb229su3MmMueCBETn5gEsXTl/efpsqu3uvWXNxrGJSOfi4iIWF5cwOzcf7bs680aq7R56r69hKDR9y/z8Amw2YHpmDnW1Fa+f6J2YtWqfPXDravv8wpJHkoBFCY29lye3D49OV8jXqXZWSF0d7steT80ZtdeekgQMjETu6bsy7pIvt9ttWN1SPXVNZ8Mb6ttJmJxZ3Hr+ykTr9ExiZshTV7m4uavxDUeFPaJ2PKPhKbvdNvPykcGokbbg62oiIiIiIiJz+ZvnDpb1G7V/+9DtnM6XrPz7W+xTKPcPevj8UdznbzYCUYYcbAIiIiIyiwwDBLMAXsjwkG9kuN3Z5f/SNZ7FuRb2Ha7BMNILh68uARhdvjkK4MK2Td4H5ucXYIMNM9E5OCtx6nTfeCB2+Zp++t6tq2+dmp6tX1pawtz8IpaWFoO9V6ZPXBme0dvuxftvX7suNDazfnFhEUuShJno3IJ/cOaVN08M6203+mvv6zqvFp46cX5snL+NREREREREpeEj27rL8rqfPdrHzifi8wefP4io7DAAQ0RERERJsqxmkmnI53CG211c/i9d2YSniIiIiIiIiIiIiIjIROxsAiIiIiIiIiIiIiIiIiIiIiKyMlaAISIiIiIiIiIiIiKiklfq03qU63QtRHz+4PMHEZHAAAwRERERERERERERUYEcunCRjVBE29a3leR1He0N8LFWRLdds46NUGK/q2q/U+X0/FGq12qV9ieizHEKJCIiIiIiIiIiIiIiIiIiIiKyNAZgiIiIiIiIiIiIiIiIiIiIiMjSOAUSEREREREREREV3N88d1BKZ/1/+9DtNrYaERFli1NNEBGfP4iIShcDMEREREREREREVBT3bekytF54JoK/ee6gxBAMERHl629PeCYCT021Ze976UQ/O5fIJK9drYbPH0RUShiAISIiIiIiIiIiU3BXJOZbphZXisRsW9/GEAwRWU661a4o0bb1bXzOJz5/EJ8/iIjIMAZgiIiIiIiIiIio6JThF7GMIRgisrqPbOtmI2Tg2aN9bATi8wefP/j8QUREabGzCYiIiIiIiIiIyOw8NdXw1FTHQzBsESIiIiIiIiKSYwUYIiIiIiIiIiKyDHkIhpVgiIgoXeGZSEnfR0RERFTOGIAhIiIiIiIiIiJLYQiGiKyK03LoK8R0L56aatXl4ZkIOutqVO+bWpRUp+oz031H+fDh8wefP4p6fK3fWSIiKiwGYIiIiIiIiIiIyJIYgiEiqz53UbKjvQE2AhGfP/j8QUREWbGzCYiIiIiIiIiIyGrEN/hFCIYtQkRERERERFTeGIAhIiIiIiIiIiJLu29LF0MwRERERERERGWOUyAREREREREREZHliRAMp0MiIrPjVB3FFZ6JaN43tShZ/j7i8wcREVE5YwCGiIiIiIiIiIgsz11hYwiGiCzhvi1dqsvDM5H49G7leF+hBvb1zsFdof7nY2pRssR9VL7PH+XupRP9bAQiIgLAAAwREREREREREZUIhmAyk+30UanaOtX+i91X2Z5fubcfERERERGRWTAAQ0REREREREREJYMhmMxsW9+mWRVBT3gmkjKgobdvI9tn24/5Pr9M284q7UdERERERGQVDMAQEREREREREVFJYQgm+/ZLZWpxJXOxbX1bRvsV+9DbPldTohg5x0zOL5O2s2L7ERERERERWUHeAzD7j/UU+pq0vvHADzvKyMNbN5XldR+6cFHz8X/bNev4wCAiIiIiIqKysm19G0MwaTIa4HBX2BJCHACSqpSEZyJpHVu+fbrbFuIYqa7PaNtZuf0oN/T6p5zvM0P7K38vrXgfERERUTnLSwDm3OBw/OemuuqCXMjoZETqbm1KWNY3NBo//uhkRFo+H37gUQYOXbiYch0zBkLkvztpkoDYBx3hmUj8Aw/xc9/QqLQcRrOVaziIckOjrHLC8+q29W2678CP9gZsVl1X/vum1wZ5lNP2L8f11dqwUIMhIqQ4OpnwQVvC8/K5weFUn2DZNrSvsuS6ALD/WI+kfI142zXrLNP+G9pX2RR/t0t6fTP1HxERUTYYgikMtSl6xOcUmWyfzraZnmM255frczRz+6WaYikV/u4Z628g9lleZ12N6n1Ti5JmyKpU7jND+1u9HXPtaG+ASRvjbVX0579CPS6I+PxREPyFJsqQ5adAGp2MSFtWN8dftPYNjaquxyAMlShJ/sJ2alFKeAMnfpY//hmEoWzJSysf7Q1oBhCUH9hcmZwR20tWXnf5mnXf3Fqt/ctp/WL3n6emOuE1S1NdtSQPbWp9CCeEZyLx9a22riAPLBf6m3/Ztr+y0lqpr2+2/iMiIsr2dTRDMETZ/Q6lev2o9RpRBGj4+0dkTR/Z1s1GyMCzR/vYCMTnDz5/8PmDqAgsG4ARFV88NdUJ6XD5h/LyMIzyDRqDMFQIV4eDhtdN81sOCcEXoxiEoXzQCh4YWd9q6wLA0RJq/3Jc/yh/ZYmIiIjKFkMwRLmj/ExKbzon8SUEBmGIiIiIiCjfLBeAkQdf1N506YUIxDcQRicjuhVhPDXVhsMF4njhmQjfuFEhZBR8UfwOqQZhxP3drU2ZlKWzqX3Dx4zTTBHli7yqSL4UuloJEREREVGpEJ8jMQRDlD21z6XcFbb456RalWJEFRkGYYiIiIiIKF8sE4DRCr6EZyLxKjDphgL0gjBG9yV/c0eUR6rBl2zme1V7/GM5CJPOPvn4Jy2pKnNYed1Sa/9yXJ+IiIiIypOnpjoegpEvTzUQr1xfiQP5RPq/d/IvTt23pSv+e1Wuvzt604nqfdZW6vex/c3fjpyWQx+neyHi8wefP4iKz/QBGBF8UXuRamTe2dHJSPyNllJTXXX8fvHz6GREUk6XkIq7woYwH0uUH5L8cSZ/g5NNFRitx7/8eKTu0IWLAFjdRk4reKA1VY3a+lZbt9TavxzXJyIiIqLCShUgKSRPTXV8AB6IfcaU6vxE5Qo1RrZnQIZohfhM674tXWVbDUbv+UTrMz+9zwNL5T62f/b3FUIhqiBbESs3E/H5g88fROZg2gCMCL6IAa2w7EWo3otUJVHhQivVLauAAQBQhm30XngX80UmWZfBN3MJFV/ENuJfo4+9VEEx5eNf3C7Fx78IrgCZh1fk+0hn/VIPy2xs8STcPjsShqemGrXOqsQPFxYlhGciCetbbV29F6PK9Qr1Qjib9i/H9c32ZkJrSkdNsvWttq78700ptH85rm+2/iMiIutRfuBdzNdmyoq+Rj+MV6vMmmp7fqBNpP37JK8GAzAsRkRERERE2TFdAEYZfJFLNZivN1ivLLWpJK+GoXJcm8r+rFgpwzLnLAtklNubXtWpjsTjO93QSTpBMZ1BLZuVH0tq55xukEVNOvvI4ng2VpohIqJSpPEt+VJ73WfWayyHts9bW+ViUI6Pf55XOT/+032vmm9q01qrTb2d6bWluy1RORK/hyJExiAMERERERFlwzQBGK2pjuRSfUDirrDhxNWQ7vbl9uGDp6ZaCs9E0FlXgyuTM6ptKIJFWv8WY30RyPDUVEt9Q6OiMkkpv/FVnepI+fg2M7UAzf5jPQCAh7duKtp5HbpwUdJ7DjHj41/cPzoZkZbb0FbMNpRb19qQcN7rWhvK7g+nWhtcHBrHW/2DeE9Xe96O+1b/INvf4o9hT011wnO5supWOWiqS2wDFHDwi+1vif7jVIwmeC1Khft7JFwcGse61oaS6oPla0q4zbZnHxr9bKfIn6GoLjP6WZJy+3L8HIooW8ogjBGpwjKcoszaWEXLfO3HPiE+f7D92CdEZGZFD8CI4Eu2H4CID+PlIZq+odGy7VgRfFn+2eg2plpfDEzJpumRSjAIozrVkdkshzHit1OF1XLp3OBwpucsAYhXk7oyOWOpx798PTMGYYwYmpkt2XVLrf3LcX0iKj6VQeiSuj6LBQD4gCxyH5ZaKM9Mj/dya/ty7EMiKj2emmpsW98W/2xEryp4eCaSMuAi31cm2+cjIKMXjtP7fLDU79No/6za+m+eO1h27Z/v9hNTl6m1q97vWqnfx4F9otS0nj/K3Usn+tkIRDlUtABMOsGXVAPXGR4fQOl92KUVfDFrsCKdN4NaQRgxHZWRCimiHdSmtcq1FMGNtM+Zj3/Dj5mE4IuVjU7GqiHJH/siCCOWZTId24b2VTl9/GsFD1prnKrrqa1vtXXNJBftX47rE5E5KV+biL+FVlxmtcHjUmr7XC1jAICIiKjwlF8gkn82qPwcTXxmJqrGpJLJ9vka0NYbRNf6vFBvevRSua/Qj7NSbH8iIiKiclfwAIzWVEfK9KwIvXhqqlVLxqZTQlYM9sv3L85BVIkRH3aGZyKAokR+JgPMRXhzKMVfoNeU9jfYmupij4m+oVERhDH8gl9tfu8CU53qSPmmRZyju8Kmes5Gr0ErlS4LVCTc1jpn8XtYaFeHg4bXLaXgi/L5S60a0nLf2ZRTeqSSj8e/MniQ6vlZvr7V1gWAPpM9RrJp/3Jcvw9EZKbXdEKpBg3Meo3l0PZmbys+/nle7EPKNU7xQpQcakh3CjL59py+jIiIiIjImgoWgBHBFzE4HVa8mVC+wdBLYQPq05poDewmhFsUlEEY+b5E+CCVqUUJR3sDEgBsW99W0A8UlBVf5G1g9ml1MnkDKq41PLMSCkg37e6usMUffwWkOtWRPOiifOxpPdZy2bfKIIxaWxnRNzQqTqTgH6iVavBF9I9a38iDMPwzRkREpUQe/BR/A626jG1fGsuIiMwi31O8EFmd2uNf7UuVRrdPZ1siIiIiIjKPvAdglMEX5RtwrTcnWm/YtQa5sw0CdLc2qYZg5NTCAMpSmYUKwmhNdaR1nqX2ZlbrDaje46BI7SLpPXbUlmdb2lL+e2W0aosyaCE/llpIR9neKoGMvDd2KQdfjFJW7inW4z/dKWbSWd9q6xZDPtu/HNcnouL+XZO/dhGDDlZdZqVqCaXW9rlaVsg+9JR4FU8rvMcksgIj07xkOkVMvqZ5ISKi0qMXDivn+4iIiMgcch6A+ZvnDkrrWhvit/WmVkn3g6ZCDXSHZyKqI8Xh5X/l0zj1DY2iqa7ahuWgw7b1bTjaG4gHYYQcB2IktfYTH9pmMgdo39AoulubdKvvqB0rX+vLv32p9SJTax21/lObxmr/sR48vHVTTh87hy5clJSPb62+yKRyjRE5+ADXBkCShSlsADC1KEka68Yfk7IgjaSxXi5+P1WDL9nMfZvvx7Nyu2zX05u6yujjPxvKsKDytjjHvhTnb9V1ta4ZAN7qH8z736hct385rq/Vf4UgD6qp/Z6nE+i12rrimotZmS6X7V+O6+e6/9T6QP43UF75z4rLcvS6LC9Kve1zuSxffVgOoQsrPf6JbWXlvslmipdMtieinH2+ldHr9FK/j+1vjXbM9AvMmXzx00r3EVF2SvnL/URUWHmpAKM1rZBZ6IVyDG4fD7ws/5wwIL2utSGhdLbRbw4amc5EhFSULyyz/WBK9JnR/aRbYSSTiiT5lO9KJZ6aargrbKZ84Ztm29oUP0tq9ykDGfJjGC0fLw8PGWlbI2880n3Tlq/Hc6o3h5mulylR+jrTOeC3rG7mX0+ZE1dDBT0e29/a/cc3cokK/XeS7W/u/lMrO2/kb6TZl1lBqba9WftS/oURtdulQO0azVAVqRzanm1V+rKZpiXbKWKIKH+/y0J4JlLyIQEzBAhKuf2JiIiIyl1eAjCpgi9XJmfy/mJVa121b/dlc53KAX/5/PGZEEEU5XG6W5viL2rDshfkem2g9qYh3Q81zLJ+rr+BqZzypxBvoPLxZi7VG51MHufLj7eEsIt4DCI5BJPwe5Btm2p9GxlYqfgi2k9vaiazP56Nrq98PslVMMwsAxBERFTeyuEDW7NeIz8sL35b8fHP82IfEhERERERERHlXsEqwIjQi6emWvXbJVoDwUbLEWpV25BPkyOftkTcHp2MqFZVSUU29VECEazIRSBAhA7Uvu2fKtggDwekKvevd+1mWV/0m1W/lSTvD7XHqlYoJtuwTKrwi95UU1iu8CLaXBaCid+nDLvlMlikDL4o2yWTD2Ot+PjPpJoOERGRFXGglW3PPiC2PRERERERERERZcNRiIPohTWUg9wiKKOs+BGeicQHva9MziTsT2+qmVQVE5rqquNBGLPRO/dUwYZS/BBP/liQU4YhPDXVppp3yEhpT3G/VnUT+eM7VfhD/vuWKiilFdRShF1SLs9Xf2tdZzl9SC0PKRkJ1uX78X9xaDzvU5RZTSGr6bD9rd1/yudzKs7fZDIHTgHDtufjlIiIiIjImox+abnc7iMiIiJzKEgARi/8olbdQWvQPjwTAZYryGhJNf2S1oszeeWKzroaSeuFTXgmYvqR91IPB6hVEBKhECPXXugXqenO1ZpqeaprlP9+GJ3+SDz+lys0Scr9Le/Htvz7ZTPyu0bZ06qoo7W8EL/761obko5dboEM5fUXckCT7Z+f/jOTVJXO5M/rVlvXCtK9nnJbn4iIiIiI8v/egwECtr/Z21FvvCfdz8JL6T4iIiIyB0cxD64WftF7AaW1XP7iQl6dQj5Ar1U9RE5tqiFBWWVGbfqjQhAVcgr5or8Y64sBynQGdpUvMrVCJGaRbnWTfIcbxO+OTrtJ3a1NRU1X5av/5I9PtYCV2X9f5G++lNWD8tF+Ws+zyudr5TlMLUr/f/beNDyOq0z/vluWZcmSrM2yJK+SLK+JHTt7AhnisCQkhAAhEBIyTGAmmWGAgT9LWGbhZYY1YYZhmwkzEJYhhCUEyEKcPYTEcRbLcWJZtrVasiVZlrq1y7Klej90n1Z1dVV1VXXtff+uS5e6T506y3NOVVfVuet5NEOcBSmvURs4fazaZf9czO/V+CmFv2q/6VrXRmr7BC2v2j5OXde4Yf9czO/l+BFCCCGEEBImKCBQ30b7Z7+NEEIIISTXyQ9LR9RCxahdwAKpIUW0kJcjyi5ZEEHMg76JxQXhiUO5oGdVsZ7pol+vXKfzK8dHyytQQigTSdQhZep7x8CwEC/lrCRbb/6rHUfC64xIc3uxXy7oUAt3ZsfNsXJuZRLBuHW8ZBLCDI9NYXhsKtJYUymlealSCYW0vm6Z8N5j6/xXLqBmWhA1s3jqt7yy845vyMb+uZjfb+Nn1sOGmfx+zGtW4Bdk+4cxv9/GjxBCCCGEEEIIIYQQQgiRkxf0DogH8VYWwbUWwRJvjUfEn5deQ4TwQ2sBXbzNrFzgG5+V0mwS9EUY0V858rf4xXgBcZGGfAxFHq889zhFNnNTb/4jLiqKAPB0/uuFfRJz3GjoqyDP/4TQJS1dRSgWUfsMzItfCCGEEEIIIYQQQgghhBBCCCEkjDjiAUbPQ4Qd3kpEOUYWkMWisVreytIiS6F2jGDXG+Z67hi13NZr2VHYzOjbu37LrzaH1PaVeXlRS/f0gLNLTGKHm0sn579dqPVR7pHJ7LwJ2vxXjo/WeSU2ORUpV/H4opXuBrHJKcCg54Cg5Q0CZvuTa/n9jJnfiaDlDZv9czF/UK6TCG3PMSC0PSGEEEKIc1hd4wn7NkIIIYT4A0cEMMIrh1wIIy6K5KE9xCJ+79ikptBDLHLHNMrJhFg41rooky8sC0FJyYJISvgQK0KDTAvWWshtpidK0BK/6CFsZtSdvd/ym7C9lvjFMw8Y8jA+ygtlM2IWZTnZIp+nYhwSYYaymv923DyZ9aiSqZ1hmP9q5xXZOS6iY1fbBrF7YCTl3NQ9MIKty6ty6odTzQZe1p1r9g/y+CnP//Jzb67gdZ9z3f5BHz9CCCGEEELCAgUEtH+Q7aj30q7WM1q9Z+Bh2UYIIYQQf5DvRiVa3lrEG9tq29QuJDJ5fdG7yMjkaUEpNtFZTJdXYrsyQBHSx7ZyMwmNzIybm/mteIjxG1oXxmbC92S6wM6WxPyPjM9KklqbRFik2OSUJBNh2N6YbBbVMtnHD/PZbH4tEZzcew8hhBBCCCGEhAUuHhFCcgUKCLz9DQiz/QkhhBBCch1XBDBaF5RmF7sz5S9ZEMG+Y0O6++uJKXrHJiPli4skLbFCwouC/ErcV09msn0jVx6SxUhZTufP9JaxEAesLF0sad0w2en5wipaNyNmb1LcuqnRuNmMqNjfk/mvdYOXrX38Nv8zCb8qS5PiQUlj/4hbx4CTITcY4sVb++difkIIIYQQQgghxGme3Nepua2Z5qH9CbE4fwntTwghxCUBjBuIxW+5BxV5OCEzqC2WJULoeNpHo64ZEyFsTJevFZLFq/xa9pYLmbRCQSlt4GX4o6DQMTCMxppKpcjLV3ZzciHbb/M/k2BPHrJKzU7li4sktwRgyjbEMpyz5PmDltfPv39W+5Nr+QkhhBBCSHAx63mTEEL8yNXbG2kE2p8Qzl/anxBCiEMEQgDTOzZpe5kifIhSZCEWjIfHpiQhpkmIXyLK/YbHplwRxYhFPfGQJzY5lfSCoQxrpCV+CdMb8OKBl3xRUykAEv9jHrbPLpwYO635ryBl1VguKHNz/ov+i9BMcnvkurtP0Xfl/LcqgrN7jiqPA3EuU8sftLx+wg7752J+P/2m6fVDL3/Q8obN/rmY34trqLCkBeX6mmlcVCfEz4QhRDIhhBASBoy+qJtr2wghhBDiD3wjgFE+cBSil/LFRaoPOfQuspRlicV+eZpc3AKkCwEqS4siHQPDUmNNZYr3EJFPlOm2XVL6v7go9A9ptcY5NjmFkoT3F1l4qjgaYazcwsqYKIUceqIPMxfaWvNHOY/F94QXGEAmfolNTqXlc2v+ZxK4hF38YkRk5Lf5TwghhBihe2AkxXNj98CI594W3egjbc8xNHs9H2T82kcuWvjPVnI38tubajXzNbf1Y3tTLQVrhBBCiMdo/Q7HJqc0n9fqPecNyzZCCCGE+APXBTDiAiEmuyhSXjTpPcxQhr6Re4cRFxnKfcUDXTUxhcLLi3K/SMfAsKT2QFh4wPDqYlIrXVyEyS/GePHlX+RCFzMX0naNrYagJaI83rya/xRywDVPO4QQQgghhBDiNc1t/QC0hTAUwRBCgsr9zR2a2/TEf0bOmWHnzp27HbW/WxgZZyfG1A77Ef+eP+w8r+TKOSVo5w+jY8nxI4SQeVwTwKgtZGs9sNATvwjhi5JshQCNNZWITU5JUIR9cRtlmBk77R1k5OGfVPu6uEgKWt+1hC5WFOZax5XRB4JqghY1UZjTmAmrkQsYERoFdf4TQgghhBBCiBZC6CL/rtzGcEiEkLCe84zuQ8I1zhxTYvd8A7wTXhH3xpLjRwgh6XgaAsnsAreW+MVmUkQw8vBHaihDw2SL3MW22Yc5QvhgVCihtq/Rt6iczq/l9UJLCKPTX7kyylfKALNjZDR/tsIRuQjLyDjZOf+zabuVee/X+W8kX2xyKiLCHSn7LQuL5Nv5TwghhBBCCCE7tjZgfd2ytHuVO3fulpQLhdubaiPNbf0SYG2xmBBC/IyRxWoucoZjnNXGmGNLvDq3cO4F+/zB8SOEEHXyc7HTBhbrxaJxxGhZdgsBtChZEEmGjxLY4frXrMcQp/Pr2VGIX3rHJiPlCQGAEg0BgCuxoPzuilnLtpWl815EhsemImbKcmv+q5GN8MWv89/M/FHzfpWY+ym80N4tuRG2ihBCCCGEEELsRDzYb27rx62XXxC5c+duimAIIaE+53GBM/fGOGjovbir56k/7Nt4biFuXRdvb6rl+BFCiA6OCGAyeZDoHZu0rS4zC8XCA4O4SFPuq+J1xLIQxu6FZr0QUlo20FgYt+1i1ov8RvspwvfIx9wtMs1JOy+SMwk/zIhx5PNfiGGEECaTsEU5/91ACF/MiF/CNv9jk1ORcln4IzXhi9c3vdnmD1resNk/F/MTQgghhBBfEAEgyR7yR8RnPRGMHS9IEEKIQ+c0AJASi5Z6J6oUD1jy86D8e5jZ3lQrzv8RD+zvBqpjbFd/HbBfGlrPm2OTU5q/w3q/0WHZ5oPzh5V55+hc4fnD3nOHWmLi2hhBOX8QQogbOCKAEWF85EIYIXoRgg3lgpTWApVRNXHJgojqRYZ8UV8ehkR8Hx6bQmNNZUo92Qph5PvbIQjQuqjSEzYIW2jZxYydncqvd6GslabcRyz4y0UACfFLRDnmWmGV3EA+HmpjojVG2V44ZxK/qNkkWyGMWyIYu7y+ZJrTamG35J+V3l0yzV/59pWli9PGWHkukv/P4BnJULg2N256hQBNzRbinBvUvH4kG/vnYn6/Q4FYcOyfi/kJIYQQL5CLXwQUwRBCQkyKAFDrPEg4xoRw3uXkGEI+jnaKXwghJEzkuVGJnqeS2OQUYpNTWFm6GCtLF6ely/cTC8W9Y5OGxC+AsQV7IY6Qpw2PTaktGLvu387qQxs1zxjClmbCsCj3UUuzWo4Z9MQFifQIkCp+sVKPE+h5KhmflVS3a6XLjwO9403ts97xkWn+V5YWSfIQSUFjfFbKOHe15rneXDZTjjxv+eKilPNdpjESfxrnJc88vxBCCCFO3DcoPwc9jbYPdhohxBtuvfyC5GfZA35lnog8j/y4DWp4AkJI+M9pBpE/5+ECdThJjjFFCMSLecdzS2jGkRBCiAr5blSi5+lDbRFYK2xLbHIKyCC8yBR+SetBptJzhVIY4JXnECsoBRNmwuBojZnVB8Ba5Rj1TKNWllZblOIXq313ejwEWm+lZUrPJIpSCi2MEKb5r6R3bNIXQigjc8LIOKmc0zy/4GUIpPDaPxfzu41S1JbpfKt2rg5K3rDZPxfzuzEeSo9OQU4LEmGzvV1pfv49J7R9rqG1eKzmCUb5EhUxj5O28/u4ZNs+p/vHeZ1TRODBy5jE/XGmCIF4dH4hIRhHen8hhBB18r2sXMsDgtZitVa6EAaMz0ppYS2U+5p9uCWEAcr9yxcXub4oIMJIuXFjrBSOqIWtslqOkcV/PeGFrC2SkYs1vz7Q1LKD2XQncTOkkRNz2Y8Phox4fhFzVhlSzS/4fUE77Dag/WlDQsJCLiw6+7WPXPD31lbdAyMp13fK72FArY9+bVfYbB/2MVRDTwRDCCEkeKwsXYzmAJadC/Yzco2s9zw27NvCMLac/zx/cI4RQsJAfpg6k8mriLgws7KgrBXGyaqwxgjli4swPiuliG7U6tKqW76vPI/oh7xcZRlanluyLceoiMPKQ0il9xeiTlDeShZzRRzTyu+Zbjr8KH4xOv8NnlcMCcAIIYQQQgghJKAY9n5AEYw/UPPCa9b7pnx/J561ZVNHtv0Lg/2IJ+dBwvH1HXoe/816Qw/TNs47wnEkhBB/EHgBjLi507v40MKsECA2OYXhsSk01lRqCj2cuPHVu6AE5j1KyD3E6HmLySSoMdoPM+Vk++BJJ5SRlMs/+FbmvdX5b3WfbPum7J8RYYz4rCXcyjSntdKzKcchDz45Pf8JIYQQQgghREARjD1k+1xLb38zz5q86GO27bOj7UGwH6D+PIrhmYyReLuexvIW2j9LntzXqbmN3iM4f2l/YvX8QQghduGIAEYeesjMjZjWjVLJgghiKuUYeZAhwhyo5ZWHdxGL+nqhd0S6EMIYqTcbMi2wa4VS2XdsSLdc0TflWJhts5ly5H1RjrPRm3OlmEYhxgiEEMCuhwHZCF+ynf92ze9MZFLTa21Xir+Mhu+S58nmgZFaOXphj4zUpTYuQZz/hBBCCCGEEGKUWy+/AHfu3G12nzQRDDFONvf6mV6WyVS2155qs21fts9Jgmg/Cl6sc/X2RhqB9qf9CO1P+9N+hBDiEI4IYBprKgGkCmHUvIWIRfzesUlVsYfaAncmryha4hutRWblgr6y7XpCAL2bT6tCAXn7RVvU0FtQt3Ljq2bTjoFhW8qR214uXhCfzbp3VfPCIUuTCwF8cyeeyVuJUTGLlleUTPPfqKDFjBDGCRGMfGxLdOZ4JnGMVqiyTHNX7VxjFrP76M1/s+MCj4QwZueCmfxBy+sFTto/F/MTQgghhJBgoxTBAMD2plrL93jEnetuN67bs6nD6fYFwX5m4PFGCCGEEEII8QpXQiBp3fTEJqcADTGL1gK3WeGL8kbQ6IK+mohHq149oYpZsikr042lVvgaszek2ZTjUBgYPSGM5w8EtAQumcQsZuyXyeuP2flvVMBld0gkJx+O2PXwxUw5cqGXHZiwtWql3QMjjthW2a7hsSlDAsEg5nXSjl7YPxfz+238CCGEEEKI/chFMIQQ+zDjMdetcEyEEEIIIYQQIscVAYzWYrFWuhlBgHLhS2tha01NWTK/GRprKnVFMMqQSF65bDWyyK7VNrMiHqvlmBW/DI9NobGm0tQNc/niIl3PNcpFbzfQ6rcdYqBMAi01m5rBrKcjP89/rfONWWGM0XKyHd/YpDVxkZ4oSZwH9c6VdqHVBrX5FLS8QcBsf3ItPyGEEEIICQyWb6zUwiHRK4U+8vtE+f2jVp5MeY3sa2Z/t/puV//U9guy/TKFFRMel9RQ7pcpvHWYub+5Iyf6aSUEnd4cstv+mdrnRls4b0mujIPZ84Ffjz+j5w+eR3j+IIR4T35QG65c+M+0mNs9MII11aVAXh4Aawv2egvLVkMemUFLCGLUw4RW+816nbGrnExkGhuv40N7iZbHF6MPUoI4/7XmudH5r/Wg0+zDTyPl2PEAp3xxka74K5fnPyGEkPAiv94Q1xVBTaPtw5FGCPGGQ33HJQDYsbUBAPBCe7fu/Zsy7LZgx9YGPLmvE0C6CMaqt047vXz6ie1NtShfXIT1dcsid+7cLXUPjKQ9T5A9c4jcevkFyXSj3nZuvfyCtJtltbqcemHDwDOTSKKdaW002z+1fdyyn5M21BLBZFrk0wpHZiYsOAkW8jE3mtft9mm1jYvWhOTW+cCJ/vA8Qggh3uJ7AUzv2GTK9zSPF3Nz6B4ck9+wRzR+cKTuwbG4CEaQl2dKCCD3hmE0lIwdKB/kyBfFe8cmDS/g63luqSwtsr0cvcX7bB4YyYUBWmIELz2S2PlGmdJOBoQv8vkviW1abwMFYf4rH4jIbWJmHrnlAUatnW7jtUceQgghxArimkXp3TGoabR98NO8uH4jtH0ucqjvuKQlYLEDPREM0SQCRWhd8dxhTU1ZRCmuUBNmWK1LXs8V2zba1iFlG+/cuRvQCB+caV+j/eoeGJHENYFb9pP9ptlqP7tQLhpmI0YjwcDPQhO1tnHRmhBvzgdBPP6sikIJIYQ4jycCmJIFEcQUaeLhg7jxUT786BgYTn0wNTcXv6lLiF+0hC+C7U21kZcP9qrdEAKYf+iV6SGIm28E6j0A6h2b1H3D1Gz7lKGkrJYjF6esLF2cbKvA7E2tmohGjJFcBKMMl+RlaB4rD9GEwEMpnhDfTQpflGlSpoUYo+Ps5vyX20D5NpD8HGF03pidZ2bKEWNesiCSNnZePMjxS2gqQgghJNP1J/vIduXqGHL+s125PIbK5y5m7t/UntkY2V9NBGNn+Xb0zY+IZwl64g076xI4WU+mupXeX4LSL+VYOYnyGLKy0CcXwuSKGO3Wyy8QwqucIxuhiZ3HZC7a3w775eq8Je6dD9gff587eA4ghAQRVwUwai4t5cIXte9qoY7kXlzmZk/jnA0rTb8pIYQzspt4AKlCELmgQolTni6UGBXjaC1wC2GImt3V8mZbTmxyKil8UeKkEKCytCgphNGykR9RE77Iv1sUvigfekRgQASjtJOeaMKt+a/nBld5zlDDzFt92ZYjxHt2u+7VOy71xi8I858QQgghhBCSm2TzEoLVlyG2N9UmF1wziWCslG8mj99JLNQrPYskxRt2Lkir1OWK+EWIEZwS9yj7JS/fKfs5KVTKFN5JjJ1W37T2CevCoR6Jc1GuxX2S5KIn2eeImhBme1Ot5JQHBZn9JZ05GAn4HLPVfuL4v3Pnbml7Uy3OX7uGcct0eKG9W2pu68/Wu1fKeT5h/zCcPzSPO9mcjfhp/hs4f0vy/tjVD6/PHzaKXpIvaSdsFKGHHEPzl+dZQrLENQGM1qKwclFZT/iS/KwMZWSSzv4oAOCcDSsjzW39krx8uUAgLdySC8jrVBOcCBtl80DFrocx8nJEm7TEL9miDKtkVpjklmAj2+MiW+GL8kHD9x98RgIQWZBfoNkGLWGMF/aSj6uRueSXB4vC84vXcauDNv8JIUh7QzOT4E2eP2h5lddZQbd/LuYPWlgfQgghwSLTw/BMi+Ty/bXyKkUwZsrn9ar6cwencKme5CK406IbJ8QvarjtPcfoQp98AV2rDHEM6r2ElO3LdQy35BmRxPlXvjDt9SJoclHW6O8QIcS+31010YiWKC4IfVJch1LkQQghHuOKAMbMorCe8EX8eIhQRkLIYga5+EWUl/iR1RTC6GF3iBEt0YucbBf9sxXQKMvJxlWpPGSM0q5qNlUKYazgZyGAlvBFcSykHVBXb2/E8mXVKWkP72mRlBdicrFLiqjM5Lx3av5nmkvKuWLXXHbr/GYUJ+PRu/EgTK+O7oGRlPkStLxBwGx/ci2/3zHzGxW0vGGzfy7mJ4QQQrJFy9uDkUUCMwsJVrxKGC1fq1y/LHTYtcAvD9ciRBVOiTeUoWHcEtmotSOI/ZLX45bQJou2GhLCOPlcxCd2yKlz/507d0P2RruUyRYvtHe7dswofzPEwnWQx8hp+xGeP7I5F6idB+THXrZ9FPPfLfsr+2RXP7w+f3AO8/xNSNDJ80tDOgaGU8Qv3QMjKYta25tqI0KsYhW9UEnK8rsHRoC5ueR2eWgkOZWlRUnvCm4sIvjNla6Rm1ErN6x6C5bCBlbtLcbMT2O079iQZfHLjq0NputTlJf8Ux53fpr/fnxLx4j4xYpAJtMxk42919SU8Q1+QgghhBBCSOjREqRk6+lFrdywv+XrokcRV92qhnVxwY1+KeZ8xGy9t15+QUQrPEhzWz+a2/oRm5wy9YxNLW82+4chnJmf5qRifkS8PgZlbRIvx4bGawNDFJEA/D5FlL8nQRWNKNsbZPELIYSECUc8wOiFDuodm9TNq+bxRa8uPVGLFeQeZgDMi2Dy4lohLY8X4rvY7uc3au2+gdMrTy5a0PL2km17tLzFeIWeeEHZfwOhjlTFCnqiFxH2qLGuKuVCTPk2ENQfLEUSeSS1uo3Of7vxs/gl27aFYf6bfThg9s3NIOUNm/1zMb/TYyVfcHHTNblfUHrlaW7rx/lr19D+HD9CCCE5hPI32e3rNbvrc7v9Ss8YZhf4lc8sjO4f4oUc1TfRHajDrb64ZjM75v6tl18QUfMGIz+25KGRjMxxK9usHE9WcSp8fBBQel7xAiP2D/r57tjxQYnz19s51kz7GzoPKEMf2XHseWH/RJ+S1xNBPoc4bT/l+jBxz/6E5BqOCGBEGJ+OgWGULy7C+KyUvIEQN9odA8Mpi+VmhS9Wwh8JMolmztmwMlUEAwBzc+geHEsKArQW+oU3DCcEAVZuwipLi2xxG6pWjnJMY5NTGJ+VULIggt6xyZS8WuKX8VnJ0MMXZV1qNheflW3yEqVIQnw3IHxJxqFVpsnFL1reRRrrqiStBxRAakxojQePhoQwemNhF9kITOxyl6ssRz6f1YQw4jiwUrZ8zioFdWJ+K+e83aGozKKcH1qehNTyBy2v2u+V12Rj/1zNT/xF4oF3hG/HEK1jNCxptD3HjRCSEc3rAa0FciXK8CpaoZCUCy1myr9z525JlKtYuHHtzQ2tZx0OCQRcFW94dE1IbwkWsWPRUi8skhZK8U0mz06ZxDrZeoYilsZdc5ubC4CyxfjAhz4iJEjHvxDBhMXzEiGEEH+R73QFQjQhF76kMDeHroERRBIeVoyEOVIVqDhAZ38UDbUVAIDuwbH4/8RDUaUQxqmFZz1vOnK0wtMIMY6d5ShFJsrxhmy87aJ8cZGu61MtwZHXQhghhLAgfJF/t32uK8UvL7UekQBEzt24WtWNrRmPMHYdC3LhnJHzjF3nKyNzMZPAxUrYIy3k9tQTHultd2r+aGEmxFLQ8hq1QVDsn4v5vR4/5U29WYGOUrwVpLwiv5cPNuy0f67mt3P8ckFs4Nc+UuhBWxHiBbJFbjS39UtyAYnRfU2QfKlE7VpAWa/J8iMa5Xoq6M10P5jpXt3PnowdnpeueKRwYW64JiBSe3vf5nOE6edg2baDi6+uQsEZISR5PRWWkEEyLzBEB3oRJoS4heMCGC3hS/fACNZUl8Z/6fLyDAlflNgd/khZtlxkMzd7GudsWJl8o8ctIUy25ck9RmRbjhAy6XmU0UoXggG5cMCsZw8jYhYnPJBkQxbCF+zY2oAn93WmbN+xtcGyuEL2cDEivgNx8cs7ztuI373YmswnBDEL8gtS6jcbGikb/BhrWcxBOwUumZB7lMokdHFj/q+pKcPW5VU5/cOp7P++Y0OuLY7R/s6Mn1usqSnLeJ40cx4NWl61/MNjU64eP3ban/ntXygL25u3QVpI4VvP3o+hn0K62kGQhENhs32QxlDt5Qun6lHx1mLnQotrwoNsfnuz2dctUYVX0OODv+Z+Jk9OFKuQoMxlQgh/hwkhhHiD4wIYNeFL8vPgGNZUl2Ju9rRrHbYimpGHWxJCnUxCmLBhl0cXo8IBPUGFEOEEAavCF8Hs6RlJiFDWVJdKHX0nIh19QxKAyIevusRUW85fuyblIcH5a9fg+w8+I73jvI3Y1zuIxroqaXhkAh19Q2k3frK3oXSFMHbhZ/GLG4j+awlavBR6dQ+McJFA/XiWugdGImYXEM2q3u/cuZv2d2b8QldXAJHu3Lnb0bemaX//29TN31pC2/vt+AnjGATFAxLnv/tjKHtDVtK6L7ajjsT1c8rbxUD2i+fC+0WOLMLzTeaA2DCMi4ci5BinUOjGlUYghITSYwrPb4QQ4h8cEcCohdtRPjjZ3lQbeflgryQXl/gR0T6lcMYJIYyfF2ayeSgoPMZkChsjJ9sF3o6BYTTWVLpup+a2fl1RiFHhi4zI7OkZqbGuStzwC28t0vcffMa0CCbx8AC3Xn5BivglaTeZ+EXt4k0hhJG6B0ZS+puNKCOT7bxCeD+yipl5rzzerAqB5F5j7IQPntRZU1Nm+fz9Qnt3ync9QQzt7xx37twtWXCrT3xwDJFgo3HtE9r+yTz70fY5PoZraso8uVfx0nYdA8O+ONfngu2dHEOncWnRwK63/FPCIPlhwUPvGDNyr83rMeLT4zblWJMJzyKyZ1WSwbZGeL9NPPz9IYQQQgghLuG4Bxg14Yv4rAwz5DeMtE9NCLOmuhTIy8upiVSyIIKYIk0vVJJZtMrS8hRTWRr3EuNUaCorN8viWFC74f7+g89Ij+05qLlvR98QGuviYTv29Q5CJoIx0rRkvgX5BZg9PYPvP/gMNMQvkD9YEPt9+KpL1B4SRu7cuTtNBKPWbyG6ySWsCF/Mojf/9bbbVa/aOd4sYu64+bBVa75aaYPboq01NWVpQjOrtrPTDn5A2R+tfijzuS2+kNclb4vRNljZxynbZdrHj6JGI32zunhk1/nQ7uPbyzIyYVZMkEm0YafARKsuP4lY7LS9WUGM3XYwWr+Zeo2U6dV45uIis1/6zAV+/9hOeFGRf3cCZT1hGYcM129pXvWMLO6rPavgorA9czCkePYCgQhjpjd3LYwTX4gghBD+RhJCCAkJzghg5uZUb060slsJS2RlH6dvvoC4EEaEdrJsOz+IZxTt0PKoorbAL8QqWuKX8dnU5y5qb5KpLdgLbxjyckWbRBmZhABeoSd+OXZ8UHrHeRszliEXqwgRjBq/e7E15btWPqX4Ra8Nx44PSsuXVas9DDMkgsklhPDFqPglm3BPmYQuTs9/PY9GBlHOHTfO65nmq9E2+EK8mcUYSGoPz20YU69IGVedfkhaiwYuEZG1MdlmeXszCCzS9llTUxbJcg5p2k4xNzSPncQ+EZWFGElnjnkxBhGN9hsaC5FPr0+ZxlBvHHSOb1PlWplbmeZFNn2zkyf3daqKGpwQMSjrCovwxaxtnbazWtl2iY9E/rCLmQghxq4BYLO3FpmwxrXrZvnzBCFoUV4XagmVuLhPgoo85JgIORyG8GP0OKPP1dsbaX/aj/an/Wl/2o/zlxBiGUc9wHQPjukKX4KCGbHN9qbayJ5Dx7I7icsERN2DY670USnY6eqPIbJgQXxbwk20UmSitcCv5/VFiF9KFkTShDBy9DxXqAkGlEIYJZWlRZ6JYPTELw/vabE8V+QClhRbJDzFiM9a+ZT7ZMq3r3dQuuLszaZEMGbfEsy0MOq2twOtOaiHWa8vavNSa65qpWcSutg4/9NCX+k9ZDVTnotEEg+JUxbmE30y0xfVMGB6IYzsOp8ohQoWxyBpB2UfshxTrzA6N9P67XZfFeIcSTmOGdqjPGbsGCu14zCicm5UnfPyPMq2JPok6aWLMXBr3mnUkbIopjMWKecPZZ9E+Rb7EekeGJHUxE3iu5Xzk4m5pWkTvTH2AjeFKUZEIWFCSzDitlBEze7ZtMHu8hw+H2V9XWtXPU56vPKr7f0WIibbe6sAjSuFGdbGUnmdFaGHI+ImLr+1HwEgKby+BNp+XOCi/Wk/QvvT/rQfIYQ4h+0CGCkh3ujijbdpO0gKzzli37PXL3f0gdCeQ8ekroER1CcehnUNjACRSFK8NDw2JQHzIpPY5JTl0C7y/YzEEDcbwkUu1NErzy2cEr94hWizUggjRDBqfYfxB5oRAJBm48qormPxcaxfHp934rvIKwRaps9Rs7OSvGxZuVplOjJO+44Nmd5HfhyozeVMQhebHoimLBTL5rjpguSuyMUCrdMPse7cuVu+2D4fuk7mRcNIGzxyo64r8jBjO2EHKBa5rZbnNbK3byW9fij77fYigbItyvmfye7yfmqVm43t9NqiVrfyPK/iah9IF51FvBoDLTuJsch0DMjnj1xEpxTvWD0fys9LSvGLmXKVY2X1HKHop+3naLNvoifaJAHzggaZYCPy5L5OW9snv66RiSUiQTs/6l1zafVZLhhReGax3c56Nle2wWz9anNGzRYejWcEgKQUFIrj4uG9rZLS+2bHwDCu2LYxorSZnmczrfN0pvL1ylWK69Tsd+fO3ZKKWDLio/mv1j4YtGXGeWN0/DIdD2ovGCR+HyyVb2RcZePk5zG0dA3gpLcWL84jauJlL9tDiFsowx8RQgghhBBCiBJHYu0I4cZl29ZmfLjgt1BGdtsAMCdgEfu5JX7RqsOJeoX4Zd+xIdOL/8NjU7aIVypLi5J/DqD2xnwaD+9pkYIofjHaB/lb5hZDc0Qge4CnEL4A2T+0jNQvr4zIyxbf3cDL+Z9YqLUcdkT+IFUuGrH6gFW2n2tvK956+QW49fILVD0qmFncTeQzdMw7eZ6xKlYRdtCyf9AemivaqylmUvbbxvOK1TZHzIyjWj+zHStlmVptUR7/svNKJFPZmTyIuCWAM2gD3TSRriVQyeZ8qLSTsInZcu2YJ/L8PvMKlbxGkAszHPLmkVLPjq0NueChIMW+ir5HXPCaknINqCa+sXqelZenFDR5hfD4JP4sXp9FtK5Hsr0eV9vPqPc5m/rmtu0jaud2Zb+zDT1o9hykbEOW52PNPirnittjSMGGfTajLUnI5zvFL4QQQgghhJCMOBECKe3N5CBjRaBz9vrllsIgKfdzQ/wix6ropnds0lC+lEX/uTkgL66/yvTwVI7cI4xDIhZb5r/8IaH8DefvP/hMqGIcJvoT+fBVl6R4gZk9PQMA6Dg6iAX5BYYewok8//3Qc2nnErmXFmV+s/z3Q8+J8tLKVyvzhfZu3fL0Qnlpzn8ZQZv/srcnHSnb5X6keEjIpn43FoiVtrdDNCAv02sRgp32ydQPJ+ex0/PfibYry9RbUBHHjVERlkiXH2+ytIznQbd/w40cA2pjYMdxozwv2XVsZ1uGX7xCKfokv99w0itLsh4hmsiRhcVkv5XCE5f6n/RAoRStWKw/bRytCGrspntgJMUrjdyLpdp50WiIPK2whlpCRq00+XneSJlKtPrmB7Rsr/SOJ7eDmWs9C+NntLxItuUrvbDJQ+/Jx/XOnbvdGkOvRMiBbb9f7qcI4Vy3zv3NHWlp25tqDe1LAZAz9g8KfpgnQbaf29y5c7ft5yvan+cP2o/nD0KIMfJoAuewGgbKi/BRZkQv5YuLMD4roXdsEr1jkyhfXITyxemL8bHJKcQm454rVB+Yzc2he2AE0uwstjfVRtT+5N5E5AiPGLFJda8YdnnMsHgDnvJg8vsPPpP8w/xbmmH6k/dPbgNLC1J/e+XF+NsrL06xpVoeqyjKT9ZhtEzhyWh8VsL4rISSBRHVkGBie8fAsKr4RTa3NW2baf5r4dL8t0ss4YdwEpEsj3m46cHG7jrVvHQEGMPzSekZwAv02nDnzt2SjoDBieMmWWaGupNk6wUKAQ4n44UHKzvOG0Efo2y87Nhht7A/fFCxb0QuPHG6/zp1WJ6Hal6/5OIXr8e0Y2A4+WflXKLl2SzbsIayciPK6w4jZXYPjGTdN7dtrzb/1MQvbp2HVOqI2HyMRTL9pvt9DN265me/CAnVta1vaW7rzyhayEXxi99eXPHDPDGTh/YjhBBCSK5iuwDmb996Ea0qw6w3Fbe9vlhBiE6MCF/SFuHn5uJ/ALr6Y5BmZ3H2hhWafd7eVBuRZmfjQpnTp9O2C3GNENiItgkPGW4LYZQ34i66yPYTtvRZRZBiSqhioXxDCI8vRoQvasIvFeFLJltmFMIo57hX8z9o2PjgzO0F4kgI+kAMsG1jvbS7e8DROsw+ELMqwsog9vGVwMImu0pWHjbaLMwK7TWI0k5OzR+theJc+310+/i0W2CgLCuM3nz0zs129FMZTinM1wsqwuCIl56wnBhPtfnilcDFTWFj2NvP63iSA+TE9ZiawMGIOIbkDnpzgfOEEBKEZwyEEOIG+U4VfNm2tXwLJYBoCXA6BobRWFMJAKqiF4EQvqiRfHBaXTpfn474RZ5nz8GjEoCkCCaSn6/aRiUiTIzbIhh5iAijIYDCgFjss6vPf3vlxfjvh55zMqyaaVGNmuhFIIQvevMfKg9t1GylWDgVXoUkID00ktYcd3D+27b4wQfGxMtxlJ2vAzf37JizibB1Vo5n34TpsaP/2dpSa/+EgClywZoaX7ef50bi8zlgyzWH7HwTWgGHE2EN1crMEdLuPzyaMyntsFsYFpYwmDn+m0YROyEhh4IGojUvjIZDIoQQQgjJRfJpAmc4e/3yyJ5Dx6Sw9KexpjK5sC+EMEoyCV+2N9UmhSxW6D4+ijXLlgCIC2GODE2oCgHUEN4wvCAXH0Y51We7vL84gZbwpevYMCILFgAabytp2UrcyCoedmQUwvht/geASNCOcydEG3xonrsoRRq7uwckJ+eu1jHolRcY0X+L5wLT+xgRrZixg57Ixgl7uiG68fJcyPOk/b+PRJs1NWUpXjeMXtcZGDfJAaGKKS8oan3zk3jGrO3DfvyrjY3fx5AQknuE6Fyc6RpLEuIG8Txoe1NthEIYXuPK5wiQUQQTof04fwlsFYo1t/VHaD/OX0JIcKAAxqd4EQopU51awpdMHi+2N9WmlNvZF0PEZO+EF5ju46OQpPjaXCQSkbvjTskvFvuFBwy1bU7fmLv1Vvv3H3xGAhD58FWXhOpC/PsPPoMPX3WJ8ALjSGPtENTsOzakua3rWPzYkGZnIwkRTHJ+ZOL8tWtS/pvxCKM3/+14cE2xBLELPyymB2A+pwgc5F5b7CQhfIkYtZlV4YHWmPtlHJyck06Ki9wg6O33w7UN8fw8bdlTwgvt3VJi4cnW88OOrQ2q91RqYgOzAhm9dlot30zftfrmF/Tap/QYZBY7xk+vHXaVjwwe3fw+hoT3ZYSE+NpToviFGLg/Sbk/k80T3r8QQgghJOdxRADD8Ee5gdZDsLmZGfREpyDNzqaFOJKHMzIS/kht30gkkrZvc1u/YSGAi2GRNPvnM9GK7xD2MWJLu+oyOxb7jg2pCkwEQvwib7sDoUJMC2FEHi/f4PSbBwGnjnOft5v4gDt37pa2bawHAENhcuwUIGiUJTl5rKvV6ZO5LG3bWB8BIO1t7bL7OHQ0DJJaHXadY+XzE86FIuS50AeoiTt8YttQ31Mqr8WU3+XiA717LwPXi6qYLd/MnMjUN7/b3g6sjJ+fyvf7GBJCSFDJ9HsqEz4mvXzwupf3DypzBGJ+aHlocKKvnIfez98X2ruTL0sS3Xtc28sUx1rY7e+E7V5o784Z+xFC/AM9wDiIF15c3CCTx5dVFUWq4hcnEV5mMglh3Gb29Iz0/QefSYor5MKO7RvrpV3tPZGL1q6yXP7uzj5fLUglHrpLd+7cnfXC29mbGqXnO45GLmxckbbNLgHRrvYe0/aTe3yRzystb0R23iTKy/j+g89gQX6BqNOQEMaDm3JPhC67uwfEInaEN+f+H1e9EC65al9xDEejUVRUVAAJgYOdx4giKe1cuKamTHp4b6v4Grli20ZD57SH97ZKauMLnwoo5DY22nctlH2X23d394Br5z8H+iAJW+UidpzrnPIeQpwdyzt37pZsdvlsGDWxgZ0CBKfLz/VzgBP2lbfDrvLdDiVHCCHE8Lk5eR1v1/UoCd+1SeI3PEUoxTkTflaWLqYRDHD+2jU4dnyQhuAcI4TkMLYLYP77j7sAAPV1Fcm0rcur0vLd90KL9M7zN9vysMXOsnzxI3NOk6/6ksnVpnjYdvX2xsgfXjosHTkxrvtjufLcdZE/vHRYsvJjugfA289dp2mfldsbIwBwf3NHRiGA0w95b738Anz/wWdwzsZGaXf70ciq0gK1bNKu9p7ImtJC0+X3TJyWAECS5hCJ5Pniok60yW7UQhUlBEQAYElEZEb8ovdGpWweRaTZWWWZEQB430Xrpe8/+Axgg2jn+w8+I9148SbcePGmyD0vtKe1IfFddf77gbCF0AjzQwWnBUw6YoFcJEUkUlFRkTyu1QQadiIrP/ldtMEK8v1k56ZAjbXNfXfr+EkRSdndBzfEL2EVibzQ3i2xfc7/xjo9f7wSE1sk4vPyctWOhBBCiOFrILfCqpPgwxBZhJAg4SfP8H7k2PFBLF9WTUMQYgOOe4DpODoobV1elfbwKBLJQ8/EaWlVcX5WD5Z6Jk5LkUhe8vuLu56Xdu48D//4xQWRH/yxXLrlrbG08n/wx3Lp+O4h/OMXF6Rsy2ZfOb97sVV6x3kbHX1gZlcd3WPTUnNrF95x3saIkf6n7CsTvoi0tyfELV5P7KszCGG8oGdsJsUueXn5mJs7HbE6bnl5+clj6ZzNTVLPxOlI/76XXJ//CRtHrt7e6ITZkl5gvvfA0xKAyN+/7Q0ppxIrhaqJX37/+/ulnTvPA4DIsguqJACRC89q1wxzpBSdyBHhj1YvK5UA4Nn2Ptx48Sb8/LkDQghjmRsv3oRn2/sAQFpVtRhdAzEAiAhvMPI2Jdro6THgtnePsAlsvEY5fnbZN1M5uXQzJBe4uCEyELb3wpuHXz2IKEVAfi9X5/iRgjZm4ljf3lSbse1BE8jI+uZL8YTcu4kb7QuywMkp+6ypKUsRmrl1reaG6Emtb37yMOOV7S3i6HMFrePR72NICCG5AhcIid7cUAil6P2FEBIIdmxtkA71HY+sr1tGYxBCHMN2AYzc84ugZ2xGWlVakPbgJhqNYlWxdTVbz8TplMWiV3oGpIKVDbj6QyfwSg+kC84cwCs96YsBF5w5AJyJ5LazVtVEstlX2Sa3Bq97bFpaU1poywOxV7r7pILaVbj6A/14pRPSBRuP4pVORf/n5oC8PFXhixI9Ly1GttuFXAizqqIIeQUFnh9052xukl5uaUM0GkVZWamp8RafhfhFPv+Hh4c8m//b1q+WeibiYp7Z0zNQiDGyRXq+42jyi5qnG6Peb+Q2lNOwrEzCXCmu/kA/AEhA/L90EthzbBj1yyvny9ARvgDz4hcA6BqIob6mHMC8CCZbEuIXefmRroEY5AKk+5s7lDfA0tzMjC/mv50kFoHTxDW5GqYj4CSFNrkoYlLOWa057NTcVhNqyOsyI+Iw2hc/j4FdfdfabucDSS2RjVN9cAIhfgmYhw1Tfct1nBZcOFy+oyHcdmxtSH7W8zio6GtEL2663YseVssz2ze3ydQ+JxaPjIyf18dTkMYwl+Gbs9nbLyECzep4JMRh6ImMcL4QXndYhOGPAgFFMIQQR7FdAGP2rSA7vMDIOWuVOS8Dr/QM2LKv3Rjx8BKLxb07WBXBdI9NS4kyAAAXr1+pmu/IC+1x8UtifPWEL05jVTgjzc4CAOZmZjz7QVdLzMvLT5n/PROnpbm507oFCfGLXfNfiLay2Vevj1bRWtQTIpZYbATl5WUp819L4JLhGNKd/927DinPb5pzcPWyUhw5Ppb8rEQuXrGDhLhGqq8px94j/ZFtq+NvcivFMH6Y/3peYB7e2yolxtqwpxghktjb2iXJbva50Ojg+GnZNxGKJXLFto2mxk7tWKcHH+1rKS1hgpXjR++8q9aG7oERaW9rV07aP9u+i/mtN35XbDPu0U/tGJEfQ6KeoI1fJvGLGwu+Tnko8bOwx8m2yT3MuGEHp8ofHpuS3DjXWLmPtjrPvfgd85vnEL+3T45XCw1O2+jOnbulhMAm40PvQ33HpSf3dcJofi8w0x+72N5UK73Q3g2EVMQhzldhDI+YSwTh+M3Uds4/4nNSntVwruYGbl53HOo7LgHB8NghP2875Knes+u+EOP4vAqSgGu+rQyBRIgd5LtZWc/YjPRyawfkwo74g/oK0yIYpfeXI6PTlh/mnYp2SECx6f06+6PYXDIhPdg2g3M2N8FOIQ8AHBmfkVaXFBgSwQCAUSGMXEBg6FcoIX5Rfg4SIjTT6qUlcdueGHet7mgsiopy9bevxfyXp+kJXNL3TYzL7GnXbdrZH0VlZRVmT6eLKuy6oFCKYM7e1ChpzX+zGJ3/KcdCQkgSWbAAQKrQZO+Rfq8X7qW9R+IPB4UQRtZG7+a/hrhhTU2Z9PDe1rQ+7O4eMFW2fF/+pDs7fnKbK8evoqIim7HL5TGMdA+MpPR7TU2ZCGEmadkr2+NHzf4qdaRcUxhd+FKGkVDrn48WGjXtn23f9cYvIRpLYlb4pTV+8mM1SOPnF/GLDfWmLUAG3auNHTZw8sGQXGATtPYbORaVx5rs+JReaO823VZhj+GxqUzlB9p2fpj/To6fgfKDNoa6D73FoovR/HrIyrL1IbuijSntC8sCunw+Nbf1w07vKUKAKi9Tfr5yev5lOh7V2peNDe22n5H67J5/YuFvfd2yiMqxoHd8BeZNb5Vzj+tQyEA4Z0jQces6yMNzdmA9mHgtColNTqF8cZHcjnBCMJutgMspOylFVH647iAkjLgmgOkZm0kexL97MXXRRk0EkAm1h/+d/ebdtnf2R7G5qcDSvml9lHnD+N2LrWhckb1S78j4jISEmvvlljYAiGiIAACDi4dqC/8dBvrflXjI9kq3vheLNdUlkUx5nObIcOqDEiFcOHJiHEIEsHppiauebKIx7ZAWZsITqM3/2OiY5fkfieRZnv9ehLpQzl8rQhYr81/O6sqilGNBikSSx57cC4xXF99CCNMzNOmb+S/OT26HdiH2jp+Z32Sz5xKz58GwkI3gwsnjx6rIQWVBLhJ2+2e7n13jp+XBx+/jp6xT/ka7/NwjFsESAjDDXqfUkHuuUi4Sy+o3fZ5U7udnrxIZbG/5t0Jtf/kCpo3jp0qWfXB9DJXly+ejPPwMEA9BI2xZWVokb6vmIqpyfsvHQq38LARngZ//NojtUmygZl+NvBkX39XSbR4/T8ZQ9uBb9YG0eBAcm5wylF8N5cPk2OQUmtv6HRHCKNsH98TdGUUcZkL+aM0jl0Sd2f4OGWZ4bAqVpUVpdcoEKnrtMyxekdvTCRuqebBzS0AkF7yIY+3JfZ2SgePDcp12L44pRTt+XoCyco4/f+2aSK60J2j2t6u8Wy+/AHfu3J1z9uP8TZ5XxTk1sr5umaZnEjv6K6svpWw98aO4hkuID5LtyrY9cmHNjq0NkrI+F+2fct2n9Rsl729+3rxZFyVesJ04ddrV84dCFGL7NbEFG6Zdb8nnmdX+Ziuk17JTNvbXaJPr85eQXMFxAUwkkpeW1lhXJXX0DaWkZb14NjIKAFkJWazs27dgOSKRI2l9lqTsPaXIFgQlUe72jfWaJ9hshQBaIoAF+QVJ8cuapcWBvFmJLFgAaXY2AkAS3i/c8IIh5r9c/GLkzXvTT4kkyZP5n9LHRB/Ujnk7joNIJM8WsYvp+b9gIQCg69gw6pdXRrqODafa7fiI6jHZNRDzetpLACIL8gs8m/962PlAXS38BwnO+Nl9PgwSWg+rMj3EcmNR0a63G7T653f7O9Fvjp86WotMzW39eh4+LIsohHiie2AkZcHL7kUiZdsTi1O+IpMHFSevUayMn5bwxakFPjfGUGsM1M4T3QMjSS8fMiEMYHDBWG4nrfIT5XH+O3CdpEyT2dp34+fRGCYf/soWD9IeBFtZRNd5mJz1W7s6i+VShrqzRibgkM+jSELgE9neVCsPFWt5vumNmRVvRnKU4hD5HPbai5qyfivnXb2yEkLGrO0nyk4IQJPCK6ftp3YsZprvNh8Pth2/eqIdv/BCe7e0snSxpf2cWLT3W3uCZn8H7BfJJftx/mqfE1WuqyKxySnL/VWKExSiG0vtfKG9G9nYX37tJRe/eIH8t1DrN8rIfKsoLLDt/BEZn4FUUmDIfmq/5W6EkNKwoVqbbJu/4jddY/7qCrjkbcpm/or2qJRLCHEIVzzAiBAw0Vg0ZXFcKYLJhkgkgsa6Kkv7HpgAGussnqRH454exAKs0wt3cgGAHV5rBI3L9W3X7a1HC9tZvbQk4oUAwI/zH0BW+4r57+g5xCaPT1bmf/fAKJSiF6X562vKUxKOHB+TVi8r9fymSEuE4/b8Vxs/u7wKiPAcFL44O37K3ze7xy+Xx9CKmMAJ+/upf363vw112jJ+CVesgbePkQUajTxqocCybkPQwxbZbXsH67Bl/LQWKHNlDOzuL+d/sOsP4vjJH/waXWy2Y1HaLm8Uau1xc9FcKRpBYgFGiF8Sc8J2QYSGN6rAncO1RDd67bCrjTIRjJ3HvOSmHbWOX6ePASePX7ePYUIIses8DIX4VkOYYUudavd2er9nijZZRs2zn9nrSIfHwNbfKCteydTEL8rylL/Zfrah3fPVyvxVa6Od7SlfXMRrD0IcwrUQSHIPGCLsiiTN2bIAEInkSXYuhpv6UZHm0jxgJNpkj90UC4/yfjbUVthiv87+aEb75eXlB36yJ7xgAPDW+0VY579btvNk/kfiLgm7jg1jTXVJ2nYVoUnEBx5gfDn/BX53i0/Sf4s4fv6B9ie5gtoCjp3zP5cW+zl+PP8Tjl+QUHsIbLcXGiceNHvx8FrumURPwOHE/AvDeVjeh8rSIk07+d1+Qszj9pgYnfN+P3658ESCjN9fOiH2snxZNYCOjOcvuwTDdp7Hs22TlmhRTZgQt5NTdOi2y67fFDevVZXpbtpPy4bZCk78Nn8JIe7jiaqhobYiYqf3CyEkyNaLhaXTdbwfjr6BK194lC/62yh6iDTUVuhm6D4+JgU1/JFaf4G4IIDz3//zX2k7t+d/98Co6KPq/G9YVpa+z2BcYKImlnGDI8NTvp3/dt+kByHWcVjh+NH+hNiB2QUlpz0g5dICtRd95fhx/nP+c/yUGBW7bG+qtcV+zW39kh/DcmVLpjBZds6/sJ4rhA2V/bPLdpmOYTvngJcojy+7jl35McwraEIIMXwOtqUsq+dy5XWXXe3JdC0ZNvvbUV4ivFHO2S/b6xD5dUfY7U9I2HBFANOpuHkUHjAAoGF59ov2nceGkuV6hRN1q5WpTGtckb0as+PoIHLBA4xnc4PzP/jzP2JOLOKV8MWHRNQe7q2pKYvY+NDUjTo4fhy/nLM/p3923Hr5BRG1EEV2hT9yqw435vmamjLVDVoLbHaeG5xcIDRanx9tb1NfQzd+Dowh5z/nfy7Pf903MdUeVNsoWolk8/Baoy+ui2r0xkNtLth5/Wj38eOFqMZD+zkiqHHbfh4ev44IasIoiiOEhBut85bKOdKyaHB7U21E1JPFeVJ53ZVVe/xy7nbL/irJlsvbsbUhAsQFF0GwXyI0kF3zxa7rjlDYn5BcISJJ9grnlW8Tz82eRoPi5rhzYMSWhX+/0HlsCEoPEp390az62HF0EGpeKTr7o7Ys+qf9cp6a0b+hPjERKA8wWh4wpNlZCUBEeL+gm0j7eHhPCwDgirM3Z13W9x98xl/zf3BcAhAJirCF858QQgghhBBCCCEkHLzQ3m36Af75a9dEcqU9QbM/7cf5mw137tyt6YlCZVFdsiL8TZST0mcrz5FVPA/b1h49Gzj5zNuK/UsLFqYkjs2cMt3fXLZftv3Npj+KORx4+xOSS3jiASaMuOUBgxC/Yofwxe/zv2twTAIQqa8u5YATQgghhBBCCCGEEMfxm/ghyGIMP/SX9mN7skXPe4R88fzOnbuz8n6R7UK8cn+72pNtOUG1P+3n7vx1qj1e25+QXMFxAUyYPL242UcnvFwQAOrKWeIz/Dz/t21YLQGIxIajnP+EEEIIIYQQQgghhBBCXMHkon4E1sK2OPUM2Zb2eOkhw2P7036cv4QQowee3SGQCCEkWx7e2+pqfQZCIMXzQZK2bViNi9auiuxq74FdIhilZ5lsPc0cGZ7CrZdfgP966FnkLZjXOc7NnpYAREQaL7YIIYQQQgghhBBCCCGEEEIIIWEhnyYgZvjji/t0t88c65Z27jwPACLLLqiSAEQu2HwgJc/ulk3S8d1DABC5+ubjGeu0UuaR4SnN8rjo73+u2LbRl+36r4eeBQDsau+RLlq7KrILwN6DR5JilWzmv/AsA0DC4Jjtx9TWpuXS3oNH8HdXvo4TjBBCCCGEEEIIIYQQQgghhBASOugBhpgigwAmPpnm5owXmJcH6Lskk0yVlyiz/aYrIgv/8z7VzRTAEKv810PPSts2rE5J23vwCBAXwFia/+WVFdh78AgS5UYASOJ7bDgKK/NflImEt5etTcsl0da/u/J1DINECCGEEEIIIYQQQgghhBBCCAkd9ABDTNF5fETavrEeACJq4V8ublpuqrzn2o5p1gMg0rCsDBevX2lLmVublkvNrV2AczEASciRpDlEozFUVJSnpG/bsFqKDUftmP9pisRs578QvxBCCCGEEEIIIYQQQgghhBBCSJjJowmIRaTyyoqsC+noTxfRlFdWSNmWuW8UmD09I82ensHWpuUSRQDEj8jnfzQaS/6XpDlbykyEVbKlXEIIIYQQQgghhBBCCCGEEEII8TP0AENMI/OAIZVXVkSaW7uk7Rvrsaelw1J55ZUVUnNrFxKeZZJs31gvWS3z5md2izJTBACE2HwMJL93qoi5jJalRYfFMgFQ7EIIIYQQQgghhBBCCCGEEEIIySkogCHZkuJZJZsFeyEqUAoC7CiTELsR81QuNLE6V0UZamIYJ44pQgghhBBCCCGEEEIIIYQQQggJGxTAkKyQh21pqKvMqgy1dLvKpACAOI3Vuao3h+2Y/5z7hBBCCCGEEEIIIYQQQgghhJBcgAIYYgmlZ5WugZht5TpZJiFOYNdcdbpMQgghhBBCCCGEEEIIIYQQQggJKxTAEMvIhSX1NeWRbMrqGohJyjQnyiTECTj/CSGEEEIIIYQQQgghhBBCCCHEWyiAIaZR80xhh7cKZRlOlEkI5z8hhBBCCCGEEEIIIYQQQgghhISPiCTRSQAhhBBCCCGEEEIIIYQQQgghhBBCCAkueTQBIYQQQgghhBBCCCGEEEIIIYQQQggJMhTAEEIIIYQQQgghhBBCCCGEEEIIIYSQQEMBDCGEEEIIIYQQQgghhBBCCCGEEEIICTQUwBBCCCGEEEIIIYQQQgghhBBCCCGEkEBDAQwhhBBCCCGEEEIIIYQQQgghhBBCCAk0FMAQQgghhBBCCCGEEEIIIYQQQgghhJBAQwEMIYQQQgghhBBCCCGEEEIIIYQQQggJNBTAEEIIIYQQQgghhBBCCCGEEEIIIYSQQEMBDCGEEEIIIYQQQgghhBBCCCGEEEIICTQUwBBCCCGEEEIIIYQQQgghhBBCCCGEkECTTxMQQgghucEV73y3ZEc5D9/3mwitSQghhBBCCCGEEEIIIYQQQvwEBTCEEEJIDnDFO98t/efXvmxbWRTBEEIIIYQQQgghhBBCCCGEED/BEEiEEEJIyLFT/AIA//m1L9vmTYYQQgghhBBCCCGEEEIIIYQQO4hIEtevCCGEkLAiF7881RXDpfXl2NX8R0tlXbT9rSnf/+GzX2A4JEII0eFj//TvOXOz9e1//X/8PSCEEEIIIYQQQgghhHgKQyARQgghOcKl9eU0AiGEuMTH/unfpc9//AM51V+KYAghhBBCCCGEEEIIIV5CAQwhhBCSYwxHT9AIhBDiIHLxy1e+9ZPQ9/fzH/8APv/xD1AEQwghhBBCCCGEEEII8RRfCWC2bNkinTw5jUWLCmHkv10sWlRoep9s6j906DAfChNCCPGMRx5ptbTfVZfRdoQQkgml+OXmm98T+j5/5Vs/oQiGEEIIIYQQQgghhBDiOb4QwKxfv05atKgQvddcoLq9rmE78gHMJho8a3PDZx0yXF9ns2Z/AQphCCGEEEIICRO5KH4BgJtvfg9FMDbyvXXx+0UA+PvD8XtGeVpY00UaIYQQQgghhBBCCCFW8VwAs379OmnwPecDKNLMI4QkdQ3bA2FULeGLYPA9bwAwhfXr10kUwRBCCCGEEBJ8clX8IqAIxh6+t26ddMmaNSnfAUCeFtb0761bJ1EEY5xzPvAJSW/7yz/5j4gXZbHvOfKb940fq9rt25/5K9qL40kIIYQQQgghnuKpAGbLli3S6VuvQV15HYD5MERKAUlFRS0AYDrWh9qGzb42aH9nS7K90Wh/yrZUAc80pm+towiGEBf50If/WQKAH37/S5FsPtOShBBCSPj52D/9u2Qmv1nxy5PP70/5vuPCMwK1XQ01EYwZG+a6YOZ769ZJO7ZuxemRkWRaY5H6iyJhTD+zuJgiGJOsOl89PmXPC094Whb7nhu86fXbUr4/9ue9NArHkxBCCCGEEEI8x1MBzMmT06rpdQ3bkyIYISYR9He2+FYE09/ZkvK9oqI2KYJJ915TyNlHiAdcd/3b8KEP/7N03fVvAwBTn399zwM0IAkNh1/bbyr/ujPPoNEIITmD3JuLGayKX0SaEJn4fbseShGMWbvnqghGiF9yHYpgCPEv3/jgG+ZFjRtvzpyHBAcD4/mZHz3N8zIhhBBCCCEkEHgqgFm0qBCnNbYJwch0rC9tW39nCwrL63xlSLV2yvuhsgdnHwkEX/ybbeF5gLXw7QCAVY3rkklmP7tljy/+z96cfLj0iXNWSwDwHy8f4cM1AFveerUEAK/+8X7agxBCXEIZysgMZsIeNdXXpHxv6xoI1PZMdjBru1wOnUTxSyq5KoLJFIpHDT0PJWbLs7MsN/Br38MeMuncDfFncb0AVtUu1dxOgkWm8XzpYB+NRAghhBBCCAkMvvQAI6e2YXOaZxVgXnDitTcYtbbJ2x6LRjnLSOC5bMcFoejHT/4cDFs88eTunJxnnzhntXTj1tXJz7kugvnEOaulu2gPQghxFaX4xYyghaRi1nbK0Em5IoKh+EWdXBXBaIXiIcGAIZOAvatu5kQIIr0UuBBCCCGEEELCg289wMgRQhItbzBeiWC0xC+F5XUor6jg7CKhoqN7IAS9qPG9HRrX1OTk/PrEOaulKxqrAAClRQW4cevqnBZ90B7u8Nn3XZrxjd6v/eIp2pxjQnIEil+8RRk6KRdEMBS/6MNwSIT4n7qyorQ0pQcxYN6LmNo2NZjfvfxyD2/K8ewfjKG2upwTnRBCCCGEEBIofO8BRk5heZ2mCAZwzxuMntcXv4VmIsROgi7OeKbHPhv85M/Z2+IDr08V04RDZGQeudhDTq6KPmgPd/js+y6VmlZUoXqZ9rE8eHwAn33fpRIFFxwTEn7cFr/suPAMPPn8/rS0oGx3ilwSwVD8YgyKYAghhBBCCCGEEEKIGQLhAUaOELkoRSiF5XUoKq91pd2F5eneaES7GPJIm4qzN+u+1V26aA5jJ/MM/7cTO+uO7mnhw9kc4brr32Z531/f8wANCG2xhyDXRB9u2eM/v/ZlTj5AV2ghtrcdHaKhOCYk5Hjl+SWToMTv250iF0QwFL+YgyIYQoJDU30NVtUu1dyut435vcvfxRBIhBBCCCGEkBDhigBm/fp10qJFhSlpZr2/KKlt2JwUwQivK32dBwAAdQ2bHOmHKF/UKUQw2XqeWb9+naow5NChcDzgE8KXwisvxjSAQiD5HwAqGrYn85aY/G8nZuvu62yenw8q/Q2zEOaJJ3ejrKwsgC3P3mvLy3taU8p6/oWDAIALz98AAOgfGMb/fu97+Ou///vk/9qaStW8L+9pxcjICC7bcUFO/gBlEnsIckUEQ3sQQoj7MOyRPwmzCIbiF2tQBJPOm49+S3f7oys+7klZ7DshhBBCCCGEEEK8xHEBzJYtW6Rffuuzqtve+/GvJT4VWipbLoKR09d5wHYRjFz8omyDNeb7rGWf9evXSUEXwVScvVnCxaljMa34L4QkdTIhjJ9RCl+U/RH9rTh7s0RvMOFHiFkA4N/++V/x13//94AUiyck/v/bP/8r/vFL/5SSN9cRYo+qkmIMjU/o5i0tKgi96IP2IISQ4JEpRBC3ux9Cye9Q/JIdFMGks+XMJtX0V19r87Qs9j13WVW7FHVlRSpb4p5H1LeB+T3Nv5QTlxBCCCGEEBIqHBfAZOvpJRO1DZtRVF6bJlCxyxuMlvClrmETpmIVnEEGqEiMwbynnriApKIiNWTVdKwva286TtPf2ZLe7mg/pjEv4BGegaLPHeDg5xD9A8PzwhclUgz9A8NJTzC5jlzsYZQwiz5oD0IICR5KcYdIEyIPbtffnotQ/GIPFMEQQgghhBBCCCGEED0cF8AoQx85hVLoIoQrWgKWbMsnmak4e7NUceVlKrbcjmhnM6LR/jQxSX9ni29FMGrehqai/ck+pfX/ystC7QVmV3Pw3oYr3fAG2/otLyvp+SUDwhOMvKzNjdU5dV6wIvZIjl8IRR9u2mNX8x9tbftF298aePsPHh9A9bIa3e2EY0KIFk31qXO1rWuA201szyUofrEXimCMMT7Yh5LqOt+Vxb4TQgghhBBCCCHESQLvAcYIN1oUr/y8kx481Fi1apU0MzOjm6egoACoLtXcXqHwliJHCE2ExxivUWujsh8aewIAampqpIKCAszMzED8T9pIRk9PT6Ae4G6/6NqU79FYLPl57dpGzf3a2zuSn1euWK6Zr/fosXk7l5dr5pPXm6m8oTn7+t02nH1Zr3/TTRjueDhnzh3ZiD0EYRLBuGkPu8UvTpXpJu198YO47eiQoXyEY0IIIYQEDYpgKIIhhBBCCCGEEEJyDdc9wHQeiItKotGYKx28MQvPLTc2bHJFBLPnuV2oqCgHADRs8renmVWrVkl/uPOLhvJe9o/fhBCBaFHbsFnVswrgj5BIWm0TbY9FoxnLePiurxi2bdBEMAIhQlm5Yjl6jx5De3uHqghGiF/Wrm1Ee3sHeo8eUxWtCPFLRXk5orEYorGYqghG1Gu0vN7uNjz/wkH0dBxObjPzube7DU2VSxP1lvMXxAR2iD0EYRDBuG2P4egJTkJCCCGEEB/yvc+/UYp/opegMI3n33/l8XB7KBobRk//CQBLU9IIx5MQQgghhBBCvCYnPMAQ+8jk+cUKQuSiJjYRaW4LYTIJX8g8cvGL+K8mgpGLX8R/NdGKXPwi/quJYOTiFyPlrVyxHK90HrGtv3L+8Uv/hP6BzA+H5OGPcolPnLNa2ris2PZyNy4rDqQIxm17PHzfbyJXvPPd0vXvfb2t9d3zyz/j4ft+E+gH+4MjEzyJc0wIscSOC8/Ak8/vT0vjdmPbCSGpbDmzCThqbp+nd7fqb7vEm7LcwM9933JmE159rS1n53KaiCIlHarbtMthfjfyz28jhBBCCCGEkHDgugcYQrQoLK/TDTfklzaSeZTiF4FSBKMUvwiUohWl+EWgFMEoxS+ZytMLjWSFlSuWY6gnNa22phKIlKvvECmPb1fQe/QYFod8jghPJ4Kh8YmsvZ6MTcWFePUlhagvKQyUCMYre9gtggmD+GVtXaWhUDpr6yp5sueYEKJKJkEHt1PwQgghhBBCCCGEEEIIcRd6gPExfhcPiXBWdlJYXofyioo0Dywi1FBdg7Mhovo0Ql4ZDXdkxU4i7JUT3nWcRC5+qautTtteV1uNrq5ujMaGUV1Vjk2bNqqWs6JuGQ4caMXJ6UlUV5WjqqpKNV/NsioMDQ0BgKny6uvXyLZm7wHmvHPOAgC80jMCAHj+hYMAgAvP3zDvCUYIYRL/hecXeV4AGB2bwOKC8J7DlGIPALaF/BGiDwC4orEqECIYr+3x8H2/iVx/5VbJjr48/NC+ULh0f/+VmQVBu5pbeEHCMbGNL9x0oRSm8fryz56PcNYSQoh36Hkv8bIs9p0QQgghhBBCCCFekU8T+JdcFg9phUUSAhW7hTB6wheijtzbipoApqurGwBQX78GXV3dOHCgVVW0cuBA/GFjVVVc4DI0NKQqghHiF6Plbdq0EQcOtKKrq1shgsmOx596Dm+89OLkdyFmSc6Zmsqk4EUZ8kiZN8yoiT0Aez2eiHKGxid8L4Lxkz22b4i/kd8f6zd3Xi6vBQA0H9wfijka9zTSYjAf4ZhkzxduulB627suC9WYfeGmC6VcFsFkCvHD7QyBRIiTDF/yL74si30nhBBCCCGEEEKIl1AA42OCFD4qGo05Um5tw+Y0EQwQF6zYJYJxWvyiZpuKivK0tIKC4LkCESIYpchELn4R/9VEK3Lxi/ivJoKRi1+MlCfSnBLBdHV1o7f7RNKjixV6u9uwbe0SYMrfY/yJc1Zb8lagJvYAnPF4UlVSnCL68KMd/WKPOgD9A89mPvf+xev4I0yIjYRR/AIAb3vXZTkrglGKO0SaEHlwu/52Qkj2lFTXYXywL2Met8ti3wkhhBBCCCGEEOIlFMD4GIaPitOwPb5gpBSqaAlXsiUurNmEKZPeEbIlaCGQBGvXNmI0NpwUmSjFLwKlaEUpfhEoRTBK8Uum8pReYeQiGDtYs2Y12ruOAFiUM8eglnhDj67xadSXpIv47PR4kjJvSorxcv8QNi4rVq3Xa4Jkj4c7hlS9wwgPMGFicGSCP7IcE8NkE75IiF8mjs2EaryKlxckRTBWywiyeKapvible1vXALeb2E4IyR47hRlBE3nkct+DQE//CUPpq2qX0li0PyGEEEIIIYTYCgUwPiZIHmDcQO7xxW7xi90hlXINpchEy9uKXLQCQDXUkUgXIhgz5amFRJK3T05Px2FTn+WsWbManSe4iKNHfUkhusank5+TY+uAx5OX+4fS6qE9srNHGMUuStbWVRoKpbO2rtLX/fhGQ4Mp4cFnOjsjHBPrmPXi8sBvn0jus/f5nvAdSEeAbReuwtvedVlKX83YhxBCCCHh4z+/8lVUrVirm2foaDvu+PY3aSzanxBCCCGEEEJshQIYHxNUDzDX3vguAMCnHnqOgyizx70//21o+ygXoOiFHBICGa1QRwIhfDFanlZIJGX7BKsa12XV3+7u3PIAA5gXagyNTyQFGHLhh50eT9SEHnYISpwgKPYYGo9738gVDzDvv/L1GfPsam7xVZuVgpfzFxdltb/fBDFBHBMt5IKQIweGUVlWjDBy5MAwVm+qtCyCIYQQEkzefPRbutsfXfFxV8shhBBCCCGEEEIIAXJAAPPzzgO40aJ3j587FGLHKPQAQ4JAe3sHqqvKk8ITLdGKXPwi/quJYOTiFyPliTQtEUyqt5kTml5djBIXv8QRZfV2txnef+WappybI0rhh8CsOENP6EF72GuPTGKXK975bunh+34TCfS5q28YQIvBfN4jhCtmBS9KlPuLcv0ghAnSmGQKZfTk839OCXtUVVYS6vP8xLGZZDikB377BHZcqC9kKl5eEPg+77jwDDz5/P60NG43tp0QEg62nKl+b/Pqa22elEP8Re0y/fA6Q0fbaSTanxBCCCGEEEJsJ3QCGLXQOHYIWUS5bobKCaoHGJI7tLd3AEgPPaQUrSjFLwKlCEYpfslUntIrjFIEkynUklXUQiA1LD0JAKitrUF/f3xbWdmSlDx720+mfB8ZGUVRQNYAhWeQbNASfmTCjNDDjna6hZ/tkckDzH9+7cuBFMF86MrzpGz3++FDL7rWZ7m3FiPCl8IVK1TTp48e1dxHlCuvy00xTNDGRHD4iHYYvN5jh1PEL7mCUgSzcrm2t7Vty1eFos+ZBB3cntuCl++tWyeBuGbjvz98OEKLEEIIIYQQQgghhJDQCGDUhC92iVXkZbsphKEHGOJnhPhl7dpG1e1y0QqgLUKRi2DEfkbKUwuJJNKFCEatXjPeWtRYs2a1allr1qxGd/cRTfGLXfWHAbVQQHoE3eNLEO1hJNxRUEUwb7/0PADA/z30ZwyOTJja5w9PvehaO7/R0CCZ8fZSuGIF8peqv+VZCH0RDJAqsPlGQ4PkpggmKGMiRy+cUe8xXiNkshEhYed769ZJl6yZv1Z9prubRnEAuY2/t26dRBGMvxgf7ENJdZ1vyiGEEEIIIYQQQkhuEAoBjJPiF1GWso6+zgMor6hwtF9h8gBTWJ7+wEpuv1g0mpbmN8orKhCLRhGLRpPtFGnKvk7H+kJ/8li5Yjl6jx5De3sHVtQtS9suF6CohToSCOGLVggjZXlaIZEEcsGNst5taxcl842MjAKYF64Ace8tSoSgRXh26e4+gjVrVuPSc1LzijLKypZgZGQUIyOjaSKYbWsXJeuVe4rJVdQEHEPjE2leS8IqfPGzPTJ5gAk6g8cHsLau0lAonbV1lRg8PoDqZfFj/rI1NdKyxYVYnL8Ak6dnAcDWzxvH4y+z2yV+AYD8pUsNiWAE5y8uSnqE2VM4Z3sf5Z8jq6qyHhMvMBrSSM9TTBiRe3YJe9gnABlD/HB7boZA+t66ddKOrVtxemSETxtc5MziYopgfAhFMIQQQgghhBBCCHGbQAtg+jtbAKSKK5zyzCLKlQthRP21DZsdqZMeYIjfESIYpWhF6X1FSwQjF7+I/2oiGLn4RfxXE8Eovc0o693QVI+DbV0p4hfxX3hvkYtg5OIX8V8ughHIxS/iv5oIRi5+Sf4fZtxt4j/CJHbR4/1Xvj5jnl3NLTjYM5gUW5y3vBoAcPHKZRieioc1qyxaZMvnwf3HTAlfgMzil+QFnwURDABgcgrVZyy3rY/Kz3+YGMt6TPwMvaCEF6W4Q6QJkQe3628PK0L8QryBIhhCCCGEEEIIIYQQElgBjBCfAMB0rA+F5XWuhCUS3mDkHj76O1scEcGEyQMMCS8rVyzHyenJpGhFK/SQUoyiFL8IlCIYpfhFoBTBaIVaUta7tKIUIyOjKQIWIF0EoxS/CMS2/MgsTksL0sQvAqUIRil+AYAzNq7F/uee4yQi/vuNDbkHGAAJTyMthvLV15TjtY54XJvxmdMAgOGpk4hNzyTzZfN5cH+8bLPiFzc4f3ERXth/DIMAFq5dakt/5Z/tGBM/kwteULR45XAPzlq3KtR9bKpPvUZo6xrgdhPbwwbFL/6AIhj3eHp3q/62S9wth/jwnuL4CRqB9ieEEEIIIYQQ1wmkAEYufhFMx/owFXMnfI5aeBsnRDD0AEOCgly0AkA11JFIF2IUsZ+R8tRCIol0IYIxU+/b3vpGvNpyOC2fXAQDqIdEAoA3Xnoxurq6kR+Zxdr6FZr1AvNebpZWlGr216984pzV0sZlxegapxgvl9i4rBixHPEA4weseH1xG9G+F9pPpIhgcplcC21khd6BKHoHoli/Ov23VB4qiZAwQPGLv6AIhhBCCCGEEEIIISR3CZQAZjrWh34V8YlTIYi0EPUphThqIZmygR5gSFCQC1DUQh0JhBhEK4SRsjytkEgCueDGSL3y8rZsVi9vbf2KFM8zeu2zq79+pvaL/80JnoO0/vcX0+dCCEUxgyMTpvcpKYhfOlUWLUqmWf08uP8YVi7M7lJs+uhRFAIZwyCdPnHCcPgjLVYuzEdv+wlUntuQdd+Tnydmsh4TL9ALbdR7jOcQAFhSEhdy9w+PYHPDchqEEEJCiJ73Fi/KIf5iepQeSGh/QgghhBBCCHGfwAhg1LyuAO6LX5R1a3mjQUX23mjoAYYEgd6jx1BdVZ4UgGiJQuRiEPFfTRQiF7+I/2oiGKW3mUz1Gi3PaPvs6q/faW3t4iTPQWpzwAPMto2N2NvaYShfLDqc/G5XCCQhflm+cGH210gZRDB2iF8AJNt68KVO28Ih2TEmXmA0tFGueYqRe3ZZUjzv2aj3eDR04ZB2XHgGnnx+f1oatxvbTggJPsOX/IuvyiGEEEIIIYQQQggBAiKAUROZAN6KX+RtUGufHSGR6AFGnb7OA46UWdewicY1Se/R+GvuSu8nSlGIUgwiUIpClOIXgVK0ohVqSateo+UZbZ/d/fX1+bc/xomei8T603/vQiiKqa8p96ReOzy/KBEiGK1tdiI8wTgRDsmrMXEKPU8xJPhkEnRwOwUvhISZkuo6jA/2ZczjVjnEf0wMt+tnWMjQmrQ/IYQQQgghhNiPrwUwWiGPRIihWDTqi3aK9ii91NgdEinMlFdUaI7nVKwfReW1qsKXbEUr8jLF57qGTZhSWfyVt9UJCgoKAjVmQvxSUV6uul0uCgGgGsJIpAtRCABN7yhy0Yoo30i9Rssz2j6j9Rotz/f86ps8QeUgtX/xutD38czG5Xitw/x+doRAGkz8t8P7S8p1k81CFzWWL1yIY6dOxX8PCwtsDYFkdUz8jFFPMYQQQkgQsUuYQoELIYQQQgghhBBC7MJWAcyWLVsk4bVk0aLCrDyY+DHkUUYqKjRDIlkVwaxfv05Sph06dDjiVRedEmnoiZli0Wjadru8tYhy1IQwWkKXWDTqiAhmZmYmUCePivJyRGMxRGMx1CxLF4XIBShqIYcEcgGKXogguQBFLeSQsl6j5Rltn9F6zfbXz/zHy0cinzhntdRQVsRfyxyic2QK/TngAWbw+ABqShbgYM+gofxnNi5Hx5GjWYdAOtV+wnbvL16wcmE+evcfA85YblsIJKtj4gW5FtrICr0DqdduixfNX0PKQyUFmUwhfridIZAIIYQQQgghhBBCCCHuYtsKzPr166T82z6eLHA2Ufjpr3/LdFl9nc2oqAjXQltfZzPqGrabH6DbPq5qa7dFMKtWrZK8EGj0d7akiYecCFVU17ApzcOMHWGsrNgZAHp6eiJBmNdCBKMUhSi9r2iJQpTeV7REK0rvK1piFKX3lUzlGW2f0Xqt9PelY3/iLxHx32/WwJChtKBSvaxG9bPThEX8IhAiGDtCIXk1JlbRC23Ue4znEABYUlJo2GZBRCnuEGlC5MHt+tsJIYQQQgghhBBCCCHECWxbhVm0qBCzic9qYgIj9HU2Jz9Ho/0pIhhfe36RIdop9wQTjfan9M+KEMaqTa0gRBiCmZkZVH3lnwEAQ5//kiN1qoVAEjaUe9BxQvyiZmPhgUhNBONUCCQAKP3iZwEANTU1ktLbjl9FMSIEkhCFaIUeUopCtEIPKUUrWqGHlGIUrdBDWuUZbZ/Req32NwhsqFrMX8sconNkCv/ff/w6lH0bnTyJXc0tWe2/NIsQSHK/JnaHP3ITeRgkIB4KyapNRgfHsh4TLzAa2ijXPMXIPbssKS6yZLMg0VSfKtZq6xrgdhPbCSGEEEIIIYQQQgghxG5sE8CcPDmNfMwLFMwINqZjnYhGY2npQjhS17BdN0SOHyksr0sR9MiJe7gpN1yWFZtaQXh5EWIXLxDhhZShpKZjfaht2IwplbAcdqJWtxDBuDkH1cbAz95h5KIQAKohh0S6EIUA2mIQuWhFlG+kXqPlGW2f0Xqz7S8hJDhYDYE0uP9YqLy/CJReYLIJgRRGwub1hBBCCCHEMAuX0ga0PyGEEEIIIYS4jiMeYMyiJn4RWPGW4hfqGrZrimCi0ZgpEYzTrFq1ShLeR9L7Me91xXQADIOhrIS4ZDrWh/6E9xU5bnoAqm3YrCqCAeLCJiHSsavvWrZWip3k3mEGBgZ8JYKRC1DUQg4J5AIUtRBBArkARS3kkLJeo+UZbZ/Reu3qLyF+Y1fzHzPmuWj7WwPdx327D2FLTWVS0FJSkJ/xc2NBPsYt1BW20EdKVi7MR2/7CeCM5ab3XTY2g7GxfkP2F58PnIji/Is3BcI2YfR6QgghhBCSiTu+/c2U7z39JwAAq2opyqD9CSGEEEIIIcRZbPcAY5awil/kfdATwVT7pJ0zMzOKdru7sKTmeUXgRfgrNREMMO+Jxp25oy6GUYZG8ppoLIbqqvKksENLFKL0vqIlClF6X9ESoyi9r2Qqz2j7jNZrV38JCSpGRDJ+Z8miAsufzYT7GcyROWElBNK5dVVoHRoxbX+vybXQRlboHUj1nLdYNn7yUElBZceFZ+DJ5/enpXG7se2EEEKCzYnj/Wmh7U4c76dhwjaepbQNIYQQQgghJHj4wgOMGmEQv8j7oiWC8QtyUYXb4hcAvhK/yOtWa5cIieTuHJoPf6UUK3lJNBYDkB7aRykK0Qo9pBSFaIUeUopRtEIPaZVntH1G67W7v0GgqsTZMB5D4xPoGp9GfUkhqkqK8XL/UPJzLuKVPYbGJwAAw9ETOWHn0ZMzSe8iAEx9NhsCKRewYpPY9Axqi4vQPzFleiy8RC+0Ue8x3mAAwJKSQsM2CyqZBB3cTsELIYQQQgghhBBCCCHEXTz3AKNGmMQv8j75WQTjlahCS/hSWF4HYD40kleIdkwrwjKJdnsh0PGLBxghflm7tlF1u1wUAkA1RJBIF6IQAKohh0S6EKOYKU/L24qyfUbrNVqe0fYR4kcqK8LvGru2uBAbq8qSYozywgJTn42iFf7o2KlTWL5wYSBtd+zUqbS0lQvz0bv/GBautTZ3zIzF0OSU5zYwGtoo1zzFyD27LCkusmQzQgghweDNR7+lu/3RFR93tRxCCCGEEEIIIYQQwMceYIi7eCGq8KPXF000QjT1d7YkRTJu4RcPMCtXLEfv0WNob+/AirpladvlAhS1EEECuQBFLeSQQC5AMVJeppBDcsGNkXqNlme2vyTd2wkAnFNbhZf74/bJNS8wQbHHPb/8Mx6+7zeRoNm3vW8YQNybt5WQPWY/D+bY8VxeWOCoPZXj6HfC6PWEzJMpxA+3MwQSIWFny5lNqumvvtbmSTmEEEIIIYQQQgghvvMAE0bvL/K++dULjNuiimhnM4oqakMxrtHOZlS4OG/94gEGmBfBKEUhSu8rWqIQpfcVLTGK0vtKpvJEmpZoReltJlO9Rsuz0t8JhsrIyND4RM6GQvIrQRW//Pqpfck2f3BLo2Q1ZI/Rz4P7j6l6fxEE0QuMmveX5G+CwguMk7aVj6WfodeT8KIUd4g0IfLgdv3thBBCCCGEEEIIIYQQ4gS+8gBTUVGbFmombFRU1CIa7fddu9wSVUQ7mzGd+Fyk2OZLzy8q7VN6gpkGksImNwRcfvEAI1i5YjlOTk8mRSFaoYeUohCt0ENKMYpW6CGt8pReV5SiFa1QS1r1Gi3Pan+DwtD4hGNlK72dCITXk/qSQkfr9xuZ7OEGD//0R/rbH9oXASE5TK6FNrJC70BqGMvFi+avNeWhkoJMU31Nyve2rgFuN7GdEBJuxgf7UFJd55tyiDtonevN/gYwv3v5+ftMCCGEEEIICRu+8wBDvMENUYXS+40QAhUCqGjYjlg0GghbFZbXoa+zGYVAUswj+tHX2ey4CMZPHmAEclEIANUQQSJdiEIAbTGIXIxipjy1kENq7TNar9Hysu0viYf1KS2Kz+2xqfj5KJdEL36zx/YN2m/oNx/cHxo7Ox2mx0j4oyB5gdHz/iKnvLDAcdt6Pnd0Qhv10rMXAGBJSaFhmxFCCAknFMEQQgghhBBCCCHEbTz3AFMRm5r/EuvMCaNX5OBEUwpG5J8rAhj2Si2c1bSsrxUOhnfymwcYIDX0kFqIIIFcgKIWckggF6AYKU8r5JCyfUbrNVqeXf3NZbrGp3FObVVS7CFHeEARHlFoD/fs0R9L91RWWz5/XvvEzTuk/7jrycB7gXEyBFJbdAxrDLYjCCIYo+IXuS2cDIHkNUZDG+Wapxi5Z5clxUWWbEYIIYQQQgghhBBCCCGEWMV2DzB9nQdQ17AJfZ0HDO031def0wNQaiCPWZv6jWjnAaC8IsVbyjTcCRfkJKL9QggjF/VEOw+gomGTI/X6zQNM79FjqK4qTwpFtEQhSu8rWqIQpfeVTOWJNC3RitL7SqZ6jZZnV3+DgjIcjx2Y9WjiRBv8hB/sIdogF7uocem2jaERwThFS/VWrBl+0XB+P4tgzIhfAOAP+Q34SxzlJAC9noSZHReegSef35+Wxu3GthNCgs/Tu1v1t13ibjmEEEIIIYQQQgghgEMeYIwKNd6yZTUeefUIxraszknjl756BG8x2HenxS9OiSqisnbLBSJBF7/IqWvYjmhnc4rAR9l3O/GTB5jeo/E4D0ovKUpRiFboIaUoRCv0kFZ5Sq8rStGKVughrXqNlmd3f3ORofEJXW8nSZvJvJ7Iv9MeztojkwcYIBwiGEfD9Jw23x4hNPGLEMas8MU12wYIej0JN5kEHdxOwQshhBBCCCGEEEIIIcRdbPcAY4VpH0S2KEQhphMShkyf5WnZUOqjieCoqKI8HvRJHv4obEyr9TkWDfXJQ4hfVq5YrrpdLgoBoOn1RC4KEfsZKU8t5JBIF6IVM/UaLc9o+4zWS4gfyeQBRhB0EYyTIZCyucLyWgiTjfBF8FzvcdTKQuCELQRSroU2snSdMJB6HbR40by4Tx4qiRCjRCLGf2okSaLBCHEBPe8tXpRDCCGEEEIIIYQQku91A96yZTUeedEPXmCmZcKMTJ+nsxZxmPH+EjamQ9gnuXebwpD2UcnatY1ob+9A79FjqKutTtsuF6Dohf6RC1DUQg4py9MKOSSQC1CM1Gu0PKPtM9vfXMSotxNB2L3A+NEeRjzACK697jqGQ3IIuRDFaTGMHaKXXEIvtFHvMdoHAJaUFBq2WVDJFOKH2xkCiZAwM3zJv/iqHEIIIYQQQgghhBDAAQFMXcOm5GejYXtuu/W9+PqdvwSA0IdDKn31CADg1vdcjs4DBxyzqW8or0gTh1SEKPyRoKJhO/o6mwFZX4XnmzAjRDBKUYjS+4qWKETpfUVLZKL0vqIlWlF6X8lUr9HyjLbPSn9fOvanQIz10PgE25JDY2PUA4wgqCIYp0MgPX3OZXjDy09g5cLsL7ecEMPYLXrpPXUaT59zGTA+hiWLClBeWOCYnb3GaGijXPMUI/fsskTmAciMzYKCUtwh0oTIg9v1txNCgk9JdR3GB/sy5nGrHEIIIYQQQgghhBDARgHMokWFmM1i/9tufS8AJIUwYeXW91yec5NM7g2lqKIW07G+UPazoqIWU9H+nPD+Imft2kaMxoaTohCt0ENKUYhW6CGlyEQr9JBStKIVekirXqPlGW2f1f7mIsLbiVnqSwrRNT6N+pJC2sNhe5jxACMIggjmkx98XUpMDL+GQMqEmnAlkyjGbQ8voydncGxsEk0VpfbbVjGW3/zRs76dc2H0ekLmaaqvSfne1jXA7Sa2E0KCj13CFApcCCGEEEIIIYQQYhe2Lc+cPDmdfWGFRTkpEMkVCnOgj9M5OrZyUQgA1dA/Il2IQsR+RspTCzkk0oVoxUy9Rssz2r5s+0uI3zDrAUYQBBHMFW+5FgDwixe/G6oxy7UQRqvqN2DbGfW4/8Gdvm5n2LyeEOIx7wPwC5qBEEIIIYQQQgghhBCiRb6vWjM9hfKKcsSiMY5MCOj8+R1ouPFTqLhYFvIo1mlfBeVFQGzKmfKMfFZBHvQo+lwzOn9+R2jHt6/ld7LPqdsmjhkrw2j4n/0GyzNa736b22d3f/1IVUn2XgyGxicsezsRyL2e2NEmL/GjPUQ4JSseYARBCofkdAgkwN4wSH4mGf4owZJF8fBH5YUFjoVA2ru/y7P+5lpoI0tzYiCa8n1xYk4AqaGSCDEJRTCEEEIIIYQQQgghhBBNfLkaQxFMuJjq63emYJVIStMZ3MwUThssz8jnHOayHRfQCISEGKseYARBEcE4GQJpc3QfWrAVi0tKQy+CkYtfJsfHsHlwH0YL8jE+czppFyfs7CV6oY16j/EcAgBLFOHZwhYOaseFZ+DJ5/enpXG7se2WblwXLgQQQeXSmmuKS8te7Dz0WmiPtqPHjyc/d0wlxPeytLCmL87L48nTBG8++i3d7Y+u+LgnZbHvhBBCCCGEEEII8RJPV2K2b2oAAFx75cU5afx7fx7+gDnCC0xhQ27F9J7u7Au19xdCzGKHtxOB8HoCILBeYPxuDzUPMHJ+sfNZvO/y13Fi69BUUYoWmiG0GA1tlGueYuSeXZYUF1myWZDIJOjg9jNstffpRKi34309ixdFT/zFitVrjx090v6nsM2r7sOHc/bcOjk3RxGMSbac2aSa/uprbZ6Wxb4TQgghhBBCCCHEK/JpAuI0d9z4Lnzq57/NGRHMdGcf7rjxXaHsW0e3twt5jWtqQt0/QvyClgeY/lg/tm+IL2gGXQQTWVWFg6ULgdKFAIABQPPzhsQ+ZsP0vGm8DY+hKdReYJTeX84faQEK8i2FQDpoYCxQuhDFBcsCY5+weT0hxC+cnJ6KHD3SvqKsouq6yuq6XZ2HXusNQ79yWfwioAiGEEIIIYQQQgghhGQDBTDEFf7xysvwbw89AQCOCmEKp7XDIBU67HBnurMv2dcw4rT4JBNuiVO87qdfGRqfyGp/4e2ktKgAY1PZhTARXk6E15Mg4nd76HmAEdvqaqriIhgAVeu2BG4MqsuK0bSiCtXLtI/5weMDaDs6ZDlMz+jJGUD2m+S0CObZqz+smv66+7/vSH1y8YtgfOZ0ymczIZBQutDQmASJMHo9IfNkCvHD7faGQFJjJDqUPxIduqRuVcPxvp7Ox4M8nyh+mYciGHsYH+xDSXWd78pi38NNLBbD0FC+ajoA1W1a5TC/O/nFNkIIIYQQQggJCxTAENcQwhAhhHEKLQEMpt3pX9ho6RhEWVmrZ/WPjIzgsh0XuFrnE0/uRllZmac2z1XGpmYwND4R2NBGYbGHlgcYNQItgllWk3F729GhrOrYPLgPLdiKxSWlAOZFMABsE8II4ctH/+atqtu/k/hvlxCm99TpZF8EwvvLeADGxA5yLbSRpXkyEE35vjjhFQhIDZUUVJTiDpEmRB7crr/dbvp6OpcVl5a9p3Zl/ZPtB14J3IUUxS/pUARjDxTBeNf3SCTyPgC/kCSJE5EQQgghhBBCCHER1wUwDZs2xf/L0joTnjNyjbMvvihn+lpeUZ78rBoeqLAImJ4y/tnPBKWdJhmMpvapuqJIc5syj3y7VppWGQV5/umznf3Ssp88PSzIvZ3oMTY1g+e642tWGwBd0Yfc60l9SSHtYbM99DzAKAm6JxhDv2GF8bEyGwKpsaIUz/UeTytPCEfs8Abz7NUfxo6L9K8nxPYnkb0IRs3ri2CJTOBgJQQSMGepTZFIBG4vLumFNuo9xhsMAFiiOBeFMRxUU32qYKuta4DbTWy3m4mxkQVzs7MFQZtHFL9oQxEMCQHvi0QiFMEQQgghhBBCCCEuQg8wxB/IBSNGPgelL4SEBKseSIyEThIhgITYAwAODk1mFH3Y0T638bs9RPu0PMD0x/pVt9WW14ZaBGM1BBIQDwOk9AIjyNYbjFL88uU7fqqa75or3g4gLoSxKoJR8/oimBwfw+bBfRgtyM86BJJFXF9cMhraKNc8xcg9uywpLrJkM0KyobSkNFCrzBS/ZIYiGG2e3t2qv+0Sb8pi372/TiHECejViBBCCCGEEBIUKIAhhBhCzzNJJq8latuVaVpljIzML452dA/4ps/Z9stsniAyND5h2NuJXOwhyCT6kHs9AfwvggmSPfQ8wGhtywVPMFZoqihFWzQeHugFbFYVwQAwLYR59uoPo2llNQDg9w//IZn+xve+B43Vcc8qHYMn8fgvf5Xcfs0Vb0fTymo8e/WHDYtg9IQvwLz4RavvLuLLxaUwej0hxM8s6w6OoITiF+NQBENCAEUwhHOZEEIIIYQQQlzCdgFMX+cB1DVsQl/nAVqXNiUhIlO4Hzl6IYLU9jMSDqhxTY2nfXaiX2r2C6sYRgt5mB81hOiD9nDXHloeYJQoPcLIPcEE4rx2fADVy2p0twPWQyCJzyUF+ViyqEBTBANYF8IIcYtc+JI8b1YvQuNHbkoRwpx9xmZD5WYSvgBx8cubptswWhBvqzIEknm7zRkeEw1890CeXk/Cy44Lz8CTz+9PS+N2Y9udInL6VCDmD8Uv5qEIRh097yVelsW+B+M6hRDOZUIIIYQQQkgYccQDDIUatCkhdtHSMYiyslbX67xoexmNnwVybyd6KMUef8hbAwB4+1x3Mu3g0CQ2VC3WLKO+pND3XmCCZg89DzCZ8gpPMHU1Vb6eo+19wwCAtqNDGfPV5M8LNayEQxJhgeThkAAYEsII5IIY4f1lz/4WAOriFzmN1YuA974Hj//yV9izvwVnn7E5zQuMELwo26HG5PgYAGiGPRIszl9gylbtiXKNjEntpkatze+LRCK/0Nvfjof1eqGNOnpGk5+Llxdg4thMTpz3i5cXpNhg8nQ0ZftimUBKHirJT3S1mbveyCTo4PYzXB0PAHi1ogYYGfH1sULxi3XMimDCHq5j+JJ/8WVZ7LsuFA6QsMC5TAghhBBCCPEtroRAeu/Hv0ZLExJgdjW3pXxv69LPr7Zdbx+tbWrpVrzOKNMylaHWZ6f7ZdS2XjE0PmF7mWpij09+8pMAgG9+85umRB9OttMt/GQPLQ8wSo8vxBhNFaXon5g/75w/0oLxmdNowVZVEQyQLkBRCmIEaiGP1LbLRTACuehFT/AiZ3J8LNl+PTZWlaWIW1zmfQB+4WQFmUIbHdx7HBu2LQOQGyIYufjlqScOAQCWlBSasplf6Ok/gVW1S3ni8pi77vqVpf0m8xf6ul8Uv2SPBU8woV2kLamuw/hgX8Y8bpfFvufunCQ5B+cyIYQQQgghxJe4IoB5y5Zqn3W7CMCUzmej/5X728sjrw66ZpGCggLT+zRs2jT/WZbe2Zn68OjsTQ05eXCl2eHiiwLZj189fjRy/TuvkN705jd7Uv8j9/67J/W+5dr/50m9jz36KO657+FI0Od/Jm8namKPCy64H8BTAIALLrgff9h9tWHRh/B6Uq9YcKU9rNlDzwOMGe8wfmdwxJhAKNsQSADQWFGK53qPA5gPFSRCIgHQFMII5AKVBccOYHQkPmfUxC9/85GbAAD/892fxdNkIpjHAezZ34KRiRPoMih6AeLClwgknD9yIC3UkfLzxqoya7YaHzM8JgZwVARjJLTR73/3Cq55x1kA4gKRvc/3hPJ6Z9uF895cfvSzZ9G4In7dv6S4yLTN/IJbIphMIYL8vt0prIpfAODM2CCe8+m8ovjFPibn5kz/JoRZBOPHstj33JmTbV0DPCmFCAvjSREMIYQQQgghxHc4IoCpa9hkKmTPd+99LpKLxv/ItRfr3CEWZWVTs8zMzPBoIJqMTUxhz54XXa1zeCgGNdGN3EuLGmrblWmZyhA89uijqKwqd93WfsRsKB0Rgietf1MzmmKPaDQ1XIam6CNDe/wYBiko9hAeY4x6edHzCNN8cL+vz2tr6yqTYZAy5YsNzosyrIRAEqiFCpJ7gxFkEsPoIcQv4vP/fPdnlssSoY7k7RzX6Yv4LPps1j5mxsQgjnuCyYTcE8y2C1fhyIFhhInVm+bHQnh+CRryMDs/+O5XcctHPoe//uiHHRfBKMUlIk2ITPy+3SmE+KWrrRU/+O5Xk+knjhsTX5ac9uc9zbOjo5b37T91KqfSzdj0EnO7cJGW+A3VsI2coySoc5lzlxBCCCGEEOIXbBfA1DVsSv43I9h4y3d3SmV1xjzFjPQN4pGPXB4J0/7pTGVtUzNY8QBDvCPs8ezVsBL6SG0/rW1q5RDzDI1PJL2dlBYVYGxqfiHKjNhDsH79T/GHQ3+ZUfQhPguhiV9EMEG1hxkvL0H2CPP+K1+fMc+u5hbb6muqKEVbdEx12+bBfSgpyDcthlEKXDoGT6Z4hQGAx3/5KzxusI1qopf4hUK+4T76bEx8JYJZvakyNOGQ1MIeWbymMZTPyWueFw724PwNcU82bopgmuprUr4r37r2+3a70RK/fOVbP8H4aMxQGXORnHyvgpj4TeAiLfHbnPT6OsVujvQNmEo3Ww7z25/fbFk8vxJCCCGEEEL8Tr6blZXXqbuVHRsbkwCg8az6tG0dr3RBua25bzC5j5yg7a9lj1hfn+sTgR5gAomrDxi6j7g7L0uLi3xhZLf7DYRT4KQl9vjhD+8FMAMgLtBoSaxr33KLOCcVA7gXH/rQtaqiD9rDGXtoeXXR8/iizOd34p5GWgzl25AQoWQTAkl8PreuCsfG54V2aiGEzh9pwZJFBRg9OZMMkSRQCmKExxcRAkmEPAKQDIn0xkQIJCBdMCMXvADAm6bbMHpyRrNtep8vXrkMw1MnLdunve+E4TGp3dRo6vcSNi8uHT5ibqFAGQ4pTMjDHsnpHUgV8i2WzZVty1f5rh9aIhg1Tyh6uBUmKAiYtR2gLn7Jddqn4r8ZtQsX5kR62O6hCDEyJ8tWNnSM9HbupilI0Ocyz6+EEEIIIYQQP2CbAGbRokLM2tw4NfGISMuF/d3EjAeYH/7why60qAhyLziZvztRr9ZnJ+v35wOG0uIivOnNb8Z9v/sD1qxOFW51H+nDGzbHF4zGR0fS9i1ZUpbyXS2PWv493SeSabua2zTzt3UZS8u0TStd9M1s+/Xyvtw7qmrHd77j7Xjs0UddHVs7UXo7kaMm9vjkJz+JlpbnVMtSpn/yk5/EN7/5zXTRR9Xi5He/eYEJsj30BCxB9vhilWzCHql9Hj05oxtCSP5Z7hkGQIp3mLLipUmPL43Vi4D3vmdeBJNALn4RHmFGJk5gLBoDgLTyR2WfM7VN+Xl46mRW9nH69xI2imAqy7SPp/XrmrDz6eewZk1DSrrcE0xYUPP8su/VFqxf12TGZr55+11NBHPp1deaKsNprzFB4a67foX6TebEQGEXv1gNgxT9wG3x/X/y9ZxId/M3IRKJ+CrczMRgP4baW0CCy8RgP4Alpvc7ORpbCYACGBIGKIIhhBBCCCGEeI5tApiTJ6dtdSdD8Yu+9wu7PUT4zwPMlMnvTtQ75UH9wX7AIMQfG3a8NyX94JO/TMsjRy//W679f573S6991vKPBm5ss0FN7HHWxuvw2INHTJVz1sbr8IfWX+uKPmgPe+xhxMsLoO8Rpm9gyPdjMTgy4Um9G6vK8FKfNfuIsEQ9FX8BAEmPL0IE05jwCJN2XZLwEKMsxy6yDX3k0pjYJrSoKivR3LakuAjnbtuCl/a+io31qWLHF5/vQVvCe0zT6nh4maB/lzM+PIhzt20xbTP4XARj6lgwGDppx4VnpHlIkXuP8ft2PUQoo6fuv9eU7cIsfvnsli14KRHe8Od1Tbjqhg+iqzfuZbB+ZR0evPtHKNh8gW4ZQjBid/qq/7sDAPDOmhoUf/e7AICJj3wE9yXSexyqN1P6TMtuVTvd2BcXxp9bUZHVmIj76SDPq8khfVHy4qpaT8pi380jRRbMBW3+DRztxktPP56WVjIxiWindmhEvW3M713+8dig6nhiY7CfURFCCCGEEEJyE9c9wFSUF2bMkyviFzVbRGPTiU+GBBbvi0Qiug/tjN5wyj3A9HUeQF3DJh4dPqKv80DGuQCP32IU3k7OueYWAMDOnecBAC6//EVs2PFevPz7HwBI95Cilf/p792BPXte9NTuYxNTSTGLVn8ESvGPMv/BJ3+Z0XuM3nHu94dHat5OtML8nLXxOsv1aIo+EPdw4hcvMEG3hxkvL0H1CLO2rjIRBilzvvKxUwDsCYEkPp9bV4XWoRHTYYbE501dz+FA/cUoK16aIoJRvS6RiV9GJk5gU9dzlutV+7yxqswWm6wtXWh4TLLAtQXPc7dtwc6nn8Plb7g4J65V9r3aoil+8dvYZEIpgjGDCJ1kVAQT5O1qCPGL0puLGXI17NEZZ7gfPmv0czfjrOJiNBalv3zxzqVL0TE1BfzfHVjy1btcb1tziyvOMAK/SLvq/MtU03teeMLTsth3c0Qi4REKvLe2jQ9wAsgPY2W2n1/XrN34+JGOg8cphCGEEEIIIYS4jaseYCh+yUxFeSFifeZuKmHDYoHSA4wQXOgJYcrrUt9q/vL3fnsDD6nMfOHv33W3/HusT3vADQhfkixeXPSOysrKByKRSPKVfrceNJRWroAUWYSNl74DQFz8UZF4K3PnzvNw+eUv4pxrbkHrU79DacX8YpBcLKLM7yf0+pO0QcVSLD/r9Zr5N+x473z+XtMu8D1/OD80bs4rgxGxR1V1ubk2DMYAZBZ9ZNNupwiaPXLFA8z7r3x9xjy7mltsD4EkPtcWF6F/YspyyCGlCOZxpIc8knt9GZk4gVWH/oRxC3Vpfd5YVWabTVC60PCYBAUhglGGQwobNohfbL2uNcMffvGDyNvfd4v01x/9cEq6XARjBuE1xqgIJkw4JX7pamvF/ff8T87cZ2zZssWVel599dX4fWtREVYsi4dnW3nmmfFL1cR3HD+OVyYmPGmXiyRfKvHDIu3Xtu0ynPdjjzf4siw38GvfP9RaZKk/c4Hz/5LhXsLkfQ3xlv7EfaXdzM3OlgA4TgsTQgghhBBC3MZ1DzBaPPKRyyMAgCaVt3oTaUuWLNk6NjYWfzXuA6MpIoJHP3rFDY+aqdBn+2eJY4sFZgQYxFt7T01NF01NTV8Hj96eVhO/AEBFRUVSBLLx0nfg2Ct/BgBVsYg8PwB0H+nzfEzs6k9qfktvxXkignm1YiMahroN/AbkJb2dOCH2EPuYEX10jU/j5ElvniYH2R6vVmwEcsADTNzTSIuhfDX5i5w7d2YRDgkAVh36E3rWx8MhyYUwckYmTgCIC2bGbWy7XWGPrIxJ7aZGT+fP4UQYIDUWLyrAIdn22rqV6O7uTAuHFBbGhwdRW7cSvQNRzTzrV9ek2Gzb8lWeXNdqoSWCuXvnS6bKueHycwHkpghGS/xi1oZKzIpf8uZmA7GM3FRfo/pZ9/f51Vfxxm9+OilWscJPb/p0Usgy+rmb8c6l8bl59PhxHP/xw2juSngj/cZPseyvrgAQ9wRz3+duBh54KdmOv/zZ7ZbbcPT4cTz+ydsNCWqs2MkseQsWYG52FoQQc3xo4wiAfYoLW9qF4zlPwaLCOVqWEEIIIYQQ4gWueoDRY2xsLOOq7tGjRzW3jY5mJyjxev90TL855LsY5m/+zsN3l9VVG8o70jeIRz96xQ25VI7dyMIfOToXikuUrnH1RSrRaOqC2Gg0vhC7PEP+W/7+UwCAH3zvDqxZnbpo2H2kD39xRlNKmpYAR5QnvMrIvbYAwJ/2t6mWL+rfudOe/ijzm7WjOM7lYc/86ErYKbGHfF8jog/aIzt7aHl10fP4osznR2L9M7jnp+ZPj6+JiD9zM3h9YfyL3eGQAODY+Hz4Q7PhkJYsKsDuunNV27+p6znTZep9vnjlMgxPnbSl73+em0na1gyPPPQc6ipLPZtLlWX64cQu3NKIls5j8/Zb14SdTz+Hiy44J1Q3EvtebcH6dU26eTY3LLdStOvXtZe/9CT+9zuAUgRjBmXoJCGCefL5/TlxY6kUv3zlWz9B/aYzsirv8peexP0m9jlasWwRRkZDad8tW7bg+I8fxuNZCGH+8me3o/kbP52/rv/udwEAZ555Ju4X4pcEFzz1FF577bX4l+uvTynDCnLhyxYf2XXhwgLp5OyUb9rz2b0Xmcjd79Oy3MCvfd9rqTd5AQmB1NwxaChf7/AUSHjoHZ4yPPYp59eCRTQeIYQQQgghxBN84wGGKLH0wMDyYkFBQQGiB55Lfq/YdHHGfdRCWsmFQNf+5LmUUFACtTBRzX2DmiKiMJWzZMmSG5R2MxLySj42Ts8FO1i4Pg8AcOrQHCoqKtJEINnmt7t+v/fHT2Orfv6PezsBkFHsAcyH7rEDTdFH1WLUlxSiC+57gQmDPWpb1U9MtQDQn/mkVQugL+LPX9e3Xxr3MPV/D/0ZgyMTpvb5w1MvOhYOCQCWlxTh2NhkMt1sWKJVh/4EACgpyE+myz9bKVP5uamiFMNTJ+0Le2RxTG5912XJMfGCqrKSjHku2bYerxzuSX4/d9sW7Nr9cvL7YF9vSv4gfs8U9uisdauyMbNrv3cr1254w+fygH88+BL+7Tvft10Ec+nV14b+zkVN/JJtedfseRrTJvdr7e26eHn9unoAT4fV1nIhTMO/fQSNRUWu1n/0uLloFh1TU+j8x+/6TvgiiOTl8dEDIYQ4gB9f2CGEEEIIIYTkBp57gLkjNo07PvdXOTsAn1IRkWSJpcWCmZkZyB/9RQ88h6LCeS8ahQ2bbGmcmkhEpLGceaZloZCmpqOuzgW7OHUovsi+cH0esHs+fUnFUlP5AXVvKVrlmK+/zZA3Frv6E8/flvVx3tS45r71a+tPHe7oTmoPvX7ApCb2KClLDVPyluvs8Yv9yK9bk59LyhrxhxGkiT4uXlONrvFp2sMn9vATg8cHsLauMhFyR5+1dZUYPD6A6mU1rrRNhBXqn/DXm7Mbq8rShCu5MibZcNa6VWkimFwhS/FL8vdu7ZoVv2/vPjrpZFuPdhxajqa4JxunRDBhxwnxixVmT5/Gsa7Dy3PhGNuyZQvwy6dNCWEe/+TtKSKUiY98BEDiUvXHD6fk3X3ppZplvPGbn858f+Rz4UsSn63PDrbuNZy3uLrWl2W5QS73nRBCCCGEEEIIIfp46gHmjtg0KrZfltMDcEfzE74Rwcz97DEAQN5Nb0rbJhdkWIXil8zo2VmMjx8ZjZ5ICQGUIv4wgNn88noFRusX+yypWJqyv9X2jUZPpIlgrPZH92S9YEHK987u3nfW1SztQJpcyF2EtxM1scf6rVtxrHscwHyonrnJ+Brm/fefpVre1Ve/Ymi7vEwAWL91K/6wL1X08Vz3IC5eU42X+4dc8wJDewSL91/5+ox5djW34GDPYFJsUe5ACCS1z40VpXiuN/6WvV2hi6x+3lhV5lx/J2ayHhO/oxTB5AI2iV/i1z+StBjApJvtFyKYbDy3KEUwuYKX4pdcRQhhjPhlkQtRlnz1Ltz3uZvxzqVLsWLZMqz4zF9i5a9+BQDofc97gGXLcPT4cdx34gSWfPWulPqOK8QyapQo6iOZ+cH7l5jKf8v/9WOovUV128Rgv6ny7CzLDXK5715jJRQOIYQQQgghhBDiJp57gCFaZO3K+n2VlZW/BGB4lfO6665DaWkpfvSjHwEARBCC4r+5LuveUPxinon/+XXK9w9+8IMYGxvDr3/960DMYHkYICfy+708u+s/PZsuMZQkyRWf7X/IW6N93kCPpthDUFVdrrpvRUWFqs3UtmuJiaqqy9GecNijJfpYtChPtw92EhZ7HJu0Ya25eP5jJGItHpKTXo3inkZaDOWrrynHax3HAMDREEjKz7XF8WuB8sKCrEIjWQ11VF5YgMX5C5JtcqKPdoyJFxw+MmAq/+JFBThkcp+gsn51TUb7bFtuSiDjmmKvpKEB452dABIiGJP7Nym8xshFMLmAmvjlqfvvNVWGXPxSnp+P/pkZEGfYsmULnkXcUwsSYY1ir70Wvw9JfO+YmkrmJYSQXzzVEgGAG279jPTp2z6GT33sk7jqhg+m5Hnw7h/h8mX9AIAj0Umsrlicsl0r7cCpRlStWKta79DRdly+rB+7xioBABeVDpsq+2j+yuR+O4/X6tazaWFHsowN13wKAPDt73/LlJ0+9uGPAwAO/v6OZJvsKEv0581/9c+2lCW3vdo43vHtb+L2r38bv/jB7Tdw9hNCCCGEEEKChKceYIge2Yc+GBkZeS8seIL54Ac/iKamJkxOTuLgwYP49f9kJ7ig+MU4ctHLddddhw0bNgAAjh2bX+QrKChQ3dfL8DdyDyi33VYMQLZYcSkAFGPvXvV9zebXqtdoefJ9jIQjMlNetv0xT8TxsX3ssUciAPCmN71F+vQ//VPKtq6v3ZLmSUQp9lCyefPFAID7759ISReCDrXtcrGH2P7Yg0dUy1cTfZw8OYfrFvWg/rM/cNRWQbfH7f/6r3jjqRh/fn2KW6GRnA51FBYqy4pN73Phlka0dB4LtV02NwQ/8oxSBNNz8mRy29in1cO+lN5+OwDgf7+DtNBJd+98KWePk662Vnxg37OGbAcAsdPzQrzy/HC/WtHWNYCu3j7Vba+++qp71/BfvQuvfO5mvDIxgXcuTb2mve/EiWQeN9tk1E5h4undrRb3XKa79dXX2jwqyw383XfrYxrAa9T6GrR1DSQ/Z0Pt2vXx6932Qynfh46229pmt+rJ1XEkhBBCCCGEEK/xrQeYuoZNoTJ0nw0hhMwyO2tOklRYOB+KaVL29r/wDAMg6R3GCI9+9IobHjXTgA+M3p1L5ajxwQ/G37oZGxtLpi1evNhXc3lifER3+969T5kqz2x+OWohkLIpz0r7RBuWm8yfyY7GkHw1NzKJPeRc897DGlu2Gdquh5rog/bw3h5+ZHBkwvQ+boVA0guNNDx1MpmebZgkEd5IXqar/VKEQLIyJl6welOla/tNHHNHkFS8vIAnhQRyEYycSzs68FRjY1ray+KSb9+zqiKYXEQufjFiu5TzbH5u+hU99tzj3lR89fsBAPfd/3/A9dcnk8cT6eNetYsQEliEp5bRyXwczU8NIaWVhoX6ZR4o3g6Mxe9ndh7NB7AEjdd9Bs/c998AgEve+bdoBFK+P3Pff2N0Mh9LlsjKgL6o7sDkkmT7Nii2LUkUVF5SbtgOor92lCVs9WabyjJqe0IIIYQQQggJGrY/XezrPIC6hk2qgo9obNpQGWETv4g+aYlgMtlFz6Z2Mj09jYUL43e+ixcvThHBAMCCkgWmyhsdNS78yMVy9CgsLMT0dHxeyMehsLAQMz50BT82fBQHn/xlStr4aLrAo2RJWfLzy7//geY2o3VOyOqQl1eypCxj/ZkQ5cn3UZZZsqQs2QZl/SK/3v5BRuntRE/sMTQYS0v7/S/XoaKiIsWbyalDc9h4S3x+/+mR8wFAc7tWuQKl6OPkyTl0fe0Wx7zAhMUerxRPI1fYtrERe1s7DOWLRYeT390MgWQ2TNLi/AWmPzsZ3shsCCSrY0KIE6iJYF6+915s+elPU9NkHkyAROik73w/p0UwXW2t8VBGMiGLEdsBuSN+6ertS3oeEJz1WDxcVHV5eUr6YCzmTnpdXWq6x+15ZNO5qnYKK1Y8hhSv3IrB1r2o3rgt1Yate1FcXYund//Jk7LcIHR9j0QCO3dX1S5V/WyFN70+PgZtK+PnI+GJZP+f/qiav6m+Bnjn32LHhWck03Zc+B08+fx+NNXX4Bmb6gHiIhOjApNM+LEsO8eREEIIIYQQQrzGkSeMXng7CR9FrttUywMMAJSUlmB8bJzD4iDy0EZC/AKkeoCRp/uJ2fLa9Bmskjars13bX1GPZp1qdYiyMtWfqfyi1RsMtVmvnqLyWvX9e18M1dzN5OmkqrocQLpAQynmUJJpuyi3XeMlPjXRx8H/768ds8Hb0R0oe6jxyz++amt8919GIp6GZ8tEfU05f3w4Jobp6BnFi8/HfzPajiRcxK+uceT7wLHDeNu7LvOknw/89gnULF/nSj87ekZ9PR9LGhqA1tRF6arf/x5D11yT/Nylsl8ui2CS4he1378Mtgu7+OXcigq8FI0CSF1kzeWQG5nQstO5FRWh6uevHj8aAYCNV75PeuHLTYb32/GtcWy86ga0Ppj6fsbGq25AzwtP4H/v+KBtZfWd9TF/GW2o37W+mynr/C+04eAf7zF9PR0J2bF73Zp4yM7e4dNYWZkavlMrbedx/TLfvKgVv048J/vQloXoHY6XsePCM/D+u1OlLl+9bFOyHb3Dp7FrbL6MH0L/pZjLV6S370c/+J2p/guvsKJ+eXnZlCVsZVdZRm1PCCGEEEIIIUEjnybwK1Ou16jnAcaI+OWOL9xw9/2/+jqHLoONtLbJPbvoeYDxmu4j6avr1cvqXG+H03U6Xb6aHYPAxvptAIDbT63C29GNP+StAQCcffbZGnvsSX6qqi7Ht2+/Bx/79PW47bZi3PVUPF2IOeQCDzWxxy0Jbyffvv2epNgDAJavKdGs/9C+fXFxyly8rZ+uGHTGMPH1rEDZ49enVuGHifFs7drr1JR5H4Bf+HEun9m4HK91mN/P6xBIofssC4FkdUzCzuGEaMRpti1fRWOrsGrRopTvxx94AAsSIo7jDzyQtl0gRDCXXn1tzthKKX4xa7uekydDb6NzKypQdyT+YsOKZctSth0tLo6nK8QdR0+dysn0t04PpaYfP65qt6zxmeeNV1991UTuhvj1+VU3OF6Wb+9NXOi7ubKKLPVDQnDp6T+Btq7Ua5UHxuIvA2zDbsfqzX/T51M8lQjRCzDvweTJsz8BPPaVrOuyM8yyn8p6YGxrIvxRt+o4EkIIIYQQQkhQ8VQAc21fH+7FE6jYfllOGj/a/ASu7esD6up80R49cQU9wDhPEDzAvPMdb+dA0Y5J/pC3Bj/84b340If0F/eUnk6E6OPmS6fjwot6+dZtAICL6p+fT6qfF958+/Z70sss0G/np//pn3D7v/6rK/YwUpfX9jAyZnYSiUR8KYIZPD6AmpIFONhjTBR1ZuNydBw56rsQSEH/bMeYhJ3KsmL+cPqMqt//HgCg9sK0PHTSPx58Cf+WQ3aRi1+0vLno2S5sCMGGko6pxIsOiu1Mt5aevGfKy7M0TqenJyN1+flXIb7/g17Pmy1bthjOO3FPG4baW9S3DfbbWtaq8/31zGawda9rfTdTFu5pszYP5/ICe66TiybE50/f9jHc/vVvu9qOzz0x7zX5/264xJYyJ575HgCgd3gKKytTxU1G05Rl2VGevKxsy/v0bR/Dpz72SdVxtOFGkBeNhBBCCCGEEE+gBxiSRO4BBgC+8x39BxbRWLoYY3tdBQ2pQ0uzdiirmZkZ3HvvbwAAixYV4uTJaTz99NO45ZZbknn84AHGCybGRwJdvnN490Dphz+8N6v9hehDCDmUqKULsYcVtkRbcePW1QCcWUj+Wskkfr7vSGDske34WcBXIpjqZTWqn43QdiLu7qdkYT7GT53O+vPU7By21FQF4oyz++hxVC1aaFvfSxbmA9WlWY9J2KkqK6ERfMbxBx7Q3a4Uwcg9m4x9+tOq+5Tefnvy80+2vg71TRvT8nS1teID+55V3d9IuXKM1vHulpYb7rrrrrszlRs7PR+SQS+UUSbbhYXuw4d5oLjM5NycJRHM6bk59M3NLfFLP676WYkvywoaQbNj3tzJyLo1ZaUFkVMAMBYUO9/x7W/iUx/7ZFqa28i9v8iFMMTbcZyZnqJxCSGEEEIIIZ7giACmrmET+jqN3XTmqheYpPcXTYrSbArAsF2tIBdXfP3rX0P+bR9Pz/T5L/GocfKATNh8NnFwzgL4wbf+G29729sAeOcBZmxiCnv2vOhqncNDMbzpzW/2dDwee/RRVFaVu27rsCEPzyPHrIBDq5zeEdojIPbwXAQzOnkSu5pbstrfCRli0MIq+W1MCPEjchGMnEs7OvBUY2Na2stZ1udUuZ3/9E93P6VSl1a5euKXXIHiF++wKoLxK9cXPpKWds/0Wzwpq/XBu2lHm8uSMzM+uqhtAm9LfP1FkOyrJ5RYWVmEWpV7FrW0TK7BaqvLUX6yNvG5H9jzH+ip/xqAdNFLT/8JAMC2nrvQX1mE8uI18/u16gecMtPmwKeNGRtHq5w6xet0QgghhBBCiDfY/oRSCDXMiGCU9HUeSJYTFszbYirNpk4j9wCzaFEhZmX1Oym8IerHkbD5yZPzopdc9QBDNJlzu8LWrr22laUl4MhV3LKHnWNoAV+GQ/KaIIYrIiRsPHjLF7Hj+d/aWqaaCOble+/Flp/+NDVNw0uLGdwqt6KiQrNcJ8Qv391wHtDWFph5RPGL9wRdBFO1dvP8l6OP4Lcytdm7zkndPti617WyVsz6K3DZ0QXLAmlHPSQpOPN04Gg37vrNYxnzYKOz7WjrGkBTfU2KBxj5tm08JdozjhZZtKiIRiaEEEIIIYR4gi9e0fv5lRfjxodSvcCEWXARbX4CP7/yYvzW/RAUusjFFSdPTiMf5gVNzc/t4VGVJUqbL1o0Py5eeYABgO4jfa7WV1pc5FrdeuW73W8zzM7NFjbWr6rMy4vMtHUcGXejTq0QPatWrVJN37PHnXOCVv1yhsYnUFXiTAikofGJwNhDbQxdFsVQBEMCy67dqX4vBvt6HfneuGo+GsfhIwOu9G3b8lWu99Nv/Pym/4cbf/bvtpZZ0tAAtLampFX9/vcYuuaa5Oculf3qN52RltbV1qpbl5FyrdQhLzfvxz9WLcsJ8cu3rrgJOLgvMOcHil/8w+TcXGDbPtQu84pWqL+9uLoWg617Ub0x9dpusHUviqtrbS0L/f4SwLjZdzNlkSzvYWqX6n5Pu3bpuQt7cTMAoKk+HkKzrWsguc2ueog1FhYsohEIIYQQQgghnkAf1SSJlgcY4i1+8ADz4CNPRwDgqre8QVqzui5lW/eRPpy1agrVFfOClcGoehgfkUe+XSttd3v88zvf8XZH+5ap/Ddttac/8u+v9BRBzY4PPfqnG8y0vX/gxHIAy6urKsYAPODlPO3p6cmYZ2gwZmudco8pRuo/ODSJDYDtIpih8QkcHJoMnD08hiIYGbkcAilI/OKplsgXbrpQKiqa/71bUrES5124yva6HvjtE/O2Lyt2va8f+4d32F7mi8/3YDQ6L3yZmprCV/5vd8bfvfw8TLrZdydEMKsWpR4/xx94AAsSgpLjDzyQtt1MWXaVm217e07aG+bgW1fcFKjzw7Ojo8av306dYrqN6XaMiZ9QehvR2z451I+NV92QFp5o41U3oOeFJ2wty4+41XczZWXjASZo7P/TH5Ofa1bEQwxl4y3ECLH+RPkr53+HhNBFCGHUhC9q+xHnx1EKklsjQgghhBBCSKhwVQAT69P2pPDzKy/GjT9/CNMV4Q7xUhidxs9vvMyAXdx3FarmAUZJWdkSPPLqYPyL+E9soaxsiWq6XzzAEP8iAZ4/WTLq8eQt19njB/uRX7caql/JwaFJYGiS9vAHFMGI6wCGQAoMHT2jaEw5vHrx4vPO1llVVuJ6P1983n4R3Wi0F1NTUym2NML46OgbN6+ueh7AkJN9vuoHX8Sx238cvy9xQASTNq6//z0A4HiOl6uGXPzykYMv4iM89RCiy8arbvBlWex7eKlZsQafvu1j+NTHPomrbvhgyrYH7/4RvnBJBADQb+Mjoy8/IwEokH0uA1rlt8E/iteftmeZogwi+MIlEfQPxvDD1jLVcbzj29/E7V//Ng1FCCGEEEIICRz0AONbplyv0YgHmPzbPs6hcRk/eIDJhNz7i9r3TPnV0sYmprBnz4ue9mtsYsq2/qR8t3ldcUFexDWbaIXKMepxZG4yLj65//6zVLdfffUrhrabrf/jv92Pb73rDDSUOSMu7ByZwsd/uz9pHz/bw+VwR5kInAimezQ+ZoX5CzB9etaWz20nogCAkoX5GD912refT8/OYWDyJAYw7+kh28+R4gL+0BNd+obHl5QWFZTDYQEMAFzzpY/i9//8HQDOi2COP2DNcdsXGs/Rz9CSENZnyFfkUnvNIhe//NUDdyGM0u/2hBCsNnHfxfTs0nOZicF+zfA7E4P9tpZVnsN9J+b5WW8tblo5b7vfRa7AWM/ejGm6nDphT+MWGgt3ZLTNYUkjhBBCCCGEkDDhKwHMz2+8DDf+/IlQG1zp/cVPKD3ArGrYlLK9TvGdOE9dwyYcD5AHGCuhgtT2yyQ48bpP2fQnvq0odHNVz+OJVqifioqKlO8L1+dpblduA2QhhAqMeTwRIhgn+Phv9wfOHj7CVRFMe99wVvtf9m+pbtXXFs9g587z0sYPAKLRaMr3yy9/Ee0TqYKP577414E61i/+4v/a2v9dP/h01mPiNqmeS0YBDKTlOTVj/Pd6YUG6uLVx1bxXuOLl7ouE/vTMsxnbqNffTPlN37AsiLimDFeKYK750kc9mWdN9TVpaU8BWLfsX1WPNwCorp7Ao4/GBSRr1vwwLV9DQ17it2gIvdF/1qzDK5Til6BhNORO9AO3xfP/5OuOpJ9+x4fi6b/7YUr6wHmXAqdO4Nm9r6Wmbzsznt9M+sKlePbFpwzV63R/CSHe0lRfg7auAc3fLgAY69lrKM1PGG1zWNKMjKNZInn5p3iEEEIIIYQQQrzAdx5g5AKRJx56Lvn5V4/sC5Rh3/OWrcnPl115cSDarPQAQ/xBEDzAVFTFF1hOSgs1tpekbRdpavvFt0XRfaTP874tKV9iU39k23qC+xxoY/22rPbfvDl+Prz//omUdCHoUNsuF3uI7Y89eMRS/R//7X783VVnYF11VTJtaGocAFBVVJKWduO/fDfRnnkPLMLrysPf+CwODw7hvx7cHyh7qI2hD7zCuCKCWd1Yiiveci0A4Af//WMsWbwo4z6jkydx0S23m65LLv6oqKhIE4OEHaP9l9t21w8+bXhMXnfZuQCAnq6DwNPu9esXT7VE3rrjIulNa+vStu1q2YvNa8W5pTiZ3tI+hJtu+8+kUGjh+jwc3z2Eyy9/UTMNY+/wdPyWbXtOt33KtJ99/R9kfUdK3y/anH7Oeay9Dw8/9bzhWBNHh8ZfD+BXTvb54PV/B9zzXzivtDRFBPPF933SVDl3PP9bT8asoSEPe/bM6G4HgM7OOdfaZNZ26I97LxPil+m5ufi4/NsnfX/Ou3tgIAIAN9z6Gen6D9yA//zKV3HVDR9EV2/8WrZ+ZR0evPtHKNh8wfx5MiHoSDt/ZpE+07Ib4kgUgpT5A6kdwLywRYnZ9LTyRf7zLk3ppxP9nWnZrWrff/j853DPT+7GL35wO2PZEOIhSs8iap5G/O59xGibw5LmBNMnOlavX15eDOAQjwpCCCGEEEKIm/hCANPfF0VtXUVaWliw1j/3PUQoPcAQf7DIZx5gikvKFCnzIpXapSW6+2ptV0u/bkf8mPn1k1GsWZ260Nh9pA8XN03a0p/n2harli/qt6s/qduiunYMG1XV5QCQ4vnkmvce1si9zdB2ebm9I873QSz20h6O4qonmLV1lYY8j6ytq8SOC7U9Bx15tRlAqjDp1KG5pOeFZPru+D9lWc8FbJCU7c+2/3KO3298TILIbbcVA0gIFC4txt692mmf/cAoXnw+LgZoO5J4G3d1jSvfO3pG8bWf6LdPmeY0IxMnFzhdR1dbKz7//PO498IL00QwZnA6dJIaDQ15usIWL8Qv37riJpRa2E8ufrn2+edxy0c+F6projPOSD0Hjn7u5rQ8S76q7v3mknJ1gdMzsXkvUc0tu1G7dn38frM9vt4ovg8lBDB2oVePvJ9G2m3WJs0tu3mTSAghPqe770Q9gHpQAEMIIYQQQghxGd94gAmT4MWe/k253kZ6gPEnQfAA039iPEX00X9iXDWfyCPfrpWmVYaS59oWW2qzGQGNm/3xO1qeQrQ8w/wev1dP/+W6NFHJqUNz2HhLfJHkT4+cDwCa243Wny3Cw8ru4+leVx7W2c/P9vCBtxc9XBXBvP/K12fMs6u5xVSZpw7NLzCL8ZKnhZ1s++/EmLhJcflKldQhAMDevU+lbTGa5jaiDWbap9f3oPDCwR5cqxDBNL/PvPcRO0Qwq2qXGjtmej+H6cMSOtd9TXM7eoH/W/lVy3WYRR7KyAxK8ctXvvWTQJ8P5SEk1MJJjH7uZrxz9er48fONbwAAJj7zGdz3uZvTBB9aIhKxTUtM4jVm2z36uZvxzqXxeVn83bgXvomPfETVJpnsmwsUV9disHUvqjemXvcNtu5FcXWtvWX1H8/dvhPDv1dO/a4QjiMhhBBCCCGEmMEVAcwjrw7qbr/4ytw0fia7eMHY2BgAeoDxE4sWFSbHhajzkevqk5/v+E2vap5PvXt+Ye67v+6i0Sxip9BEKeYwuz0bKpdUGEoTYpGL6uVpsvyDQ4Gzh09DIMlxRQQT9zTSYjCfMbTEHwvX5yU9oISZbPtvZkxqNzV62tcz161JS9vVon8cidBBQDxElDyckDLNa3buPE+3fco0s7Z6rN2/Xs+UIpgP/fgrpvbf8+UfAHDHE0xDQx7+D1/Fuw9/Fu8+/Fn8z9Lb8FkpHmbxF0iIX6AufnEKufjFrO1iCI/4JRNC/LJ02TIAwNoz42GG2pctwzuBFMGHXESidfzJxSRven38d75tZdzDoRCH7P/TH23tQ6Z6zLZbiF+W1ten2qS+Ps0mucS/fKAp+fnV19rSr+uuugGtD96dltbzwhOOluWL+xKP+p6pLEIIIYQQQgghhHiL4wKY/Ns+rrv99Ne/ldsDkME+bvOud70LAPDIIzvR13mAR4gPOH1yOjkuv/3tb33ZRmXIHyuhkLTLyOw96Y7f9CYFLp9698o0EYxc/HLHb3pRmGX/suuPsT6FCXmon2/ffg8+9unrcdttxbjrqXiaWDSXCzzUxB63JLydfPv2e1LLtfjS8+GBnuTnqiL1MZ6bjHsKuv/+s5JpV1/9Sijt4TNc9QRjB3rij0yCpYHJk/H/ODmf5uPPdvc/TKysShfSKeUh0Wj6b4Bamp8w0mYjffcz99/zPzcAuPuvP/rhFBFMbYG5k6o8dJJTIpiF6/NQXxtBV7+EhevzEDkaScuzfn0B0AycjCA9hJ9Dgjy5+OWvHrgLyDd3q6kUv3S1tYpxCRVbtmzBs4h7fVl75pm4v2saLV3xlw+WHT+ekg8A0PMygHQRSUVFRVKsJvI3/9o/fTTTbgBxm3z3u+o2Wbw4mffVV1/NqetoIwKLjVfd4HpZfsGLvlP0QgghhBBCCCGE+BtHBTB1DZt0t9shsKivb/CdUbu6Om21k1u8613vQvOB5uT36f54P6amYgCAoqLylPxq6XanuV2fl2niu3J7PpAcl3e961349a9/7dsTipVQQWr7ZRKcqKElglGKX7zuT1hCIZmhqnp+rg8NxpKij5svnY57HqmX594GALio/nnZiX7ea8m3b78npTwA6B2x3ra//qs6/O+PM3siUIYnCqs9fIbjIpjBkQnbyzQr/vjCw7tSvn/lg1dibV1lSlp73zA+/6OHAADf+erN2HrGLxGrKE0r6/juIdx0E/Bf//UZAMDf/d038LOfAcsuqFLNO33qJnz0c3cZqtep/rsxJn5j2QVVOL57KGMa2+w+WiIYM6xatChNBHPNlz5qaztXngIO/2kWAPDuw5+FBOA3674GRKP4n6XxcB1nI+755d2HP4trHvxMfLuDpIlfAPTPzJgqI2zil7auAXT1mvN2dMFDD+G1114Drr9e8xx76tDc/Hk9IN7Fsmm3lk2s2DdoPLri47rbJwb7MdTeornNzrKUd+hvfPv7PLXNTx983LW+mymLJO55E8L83uH00N7aaWW+aLu5NoclrYyTlhBCCCGEEBIq8oPceLn4JT8/H6dPn075rPVfuY8yPaPRVOpSfg4izQea8Y0vxePPl5Ut4dHhI8S4fOafP5OT/S8uUT6Q6UN1TTUAoLRvDsvK467Xf/Uc8OmbNgAAvnNbqrDs9p8dxOrlqwEAU7E+VNcUxze0TaiWT5xBiDWE6EMrpJJauprYw2k2b74YALD7eF5a2guJ79mEDwqaPcLE2rpKQ+GNlKIQPbTEH2ZDIGUSgRw6NINlF2TX//XrC7Bvv7l6ne6/E2PiJ267rRhAQhBwaTH27tVO++wHvG+rXvuUaWFCTQRjBhE6SS6C+eL7PmnuBm3P07rHbu/C+ePt9+vj14gLAbxnjYSKinhd0ehJPNVdmrI9SYbj0Wx7AQD9ca9qQvwivLmYIeyeX5RMfOYz8aH4vnEPj8mwckCgvGsZbbcVmxD38Vr8QgghhBBCCCGEEKJHYAUwTU3rNMUmIl3tv1ykopZuVDyjV29Q+caXvoHjx4/fAABlZUvuFp5IBMrveul2p7ldnxdpWt9LgeS4fONL37jbz3PISqggI/uZ4fafHUyKYORpfulPfFuwQiDV1zcsbWpahzulJ4DOJ0zvLw/5I0eE7sm6LAPRKbREKka8vwDAzZdO22ZPr+3xic5/B4nz/itfnzHPruYWQ2Xpij9MoCYCsVvwUV8bQSxqb7129d/OMfEbe/c+ZSpt1+6XU9IH+3pd+y7aYLTNYUMugrl750um9r0h4TVGKYKxC6UA7oYdc7j7yTzcsGMO+aeXYGwsHkJn6dJS3NA4v+3uJ+ePxfXrC9DrgOcQpfjFrO2A3BG/CJYuW4YL6uPBOdv/6q/QDmBCFgZJTjxcYqqIRIjV/IzZdpuxSRj56cUvGM57/oPulSUIivjF73YMEz39J9DWNZCS9ujJjQCA2Fg3yovXpGzTSvMLu8YqDbc5LGla40gIIYQQQgghQcU2AcyiRYWYtbhvX2cn6hoa0tK0qK9vUPXkovxuxQNMpv+6xtQQyZjtnxcIgQXxN34dp/4T44bC/OiFDlKmGQ0VFJ2pRPT4SQDA8mWLHOufW/3xI5KERQCwoN1aqAunvZRkCvlzp6Qu2llXswoAMDyqLUj68ceuSX4W+SqXVBgq36/2sDqOYSMu9mgxmM8Y2Yo/BEoRiBHBR31tBEaWB+trI7bWa2f/zYxJ7abGwM25nTvPQ0VF/PwRjUZx+eUvaqY1vq4ZOPIGFBUVJfdfUrES5124ytY2vfh8D0aj88KXqakpYPXT2LlTv33KtDAiRDCXXn2tqf3koZOECKbZikcVA9ywY96TxuT4MJYUpnpwHB4eBrA0mffuJ/NUBXB2oBS/fOVbP0H9pjNMlRE28UtXbx/62w+pbnvdAy/hvredi3cCmHrtNQDzIo/7jhzB6x6YFw/FVp2D8p6XsXfvU7j50kvjiYl/QpAWW3WO7/pvtt1mbJLJvkHmL587H0BcdJHpM9DmWllAsDy/+NmOhBBCCCGEEEIIcRbbBDAnT05nVZhRQYgIe6QUrRgVsTjtASY/Pz+r/hHidybG01fXR2OjWBQ5Jfs+pbqvyCPfrpU2/71Isy33vlCOr33nG+jpPwEA+N6Xv4H/+OTWtHyfvmmDaS8w0aGoQ/2J90nNjr4lAinIc9ZpwQcFJSQeEmY6ubCX/C/HYKgYNRFIJhGOnqjFaD4r9TrR/1wgGo0aSuvoGUVjit6lFy8+b29bRqO9cdGLrM6K0qjlNocNIYIxs0+TLHSSEMF86MdfMVXvT7a+zlT++toI9vZUo7HoGE6dGgMALFw4jCc66yydK8y2FwBiSBW/AMBT999rxd6hoX5lXcpnRdS5pOAD11+flp5mX5mYRG2bHPEGf1evsyE9jdRjpt1mbZLJvkFlqD3+W/xq6asYai/R/VxcXYvB1r2o3rgtpYzB1r0orq61taw3nv9GX9nJzb6bKYvEefOi1viVS+kUVi5KvZfWSts5VZu8r3faE4lePReVDhtuc1jSdk7VctISQgghhBBCQoXtIZD6Og841lghfgEQKA8wXtosKzoVDzMb6szl7dR4GGpHOWbKsLNurTQ7yhTldPYF7kRSXVGk+z1Tft0yevTr7uk/gT3PvZqWLgQvIhySFRGMI/0x0CezzM05q0+ZQ+YFM60QQ4B2yB/bKNCv3wtoj2AwODJhKN8vv/B+3e277vmm4Tp33WOtraINY33DKNwsuzZKLGh39eufB5QL34cOzWDs8EDGvmXabnf/jY5JkFl2QRWO7x7KmOb39vmpzdkQiej/xlkQZdz91woRTG1BgSNtHx4exvLaSlx21ix+tDMPL+wuwPj4DwAAJSXfwLIL5r3ETI4PA6h2zI5K8UuuhTJSQ81DybHnHsex5x6fT7g6/Ry7885vmazpGd/13VgfNNpt0CZh9QDztW27DH/+2OMN2HjVDWh9MFWnt/GqG9DzwhO2lnXm9nN9Zad7X9jvWt/NlPWh1iJeYAP43djZ8Q8LgZfGFBs10oB2X7T9pYWvM9zmsKT5xfaEEEIIIYQQYhe2CmCinc0oKirX3D41FUv5XlRUjnwA0di0brm/emQfAKCrKzheVH71yD685y1xTxR6/Zvu71S1i54NSz3q07SOv/RClbyFDpZjpgw769ZKs6NMUU5hAE8ku5oddPW8oElz07Xnx/C9L38j+V14f5ELXW7/2UFLIhiv+mSROSfHt/RUfEE6+ovW0Pz47W5XGd/BIetpASJM45gNa+sqDXk4WVtXiYu2b3atXe19f1YVgYg2tPf9OZlmVfwizy8vV69ed2gxPCZBJO4pZyb+JeERRy/ts8/GPbLMMwog/qbyqZnUa8uFBYXJNPlnPRYWqF9x3HzptKH2ydPIPMJrjFIEYxbxdroerQPVKCwYxOKSStywYw4z55RgdjYebmnBghIULJkXv+ztmRe/HDo0o1tH/8yM6fZS/GKM6z/grFn+8ytfZT8Dzmf3XgQgLqjI9BnoBxAXajhdll9xo+/mysq9H0W5FxXx+XO3fdh0OZ/62Cd90R8rbQ86n/rYJ1XHkRBCCCGEEEKCiu0eYKJ9qSKViroGW8r9i7e8AQ3LU8vqO5bqKaOwsBAVlRUAgClpCkWRIt3Pat8z9m84iunp1EWFuuWpHkA6j3XiT4887Yg9C8srOGuJp3QfSfdQ8+snjjn2pPTKNzfphh6oKBjGP3/00uR3NYGLUgTzpe9k9rLjdJ/U7GiV06emi9auKDkTwGtOtLf49CQef/xRTXu88Y1vvrunR9utTee7jzk6J2v/AOjVrxR8DKw6C689/IAt43vmFW+7u0ZFUOJne+iNZa7x/itfnzHPruYW7Gpuca1NasKctXWVKW246SYAmBdibViS+LA+vbx43tRF7g1L4nn//XNIlmukXj+NSRBRCwGil3b9J76On339H3DeOWclt7348iuIljYAi1QqWKTxWev3c6wzreybbvvPlDYZbTNJRU0EY4adH/lcxjxC2Pa7F5fiirPix/jM6KmUEEgFpxeisAAp4pdMgjkAptsLgOIXFfb/6Y/Jz0NH3Xu7XoQkMuId5YlHnrA0Vpdd9Z67zdQTJvv6iYnB/mR4HrVti6tqbSvrnp/cnbN9N1NWrnHHt7+ZJly549vfdLxeq+cucf7iyPljHAkhhBBCCCHEKfKdrkDp3US5zaw3k4sujL9Zs+v5Xbr55KIWrc9q360ib1ehCR8eavbRs5mbTFcUZpXXzP52lmOlXjN1O2EXeZpye6mPThgPPfonXy5ofOk7TxnI0xdaO0ZHpxZFR7EFDglgJAMhkFatWqWavmfPHixod9pjSoFm/YCzgo/XHn7gBqXR3/jGN9/tZ3uQOHGxR4uhfG57HFGKQJSCj8//fx8zVE6mfEtN1uunMand1Bi4Obdz53moqIgLmaPRKC6//MWMaW7zwgtvMdU+kUbSkYtg7t75kq1lK70/PfxK/Gg+vnsoJQTS+dekHuVGxC8ALLeX4pd5/uHzn/Os7vqVdarf9yvyZbOAbKaesNnXaQZb9wIQoXT0P7tZFu2Ym3Y0gttCiWzPXcQf40gIIYQQQgghTmKbAGbRokKMwR0PJZ396aGQCgsLUddQh+mRaUfrrmuoQ19nX5oXmM7+TjTUNthen5ceXwqjqX2crihMSxPpRsuwqxyjZTjVB6fK1Cor15kYH9Hcdtm2PEfLJ8bQ8ziSC/XTHuHGSFgee2nRrf+ai0tsqeXZJ5Rlt3jc79wgGo1aTmP7goUQwVx69bWm99UKP9Ab/Wf0/lj3Ch4AEMuYz94QBxS/xBk42o3H/rzX0zYY8cxixwKyXj1e2mDgaHdg58/BP95jalw2vPX6u+0qL1NZToe1Msuef/s63Oq72XHJlXPdXb95zPZylb9Lyu92iV/06nGiX0Efa0IIIYQQQggJGrYJYE6edGfRXghN+rv607YJ8UthDTCduH818znTfz0aahtUhTmEEGe47yl7Ft7yFhbQmITkKIMjE4byve6yc11r07NPvORaG+RlulmvXt+NjkmQWXZBFY7vHjKWthdYWTUvhlbztWJ1MejaixruVivbVPt2D/FEkgEhgrG5vKy5+vq/0WzTU/ff61m7iPPQewIhxK/830iZanqFzecuvXoIIYQQQgghhAQfe0MgdfYBDXXq6Tr86pF9GYsWYYXUhCaFhfFt0eEoFi5ciOjkKWAa8RcgO2H88+T8/+npaRROFqamFwIYnq9T7gVGTZhjpF+6trFgSztxMhyRHeUYKcOtkEp2lunnEEh+4uGnnrflAdiVb/4LxgB3kEP79gH7nK0jCuDss8+mPQJoD68ZnTzpy3Z5JQLxg/jEr2Oi5LXD6m/D9g5pizNvu60YwEz8y6XF2Ls3c9on79Rvh90L2bfcYq59Ik2v71q2yiXMikOuvv5v7u464HwgGa06KGbJjv1/+qNv2+aW+MXPNiDWuOcnvGUiuXGc8/xFCCGEEEIIIcEn3+4Cp2PpD78zSQMOH27TfRC3bl1T8mmLmpcVuRAlJTSR3CmNmc/TirKmVfKqoGybmX7ZZUu7OHy47YZ1Nr6tSrIbi1y3QfeRvkCXnwvc8+Mfa257/PFHHZ3Db3zjm+/Wq5/2IGpY8WxyxvozHW3T/kOvYW1dZVroobV1lY7bQ69ep/udK+zd+5TlNDWcWMhW1p1N+0h2dLW1hqKOXOOJB3/l6XX7ZVe9527l4u3Q0XZnfrN06vHaDrnEYOteX5bFvvNcZ+X8VfHgf7jSfr16eP4ihBBCCCGEkOCTH5SGCi8vduWzSorAxqM2uAWFF8QPPPTon24Icvm5gNOCDr/XT3sEkzPWn4n9h17zZdvef+XrU77vam4Jdb1BGBOjTMR6VdPb7r/L1nqc8uKQTTu1+u53JElCJBLxVZvc8MBCLy/hxK2FWy4Q+4ODf7znBrfKOkg7Ep6/CCGEEEIIIYQEBFsFMFbC3dgZ3qWwsBB1amGDbKSvs8+QCCZbm+nlZ0gcQgghxDyx0Wm8sOsZy/tns68aw2PHccVbrk1Ji3thaUlLq93U6KhtjNb78CP3orJ0ma/G1Asea0/3HFZsMr8R1Mp0MoSJne3MtkxCCCGEEEIIIYQQQgghxCy2CmAKo9O0KIBpTNNmhBBCCCEh5OGnnlcVoFx7UcPdsVjM1D6ZuPaihrv90Dcj7bS774QQQgghhBBCCCGEEEKIWfLD0hE3vL8AQF1DXUYvMIUo5MwihBBCfEjH0SO+aUv5EvXrhcGRCU/aY7ReP9nQbxwbmmXfCSGEEEIIIYQQQgghhBCPcCUEkh52h0CSMzc5h7zFeZibnPPtAHhtM0IIISRX+NG9e3zlieL/3XyxqneP0cmTnrTHaL1+s6NfuHdX5w3sOyGEEEIIIYQQQgghhBDiHbYJYA4fbrthHXC3lf2yrVsIXzoPdLpmuMLCQl0vMH63GSGEEJJrrK+vOi5BQiQvguP9Y1WxyZkFfmvj6y47N6fqdYOyxQWztXVLhuZmJUR4GBBCCCGEEEIIIYQQQgghocVWDzBeCTOyFaJ4CcUshBBCSDpVFSW2x1M52HnicfF55ZLFb40B5bR0+CnKWzB2sH1+7AkhhBBCCCGEEEIIIYQQEk7yw9YhZRgkuwmy2IYQQggJAuvqqwcqyxY/7WQdc3NSHi2dG0gca0IIIYQQQgghhBBCCCEkJwiVAKawsBANmxoAAHOTc8hbPL/eofyuhsij/C+n80AnRTCEEEKIA1RXlpxeWVP25+YDR/scr4yxcAghhBBCCCGEEEIIIYQQQkJFYAQwCxcuNJVfKVzJJH6R51H+d7qthBBCSC5TVFiAFTVLjrV1n3h6cHg8Z+1wxvozORkI8YCGpo3jnW2tJbREeMaTViCEEEIIIYQQQgghJDcJjQeY0tJSrGxa6Xg9DZsa0NvWi7GxMc4eQgghJEtW1lVMVZUVvvBKa98xN+uNSBGJ1s8NIkCgx7p3KBrIsoNEZ1vr/Zu3XbC1p6N189joCP1DBfV+cEmZtKpxY0vL3t37aA1CCCGEEEIIIYQQQnKTwAhgFpQsyLi9EIXutWXMelsJIYSQXKeybPFczdLSjgPtAy/29rlT5/pV1WskAJAkzEAq4CjkBqciKGhaUbUGkYiIfNVNqxAlLXt37zvndW9qHezrffORjtYltEiwWN24cbS6buWjLz/72AytQQghhBBCCCGEEEJI7hIYAczs+CxQqr6tvK4cs+OzaGtrw4KSBZgdn3X0PxD3OBMmLzBFpaUjU2NjZTwkwsOi4uIRWoEQ4jcikQjWrqqKlS8pfOGl13qH3Kz7cO+JizkCucfQxHTR0MS0fOwDJYCZiPUGsuwgkhBPPLh524Ub+3razooOncijVfxNRdXSubpVTa+07H2+9UhHKw1CCCGEEEIIIYQQQkiOEwoPMLG+2PyXMZf+h4ypsbGHSgoLK2clqeQ0cKF8mzQ7i1lJWiDNzvKI8RGRBQuwIBKZjSxIPTYW5S14PiJJ42MTE8O0EiHEb6xvrNlzsL3/IC0BxEan8cKuZwLXZkLCTsve51vPufiN7UODfTsGeruqpqYmaRSfUVS0GDUr64eqquuefPm5x0/RIoQQQgghhBBCCCGEECBAAhhBf1e/79s1Ox5Mocj49PQwgGEAR5TbiouKzpidna2dOX16ydzcXCEPHe9YkLdgumDhwtFIBP2T09P7cfp0ynauABBC/Mzw+NyGlQ3rJno7D9P1BCEGiMVigSw76CREFY+cec7rmmZOTlcb3U+S5nBycrzmSOfhIlrRGKsb1k0tWlwyEIkYd7hTsKhw8LWXn23rOtxCAxJCCCGEEEIIIYQQQpIEQgBz+HDbDb/6yS/vDpJhDx9uuyFME2Viamo/gP35+QvPmZubW89DxzsW5OcfmTo5/TItQQgJIoMDx4sXFY5cUrdq1bHCwsXNnYcPjuayPYbHjnNSEF2ODc0Gsuyw8NrLz7YBaDOzzzmve1Pe4tLys/t7O5piw0MRWlGd8soqqXZlY1txadmel599bI4WIYQQQgghhBBCCCGEZEtgPMCETVASVCSggFbwltm5OY4BISTQnJw+ib6enuVV1TWLAfwxV+3wo3v38NqG6HLvrs4bglh2rpMQc7y0/cIdh2NDA6/rPNxSRquk0rBu80h5Vc2zzc8/OUJrEEIIIYQQQgghhBBC7CKfJiCEEEKIJ0QifOOfEBJaEuKOh844+6INPe0Hto+OxHLeG8ySsnJp1dpNzfv37DoIhi8ihBBCCCGEEEIIIYTYDAUwhBBCCPGEuTmGXyGEhJ/9e3Yd3HreJaP9Pe2vP336dF7O3njm58/Vrlr7530vPtMX1j4uyc+XRk+fZtirII7dggUSrUAIIYQQQgghhBASfCiAIYQQQgghhOQskuTKuncfgF/T2uHm9UuW/LJ7evqK/ZOT5bRGcDijuDi2ZtGih2kJQgghhBBCCCGEkOBDAQwhhBBd8vIiE7QCIYQQQog+Dw0PSwD+eMmSJRsOTU+fNTAzs4BW8S81BQWzG4qKXvnTyMjB/RO83CWEEEIIIYQQQggJAxTAEEII0WVgYuYSWoEQQgghxBjPjI4e/P/Zu/P4Nu77TvgfADwGIEUB1AWI1AFRskXJsiXFh45IseV14jhrO2s7u6ntZFsrm/ZpeqZJm6zT5pU2WXubpG02TZ9edtvEdtLHsTe2G0d2YkmRI1G+dFiWKFuiQEukAFESZ0SCwPAA5vlj8BvMDAYgeIEA+Xm/XjYxB+b4fUGKJD78/m73+zti1dUfOq2qC+MpTvlXTuo9HqyUpJ5QTc0vfybLIxwRIiIiIiIiIqKZgwEYIiIq6Gy/OoejQERERFS8XYoyAuCVm/3+FYlUahEAxFMp/wlOjzQt1vh8Sr3HowCAz+O5sFdRzhxh1xciIiIiIiIiohmHARgiIiKiMaj2uOHzeAarPW54XC6koUHTAI/LBQ1AWtPgdrngApDSNLhcgBuZ/QB4YN0PmcculwtuAGnTubxpDS4NuDQ8XDuQTpfF/de53ZhfXT2YdgEJF+B2ueB26fcwueOgAQDcGtA7NFw7nErzxUdEFWevopwBcAYAts+dezWAjRyV0ptfXX1m35Ur75bzNe64oektLa3hzTPJa/tluZpVmz3mBALD16/wvu1yuzgYRERERERERBPEAAwRERVU63FjkG88ExnqvDUjSlx9tpTn3NLQsCI6NHRdRFWl6bz3sCSpoZqaowf6+s6U8rz+eukTSlzl961EVNHSmlbLUeDY57P7je73AKBuQWgNAAZgZtPrs0oa2fPW+fc4EkREREREREQTN2lvJMyZM6d7GFig9vfXcFinnzSnfqgarosciZnH7XYhxWGgElo7r27foZ7+7RwJqnTXrgi+lErr3UZ6lPgHL8jxumKf2zy/QQ7M8b6e1oCqKk9KOX2+pNd+oK/vzK1+//tLa2vnAsCQpi2IJJPXpQH0DA97puKcC6urU24AYa/3aI1L/56iyuW68oqilPyfoWXBxpebRlIetwuQ+5M3dl3qCxT73EWB+oGF/vpfpTUNHv5lNRERlTtN4z9WrDkRERERERERjdOkBWD6+/v3zW9srK2bO7cxnUrB5XbD4/FgZGSkSonHP6hpGkd7CrhcLsytr/uVS8MIXADgAjQNLk9Vb6+iDHKEZp50mp9LVOKvM9YZWYgmjaZp7lKe7+0zsV7xuGXxvJELcrzo587xSUPHIhd6p3O8MsETcQ29AN4FgGvr6m7RAHdmTNEzPDy/Z3h4TGO7sLo6vbC6+pIrMxWRC0i/PTCwBwBiw8PT/lo5evr8FfG4denCIaCv6OfWe2tHjkVivfyMIyIiIiIiIiIiIiKa2Sa1lfyl3t5BAFHzusbGRv4ly1QXsVbqunTpUmlSEQwyTTu3280OMFRq/DpOk85XV6fV1NT2Tdf5E4PDY3pdDwwOle3ngQiqCDfPnTt3pab5i71gDUCNy6XsvXLlSiW8dsZai7HWmoiIiIiIiIiIiIiIKlNVCc7BuatLM8ZDpTiRi+mLaefK/JU/EVGlWrS4KVFdU/tWV+eZrum6hpHU2BobjYxUTiOkTJDlykx9/Yy1FmOtNRERERERERERERERVaYqDgGNhVRb+7bHW5tW1cFlo05r5QJGUilXmm88FeR2u1Fd5bGOpoacnhsuuCBJte+n0to7Q0Oc3YqIKtPixYtOS3W+N8+cOjWtLcW8NWP7FshXyzxvuRhrLcZaayKiqaKxq950qpix17Q0/+Bhtn1tYM2JiIiIiIiIJg3fEaAxicf7+wG0Zf4blbe+vnnYjetH+uJejp7DJ2BDfdI9nHpzMJksqgvC4NAQB41KjhOf0WSqqx6WT01z+AUA3O6xvQ/mcvM9y3Ix1lq4WTsiKpfv/V2u5Pzq6vSl4WG+2V1C86qr0x6XK1kp1zsnuOS1uvkhH7TiI1PJK71XxWNdcwrt41+6Mlrt9Z0v9joGLl9Ym7h0QSq0T2N4daenpuZyOY5jamhoXm/k5PJC+/jmL1Lr5i06Xuwxh5OJxcrZ06FC+9QHm/u9cxvfK/oHLZcL7qqqROJyDz9ZiYiIiIiIiCYBAzA0pZLxeFftgsbhEbdrB9J8G93C7YKntqZtsK/3AgeDyvylmpaq3OP+s9lkGUwdU+12oaoC3gQvh7Gq9bhhHqqRtIbhyfz6rcFTDmOdUIfHtP+AygBiuRhrLcZa69Fcf/Wit9Lj+JzweNxIpVLovpy47kLvwKz6HnxRY91I0zzfUY/Hg9Q4OgMyxEQzxS+vXHnvw4FAd3RoaNuxgYEAR2TqraurkxfX1Lz6kiwPVMo1Xzj+1piniPQvXbkUQMEATJXku3Tx3bffK/aYc0JLrh5tnyqvr6vnxKFz5TiOC9dsXAJgecF/m6trRsYyJvOvurYGQMEATFWNpI7lmEREREREREQ0uRiAoSnn8rh7pAWNLw/HEx8CgNRAsnY2j4enzjsIANX1vl/C5erlK4TK3ZsX+mObQg3/Pt4MRK86fPP5+NCixEhqWq6/qb52cKGv5vVqt+t8uY/1hcTQR9/vUxum6/xL50iJYF3NL1xaOunSNO1gz4C2eN6c285f7p8/WedIu6rVsvhaPMY31D1u/rF+2fw7OsZaeCY5PPHGydhE39R6r3VZ44e6LydC/QODMzrZMaeuVmua54uePCv/8kLvAF+8RABe1oMYuz7U0NDyTjJ5/WV2g5kS86qr0+t8vjf3XrnScWygMr7+jDrFcGG/mIJLeqHCXwbnAPxwko/5TuY/IiIiIiIiIipTDMAQgAn/sm3UwwO4DOBZjjRRZToY7ZtIa5Ld1y2oX34pObyhOz4oleqa3S7g6kBdZ3vvQFt3fLBShvqn18yvW3s+PrS2Vx0uWaeUOTUebekcqf345YGjZ/uz+ZTg4uat8URf42SeSx4Yub55+cqars7Tp6ZzoKWasX0L5Kvht0zlYqy1kMqwdu3v9/6SlSSa3X7Z19cBoONan++2dlWdP5xOc1AmQbXLhVaf79LbAwM/33vlCgeEiIiIiIiIiGiW4bs5REQ05Y5ejHfeGGw421BTdUN3fDDcNzQypV0PFtfXqovran/x5oW+/kobq3cuDRy/IdhwulGt2tYVH1ygTuG0SNVuF5rnSFfmSVV73rzQnxTrl6xctfzK5UsfiJ3vqpnsc/ZeulxzRVauXxRavMJbV3+48/R7PdMxzmMNfnISv/KhTXGtiYhK6e1E4ufbGxpWdA4NbTyrqtUckfFbWls7HJakQ7+8cuUMR4OIiIiIiIiIaHZiAIaIiEri9VhfGsBrGxfO6ZAHR26MXEnOnexzNNRUaYvrazpO9ibeOF85XV9yvBHrGwTwi+sW1LdcTg5f1xUfnPSp4xbV1QwvkKpPvHN54ETE9gfSF86d3TQ0OHVTs6RSKVyInm+ct2DR9QBenKZhdvGzctZgrYmorO3r6ztzeyDQuaCqamvH4GCTMjzMr1tjMLeqSlslSd0Lqqv3/0yW2UqHaIr5aqvhApCGhuTgiOM+1VVVqPFo/DZsxtIwlHJheMS5/t7aKrjh4h8REBERERHRtGAAhoiISupQT/8lAC9eO79+9fv96nVXBkfcE/7HzO1CU31t3zypev+hnn5lpozV0YvxjhuDDWfra6qu7+pXl8WHUxP+DbKv2oPm+przc6qrXn+rJ9v1xcztLs1vqzVoqekaW7fbXfS5XQDcLhffUCsTbpcr7ULxnWDGUmsioumySw9uvHrL3LlN0eHhD5xMJOo4KqNb7fUOLK6tfWu3onRzNIhKY0tr6N/T8CBZPXde2xtH/pPTPktXrOxdWp/6uTuVBODmoM0oaaQ9XpyNe27reO+k43S566+95hfe4SuX3eC34UREREREVHoMwBAR0bR4+1L85I3BhvcuJYdvO3Ml2Tje4yzy1YzM91a3H7888M77feqMG6fXY33DANo+sGjOe5eSw1ve71Prx3usJXOkZKNU9ebRi/Gucri36ZyaZlGg/kBNtef6C73x+QWjPhqweH5D99w66Sg/a8tDY4PvzTXLF113/lJf02i1W9RYfylQ733zTLSXA0dEFWHPlSvdALq3NDSsP6WqV18cGuI7xw7mV1enr/Z6393f13fkZDLJASEqoZ8ffl8Ewy8C+CFHZNZ6iUNARERERETlaMoDMG43f1831TSNf5ROpfHB6xa+lNa0aX3Teiro7ZvdiFzAhy709Ei1tRIkry99Rel1A0CgcUFK7r3oAQB/YH66v092p1Ip+OrqNbfbg3j/FVdmW0qRL3kAYOPaJa/XulXZBW3K2/66XC64XZXZWjozLdJL1y2oX3Guf/D6XnXYU+xzazxuLG+QYg01njfevNAfn+mff29d6L8M4IV18+vXnVYS1yRHiv/aL1W5sWKu9736as+h12N9s7YTte1r1xUAr/Are0XqB/ArDgMRzWQH+vqOfNjvPxWrrt729sBAQKxfW1fXXwUkL4yMzI8NDho/bPs8HlwlST1wuVxH4vEF5mO1eL2D9W73lXg6PbcjmbRMq7i+vv4iNE17T1UXJlLZv9QP1tamF1VVXRoBvMcHBuaYnzPd13BtXZ0crKl59WVZHuArhYiIiIiIiIiIzNgBZgbQOKkulcivjvbM6D+hD7esURoGRxbOXxDqlSTveQDX1NRIqUWhpfsBbEunU67FzSvejPfLq68ovfULFzWdd3s8ydj5sy119XMGGxsXvaVp6S3ptAZ4l55te3P/8NR+7s+cT/6jF+NnAJxZ6ffuOB8fWpQYKdwquam+dnCBt/r1I2XSyaSUjl2KH7sx2HD8QmLoo+/3qQ2j7b9kjpRY5Kv5xZsX+vgmERERUWV9bzYAYBdHloiIiIiIiIiIqDgMwBBR0bSZn7baY1s+bnr8/5ked9j2e9P0+N/5Shm/00py93UL6pdfSg5v6I4PSvbtbhdwVaCu82TvQFt3fHDWjlOmc85Pr5lft/Z8fGitU+ecOTUebckcqf3E5YGj5/pVvriIiIiIiIiIiIiIiIhoRmMAhoiIysrRi/HOG4MNZ+fUeG6IDQyFlcERFwAsrq9VF9fV/OLNC/39HCXdO5cGjt8QbDgdSHq2nU8ML0gOp1DtcaOprubKPG/1nrcu9Cc5SkRERERERERERERERDQbTHkAxuUC3B6PlhrR38CkyeV2uzkBEhHNOJkOJ699YNGcjv6h1BqPC8n23sQb52dx15d83oj1DQL4xdKmYMsFrbZpHoYudZ6PnujsY9cXIiIiIiIiIiIiIiIimj1ckzWlicuVP9+ycOFC98DAwO0Aqs37aZqGkeHh6sGhoWqWIr/ampphT1XVsMOYD9fW1u7q7e1N53vuLJiyhoim+h8KF/OLs43k9f03NZlwT/V5AvMX9MqXLr7Ef8OIiIiIiIiIiIiIiIhookoyBVJPT08awItO2/wNDVcPDg1tZCnykyTp2JW+vnedtg0MDHCAiIiIiIiIiIiIiIiIiIiIaFZzT/cFuFyuWpZhFJrGMSIiIiIiIiIiIiIiIiIiIiLKw80hICIiIquSTT3E+bWIiIiIiIiIiIiIiIhoUkx7AEbTNA/LMCqOERERlY6rZLkUjYNNREREREREREREREREk2HaAzBV1dU9dQ1zEiyFM199XcLtdvdwJIiIqFQWNy/9j/mLgleqq6un5PhzGhq0xUuWnmmcN/+XHG0iIiIiIiIiIiIiIiKaDC5Nm5w/vnZN8K/F586pv64/mVzjggupkZFZXRR3ld7wZY7Xd+JKf//RiRxrsupLRLP4HwoXZ6mZrRY1L1kzoqprLl+6OGlJmEWhxVdqJO/r5yIdl/hvGBEREREREREREREREU2WsgnAAEBjw9yQx+NB/6C6NZUa8QAu6LMjuEzncUNDGi64oGkaXC4XNGiTPonCeO9n1GtxZf6nadCgwX4Wl9udqq+u2Q+40Nt3JTrR++Cbh0Qz16lTpxzX/9Xv3agBwOf/z+szLrmyatUqFp6IiIiIiIiIiIiIiIiIcrgYkCAiqkxOAZi/+r0btfWrJQDAkZPqjAvBMABDRERERERERERERERERE7cHAIiIiIiIiIiIiIiIiIiIiIiqmQMwBARERERERERERERERERERFRRWMAhoiIiIiIiIiIiIiIiIiIiIgqGgMwRERERERERERERERERERERFTRGIAhIiIiIiIiIiIiIiIiIiIioorGAAwRERERERERERERERERERERVTQGYIiIiIiIiIiIiIiIiIiIiIioojEAQ0REREREREREREREREREREQVjQEYIiIiIiIiIiIiIiIiIiIiIqpoDMAQERERERERERERERERERERUUVjAIaIiIiIiIiIiIiIiIiIiIiIKhoDMERERERERERERERERERERERU0RiAISIiIiIiIiIiIiIiIiIiIqKKVsUhoFI5deqUZXnr1q0aAOzfv981nuPle/6qVaum/d7stm/frqVSKQCAx+NBKpWako+Cef3wsAeSpK9XVRiPp/oanK6lFB/37duX9/WU77UxWv3Ea62c3PuB4aL2+6vfu9Hx2p95q7osv06M9+vBTPMbH1umrVpSh//59yc4HkRERERERERERERERERFYACGpsXWrVu1f33uJfz63R8puA9Q+A3xf33uJWzdulUrxzfNRejF4/Fg48aPAQAkP9Aa3oxYrN22t5Tz/GhUAQCEQv4Jb5OgQoU0qcecrm2AalkKBlvR3n4AqurKGfdCYZhiXqPi8Q033KWPo6ShtXVLyevnuK37ewhmdtl0+8ehxE5CiXXiyEk17z2J/WMKcNddny3L+m3dulUTgabZGIb5X7+1xnjdnTo3YCwzCENERERERERERERERERUGAMwVHJbt27VPvsnXy16n9ECLp/9k6+WVQhGvIEvQi9mqgK0R9oQ8PrtW+AUopgs6hQeu7Ss4QkJ+niK8AQAy7iPp8uQeI4IvVjOrrrQ3n4AgUCgpPUrJBjUz+sProY/uBpHTv4kZ5/1qyUcOakipmRDMOVQPzjUzzzuE+0SVUlE0OXOO27FCy++Ytl25x23MghDRERERERERERERERENAoGYKhshcPhirvm7du3a9u23ZlZ0hs5mN/cB/QQjAwFIa/fFgeYvhBFZcgNT0RlOWd8Ab1TCwCIWmzfvl0rphvM1q1bR6+f6oKcVEoeYnIiwi+dR3bBH1wOf3B1zj4i/GIOwZRL/eQi61euXZ4mgzn48lf/8Hze/U6dG8Dnf/MuBmGIiIiIiIiIiIiIiIiI8nBzCKiUtm7dqt32Xz+NSCSCAwcOwOPxjPtYHo8HBw4cQCQSwW3/9dOWKWumw/bt27UtW+7I3SAlc1apih7esAsGw3yROHAaFzmpOIYnnMZ7y5Y7Rn193HijObyUlU7HHesnl1n9lFgnfvKjn+Dmm1dj+frbAeSGX9avliqyftu23Tntn9+T7X/91hrtf/3WGu3UuQHHri9OXnjxFdx5x63G1Ejm6ZKIiIiIiIiIiIiIiIiIZjsGYGhapVKpnHUiJCPkC7c4PXe67yVkmhpHhYpEYgDpRMo5RJHpJCIEg60IhULYsGELXxgmGzZsQSgUQjDYaqyTkwpUxWFnKYl0IoVEYgCJxICxOhQIjBq2kiQ41s/t81RM/W6+OdsBZvn62+EPLjfWTVf4xbF+sjzp9asUIrhy5x23TvhYYmokBmGIiIiIiIiIiIiIiIiIGIChEtq+fbsl2OJEhF8eeOABY90DDzzgGIKxvyE+3V1gxPWEAgEj+CK0NDUjHPLnPEd0EjGHAwC9Y8aGDRtm9etlw4YNOZ1DgsHWvOGXcMiPcCBkHV+ollBLMez1SydSFVE/MQWSP7gaSuwklNhJY9kfXG7sV6ogTMH6OXR+MdfP7fPk1K/cAm9jZQ6+nDo3MGnHFR1kGIQhIiIiIiIiIiIiIiKi2Y4BGCoZ+xvYkUgEn/2Tr2L79u2WN23D4TAOHDhgLB84cADhcNgSeNm6dau28wtfQSQSKZv7U9XMfclRY11LUzNampqz9+YUolBdaI+05ayPxdoRCkmz8rUSCkmIxdpz1rdH2vKGX+xj7vZ5kE6k0NHdNabXZyXWT4RfABjBFwDoPLIrs90agpm2+rUfKKp+Ighjrl+ldoAZz1RHY8WpkYiIiIiIiIiIiIiIiIiAKg4BlUq+N7DNwRiPx4NIJIJwOGwJt0QikbLvAFFdbQ1b+Hx1iMpybgcSKQmoXssqVQEOH25DewRoDW+2hQdUALMpCKMaj8Q45Au+GOMJv2VVVJYzY6xPXWQOtRQi6uf2eSBBGnv92jW0tm4paf2cwi96B5hOAHoIRp8OSezTOY31y+38ok8vlVs/t7vemHoqIkcrrgOMCKFMVeilENERBgD+59+fcPFfHyIiIiIiIiIiIiIiIpoN2AGGSibfG9jmYIzRhSMSsfxn3y+f6e4SIaZucbvrAckFVXUhmlQAANGkgo7uLqQTKeONfTtV0cMCuXEJdZa8SnLvc7Twi+gSEpVlfZwzHyVJg6+xHoDeSaSYAIWonzngYj7uqPXL0w1mquo3WvhFKF0nGIf65en6IuoH6MEj4/MkT/0qxVRNdTRWnBqJiIiIiIiIiIiIiIiIZht2gKGS8Xg8iEX1ThzBkD7FSSQSwc4vfAXbt2/X9u3b59q/f79r69at2mf/5KsIh8PGPv/4v7+G/fv3uwBg+/bt2mf/5KuWDjHiuNPdJSKdSOlv2qsaABckSQNUIAoFid5saMLnqwOgvyetqtYGDaoCRFUZAXvnkRnfCcYanpCgh4acwhOSpOkBIyXb5SWRGEBUcmXWZ/aBCCMlMTzsGWP9sqJJBYmEHmYQ3WEK1U8uUf1OHjmJ1ev1x/nCL4IIwcRiamnrp+Y2IJH8+jhJkJCAPq6J3jiijchbv3InQianzg3g8795V8m7vjgRUyP91T88z44wRERERERERERERERENOMxAEMls2/fPtfWrVu1ddtuywnCmHk8Hhze/SIO29YJ5pCLOA4AnDiw2wjJTBefry4bnhAfJZc1/NJYr7/B78+scMgjqKoLclJByOu3bA4Gw4jFIjPutaHfV7tlXVSW84YnoOrjK0kApHpjfBO9cfga642ATHYfL6qrU2Orn3FCa/0kSFBVV9nU7+SRk+JRZdRPMoXDJBd8+epn2b+8g1+i40s5hF4KER1hGIIhIiIiIiIiIiIiIiKimYhTIFFJFTNFkVMXF/O6fMeYzu4vq1at0q9Lsr2vbA+/+Or01ZJmBC0kPxw7XKhKdjoYAAgGWxEKhbBhw5YZ9ZrYsGELQqEQgsFWfTwAyHk6hzhOPaRmp8oB9BCFCL+Y9xnttSfqp6qubB1N9XP7PHr9JBfrV6B+GK1+5tqoWv76ie0SsxpERERERERERERERERENDp2gKGSSqVSkKN6B4xAKGx0cDFPgyT23bDjDgDA4d0vGuEFMT1SJBIxniuOV0y4ZqqcOnUKqgqEvH5EFAWSP/NGfiK7T0tTM6JJJafDSDYgE9enezERnURaw5st6zds2AAAFd0NRtyDWTDYivb2A47hCUhJIJHtEmIPuLQ0NaOju8sypiJwFMqZjsj5tRny+hFVZQAufcojU/3CgRAiUUXvKFMm9Ysps6B+qoZQIACPx4PL77+vrVq1iokYIiIiIiIiIiIiIiIiIsrBAAyVlMfjQSAUtqyLRaMIh8NGBxePxwN/uBWHd78IAPCHW5F64w1jm3iOII7Xdfr0tN3XqlWrjGBEOOQ33sgXWpqaAcAUsEBOwKKlqdlx2hhVAdojbTkhiuyUM1IFvhJUxGLtlq4hgH6fjuEJ6AGUjoRDQEJyIeT1G2NoHvtEYsAYe1Ud/bUJ6GGZfPULh/xGV5cx1a/9AFpbt0x6/davluAPLoc/uBoAoMROwh9cDSV2Ekqs09hv+frbje1KrBNHTqoVWb95y5Yx/EJEREREREREREREREREjhiAoZLat2+fa+vWrZrH40EorAdXAqEwIpEIPvsnX8X27ds1EYTxh7Nvrns8Hkv3FyDb+SUaiSCVSmH//v3T9ub4qVOnjACP+Q188ea9WaGARSgQyBuiOHy4De0RoDW82RSeAAAVgIRgMIRYLFq2tc9eXzZ8Ie4jb9cQ6NNFiQ4ujgGJQLPjWIr9Orq70NLUnNO5xU7ULyJHJ1a/pAJVsT5HVV1TUr9iwi8A0HlkF5avv93YFydPlq5+fhQOuExS/YiIiIiIiIiIiIiIiIhodmMAhkpOBFW2b9+urdmyA4De0SUWjSIUDuOOex8AACPoEg6HsfMLX8GLzzyJtgMHjOMEQmGcOLAb5mmTpsvl99/XPB6P5c19n68O0aRivPkvFBOQichRQPXmbBPdRAI5U/qoFVJ963VKKNw1BFISoUDIsipfQMIsKsvwNdYbnUbMoZZCJqV+Xj8iamnqd/LISaxerz/OF34ROo/s0j/XYuqk1Q+j1C+djiPkbZ5Q/dw+T07giIiIiIiIiIiIiIiIiIjIjgEYmlaii4uYxiiUEwzICgUCxtvv4nnlYt6yZa5UKqW5fR6kEyn4GusBVQOgv5kvOoOIQAYA+BrrjW1mETmKdCIFII6WpmZEooplu6q6IGeCGeY4QiwWQTlPh6Rfn5VTtxtAn2pIjENHwiEgkVTg89UhkRgwAhK+xnp9iqlkdrzEPulEyujwUoion9tdrw+lqiGqjq1+2bBGaep38ojo5nKy5PWTR6kfEnkCLqb6iTHLqZ+qWfYppn5ERERERERERERERERENHu5OQRUatu3b9e2bt2qAdnAixyNQI5GoEp+RCIRo/sLAGNZlfzGfubnbt26Vdu+fbtWDveWTqTg89UZ4ReoGiSokOWoNTzhqzMeizf8o0kFHd1dmfBLpgOJLCMc8uecR1X08IhdMBguy5o7XZecVPKGJ6JJxdJBpaO7KztOpvv2+eqM8Ur0xjPPy449JJcx1h6PJ+/1rVq1CsPD+vZGnweSpEFSkwCQv34i4GSrH6AHaWZy/aRR6heJKpCkIurXWG88zqkfUHT9iIiIiIiIiIiIiIiIiIjYAYZKLpVK4ZG//1djeffu3QCA9kP69EaxaBTBkHXam1g0O4VN68YtAIAdO3bgnp36uq98bmdZ3Js52GKmqF64fUlrdxhTUCMKa3cRowMJgEhUMUIFZqKTSCAzRU8w2IpQKIRQKIQXX3yxbOp9xx13ZOsYawdQuHNIVJYByQVJ0gApO41RojeOaCOMMTOPuegSkuiNo9HngSoGL7NfvroIp06dQnV1ChIkKKoLfimZPUa++kEPx0AFZDWJRCLboUSCBFV1QfLrwZipql9MmZ76FercE00qeu3gyqlNTv1sXV5E/bJjJBVVPyIiIiIiIiIiIiIiIiIiBmCo5DweD5597Hvwh1uNdeFwGOFwGC8+8yQCobAl8CLI0QjuuPcBAHpXGBGcUSLtZXNfggQVqh6DQG9mOiMkrJ1DzOxT6+gBGRhBkGhSAaSkpSsKoHcSkaGgNbzZsn7Dhg0AnKetKZVgMIxg0L6uFe2RNsfwRDodRzQpbswUkGi0hmDMARTzmIl9FNWbDbBILmPf0abQEfWTJM0SfrHXT1Kz4RjxUUzFZHQAklyQkKkhgCgK1E+V0dq6ZVz1W79agj+4HP7gav3eYyfhD66GEjsJJdZp7Ld8/e3GdiXWiSMn1amrn7kDj602OQGlzOeK5PNkxlmvnx6gISIiIiIiIiIiIiIiIiIqHgMwVHL79u1zbd26VfvsjmxnCfOUR4KY6igQCufsFw5n1z32zJPYt2+fa7rvS1X1aZmisgw10wFEhRdAHG53vdEFxC/pKQ8RkFFMoYiccEdmGp9sQEY/luW8CtAeacsJwUxn+EWc3z51TnukDarisLOUBBJ5Ai4OXULsXVhUVUJLU7M+hVQ6jt4EAAygEXrYIhQIFDWFjqifXk/9JSWCLS1NzUZtrXV3GfsYnXts0/gUrJ/qGnf9igm/AEDnkV1Yvv52Y1+cPDm++rUfcAy/jKV+vYkUGn3ZgJgYz6amEKJyBOlEHImEPu5SZpuY7mw2UN6LFbWOiIiIiIiIiIiIiKiUHtz5x/zrVQdPPPaXLo4CUflgAIamxf79+13bt2/XdmQ6ugBw7PpiJ6ZHEkGYn/9/38f+/fvL4h8WKZOLCAUC6OjuAqC/iY+EPjUMAIRCQciyfp8q1My0OXo4QgQs7CzdYXx1ALScEIKqAIcPt6E9ArSGN097+MWoV+Y68gZfjLHzIpEo0OVFcqEl0GyMa6JXD5KITiEiINHS1IyIHDXCKL2JOFqaxhaeMNdPP5l+XAAIBEJIyhE94AQVaTHtUcJUP3NzFUv4pYj6tWtobd1SdP1OHjmJ1ev1x/nCL0LnkV2ZmqgTqJ/zp5oECQkMFFU/t7seCjLdcEyfM4CKcCCEjoQ+9ulECqpPXwfoATMiIiIiIiIiIiIiIpo+6+56gINgcuz5JzkIRGWGARiaVu2HDliWA6Gw0flFhBqipk4wcjRibAdQVFePUotkAi5un0d/896Uv5CgIhQIIBJVkE5np+QRAYtQIKBPd6RqRscM8z5imyRpjp04RDeYkNef06lk2mpcIPwi+ZEJSriMDi5ANvSjB0aAkNdvjIHYJ53WO4WEmpqNbiIAjDEX+3V0dxnjW4yO7i5L1xfL9UKFFAgVX79Ebv1URb9vpzER3WAC3mDR13vyiOjmcnJq6pev64uoHwCoGFv9EgBwCQlTuMg+lh3dXUgnUuhI6PWTpJn7dXAsHV7YDYaIiIiIiIiIKtEtSxtnVdeAPWd72Q2AiIiIaBowAEPT6t4HdgKqihOZji4iEBMIhY2EgDn40rpxCwBgTTgMSBK+87Uvl829qCqsnUNUL6KynDN9i3kfp2BGyOtHR2+XZZ0RsPD6EVX1LjHpdFzvMGOaQgkAVEVCVJURyHTOmC4SVCPwYZdOZ7qiqPkDLgCQSAzkDUiITi9OAZeoLFum3YnI0aI6iBjhmkQKPl/dFNbPVaB+gKxGy6d+DuEXS/0kl6UDT7H1E/tF5KjR5SVf/SyfVzPEZARZGIYhIiIiIiIiokryX1YuMB431OpvTYTqa4x10fgQrglmfxf3Tkwedfto+491ebTj25eFoz39xuMjF+MsNhHNeCd/8iMsX+6flffe2alg9cc/yRcBUZlycwhouqRSKUiS1wi/mAVDIcfHwolIBJLkLasOMNXVKT3QAL3zhZieR0xrFE0qRncRsY+YDsnMHrCwBwhCgQDUTLcTYwoeCxWq6kJSzh3XDRs2TMm9Ox03KstQldy2HZLp+6FEYiAnYGK/Z6fwQzSpQDJ1uOno7jLG0jyNlM9XZ3Rzqa5Ojfp6FLVxu+sByQVVdRnHleUoIlHFUj+nKauKqZ/okOJcP70TjJyMGV1t8o1zTBnffxOqn6QZY5BIDBjhpTHVLxNwEbUZrX6z0dHe6/mPBBERERERERHNKFfP8xn/9Q2OoG9wBO9eTuDdywlE40MAsqES8VGsz7d9tP3H+nG044uPT759Fkd7+o3/wnO9xn9ERDPNN7/5O9o3v/k7GkeC40NUCdgBhqaNPbzSfugAWjduMbrAiDfC/WF9u9gmusAAemihnIjOIXbRpGIJPYh9VEiIJhW9M4hpHyATsMhsMzMHCvTjaHpYQzHvJUFRJahytpNIMBhGKBRCKBTC4cMHJu2e77jjDuNxLBaxdQ6xBjgkSQNU/bpVqIU7uDTWG+PR0d0FX2O9Pk6Z14UEFch0CXH7PFBULyBHgcx0SIrq1cM2ihduX3LUsNTwsCm8hCRUVYIkZWoky1BVr975JAFLjSdcv0zGxN4px97Jx+W6gAsXLmDxYgC4AABYv1qCP7gc/uBqAIASOwl/cDWU2EkosU7jWMvX325sV2KdOHJShculH2PxYuDChYMIBjchFtNDU3Iy5lw/P6AqLkh+LxKJbG3s9ZPlKBp9HvRmAj7m+kWiCiS//nqVJAkJ5NbPOhB6/Yrp4FPuiunY8vvPpAG04r7r2gHU4cdHW/Hjo2lc1zjxYxMRERERERERTbd59frv1a62rX/3cnYu8QPvX0RDbRWuCQbwTkw2wimh+hpE40NGCCXfstg/3/NH2+50fHOHFxF4Mbt6ni/nPoiIZpIPf/hOHD35imXdL/e/MSvHYlnTqpyxefnlF/giISoTDMDQtEmlUva3utF+6ADuuPcBvPjMk0bQxbzOTALKqgMMAMfwiwQVipL9gcjXWA+opiCoqkFWo0iYuoGIfSQ1iaiqIRQI5AYsxHEkl76vBNN0NXpaQHQSaQ1vtlxTMKinikTgYTzEMezr2tsPQFW9cApPQEX2eqGHHwBbwCWpWMZTTIOT6I1D9iUhQQ+lqJlXj89XB1XVpxTqTQA+n75dhG38kmrsW0h1dcroKmPeX4RpICWBhN4dRkIyu0+mfqrqXGMxjVLe+mX2s9ZPvwpz/S5cuIDmZj1ocvPNN+NHj/64qPALAHQe2YXl62839sXJk8axAKCrq8tWv9xpj/SORi5LiMk8RZG1fqI2MGqT6I0j2iheBxokv8t2nGz9cs4reVFdncKqVasq7utcscGUHx9tBQDM9S/EFaUH21auzaxPY65/IY72Xo+jvcC2lZN3TiIiIiIiIiKiUhLhFyciQCK8ezmBA+9fzNkuQili6qJ8y2KqIhFyGet2vbNL9nqK7exy9TwfcJq1JqLZ4YH/dlPOuhMnjmDNmvWO+0/Ftuk4569+1cviE5UxBmBo2ng8HsArYU04jBORiBF4EUEX0QlGrDN3flkTDgNeqaw6wNjDOBJUqJIXvb0pAHrwweers4ZfMvv1msMvDvs4dRcx9hEfJReAJKBafxhTFQnt7QfQ2rrFsn4i4RfxfHsIpj3S5tg5JJ2OA6i3Xi9g6fIiAhL2+zJ3i1HUAPySnPea3D4PVNUFv5QNqBQTfnGqn6DXJg43PEbHHcsxJVf+GqsaJKiQZVvAyaHG+esHtLcfQGOjPmPdzTffbGw7eeQkVme+/8oXfhE6j+zK1C1/K5Vs/ZBbP6ne+lpTtZz6yb4kRPjF3IUnkfleMNEbR6PPo4+f+XVg6uRjr5/5tXDq1KmKDMEUcrT3+kzXFz38smLxEA4r1n1WLB7CGejBGH3f67FqSTv/ESEiIiIiIiKiinQ5rv9RlQjEiOXlC/RQSudF2TEQYyYCK5Nl15nLlmWnwEtDrf52St/gCABr15d3Lydyrpkqx12/9tlZNXXJ8z/8RxerTkREMxUDMDRtUqkUJEl/k3tNWA9SmIMwTsR+gD59Sjl1gFFV6J0+MlP0KKoXQNLY3tLUrHfHML3xr4cEAnD7ZKQTqUw4IBOeMXU5MU+Pk9NBBtA7aBg/A8bhdtebrwyq6sLhw21ojwCt4c0TDr8I4jj5uoboN6l3ThFBCUuXHFXL6fJiBCRMY4RMt5h0+hIUeHIiLZKkIRRoRkSOGp1g3O5MtxLodSnm9Wiun+hc4nbXI52OIxwI6dP3SLb6Feruk6FkpvFJJ1LWfTJBksL1y3aGMYdfhJNHTopHE6rl4cNtjuvT6TjcPo+1fqaAj7l+vYkUGn3Z167oFtOYmeJIr012H/E6F58f+vRQzvUrt25PhYxlqiMAuO+6dmxbuRavnv4lfv7+h3L2PXO+Brct+yW23boWr54+npkWiVMjEREREREREVFlEUEXILcbjAi/5POR1U3G486LsuNUQ6J7CwC8E5ON7i4AjC4xYvuTb5+1PDc812sEXIBsyMVJQ22VZfvV83xGCIYq18133jsr7nPvC8+w2ERENKMxAEPTxukNbXPApRjl1AEmk+VBKBDIvJEPI9TQ0qRPNxPy+hFVMwELqJmuIJfgVuvR1BSELEcz27JdNOzdYSQ1aYQHAoFQ9lywnisSVXKuUVX0Lh8Bb3By7hlq3q4hABAO+QH40ZHIXmMiMaCHgeRsJxdzJxFF9cIvJY1xsAck0okUVJ8KqN6cgEs4EEJHogtunwfpRBwqPAgHQmN6PYYCgUyQJjPuUhItgWbjfswBmUQ62/mlpakZshy1BDuy9YsDidzOLyGvHx29xdev1Iz6dReon+SCW63Xg06qF4oKoy7mIFc45EdHtx6mUUSXm8wnjahfNgSjB2/GUr/pNtapjgBgwxo/zpyvwY+PAsDxzLRHv8SPlVa8evp4Zq9WPfyyMht+MTrFnFA4NRIRERERERERVTRzKAbQwy2FiO0fWd1k2ffdywlLKKWhtsoIvwAoOKWRCLT0DY5YQjB29u3s+kJEs93111+bs25kpNdx/VRtm45z/upXe1l8ojLGAAxNGxFeCY4x9GJWjl0hOrpFACNlhBnMQoEAIlElG7CACBqoOR1IVGQ7h5gDFoAeDjGHJOzn0o+ZG6RQFUBGDCGv39JpJRTyI1ogdBHKHM8sKstQVS/sUx6FbfuKaxPhho7uLqPTiwQVqiplAy5GB5d6YyqcQCAEQEVLU6bLSyZUkkjk3rdxroQelulIdKGlqRmqWlz9ssdH/vplAjL2OgcCIX1MIBn1KxSQMQdLiq2fWUyZmtdwMfUzOtmoGiQJCJnCWCr0cUGm24+5fqLLC4CC9RN1EPWrdGKqo/uu06cuEkEYMb2RCMHkYw+/COJ4v/9MKzg1EhERERERERFVivEGX/It55syKXJF/0M7pymNBHNwplDnF6ft7PpCRMX45jd/R+MosM7l7otf/FtOj0YzAgMwNG08Hg9ikci4AzCxSKSsOsCoajYgkE6k4PPVISrLOdPvFAo9ALYOMgBgCgl4A2GomS4xicQA3D6P0VkkmlQQ8votx4omFaMzh+VaFQlRVc4EE7I2bNjgOD2S03o5Gct0frEmS9LpOKJJ5FyLLEeN6XJEFxB7BxcRkHD7PICqd4MR4SAhHAgBgew4RuRoTpeQqCwbUxeJfSRp9Bqax72Y+olrKVQ/ty/bxcReP8u5xlA/Yf1q/ab8weXwB1cDAJTYSfiDq6HETkKJdWL5+tuN9UqsEwBw5GT+NFC++kVl2dKpJ9Eb1zsSZToRmeuXTujhIFV15dTPHqbJVz/9nrP1K6fP9bEQUx2JaY6AtQBEx5Y+fadWAHDbtuV7fMk49q+3Wp+TnR5p9KmRiIiIiIiIiIimg5j6SARg7MtiKiQRcBnr/oKYlghwDr+ITi4i0CICNOI59uWx7k9EZPfhD98JADh4cC82bbrZcZ9K2Wb28ssvoKFhjrF8+nQngL2O+07FtlKes6+v36hjvvpWao1ffvkFfpLSjMEADE0b8YZ22+7d43p+OBwuqw4w1dXZjiA+X3YOWxGiiCYVJHrjln2cAhaRTEACyA3ISJkuMZGoYhzH7a4HJACqhqhqPZfgdtuvVoWquiAnY8Z0SMFgGKFQCKFQCIcPHzD23LBhi/FYhGBkOeo47ZEkaVDhQaI3jg7E4Wus16d9kmUg023G56uDqrqQTusdXEJNzUZXFPM9Z7uNxHPGISrLRphGdAmxnktMw1MHFSrSidSoAQrzdsf6yTJUU5DD7a53DK2Iji3m4ItT/YA43O56/TolV8H6+XwaAOfgbaHwCwB0HtmF5etvN+3TmXcM8tYvqVjGRoR3EokBhPJ14Ml0eilUP1GbjkQXfL46Swcke/0qjejwIjq0ADBNazR1sh1mip8aiYiIiIiIiIioFER4Jd+yCLOMd3+zdy8n0FBbhesWzsHRnv68HWDE9EeCOTjjtFzM/jjNWhMRERFNFwZgaNpMRngllUrhmmvWXvvOO8ffFutcLj0ooGml7zRmD78I5kBD3oCMLBvBArfPAwlS4Q4kCZimoXE+FyDCHHrIQlWs16UqgKxG0dq6xbI+GHTuyhMMhtEeaXMOv/gBVXFBkiQkMGA5PuDcfsXt86CjO3eKm2hSyQR79OmfxJQ7Ioyhqi5IfsCtZru8qGoSUTVT88y9Sn4Aij6N1PBw4dfb8LDHGHfH+plq4wegQh93I7Riqh+A0esHGB1woGqj1M/ZaOEXwR6CwcmTRdUv0RtHtNF0fZmPjT4PejOhlHwdXMxBGUv9TFN8WV4rUI1t1hdpthNMpdC7vuhEEMbJ4YPPYsOme8Z1jmKf+/vPsBsMEREREREREZUX+/RHo02HNNb9i9E3OGJ0dQH0wIx5GiX78lj3p5lh7wvPYPnK1RV57Z2nT+LmO+9lEakk9G4p+Zenelupzrlw4TwWm6gCMABD00Z03IhEIvr8QWMhSUYHmKGh4bVr165ddvz48Wnvz+UUVpCgQlG8BfexdxeB6gUy4QgRopDlKBTVa+38knMylzU8IQIymQ4jkoSc8IqqutAeaUNreLNlfSzWjmDQ+uZ9e6QtJ0Sjl0PvUCK6mfiQ6c6SjkOBJydSYu7uASAn4CKuFZIXiUR2yh0RxtCnMxLn06flSSdSSGDAuGfLPpBQXV24i0h1dcox/KKPUdJSG1Wyhqv0jjjewh2AbDU27yNBNbrgKKaXgaV+Dk4eOYnV6/XH+cIvxg88R3Zl6prnc03VIPldgIrcqY7EdYhdIaHRp0JRvUgn4o4deMQ9ig4uRv2M16Jm7CM6+SQwkPP5IWpcTt2enIipjg4ffBbAWWzYdA82rPHn7HfmfI3+w/Ouv8c3frMVD//Ds7j59t+yrWsvcp31uQ899JDlXIdPKDh88Fkczn4G4xu/2cp/fIiIiIiIiIhoWpQq+CK6v4TqaxCND+XtAmPu5CKeV2h5rPtT+bvr1z5r/NJz7wvPOO7Tefpkxd5fvnsS9/38D//RxVcBTYaRRPZ9h4uXrhiPF8yfa9mv3LdpmgZNAy739uV9HhGVPwZgaNqIN7QlSX9D/f577ijqeU89+2Im3JAN0YyMjNSXy/1YSC4oKowuJY7dPEyhFbe7Hn4pqXcXMdE7kKQAxPN2fskJv/jqcjp36EGKZKarRpaqAIcPt6G9XUNr6xbEYvo0KuJjvuALIO7Ndi7JBbea7eCiul2Z+xIhD6/RnUV098jpNpI5Vt4whul8lml57PtkAhejBSjy1c+ojbnzi22f3l5TbfJ1ALJ197GMf2ZcehO50zCpqgsSNMCXPwSTeTTxF3GeMVUVwC/pIR3LNUsaEonsayin24/kstRYP07Schxxr4nEANw+D1TVlbuPqo06hdV0evgf2tHd/Qu8/PLL+I2Dz2LfN++zdIEBssEXszvvuBUP/4P+ObZi8RD2mtatWDxkPMe8n/25Yr+bb/8tnDmvH8ds3zfvw/Yv/hjf+MY39Gt9+GE8/A/W19J0dMsiIiIiIiIiIhLE1EYi4CKmNhIBF/v2Qsvm8AsAxxCM6NQiAiujLYvOLyIAY99Ole0zv/vbs/K+//m7f8fiE9m4XC64GAsjqngMwNC0yb6hLRmBlmJIpp1NoYVpfwdXVWF0+gD0KV3Svdk37VuamnOmeLF3h5EkLScc4NRBRp/ex2UEFuz7tDQ1G51UsgcyB2Tijh1kRDeYkNdvZGva2w84TnmkHzMJJIBEYsDaJSTTgSUUCKEj0YV0Oo7eBODzZYMTUEWoIk94xbioAgEXk5amZmN6IXGfIgRkn4Yon0L1CwdCiESV7LRFKK67jz6u1g4y8OeGQfTuPnpgyHitGJ1wSvAdl+TKeb20BPQxFfVr9Kl5wyuO3X4y1y/BAwVAOpF9Hdhl66fv4/apRlAoFAiUdQeYm2++ueB2EWQRYZUrSo9e8/diOfuY14lQjFgnwi17bftdUXqwYY0fZ87X4Mz5mpwQDAAsXrwY58+fx80334y9e/fyHyAiIiIiIiIiKgsivCKI8Eu+7aMtj8XV83yWEMtoyw21VZYuMPbtRESz3VUrm+Dz1hrLzU3zLdsrfVt8hDUmqgQMwNC0yXaA8ULyFv88f8ALkScop64QIpcTCgSMIIbQ0tRsbDMHLERXF7fPg3AglBOQcewgI2U6gojATVLJdiAxn8vrR1SVjeOYu8OYwzg5UyIpQFSVjWM7hV9ECEQEXABbMEVyIeT1G+fq6O6ydPfwBsKQ5Wj2mwlTlxenbiPm44hzifGQoCIQCOXsA+jBHDEexc6yVah+4ZB/zPWzd+WRkISq6qGvQOY5ItyDhPNrJZ+YMnmvX3uwKKd+7nooql57y7Vluv2I16i9g4vo+BMO+dGR0F8HicQA3O560+sokFO/dCIF1acinKltJVi/fn3ebSsWD2HZsmU4cz7quA3Qgy1CviCLnbmzjLlrjNm//Mu/4MMf/jB6enrw85//nP/4EBEREREREVHZmeh0SObuL/mILjBAtosLoHdyKbTcNzhiOa59OxFRMQ4e3Ov4uK+vHw0NcwAAp093wvqb4qzp3NbX148Pf/hOFrGAl19+oSLqKK7R6bVINFMwAEPTRoRXJC8ASULb4fbinijp08UAKKuuEOJ+IqZghwgzmIUCAUTkKNIJa3cRsc0cTEknnEMrgixHoWamM8p3rmhSyQm/mM8lSVpuCEZ1ISrLzuEXP4zwjTieOZjia6w3whP2c3Z0d+mdRBCBHo3IhFxUzTiO6DYCDBgdVZzOBegBl5Dtvs3nEh9bmppH7TI0pvpFFaTTo9QvTwcgc7BHjLEI0BSqX6PP+k3JJ7/0k0nt5OH2eUatX0SOIpFIQYYKmGrnl1QEAs3669pWPxUSQqEgANUacEnHkUjkjrG5fulECh0JvX7FBpim27/8y79g+2/8BjZsugdANsiybNky7GmLGt1f7JYtW5azzh5mcQq3XFF6MNe/0DL9kTk8s/2LP8bhww8DABYuXMh/eIiIiIiIiIiorExG8MVJND5kTH/kxN65ZbRlc+cXp+1ERKPZtOlm4/HBg3uN5ZdffoGDQyV/HZpfg3wd0kzDAAxNGyO8Iknwovg5kLyQkMzsXk4dYDwejyWc4fPVISrLOdPvmPcpGJBJp3L2s3feEJ1ffL46RJNKTnDBHH7Jd67WDTsAAC+++Kxlm1P45Y479Df12w/vtqw3hxYSvXFEG5F7LbKsByJUl9FJxHwd4jj5OrjYzyVCRJGognDI4VymrjLmUEsp6ldMByAJKnozISgfnM9lDy/ZTeZ0NuFMN5+89UsqQGaaJkUNwC9lwzyiA0/Y1BFIdPzRa6M6vlZEbezhH/FaEZ1xInIU1dWpsv561tOjB1ucusDowZX3cUVRLOu3f/HHxnbRGUasc9ov3zrR+cUpIGO+PgZgiIiIiIiIiKhciKmOROBFTGUkAi2jLdufb+7+IoIvIvxiDsKILjDhufofFYrniICL6OwiAi6jLdufT1Pnrl/7rMZRKP8xff6H/+jiyI6d3qUj93Gh/Uq5beHCeSwS60hUMRiAoWkzGeGVcuoAo6r6m/7pRApudz0g6dP5yHLUmOpGNQUB8gUszN1hiunqIqZFgqpZpi6yT71jD8j4g62W427YsBmHD7flvb8NGzbnPFeJZbv2RJOKEVpI9MbRgWw3EXPnGknSjOmDGn0eeANhOAUkxDiIDi5m0aQCCRISGEA6HUdHd/Zc+tRKEiQ1CWSuJ51IFfV6K1Q/WY5CUb3GPoXqZ78Xe/30YwXg9smQbB1h8tUvn8kKwZhDJzn1SypQFdH9R0IifQm9CcDnQ879WwMuem1y6ifCUFCNLi8+X13OtE8+U/3K3ZEjR7B+/XocOXIE3/jGN/Dwww9jrv+3jO0inLJhjT/z8aGc6YtWPPSQaf/M512mkwyQ7fZiXjfXvxDLloWwbBnw/vvvG8cUH7/xjW/gxRdfxOLFi3H27Fn9FzMNDff09fU9y3+FiIiIiIiIiGg6iPCKIMItxS7bn28Pv4iPoguMeRnIDcEAepDFHGK5ep7P0uVltGX782lq3HznvZN6vL0vPOO4/p+/+3dYvnL1jBizztMn8Znf/e1pHU8a3cqVyx3Xnz7dWRbb+vr6WaRx1rFcasg60mzCAAxNG4/Hg0gkgjXh1nE9PxKJlE0HmFWrVhmPfb46SEhCVSVIEqBC0gMNiQHLPoIRepDlnH1G6wpiHEfVg9oSVMiZaWpyzqVqiEIPwajQwyv2EIzk10MfdpI/d10s1m5EN5xCCwCMbiI5jE4iXkCOQLJ1AIlEFUiSHnBx+/TOLE5hGnOXF1UBoqoMMTWP6E4irqeYsFQ6E8pRoQEq4JdUvX6ynBnTOJCYYP2MY12CD7nBFsfwi6SH5p944gk8+OCDuT+oTCAE09WV6VaTCVE51k/V9CmkVH0/t1oPSEljqiynezQfJ1/9oHr1MYU+ZZR9ii8AmTBSsmK+rq1fvx7r16/HyMiIJZByRekxwi+AHlAR0yHZ14v9AT3gIqYz0g3hDBYa+1xRerCnLTv9kQjJrFg8hGWbr8Mdd9xhPPPYsWMAgIGBgdqFCxfe5PP5Xu/s7ORfzhARERERERHRtJjodEf2549H3+CIEZ4B9DCN6PJSzLL9+TRzHFIWzIj7aMRJFnMaffObv1PU71/LsVuI2WidQzRNg8vF5j/5xrVc6jtaHcXr9Ytf/FsWkyoavzOjaSPCK5FIZNzHKJcOMKdOnUJ1dcro5qGaunpIUKEoXkt3EQlJyz5O3WHM2wp1BZGghzTER33qokxAprHeCMfoF6YBmT9sUKGHWACgPdLmGHwxnqYAhw+3oT0CtIY3G51fVCB7F5kABQA0+jzG9D6J3njOdejTH0lQpSR6EykoiMIPGJ1yRPCk0efRQzKIO4dpTIGNdDoOFR5Iktd6zyjcQcX8etS7kpgOL+qpuiydX+yKqZ/oIJNO66EeyWHaL/FaMY4jxk3VAJ8Lzc3NeOKJJyb1tdvc3KyHYExjZg/B6KEgyRhzSQIgeZFIxJFIABGokCRvbkDJ1OXFqX6SpEGCBwr08FECAznjK0kaIHnLqtuTk0AggIf+n7/AfzzzXQDAZz7zGXz7298Gzut/CTTXvxDAUE7ABUDO1EUixCIeH1asQRgx5dGGNf6cji/iOf41y3HXXXcZ0x41NTXhJz/5CQ4dOoRUKoWenp4Vy5YtO7Fs2bI4AIZgiIiIiIiIiKhkJjP4Yu7+MhbmLjD2zi3mzi7FLLPzCxEVsnr1dTh58mjBfdS+AchK9v2fBfPnWrZfvHSlbLY5SaXSqKryzPpaV3odi3mtElUCBmBo2ly6dOnXfvrMkz/csuNj43r+qz9/HhcvXry/XO4n3xv0vZnOIW54Mm/ua5bwCyTXqNPdmMMvbnc9/FLSiFuYj6VCRTqdyh5H1SBl9lQhIRQIWAIeEkYPv1j+8VaA9vYDCJg6fojjRmU5G8KBBF+jy9KdRYRaJKhQVK/eVUbRwy3pRAqKux5qJjxhBE8kr3l2JMtxzOPnVuuRTuvHUVWHfSZQP6OrSyJ/kCZfdx+jfrIMVfUinY5nxt352hTA2EfUT9yj0NzcPLUvZNEJxtRdR1G9mdec9brdbuu4y2oURiRKcunTJmU6+eSrnwoJyIS23D4PVNWVPZc4BrSy6fZUyO/95p0AgJ4ePdzyqU99CvjBD3DohP5LEXvQRRCBF3MoxvxYhGHM4RmxToRizB1lbtmyXD93Rk9PDz7/+c/nnLerq+s/NzU1vQSgl/8iEREREREREdFUE1MZiUCLmMooXycX+/72Zafwi5j2SEx3ZF82s0+FJDq7iICLfdlOnFsEYIzOMKdZ65lgo//ijLiPzkusZSWo9PCIx+NmEWdAHYlmzOcih4CmUywWu//A7p8+lUql4PF4MJaP5RR+AfQOIiIIAuhdQ9LpuBESCAdCiESVnCCBqsDSHQYSrN1SoEIxhUAkP6CquQEKvVMK4PYlEc50UhGBFEDvriKiMMYPhLKc6RhjtWPHDuPx7t27LdtU1QU5mZ1KCZneJ4FAALJlehsNLU3N6OjuQjodhwKPfmuQ9DHITBElwZPpjJLp4GIOWRjdRvQwRjodR28C8DVmu82IfUIB67nSiWw3EfsUPfk41i9Tm5amZscpevJ1frHWz6tP41MgRKOqLiM70tLUjGhSsdwjfFPbcc4IMamZ16dT/aTccbfXptGnGs83d/LpTaScjwO9y4uoH6Afx+1TIWVeI6FAoOw7wADA2bNn8c///M+46667AABHjhzBunXrABzDngOdxn5z/QsLBl7EPmK9vSOMcOZ8jdENRtiwxp8Tfnn++ecxd+5cx69ZLpdrmP8SEREREREREVGpifBLPiLskm/ZiQi6iLDLNcEA3onJxrI9CHNNMICjPf05x7l6ns8SerEv2zXUVrELzAzUeZpTB9HkOnhwb8HlSsbpjyrzdTiTXoNEZgzAUMlcddVVjv8gxmKx+6fi+KUm3qAPBQLo6O6C2+cBEnpHj5YmvWtHKBSELEcBwJgaBgCQ0EMPshy1hFskqMZUQoC1K4gEFd5AGEk5YtmnJaCfKxAIGedqbd1iTHckyEnFIfwiIRyyhmvCIT8iUcWyTlWAqCpbOsEAElpbt6C9/YAxDoB+XxE5qncJcbsgSZox1ZE+DtbzWTqAmIgwBgCjM4nPVwdILoS8fss+6UTK6CYSDvnHVEdRP0GEX8Q2cd3mri9un8cIHdkZHYDUevh8Ws65LFNbZV4HAPTphFQZkFxoDW/GhQsH9amKpohqqp8EFYFAKGdMRXcdc/3M01C5M1NW6VNcmTr5QEJLU8A4TiKhB8PEfubXihj7dCIF1acinLmOcifCX0uXLsXzzz+Pqqoq3HHHHQCA9evXQ1G+6zj9kZ0Iutj3sz9HhGLMx9ywxo+WlhYcOXLEOO/zzz+PpUuX4uzZszh6NLd1YTqdXgrgOP+FIiIiIiIiIqJSKDSdUTH7m7u/bFm2AADwTkxGqF7/HYkIuVwT1H/fJEIw+bY/cO1SPPn2WYTnevHu5US2i0vmHOZlu77BEUsHmtH2p6mx94VnsHzl6kk/7pJ1q2bE+Jw7dirvts728f1asPP0Sdx857188Y3Rpk03A9BDB+IxALz88gscHCr569D+WuTrkGYSBmCIJomaaQQSyYROzMEJQYKKUCBgBEIEsZ85WCA6h7jd2RCNLEctoQJVjkJV9WmE8p2rdUO2m4sIwch5Or+I4+YuS8ZS9n71TjCBTPgkGAwjFAohFLoX7YetXWPCgRAQADq6u5BIAFHbOUUHkIgcze0kAuQEXIREYsAI/NjHUnQT6ejOHZti6mc+lpmoX879wRqQEWMkOsiEQ/6cgExUlo0OMvnOla3fJiixdqjIhJcUp7uQEAr50dq6xljT3n4C0ahiqZ153EWIqVD9zGPamwD0CkqWDkPZ2sSRsHW6cQy4pPX97PdtPlc6kUJHoquo+k23Y8eOYe7cucZ4nj17FgCwcOFC9PT04Hd/93fx/PPP46tf/So2bLon73EKhWOc9p3rX4i9u/4eX/va14zOMwDw4osv4uzZs1i6dCkCgQDOnj2LK1euYO/evZbA4blz564FAzBEREREREREVALmMMt4gy+ANfwyGcxTIdk7vRTq/AIgp/PLaPtT5WnKdCvqzrxmS7186zV6EOeVd06N6/lUma5a2WRZ9nlrjcfNTfNLvi3OJlesI1EF4aRsRJNEkrJv2gN6AMCpI4h5n5am5pw390VYQEwZAylp7OMNhLPng6p3IZGSjufyB1vhD7Za1gWDrXk6v+hHHCtV0cM0Qdt5nM4dTSpwu+uNziySKZAh7lkESdzuer2TSCbEY2YfM3MgxjiXLFsCGBE5ilQqVXT93D7PqPVz+zwF65dIDCCdjud0kLHXL51IFV0/v6ifgnHUL3e7qrqKr19mTEWXFyAbljIHXABYajxa/exhovHWbzrt3bv3/kOHDlnWiU4wPT3ZQMtdd92Fw4cPY8MaPw4ffHbC5z188FmsWDyEw4cPW8IvADAyMoKlS5cCyHansV8jEREREREREVGpzauvs0xnZF9eviBgmR7JvGzfNtkaaquMji7mx07LV8/zWbq92JeJiIiIaHqwAwxNGxcAbQbdTyqVMrp9mN+8j8py7lQ3yAZk7AEBOdPVRUyrYyYCBbIchaIG4PbJkEzBBnE8FRJisfacYEN7+wHH8IskaUYHlEL0/azPV1UX2iNtaA1vtqyPxSLGlWXDHS5IkheJRLbLix7qyZ7c3AFEgQdqnjHy+er0a5GS6Ojugq+xXp82yBQk8fnqrFNNFVk/qF4gMz2PUT9Ttxa9FhIiUSVniqViurpEZVnv7uNLOtZPHz+H+kXaHMMvU1E/vduM3uVFn0pLMu47kc52eXEKuIj69SYAFbn1EwEXUZuORP76iZBQpTh69CiuXLmCdevW4cqVK3j++edzwilT7fnnn8eVK1eM5WPHjmH79u3Ys2cP/+EhIiIiIiIiomljDro4LdvDLU5hl5dOdqOhtgrvxGRjeiMAiMaHjOmNAIx5u+gCc93COZbzNdRWWbq82JevnuezdH25ep4POM1al9ohZXwdgRpxctR9ui/KaFl3LVqCSyzrS7XcKZbXXTuu5xeaAmkqx42IiGi6MABD06K2tnbtSCoFjExOvy23x4Pqqqq1qqpO21QeHk9u+EUwh1/cPo9j6EEEJ/Q3++PwwTkgE5VlJBIpAJfgQ+65VNP/Y7EIAHNwwh5+kRAOSVAhZabJKSwQCEGCiohtX1UBDh9uQ3sEaA1vzpxXxECyU+VIfgCqZoRXehNx+KSYMcWR+R7d7noASSQSA4ioLvilJLyBMJJyRO8O49dvU4QjVAWQ1WxQI3tx+hRRHo8n732tWrXKqF+jzwPVFs3SxzzbZtXnq9M72EiSY8DJ3EHGuX76sfLXTx83JTNlVb7gCwCEQkH9uEXWT9835lC/w2hvP4DW1i3GVFn69UiWabEkqFDd9YCUzHSQiRrHNd+jCLiY6xcIhIyAl+QHoOi1yVs/yQW3qp+rEly5cgXbt2/Hvn37cOzYMQDZTjDCnrYobtvWMmnnPHO+Bhs2bMDXvvY1Y53o/CKuAch2gSEiIiIiIiIimm6FpjcCcqdHEsviowiuiPCKCLaIcMt4twPZKY36BkcsHV/sy+9eTlg6vtiXiYiIiGh6MABDJVVXV1c/MjJy8+Dg4JzJPG5qZMSVGhm5tra2NlxVVbV3YGAgXup7S6Wcwy8SVCiK17ScOxWNCAWITXr4w7kDiZh+x+k4ehDB3ApELRieCIckhFs3or39RNH3GW7dCBUnMoELa9sRVdHDGiGv37RFhTcQgirLkNSkEaaQJA0qPEj0xtGBeE4HEEnSAEhIQJ9KSIEHajIGSWxTAb+kAvBAAZDOdJXx2X7OlCQNkOoL3tOpU6eM+qlO9ct05EknUkZtzKEQo36mGquqC5Kk5a2fHszRCtRPDxCNFn5pbV0zpvq1tq7RX1e2EAygGt1gsvVTM9cVMAIUKqRsbdL6mCuIQoJk3Kd5HIz6qfVQZRmABL+UhKpKkCRAgseY7kt0BTLGVtUgSQAkLzweD1atWlW2X9v27t17P4CnAGDdunUAYAnB/Nu/vwYAuG3bkkk9723bluC2bd/Aww8/jA2b7sHv/eadlu3ma8lcIxERERERERHRtBhv8EV493ICW5bpHStEiCVUXwMgG2K5JhgY93ZA7wITnqv/ns/c6cVp2dz5xWmZSmej/+K4ntd5afR9mhYEsLJ5EU53XQAArGxeBADG8v1bNgIAnjpwaFzbJ7o82vGna9yIiIimi5tDQKWUTqe9kx1+MRscHJyjaZp3Ou7NqcOIBNV4cx+AY0AGQM4+kmQNRshy1DIVjHP4JQBr/xBATioO4Qk9wBAKBRFu3Tiue21tXYNQyJ9znYAegonmdJuQEAiEssEGyZUJiGRLleiNI5q0XazkygRO9E4vqgJL8ESFBFXyZsIkeucVVXXp3VlM54E6+mRbw8OecdXGvI/o/CJBtewnur6I+vmBnOMUXz8Y9RNhlvHVLzjm+tmJ13M6kYIK1eF5MOonOsaIuplr6HbXw+3zwO2u17v7mGNIkguqogfMTp06VfZf49atW2fpvCL89/9205Sf+/d+807HcwPAoUOH+A8QEREREREREVWE5QsClumPli8I4N3LCUsHlqly3cI5iFxJWs7VUFtVknMT0cx28OBeHDy41/JYLBOV+nVofy0SzST8ro1Kyu12xyVJiqXTaQwPDwc1TZuU47pcLlRXV8fcbjdcLld8Ou5NVWHpgKGqLqiSHgBIp+NoaWrOCQjYu4tA9QIOoQR9n2TeKZb0aWv0aYeEqCwbgQO7UCCA8DjDE9lzrkF7O5w7waguyEkFAWNqI9W4zvb2A9nOHnDB56szpgRK9OqdYKBqgOQydQCpR6I3jnQ6jkQCmWmKrF1CQoFmROSo0UkEGIAPdZltgVHvR+xnrp956p1wIIRIVDGmcXKqn+j8krk5x33c7vqcKZYc61cg/BIIhMYdfpmU+pmI6azSiTgSGMh5feohG306JFE/p31CgRA6ursAAL0JwO12ZTr9aAiHAjhUYAqrcrF37977N27c+JRTCEYs//zVcyW7HnZ/ISIiIqJFixZpHAUi3YULF1wcBaLyMK9e/92Q6ABjXjYHXwDkLJdSQ22VpeuLWBZTHYmOL/ZlKr3O0yen7NjdF2VIpm4q9s4qovPKeLdPdHm040/XuFGuTZtuNh4fPLjXWH755Rc4OFTy16H5NcjXIc00DMBQSQ0MDCS9krS/yuPByMjIPZqmTcovH1wul1bl8ezXNA0DAwND03FvIvMQCgSMN/KRANy+JFoCzcY2cwimN5ECEIcbHseADAAjHAKH4EAoEEDrhh3GcizWDiDTOcQx/KJfpOrQQWZc92wEJyQ4TYckq3KmswkQDLYiFAohFLoX7Yd36/eaCZL4GvWAC2ALwRgH09DS1IyO7i64fR4oagB+STbuQwRcwoEQOhJd2adBRdihc0kh9voBQEuTXr9wyD9q/exdVcz76MEdrWD9JOQLv2Rqp07ia3ai9TNe+xoSiWwHHr+UtHb7UYBwSK+N0z6ifi1NmRBTpqOOCs+Y6zfdDh06ZARPgGzwZd26dTh04jVjCqS9u6buGszhm3Xr1rH7yzhs3HyvBgCH2p7hL8iJiIioYi1atEjb8/ifcSCITJ8TDMEQTT8Rdsm3LJinP3rpZLfRgeWdmGxMXwQA0fiQMb3RZGwH9C4wR3v6cd1CvZF53+CIYweYq+f5LKEX+zKVzq//2h145Z1s9+gmW3Cq2/R6uvWa7DTr//rDF2f1uC1Zt2rMY8ZxIyKicscpkKhk6urqGrxe781JVb03kUzem06nc37p4PX5Uh63O5n3Bet2Jb1eX8q+Pp1OuxLJ5L1JVb1XkqSbvV5vw3TdZ0SOGo9bmppz3sAPBQKQoEJVXXD79K4WYh9zpxL7PiKEIbS2boE/2GpZFwy2QpblvJ1D7GQ571AXtc0cpNGPbw3WiE4iQdt1+oOtaG3dkg1gZAIuQqI3rneAMY2ZGAM9HHEJvYkUJKg5U/O0NDWjpanZ6LhihFlGIYIlon5un8c41mTULxwIQVG9o9Yvmq9+ftWhDnKBGo2+Lbd+GFP97OMugiu9CdOnqKohHPLn3cdev3AgZIz5WOpXLvbu3Xv/v/3bv2HdunXGf1PJ3lHGft5/+7d/Y/eXMdq4+V7tJ//+1/jJv/+1EYQhIiIiIiIiosklur/YlzsvynnDL6H6GgAwwitiWYRXRtt+TTBg2S6W7c8HsiEYoW9wxOgGYw+5MPQy/czhF0APb5j/s+8r/itG04IAVjYvMpZXNi+a1OX7t2zE/Vs2Ttnxi1XsmBU7bkRERNOFARgqmXQ6vSCZTOZt5+ByuzGYTF6sqa09kG+f2lrpwKCavOhy53/pqqoacgELSn1/qgp0dHfpUxlB79bi1NElKsvozYQAzG/2CyJEIfZJJ1LGPmJbIBDKTJlj1R5pc+z8EgoFc4IGeghCdQy6jGdbIBBCKBN0sIyLol+XXSwWgTcQhgTVEnAxP8+8TTAHXBTVi6ScOw7RpKJPJ5VRTIhCkqz1kyA51k+Wo+OunwiCjKd+Ia/foQ7OQZfitjnVLzim+gVswR9xn6LLy2j1U1WXc/1k2dLtKCJHkUqlKuZr3d69e++3T4HkZMMa/4T+A4Dbti0xQjDHjh3LmXqJ4RciIiIiIiIiKieX4wOW8It9WZhXX2fpDiPCKeP9KMIu+T7a9xeunuczpjgye/dywhJ8sS8TERER0fTgFEhUMi4XBgptr/Z4LlXX1LyaSqVa8+2jadoiyet9dXh46JbhdHp+3v1Q+FxTobo6ZXQdMb95H5VlY+ojFSrSCX0/qF5jm1k0qSCRGIDb5zz9ix460LuBiCmP2tsPQDUFPsxCoSCCwRCUnMCFmPam0Jw6Y9sWDOrXG43GrHsqwOHDbWiPAK3hzVBi7cb5vYGw5VgiRNHR3YXeBKBKSk74IyrLkCAhkY6jNwEoiEKCZJtiymWZWqkYon5udz0g6dcdTernjyYVJHrjcLvr4fYljYCMvX6yHIWqesdUv0j7biiq83zG4ZAf/mA4E5hRHeo3Xk71CxdVP/O1BBwCLub6AdGc8FVx9dNDZInEgBFKqiT2qZCEn796zpgGadu2bRM6x+OPPw5AD8Hs3YWc83Hqo/H78Y9/zEEgIqIpt+fRdWPqNHbLl465Kvm8VB5++vzPsHblMg4EzXjHT7+Pj931UQ4EUZlZviBg6e5iJsIul+MDxuMD7190nHqoVK5bOAe7zlzG7SvmGdMbiTBMvrDLdF4vTY3uizKkrgvG8mnT48lYfurAoUk9nn2ZiIhotuF3Y1QyqVR6U6HtmqalBwYGRmprawvthUQiMVJV5UkXPFc6vQnAT0p9j/bwixCVZSQS2UyOBAnITDljBGQyAQvzPvaAhWr6v5DtGpIbaBDhF72Xij0woU7JGASDeleXSFTJ2aYqelhHD03kP39Ulo3wSqI3jg7E4Wus14MoeQISqk/NBCtUqJAg+QGomrHP6K/PlF6/xnpA1QC49GmBVCCKbG3S6Th8KBxwAvR9Rq+flAkvBfLWzx/M1zRpKuqnjl6/SBsCtkCSCik7nRWyHVxUqFBUL3q7uxzrpweNkpb6IfNqVVQvJD/gVvV9Kk2m88pT//2//3dLMEWEXwDgN37jN6bs/Jz6iIio/O381EfHFEJ47Ac/Ywihwp186h4NABqb9O5tNz34taKfG+94xLI8kRDL2s0S6lu+XPRze355gwYAvd369zGr73+Wr8UKd6Y/xkEgIqKyYu70Ikx3+EUwh2DMRCCGykPTgoBl2p5br1ll2W6etqdpQfb3tec4dI7jAsAynvZtHDciIipnDMBQyQwODnrzbautrT1fVVX1utvtvn5kZGRlvv2Gh0fW1tbW1lZVVR3weEZuHBwcXOy031CBc00lp/ALAKimcEC+gEy+fUSIwinuIMuy45Q5gARJSmY6eozW5WWyqfAHw5DkQ5muNNZzq6oLclIxhSiydy4hM30RkBNeSfTGEW10HnMRPElgAJLPox9LTWZCP/nr4lg/VTPOrx/IZQkmFaqfubsPoI1ev2QsT3hJ1C9kjFHZ1E8BZOhdcVTbK1zK3K/pLpBIxy31U1UX/JJeG0nSAEhIYMCon15PyQgf+SU90OTxeCrua54IwWzcuBHr1q3D3l1/j9u2fcPYvvM3dk7o+I/9y2M5644dO4ZDhw4x/EJEVCG+/sj3itrvK1/+HAerAu15dJ0WWrrKCLws3f7lST3uWJ8z3k4uIixT36IvmwMx0bOn2CGGiIiIipav+4sgpkJymhIpGh9CqL4G0fjQuJbficm4JhjAOzHZcdm+v50Iu5i7wDjpGxxhocvElq1bs689V/btgpXNi4zHB3e/PupxmhYEsLJ5kdFZ5f4tGwFkO7eI44nt5bY8Vtdcfz0AWLremMes2HEjIiKaLgzAUFlIp1JDA4ODyZqa6tpUKpX3F6ipVMrl8bhrBwYGklVVnqFyuod8b9CLAIfb59E7v9gVEbDwB1uN6XKAbFAkX/gFsE61A6fzTikJgUAI0agCSdJyrlNVAFmVc6bP8QdbEW0/YHRxAYBGnwe9mSlwVCUbiLAe0AtAn55IUaGf07ZPKlV4Gp3hYY/lvMXWxlxj/c6z3X1GrZ+CUeo3XUavXzSnfhL8wTCi8gHLvm53PdLpONw+D1TFuTYi6OT2eSwBGQDGx9HqV6727t17/969ewHgKfu2x/7lsYmGVCzHzHSUYfCFiIioDOx5dJ2md1p5cEqOv3T72I4bfeKrk3ZucyCmseORCYVriIiIiIBs4GV5psvESye7Ld1fRFBFhFPsyyK4Mtp2EXaxL+fbX3jg2qV48u2zuG7hHABg5xciGpeDB/cWXCYq9euQr0GaqRiAoZLxeDyaU7jF6/V2ud3ud4ZHRgANg263G+m08wxHbrcbLrgGAaC6uuad6mpUJZPJZqdzlfr+VBXGVDjGOlOPjHAghEhUsby5L0GFomTT504Bix077jUeixBFNE/nFz2s4Hh1pR4N07h4IUnJnG4iohOM6CQSDLYiFAohFLoXu3c/YzqSBJ9P3z+djkOBJyfOI0kaQoFmROSo3kkkYR3LUCAwagcRSdJDJ5ZpeEy1aWlqhixHc8Ib5jpMZv0ko6eKOg2freOpX9ixfpKkQYIIMcX12hjTTMEyvh3dXQDi6E0APtMf0hRTvwpwPwA8/PDDT03mQR9++GHL8YmIqLKws8vMNpZphir6Htu+ymJXmOSFQQ4CERFNCxFwEZ1gzMvLbVOsCNcEA8ZH0bXFvByqrwGQDa2Mtn2s+4vtD1y71AjMNNRWoW9wxAjpiK4v5TBlE02+7ouypRuK6Pwi2DutlNsylY9Nm24GoIcOxGMAePnlFzg4VPLXof21yNchzST8joxKpqa6+rVkKrXJvj6dSl1OJpP9ADA0PPymJEmxdDp9/dDQkGUao5qamqTb7X5TVdUuAEgmk/21NTWXAeQEYKqrq18r9f1JmVxEKBBANKkYnUPcPg/CmW4e4ZAfUVl/41+CaoQCxD7m8Exr65accwSDrWiPtDmEJySEQn5IUBGJqmVX+0Ag5HhtopOI/V7Fcnt7tptIOORHR7c+pvYuIaFMJ5JwIISORJelk8hYO6kEAiEk5YhRG0APZ4htRo1M3WEmXj8gFAoCAKJRRb/HaQu/TH79VEhoaQpkAi65nXxE/UQIRtRPDzYFZtqXwvvL9FhERFQCOz/1USMB+vgTu/DQg7cX9bzHn9gFIPvcx37wM3bbKAMnn7pHA4DV9z/LenB8Ksobso+DQDPa4OAgPhhMcSCIyly+wIu9+0s5OdrTb3SBMROBGJo+3bbptV5555Rl2iMzBkQKj6HkMD4cMyKiqbHzt/9MA4DH/u7PXRN5zJG0YgCGSsbldl/wer0dyWSyxbxeg2Z5Haqq2lVbU5MG8CHL84HXVVU9X+i5ACB5vR1ul6vk35GJKVrM4RcRnDATXWIU1Qu3L4l0ImUEZMS2QCCEWKwdwWCr5bnt7QfydA5JIhhsRSwWhT00EYtFEQw6h0BKuc0fbIUk516/qrrQHmlDa3iz7TgRBAIhyHI0JyBh7hJiD0iIMe/o7kJvAgCiCARCeTrjmK9D/ygnY0gkUpbgklP9zNMXFV2/SJvjtEeSpCEYDGXqhzKvX24nmLHUT+/So3fy8UOFNxC2HM9cv0QCiEouhLx+fgElIqLK/CHWFHgBgK8/8j3j8eNPtIzpWObn2o/LQExp7Xl0nRZaugpLtz+Is/ueMNaffOoeLXr2VEmuwXzechkTAAgtXWUJvCzd/qAxLpwmqbwEAgHU1tYay/U1+l+7x4esMw3H43F4vdY3j2rq9Df+hgb6LeuTySTq6+st68r9uLy3yry30Y6bTCYBRPmJTlSmOm1BBbHceVHGu5cTZd1F5bqFc3C0px/hufrXLHMXGKdlmhmaFgSwsnmREQJZ2bwIAPIu379lI4Bsp5jR9h/r8liPT0RE5e0Tn/zP2Pnbf6Z94pP/GQDG9PjpH/0HB9ABvxujkkkkEgmfz3e4qqqqeWRkxPhNm6blzlbkdrvTNTU1Q0NDQzUAUFNTM+R2u3PmRbI/t6qqatDtch1OJBLDpb4/j8djdK8A9OlworKcE9CIyjISCX1e25ZAM2D7Y4dAIAARCIjFIgDMwQnnaXP0wIVzeML8cXq3ZQMROSEYBTh8uA3tEaA1vDlz32pmPEJwCkhEMseR5WhOl5eoLMPnq4OquqAgCUWOGh16nFx+/31NkmB0KAEACZJz/ZIKEokBuH0evX4YS/0ws+vXrqG1dYsx1ZNT/cKBEBDQ66eoXkCOQMpTv0RiAIneOCK+pBEwIyIiKhcihOIUPhHbzKGV737rK1i8JBt6Kbb7i9jX/Nwv//6v4Xe/8PUxXQtDMhMngi83Pfg1DPU/k7M+uMGL4IZrUT3nJpzbt3fWjEto6Sos2X4zhvv1Jpwi8BJaugoAENzgxdLtX2MQpszU1tZi8bx5OesbTI/7BgehaRp8Ph9q6xtyDzIn+xfwg/E+uN1u1NfXo8EUrCn34/LeKvPeRjtufGAAuMIADFE5Modf7EGYfMS0R2L6IfuymNYoGh8qavtY97dvt7N3fmEnGCIiotL65H+5XavUa68L3QgAWLJilbFurI9Ldf8/+r+7Kub3OQzAUEllginPVldV3aTBtWJkZBhutweA9QeDpKrGADxTXV29GQCGhobanI4nnltVVQ0XtDPDIyOvjYxMzw8ZqZTeNSSdSMHtroc+g41mhChk8Ya/pIcBnAIyuU1K1LxdX4BseKKS5AtRAHqQoj3ShpDXnxkLfRogNfNIiMoyJEhIpPVOMAqikCAZHVjM45NI6MGJQh1g5i1b5gKgifr5fHWWc1nrl8xcrBfRpGLpTjLr65fpBpOtHyZUPxGCSScYfqHS2Lj5Xs1p3aG2Z/hGHREZ7OGWnZ/6qCbCJeZtToGXsYRe7MzPvXBZdgzE2MMuOz/1Uc18neZtVDxz8MXJhrv10Mtw/2vGx6m2dPuDY9o/+sRXp/R6zPe+ZPvNCPZ7ETuczLnmpQCDMGUmnezN/nztbTTWicdmvX3Zv0lpbHAb68TjSj4u721mvR6AWn5yE5WxefX6790uxwcsywfev4ir5/mM4AkAI3giwicimCKWxXbxHPt2sSy2j7a/fbv9/NcE9d/jHu3px+0r9CDpu5cTAICr5/ksy1RaTQsClmmQRNcWwdwN5ZYNa43He596ZtRjd1+ULdMC2Tur2JdFZ5Zi9x/r8liPX6xbr9HfTN1i6zADwDKWALCXLzkiKjObNm+pyOs+1jlSEfd+sO1ARY0rAzBUMrZuLa9l/htN2yjb3878N61WrVoFjycbnpCQhKpm3/LXu76kAMThhscxYOGUz5CTSp7whH7sQMBfka+FQCCEaFSBJCUduolIiKqypZMKAKiQIEG1BCT0oJE+jZTqs24TRIiiUAcYQA8w2cMvRh3kKHoz9UMC8DXW6x1dVA1R1bl+EvRuMTO5fqIy1vrBVD/TejEmxdRPckFVAMkPuNX6bOiIiIhompkDJd/91lcs6wFr8GWigZfROAVi7EEY83U6BXZodHseXaflC74I9vBL9ZybMNt+JTyWMRBBmD2PrtMYgikP9hCCUyhBsIcQnEIJlXpc3tsMej0MDPATm6hMibCLfVmEX4BsKEWETUQIJVRfM6btY93fvr3QMgDsOnMZt6+Yh6vn+Syhl6vn+YDTrDURERHRtP2eg0NANHGnTp1CKpUNT6imfhcSVKiqy5gaCao35/n+YCusPTIy4Rcl91ySpM2YcVNVb+Z+zPeuj5ectN+8mhkn61hImeemEyljaik7p1CL3fCwx3E/CSoU1auHNcSxVE2/bskFSK6c6wL0oMdMr1+++xH1kxxf56PUzxR+EeMsSV5+kaGSeuLp/Xji6f0cCCKyEOEXEXC5cFnGhcsyHn9iF77+yPewaF7AWD+VwZd8HnrwdiMIs2heAF9/5Ht4/IldxnUuXtKC737rK/j6I9+zBGTI2Z5H12knn7pn1PALgJzgRyk6wJSb8YzBTQ/q0yLteXQdX4/ToL6mxrLcNziIvsFByzoxxYx9WprBeB8G432WdWIf+7Q05X5c3ltl3lsxxyWi8ia6v8wk7Pwyc916zSrcn+mKAujdUMwdUca6fP+WjZN6vNGWiYhodjjWOTLh/2YKdoAhmiQej8dxvaVziK8OgPX3uzt23Gs8jsXas51DFPuRJEhSEqFAAJGoOmPGLd+UOqoCyKZOIsFgK0KhEEKhe7F7t7U1pejyAugT7kiQxnwd+TrEKADS6bhxHkguQM3UUNXy1y+n88vMrJ+YtsipftFx1C/RG4evsT47xplxJiqlBz+xFQAYgiEigwi/5OvsUoqOL8UyB2HyrT9/roOdYAoopuuL0Nh0DtVzPmUEPmZ7BxjzGDQ2/WDU57EbzPQT3TMWLdLfJPFLEtIDF+GuWwAAGAQwPxjU9wlmvj3v0394khr8uKikscCv/22VJz2CUGZfQP/ozcxFW67H5b1V5r2Ndty6uoVQr5zgJzhRGbIHXy7HB/Du5QQaaivvbYrrFs7BrjOXEZ6b/cMthmCIqJCDB/c6PiaartchX4szzyc++Z/H/dynf/QfM2YcGIAhmiSqmg0DZNfpnV/SiRRampot21pbc+dkCwZb0d5+wHHaHElKIhAIZSacUWfU2GVDMF7LvYlOIq3hzZb9xdi1t2fnnGtpakZEjuqdRDBg6eYSsk3Hk4+5fqLzSzqdgtvnQTgQQiSqGEGZ8dRPnypJmlH1UyFNfv1sIZhQIACPx4PL77+vrVq1im+M0JR68BNb8Ud/9EcAgG9/+9sMwRCR4bvf+kregEs5BF+crunxJ3Y5rjdP30RWYwm/CPauJ6XoAHN23xNlNW7mex5PF5ybHvwaQzAlFh8agrnfht/hLwKUTKhA7VMgNfizP9uYHhvf+/cpxnPMxyr34/LeKvPeijkuEVUGc/hFTFsUjQ8BgDHt0DsxeVzbJ3q80ZYBPQRztKffEoKh6dF9Uc5ZlrouOH/Pf/j4mI79yjun0OnK1vi07bhjXX7qwKEJPX+sy2O5TwCWe53oMclq06abLcsHD+7Fpk034+WXX6j4e9M0DS4Xf5yrlNeheO2ZzYTXoeXzq+0AGuf5y/9Ca66a8CHee++E5VgHX39Xr/WNVwMAYhd68c/f+x4+87nPGR+Dixod933vvRPovaxg0+YtFV1/BmCIJon4fUsoEEA0qSDRq3cNQUJ/c9/YJutdMWKxCILBsOUY7ZG2POEJDYFAaEaPX6FOIu2RtpwQRSzWbgQvRMAlHAihI9GlPy/TCabY8Iv9OozOPZnjAkA45Dfqp8Tac6b0ca6fZAsvzUyFOvmMp34iBBPy6t+gqCowb9kyfgdNJfGZz3yGgzDL/cFDt01K66nlzUF0dsXG/Ly/efzn/HpXRuzdX+zKMfwy2rU98p0fsguMg/GEXwBgqOc9h+UlU3adt3zpmGvPo+u00NJVRe0fPXsKUx0sGep5DzUL9V+0DPe/ljMmxWAIZnqkk71GF5j0wMWC+5q7cFxU0oWPa+ruUQnH5b1V5r2N5bhEVN5EsESEUcSyCJvYt4vgitgulu3b8x2v2O2jLRMRzWbD7ux0KZoGMP9CVB5EmAUAvv5nf4HPfO5zgKZkPlkVY/1X/vxPLfvOJAzAEE2yqCxDzUQdRPDFTA+yqABUxGLtAJC3awigh1/0ziEzW8FOIgpw+HAb2iNAa3hzZtz0TioBW8BFjHlHdxcSGEBUchkhioLnz5wumlQK1k90cVHN9Yu0OUxZJeqXnPHhJfNru7j6RYyqF6xfbxzRRiDk9aOc/6CvqsqNkZF0ZX4TUOXmF20imz946Dbt0zt/F7sG/4ux7vba/5t3/8sXzuH4kYMAgO0f+QT2vfS05fGnd/6uZZ3gtM58DQzBlJdC3V8qEbvA5Bpv+AWAEfywLHcnp/RaAT3YMpbnTGWwxGkMGIKpDCL8AsAIEuQjQgn2x47HNR2rEo7Le6vMe8t73P5+fnITVQDR/eWaoP67IRFCGW05VF8DIBtCGW15tOdP9PjsAjPzNS0IYGXzIqMLyspmfepIsXz/lo0Asp1d7NtLvWy/HqKpk/2xze3mj3BE5SZ2oTcbfLHTFMQu9BqdYGYaBmCIJpGYwgUAfL46RGXZ0oHEafqifF1f9IAHEAj4Z3z4xSwQCCEadf6CrCp6WEgPTajGOKmZiYWEqCzD56tDIjGARG8cHZlOLoVIkh66AAC3z1OgftlHEgqHXwAJgYB/Vn0OjFq/SBsCowSSoknFUr+IL4lUKlW297x1XeDlzmjyQxo0nI0layuhTkuD3kEXXFge8v6SX7mJCmuZr2Fhw0oAwJn21y3bFoaWY+HGW1DrrcOK1hvx48cfwX0PfRk/fvwRLGxaiY2bb8W+l57G2vWbAGRDLwCwcfOtWNF6I9oP7cHxIwexcfOtWBhajsRAHwe9DD3ynR/OqADMTL2n8ZpI+AXIdj8xd0GZamO93tee+GpJrss8FhO5N4ZgSqNvcNB4LCL7YjqanO/l+7Lf44upaczrzMzHEFPTlPNxeW+VeW+FjhsfHEQNP8WJiGaVpgUByzRI61ctx/Ub1ma/5zdNeyQCIwCwl0NnGUPz+JinPTKPGceNhOq0h4NAVKaMzi9F7PeVP//TGXf/DMAQTZJUKmWEX9zuekDS3/CPJhWEvM4hFjmpOIYnJEmDqs72EdWnDsqZUkd1QbaMafb/EvTwi+Dz1UGFatSlaKoXkPTZL0QIxqkcTlM2ZevnZf2c6qcAMqyfE9koU6Z+ksuoXyIxMPb6ldgvD1++DOBZALhxTeADg0MjNTF5ZMmFy8my+glg0TxvKhioOldbUzX0+gn5LQB4P5bgF2+iPD694hi+f2Ydtja8gzPtr+NQ2yu476EvG9vbD+3BrmcfAwDcfs9OxJUebNx8K+JKDwAgrvQYz/nx448AgBGEWbJiLer9Cy3rV7TeaJyHiEqr2KmERiPCL1M9BVI5EsGXyQoATVZNKL94PA5Ny8741xmLFdy30LKZolh/wFVGuYbpPi7vrTLvbbTjDgwMYAE/zYnKmuj+MlOwC8zM1n1RhmQKg5iDIUBupxX79lIvs/MLERHNdgzAEE0Sj0d/r9vnq8vMzqNB8rsAVYM/3GpMlwNk3ugvEH4p1EVjNgkFAo7jpCpAVJVt0+dI8AfDiMoHMosuqAogSRISGBj1XKqqd37xA1ChWbb5g3nqlxN+kYwpj1g/85RIrlHrJ2XGOSofAFTNqKFbrQekZMXcswiWbF/feOTqJV5vfyK97vwlddFActgdT6ZK+lfM9V6PVuetTi+eL12Y43MfA5Dcd6Q3ORNfaxs336sdanvGNdFjTPXxJ3oMmh4/fvwRI7giOsAcansFa9dvwtr1m3D8yEGcO3Mcx48cxNr1m7Dr2ceMj4AelAGA+x76MuJKD3Y9+xhqvXXoiXZi4+ZbMZgcwPEjB3H8yEHc99CXUd/QiM7HvsuBJ6owOV1gJnkKpONtKhZ+KLusoWtCx7qpZXLv33zvE+n+QqXj9Xrh8/mM5fmL9alI7d024vE4/H6/9eejPF08FEVBfX299SekPF08yuW4vLfKvLeijnuFn+dE5coefhHTHL0Tk4taFtMQReNDRS2P9vyJHl9gCGbmOXfslONjIiKqDO+fjZb9NY5Uu3Hw9Xdx7ozp35wxPO56/zSqhvX7DK68alLGbE5d5X8vwwAM0SRR1Uz4xbJSw44d9xqLIkRRqHNIvm4js3JMISHgDUJWo5mOKqZJiGydYILBMEKhEEKhe7F79zN6AEnSJ0iCvS4O9H2lnLEfW/2SrJ9NNgRTuH7+YKtRvwO7n9QntcrUEJDg8Xhw+f33tVWrVlVEgCATNEkC+CUAbF8/b35v39B1qTSq2zv7A1N57tblc2SPG8ONDTVH9x25fOlC78x+RW7cfK/2d3/7Pdz6Xx7X5NhPMZ6QycbN92p//ejv4Q+/9H8ct//1o7837gDLxs33aoHgx/B3f/s9hmAqzPfPrEPLfA1RwAinAHpnl9vv2WkEXEQIxkyEYWB6ruj2Yj6O+Ri13jpjHyIqnT2PrtMmo9tIbgBkyZRc63Q+vxB7AGgyQjCcBmn8Fi1aVFSta+sbcn+myQQJAGuYQIQRzMzrzCEF8zEq4bi8t8q8t0LHHXZ5Rv38uHDhAr++EJURET4pdtkePhltebTnT/T4NPN85nd/m4NARFTmPvbhD2kA8gY2PrjlhrK/h71vnJ/wMcR9nu7JrvvKn/8pYhd6R32uffqjD265AUePvlNwvH/68i/L/mcpBmCIJokIW4g37ltbt+TsEwy2oj3SVrBzCMMTuUKBgGPoRHQSsY+1WG5vP6DXYxxYv0muX4FOPvaxDrfu0OsXaTO6waRSKcxbtqxif0G578jlSwBeAYBNa/3LqqrcOHUucVNyMOXuGxie0H011FVr3lpPetUS32sjI2kcPK68P9teYw9//UV84yt34OGvO3dyKVXoxOncgeDHMtf2Ir8YVIjvLPsFFg7uBgBEf/wAAH2KI/v0ROaAy8bNt2Zea69YHot9xLRIt9+z0xJyuf2enUb3GEAPx/R0n2YHmDKy81Mf1WbDPT72g5/NyjcB9zy6Tttw97WIHZ54txanDjAT6dLipGPpNwEALWe/iNef+KcJPX+yr20qOsBsuPtahmCK4BR2eelJ/fXxkQf+x6jP7+1LAwDcUhoL/G4AwEUl+9gsPXDReOyuW2CsE4/NLipp43ElHJf3Vpn3lu+4UoHJaMXnh9PnDkMxRFNv15nLM/4eI1eSLPQ06L5oDTEdOdWJfqnBcV/7lEFkHUPJYXw4ZpPj4MG9Ra0jKsXrcCa89ubUeXHdddfkDWzMdsFFjYDL77zR5de3j0GhcEy5YQCGaBIFAiFEZRmBQAhKrB3+YKtle3ukLc+0R3p4gpypkAp2EmmPtKE1vNnynFgsYjwnFAhAHSWZoqrZoE0gEEIsFkEwGGb9Jqt+BTr55KtfyOtHRFEQDvmNKcZmxDeY2YDK+wCw4aq5W/sTw/7+hFZ/oTfpLuYYixq96Tk+V3yOr1o5/N6V/X0Dw5jpnV7yOdT2jGvj5nu1h78O7Pz0NqxYegd++3c+hy/88aNYsXQOHnvqRMHpjcZitON8YMvnsPP+NThzth/f+ssv4e/+9ns4c7YfD3/9RYy3Ow1NH9/e+3H7PTvRE+00OrUA2Y4vIrSycfOtWNF6o+k1+YrR5UUEYsTze6KdlnPsevYx3H7PTkuXGBGaofLx+BO78NCDt8+4+3rowdtn7L0V0vPLGzRAnwZow93XTvh4vd1L0Nh0riQdYMzG2rUmenZqW7Y7dYDp7V6C+glOtSRCMGs366H2hR96g/+Wiu8HM2/eizfzJ6KxwW0JIjiFEgR7CMEplJDvOOV+XN5bZd6b03H7+0d/3Tt97rA7DBEREU2lTZtuNh4fPLjXWH755Rc4OFTy16H5NTjTX4fRaI/j+lBooeN2p/X59h1tWzHbJ+3+PMv12r7+rl7rG6/OdoIRQZjMR9H5xbwvAJzpPDcjaj7jAzBv//vmvG9WXfvf2vgDLcdo0oiAhR6EUKECUDJT5uQLTugkBAJ+DmARAoEQotHcgVQV4PDhNrRHgNbwZmOqIv05+mwz0iiNYMR2fX+9mLFYhPUrWf0OG0EYfdz1z6FwyG/5/JqJDr93ZT8AbLuusXHpoprFIyn3whORvkWpdBojKf3Lc5XHBY/bjTXhhgtVnnSPVOM5/+rR3l6+qnQiBPOtv/wpAsGP4Qt//Cge+/6r2P2TnfjM518xgimPPXXC8vHM2X78v//0EwzIB4s6T11gE/6f//FxI1hjPyYAbL4+hB0ffwxf+ONHjeCLuEZWqjL8/vv/Cbf/p9+F754GI7hi7tRin9LIHH5Z0Xqj0SVGrBcfD7W9YoRj4kqPcbxne28Fbgb29z2J+x56Bz3dp1mEMrHzUx/Vvv7I9/D4Ey0z+j6//sj3Zk0XmJ5f3qDVLLwKNXPuxYaFz2R/UXD2FJZO8Nii64m5A4zdcP9rk3IfHUu/id0vfBZXheqK2v+96ACW3fmPk3Yt1XNuylln7vwyGR1gomdPIbhBDyhtuPta1My5F0P9z6DnlzdoDMHob9LnC76sv66hqGPU1M2xfk+emYbGPK2M1OBHPB7PmZZGTENjXu+XJCjInZam3I/Le6vMeyvmuPmYP0eOHO2zbDN3h2EIhmjy7T0nY+85mQNBRERENIm6z19A0+JFxrIIswjBRY1G4MU+5ZF935liVnSA8S/5SM465dxL/IzgGE0qSRKxCVN3C2Sm4VHz/d5E4sCNb7Qt42yMt6KHVUJev2VrsdkJhyOOGn6hyaqf6lg/1fT5NdNlAi29ALB1XSCU0lB3/Ez/B6o8LrQun/OWC9rA/mNylK+f/Dy1awAAD9xzFf7i229g56ffM4Iw//xXwGc+/wrOnNX/HFQEVr75F5/Cb/9ONgDzxNP7jcdvvbPfcvzVrR/Anl+dw57MsjjW5uv1DlA7Pv4Ynnz2PZyJXMED91yFHR9/DJ7aNUgNnmBxKsy+l542HpvDL/c99GWcaX8dZ9pfBwBLEEYsiymQxHoRehFTIpn3X7t+E47vBUL3PYmOSy50XFqH22v/LwtQBkT4ZfGSlinvkLJ1ywYsWer8w+a5s+9i/4HDU3buhx68HYuXtOD8uY4ZH4LZ8+g67aYHv4ah/mcs6ydruh6nDjDmkIk4T2/3klG7sdi7uzz5wpuWAEvL2S+i5bq5RV9b88K5wNkvGlMgdSz9Jnb/+WfxwJ3XW/Yr5roam85lQz62cZzsaZCczlPf8mVOi+Sg2NCLk8aG3C4c+aamyTe9jtN6p+eX83F5b5V5b/mOK3nG/rljD8MQ0eTTNM3lcrm0P/jCl3D5Qjduvv3jOHb4DazbcAMA4J+++5fYtGkzDh5sQ1WVCyMjGlatugqnTr2Hqir9n36xDoBlvZlr8BLu2uL8vdIXv/MWPvhB566b4fCqnOPar2FkRDOu8X/87h8DgHEPe3f9BPMWNeFvvvUoNE3j9yol1rQgYJkGqWlBACubs28GmqfwMa/fy6GzjJl5fMxjdsuGtZZ99z71DAeMiCpKYJ7DzxML9d/rq0PaqOvz7TvatlG3d038LZ/6uXMRmLcA7x49bXR0GY+u90/j2qvmof/KlYqv96yeAun3/vSvNH7KA5+5hmMwWQ7sPoAtO7YYy3JScQy/SJJm6YYRDIaNbiNiORo9PMFtIcRiUdM28/mme9t47y97zFAomJkSyTq+qgJEVdno/CLqMtb6SQCiSSXPlEezoX6FrqU86zeNv8CZisOKAWcriCKJLjC3bLsbffJXsOfVt/Gnf7QTf/HtN3DLtjfwnz7UjIe//iL++a9uxZPPvoc9v7K28vvDL/0fPPiJrY7H/sMv/R/9h/0PLjGed8sHlxghl7Y3o/jFL7sAwFh3/Ye+glu2XYtnn+bUR5XKafqjM+2vGx1eRNAFAP7gz1fib/5M/3Q1d4Qxr7czh2caT38X0UzA5vtn1gHYwQKUga98+XNTEn755Cc/WfS+S5ZejU/awjE/+tGPJvV6Hnrwdnzly5+b0bU8+dQ92k0Pfs1xmx6weHvC57AHQN547hBugD4davTsKUuopdjpi954s92xewsA5LuffF574quW5WV3/iOezHSRueH61qKvq7dbn9op2va2sf8bb7bjzg0bJzX8kq0NHO/95FP3aKvvf5b/vmL84ZehgX5gTrYLjFPnDNFVQ1HVnC4cdqJbh9qn5HT3KOfj8t4q896KOe54PpcYgiEqbyKMMm/ePCMkY+cavIS//x8q5s6VcOFS7uf0c/9zDu7+XwcdQzCnTr2HTZs2A7gqb7iGZqZf/Gw3B4GIaAYLhRYaIRQnS5oXF70+376jbcu3/eDRiQdgFi6Yj0QyyUKbzOoAzPLWtehsP47/9NHsmwynOy9g5fJFJVs2K/W5jeVzT/MzYRKoKgBv9s361g2tzuEXPxDyBmz9L1QEgyHL8sS3wbYNZbQt3z1IY9imT6njGKJQXZCTCtrbTkx+/SQNocB46ydVUP3UcdQPU1a/VCrFLzJUlD2vvo2GQBi3bLsWt2x7A889/xwaAmH86R/dgL/49hv4xleiePjrL2L3T3Zix8cfwxf/9C0AwIOf2Grp/mImtv2///QT1NTOw+6f7MSZM9ngi5j2qE+O4C++/UbmOvRrocq0/SOfMIIvIqhy+z07sevZx7B2vf6L0kNtr2BF643YuPlW/M2fveJ4nL/5s9OWoMySFWtR663DobZXEFd69A4wRw5ywMvIzk99VAOAx5/YBQCTGoDJ1+nl3NnsX2aI7U7rhE9+8pOT3hlG3C+g3/9M6wTT2JQ7f/FkhDU0dBmPC00BVGzgxUx0fVlWxLnHa9md/4hBAE++kNsNZtRfHtnuyT4FlFieyHVaQkVzRq8pjU9vX9roAnNRSRfc19yFIz1wseC+5u4elXBc3ltl3ttYjktE5UPvltKNujp9Okfx0cm8efNw6lTx4ZcffkGC6Ni8aH4DrlxR9N81DetfKxL9/fjG/wji4X/KDcFUVblw8GCbJQRjvgY783WLx6KbDREREdFYnTtzakyPKb8qDgHR5LD/cVL74Xbjcbh1DQAJkpREwBsqekqe2Ucd87ZQIICoLBshikj7iamtX2Ai9VNZ2ymqH5GdCJ/YwzB/+kdfN6ZH+tZffsnynA9c01jwmAPyQQwAxjRHm68P4foPfYWhlxlo30tPY+PmWy3dXHqinQBgTIUkgisrWm+07Cfc99CXLcsbN99qhGrMj0UI5vZ7dupBm4/8X3wf32URptHXH/keHn+iZVKPae/6Yg64jPrDr0MYRnSGmexuMF9/5HszrhvMyafu0ZZu/3LO+nzdRYohQh1OUxxNBvuUR1NNdIMZawgmH/NYiDHS0AUXmsd1PKda1bd8mV1gJol5CiSn6WTMzFPQOE1HY2Y+ViUcl/dWmfeW77j9/fzcJpppRgu/CFeuKJg71288BrLhl/dOnsUZNYhrFgzkfX6+EAwRERFVrmi0xzL90JLmxTjXdd5xX9Glxb7daX2+fUfbZt5uLK9YNe7767l4SXwnw2LPlpH4p+d6cMfm/8hZ/2KbjPB/5gtgtDH67n/j+BSrUIcK65v67Q7bDxV4Lrc5b5u8+oyG9Zv++nk8Hn6RoVGJaZC+8MeP4rHvv2qsN4dhdnz8MTz3/HNIDeqf14U6v9iJfb/1l1+Cp3YNdnz8McvxzXZ+ehu+9Zdf4vRHFWr7Rz6BhU0r0X5oDwA9pHKo7RVs3Hyr0b0F0KdEModfxJRGgDUAI6ZOEmEXcayFoeWWKZZoeu381Ee1rz/yPWN5Mrq/TCT44kQ8XwRhxPEnGoR56MHbjS4wX3/ke9j5qY9qM6ULTKFOIWMNrdi7mcQOJxE9ewqNTdkktZgiyOl7xmI8+cKbmLPlWyUfpzlbvoUnX/jCuEMw4r7N4x09ewrAKgQ3eC3jN5YgjOgCM9baUnEG4+apIYIAstPR2ImpZ4Ds1DTmdWbmY4ipacr5uLy3yry3QscdjMfh46c4UUULBPy4eFEGYA2/LFgQyPscJaa/+eMUfAHgGH4JBPyOxzKHYJyuicpPt6023RdlSF0XHPc9bVt/SFkwK8esEScdx9Bp3PYcPs4X2SQ4eHBv3uXFy5uweHmTsRwfsT7Xv2h+2Wyj/CqhjubXnf01SdNjMru6iGN1vX+66Oc0L1s548aUUSCiSTLaG/SS35uzTlWS3DYF28ZTn9FwrKe3fpwCicZq56e34bHvv2p8vGXbtfoP7K++jbvvuhvPPn0CD35iK+67776iAzD33XcfAOCJp/fj7rvuxp5X37Yc13xOqmz7XtKnh7z9np04d+Y4lqxYiyUr1mLXs48ZUyKJMAygT4d030NfNtaJaY/M+4nnmUMw4hy7nn0Mu559zHhMM4M5/DLR4EvOD7MOQZjJ7gYzE9i7v5gDLGOZAsn8vOH+14zgCyCmAjqH3u4lmXXj/6WFCL80zmtA7+U+y0eh93IfWjLXUT3nJuOjuDYAlmWxj3iu/ViWc0wgBCPGI3pWH5PGpnMILV2F6NlTmXVJBDd4UT3npjEFYexTIJk7ybALzMQkk0m43dmOGZfO55+uSlEU63KB48bj8YLL5XZc3ltl3ttoxx0YGGAAhmgGKSb8AgBa7Xx85ycd+Nh6Fc1N2X19c/RvJK6Zo4dffnpEwgc/uDZv+AUAFiwImEIwRESTY9OmmwHooQPx2K5StlGuD3/4zoqro3nbyy+/wCLOMMFANhG1cIEehsp2i9HF5JkZFZkVAZgX25jM5hhNvUJv0Du92V9oPbeNf1u+EMVoAQrWr7zrxw4wNBZnIlfw3PPPAQD++jsRNATCxrL58UQ89/xzOcf96+983zjn3XfdzUJUsLXrNxmBFwDGdEcAjO4vZiLwsqL1Rhxqe8XoCiPW5ztH68Zb9GmPMsGXev9CbP/IJ9D5GKdAqnRTGX4xO3f2XYZg8tjz6Drtpge/Zizbu7cUE37JF3wJLV2VCb7osuGX8YmePYXdR6/kDb/YP+4+cAXA25n/YPoIh2X98e6jV7DsztGPLUIwO66ba7nHsd4PoD/XfIzDz7095iCMUwcYcwhm6fYHsefRddotXzrGEMwY1dfXo76+3lheHtQ7wNi7bSiKYtkPyN/FIx6Pw+/3W9bl6+JRLsflvVXmvY123KqqKuAKP8+JZopiwi+A3qHlhNwCHOnAgq4a05ZFxqOLl67gRF9LwfCLwBDM7LHRf3FW3nfnJdaeiGaHUGghFiwMWdbZpyCyy7fdaX2hY412HmBs3VqciHBLTFYsxxLrnfYV7M+ZKWZ8AMbV8jksb12b+497+3F0th/HpZ4YfvGz3cb6Sz0xdLYHS7ZsVupzi+VCY0TF279/v2v79u1awBvmYJQZORnB/v37XcXsx/qVZ/3YAYbGQoRTBL0ji7kTzLV49ukTEzqHCLjseRVGx5fHvm+9BipPf/DQbdpo+xw/chDHjxw0pikCgHNnjuP4kYPoiXYCAAaT1tbZ5umPxGNzAEYEZ44fOWh0gVmyQv/+SxzTfIzRrvNvHv853+wtU6UKv5jPwRCMwy83RglvFOoAYw++DPW8Z0zxYz9uY9M5HG9Tx32dYw2/9F7uK+r+chx9s6hjixDM7gNfwA6cmlAIZu1myTQlVPaaY4eTaGz6AWoWXjVqEMbeAWY8tab8Gmprc9aJIAFgDSmIMIKZeZ05pGA+RiUcl/dWmfdW6Lju4WGo/BQnmpWMEExfvj3mFxV+ocrTtCBgmQapaUEAK5uz4SfztEfm9Xs5dJYxM4+Pecxu2WB9/2jvU89wwIiIJsG1V/mn9ViTef5ywimQiCbRvn37XNu3b9dSqRTm16/kgEyzS3E9tVhM+MXj8WDjlh1449Wfw+PxMAhTBkTw5YZtt+GNV3/OAaGiNQTCplDKqwD0rjBAbjAlEokUfVzzvubOL2ciV7AiPBeANQwjx06wGGXmDx66TbvnEw8YHVrszrS/jmeffhLbP/IJLGxaaQmkAMiZxsg8ZdHGzbdajnum/XXLdEiCeI74uHb9Jhxqe8VYFh1gvvBn3zGOI0I49nthCKb8bN2ywXhcivCL+VwiBLN1ywbsP3B4Vtdhz6PrtLWbs2+M2ru/AM4dYPIHX5ZMyXVGz57CLV865vqjzfdqv31nw5gCKk++8AVcFarDDde3FjzHG2+2473owJgCNo3zGvCjzhvwFz98xrXn0XXaVARMeruXAN2jB2GcOsCIWon9GpvOsQvMBKSTvfrHAQ/cdQsyjy8aj80uKmnj8QK/21gnHluOO5D9S+pKOC7vrTLvLd9xAYmf3ESzGAMuNBU6T5+sqOtdvnI1i0ZEZHKu67zjetGhxb7daX2+fUfbVmi7z+tF59lzeacoyrd+tO0TfV6lmxUBmJXLF+V+w8LuJhyjKbJv3z7X5fff1+66/35j2pYAwo5Tv4jpXrht8raJ0ITH4ykq+CKkUimkEyls26bP0/jqq9n5DudjJcd6Guq3ZcfHoCoAkOQXFpoQMTVRQyCMhkAYt2ybnA4we17Vp5Uwh2Go/K1ovRFn2l/PCcGcaX8d9Q2NxrIIv4jpkMQ6EX4Bsp1bNm6+FdGmh/CrMy60zNewteEdrGi90TgXoHeQcfzhZ8VaHD9yMO92qiwihDKe8It4rng81mOIEMySpVcDszwAE1q6CvUtDxbcx94Bxmm6o6kKvgDZ8ItYLjaYYg7BvHfgC8Cb7QXPM57wi+gyAwC3fOnYlIVggGwQJrjhNVTPuSmnFsV0gKlv+TJC3U/wC9AEuL2NliCCUyhBsIcQnEIJ+Y5T7sflvVXmvTket7+fn9hENG1u+/BHcMvSRm3P2V6Gc2eYnZ+8syKu87EfvcBiERFVkOVLlyCRTE7KcTrPnpvQMa5e1YJznWcqfkxndQcYkdqN2+cTLvHydJ473qcwDTwF5i1b5tq/f7+xvH37di3fe/ipVAqepMd40z/nY1z/qKqAJOn7Dw979Mdx67Qw4nkAHI8pjqHK2WPlvgitxzEft9AxxXUa58+Ef1QVkJKwXL/l+PECA5nZNjzsQXW19XoKZSLGEnwx8/nqjMciCAPJhQO7f2rc31jq53R/TjUaa/3sY+00ZoXG08z8WnI6psfjMV4vxv06vD5z7tt0PqfXU6H6GWOvagBckCQvv6jQmNlDL+aOMJMxPZGYZsk8vZL9vFS+zCGYnu7TiPf1WgIx+156GrffsxMAsOvZx4zAC5ANrGzcfCsOtb2C0H1P4leXngIu6f/0RH/8AH4MPTxz30NfBgBLtxdz9xdzBxkRsqHKJaY+GktwxRx6MXdxMT8eyzHF8zgVUpa9+4sIWeSb/kiEX6JnT03Z1Dr28ItQbECl5ewX0QIA180d9VzNC+cCA38BDABY+s0xhV+EqQ7BRM+eArDKEoIRzB1g7NvMXWBo7OpraizLYhoa87QyfkmCgtxpacQ0NOb1UoMf8Xg8Z1qacj8u760y762Y4xJR+bllaaN224c/Mivudf2CetyytFEDAAZhZpaXXroBgUDAWA6HsyHNSCRt2VeWZXzkI29My/OIiKiyXL2qBe+e6hj385cvXWL5KDrO+LzO76+Ntr3SzeoAzB98+Qv8jALwk6f/g4Mwxfbt25fzg8727du1HYgBIlOR+RjzAK077gAA+AN+RJ55St8gmfazPccisy587/36N8LPPJXdT0LusfII/1fT8+FwTk+eYzmdv8B+ec9/7/1QZAUA0L77RQQd9tmNoOPYjocRbpFcUBVA8uuLid441q//ENw+DyRTG+UDB17EmOrnUCPHcSimfkWMYc74573xIuonjb6/0/Mt9fM412/LFn2sEomB7AYpW1IJegiGaKzsoZczkStGaOXuu+62dIA5fPBZPPiJrWM6vugA89ff+T7uvutuAMgJw1B5M3dnAYCe7tNY2KRPX7j9I58wgikALFMenTtzHKH7nkQUTyJ0H9BxSe/6Ij5uzYRezrS/boRsRDeZWm+d47WYAzF7f/YDyzVRaX3ly58b1/PMUx8Va7QuL+Zt4+kIM56pkMZ7/5XI3gFGTHl0vE1FaOmqkodfBBFAKRRQef/oFXzpm2P7WfbRL34Lc+oKh16cwi/CVIZgxDEPP/c21m62TnlUTAcYmhi3tzFnXb6pafJNr+O03un55Xxc3ltl3lu+43IKJKLyIoIg/31tCE+lZ8c9h+d6c+6fQZip1X1RzlmWui447ns6z/ox17lAGKWcnjfWMXQatz2H2bWWiCqbCHyMdbvT+kLHGu95AD0Ec/WqlrzbSnnflW5WBGBOd17gZzbHqOyoKgr+TsZvmq/24sO7MDek/2Kn5nc+gKG/fcuyr3ndlehFLPjG7Zbtlfp8f8BvhChKIRQIICrLmW4nLiR6sy1TwoEQIlEFkh+ZaXkKY/3GVr+WpmZ0dOt/oZ3ojcPXWJ/pAAOEvH54PB6sWrWKXzioKDs/nQ2hnIlcAWDt2CK6tAjf/va38cTT+/Me76139ucEZJ57/jn84e9/Go99P3vsM5ErWBGea1zDt/7ypyxGmTN3fTnT/jrifXogZt9LT+O+h76MHz/+iKVLy1H3DnT4XUa3lw8OPoatmWNsbdCPsR/XINT9eE7ABgAWhpYDyE6dJKY9MneD2f6RT+Dkqe+yONNkPKERYOxTH4010CI6uxTznIlOhTTeMShH9u4vlu9fbB1gzOGXqVIo/BK7pCA4329Zly8EIyb2GO7XO6YM978GINshxbws9gFQdMeX2CXn79+muhNMaOkqHG87hbWbrXUxB2KcaswuMOMTHxpCg/nnF4fOGaKrhtqn5HThyPn5NtOtQ1HVnO4e5Xxc3ltl3lsxxyWi6WcOvgBAqL4G6Js9928OwZjHg0GYGVLfGRZ+oanX03MZBw/uBQCcPt0JYK/jfuW6ra+vHx/+cGmnATtzPvt1VPSvHHItwZnzth1dS1Cjnct5zorFyZJe78svv4CGhjkVW+OenstYzQlDaIaYFQGYlcsX5azrbGdilWM0vaQiwi/hcAhqQMJFACuuWw4ASAUkeDKPzxzt1H+ANK07HL2IUEBCOKz/cFnJz49EopYgSSmEAgFEk4ol/NLSpP9SPRzyI5pUIElawWOwfmOrXyjTxtMpBBPy6s9PpVI4deoUQzBUtFu2XWuZjkgPq7yKv/7O99EQCEOOnbDsP9YOMA2BsHEscWwxtZLoCEPT4w8euq3gF2nRlcUuu+5JbP/IJxBXenL2EV1ehF9d2okVOGY5xgq8A/GO4qG2V4zjOk17JDhtO9P+OuobGsd9r3/z+M/5S9UyNZ5uLsDYQjCzmQhoFAq/AEDscBLBDdkQTG/3EoSWTt11jdb5RT57BsAKxxCM00dz+MUp+GLfp9CxLONySclcS55/X0sQguntBoBTAPSgUuxwEku353+OqPWeR9dphcaYnKWTvUYXGL1zRn7mLhwXlcJvvJi7e1TCcXlvlXlvYzkuEZXw53Gn4MssxiDMzPInf1IHYKjIvetw5Mj0PI+oEg25lpiW9PDKli1bsGDBAjz3nP5715aWFgwMDKC5WX/P5s0330QwGEQspj/r7rvvxsWLF3HgwIG8x6TZJRrVf8erDmlGt5NzXdYU1ZLmxTnrzNvyPce+3txNZazHm8zrmIzrr3RVfOnrAvW+WXnfcjzB4pfrD0eZAIITETwwQgmmdcWolOeLEEUppFIp/R9DU/hFBF/MQl4/olBYv0mqX8g0h615zDu6u5DojSPq0xAKBLJTVBEVwRx8AfQwjOgE0xAI45Zt1+LZp39asOuLk7feest4zi3brsWezExHZyJXLMsiCEOl9wcP3aZ94c++k3f7t/7894s+lujGsuvZx5C4WZ9O7vba/4t9P34a2z/yCQDAqlp9mqLX9z2HG7fnBp+2f+QT+PHjj1imVEoM9Bnb9r30NNau32SsEx+XNweNDjKFQjDiXr9/Zh0A4NMrjlnGgiGYsRtv1xSOQeUY7n8NNXP07zfMHWCm0htvtuNTf9Ve8PNRalwE+ewZyGeBwNLcIIydOfxSXAeYwtPzmYMvUuMiiACKk1u+dMz1g8+3ajdc3zrlY6fXaIlxX+IeafKYp0Bymk7GzDwFjdN0NJbjmo5VCcflvVXmveU9bn8/P7mJpkGh4Mu8+sx0sEV2gLmYmYrl4ME2y/J0GM81NNTqb7v0DY4Y6xiEmVpNCwKWaZCaFgSwsjn7R7/maY9u2bDWeLz3qWfGdJ7//b8HcOPd8wEAnTHnv0lZHnShM6ah57XL+MhHpud54x1DAMa4mcfMPJZAvl4SRON35rwXPp8Pa9asQVdXF9463o4PrAV++lO9w/bHPvYxHDhwAIHM+wldXfofQrS0ZKeF2bJlC/71X/8VAPCBtRLeOq6iqWke1qxZgxMnTuDM+dJ3hSGi6cEADFElfRNwtBPLkA0emNfNhudPJY/HY3QfAQCfrw7RpGJ0IBHs3WFYv4nVL98Y+3x1SCQGkEgMIALVCCgRFbJx871aIPgx/ZcZ264FAOx59W0A2WmKAOBP/+gG7Pj4Y5BjYw/BAEAg+DHjGOLYouuLft5rM+cNY+Pme7VDbc/wl1llRARLnLrACPG+XuPjH3qeAF4F/jr1IOKbey3bAeDEkVexZv02yzrr6/JWyzbzsQHgw8d+B7/0/gs2br4V+156Ghs334pnn37Scq2+uoaC99QyX0NHZlqmuNKDo+4d6NzKWo/HNddtA370ozE9Z+uWDWV7P+OZzmg8Y1BJ8gUoomdPTen0R6Px1tcB0H+pXEwQRoRcxEf743z72OUGX8S1TJ/o2VNjqh2NX9/goPFYxPfFdDR2YuoZIDs1jXmdmfkYYmqacj4u760y763QceODg6jhpzhRyUx2x5dVq66a0ePFIMzMMFoYpVyeR+VFn24m93Gh/cpl28KF86ZsXMzhlxMn9K7dt912G37+858bQZaf/vSn+PVf/3W89tpraG5uNoIwgB6Gufvuu3PCL7fddhtOnDiBEydOlCwEU8k1JppJZkUA5nTnBVaaY1S2QiE/olHF+ChEIlGji8iCb9yOrm9k5jkMSOjalv1mQ6yr+Z0P6Ptmls0q9fn27iH5xmoypFIpuH0epBMp+BrrAVUDVA1RVXacFon1m5z6JXrj6EB2uqNoUtHHHjBCMOkEwy9UvJ2f3obHvm/9K3cRfrll27X40z+6AU8++x4euOcqXP+hr2D9B24BABx5aw+SiUsAAK9P/8ua9R+4BUfe2pNzjt0/2Wkc4y++/Qb2vGoN2Jiv5Vt/+VMWpYz8n/o0NvddAzQBvzrjwj2Nr6Dev1D/YTsTiomcu4Rv/5XeWeUPPU8Yz93T9g72tL1jPDb72e5DRV+D/Riu1h24+Wc/wJ3tvY7Hrm9oRE+0EwtDy/Mes+OSfi/7+65BR68LgAsAfwE2Xl9/5Ht4/IkWLJoXwIXLsvExnyVLrwaAoqYmmugURsVOgyT2G62bi/kexb3PFtGzp9DYJKG3ewmAU+jqGZnSKZBGE5zvRyQ+ACAbRBlLR5ixcgq+mK9lOnX1jKB5YRV6u5egsekcomdPYSm/NE26eDwOTcv+W9Epeobn2bfQspmiWH9OU0a5huk+Lu+tMu9ttOMODAxgAT/NiaZcoeDL8gXZNyY7L8q4nPk+B6gf9bjz5s2r+LExd365el628/y7l7Pd2BmEqVwMv9B4rVyZ+7ud06c7HdeX27a+vqnpsOcUfhGPm5qa8NbxbgBAa2srnnvuOdx9993o7u62HOOmm27Cc889h9bWVrS3t2c6vzRZgi+lCsFUQi3zbZupQZhQSP/d74KF2VkbnKb6GW36n3zbx7q+0p5XqWZFAGbl8kW53zS0H+e/thyjMvjC68/5GIsqUGQF/oDfCBCEbIEE+7LTOnP4oJKfr8hK3rHCJM+OlE6k4PPV6QEMyWUEMezhF7e7nvWbhPqlurLBlkRvHNFGGGMu+Hx1UKHyiwVNiFP45TOffwVH3tqDtlefBqCHXjZv06e1MYdeRAjGHJT5zOdfwQP3XJUTgqHyYO/ucqb9dcv2Vf0/QbyvFx21O3HUvQPoA65L7za6rZjd9av1U369IviS716EnmjhH0KPuncYQZh6/0L0PPH7wE6+HiaimPAL77Gy9XYvydttpNRil5ScdVLjIqi9F4wgzNGT+rV+bDlw+Lm3x3yOHz317wCA61avspyjmGuZDnptVqHQdEw0fl6v/otmYf5ifWowe7eNeDwOv99vWZevi4eiKKivt76xma+LR7kcl/dWmfdW1HGv8POcaKoUG3wZj7/5m7+xLH/wgx8EAPzqV78qi3ViedOm8XWmE2GY0YIwDMGUrz/5kzqg0O8qV5se31yHI0em53lElSSRSODNN98EAPh8PksQBgC6u7tRV1eH66+/Pif8IrZff/31kGX9dxtNTU2W4Iv9HEQ083EKJKIyJUIU0o57JnScSn6+CE+Uis9navcughiSyxJ+8TXWs36TVD+Px2N0eQH0EIzRfQeABBUqJEiQ4PF4+EWBxuS5558DAMu0R08++x4e+/6r+MznX0Hbq0/nDb0I5nCMff31H/oKHvv+q0YIxjwdkvm8VHr2IEt9QyMWNq3UF372A8T7erGi9UaswDEAwPfPrAPm78B1ym4jOHPT+hV47YjeGeGjOzbiZ7sP5az7/9k78/ioynv/fyYRmCRjmAlkmYRAQkIgsgSQIGFRCFWsighcKxTkKthqbbF1uVqqvba/al3qUuut1VZoL4JguSIBF1AJKEsQYkLYQkKWgSyTBTJDmCQDGub3x5nnzHO2mTOTSTLL83m98sqZZzvPcmbmLO/5fHsiufbEaXJhmloaqmBrb4MuNk7SZs7VQswYmYCa8sO8qw1TzyR2gAklUERubKGmjur3EJNxryT9u0vfYMc//oZhCddI4Jf+DIM0P+pNIAr4d+tK4bmYE4LRxiUix3lz+5PTQJbxFIYlqLucr2/5Hp+YcnnwhW5TrB/FrwMA7EX/hB6QWxMA+PC1pzH/J5NlwyB1VL8HIJV9aPmgQTppiD0CEgBCmIDACLToNBpSoNsIhnbZ2IJzbO7a/U7Drh+ZmHpLc4bHOdSGOjK1us6dh5AQi+3u2585cxr27z+Ee++9F7W1tTAYdM70mUhPT+/3NNI/T4odxJ2ntV/+noddaCcYOdEgDINgvNehQuEPWupk0oj2vv+h8FitOu227bRMF2Xy0ksdSLhB6FKk5MTS8s0FzJvXP/XUjAsA6o6fEcwZFOZtLzvEmBT05z/vBXAtCI11+Bicrzk1XhDXcJcHREZygAvt4NLQ0ACDwQCLxSIIfUSLzqPdZAgw090t9Ac8f/5an/t56hR7RwSbzOYW2K9IPzeJ+0ldfaPHdKWynvJ6kt9f9UJBDIBhYgpAlRd+yiahjxUZGckDF0Ra2NHW5nIpIYCM3crWz1+y2zWIjtPxkJHdCui13DrQa9HdzcIgMalTTS33U08CoMyZNQF79nG/kl+7fh+aG46gueGIAGohMIwYeKHhGDovKnoo7whDh1vi9iXtC5P/9KuVN6vy9hWDIwBgs7bgEVuEJH3FyOM40D6Oc1Cp0eCH+ffhZ7/hHgD/7Y8rcd3EWQAgm0b2QwM3atM87UNuDAkpmbC1H4atvU0yBtI+Dcd4mq8/r/uC3VAVqbb6GNIzJvCvCRgSai4pNPQihl9qq48F7bj2vDjeMTZPi4EJUbjSIs3/7tI3aCqVtzkelnBNv4ZBerwgC4XrtEDBOvy7dSUPogAA4l1gTNnpM8gZMwqvFwGP5nmGYOpbvsfrRdchZ8wovi4ArBgtDNFH9jlpwQTkr+w/9z0S/khOTaVdSJr0jSwEkzQpCnEpWux5cbxjzq+Ps882L9TWfhUAEKG9ing99z3ZanVt07ra0cpvR8TE82lkm1ar9arrEA6CdtnYgnNsSu1qGf/CxNQrIvALDb7wYAuAC7YOAfTCJBTt+gK4IBlAGDKJyXvNnr+419reu+NDt/m+hiHqq3q9OTdM3kspxIy70DOBkpeQIA1PN+auJb02V2d2vCl4bbFYUFxcjJtvvlm2fHFxMaZMmQIAOHXqFA++jJq/OiDWOJjymJhCQWEBwFSZmtlKszkKGk1yhohh6nsZDEaYnTZ5WthhtUcB4MCMjJRhMHdZAbsDMj9KY+vno7RaBwANMlKGobqhHlev2tDWCcRFu2Ako8HAHGCYVKtge4EAfgGAwm2rkH/XWhRuW8WHPiIi8AsAt24wNPRy9Ns9fFgkuu05s44IgBviBsPkH/1q5c2OJ/77DUGa2CXllf/3S9isLQIHFJu1hQt1FAEAc/nyfDqA6vPcs9KMoQ68X1iCTze9BFPVcXxWWILrJs7CZ6K0v2+3OlvfIdNTz2mpuhqP+7hjqfw8uMa7UZKni41DdEwsD9qI50tuThkEI1SHjQPXVi6/VZLnD0eYunMVSB0+GnXnKnzqn6911Ti+kDGTOQg2ueCXLFxpqZTk0/BL7pRsHCkuV+2g0heafcs85K/chcJ1E4ACDn6ZtID7HrvSUonf432cLLJjPW4XQDC3px1Bfs5g2TYLyy7yzi+kzorRn2BsnhYAN1cAF06Jhl9m3zIPez/fFTBzU9/yPXKnZANQhmCutFRiYEIWxuZVMgjGB8XFRghABDkogUgMIchBCUrtBHq7bGzBOTa5di9dYu9rJqbeFg2+eMq/YOvABVsHuWoJi/mhgRY1oAvtGMMUPAp0+IUpsHTjjflB3f/Tp8v6dH8EXCEgTEdHB7Kzs/HFF19IIJgvvvgC2dnZ6OjgvmsaGhr6HHwJlXVmYgoVhQUAk5kmtXY2lZ9kq8/mKCBlNlvZJMjI2EdgicFgRJelFm2d3YiI7gI6OfgFAIxRepjtFhgNBrZ+flw/YxSXRyCYiOhIWO1R0Gu7YDAY2eQxqdLkvMWOGMM0DBw0RAChkNBHyxZl4YHHdgvq0ECLnJRCINH5Y3MfQuG2Vfw+/vDqEQAuN5grl2MxOW+xo6ToQ/Ygro+0tW0uMiJcN4Sq2zQAXNNPAzHV5zVYFLcbM0Ym8Hnv41HFtn/e0ghkx2HikZ7387aKpwAAd2KiX8ZdU34YCcY0AOD/M/mu5174K5JTM7Dml0ISSQ4kIVBLT8AWfyt1+GgAHHCjBn554Y1NaKyrDom14wAJeQiGhDiKS6nDsHO9dylc3+L9g4ukoXrcMH0mSgvWYWyeFieL7Hj05VTeqWVsnhZj87RYgU94CAYAPjHl4hOT+7al8AtwssgO4BjWV9yOFaOPYWyeFqUFx3DD9JVIGqr3acy9BRQNS7gGcSl1aGtIhfncGSRNmiApMzAhC02lXYhLYZ9fajUw5lrBaxKGhg4ro43Vw2azScLSkDA0dLpeq4UV0rA0gd4uG1twjk1Nu0xMTH0nF9ziGYwJd9GgC4FdaECGKfD11FMxACjHxDFuCs+OwdGj/VOPKXDU0nIBsbE1QT2G5OSR/HZjXQ1GHd3Zd/c3UjkX0/LycmRnZ+Pmm2+GxSL8MdLNN9+M+vp6lJeX8+XtfdjHxroaAHNdrxtrgv6YDTUZjQmIT1B+1qQU+kcu3V2YIE8hhHzN7+t6oSB2dsXEFGBqYlMg/wXVR/uxWMz8JUW6wQiInhEZDQbY2fr5bf3EMTsJbFTdUI+2TgAww2Awwm5ncxiO8hYcIfALEQ2/jM19SAC0EPiFlrsQSHL5UdFDseDOBTg7624sW5TF7yv/rrUAXOGXOnpxzExAS0MVElIy+dcrRh7nIRcCuBBHmOG61ciLyEfO1ULo9AmYEStsi3aOIZr92XtAdhy2VzwFDAE0F3r+S44d2XGC7cfZMgak5FxgAEhCB1VVmHjgJNBUVWGS7bPasQabYjLuRVvDXlxpqURbQypiMrh04v5iHM7dCGtrSIVxOCQuMMMSruEhmZ6IhFPyVQMTsrC+IhVlp8/g8dNZ2PniOZwssvMQTFnBGd7VBQDeXy3/K9Afv8l9nZCyY+9zwS9j87S49dfDAZzBetyO1xfUATjWozH3VOZzZyTtEPeXtgbnOeXwURIXmLaGVMShEkAqYjLuBYr+wT7AvFBcrNSFQyk0jVJ4Hbl0ufqB3C4bW3COTaldFgKJian3RUMvasqkxTvPQ9ul5cgv9oNN7vo9ekg0AC7skSfQhbm+BJeOHt0bFPWYmEJZBjc/UGZiYmICGADDxBSQys6/jU0CpfLCT/tkP9UN9QCAiAgdoqMdsFjMAgcSO1u/Plk/s8WC6OgY2O0atHXaYIXZbdgpptDU5LzFDkPS7T4DIcSVZe36fbwry9mGdkWYhQZixI4wE6+fg6Pf7uGBGHGZESmxeOCx3Vi7fh8PwcyZdaTPxxyOGpk9FS0NVfzrN0Z8iYSa8cgY6kD1eQ1WjDwuqTMj9oRX+3AMKQTAgS9/TUjGzvITqIM+oOaBdn9h6rlqq48hPWOCogtMT+VrGKTecpih3V9qq48F7boRZxOAA0jQwIU7okMf0YpLqQOKpe3Ut3wP43D1+21rSAVwhq/bUxDk8YIs7MyrxIrRx/D46Sy8uqASAxMmYNICLlTR2DytAH4BgKRJUTz0Q8bGhTfizl6JAwzAgTQktNKrC47h8YIsrBj9Ca60aPF4QRZumN6zdaDngPTHl7ritRK3JYZg6DWnjwUmeV25cgWX2s5jwDWu+b42lqNCOzs7Ye+6is6BEbh86SK6urrQ2NaGwdQJ+QDn/47OTlzt6kKEphMX7XZ0dXXB0mzGoGupsFzXDAzodtnYgnNsntqNGHAZUeytzsTUJ+LBFgCmVosqMCZcJQZdCCQDcKAMU+Br7eYdbBKYmAB8deBIP+25HDExMejo6MCwYdwPaevr6xETE4Py8nLUnLOi5twRtkBMEpnNLbBfcf14KHVYMurqG+XvvzldUcT5culKZT3l9SS/t+uFisICgKkyNbN3N5ujoNEpJOH4F0cQGRmJ7u5uREa6frpEXnv7n5avbXjTppJ831cSJqH3LUAioiNxtbMbWi33RWiHFmYLHfJIC08YjNz69eZc9/Z/Irsd0Gp93b/79bNTs2um7Au1Wgfs4NaEOcCEp1atmIWRw2/D3IXrHJamTxTL0bBIwfYCFH/1HPLvWou16/ehcNsqHkYh0Io72IUWgWQADpQ5+u0evi6BYgq2F6Cr8zxfZu16IP+utfjt47mYctMziDWk821MzlusGKjZkHQ73vqfv6Lm3CW88vInbPG9kK29DQlUyAsCvyyK2y0p+4gtAjXlh71q/63I5fh5SyP+muC/i4D55W249ableLh7g9/a7Oxo5+aCAmFqyg9jZPZUdpB4oRjdYHTYLgIAnlnzc6xcfiteeGNTv0MwvQm/rFx+K55Z83M898Jf0WG7iBjd4KBbtz0vjndMWjABGnA3wK60VMJ8zo5UzOZudMi4urQ1pGJYwpke7zsupQ7mc9y2P1xQbpg+EyeL1vHbgDSUEwFaCAQz8NrFAD5EEm9ileVM2wgAEmBGvD+gEieL7M7tnomeAzlwxZf25NqgQyGZz51BXIoWQCo0GIaBCVnY8+J4x5xfH2cwqdL5t92Ozs5ODLBdwkWbA4N1GgzSDkJbu+tUZQA0uGy7hM7OTmg0GuDyZVztakNEFOdidrWrzXUd9d0AtF++DJvNhqtXr2LQVQfa2h2Ii+WWIJDbZWMLzrF5bDdWwwAYJqZeFg2+eMo3tVpgaiX3exL5dOKgsnfnNpw5w53zfP+9A9Om3eDc/g6trcIwF4GQRvr3jzdfxqhRWRiSmCJxg6GBFjWgC+0Yw+RepvKTvdNu1WnMnr9YMQ8ApuULr68bqOMkRfSe8Efe3HHCa5jdJ86oqld3/AzfZznt3fEh0jLHsIOpD1VVZQravmdmpknSRqRwx+bZhjNYds8NkvxTp47iuusmyrbXs7zRKCoqxpQpU/gwSDExMSguLsbgwV2yfemt/mz84BvBPITSmjMxhYLCAoDJTEvssxMlNkdM3mh9/QAZWADIzb2TTQ6lkpJPFOfKX+ru7sbVzm5ER0tjFeuTstHUVA4x/MLWz7/rp0/KhtlykH9tt2ug1WrRiQ7mABOOx03Rh5rJeYsdi+5eg+efuQ1ffsWFE7I0fQJD0u18qKNdX+4BKQcAv33c5fxSuG0VxuY+hM2buZBExO1FTmLYBYCs44vYOYZsEzDm3dfmIv+utbwTDOc+MwGT8xY7YgzTMO8HXDnxWH5w0zB8+VU9tm55AeHs/vKrlTc7elJfcyEfOVd/ixkjE9yWk4NCasoPQxcbhx3ZcXiISh97/VzMf+0NpE2fB1PVcb+NNS1zPN6qWo6d5SeAH/a8PVs794Cos6Md0THcr/gTjGkeIRh3c/7ndV+E/cPj5174K4CfeyxHgBZvQBVSh35Ny12eO5F6auqsXH4rnnvhr3hmzc9Dbu3G5mmx9bW/IXdKtmJII+PwUZIwSAC8CoNEO8AQ9ST8kVj/bl0JFKwTpMkBLRzwIi/aAQbgnGT4tv0kOfcWb+AX87kzsm3mTslWXLum0i4cKf4b5i3QsRMnLzV3xDUA2oHL7ZzNxmUADdUQRAa8RC8mtW2ViWdvrUEcgDgAuMj9xVJtBHS7bGzBOTZv2mViYup1magH757AGLEuNDdg9q13YTYVkfN46REc2r8H02bOwfhJuQGXJtbendsA5KoaLw26ENiFBmSYAlOp47lrgwYRGEWrN/Jo4MWbeqS/dcfPsMULAP3pT5s0APBf/7XUIQeTVFWZ0G1pDOARpAVUb/LyOAgmO5u7ViwvL0de3micOnU0oPoZyGsaaUiG0rFIjlcmpmAXC4HExOQHjRo1yus6ZrOZfZEEmOTgl/x818MEDoIBLBYLJk++XVJWq3XwIZPMZisAwGjUy6x9eOVNn34b7HaN7HwRJSVlw2g0wmhcjMLCDwX5cuvCFB4iEMzWLZxDCnGE+fKreuzZdwyF21Zh5g9f5sv/9vFcbNzK/WqscNsqPPDYboxIiRWEPgLUwy6yF1keyj3w2G68+9pcrFpRKYJgXH3Mv2utE3q5DTXnLmHt+n3YuuUFfszhut6/Wnmz44n/fkMAbBC3lpHZU/HK//ulYt2WhiokpGTiEVsEdHop/LLeGRYJmKsIg9Dpt1U8BQDQZOfjcarMz1saMd/P496RHYfth+/HnZgoSLdZW2TH0tJQxcMu9PzQeQSAAQBdbJxbCOaJ/36D3ybt6WLjEB0Ti1+tvNkRrhAMHQpITSikqgqTAFhRKxpSoev7w/GlqsLkNp8OfSQeczAr9cbZ6Kh+z3Ve4gZmIWGQaHhjWMI1XoVBIg4wpA36v696vCALO188hx8VrcO/W1fi360r8c3B/Xh1AfcdJ3aA8SRxWS7UEef28qP4dRibp8Wtvx7eo/BH4rEPS7jGKwcYMUBD5s9dG2JoJvXG2ezkSYVuv/OHbBKYmJiYmHosk5uH73JleDCmnYNKAA4cmX3rXZJ64yflSmCTQEoTa/atdzkhGNfYvAFdmOsLE1P4yGq1hsQ45BxP+lIcBFPOb4frPLBjUb2MxgTEJxiF9xA8hPxRypdLd9eWr/vxpR/+qBcq6jEAc+yDPMVfjU64p4g94GcCO8aYAl0Xzp51fPed0I4kO1v6BCApKRvltUUyMIcWWm0XD78wCWUwGGGxmCXzZrdrYLFYJHNNXpeXH2STx8QdQ06XlGWLsgBwIYYAYOPWSrzy8q8BAFu3vMDDL8sWZfHwCyAEVeTCH9FptGhQBlAOgyQuO+WmZ7BsURY2bq0U9LHDcoh3p9mz7xh++zh3E+0Prx7Bnn2AuzBP4aKWhioBqCEGYeQ0MnsqasoP48y14wDMlS2zYuRxrK8Zr6oP88vb8NCql2CqOo6fw/VrjdsP7oJjSCF2ZOdjYg/DCROXmYe7N0CDfLwVuRw7cUJQpiwiH2gHRl3axgMvutg4JKRkOkM+bZRALSSPnq/omFi+vpJIeTp8UriLhEEiaqyr9gjB7PliF+bcPM9neIV2hPEVfiH193yxy205MfwiN+Zg04Brb8CVSx9iwLU3oK0hFXEpdcidki3rLEIkDoMk52LiScQBRgyAVJo7VP4OWKhvDu7H+6sdOFlkx9g8LX7kDIf0owWuMt7AL4DUAYYDabjvzLF5WpwssuP91Q78+M39PoVBqjR3AIgRzIFrbrwTqa+2Dc4hhoNkYjLAHwPAMfZBxsTExMTE1AdSDnXkXk3NLQCAzf/795CajyGJKYp5YtBFTWgkJqlKrPG90m4cTqsumzF+QlDMlTsHmECYx3BTZmaabFiczMw0VBxpDJpxvP6nnwAADh3ai2nTZsuW+f77NkyZMqFX88Tl+mKf4jyl8QfzscjEFCryiwOMPnWeJM1atytgBlllamYrHeRzFOjHGFOQX5yOGKEB4DAaDDBbLDAYjGhqKkdSktByvbz8oIKTCYNfPMkFwUSBDiVlt2tQXluE7PQ84Y2QploYDAZYLBYYDQY2geF8Y8PpAlOwvZZ3TiFatigL+XetxaoVs7B2/T5B2KOifVtQBGGoIm9AF0Do9gJAFnYhZekwSGRfpH/EvWbt+n0CR5g5s45gz75jKNhegO7Lp8La/YXI1t7mhDuE4kCPjW7rzog9gSIou8SsGHkcr7jJl9P88jbghxyw4hhSyIEq5SdQB32Px0pcZgAuzNLOr4QAzLcnNdAnAtVYiIwUB3KuFso6wshJPF8kFJIrzyUS+ol2jQl3xegG8zDIM2t+7gyDpA6C8SUUkr+kFp4Rwy90+KMY3eCgXrsrLZVO+MElzknkjKowSDT8ojYMkpIDTKXZtzG8v9oB87kzeKviNjyMTzE2j4sD2daQCvO5M2hrSMWK0Z/g8dNZXrW7YvQnaGsYxc9FXEodAOBkkZ3f1/urR+GNb33rd08cYGhIiayBu/BHpI6cU4/cMcDExMTExMTkf3kKdaQMxiTiQnMDxk6YFJLzcqG5AYAQaFEDutCOMUyBqxTncZ05LBEAUFXveqYyZ9JYQdk9pSf5bVKeiK7Xm3l72ZIFnJYvv0+SduiQa6XSUlyfF6YG9Z8HdD0l9bS9lpYLgr5yAIX8UdbXeYHSn5aWCxgzJnDXkq7n6VgMRdXVy4NmxBFFnC+XrlTWU15P8vurXrCrV0MgPfLb1xyBMMjMtETpB0T5SfZtq2KOAmENHxjH1oep96Xlni3AYDCAABpNTbUAwLm+WAFA7tm0FgaDnk2gChkMRj48Ei27FSgtLUJ5LZCdnseHmnKtB2C3s/kLdy24cwEPiwBA8VfP8Y4vRCTsES0CrXR1npcFVwBl0EVJSuVpdxiAc4Ip3LaKd6xZtWIWVq3gwiJNuekZAECsIR0L7lyArVtOsUUGFMP0EMlBHO7cYbwV5xIj/GXH7M/e4+EXf4sANTcNuR+a7Hxsr3iK388jeccBAH8pGg8MdTnCeAPCAECL2QSAc4+Rc4Jhri/yIiDIkiVLJBDMM2t+jnUbdsqCMHQopL6EYOjwSUqhj154YxNWLr9VAr8sWbIEmzdvDnr4BQBiMu5FR/V7iEsBdhXYMCzhjKqQRjR0QW+rCYOk5ADjrZrOW/Gj+HX47Re3ARiFoXFJWF9xO1bgE4zN08J87gweL+Cgl/dXex9+1Th8FH78pgZAFl5dUIm4FM75ZX3F7Rgal4i3Km4DKoCHR6/DjvOrvW5fDL+45kZdXXE7npx4SDnzuTM4Uvw95i2oQ0f1e4jJuJd9gDExMTExMfWxZEMdMcnKm9BITPKarG/tneP4vHIecVKpc74+VCi9D7H3/Q8V6+91s9++zuvPeQx3KcEUck4ctMrqlK+NclK5aykxEOEOolDTHlPvKFDW0tdjkYkpmNSrAExa9liYyk/iBz/Md72BTM0C2KK3X3/5WSFb5R6oP9eOf123hS0EU5/ILpOi5PrCScsmzSdp5WfbysFGxii9INcOF6DEFN6aM2sC9uyTphPnFwB497W5PARDgyzeQi6AsjOMGHSRC4UUFT0UxV89BwDOvnFONUSxhnR+TEzqNTJ7KloaqgTQCwE4vAFhDrSPQ/V5DTKGOlB93r3xzl8TkrHzq4lIWzUepqrjfhnH/PI23HqTC6h5K3I5H27p4e4NuBMT+bxH8o7jL0XjoU8ErM0AxnIgzBsjHHgCHLSTMdTFK9OATIvZJICFSHgkT6ARk1BiCOa5F/6KdRsyFMuTUEhA30AwNPziKfQRGQPggl+CXXteHC8A9gkEI5Y7RxfaBcZXiMVXB5jJeYv5/v+7dSWGxjnPf9qaoY1LxOMFWdiZd46HX3LGjMKP3zzjDFmkzjiMlCWhk+g2b5ieCHtbM4bGJfF9iNK5+qbWnUzOAcYbiet7cn+Rkxh+2fPieMecXx8Pe3c10ykG2TIxMTEx9cL3i4pQR3SZIboYbqOd+0ecUkJVsYO4c6H2y997BF2Y60tga/b8xWwSmJiYmJiYgkzXsClgYmJiArq7u3Gw8CCm508HwCEa5i6rQsgjh8DNJCnJiKYm11OOpCSW5ynPaExyhkQSzq/dCphhhSFKz6cdLDzIDlAmgebMmoDCbVwIJAC8m0r+XWtRuG0V3n1trqRO8VfP8eXEoZDUhkAChG4vdNtKIn1qt9Ri2aJVgjHs2Xcs7NbuVytv7rGzXEJKJh8mqaWhinc4cRcmqab8MD62rsJfdLORUDMegAbWZuDbZs/PReXCE/lDaZkuoGbs9XMx/7U3cOtNy/Fw9wbsyI7DX6mylZ0OLB0KzBh5gnOEAQA4cKB9HAANqs9z4+Eay8cMnKDmRKiR2VO9gmDcrdmf130R0g+WaThEDMF4Ul9BMN7AL7TE8EuwgzA02PLdpW+cziMuRzlPLjBxKXVAsRRiURsGiYhAM97AM68uqMTjBVnosnW4zoec8Iu9rRk5Y0YBOAcAPMBCIBi1ouEX8p+0R+9LG8f9GIH05dUFlb06doCDWeTAI3fhk+QAm7aGVAxM+IYPf2QcPkoRlAk31VxqYpPAxMTExNRr4sEWABdsHR7BmD8m2/CbRmDJf/40JOdj8//+HT+OqJPNE4MuBJIBOFCGqWcyVZ1mk9CH85WWOYZNog+yWq1e18lJ/V7W6YN2+Jg0VgeL9SoAwKCPkF/zBvXtKUnsEOLOMaSv8wKxP4G8lr4ci8EuT6F9lPLl0t215et+fOlHb9YLdvUYgPlHQQtuy/tYkv5pkQXpdwTGIKtMzeybNYjnyN0x9uY9bO2Y/KPIyEgALtgie1K2IvxiNBgk/iVJSUbFtlmevAwGoxOCiQLtCGO3AhZYUV7Efq3KxKmk6EPN5LzFjkV3r+HT/vDqEezZdwwjR6YBkEIov/vd73Dddddh58YfY13B93j55WUAamEyteKt155TtV93YAsAPPzwLUhLi8ePbl+GJ5/ciJULrsGty97HqVOn8Lvf/U5QduL1czDx+jmoqTFJXF+2bnkBan9hH8z61cqbHU/89xuCtJryw9DFxiEhJROv/L9fet0mDcO40/5Bq4QXec2uEENELrCk/5SWOR5vVXFhkeRks7bw/b7yxS9Rfb7QNZaRXJlf7B4H5I4D4ALBiOMNAGQMdSDHWKjaMWfFqtVISMlUXNNQhmBidIPRYbvIv16yZAmSUzNU1xdDMAD8BsLQ4AvZlxqR/n/+8b8kYw01zVugc4ZBcl3yKgEtbQ2pGJZwBvUt3wtAjEpzB5YN770+7nlxvGNsnhb7ly/DzLs34obpM7nzTQpIsbc18yCIGGDxRuK6pE0x/AIA3xzcj/1blsFW/UKvu6gUll1EljFGAL8MS7hGEX4RQy31Ld9j3gId2kL7R+RMTExMTEwBJxp88ZR/wdaBCxTsC+iwd+c2Vftpam4JiPEmJaoPQyuGWdSALrRjDJPvWrVkvs91127eweaKzVWvKjMzTRaYyMxMQ8WRRkl6Wkq0JByOnCaN1ana/6SxOpSetKkqRwAMub4qqarKpJjfG3n9sU81/ZFToK2lu2ORiSlUFBYOMHRYHSJT+Um2+myOmJh42e0Aolyvy0tdvxpOz74OgBZabRcMBqNM8B4mX2U0GGC2WHjYqLZcHnrp7u5mk8WEgu0FiDWko2B7ARbcuUCSP3JkGkjgw9mzZwMAZkyKwLoCIDnZRTJv2PBfkrqNjY3YtLVLdr9LF0Xx9RsbGwVt0ZoxKQIJCQlISEiQ7ZPSWMJZxI1EDcQC+Ba+x2Ztwbh0B05Ag0dsEbLwC+BK+wvG47alRwEAf/vjSpw6ug8/zJ+Mt9du8uvYSXs/zJ/M7+O2pU8BAOpqhedg/zP3BNbXjAeGutxdAGDFSBf4Ii77xogv8ZC1BVvb5sLarMHK7N18aCQA6OxoVzd/7W2wtR9mH0CU1r61BqsefgEvvLEJa3651G1ZAqb4C4TxFXx54Y1Ngr6Hg9oaUpE7BXxoIwBuXWCMw0ehvqXcpzBG3rqeAC74RZfBwZ37t7ggGLEri/ncJ3h1AbC+4naf4BciAsGsGP0JzOcAbdwsyb4I/AIAuow1GAvfIBh3cy2W2AHGnesOPdckVFK4wy9Hy9oxMSeWfTgzMfnhvcTExOSbaLhFDRjzRx3nApOUmIAhifIXgxeaG7A0zQakReNwK3D/Y89i6fqzAIBNK0Yobv/ztd9jarzy/n1vy4ZNJp3b/jY1t3DuL4OuUQW6kDI0IMPkH+3alQuDwcC/Tk93uSjU1gofBlssFsybd4TNE5unPtHy5fdJ0g4d2tujNgngQAALUwMHXPiq0pO2HtVnCo617I1jMVBlNnMwrf2Kg3c7qasXQmepw5IlaXSeUh1xOu2m4m17/uyHP/of7PLL2dWnRRb2ycTUq2LHGFNvS6tVzhNCGeUy+SVu6rI8+Tzv1oc49DCFt2IN6fx/ApCIwxcpaXTGXOd/YM++9/h0ArMowS8k7/FfuF43NnInhXNm3QsAqKje7XH/pJ+JKbl838lYLE3h7XZEIBhvynoDwVQOzseJWtdzWzn4hVbFugl4/omR+OZoDT4rLMEP8yfjs8ISv403VVcjeE328bPfrMPzTyzCN0drkJo+VgLBrBh5nINgMA45Vwvd7mPFyON4et9YbG2bi0Vxu6EbKf21opKri1jEoUdeG8P62G2sq0ZyaoZHCAbgQJXM0Wk8wEKDLJ5gGDH0QupUVZhU9fOFNzbxfQ1FFZZdFLi0XGmpBMC5h8iFNjpSXI7cKdmSduJS6jDsnDQUj7+058XxgnBiNPxCRCAYcWii9W2346mbK1FW4LsDDOAKoWS8eRRe+iILgGsfAATwC/8ZQEEwvbWG4tBTSuGPjhRzJ5BKoZKutFTyIZDIsTEnTD6PyIN7BsIwMfn+/mFiYvJOQkcXz2XkwJim5hYMSUxBauow4bluXT2amltwfIDzAfxA7hfxmakul2GlbQA43uD6Vfz4FJ3gta9tjU/Reeyv4P6FF6ALc33pXbmDOpjYPPWlOMeNvQrpTEzsWGRi8qd6DMBoMn6OtOyxknRT+UmYyk/ifEsTvvzMdZP+fEsTTOVJffaaqWfqz7Ujr90dY0xMfSWtPkqSZrd2sbxeyJMTc4BhIiLhg/bs47bPNqTh6Ld7vGzjXlRU70Za2iQqtdptHRqgAYTQC5f3J7f1o6KHYuL1czAiJZbvOzeOY2xRwUEWcmppqIKtvU02XQ3AYbO24ESbBlYPkR7VAjijVzrXax1QZxvp83hHrzyGn+d+i0d+dr9X9VaMPM6FahqbDzrEkZx+efYHsGYVYivmIiPCgRmxJ9iBplJ02CNaNKiycvmtADgI5s1XnlHlBlNVYUJVhYl3gyGSA1zk0oi8cX1Z88ulaKyrFvSZjIXeBz3mYA6H9N2lbwTgBO0CQ0MWcqGQ2hpSYRwOFJYVA4hxusbEKAIz3mhYwjW4Yfnv+dffbHhWAr8QEQgGAHLGuNJ//KYGry6oxOMyxmFXLn2IgdculqSJVXb6DF5dUIkfv5nFt21va+aBGjH8wn9GZ6wBip4VjAEbnu3xeh0pLheEP6o0dyB3yhRZRxcS+oiGX8TuL20NqRiY8I0Aggk3qX2Qv/oPW9mHPVPI683fLurR+4SJiUmd3Ic6khdXRuc899RBP1QInbRZrPx210CdW0cXsabGA4dbdYi6Ig0N4Y+2PPW3/fL3qkEXNaGRmHomb6GOcH3ewOCX4JZBH+H87wqfQ4e9IfkA5yjiSbRjiEEfATpwjydAwl1+b+T1xz57ExLp7bU0sdDBTGGksPDXqzI1s5Vmc8TE5FbuAAs5WMNdOsvzPU8JgmEOMExMoS0aZqGhF11sHBKMaW7Li0XDLPsHreLhlzv0a7FV5FhC9iV2OfnmaI1s2zcP+gu+uPxIj8f789xvZdPJfie+rhGMg3a8eSTvuDNvI2rKDwv6LgaGVmbvxrryufi2WQOMHccgGD/pwMFSLFmyhH+9+onnsPqJ57xyg6FFO8OI5Y3TCy3i+kJryZIl2Lx5c1iuWe6UbAkEIxeeJy6lDoAQsqg0dyC3j/rpQL3gNQFTcsZwsM7jBVmy9ZpKuzD8RmkaII1aRLchdpIh+9dgWJ+Mt9LcgSxjjCDklJL7i9iZp6dQEhMw4r4n+e2z/3oZq+93fX69+c9NqvPzLKV48Y0PseQfu7H0xvGS/STpB/Lbr2//Fpt/wgGcvVn+179cjCLDJDa2MB0byWdiYupdeQp1lBbvCqtiarUogjFxBr1i2vgUHQ63AmPv5cDbP8xxfXYobY+991kcfu33GJ/ienhItv3Rlrv+EolhltFDXA8gKy50ys4D7RjD1HM99VQMgCsqS8fg6FE2T2ye+kZWqzVo+37jjflsAdmxGJQyGjln7PgEF8AqF+rHU/gfpXxv04OtXrDKLwBMZlqiJC2QaNlA7x+bI7aGTIEhS1ctDFHpbCICcF2YAwwTUcF27qfvJAxSV+d5REUP9Vivono37+JSUb0bjY2NaGxs5EMgqalPQh+55GpTjYr2bcHR6KF838k4mFyqKT+MBGMaomPkQzi0NFR5bGNk9lSUOMYphD0SAjC29jaP4ZTo8EdZE2YgC9/ikXX398r4z91exm/vH7QKi+J2o7OjXQDD6GLjMDJ7Kt4YcT/yUnYj52ohnz8yeyoS+JD0G6HTJ3gM+eRJakMlhYo6bBdxvKwI43PyBOlyYYpOlO3DuJxZ/Gs6zJAaEKb5Ahfis/mgBThY6rF84hCDxzIvvLGJ74u4r2KJXWAAyI492CTn7kJCIdEAhZILTH6O3e/hjzyJBl++u/QNAAhCHakJeWSrfgEDEzi4hQ4DpSS6TbKv7y5x7il9DcIAHOCSnzNYFn4h7i80BCMHypjPnUHSpAlh83nVTH0nJvrwWT1gsPAn8K1t533Lp6IV11mEv7ZPNejQZL0im9fb5en+s7GF2dj88J5iYmLyTjTcQoMvcuLznWZMbRarW0cVALA1nOauhVLGuD8fcpYDFMIgDdT1sK0Ij/0lsIsS6ELnewqNxOS7XnqpA1MXcPeKTE3ykTzTkjQwNTnQ8s0FzJvH5onNU+8rMzNN1j0kMzMNFUcaJemmhk5V7ZaetAmcPsQiDiJq2zM1dPLtWaxXUddoYovnpaqqTEiNDry1VHMshprKyugfA7IfBoaTevXsylTFnSja2kUnrX34Oi1zDFtlP6xhf6wdec3WkKkvFBkZicnT83Fk3xeIjIxkIEwAiIAvubNuxpF9X7AJYQLgAkbmzJqAPc7nuROvn4Pir55zW48GVUZnzOVDGbnkPgRSWtokpKVNgslUKmlPjSZePwdHv92DWEO6oO9MQsm5vQjPCzwDK+trxgPQYFEc534CcKGQdPoExTq0c8qvf/Mb7gLp0E6kZYzjy/ztH+txusrl3LL6J9z5SULCMMTHu/r9fzV38Nv/MfJjSXrFugmCdn7xswe4Y+T1f2LEtUBWNAfuWJuBrZiLFSOPU1CLExJyvq4+rwGG5iPHWAidPkHiCOMP0XBNuOhk+VmcLD8rcHkBAKuFO0ZmTHeFT5ODYACoBmGee+Gvqvr0zJqfu81XAl9IH4lmTJ+EdRt2wmppg94gDD1G3GGCEYDZuKMYv75xthP8kIoOhUQACiUXGOPwUSgsK0aWkftVc5bR+zBIleYOVeXEji/fXfoGV1oqsfNF4NZfu5xfPAEwHCAyCnGo5MfLpWW5rUe3v/PFc7jSwqWTEELegDDEzUWtSPgjun7ulCmyZQmQRNZOHPqI1pWWSgy49gZs3FEcVt+f4gf3aoAYjSZC8HqYMblH+UOHxqP14nf868lprgegJSYLX6avytP9Y2MLz7F5+74JRSUmJjrYFUYvfOY2N2vYLEBVqCNTq4u2cwfGWM+bVe2ThlI8iXZtSdDHYDw4Bxhf2vKlvzToQmAY2gmGFnN96T15gjrEKrHGh8W8xOF0j+aJyXctX36fJO3Qob3C9RDBDWV18o9xy+quQU6q9PNDDo6goQpv22PqwWdQAK+lmmMx2DUtbzo7CMNYvQrA/GrNE/0+wG1bPmarzNaQicmtRo0axTuMzJo1HwBw8OCnfL4B6bKhe0i4HpbnvzwCvURGRmJ6/u2wWwGgi4VAYgIArFoxC2vX78OcWa5fd0+8fo7P7dGuMB4vWEwudwa6jrwzjLwmXj8HNTUmAATgOYZVK2bhlZc/YYvrQS1mbt7UQBgk5JFuZAJWZu/G1ra5qBycj8kylP/I7Kk84DFAK31wOziee+h7sZV7CFxc/DWft38/93B18GChM8ifu2dz51CRBmw+vFaSPh9tgnaIXh7+Jp48txqAg4dgACm8Q/r8y7M/gDWrENVwQjDWQn5+Wrx4oNNiNrkFj+g2CSQU6jAMgVKeWfNzLFmyhHd/0Rvi8OrzD0rKiyEYQArCAOpcYbwRgV7o/cn1TaxXn3+Qh1+IC8zmzZv5ccvVCXQtmz8Fhzf8A2PztG7LkVBIRHIuMACQnzNY4AKjFAaJ1BfDH1nGGNUQDC0lgMcTCFNYdhHLhkPgiFJYdlFxP6Q9pT4QAMYbieEXMmdKcyyes/ycwbLtEvcXADz84kmHN/wDy+ZPCXkIZsWTLwEA1r/8lCRP1YN90fn1wAHX9Ch/juUjGAelIDrZCd90uR4OjnAaunY2VgGY0Cfl6f6xsYXn2JTk7v1B3lehoMTERMeedf/NLiR6aW4ZBOMSHQrpgq1DAL0oXl+3WgBwHwKHD3LnnkmJ3DVPU3OLpPyWDz7wul8J+hjp69YOn9qaOzYRLdYOfFnf6bG/FRc6FUEXsSsM7fzCIBj/i0EdbJ4CTZzjxl6FdCYmdiwyMflTfgFgqkzNgf1mDvD+sTlia8jUvzpzhruxroUWdrsGWq0D06ffxmVqNThY+AnAcRuw2wGt1vUfAOwWatsODBjAARzd3d2I7IrkgQ7Jf5tCurOeWGrrebM/ALJ5gv32cH+y6pJP7u7u5iEk2B3cvGqj0N3djVGjRrGDlYlXwfYCxBrSUbRvi+o6FdW7JWl79r2nqq4cKEPamzPrXohD64hF+pmYkouC7QVYcOeCsFw3OpSPWrWYTdDFxqkq+8aIL/FfiMDKbG5tdPoEoA04UatBVlyLbB9GZk9F5yULLpxXBpkICKOZvoFL+GoCZs50ORUQF5iLDTUYqn8EAPCDGCHAe03NHbh50F/wP+XvYvmSRwEAh7+6H9UVXIiljNGTeQgmKxqo7HQgq1mDrZiLRdgt62CzMptzuSEQDLERx7UAoA7u0sXG8YCRLjZOMfxUQkom7zxDwzChquTUDBzY+xHWvvsO7/hCXFOsljakipxDCDSiBMIAwJuvPCOAVlYuv9WrPtF11/xyqSL0QvdHLHoMBILZvHkzVj3wIJJTM9y2GegqLLuIwrKLiiAF4AqFRERcYMSQhtgFRklyYAegzgFG7P4i1s4XzwlcYABhWCRan5hysQwOSZqcxPALcX/pSV/JmOXmS2mOxHXF7i9kTcThqORCH9F6823uunHZ8ND/Tn38Vz/GnQv/AzfdtEiQLgfEyEkTEYGoWD26nC6sAwcM8CmfaPHKZz3vdOLsPisfrY9jYwvTsXWJnIXdSQy8fPXVVmz/6P/w6p/fZxdcTEweRIMvcqIdX0ytFlkw5gfDruLL+ghMnc6dQ3fYbBiSmIKTx0rxg2FXcbzBhqkiJ5cWq/Q8Sy69xdohSZ8a7307RMcbbPjBMLjt75f1nBOVGHShgRil0EgEhmEgjH/01FMxAOzKBWjD+dkxOHqU25ysbw2L+TGd79k8MfWuiMMHcf+471blH3qUnrQp1leSmvYM+ghByBwGRoTOWjIxhYv8AsBkpiVKv0TLTwbMIAO9f2yO2Boy9b8iIyMBrQZa+uGBVoPONhsmTrwJEdGR0MJ1QnHw4KfIR5OznKtKkxbIzufgGb1Bj9oP3wcIA+LF//TFPwYArj56WN9TeZk0r+or7N/qjIFcXvgpkmTm/IvueMy6+U7O5UXbhaud3fy8w+4AtBrYreDX5MyZMwyCCXO9/sZ6xBrSefgFAPJm3Y2j3+7xWLeiejfS0iZR7+FPMGfWvXwopE1b/46li6KQnJzszC/D9Ok5OHiwDEUlOkE7AAmjNBd79r0nE05JqqjoobwDDD2G199YH1ZrKHYaaTGbKDcRIUTU2dGuKuQRkc3KAS4rs4WwiLUZ0CfCGQ4pXzZEEA2/lB3a6XY/y4Z/i29wv2tMVAikI/pHkGv9CwanjBTUudhQAwCSdADYmfBPPHTtqzwIA6dB1tlLAOCCYFboj/N1uDnZiLKIfOgTuXBPutgE/KVoPCo7uc/MghFfQo2PHw221JQfVgW2uOpsDLljdFzOLN615fSpwxibPYKHRWhwhDiniKUEwgDA6ieew+onXOHanlnzc4+hjWipgVPcubfUnauQwC9WSxvGZo/A6VMcGMZDMM5wSMEo4oYiJzoUEsCF1JFzKKFdRwjYQcInuYNeiPML+U+37Qki+e7SN9LPBwUIRk7mc5/w+zKfO4OcMbd7nCsl+OW7S9/IusDIjYHMlXjsSjKfO4P6lu8F5Um6GEIynzvDhz0C4Db0EVn7cNRXX23lxl9Yivz8SRIgRkmayAHQXHMNNJEcRDB4cJxP+URL/rFbEMpGTufPt2LzT+b2SXk2tvAdG8lXEg29fP75Rhw4cBr5+ZPYxRYTUw9Eh0NyF+pIkN8emnNBhz7ylE9gF9oJhsk/eumlDiTcMER47Ck4mrR8cwHz5rF5YvPUN7JarV7XkQMjeiJv2+u2cPfMIg3JyMxMk+RXVZn4MrQiDckYOlRPnfNZJeXUlPGX/NkfVXMRHR1wa9nTY5GJKZjUZ2dXBl10nw/OYutkK8zWkIlJ3YlcdzeMUXrUWq3QOs9xOttcJxDpBiNqzc48u2f7R73BdaLU+vRODDZyN/0G/uJ6XPmfbwVl6bSL5lbEPy/8RXiw1tcb9DwEI3vSGRnJu7wYDUZUd9bz8x4dp6PyDCwEEhMA8NAL+T9n1gScbfDfXbNNW7sAkAfMOhSVVAPQCcqoDZmkJBL6iB6LpelUWK6nO2cXkucN/LK1bS40F/IlTikkDJI+EWgBJPBLXS0H1BLwJWP0ZABwASmUcq1/AZwP1uVCIP25ezZ+FbkHgBDK+nO3Bb+KXCgIiUSUFa3B25cex0MZrwIAbu7W4ItmBx7suh/v4J8gEEzLoCq+7wfax+GNEQ4knI+AtZkL9wQAj+Qd5+ejoN778GDS+d4Ytp83rz7/IFY9/ALlAhMncE8BAKulCONz8mTruwNhaBF3GU86cLDUbb6nsEXHy4qocxTXWE6Wn8WqBx7EjNkL8erzD+Lxp98J2jWjwYuNO4qxbL7LUUQpDE99y/eoNHcgH2d44MI4fBSMw0chH2dQWHZR0C7tUiJuUw4AofM1GCbYr9pAYnIQjJxo8Kew7KIA0JaTGucX8VzdQI2ByDh8FFBWLAsAyc0Vcdeh5yw/Z7AA3iFrQeZfTuL5p8MdeXLuCXXRQMzvf/8HxXKayEhERF4DjfM8+2r3ZZ/yxRoSPUh2fxc6L2P08GF9Vp6NLXzHpvFw7fj4r36MebfdHpafD59s/wxjM0ewC0svdLLqLG6/84dsIuTevzbPjne064scGDM+RYcv6+Xv/Y53Or/IhjKSUW+nk/646y+dR4MuBIZRCo3EXF96Xz0N52OqOh2c484c06fzxORemZlpsk4qmZlpqDgihSw8uX94fTx40Z6SYwiDJnybi0BbS3fHYrDqUkcXKitPsQOzl+c4mMTwYiYmJiaAByzSjXqYu6wC+CUjZZgrz+I5ljGBX9LTjbAbtGgFMDKHO3noNmgR6dyuKeNOMoxUWqm5FUaDFunpRgAI6vq1tWYBCCQrrQbGKD0/z9UNQgiG5JFwTUxMq1ZwD5PXrt+nqvyB0qtY+7uBuFz1BiqqXOlDABzb5Qqf9AsPkUiO7fpYNp20s/Z3A3Gg9CoyZvfOOEJVYhjFE/hSU35YkmeztqAsIh+ABo/YIiR1dPoEWMs5Fxix6mpPSsAXd7oarcXpKg74kwuBdE3NHfiPkdJjhaSfPLkf1Seq+TYA4ItmB25O5CAYgANiXkh+FabqE3gr5wO8VHMPAGDzuYV4JIUDXGbEnsAvz/4S1qxCHnoRj1lzIR/ra8Zz7jAy4ZOYvBcNjhAI5nhZEfSGOFk3GEAKpngCYtTKE/DCH+PnKvi+iscQasqdkg0Ul8tCMGL4JXdKNjbu4EIcZRlj+FBIYgcSMdghBjlouQNAAKl7Skf1e4jJuJd/faWlUnFsaiCYT0y5wI4j/HaOm3vdnuCXKy2VAgeYjur3ZMdAy93Y6bkSO8aI88k2cYkhc0sDTeI6Yvgld0o2+8BSIU3kNU63DO62kF4/1Kd8WmOMOsX9TU4zoMRk6bPybGzhOzZNJLvV6U41l5rYJDD5VXQopAu2DtlQR2JxZVwXaHEGPdpkfkB1vMGG8eJrSC/DF/krnfQHiFDsL8ABL0qgi9gVhnZ+YRBM78lfUMeqJfODatxrN+/ol3licq/ly++TpB06tDco+u4twBPKCoW5COZjUUmt54XnIPFDDYp54jJ0vlKapzbCaT/BIL9cFVaZmgN6kIHePzZHbA2Z+l8EsKDhFwK+0DIaDDB3WT22RwASORFwhIdKqDQ1Cpb6BIJxJwK4EJE5r26oR2ebDeY4rgxzgGGS0+bNnJtGVPRQt+UOlAZGnNOifVtQBCAxJTds16zF7P6zxpPjiy42DjXlhwVlyyLyUX1eA6uHUwVxfuclC8oO7VQFvhAVF38tSaNDIAHAyZP7MXbsTEEZAsWMHTsT2/CpoJ0R17rKZUVrUNnpwMKRw4DqEwCoUEjRGnResiD6WtdFiBz8Ih7zumbO/WbFyOPsQ6OHEsMvdDpQoQjB0FILrvijrhh+EY8h3CAYsZbNn8JDMJXmDgwTOYqIwyCpESkndj+RU1tDKmIy1I+NQDCAPAiTM2YUPjmtnA9w4Atpyxu1NaQCKJek00CQ3NjVzJW4HfKahmmU1pCsMf8ZyuAXr6S55hpornGFw4nSDvIpn1aqQR50SNIPlE3vzfJsbOE7NjHg406DBkWxDwMmJh9Fgy9yoh1fTK0Wj2BMnPMHVB027p7c512jgTjALP6xsdKPj3s7HQDiANSXyvaXlhh0oYEYpdBIBIZhIIx/9NRTMQDsrgR3RiizY3D0qPq2d+3KhcEgH+orPV34o5ySkguYN++IpB5drrZWes/KYrHI1vNUl67X3/PEJBUHTOxVSKfOT5InSspcbpROfn+U8wRN0M4kdZ2AXq/nX58/b5U4l6gpw3+XNKiLFqFU3x/9ofugBiAJ1LVUeywyMQWz/ALAZKZJf1JrKj8ZMIMM9P6xOWJryNT/ioyM5N1HACA6OgbmLqsE0BC7w3ijmjITRsAFjtBp4VBfrO7ubsU5jo6OQWdnBzrbbKiN7mIOMEyuY672Igq2FyDWkI7ElFy0W2ox8fo5KP7qOcU6pc13YumiKAzp3IIDpVex8r/Wo+LL+yTb+Xc/istVb6hOHzPjHr7N0uY7MSlxu2IfJl4/B0e/3cOHPnr9jfVYcOeCsFs/GnAhIIs3SkjJREKKqL7zdWWnA2kK9VZm78a6cmH4qgvnvf9FxvIljwIADn91v2wIJGAhjqMCx49XqG7n7CXg7CXOBUasskM78dY0lwvMhfONAgDGne7M2YOV2YVYVz4X1mZgPcZj5uW1qsNKMUkl5wBDZLW0wWpx7wbTV5IDX+TGEKpSgmDo0Do0bEHKFZZdlIRCImGQiEiYIaW25ETKiRWXUidxgfEkAq4ogTD+Bl8Azv0lLgVAsfzYPEk8V/R8AuDDH4lDH9Fro9QWg196Jk3kNfwfAAwaONCnfE+iIYeKc/UARvdJeTa28B0bc4BhYup70eGQ5EId0eLBGQ/RjGN0OsQZ9NDpdNA6gbcRI9L7dFxnz9YCAOz2y7DZbIquL7Q8gSx0aCRShnaCYfKPXnqpA1MXDHXraJKWxF2DHy44j3nzer5PMfwiB7aIpaaM0j68rRso88SkTtOmzea33bly9GU5X6AJNWGCvA2rVFYn/5mZk/q9X/alpow3cxGIaxmqop1LvMlTyheneWoj1Pdz9pw5qI4HdnbFxMTEBA7GiIiOxNXObkRHxwBaDWB3wGy38K4vNPjS3d0NRAJGox5ms5X/77oIMfMuMPHP34r654GBAGDQon7WEL4cSRv4i+u5ss7Xgi+ZIK0vdn8Rz1VkZCQ622yohivckbnLCti5iy4CwVztZPALk0sEfiFacOcCnG1o91hv+vTbUfHlFkm6yVTqsW5jYyOGeNGmkhbcuQB79h0DAMQa0iVjCTeNzJ4qG9LIm/oAYHYu/2PJ67AVGyXlbNYWtJhNuEO/ls+vq+05RCsXAkmNnn/mN4LXLyS/yoc/AoCHrn2V384YPZkL0URFMKqrPYnU9LGq9qXTJ+CRvOOwWVuwrnwudMPjfAKPwkVr3/tMo9FoFO/8KcEv4jL9BcK4A1/kxqAEwSSnZsDhcGiCcQ0JGKEmHJL53BlJuB5xKCQSBkluH3RbnvqjJOIC892lb7wapxiEUVveG3136RsMuPYGtDWkIi6lzu0Y3YmeK7my4rmsbxHetMwyxvDzSJdVgl/UQElMnDQRTlggwgkTDBroU77gc8gi/KFAqkGHJusV2bzeLs/GFr5jI/lM8upqvswmgckvoqEXJdGuL3KOMSSkkJzOVVfgXBDNh3gsNAhDXF+UQiMx15fekRqow18hf4IRfumPeWJShitG5053W0/O0aOvyo1O5rZ9cQcRu6nwx53TSSXSoFcsIzhOVbq/+NIfum21/XGnYFlLb8GjYJCnsD+03IUKkqunlBdu+wkmsatCJqYe6MwZ4U3cG2+80dHd3S0J10LS1P7vSd2e/pdTX/dB6f/XX38teBgzapR/b27z8AvAQxiA1PUlOjoGkZGRMBq5kyH6f5PZCqvFCr1BzwMgRhFQIn4tl0bDI8Fc3+r8dYzcXHXXu8AWEu6In3cngBQdHQM7bcXJFPaKNaRj1YpZAIC16/fhbEM7ivZt8bk9Gm5JS5uEiqre6XfRvi3ArLsBgOo/W09/uZFYm4GReVMBEQBDh0tqaeAW1x/wCy1v4BclEReYEdeCC39EKWP0ZGRd/pcgzdsx6PQJuEO/FtExsYiOie1RX3sCLQW6Vt37Q7d39fSGOIy5jhv72nffwdhsZQ80AsKcb5ECepmjfTte6s5xzkJVFdKbTkMTPK/ryfKzWPXAgwCA06cOe5yLte99FhQQzCemXCwDt3Q03CIHwYjdRoAzAGIE4XtyIXQaEYsDNNQ5wCjlVZo7MA9cSJCO6vcwMCHLp7H7ArZ4o47q9wCk8n1WHGNZsWIb9FyK4RZxvnH4KMF+sowxGJZwjaJDDCmTOyVbAsmQY+MPYfJ9eued9wMA/vxntd9dCbi87mlcpq6rHv1/fwIAvPXc07J1xG4bks+hofFovfgd/3pymuuGWonJwpfpq/Le9J2NLXjH9vAzz/PHMH1MJyQkKNZ795+f4N1/fiJI+/Ofge3b/xkWnxdHLNHsIkSlLl++jJlJ7Ac5nuRtqCOAwDM6t2XGDWiSpI1P0TlBk/5Lb1IAdojaL3+v6OjiS2gkpl44ZnsIdXBhg66oLO0KG9TX9fp7npikysxMk4VIZs6chqamJt6xY8OGf4F2F6mqMvHhdg4d2tsv5bjX//IbNBF9DXdtKIflGvTSz9mW5u/R+T332ZqT+r3EBUaN+4unvrjrj8Uqhc6U5oJ2XgnEtTx0aC9mzpyG/fsPyR6jTEyhIr8AMFWm5oAeZKD3j81RaK3hT4dGIt0ojCNda+5Ck8UORAJJhkikG3Ue8uXqfwfgOyQN1fZuvkHrh/77P39tHwCHtPMLL61GCL/E6YT5CiIQjDZ/UY/6FMz1rR6sYSMjI3nA5WpnNzrbbLIAkhZaRTiLKby0asUsrF2/T5BWtG8LoqKHSi+MWloEr02mUj5UEb09BpBNV1Pm4MFPcNq5rbRfoqjooSjatwWJKbmSMb3y8idhv7Y2a0uP6q/M3i1og4Avutg4JKRk8q9r687jxT/+UVi5sESx3c9EeaervuW35UMgqRPdzt/+sR7DkYMd2XHAyD3C/jn3vyObu4CtKP+j9FhvqIKtvY0fK3+z6sBc/CV6PO8Ao4vtecibUIZf1GjMdVMxY/ZCAMCBvR+5hWBOlp9F4hAD5tws9YiuO1eBAwdLvd7/gYOlmDF9kmybe77YheYLFrf9WfXAg4L+e4JgglU0KJE7JRvDKGBCLswRcAaVZvn6cmGQKs0dyJ0yxS0kI+6PO50ssmNsXmXAzeOVlkqcLLLDONzzXKtZCy78kRCUkQt/RMsT/CJXP5zdXyoP/N21XV2PrIxhSBx3j2L5f7/1Cs7WN2LEsGQ+7UcPP4GBAwcAAK7aO9DdNRBX7RyURNKJSD7RHMtHMA5KQXSy87uoy/XGGuGMaNzZWAVgQp+U7+7q8Nh3NrbQGNu/33qFL0OO6XnLfqJ47H++5TXUnm1A+ogUPu2Wux8Lq88Lg8GAQYMG8a91TtjIdkX4gNVmsyEqSnh/aGDMtdz3RMclQXpXVxd0OuG9nGBvt6urC4AZTPJSHeoIHPAi5xgzPkWHL+vlwY/xKdz6JOiFzjFz9TGy5Xs7fbzzv7v+kjyxowsNxKgJjcTUc3HQiIcf1I1x/p/tHTTy0ksdSLiB+ykVgUT4e08iWKTlmwt82CBSLy1J4xEqEdebumCobPv8+9HZJl2vv+eJSV4zZ04L2r4rATyZmWmoOOJdmPHRo/UAgGON6stbrFc9OsFMGquThVXU9MWb/ribi2A+FpuaXPCpRqNZCmCTwxE8EJyasD9q870NpxQO+wnLEEiZaYmSNFP5yYAZZKD3j80RW0Mmz7L3sgkID1g4wQut8+S/rc31a5/o6BhV8Et54adswbyQFlp0grsR0tnZIYSMnEBSdzf71VWoanLeYv5NVVL0oSq3gZpa18MvOfiF6NSpU9zFT+J2FFImMYVbXue3Tx/4QDZdTRk6fVLidn6f1113nWx/SF/p/vfWHAWybNYWVA7O58amOQGbtQVb2+YCyFdVV6eX/qJXp0/A+prxAPJRU35YAoPQ0Mbdi27ht/ftL0Z2RrL8Z3l1I7IzkjHUyOVv2fo5iou/5vPXjfic+5/6G69DINHtzMkbhzbrRWwfsgP/2bYcyBPu/9HIDQCA17uXY+giV9ilLVs/FzjcAC4YRgyptJhNfgFgwlkEfpk0bRFKD20FALcOMADnynK8rEg25NCSJUsAAJs3b8aM6ZPctnPgYClfvu5cBe8EQ4czGpoQi+YLyrQw3ddJ0xZhxuyFOLD3I59AnEBTSdGHmsl5ix3vr3a5wLiDWOQgGHf5cpIAFwoOKHS5wxv+IchzhRYahZNFZzA2TxtQ88rBL6MQl1KHtoZUAM2SMXgCgNzBLXJz5Alu8QZ++fGbmpD4zuwPDRzAQQXfd17Cpc5LknQicX6g6VLjOdV9Z2MLjbF5q7RkXdi+zwcNGoTkIdIgr7SfXPvly3A4HIiOjsYgnYzT3LXX8puXbe2IiIiATqdDLAXWBHu7to4O4CIDYNTIU6gjWny+50jGON5g48ETosOt8mWjrnA/XiPgDFGCPgYtVil8Q9K9ac9dyCb++KFCH3nK9xQaicl30ZAK/7mv4GjiLTQibo9/H6hwShHX8ep95gF+CdR5YgL+9KdfOACgpeWCYhkOptgLQApRZGam4dChvf1ajoh2hCESl1Ejd5CKtwBLT+t6qqOUrzQX9HwE4lq6C2VVVWXij1cAPwawVKPRBBUEQyQXwkdtSKCetBPq+wkmsRBITEy9oFpzF++iUmvuYvl+yNf2wTMBo8EAs8X1AW+1RyEiArh61YaMlGEwd1k5MEOrfLEyyRnih0md7HYNtHogwzAM1Q31ALhwSHHRkbBDC9gdMBoMzAEmxPXW//wVADB34Tr+bNrSxLmi0A+vCDhSsL2Au3FkSMfE6+fg6Ld7uPwa1wk8gV9odxYiOs3f28OpfYv7NPH6OaipMQn6L4ZhCOxiSLpdMj8P/+LnQb/W62vGY1y6AydqncuaPg4YDKBN+LkqdnAhKovIB9qBnKuFAICtbXORMZRr1+o0i/OHQ0l5dSNmzZwivbhd8igA4PBXXKgJb+EXuXbarBfxhyE78NsL8wHnV0iblTsuCPwCgAdxaInHmpCSiYQU1/zpE4G/FI3nwx/1RAQsCnUXmAN7P+JdUmTXbn48ABdAouQCMzZ7BE6Wn8WM6ZMk8AvgCme0ZMkStxAMgV9IeVo0WHPgYKkq95dJ0xZh+fx4lB5yPwdr330nqNaNQDCvLuCcVJQgGLl0NfnL5k9RrKcmXwkE4cASrr+BBMEQ+IXuI3++7MPc+mMN1O4HAB4vyGLwC/35faoVI6+LV8yfmCP8fhhwDXeb6Kq9UzadiORvLvgCL74BLF75rOfOTJzNb/Zm+c0FXyBz9VyPfWdjC42x0cdwtK4dWRmxiu8FJqGudrXx2xFRcXwa2abV1u56+BMXG8Gnke1QbBcYxA4SN1If6oiTJzBGjQ63Avc/Jv+58s/Xfo+oKzYOmknR9Ut7tGjQhcAwakMjMflf/g7n4wv84ktZT3V6Ar/0xTwxuXTLLfOdYWmCVzRgIU1XeSxTDi5pKf6H/0wNnV61S/rjbV/czUWwhxG65Zb5+PzzHXRS0EAwnhxK3OV7427C9hMcYgAME1MvSQ7sYPm+5/eVA4jBYESXpRZtnd0AuF97ZKQMAwAYo/SotVphNOgV65vNVnbwy8ioAAZptQ4Yowz8PFc31CMiQoe2Thui4zQwRunZ5IW4yENLQ9LtmDNrAn5w0zB8+VU9gAnYs+8YD4QsunsNCrYXINaQjlhDOgBgzqwJONvg/mdjC26dEFDjnTNrAvZQUZwKthdg0d1rBODLnFlcn8lcPP3cp7A0fRISD/MI/LIobjd0+gTe/WVR3G68jed5yIIGLIirCa2yCM4tJsNpAGTth0iJmgv52H+22KcQSLT+MIS7qIzTDwbAwS87Rn6Mo0O4C8uJgzX4z7ZlXrXJzd9GrBh5HH9pHt8j9xcxjJSQEtqfSekZ/v3MOHCwFIlDDDjf0o7M0dKbIHXnKhQhGHfwCwBUVZgAcIBLIM9BX3+fAAABYQgQQf+nQYneSFeTDwBHisuROyXbda7khGAA9BsIc7LIzveF1pHicte5rh/nwt9z/nhBFn8ssDMs0We5BwiG1pRbuRCoVW/+Wjad/wyi8tPSYgNuzHT/3PWdjS24xzZq1CjV7wEmeYnhETmYhEgMj8jBJCHVbkcHO0BUSE2oI7G4Mp6hkvEpOj4E0sdnOnD/Y8/iw9oYLE7vwIe1XDrZvv+xZ/HP136Pqc6vOzp0UoJMWCNv2yP9UQqBRNR++XtF0MWX0EhMPZe/oQ4ubJDovvYYhcJU2CC+3hgVO5HUc2ONPka+Xn/PE5PCuY4H942ettGb5fpDBr3ru9tbdxe6LgDUdXouX9fZu2scxGse8BDMzOm57AOGSSC/ADBVpuaAHeAD47YAdVtk0oHzuIMdAUEyR4F6jN14442Or7/+mt1g7QOJHUBmzJjhaGlp8dvckxBLlq4mdHZ2IyI6EukGo6RcugeHlya2VLIyKp1YGoT2aQQ2qm6wobPNBnMcGAQTJrI0fYI9+4A9+44BAJ5/5jb84KZhqDk3C6+8/GsefgGAVStmYe36fTjb0I6j3+7BxOvnoPir5wJ6fC6nmjmCMcQa0nlHmCeefBEjh3PW3E8/9yk/F8QNJxREwy8AF7oIbeBfy4XycUEXG1F93vWxvyhutzN0EqeV2bvx9hfPe9Wf7IxkPtQQEXm9b3+xrAsM0dqJ07Cy7o8+hUCi9Xr3cn77f+M24mikA7gIvJfwJO5teZnv0yxjss/z3hP3F08wEpNL02bcKnh9spxzUSGhiZoPcv8ThxgEMIwcBKMEv1RVmBRDHYn3f+jAzrBbAwI+iEEYWu5C8fgjXU1+fs5gFJZdxDBR2B6X60o/na8Nlx9HpbkD+TmDfRprX8x5OIMvd97JOZLdMSFJNn/w4MH4+JjzCuVYkyBdTndMSMKKt16RpJcXFyLOeYC0mc8he0q+bFp/y5d+srEF59iI1r/9iuKx/5fNx2XTlY598n564P7bQ/6zQzdwoOB1++XLACAIBxQ7aBAuXbokCSd02cb9AIFOH6SLRWdnpyScUCi0y6QsT44uafGu+z2mVossGENCCul0OlgvtmPANZHQO38YwOUB4+FyavmwNgZHTRYsTh+IoybunNi1beChlagrNqDBhrljE2XDH3nb3tR4V3/c9zfCeSwJYRY6xJGS24un0ElM3kkWGlEBqajRSy91YOoC7tc47pxZAOBwwXk+bJBcuCGlup7qKTm/eBumqDfniUlecu4gVVUmdFsaA77vkYZkWK3WHrXRG64vPWm/J/1RmotgWUulY9GNgjYcElN4yi8ATGZaoiTNVH4yYAapT5V+61vrdrHVD6I5CtRjrLu7m0EwfTjXRDNmzPDrt+yFs2cdWi34EDwAoIUWZosFRgrQsKtsLzv/NrZglMoLP/WqvLnLiujoGHR2dqCzzYZq2PrMAYip/0XcT55+7lMUbluF/LvWAoAAfiEioY/k9Lvf/S4gx3f02z0SkCfWkA5L0ymsXb+PHzOZBwLBhIpo+AXgQhctitstKefOaUTQRhvn/rIyW9iuWg01JgPVjarTT1d9K+2rDyGQxO3wri8XHfjthfnIys7GeXMj4GQ//55ViGxzsmwYJHci7i3+knRdNobk59Crzz/otavKtBm34tCBnXj86Xf4NlY98CDWvvsOlixZIikvBlvqzlUgcYjrnCNxiEHW+WXOzdJz9s2bN2PVAw9K9k/6pFYny8/i1ecfDIk1dAfCiMMQ0XKX50lq6orL1Ld8rwid9IfEzi+kjz0dp7/mUZzHHF84VR74Ox772X/L5v37rVfYySVTWMqXY//zLa/hlrsfC6t5Iq4niYncPTe9VourHa2IiOEsLy4DGJrEAXaJTs7O3s65lGlj9Wi1XkW889fVkVe/hzGJwHjc/yjnL42Ctd2YmATYL55ibygVouEWGnyRE58vMnPVD+Ygpa5OZQeZxekdWJzOAVx/mOMCubht7x17etKeUn8J7KIEutD5nkIjMfkuNZAKkbfQCJEn+MUXqanrz7BHfTFPTEL1FCDpT2VmpskCEpmZaag40jvQB+36QodPUnxfUiGQvHWM8aZ8f8xFgByLAQfBXOroQl19fb/tv+2CFTk54/p0n2VlJxA3RN+vcx4MCuuzq21bPmbfuOCcXph8U2RkJJ67LgozZsxwHDhwgEEwvTzXAAe//HRoJP7qx7BzQ0aM0HR3dzsioiNxtbMbERE6aNEFuwwEQ2RXoGFOIQmnCkvQ3d2NyMhIn/+L1dP2+mu/5GbSJDf4EMnRgoNfYOdOoAgEQ69/OGhy3mIH/SBH/DqclH/XWt79hAsdxMEgNbUXuZtEhnSMHJkWNOOZeP0c1NSY+DGMTB/Mj23rlk9gafoEf3j1SMhBL7TkIBVvwJUVI12/5LVZW5Ax1IGcuEKv2tiy9XNJWlOL0NVkRXkxMARoEpUtLv6a396/vxgaXT52797t9TzQ7ewpOgEAfMijsvI6lJXXcZkzXXUejdyAO7dO9Go/CcY0oBfurayvGS9Yi1BSbfUxLF3xJJJTM7yu+/jT72DStEX89oG9t2LG9Ek4XlYEvcFzGKrM0Wk4cLCUO98RhUMiEkMxVksbX1Zu/95o3YadaKyrRm116HwGyYEw7sAMd3meoA41wIe4TO6UbGzcUYxl86cE5PyRvlXuKO7ROL2ZSzVzzMAXL849ctw7gEXr2lXVbW4YjsSUTEGeXFp/y5d+srEF59iOlrX36Ni/0hUT1p8NtitXQM+QXisNvWd13vSwt1uhjdXz6fQ2f03fbuXr0G2FQrtMylIT6sjU6nIulANj3IUUGp/ChUhK0McArdy+lq7nIPVNK0YobtN1+fpiedke3aa7/tJ5NOhCYBjaCYYWc33xn9Zu3uHc2oE79n2F9OEpuMGZ8lvjHwEAz277HV++pq4ea4dMx9rN3u1HDfziLaTS1/ALN1e9O09Momv+EIAmli+/T5J26NDePu1DWd01smk5qd+H3Vz0xrGoQks1Gs0mtftijjFM/aWwBmDSssfCVH4SP/ihy0q1ytQscBvp7de0+nrf/GuZ8EdM6pWfl44XUIsZM2Y4IiMjUWp27xNiZvk+5XcPGIAbb7zR8dOhkUg3RkFr8R9leOHsWcd333GARXR0DA+/8DdBkrLR1FTuuoECYMCAbmw0awWgB7cNTJ58O3tjUDpyZDs2moU3kshc0XOqT8qGufwglahBhF0HaLtC2gHm9w9Ndzz79kH+KnfNQtd7YHLeYgf9OhRFHkrKiXNBmYCtW15wXXTXXhSEQwKAd19zhcEhjjGBpndfm4sHHnOBEgXbC7DgzgWCMoak2z3OVSg87GtpqEIC9UDD5wveiHxUn9dgxkh18Etd7Un8+jdc+KGPmpZgYZLwzk3ZoZ1IyxiHwfHDMLqJc+xYuHAzLrbWw1R9Ap8VlmD5kkcBAIe/uh8zZ07Buro/YrybEEgnT+7H2LEzBWnPP/MbQTs/+8kKmKpP4GcZK7gC2cDg+GF4qeYeTLykwYhrgRHXcsteMPMo3kt4EkOHJMFUfQJ1tSeRmj7W7bhXZrsHdIhLDB3qyJ2UXHtCRR22i6itPobGumqfIJjl8+OxYUcrd+PjwE5Mm3Er1r77DgCpo8y6DZw7y5pfLhWERBJcH1SY8MIb3H2FlcvlgZZVDwidXpbPj0fpIe/HTuCXDtvFkFtXNaGRPKm3XFmWzZ8SkBBMb/bJ17lk4AsTExOTf3W1q413gbna0eq2LO2e0urhF9K0K0uotcsklTjUEQ29KIkrk+ix3PEGG8ZTrzNTjR63ST2AC5+UoI+RDYPkbXvjU3SCMEdKqrjQqQi6iF1h1IRGYlKv2fMXCxNOfeVVvb07PlRVXjZskJzGQBA2SHU9AHPGuKk3xt1g1Icp4ufLy3ni38cBFAEimOQJmqBD8qhxPJGrp/jZ62N7pB4HTOyV3regQAp6H5EGvU9zJO6nr2GKxO34qz9q5yKQ11LNsehBSwFsCpT31dlz5n7b97UxUWE35mCRXwCYKlMzm0mmXlWgH2MEguEk/MArOiV/4ZdkkP9lSZNF/kQ47zp5C9FwaZ/8Djrd6P8vlCEjRmgGDOh2aJ3QCw2/5Oe7Tu4JBGO2WJCbe6ekHa3WAYOBu0g2m60AAKNRemIVbnmzZs2H3a6RnS8ifVI2jEYjjMbFKDy4lXOBsTug1QLQcmt+4exZx6hRo0LygQcBGybnLXZsfGUpfv/QdAcAbHzlYUk+EDoPfrhxPejcfgeWpk9QsJ37LI01pMs6oRD4hTjCFO3jIM5J0xbxbjGBpknTFqH00FYU7duCxJRcZ98hAXkAV8ijgu0FAIDuy5zltmuegh+CsbW3CcLo2KwtXocvWl8zHoBGtQtJXa30xozN0gKdQbjfwfHDJOUGxw8Dqk9I0lfW/RHrVMAvchCMkuj9Z0VrADhw9hIw4lru9X9laXBv5ct4D08iY/RklB3ioAdPEIw7JRjT0NnRjpryw6ogGHEYq1AUAUBeff5BJ7zi2/uedmERO7qsevgFfP7xvwAAt9xxH1Yuv1VS5sDBUqzbsFNQbu1bayRlAKH7i7da++47fOijUIRfaIlBmP7U7WlHAABxKXXIzxkM87kzsiGI+kPmc2eQnzMYcSl1aGtI5Y4xJ3wSCOvHxGnTSRYugYmJvbd6JgK/AOABECURmES8Ldsu1VZQt3vpEntDuJHqUEdQD8Z40sQ00maH4nZ/tkfkC+jiKXQSU+DopZc6kHDDEOHxruD8QocNkqunVFdcb+qCoW6dX0gbhwvOB0SYIo1GsxTAJub8IJQaaEJOco4nRMT1xBtoRE17vSUD9Z3sTcghgz4CpgZu+75b5Z9LlZ60CfZByqvpj7fhknxVoKylu2Nx2jTVwwkICObamCj84OabUVJyBJMn5wrvIZQcQZqud8/tS86eR3yCsY9HfQI3XZfaq3sw2b6Xnc/Jk3Px5RdfBMVnrl9WXs7RJFAI0H8UtOC2PGmoo0+LLEi/g33pepqjhdmB0cdAPsZ+8dcS/M/PJyM/L102XwnwUAI5lAAS1r5LW0ss6B4wwK/rKA6xk509XVImKSkb5eUHZWAOLbTaLh5+YRKdSBqMsFjMknmz2zWwWCySuc5OzwMAlBM3GGdIpCEjRoTkQ4/rRhrwo3sXYsvLtzsW5HDvhx/d+7CgzIIcM7a8fLtj4ytLseyJj0JuDk6dmgeAe3C74M4FPATSbqnlyxBYhMAvRCePvM27vhRuW4UpNz2DidfPAQAc/XYPujrPAwCiormYxiRPTT4pA0BQTtyGUv7Rb/eg+KvnkH/XWuTfdTsKt61CYgp34kggGDI2erz0OLduOcXP0XXX7Qq5tV8x8jjnKAJ1jiI2awvKIvKRMRSYEXtCtowY5JCDX/SJwBfNj2Ah5P178yNfQWH3E277svLsLdh/thiDB1coljl+vELwX61slhYAwM8NbwIG4Mlzq3H2kgM3J2qwYJgGtpbzSEwcLhhjTyCY6JhY2NrbVJUNdfiFv5Qs28eHQlJyXvFGVksbHwbpwMFSfP7xv7B5M3f80duJQ4QPEuTKEVDGamnzy1hJ6KMTZfvC5tzEHyDFe49lOxY/9jy+2fAsblj+e0He46+fxfXXCy+kvv22XJB2dgcHwLQ1pGJsXh12FdhgHB4Y81Pf8j3mLdDx8AsAPLz6J4pjIWmvPjpCkEbm5sPXnsa9r5UzeMXfmvYD4HBBUHV516claDOfAwDEqTzg6fLzbpvMxsbG1jfvrS/Wh/xHSPvly/w2uZNhVYj1TEIGAa6QQnSa4JyHaoOEFArWdm2XL2Mg+7ZRJU+hjmjx+e2e2x2fosPhVuD+x57lrrFN3H4Wpw9U3L7/sWfxz9d+j6nxrvBHdBikj890+NQe6Y9SCCQiTyCLN6GRCEQAsBASarR3x4fQOd/zQxOS0FXTCcD1BLzuiom7Z1BXz6eVtXXgfA+fMfgr7JG7umrgF2/3TZ6teDNP51uauM/HdivSMsd42oXHMCnsuA4+Wa1W98c0BWvU+cjzeXJAIaCLt+34oz80nOJpLsJEAeMEwzmiHJGkpVGgiK1d+qMvXexgwWu5MkrlPZXtTZF990b/dbGDFedzchBd2rGfDDEx9VB6AwfBLJpsUIQ8mPyjWnMXSs126A0AbP5t224HjAYDzBYLDAYjmppqkZQkXE95+AUMflEhFwQTBdq2027XoLy2iIde+BPIpnKuTlcTjFF6CaAUChKHPho3YynGzZAvS4CYEwc2oaToE41c/WCUy9VmEWiHG8AV/ui3j+fygAtxfRFr1YpZWLYoSwC/EOXNuhuAC1QRy1N+T9ohfSnctgobt1aicJu0nguESUfhtlX4w6vciSU9TtfcvBOyv35fVz4XQL7HcmUR+ci5WugWwhiZPZWHYDovyUOWuda/4EjiI4ptDI4fhvzWVyTpp6u+5bdnznSFBlFygZHT88/8RtCOyekuQ7u//NWyGgCwMIkb51uGD2CztOCvltXIitbgZ1fW4XNM5l1gcqbdis5LFkRfa2BfOH7S8bIijMuZhQN7P8KM2Qux6oEHe3i+6IJflixZgs2bN6O0ynkTZfNmPo0AMJ7KzZg+ydnm2Z699zbsxIG9H/FjHp+TxxZfhQj84o2idDGy6XEpdQCAeQt0ePPt/g+FtHFHMVY/lMj3jYZgPI1FSYsfex7vPZbtYBBM7+poWTsm5sT2qD4TEzv2w0M2m03w0NHU1OS2rLvXgut40YMgq4c+BHq7HR0diGdvMUWpD3XESQ6McRdSiIQxwkAdbA2noUsZgz/McSFJStu2htN8/bkK4Y98bY+Tu/668rwBXTy4vgRUmAkmoXyBX9KSNDA1OXoEzoj372v9PhA7fj1896hRTur3sk4ftMPHpLE63sXEoOB8RhxR1LQnp8zMNFm3mszMNFQcaVQ1Fl+dVizWq6pDIXmzD1/74+tcBMpa+noshsL7/PoFPxV+B+/5oEflL3V0oaTkSJ+O4VJHF2AQGgSMnnOP4PW3BX9324a35YNRYQHAfFpkARObo96U3sC5kmwtUT+P3pQFOMjGG4Vq+/peerbn/KEPDAYDCKDR1MS5MZTXFsFuBQC5e/ZaGHyMHxluMhiMfHgkWnYrUFpahPJazv2FhJrSwg5DVGjP7eS8xY41C4VprWdLED9iMv+f1gsfaXGqZrrjupGh85BbLdBBu74AnGtK8VfPYePWSkE6CYkEuFxdfM33Rxt0/satlVi2KAvtlmew4M4FgrHJgT2+zFOgq6b8MP9fFxsHW3sbZmIt9ieuwtMjvgTxXOFCHHGiwxwpub6INTJ7Kk4c3iUb0ggAF/rIw/0hubrFxV9L0ryBX9y1Q3SxtR5Z0RrcPOgvkj4XHHdgwTBgwTANbjn+C3w+/n8EEAwDYHquunMVSB0+GuNz8nCibB8PwfgaCom/seB0gCHuLes27ORDFq3bsBNLliwRuL+Qbbly/nKAWfvuOziw9yOkZ0zAibJ9PPxSd66CHQhu5Av84k5tDak8BLP6oUS8+XYx8nMG98vYaPiF9M1fYhBM38hXEIDBL0zs2A8vRUVFITra9RBpaDJ33it2SbHZbNDrhdfkSu4rVqsVOp1OeLdEwX0lqNq9yN5fnuRLqCOuTKLqfWz54APcfc89+Mluzi1604oRWLr+rGT7H3O7sOWDD/q8PVoVFzpVgy5qQiM5tVSj0bBwMgGip56KAf3jPl5yhiizY3D0qEy9MR7qKtVT0hhpvQASg2Cc8haaSEuJloTDkdOksTpV+580VqfKPYUGMMRavvw+SdqhQ3vDcj29mYtAW0t3x2Iwv8/bLlgladfGpbi+d53Qx65dnEP7vHlHMHrOPWgs2y9bPjlnptvy18alAPWH+mWsxrTr3Pbz+gU/FYyLlrrydbLzGUzyCwBTZWoO2AGedcwV2LGdb2nC0IQk7mTbadv25WeFgnxTeVKfvabV1/smrzUZP5fMDQCYqk4HzDoG6jH29ddfa2688UZHfpRdEcywKlz3sfK+lQeAwi4tDhz42q83z7u7u2UuJeyKri/O2yPszN0naWUv3OxWDjYyRulhp0rYQ3QWnn37oAYPTXcABlnYBYAgvfUsB5H96N6HceLAJgS7+4uSSKijgu0FAkhEXIaGX5YtysLMH76MeT/gHFfONrTzTiwERiEgitipRSmfSK6cOMyRUv6IFO4mvDY6FssWZWHj1koeggG4UEee5iDURIcmokMVjcRxPLONcz1ZXzOeh15s1hasrxkPazMgdohpaahyG7ZncPwwHgyR/f5pBiA6JZMrf7G1HmkZ44DCEixf8igA4PBX92P//mJuP4O9hwXodnKm3YqyQzv5fa1pfBw3J2o4SEekvw1ciXcu/RMA8F9ZEXjy3Gq8PPxN16WJD6GQWswm2bVh4hxRYnSDkZ4xAes27OxRW3pDnMDVhUAtADBp2iJsptxdAKgqx4EwvjvArNuwE8+98FfUVh9j7i8qJYZfPnztaVSaO2AcvgHDb1yu4mZMO+KGxKLtguuBK4FfBOe6ZYHxtI12gJHruzud+3oDCssuor7laZA5YxCMf2X9ZCPkgsLu+rQEDU2tqK1o8dgGKZeYksmnNTdUce24nPDRVHOaD2lzpasTuz6VT/OkpprTGBgV7dN4m2pOe9yHL/1kYwvOsaEXjn36vRXMSkxMVPWEfJBOCgwRAAQQQiAEIhGc21BpNFxCtxHs7X6nifQ4z83NzWH7naY61BGUwRh3IYXGp3APARP0Mfj4TAd0KWOQmXqFz89MNUq2dSmcc8vUeABw1ad1hx49as9df0meL6CLp9BJcBNOhoExLtmcnwW2disSVb47vX0G8tJLHZi6wPVjJyX3lbQkDQ4XnMe8efL13NVt+eaCoF7CDUMkbcvVp+upHXdvzZP4+AWDYLj7Qb0AkBDAgQAWpgaodkuRU+lJm2x9DpjYq5DeexqUPFGSdrnxqNdl/Knemou+WsteOhb79X0+YrjRGbZHmEZEQx/cj+C57XnzjiA5ZyZO790GAIg1DFVVvrFsP9ot5/vts4Tse8zsu1SNi0hteU/zGQzyCwCTmSYltk09jJ3IxBQsxxgNwTD1vj61aHH48Nd+v8EQGRmJg4UHMT1/OnfDA4C5y6oQ8sghcDNJSjKiqcn1ZZCUxPK47XTeRUecZzQmOUMiCefXbgXMdgv/5QsABwsPoru7O2SP6XEzluLEAde54Z6vD6GgjHuguSDHjOtGViBx2Gg011eAuMUQJ5hQhGAI9LJnHxQBkOKvnuPDIpHQRwR+AVxQCh0O6ei3eyThkYCeh0CaeP0cHP12jwCcOfrtHhz9dg9GpHBjmfeDObB3PsNDMPl3rUXhtlX8GGgR+IWEgNq65VRYfcavrxmPRXG7+dc6fQJW6I8DI4FXvvglD2boYrlwMgnGNNl26mrVnSPYLC0C0IR2UyEaHD8MF1vrJXV7EgKp8tgBZE2Qxjxb0/g4jl504OZEjaRvpF8vWybjyXOrUdnpwIhrgeqKEkF/vYVgRmZPRUtDlQB60cXGISElE8BGhLPG5+Shw8aBCJ9//C/ccsd9PrdFu7XQri502pIlSyRp7sr11AHm84//BQDosF1k8IsKKcEvAOecskYFACMHkNAOMET9FQZp445iSd8Er50QTNN5q+q2Ks0d+PA1BsEEk0ZPzMJf/vAy5s2/i00GU8Bq145teO1v/w+7dmwL63mQg112bfwHdw2y7Cce67e1cw9ZIrRXEe+02G+1urZpXe1o5bcjYuL5NLJNq5X6pXEwt6t1E4mZzLPcGoQjFOMp1BGtISSUYjt9n20QLrbboMFVREdH8enHG2wYT19/p5G2OxS3ST0AGA8OgJELg+RNe3R/gAjF/gJA7CDucUv7ZfnwE96ERpIRgwg8aNWS+fz2iQ8+U1XnhnHctfw3J0zeH/tu4BdPYYnc1XWHcvor7BGZK2/nady48Vi7eYcvuwz747e/AJL+lJowO2rKTJs2m99WgjTUlPFXf0L5WJw2rUdN9+v7fOFddwpek9BEcjALwEWDIPDHmNl38fCHmvLJOTPR7iwvBkX6SnIwi7txeVteaT6DRWERAomJqbf19ddfa2bMmOGIjIzEZLs6EMbqZdSpcC9fotWiu7u7V+AXADxgcbDwIAAge1K2W/hFrKQkZfoxfPPsbusZDEYnBBMF2ufFbtfA0mVFeZHrwf9330WG1GfG5LzFDgD48+ppaD1bghc+0uLPqzn4xXT5RuQ4jctMl0eh4KMz+PNqOMuMQOvZEizIMeNH9z6MyXmLHaESGkdOC+5cgOKvnuNf084va9fv4+GXrs7z2LzZBZOIwxKJXVrkyhCpCYEk15YcYEP3CQCm3MRBMPl3rVUMh7TgzgUewyGFigjEQvSILQKL4nZDp09QrKMEvNCi4RfirkIDIjZLC764/AgA4IvLj+Bmy188QjDu5EsIpLbM1QCkoQGPXuRuYP2p8iq+GLwaN1/WYGHSZpQd2sm50IALhfQy3sST51ZjxLWe50DVGFIykZDCzueIxG4oJBQSgWDEUIoa6Q1x6Ilbiz/bfPzpd/D5x//CuJxZOFG2TzJ2rl0mWnteHC8Lv5BQRWodW2j45XzyozhS/HfMW6AL2HHHpdRhV4EN55MfxbUyY/Aken7EEMyeF8c75vz6OINgeqDOkl0YPJib40d++ySsrVd73CaDXpiCTf46Zul2Okt2Bfy4CXRBIIwefdbHRggAEjmYhEgMj8jBJErtBGO7ly55nj+5NQgXdxj1oY448eCLggbHcudE9i4hdHK4Fbj/sWe56yUT197i9IGK2/c/9iz++drvEXVFPjSEr+1NjVfXXyIahPEEungIfyQWg2BUaNeuXKi9xD1yZAxyc713N/EVfnGX56muv+CXvpwndvz2vgzO7zCD3nVtSYe9MVDfcaYGz+25cxxRgkNG506XJsqAPRKnFjVlZORTGT/0Z3Sys1iVqVdAmb5cy15Uv7zPOQjliCRt/PARinUsFuG5DHF/8ab8HTO5Oh/vPyRxSDl7zow7ZnJEkRJUQ9qcN4/rOwlD5Kk9b/vpbfmzJ6tk53Py5OD5bGQADBOTn3TgwAHNjTfe6JhklA+L02ThHvAnGVi+L/klFm6Oe2v9IiOFgEV5aTm/nZ59HQAttNouWfiFyXcZDQaYLRYeNqotl3e7GDAg9BxgNr6yECcObMILH3HH/K/ePAvAyMMvtH715lmsWWintg3493tvoaToYEjfUPvt47n4w6tHsGffMUnYo8JtqzDlpmcAAEuWrOJOwqjQR4D78EY9CYGkti1xKKSC7QWYctMzKNy2CqtWSMMh/eHVI/jt47myzjChqAQZy3l38Isa1dadx4t//KMk/bNCIWyyI3s2v11R/q4rgyonrgMAp6u+5bd7EgJJ3/gPnAbXFunvZ4Ul0GS7wjwN39+GCgAv4o+Svu3IjgMwB2UAHOUlsn0FXOGN+PmNjUN0TCz78lGhunMVSB0+mn9NQBFfnWB66tbirzZLD23lnV/E8EvduQq28DLa8+J4xw3Lf8+/FsMvRA7Uu22ny9YBDNW7zi/TUvD6+9chd4pDNgzSj9+U/4p/f7XDbV5P69Jqa0jF60UaLPlxinQsMlKag/ycwRII5oblv2cQTA9EHqpmZWU5ACAtWQcTbD2CYJobqjB6YhabXKagkanR5re2Rk/MQlqyTvD+ClQlJiY6lMCXiTnqzvMGxggpahI+iA4HpI3Vw2azScIJkfBBdLpeq4UV0nBCodCukui5PlomhENpd5hwcIOhwZYLtg5VYMwFWwdISCF3Gp+iw+FWwNZwGrqUMfjDnIF8ntK2reE0X5eEPxKEQWrt8Kk90qZSCCSi9svf8/CLWGLQhS6n5BijIAYR9KOeeioGQBcwxk0hkjc7BkePelGP1JXUs8u3LxZVL4AV1sdvMLuLZGamybrVzHQ+kG9qauJdWEym06iqMuG8jHuoN2UAYMOGf4F2K6mqMmH58vtw6NBevpxSGYBzg0lKSpLdV1JSEtLSxqguM23abJhMp5GUlIT9+w/JzlHFkUZ2LAbw+3xAFgcRfVd5FQaDQQJ/eFPe1xBIntp0B6wo5avpZ3IvjyvQ5BcApsrUHNgXxaL4hLZ2a0C9Dpa+9acC/RhjCn65C7EjhDLKZfJL3NRlefJ53q2PGFAKdpUUfaj5/UPTHdeNNPAgzKflLmPfstNnkDNmFAAgZ8wolJ0+g3EzlmLZEx9hzUI7xs1Yihc++gjPhuB7kYQ9ijWkC9Jp+IU4vwCQDWtE0kekxEqgGLF6GgJJXMbdPkm4JOIEs3GrC4IRQy9K4Z/CXTTQoQRz3L3oFsHrffuLMWumMJzI3QDOm7kL0qGLpuC8uRHl1cIL1OyMZMHrPUUnUFz8NXWB7zkE0smT+zF27ExB2vPP/EbQzpy8cfy+HUMKAQCaC/mScdDaUV7Ml92RnY/X9MkYahT2d8vWzzEye6pw/hqqJFAMk1Qny88COIuxljbeCabuXAWszteff/wvbN68GTNmL8TK5eqcgvrbAYb0lYRPIk4vBPI5XlbkHDcwYzpzgOHf927gF+Nw7nv6SHG5zyGLbpg+k3OBSQlMF5gjxeW4YfpPfaq7bP4UHCkuR+6UbABAPs4wCKaXdLSsHRNzYnkIprnB+zZo+KXosy/ZpDIFjUZPzELF0UokyoDVqr9P4yN4+CUYpRZ6kVNcrNQ9RSmkkJx7ilJIIbn6wdiuNtL7NRDDMKEsT44uYjDmggxAS0IKyYmEMcJAHbZ88AHuvuce/GQ3F25o04oRWLr+rGT7H3O7sOWDD/j6cxXCH/nanvPoctNfLk8Ms6gBXTyFTpIRg2D6SS+91IGEG4ZI0uXcW1q+uYB589zXk6srrjd1Afew05PzC10vwBWWx68SQKIETZga1LlDlZ60uXX6IA4iatszNXQqtjdTwX0iLW0MmpqaPJb1pYy/NFOFc4aaMmlpY2Aynfaq74G2lu6OxWB+n7ddsKoq910lN48DsiKAb/xXXu3+1bbpTXu9MS5v9x9o8gsAk5mWKH1jlZ8MiAH+as0TePev72LJf/5YkL75f9/HQ0tn+2Ufb2/aG5LtP/DzBwLn5CCAjzGm0JAnwEKrj5Kk2a1dLK8X8uTkDlAKVhWUGTHnRi6k0bgZ3PkggWDWLLTjUyckVHb6DDa+spBPJyBMqIY+EocAIs4vBBCh4ZeuzvMo2rcFRc6y4nBFNIhCysqVo6U2BNLRb/egq/O8oBy3rzmSckX7zkvapCGY/LvWonDbKrRbnnHd/DKkY86sCdi65RT7gKYkB3TY2pVdMAjkIicaGBlqTAaqG5GdkYzy6kYJMEPaWb7kUQDA4a/u5/PchUASwy9E4nbEsM1PLnDgDlF2hhBwWZ89BefNyXg0cgMcQwrxKIDXzcslEIxY0lBHG9lBJaPnXvgrAOCZNT8XQCJ6QxwfHmnJkiVYsmQJbrnjPrz6/IMe2+xPB5h1G3byri+AfJijk+Vn+XF/tuNddhBAPfxSae7Aoht9uy6L0sXg9c+VXWD6U8T9ZfYtMT7VT71xNjbuKAacEIxx+CgGwfSiaAgGyMLAszFIH+H6wP/LH17GvPl3YdeObXjkt0/y6eJyvQ2/lJ08jdwpk32umzRyTMCuARtb34+t6LMvkffDH/AQjC+i4ZdgBBd8hV+udFwCrnW5wMg5nhA3FKvdLnFPkZyTOF1W7O1WiStLsLfry5qEEwRDRMMtqsEYldM0NZ4LW6RLGYPM1Ct8emaqUbKtS+GcW5TCH/na3tR44LhKwNQTyELnkzJKjjEqxCAYBT31VAw2rFE5iUu1qKryXG7t5h3OrR2448xXSB/uOof6rfGPOHEFePbr3/FpNXX1WDtkOtZuhtt6ALD437/D9e7q7ePq3SCq9+w2d/vrn3lix697EVcSWocO7RW8FsMNZXXynxFlddcgJ1X6WSMHR9AQhLftEckBE0RNTU3O/L1ux+9LGTGUkZmZhkOH9grKKZXx1G9h3+Gn8QX+Wqo9FnuqCRMyrgfwbV+8t0YMNzrDIAnTxBJAHyrkrjztxDJieIeq/attU2k8Su4wavuptrw34wlUhUUIJNOZk/jys0JJGjCbf2256N3DVcPgyDBon4kpfOQOsJCDNdylszzf85QgmFBzgAGELjDxI7gbymWnzwAAnnyAc3jJGTOKD3104sCmkIdfaM2ZNQGF21zOL2vX73Pr/EI7rsjBLnIhiwDfQyAptUkDNOJQSOJ2CQSTf9daQTikObMmCCCgcFJN+WHoYrkH8wkqfskrBTqEKndCLTRMQksMlgw1JmOWDETClTkhSOtJCCQl/bQyH3/PKpQFcOTGoBmSD8eQQmgu5OPRIRuAFuC9hCdl2/5L0Xg8knecfeGrVHJqBg7s/Qhr330HS5wAjNXSJoBgAFdIpAN73TvBEHcVf0pNm48//Y4s/ELGUneuAgcOlmLVAw8iOTUDjXXVbPEhhV++2fCsLPwyb4EOw4p8v6ROGqrHDdNn4sdv7sf7q1NlIRjiCEfOEdTm9aRuW0MqfvymBjdMn4kkKmyTt8rPGYyxeVrsKpBCMN9seBZkjhkE4x/REMyVrhhFRws6nS63ae22Punns+s+9aneHROSAn4N2Nj6fmw0BAPAa/grmOEXf6it/SrvAtNqdR9CjXZPudrR6rYs7coSau0yuXRBISSiUhk5MMZdSKHxToe8BH0MpoJrZ2KawZnbobg9NR6gwysJwh855X17rv646y+d5w3o4mX4I7EYBCOjl17qQIrKsps22ZGb677M7PmLhQmnvlLVdn/X8/QDYn/PE5N7KQEUnuALJqa+PBanTfPffo4dq85CHwEwALDwrjsFr0tKjsiWo8P/CL6PZUIFuStP11Havy9tqmnP1za9Ka92PgNV17C3uku7duXyNnTfVV7F1KmfAwBKrbfyaRaLBfPmHQnL9pm8U7qRe9Bfa+5i+b2Q3xuydNXCEJXODt4Ak6WrNiQdYACXC8yJA5uQOGw0/rwaaK6vQOvZEqxZaMcLH53Bkw8sxYkD3L2MEwc2oaTok5B/OFS4bRUKtwFTbnoGj/5yBZ/mKeyRXJ67kEV0WbUhkDyVVQJo5PZNIJjCbauwagUXDun1N9bjt49zdxTmzArP72vi6GJrP+y3NsUOK0Tl1Y0AFfpILlySkuRCIMmFPBLr+Wd+o9gX0s8V5cVYn+1qXwnMwf5i/H0InGWnYEV5Me7FywIIxmZtwda2uezLRKV+OP8BJKdmAABOnzqMsdkjeGiEBkc2b96Msdkj+JBIa999J+DGsvZdF/xCQhzNmD6JHwPAQT1js0fg9Cnu/UYgmAMHfx62x4AYfrFVv4DCsouy8IsuYw1QJA1IaG9rBpCtep+BFgrJl9BH3Jiln1O6jDWYt+AFWQhmbN4L3ByCQTD+0tGydjQ3VKGhqRW1FS18+sfHmjBvvvP/p64wpaRcm/mc23ZpBxDi6CGX5kkfH2tCZWWl12us0WiWfgy8P28+/N7P/h4bAGRlZTnY2HzvZ9FnX2LpqrsAwCf4K1zhF0AYAkkuDBAtOnSQXBghWnRbwdzupUvse0WN0uIN/Lap1eIFGOP5vOd4gw1dreAhlKMmCwBgcfpAxW2Ac3iJumLDeHAADB0G6bCP7XEuMMohm4jaL3+vGnQZPcT1K/6KC53sYGJiYuI+V50OH8T9475btYplS0/aFOsrSU17Bn0EH26HlidYRw3M468y/i7nz34Fw1qGmji3kiOStPHDRwjSaOhDTaggteWV9j9ibKZPbXrTXm+MS2n/kycHzzHhFwCmytQclG+IEUZXzEXLRdfNITnaSZxG1w3V9gNJwXaMEXiDbIshDpbfs/ze0HffRSJ3Vj6O7PsCkZGRDIQJABHwJXfWzTiy74uQHGNJ0YeayXmLHWu4CEdorq/AuBku4GXjKwv57cRho/GrN8/i7ifDY/03buVszNeu34fCbavwwGO78e5r3EP84q+e48sRKEZONHxChyzyRwgkuixd5ui3e2QBHdIXuu9EDzy2m3eCefSXK4BfruDdYMJN4hBHoqPC7/sTgzHl1Y04b25UDCV0ukr6owV3IZCUJNcOwIEur5uXc24umOL1eEhopHtbXoZmaC5GF43n8/SJ7HvFG736/INY9fALvAvMjOku+IVAIwBkQyIBwKRpi/ql36WHtqL0ECSuLwAwNnuEYAx6QxxOlp/FqgcexIzZC/Hq8w/i8affCet1f++xbAcJzQNw8MubbzcjyxgjC784UN/jfUbpYtBl68DrRVwoJMB13UNcWsg27dbiLq8ndUnooxumc33rqRyol4VgslrK8ebbzVj9kBCCee+xbMe9r5UzCKafRYAZWsQBhHb0kEvrDTkcjk1ZWVnvqynrSz/7c2zeiI1NWZvWbkOccbjX8FeiCsfBUNVlGw3+cHNMwgiJRUIGAa6QQnQaLboNElIoWNu9bLMhmn0lKIoGX+REO75csHUIwBiz7YpX+xp7Lwcc/2HOQD5NaXvsvc/i8Gu/79P2xBKDLjQQo+T2QmAYBsIEpvbu+BA652fE0IQkdNV0AnDFxaq7YgLAhSEiKmvrwHmRA0tf1Dvf0sRdy7RbkZY5hi1egMlqtXp/nX/S5t/7Bj1oTxxqCOCgkG6LNAR5pCEZQylH0fPnrZJyasr4S/7sT6QhWXEugmUtfTkWQ0UE+hA/N3cXXkiuvLCOfIw4X9p0J6X2fGnT1z4Ei/wCwGSmSe+oe7JX69MT8lFjUXxgtyRNacEBYdwrT4sfTu33lwL9GGMKfg0Y0I2rnRxsoYUWBw9+iu7ubg6GQbps6B4Srofl+S+PQC+RkZGYPPl2XL1qC4vj71SNBYnDOMiFAC8A0HqWu0mbOGw09nx9CCVFB0P+gVDB9gIA4AGQKTc9gwce281vE7jk3dfmIv+utSjctkpQXwyYkIfQhqTbedcVIrlwRZ5CINFlSWijmhoTLE2fcBceh7bKQi5EpM9kTKT9Bx7bjaPf7sGyRaskc8HknbZs/Vzwuqmlzav6XPkTsnnFxV/z20ohkI4f9xwSiW5nT9EJQd93DB0ADXKxZf/nqvqruSotqxnKuQjpE4FFcbvZQeEHVVWYkDk6TQCQ8GsuCokEgAdh+lKlh7YKwBfSN1o0/FJVYWILK9KwBNflMQ2/5E7h3Fz8Db8AXBikWlsHHwrp9rT+nQMS+oj0zR+Sg2Byp2QDxVIIhl4DJv9q9fNv96g8cQDJyspyfHzsbcW0/h6DXJ/efPohNDS14sW1H0Kun/9+6xX86OEn8PGxJgTb2IT9l7bx61WLkZIUj9XPvx10Y/PUz9wp7H3tq7q6uhAR4bpveL5R+TtN/HDE6qZdm83m9nWwtdvR0cEAGJUytVr47SFuAFoCvpS1XAKGem53fIoOh1sBW8NpAIAuxf3DfFKO1CXhjwRhkFo7fGqPtKkUAomo9mIX0gcrh/+mQyMR2IV2gmHyj556KgYb1qgru3SpFlVVbJ7YPPW+MjPTZAGJzMw0VByRQhae3D+8lTftKTmGhDM00ZO5CLS1dHcsBrPaLnheExr6EDuftFvOSwATT+U97b8nbSq1B8CnNpO9LK9mPgNZYXN36dfPPS94vfl/35f9wgdcBPrRo9z/n/6UptJj+PRwa5+JKdQVER0J2KMArQPTp9/Gpx88+CkgMqGx2wHnD4lgt1Dbdg6miYyM5ECOrkge6JD8t8mnc3ekXPtSW8/X/ZF6Yvlrf7JSMPXp7u7GrFnk56YOADHo7OwI+WOPC4XEbScOG43meu4BenN9BRKHjebLFOQtdpQUfRjSEMyCOxdgwZ0LBPAH7bRCO7kAwMoF16C0+U4sXSR/g8lkasVbb30OYCsKVezfHbziqfzDD9+CpYuWyZbbtLULkxK3w0SNiYA09PiIo82COxcAALZuOcU+nFWqrvYkfv2b3+Biq/INfFP1CaRljPPYlqn6BDJGT0Z1RQnSMsZhcPwwvPjHPwrK5I4aBuNw7obpoAHqT6n/dqJa8PqH+ZMFfdpe/hgA4GfZr6nq2+juJ/CnyqtYMEyDh659FQAwuvsJVHY6EPfN/dAtTejRvNaUu0JR6WLjkBDGv5SmIRix6JBIgAuEWfvuO1i3YSdfbsmSJX7pC90mvT8iEvKIONXwN2gY/KIo2v2lr+AXIuICc8P0mfjkILAMjn6Zg09MuTz84g/3F1pqIRjmAuOdKisrNVlZWY5/v/WKx7JvPv2QKhDh2XWfug13I5dHpz32Hzc65s2/CwDnsgEAJ44cwGv/97Wmp2P1tg6Zl+aGKn4OiBqaWpGSFC9wAPE0tt5cR1/LZ2VlOchYSfirlKR4wTjpufjRw0/0y9ge+48bHeNyZwAA379dO7ZJjgu1a0DGrUbewl/hIJ1OB53OFX4mLYlzgBG7pFitVkE5QNl9xWazQa/XC9KU3FeCpd1rrrkGuMiOF8VrJgp6URJxfRGAL/Q5q5uQQlwegIGuNRUDKe50vMGGuaLwR2J5257z7qGbfC6v9iJ304uAMMT1RSk0EnN98b9eeqkDKSrLbtpkR24umyc2T32j5cvvk6QdOrQ3KPruLcATygqFuQjmY1FOI4YbnWF7hGliCaAPFVJbXu3+1bbpTXu9MS5v9x+ICgsAxnTmJL78rFCSBiyWfOEn3MCFBvqu8iqmOl34/7lXy6dZLBbMmxcu7TMxhZe02ihA/MBBq8HEiTdxl7jRkdCCez8dPPgp8tHkLOMq3qQFsvM5eEZv0KP2w/cBwoCo/Q8gffGPuYtmX+pH+lgf/t2/1cLdYCov/BRyptVfdMcjN/dOXL1qQ0R0JK52diM6TgfYhWsQHR0T0sddzphRGPOf8fjVmoP482ruQSWBXoh+9eZZ3PPCdJz+31ZMDgMIBgBiDemYM2sCAM4JhTi/HP12D/Jm3Y2TR7gb2TMmRaB0J5CcLA1Zc/BgGYpKdLKhSPIm25CWFu/beYWpFUUl0njlRSUA0Irp03MAAI2NjVS/qjFjUgRMR537n3W3IFzS0W/38NDLnn3H2Aeyl6qrdZ23DI4fJluGgDFK+QJVn0B1RQlypt0qSD78lXRtoqKvxbV6daElSR/E7dB9Ohj/b3zUtES5n9UnBPUWYjPyI+tR2P0E3r70OJ4a+QEqaxwoqHcgK+tf+HgTcMfSx32e2wRjmuB1S0MVbO1tYXusKUEwBDQRgzAkNBLR5s2bAXBuLYD6UEmkPGlDDLwQ0eCLGH7hzk0Y/OJJcvCL+dwZ5E7Jhi5jud/hF7GIEwwASVgjgHNo8ZTna10Cv/SWCASTO2UDzOfOwDh8lKITDJN6eQPBeJIn+MWdHvuPGx0AMG/+XQLwBUCP4Rem4Ndr//e1hhwjcIIw8+bfxR833h4j5Lj//crbPJZVC3/96OEn+gQKCpjrrUGDpOcJWtfNDRouIRCJ4FYJlUbDJXQbwd5uxHffwc7evh5Fh0IytVpkQx2JwRfJ8aiPR7uV++5ITJS6gG/54AO/9rmn7XnqL5ESCENEO78wCCYIrhOcnx22disSVX5bmKqEkFVf12MKsPsJVSYAexXSXRqUPFFS5nLjUUlaf5TzBE3QziR1nRDApufPWyXOJWrK8Md3g7rPSaX6/ugP3Qc1AEmgrqW7Y3HatOB9jy28607B65KSI4LXnImEHZhNJc52mUaIXVW8Kn+pQ3b/Prepsr1eG5fC/oNJfgFgqkzNIfVFJBcyyJ8xsIK9/X45OQjQY2zUqFHszC2U5tsuhV8621wWuFpoYbdroNV7bkpvcBVqfXonBhu5B+0Df3E9rvzPt4KydNpFcyvinxc+cA3W+nqDnodg5BQZGQmt1gFodfw8d7bZZCGYyMjIkHy/Tc5b7CBgS+o9GvzqzbM8BEP0qzfPIvUeDU7/byvG/Gc8ytacCen3OXF+iTWkeyw7cmSa6+ImbZLrYsRUitEZc/Hq/1Qr1i0q0WH69GTFfCG8ItSmrV1u273/3rnOV7upflXzfS70Yh6YPIuGX+S0x7EEczSbvW5X7BRD3GVMFICSkJzmVZuD44fhZz9ZIWhDrr8AB8vIQTA5025F2aGdknYraxzIiubuij018gNkRS9BZacDI51zlJrun/CW0TGxiI6JDcljae17n2k0Go3HX5RXVZjQfMEiC5gogTBEckAMcXOhwyaRtNJDW7Fy+a146Zl/ue2TJ/AFAE6Wn0XikHaP85CcmgGHwxGWD6uV4Bfj8FEYfqMUftn62t8AAFN7uF8SBomot0EUtX3qqepbvkf9a3/Dosd+xqc5UI/hNy4HvlaGYJh8E+3s4U7+dsMQgy8NTa0BCb68uPZDfL7F5a62+u63BY4woaJAHic5HmgQZlzuDKQkxfsEwngDwah5/4QT/EJ0tYsDeq92RCIiJt653cpvC+4LUPb58foIPo1sC9rtaOW3g7ldwa+dmKTXSxT4IpYn8OVoqw0DhrpCCl3+7nsMijFgMFVmfIquhz3k6gvCHwG4w8dTnBbn7S13/f2yvhNHW22YGC/suxiEkROBYRgI03tqrzjeo/qrlsznt0988JmqOjeM4+4ZjBs3vs/rrd28o1/mick/mjZtNr/tzpWjL8upBXhoqQkT5G1YpbI6+cfaOanf+2Vfasp4MxeBuJahKM6t5Igkbfxw1z2yo0e9mwdP5enwRmr2700fPLXXbjnPhzTypp9qyyvtf/Lk4Dkm/ALAZKZJSWdTeXA6iBBQhLb96Q04JVjb7y8pHWMaTc/vTzgcDjAxRUZGwmgwwGxxWrhqNbDbXQ+5M1KGwdxlBeyQgjIiEfglPd0Iu0GLVgAjc7gLkG6DFpHO7Zoy7oTISKWVmlthNGiRns7ZiQVz/dpaswAEUpTdgYyUYahu4B4q2a2AXmuH3XmzyWgwwB6CP7v6/UPTHYDLNm76xDwcRBF+9eZZQblFPxmLASMH43RZq6Dus28fDMkbtAvuXMA7oBAIpKvzvCBMENkGgAOl0u+4xsZGjM7wvC8CpxBgRtjGewIIRphf7dPYDpReRYSzXyQEEj0WGv4hDjgsBBInm7VFNt0T/AIAczSb8VHTEixM2ixwT3F7bGSMg6n6BHIUXFjEzjDeaHD8MKD6hKSNi62ciwtRYfcTWIjNbvtH66FrX0Vh9xM8OJMf+QoQ/QR+dmUd/naIK+MvCCZUtereH3o8Kbxj4Y8AcKGN5EIMEdEgDNGM6ZOQOlzo8CUGYtSq7lwFDhwsFexPqS8AB7/Q/f/4o397nIu1730WVg8CXy+6DsApr+CXSjMHrdR9vRepN87u0f5JGKRAkD/CH9V9vZefn61eQDC7Cmx4veg63Ms+krwWHe5HHAaHSAxCiMMAqYVoACH4QtoKdMeXtGRdWBwLgT5OORCGHEe+gDDPrvtUVTkWCkleEVFxAoBEDiYhEsMjcjCJUjtB2e6lS+wAUSkSDkkN+AIAD725CWvfet1ju8cbbBIQJkEhrJFceou1w6vy7tJJf5RCIPHXZW9uwturlwKARxCGwC60EwyTf8T9uv0UNqy5DpNGRqO0phO/W8A5kJUVvY+cuBiUtXVg9H/9FaMBVFWpb3vXrlzVYYOOHBmD3NzT/VKvv+eJSV5KcMXo3Olu68k5evRVudHOp+zuQBclid1U+O8Np5NKpEGvWEbwPdPgHzhQbl9022r7407BspbegkfBqkttDajYI3V+s7VL41zqYjm0tWLPB5J8Xexg2Toax2WP+3fXpi/jAYCO9ov4tuDviu2J96VxXJaU91Qn2BUWIZDSRo1F8YHdkjT5L/wrrpPyo9z/n/70ClXKZQMUbu0zMYWDjAYDzF1WgfNLRgr3ANQYpYcZVqjxwCUAiZwIOMJDJVSaGgVLfQLBqJlzMs/VDfW4etUGKyKhpfK0IfjDqzk3TsOP7p2Ml989gTH/GY8P1hxEzphRwD3Cq8nqfVdQ9o+DfAikja8sROvZkpB9D45MH4w9++AMfzQBBdsLsGTJKpxtaBeEDCIhkPgLIRP3ILixkYuzWlG926v9VlTvFkAuycnJEijG23ZHZ8zFnn3vyTrJ5M26m/uudo5pREosCrYXCMIgjUwfjHBXicPpwjIYAITr0XnJ4lVbexxLEIf7eq2vZYd2+gTGfNS0xC/7Hxw/DGgC3r70OB7Cq3j70uPIitZgwTAN0q4dh7JDOzFkaDKirzWo+6wvP8xOCkS6Y+GPMGP2QgDAgb0feYRgAA56sVraoDfEARACMd6CL2KYhm5bHJKJFoFfVj3woKD/niCYcJU38EuWkQNFNu4oxq97CMCIXWD6U/5wf9m4o5ifn0pzh2oI5khxOTsIg0CP/ceNDhp8AbhwR4Ee6mjXpyVhsT7BMk4BCEOFRSJpao+nvoa/QkG6gQMFr0n4IDockF6rhRXScEIkfBCdro3Vw2azScIJhUK7TMoi0AvgHfgCAIf27/XY/uddo4E4wEwZsN4SVdGnY/y8SwivIw5AfanbOof27+XH6S0Iw+Q/vfRSB6YuGIrv5tWgdNdInBnxT5w56sy8+R/AFz9B5z3vovQccPrAReTmsnli89T7ysxMk4VIZs6chqamJt6xY8OGf4F2F6mqMvHhdg4d2tsv5bjX//IbNBF9DefWIocOGGSA1Zbm79H5Pfc4Oyf1e4kLjBr3F099cdcfi1X6A0yluaCdVwJxLQ8d2ouZM6dh//5DssdoMKvtgnRNuvVJsmWjZNK73eR3e6xT53H/cm0qy317/u+/KL/+iOz+g0lhAcAAwK+fe17wevP/vi+4iTxmYr6i7Y9cOl0XGBCS7TMxhaNo+IWAL7R4CMYH1ZSZMAIucIROC4f6ciKACxGZ8+qGenSiA2atBsYoPbq7u0PqOPv9Q9MdP7r3YUHaPS9Mx8GjRaj7QGRAcE8V7vlPITkeP2JySLvAiHW2QTlkx4xJESjdybm5mEylmDOL/s24eqcWOdhFuZx3DjCkzoxJEShq936M4SibtQWVg/Nxolb5EL9wvlF1e/pEwNrM3a/0RkphiEgIopxpt/JhkdIyxnkFwdBlFyZtxh7HElibgfzIV1Ay9AlYm5X3T1xk5JQVrUFh9xPIitbwLjCD44chDUDhx+twx9LHPX/elx+GLjaOHYiUCPwyadoilB7aCgBIHMJ9h51vaVcMiUQDKnpDHGZMd4VrE7u4uBMBXpTalhMX8sjA95No0rRFmDF7IQ/xMHEqKfpQMzlvseP9KQ7V8AuBZSp3FPulD4HgAuMP9xciMj8oLlcNwbxedB1Kij7UsCMyMCUOdwQg4F1fmAJfr/3f1xraDYYcY764wTB5p4go6fmeUkghOfcUpZBCcvWDsV0WAsmzegN8IZo2c7bg9ScfbkTCRO48RRzWiMjf6RdMDbh98TLhOfYxz+fvZJzegjBM/pWpiftq+W5eDXD6Kz49bcxNGD77DE4f+wpNbVyZcePG45sTJjZPKuaJqWeaOXNa0PZdCeDJzExDxZFGr9oaPVoPADjWqL68xXrVoxPMpLE6WVhFTV+86Y+7uQjmY7GpqSl431vTc7H/4BFJWnyCsU/2P2K40Rk2SJjm6/793Z6/5jOY5BcApsrUHNhf4mdO4svPCiVpOclZ/OvTRwtZ+6K0QFKgH2NMwa/u7m7UWsy42smBFtHRMTB3WWGM0gsv7kXuMEajHmazlf/PX8TWmnkXmPjnb0X988BAADBoUT9rCF+OpA38xfVcWedrwY2bIK0vdn+RmyuzxSKBYMwWC6KjY2CHHZ1tNlTDhsjIyJA51sTwy5MPjMOyJz7i3F9ygNR7pPd3T/9vK8pOn8HGVxbyaT+69+GQhGBef2M9Yg3pfDggAIrhj/wluZBJSu4vxGHGnWg3GTn3F6UxRUUPFYRBev2N9WH3WUxCHW1tmwu0aTAu3YGsi9w5yttwwbpqQh/RmqPZjI/gvdOKqfoE4IRb/vYP4Xr84mcPCEAYAFBzmfviH//Ib39WWIIf5t8HJHGAzp8qr2LhjcMwB1x/3YVBklN+5Ct8GKWFSZtxsZV7cM+DNNUnUFd7UjEUUktDFWztbRiZPTVszwcO7P2Id0mR0/L58QCEAAkBX+RAGBp+kZMYavFGdNs0BEODL0MTYnGy/Czv/jJp2iIsnx+P0kPu5yCcwRh38AsJ60PDL/5UILjA+MP9RSwS3qjS3CEJFyWGYIAsdmESgBKDL8EQ7ogpuCQXFmlc7gykJMUzEKY3zrmvXEEsfU4h43hC3FDs7VaJe4pYxGXFardLXFmCvV0mhfMlH8EX4uBCnFXchRT65MON8tcsfghnpD5dp9gPseix8OPcD8E8MBCm/5Q25iaYTn+FtDE3IS2J+zrRJtwItH2F5OTpAI6obuupp2KwYY26skuXavmwQX1dr7/niUkqdyGEuDzus1IMUWRmpuHQob39Wo6/J0I5whCJy6iRO0jFW4Clp3U91VHKV5oLej4CcS09HYfTgpfR6ndAY+Fddwpel5QcCaj2gm0+eyq/ADCZaYmSNFP5STAx+UvsGGPqC9HwC3dXxAEzOAhGDL4AHNAh/t9ktsJqsUJv0PMAiFEElIhfy6XR8Egw17darIpzBTPQ2dmB6s4ORMfp+Hm22zXQ6gFYowDYEBEdGVLH2Zwb5c8i23KqpO4vRPdUAafVtxXMevSXKwAAa9eTMEhAwfYCPvQRCRkkFwKJBlnUhCoidQBgz773AEiBFQKyEKhldAawaevfezzOvFl3C0I6Hf12jyD80aoVswDMwisv/zpkP3MJbEGLuL4siuPWT6dJAPTCcDzu4BcCpADwOhwRcXIhyhg9md+uruBCCdyw5hgA4JsXJsjuR86tRU5/+ds/AQCP/Ox+3jkGacDzsyLwUdMSLEzazMMs5LVSn+l9kjBI+ZFcKABT9QnkZ7zCgzQ5027l54hAMOJQR+EMvwBAesYEn+oNTXA9RqJBGLEDjD8lhl/E4Etfz0GoyB38QsL60PDLxh3FWDZ/its22y60w97WjPK2ZpSdPhPQ4//moPv8nDGjnGNKQdwQ5eNs2fwpgrkhEMzGHcVYBihCMEyBJRp8ARA04EtWVpbD13qVlZVBA1mE4jjlQBg6LFKgH3tBdw+kq413geEcT5RFu6e0enhQRLuyhFq7TM7rLh/BF280bgD3K/TxKTQsEtOn41yaxo0nQR+D3Se5H2c2KQA7cvIVhGHquZ56KgaSGPazbxCmjSFpwNGj6tt+6aUOpKgsu2mTnQ8b1Nf1+nuemEJPNGAhTVcn2sElLSXa7300NXR61S7pj7d9cTcXwR5GKNh0qaPLLRhSV1/fq/tvu2DFD26+2enWIuzH2XNmpA4z+9SuUnuTJwNffvEF4obo+2W+6+rrcakjOM5XrgnnN0buwp/5pZ2Crx4NyfaZmMJNEdGRgD2Kc7m1O+8lOiEYGn6JjtN5bItAMNr8RT3qUzDXJ/CLpzm/2tmNzjYbzHHcfHM/utJAq3UAWp0EPApmyYU+AoCNryzEsic+AiB1gKn7wIG6DxwC9xeicAuFJKcDpdzNzLQ0zkVhz773kJyc7HztPlQRAVpIPWH4JN+VljaJAmbmCvoakRHen7M0bKGLjRPBFht5+EWnT5A/yVaAXwjUQaCVLy4/AhySh2DkwgqJ64uVMXoyUFiCXOtf0Ja5Gt8AOF7KPSUuKtzWozkZHD8MOfHDUNP0L0w+/woKwTm4FHY/wUMwxMnFE2DjrhwZNw/cODUyeypzfvGTps0QHm8uF5WzAIAZ0/0LwJwsP8u3DQCrHnhQkH/owE62KD5IDn7pqH4PG3c0S+AX87kzyM8ZLIA55FRrauC3CUDSExmGjwQgdGspLykRlMme7Po8azrPnZNZztX4bZ5qTQ1uAZjUG2cj/9wZ3lEHEEIwq1PqEJPh+t7lIZg3N7KDMAAkB74AXLijQIcPsrKyHJUH/o6sGT/1um7lgb8HDQQT6uMUgDBUWCT6+GQgjB/ugVAhkOTCAAmuPanQQXJhhATtUm0FdbuXLrGDRO7aSwZ+UQJflhvJOZUIXHE+NxmfosOX9fLhLAj4Ig5T1Ffhj5T6466/JE/cxnI9Nw8bVIZGYuq5XnqpAwk3DBHeq3E6mpCQP0Qt31zAvHlsntg89Y08u8D0rI3eLNcfMlDf4d66uxhE3/91nZ7Leyrj7/lka87E1HsKGwCm+MBu1n4/ts/E1FN1d3f3WtsXzp51AIBWGwXAIQHfxfCL3eq+vfLCT9mCqV1TO+fyQuY5Ok7HwUd2B6DVwG7lHHl6c/37Uu4cW/75h7m42FKFX715VpD+59UjMDgh06c2g0mT8xY7DEm3AwBqai9K8tWEQUpLm4S0tEkwmVwxuZcuihK4uhw8WIbp03Pw6v8I4RilUEVE4jBJj/8iQ9Ae2S4q0fF9oUMhyY1HHP6IVk3tRYxMHwxD0u2YnLfYUVL0YUjc4HcHWLwx4ks8jwhF+KW27rwgfJCsCrkHwDuyZ2N+eQk+K3Q9ECZpKCzxWF9JWRNmACjB+7gfhvQ0Pj0hYRji49NUzcFXh34jeE3GtCN7NirK1zv//xE7smfjFXwMgPs/v7xNVX9JfboMaZsWPTcJKZmwtR/2aU01Gs1Sh8OxKZS+n159/kEnXKJe02bcikMHduLxp9/h21j1wIOCEElWS5ugXW/DHx046PpsG5s9gm+XhDgS75/0Sa1Olp/Fq88/GLbnJe89lu3Yv+V5WfhlVwF3riKGX8bmaXGyyO62XeL+4g8Zho/0KUQRqZM0dDKazlv9AsLY25o9usAAcM6REIKp3FGMXQU2zFvwngSC2b9lGd57LNtx72vl7MF2P+mx/7jRIQe+AMEPHKx+/u2wWMNQGudr//e1hnaDAaQgDJNvar98md82Ov+TMEKSz/x2100QElKITqNFt0FCCgVru7bLl7mwz0yK8uz4Ih9qSI1ImCQE3I+MSz2WEI+ZhFby1hGGyX9SgjqY2Dz1teTcQaqqTOi2NAZ83yMNybBarT07xnrB9aUn7fekP0pzESxrqXQsBqM4t5T+0bUxrvCFbResfm3bXXv9OeZgUY8BmAfGbQHqtsikA+dxR0AM8rk/v87a78f2e/MYe5O9h8NGkZG9FwZnyIgRGgAO3vXFKS3ssNpdX2DR0TGUQ4m8JjlD/DCpW1Ot1gEgBp2d3M2BzjYb4qIjYYfWNddaTa+uf19Jyf2FaGAU9wDpz6tHYM/Xh1BQZsSCHDOAEXyenELNBeb1N7iH9LGGdBRsL0BX53lERQ/lARESMogOgfSLWz9GxZcfC9qpqAImJV7F6QPS6FGFWwoxKRE4tktY51jVG8qfEwCO7eK+iyYlXkXhFmF7/GdAIgR9IW3+4lbgAHWfLG/W3QC40EdEmzevRVT0UH7sZB7CQTZrCwDwoY+UdPeiWyRp+/YXC15nZyRje+QGzMlbjqHGZJw3cxee2yM3ICkhH7NmCkOVnDc3ory6ka8rp/LqRjS1tOF01bd82sq6P2Jd6m+8gl+I6Hbm5I3jxmZMBrKBOeZGDF00BXdT5e9teRl3L3pSMm65/s4BgLxklFc38vlJ1Y3Idu5HPCZaNeWHfXKBCSUIprb6GJaueBLJqd7bNT3+9DuYNG0Rv31g762YMX2SIFQRgVYAKRDjTjTwQkTaJCCN3P690boNO9FYV43a6mNhe26iBL9UmjsEYY4I/BKTcS9Q9A/3xxTl/tIT0Y4uYhGHF3GaHCyTNFSPpKGTJY4xPr1fPLjAAEBMxr0Yi/cEEAwJj4QCyEIwTD3Xi2s/xOdbXuNf/+UPL2Pe/Luwa8c2PPJb1/fJ6rvfxptPPySoO2/+XSEHvgDAr1ctRkqSy9mBjDHUFIrjlAuLRI7Vj4+9zd7wvpx722xwOFz3P0xNTW7LuntNS/wgyOqhD4HebkdHB+LZ4SIrf4Y6GjthkmxajE6HOIMeOp0OWu0gAMCIEX17fXz2bC0AwG6/DJvNhjaLVbG/gPqxMxCmb+VvqOOpp2KwYY26skuXalFV1T/1+nuemEJPmZlpsoBEZmYaKo70DvRBu77Q4ZOURIdA8tYxxpvy/TEXTPK6NiYKP7j5ZpSUHMHkycIYcCUlR5Cm610fkJKz5wEAM6fnYv9BYciimdNzfW7XU3s3XZfaq+My2b6Xnc/Jk3Px5RdfBMWx4ZeV16dKvc+sdbvYO4/Jb2LHGFNvO4BERkbCaDDAbLFACzvs2ii0tXWDuJNkpAyD2WIBtBqIQRlaZrOVLZaMjO7AIK0GGYZhqG7gHnhY7VHQa7s4CAaAMUof9OP3BL+INefGaSgoU+8+8KN7Hw4ZCIYAH6tWzAIwC6+/sR4L7lyAsw3tAliEFgmD5K18refvdidePwcjUmJRsL0Aj/5yBQBg7frw+XwocYwDBgOaC/my7i8tDe7v3oiBFq4S8GjkBryHJzHUmIx7W15WrD/UmIxZRg4UITCNEghTXPw1v625kI/9Z4sxeLD3N3npdkgf5LYBDtCBDwwgPQal8Yili40Lewimw3YRtdXH0FhX7RMEs3x+PDbs4B42HjqwE9Nm3Op0geGAFVqrHn4BADy6rhBXl7VvCe96EoBm1QNCp5fl8+NResj7sRP4pcN2kZ24QCX84kHeuL8oubuoAVXkHF0s52qQNHSy588KGbBGrUuMWhcYbyEYJv8oLVnnVTpRQ1NrSIAvd0xI6tXybJx9LyUQhlZP4K9wUlRUFKKjXb94HprMhc8Uu6TYbDbo9cLvJiX3FavVCp1O+Pmi5L4SVO2y0yKJaPjFY6gjyIcUOvlNKR69IRqfd43GyAzpOffIjAwcOfg1zgXg+HOn3yjb38+rgUdvqMDr35Ri+bx4VfMgFxrp7dVL+Tlm8l1PPRUDicX3GIXCs2Nw9Kj6tl96qQMpKstu2mRHbm7/1OvveWKSV08dVJR0URS2b/C11/bKfpYvv0+SdujQ3j6dw7K6a2TTclK/79N+9NZc9NVa9tax2F/iHFGOSNLSKFDE1i49sdPFDhaeT7a7P/mjy4vLKgEv8QlGr8bS2mJ22x69b3/2ny6jNJ/kFpJGo1kKYBMN1QeaehV92rblY/aNxtRjPTCOzQET+swBxGgwwGIxC8IcZaQM4/PMFguMBoNi/Sa2VPLz6i7PCbhkpDghGG0X2jq7ER2nCQn4BeibMEWhEAqJg16Atev3KZaRC39U2nwn3nzlP1Dx5X04UHoV+Xc/istVb+BA6VWs/K/1fLrStrvy6/60AjMmReBC9N04feADzJgUgdE/+BefrnZ79RP/h0mJ2yXjEIc+kpuPV17+JOQ+E2zWFmxtI+GhuGdrjiGFCif0bUgwpnnV/uvdy/Fo5AYALoDk9e7lKIf7X2HMmjlF4ghDtgFg+ZJHAQCHv7ofaye63nPeuMA8/8xvBO2UVzfyAI6cHo3cgPcSnpSkk76phVs8aWT2VI/wS2dHO2ztbYr5oQTBAByYsvbdd3xqY9K0RQIXFjn45fOP/wUAuOWO+yRwi5pyXJscLEm7v3irte++w0M4DH5xHgMK8AsA1Ld8j6kqYQ217i/u3F2yJ3NuLUqOLu4AmfKSEkXAxd1+vXGJUeMCA3AQTH3B32Ac7kpjEEzvatenJV6lE504ciAkHF8e+e2TsLZe9ao8G2dwSALCiOQr/BVuGqSTfnYTAAQQQiB6GRtcOo2GS+g2gr3d7zSR7EARaW+dBXv3H8Lz/+9ZPu2WqAq0UPfQSLgfscTpxxtsOFlfiuxs+aftTc0t+MEw4efb+BQdjjdI4ZC+Sv+yPkL+/TRwAE4eK4Vx2FUAEfw41c7FLVEVrpBPTH7RSy91YOoC7n6LJ0eTlm8uYN48Nk9snnpfalxD6JA8xPFEDvggItCHGJKQC+3jTXty/eD6vldShx4T7dISadD7NE9ipxdfwxSJ2/FXf9TORSCvpbtjMdR1/YKfCl5X7PmgR+UvdXShpOSI2zbq6v3ndFtXX49LHV2AYYAgffScewSvvy34u9t2vC2voKUajSZgIZheBWDSssfCVH4SP/hhvusDwNSMzLRE9lpGbG4UXsuEP6LfYAA2gSnk1dsOMERmiwWdnd2IiO5ChmGYJN9gMMDuoY3s/NvYglEqL/xUMU8MExHYqLqzHp1tNpjjOECmr9a/N+St+wvRmoV2vPCREXNuVFc+1EIhAUBNLfcgdvPmtQDAh0KaeP0cQQikHp+vpE1ChQeL2OTkZEkopZ4ob9bdvKNN0b4tKHKOr6b2IkamDw75z4WtbXMxLt2BrIuFPFTxy7MbUVN+GLrYOCSkZLq2vYRfAKeLSgsHvzwauYGDX6obVdeVc4QRhwsi8iUEkljnzY0S5xciOfiFH2O1f21V5eCXFrPrglgXGycqs1FSPlQgmBNl+/hQSCuX39rj9kgYJAA4cLAUn3/8L2zevBkA+G0SyojIUzmrpc0vYyWhj06U7WMnLU4pwS9Hisux6LGfqWpDjfuLkusLkSdQRQ2gIgfBEMCFtK/Uh+zJkz26wRAXGDVa9NjPsPW1vyF3SjafRkMwix5jx14gKBTgF4CDHUywqYJD9PERQQtHhMs4lY7Vj7OyJHdbfYW/wlFt7dxxE6G9ing992C/1erapnW1wxVOKyImnk8j27RaqRACwdyu1g/8SzD8OtZXuTuH8UbDhqej/lwtBg/hHKouttuQkZklKDM+hfvsStDHYLzcNVkvpwvuW2VmeexvT+Z0QPZUPP3fv8fsmdPYh5QPWrt5h3NrB+r/5U29nu23veJ4UNSTzlXfzhNT77mGTBqr40P4GPTysJ6fovP2SHTfvAk5ZNBH8P2/71atbJnSkzbBPtSMl5T1NlxSb6qv1jIQ3Hz8fm57wSpJuzbOdb+CQB+7dnHOKvPmHcHoOfegsWy/bPnknJluy18blwLUH+qXsRrTrnPbz+sX/FQwLlrqytfJzqeMAhaCuQZMTMEvBsGEgXrbAcZuB2otZlzt7EZEdCRgj4K5y+q1A8kpJOFUYQm6u7sRGRnp9X+xfG0nUPbrvITHJAVsiKTSp63mLiuio2PQ2dmBzjYbqmHrMwcgf8tb+GVwQiYutlRJ0tQq2EMhEeAFAF5/wxUDiEAvAARhkGpqTEgjJ/6mUj69sbERQ2TSe7ItuMjoQTs1NSZBW+JxFWwvAMCFgqLnI1Rks7agcnA+AA2yLhZCp09Ai9nkhCo28i4ktvbDPoEvYhEXGOKUUu4lMDJr5hQeghFrvzPdlxBIYpVXN/IwC+3oMtSYrKp//nKBkRMNvJC1IZCSkkIBgjleVoRxObNwYO9HmDF7IVY98GCP2qPhlyVLlmDz5s0orXL+CmfzZj6NwC1qytEOML5q3YadOLD3I37M43Pywv6cc+trf1MNv3RUv4fCsosoLHsFy+ZPQeqNs/k8OfcXOeBFztnFE5hCl1EjJfcYkqa0P1KPDqUkB8SIx1r39V4OagEwNk/o7OIOgtn62t9UA0ZM3mv1828Hdfgbb3S0rB0Tc2J5OKTZzQ1iGgo5WtbOxskUdoqLjRAAJPEKD1oASOAROZhEqZ1gbFcUgaAnCuhfx/ZUcqF95NKE6Z0Yn6LDl/WdqD9Xy0Mwl698h4zMLJw+xT3cp8EX9W37P73F2qG6v1/Wd/rW3y72edRTzZ6/uEf19+74UFU5LmzQKWxYcx0mjYxGaU0nfreAC8tXVvQ+cuJiUNbWgdH/9VeMBlBV1T/1enu+TOUn2UHnpdS4hsgpJ/V7WacPX0P+9KQ9T2FzaLeRuk7f5smT4wsBXbxtxx/9od1gfAkhFChr6e5YnBak/OWI4UZn2B5hGhENfRicP8retSsX8+YdQXLOTJzeuw0AEGsYqqp8Y9l+tFvO99t4yb7HzL5L1biI1Jb3NJ/BcK7bYwDmHwUtuC1PGuro0yIL0u9gX2pMPZe7Y4x+g4FBMCGt3nYA0WqBq53cPrTQAloHAI0g5JFd1J+NZq0A9OC2gcmTb2cLRunIke3YaHYhLnY7MGAAN1dimS2u9zWBYCKiI4PWAaYnYYkSh42GLw82gzkUEg1/xBrSufHMmsCnE8mFQQKAA6VXUdp8J8ZQ2/k93C5tvhMo3Y78TN+3x0RLoYuifVsk4Y8W3LkAe/Ydk8xHKKlycD5O1GqwKG43dPoExXK6WA4WEIfc2bL1c9X70mS7HAibWtp4Bxdv2qDrA8Dpqm/5tJkzXQ/HxS4wJ09yxPzYsTMlbT3/zG8E7YidZYSvT3jVv96Wu/BIkvkPcghmfE4eTpTt4yEYX0Mh8TdGnA4wBHBZ9//Zu/P4qOp7f/yvM5OZ7CvZF0gEAoiyCoKgBa1iWxXFa4uIvSpdtYtVf91sb2+/rbe11621tbUt1tsq0lpRFBVRAZUlsoU9IQQSyDbZ90yWmTm/P07O5MzMmZkzk0kyy+v5eCiZs3zmcz7nZDLLa96fl7bbpyx64aXtWLt2rUMFGC3bjbYCzMa/Po+9u19H0dQ5OHnsE4ZfIAVa3IVfVq1OcNn2va0jb7y9/NYh/PCaFRjq/hRAgUP1F0+VXrLTU1wCKlq+Ue2pKovatsoQi1ofXB5XPIRm5Ooxch/kYx3q/hSGxCvt4RdAqqbjPL3RqtUJeG9rmWoIpvfcP/jk2UfFKhUwnG07bsKzj34D337sT1h1s+dtH/qPa8RwqAKjDIcAxTBeiEfRlJFv88m3Qz0UEinHORqRFP7SyhjvWFpfnj5IOR1QTFIKenp6XKYTkqcPUi5PiYlBB1ynEwqHdgMobEMwvk73I5OmGtIheVK2PVQCAOWnT8BqtSi2gUNVlsyUeGw726val8UqGSdP/dLazom6HnsYx3t/dS735+vYUHB7/PFeZF45CVh1HqXvXYKzU/6G7ovDT52+9Fcc++dXcP76v+D8UaCjrAuLFrnf7+xRIDtN8Lrf4tXpGHLaDwBw/V+A97+Kvi/9FaUXgfK9nfb9KPQV5sWpTr+jtl17h82+bXWdeohEa3vuaJnCyetrUz8rrbR32DRPheTLffjbH1/HItjOZbi67dZbHG7LUxOphVkAabYHOfwxc8Wt9vCHlu1z5y5H1/D2zkGR8aIWZvF0XL5u7248Q+W5LivAUDhhCCaMjVcFkLg4xTcw+qUH65TsWTCZyhy2u/r6W9Df4bp/TIyI1NRsNDRIK3NyXN84iaR17e0NWLToFtdxSpGmNpJDRf0AsrNnoaF9n7Qe/ehHjD0EE4oVYPyd+mi0QnkqJGXoZdcnx7Hy6jmq2zkHR+ZnvYmdikxM+d6RuTh3vvr0KH++ZdQ/l+/9J+ZneT4GmfLYdw3PRtJuOh02j+Unq6TLsiL5WizASTTVuX41Sa4CAwCZedOQmQfUVJ3CD3/8Y9U2j5VsR+HUy+y3kzPy0dPehBkD30FFn/Q4/o3lT6ruW31OCpgo93fnj3/5Ow4d+thluVr4RS34oqRs51vf/AoA4NyZIy7H4U5nc63qsWg5Dud2a6pOoaBo9pic71APwZw4th/xCckomjoHL7y0fVRtpaSmOVR1kUMtADB/yRpsVlR3AaBpOykI438FmBde2o5f/uoPqDp3nNVfADy9/1I8vR/Y9O0Ch+Vy+EUZ4JDDLxUNvSjOkZ47VjT02gMggPSGl7cpjmS+TiGgZeojtX3cTaXkT5/UgjCGxCuHA0BwGBdshUMIJn7q3Vi1+h+qIZgbfyj9nbibL380KS4uFiv2/hnFy74WsDa/89Pvh2UIZtAc7zD9j/J2qIdCIuU4nT30H9cENPxVXFwsVlRUCJH0GJKW5Fo9xd2UQmrVU9xNKaS2fyi2GxP4tyHCKgQjV5DbYZ4hLXBXwWR4+Q2x7itnJk/KtldRSUhIQGdnh/vf67O9uPehn6mu+9tTP1cNwQS6HV/6u8M8w+vYOI8p+Wf3W68hYTjAlp6ZjZYmE9IzxzYAObTqPLKbRl7fx2ReA9u3K4Dyj+zLLrvsctX9UP6RFH4BMHPOZ1Cd6X6/apPosJ+scOZnMHnFWZQf/wimNtHt/am+H+JDBRd5LFuaTACAnq4OFE6byYvOD/5UDQkm4ThtTqSORahfi86kEMpBl2WXT57idp/2dociC/bqL75sf9NyaZ9te0pcKqRcuNiAm4anNHQXqpHbXLVK6rs8DZG39nztp6/bXzhVqTqeXt5WCqrnugEJwDhV4iAKOB+usTtFUXxFEAQOWpgZjwogyvCLHMC49tqRcpAmUxliIE3R4xp+iUFMjBmpqTk8WQqpqTlob29Af7/j72R/B9DQ327/Y5+dPQs5OTnIybkdO3e+hn7FpEhxcfEhVwFmosIvslCeCsld6EWu+iJPh3Too18CGK6y4kS5LBA/B6o9AEgdfu9l3sKVOHp4l8NxqY2FXBEmHKaUAYAvX3ICPR1N2FJ1HYrTmtDT1Wav9qKkrDRSU6XtTRllsCMhNRPXt/8OFX3fdlmnVAgpOOIpbAKMBE7Wr/0eAODAR/d6nALpxAnP0yIp2/F0HFqOVdk/T/t3Ntei+txJzFVZL4dgzpcd8KnKixahfO1ePncpenukqch2bHsRN9x0j/9vLCiqtSiruiiXrV271mWZp+1GWwFmx7YXAQC9PZ2s/gLgyP7XhH88NEsERgIZWsIvcoCj4q1D9gDIsfLhiG/52aA6xmNj3J+h7prhANAnI8GWQ2U+hWC+t/Q07n6qjC/mAuDbj/3Jp+Xh6uixLjTWVaLO1IyqM0325fLtrLxpPM4Q9NB/XCN+56ffx7Y7HgpYmxV7/xwRIZjBwUF0t7XAEDXylnBiUhIAoK+vD/1mG/qMOgx0d8JsNqO+rQ3JiuopBvnvYV8fbGYzdEIfOvv7YTab0d7YgOjE5JE7izKGdLs6wwBiAzz+ep3uzviExJq+3p49yuWhGopZsnyF9J6Om+CsHOh4+7WXkTlPOeXPyBRIsvR0aSLj/v6BkefjTlMgyaGV16ricXtRL16rkpbLP9/70M/wt6d+jpumO04v5DzdkK/tqMUJ3PXXeQqk1uo6fOH2uzSNE4WewmwByP4Myo9/hJjMa0aWz/wMqss/Qm7uVXD+ALEwW0C1ScSKFStQfvwjKfwyHHDxtJ9z24UzPyPdP6TgDdo870cTLxAVVNSkDgc5U1NGQtDKyiapiqBndZ2G69pNpRV/p3AarejceS7LBuqP+rxNII3VWIzXufR0LYY7Q7E0hkMVNqSmprqEP3zZ3t8pkLy16Smw4m69ln7mjvFxDQuaEMyoAzAXxOsc0p7KZG112Sm0NJnwwbs7HdZXl2UH7e3qynLAaf7DyupG7H7rNRROmxnw+1MKVNvVleX2ORwrq0dKb+9+6zVUO52rYD4X8m1h6gOq41VdWQ7AtfS3IAisBBOGxroCiHPAokgxdYYsO3sWysr2uYQ5ADD84umJmz0EEwvlRFL9/QLazR2YVeT4odusWVcBAMrK9o3b+Q+kn3/jKjEYpiFaec2SkAnBLFh6u7jmjh85TP/jTA6IzFu40vH6yg7dKcfkEIw3a+74EQBsEgQB4RCCqUi+FmgTUF1RissWr/K4rT/hF1lCaibQDhTHjf5XQD/8ZriSpymQPugdmQf0s/GO0zg+9pMf+3Qcmo//3MlRHaPWsfZHqAe45KmQ5BCMcyhFi5TUNIymWksg23z40eexY9uLuGzu1Th57BM+UXFDLfwy1P2pavhFud6QeCW2/zoyp/ExJN5trwAjW3TFLIcQzM1flavkuA/B0Oj9cMPtyMt2/er6s49+w+F2namZg0Vhh+Evz/r7+9HX1wdDTzc6e0QkJwiIjolGW9fIm9QGCBjo6UZfXx8EQQAGBmAzt0EXKwXXbeaREK5uyICugQH09PTAZrMh2iairUtEWpL0HDyk200SAh6Asdps6OvtKYiNjfmPmJjYPYIgNLe1tVlD9Xp6+7WXfdpeOd2PPF2QJ8opkA40wx5aOVrdjtuLjDhaLX1YM/Jzqj28sjhDfYohf9rxrb86h2mhfBknOShDwe0HP4iH8v1NAFg5c7HLMqyQnvMePaqy30zlfmb7ba/7OWyjWDbTdT8KTr5UDdE6xU3pqR7Mn52gaTstquv6NE835I2WKiNatlmyZIXX8dKyTaD646tgPJfhWM2nrVXbuRuqkEJFhmId8Gngttd6/1rb9KW9sTguX+9fIShCMJwCScW0wiyXZbt5DKHmTgCviKIIVoMJD2NdAUSv1yMnNRUN7e1ITc2ByVSF7Owih23Kqva7Cb+IDL944akSTFnVfpcQjMlUZd8nJzUV/f2hdbwZUxYESR9KQvq62frmVvvPyrDIX5+6DtfeuhE739gQksd17a0b8denrsNXHvrQ4djk45WnglIT6kGCno4mnGwT8OVLTgCXeN62r3viKgz2tDfhD+3ftodnpKmU5qpu6xx+kTkHX0JBdv70MakCE2rXrtp0QHJQxN9KMKOt1hKoNktLttgrv6iFXzgV0oj8zCiX8Iup1OwSfjl4qAz5mVF4+L+udpgCaDyd2q/+RGn20phx7YccAHr4v4DSrcdR22TBoitmOYRgTKVmZM93DMHkZ/6FF9wo3TQnO6jaIZooDH95d92UKABdwECXVB5lAEDdOSQpN+pW/Kx8utFxXuUJyXmkAUgDgE7pvyRFG2HTboCZzf0Gs7l/ZXJyyn4A1aF4LWWnp2BSVp7L1EZqoRNJfEDu9/aiXtxeJH1B4RcrR76oIP3cO+7teHNnoeuHlGpjtMM8w+dpMUnltXxXh+q/gfT4471YvHrk2/dy9RZnhdkCDmxtwapV6vt52rfp01aH/TKvnOTSttr+yv28kb5c7PvYkv/8rRpyrCbK7fK5BRYAjlVCnDmv09Ke2/ch3IRDZiy6SuWAXY/LpVKLlm1U+LVNAPozI3fknPkTlAmWc+npWlyyJDR/v6ZMzhmeBslxmcv7FsrQh5b3OTxsr6zEMmVyr6b719qmu+NxVx1Gaz+1bu/L8bh7ClQ8tfD1inPVE/bJXkACMJ/L3GT/Oe8yA+qahkL29h8rFyCchfS5yvT5XLESTBgZ6wogcsBCmpJHumEylQEAqsp2oqM/1c2eMUhN5QtULVJTc9DQ0AHnby30dwClpftRVgXMKloKk6nKvo08RVJMTGgc44Klt4vPfDt4niWuvGYJFiy9XTyy/7WQSgJufXMrklKLkJRahK72Kqy+ZTUu1HUBkMIvL2+pAADsfAP2EAkAHD28y14hRg7LKCvGKJd5Wm/uk8r8qVWd0dqGsh/K9X996jps+PLV2PDlCty1phhXfOYnAIDVt6y2H7c8BqtvWa06PuEyHZI3rS31o26jOE7A9dG/8+1NnfYmvD/wHXv45fro3+G27Ez8Gv+D8srD9u08TYEE3IbN2Oj2PpTtBJK/FWTUxvx82YGA9y9Urt1TZRdwquyCw5RENRfPoKO9DZfPXYod217E5s2bsWzFbbhv/Y2a2pzoCjByX+VjOnFsP1JS01AweYZ9m82bNwNAxAZgfnrnZLE4R/pg5uChMqx56JsjbwwMh19efuuQS+WX/MwozF89xx5+GWyqGL9rdTj4IgddjJnFAGDvg/P6sSbfryHxSsxfDWDrSGU3OQTz8luHcBeucAjBLF7/VWx56o/2cf3pnZPFX7xykd9i8MF3fvp9dDTbRt3OqptvDfmxqKioEIqLi8V/PfeEz/t+8f5HECrT30TKcXrD8JdvvnDL5/iAGWREiCF/DJkp8fjw1EgFctS5+Vb68PLrZmdBbQokNQ5TIDVLgZE7/y49/33ly1Pc/mzfB67TH/nTTlNHr+b+ylMgfXiq0etYyK6bnQWY+fsQCBvW3uz3vhs3v+XzPp7CL+7Wadm3ycN+7sIvwT5W5MN1pbFaiC/7B6Kii7tpc5Yvl94LN5lM9ios1dXlqKysRovKFG++bAMAL730IpRhjcrKaqxffw9KSnbbt3O3DSBVNcnOzla9r+zsbBQWztS8zZIlK1BdXY7s7Gzs2VOiOkbK6ayC9VyGq9tuvcXh9pEj6lPCKaf/UVKbKsjT9sp93N2/P21qac/fNn3Z3tN4Rnn5vFYEcP5C7W2YwM/oA1YBxjmcEOq3VR9shlOxzmnX0d4OZFtakriRcK5knA4pfIx1BZiYGJdikgBihqc8cpy6R7me/Bpt1fGUq8GkxqY4Lg+xowuG6i+OfbkQUuOnDIGsvHoOtr5ZZV936KNf2sMvd60pdgm/aOE8hZKn9d7a1DqFkTIE85WHPsRda4rx8pYKvLxFCsEo73Pl1XOw65PjSEotchgLtb9voRiCSUjJxJdTTnjdztfpeDqba13CHz3t0ltGCamZPrX1/sB3AEhVX5ynTzp06GPFC3zXKZDkqY8WdfwOB1OkdtSmQFK2M160TpNkiIlXVIF5GZHol7/6AwDgJz96wCEEk5KaZq+QsnbtWqxduxY33HQPnnzs617bnMgKMC+8tN1e9QUYCb8obd682X7ckT4tklr4ZbCpAi+/1egSfpGrv0xU+EUZbJHDL/LPg00V9vXO244lZQgGOI6Dh0amN1KGYL6dl6XYDljz0Dex5ak/8mmynwpzE1CNnlGFYBrrKjFjXnFYjIc/4ZBQDIVEynF6EqjQ1nd++n0+kBD5Sa5kcnlegmvYxGm7E3U99u19nQJJNq0gx+vPyn65q0jjSzsn6nrsYRzv/dX5PSYUOO+9t8j+pToAKCoaudaqqhyfL7W3t2PVqoM+34e/4RdP67ztG6jwy3iOEzm9jvejasg9N7p/Lad1KpxAtSeHXVyuzcKZMJlMXrf1Z5tAcdd3X7cpLJyJ6upyv/oeTOdyLKZ6mkhStZKDLssunzzFYZky9KFlqiCt27u7/ymzp/nVpi/tjcVxubv/BcMffVmswT+DZ8ACMM6BhFC+XVndqHqMD/7okZD4RX/mV0+4PYZwO1caMQQTBsa6AozVasW+nftw1bVXKZ7Yy1P2OAY25CmPpGomQHZ2DkymkXJg2dlc521dTk622ymR2tGBnNgU+4jv27kvJK7RBUtvF7P+4yEAVX630dlUqbpsNKGarP94KCSqwCirvgBSEMT+5Kquy6Hyy11rijF70Tew/5NXAbhWalFWcpG3UW6n5G29lm2U6+Vt5NCLHJI5eniXvbLM7EXfcAnBKMM8yhCMPDZq5JDnRM+nGWi+hl8AoPrcSeDcScxdMlKN4/2B7wxPXeS766N/h+ujpTb+0P5tPIBnAQDr134PAHDgo3vt2zpPgfTZ+G1APLCobiQE40ytHQouuQVTsXf369j41+ftIZiO9jaHEAwwMiXS3t2eK8GcKgt8GFFLmw8/+rxq+EU+FkAKv2z4yteRWzAV9TXnIv7cK8MvgBToeG+r9MaRc/hl0RWz0HDxrNvwy7N/cnxN9u1vZAXm3HsIvyiXyX2avTQmoCEYb8elHItFV8xyCcFUvHUI723twarVFfYAjDz2DMH47uixLsybm2QPwTTW+d6GMvyy/90PwmZsvnj/IxFxDUTKcaqZMa8YZ45WICtvmt9tpGToUJibAKKJoBMEa7gci6egh319XY/f7S8ent1sXqH8YX2v258XZ4x9O8EwJqSNp1CHP37wg3gAZmCmh43kdSvicfSoD/vJ+7rs16/evjPFfhM9TuTKXQUV56ohcoUPufqHr8EIbxVCtLSXmqJzmW7H01RNJpPJ7bQ6rm34ts20aYUu41VSstthO3fbeOu3Y98RoOND0J9LT9diJJBDH86VTzxNL6S2veM+lar7+tOmJ+7a86dNf/sQKgISgHm3aZ3955aTJqRnZofsbaAc0wpd35jcHWp/TN0cQyifK9fafz7NU8kQTIgb6wowcsBGDlvMWnqpIpwhv8iIQUyMGampznPdxSA72/38d5G9rgjuarjkpKaiob1dNQTT0N+OstKycTv/kUoQXDMxExWmSEotsodedn1y3GHdX5+6DtfeKk0nI4dFpuRJs7NfqOuyB16cAzFLr77D3obWbdTCLt7aiY1LV60co3Zf9n5ffYc9BHPtrRvx16eus0+HJBsZD6DddDoi/r75E34BYA++HCvZjrlLbrRXfwGkSjDuqsA4V0XpaW9CRZ+I27Kl7W/DZvuUSMAch33VpkB6xroCLfqNbm+HCrkKTCS6bO7VyC2YKj3TPH0As2dNsYdGlMGRzZs3Y/asKfYpkTb+9fmgO5aNfx0Jv5w4th+nyi5g2VXzHcIvJ47tx+xZU1B+Wjrf9hDM8HRIkWbVascPQIe6P8V7W3tQ0dCLu26+wmFdfmYUCq5ZgYaXzroNv8hTKimXjTYE897WnuEwSY1P++VMno73tpa5HKOvtB6XPCYF16xAw8WzDuvuuvkKvPzWIWArcPNXP3UIwaxanYCKP/Fb0L5ShmCAYhgvxKNoSp59/e9+8RusuvlWvPfWGw6VLpy3C6fwCwDIlVEa6ypRZ2pGXvbIJ5nybTk4Ecohkkg5Tmf73/0ASz/3WXsIxh/K8MvRY118MKFx199vTo+LjbUAaAjVY5BDHFqrmEihEN+mQDrQPBJcOVrdDgC4vcjo9md5n5umO06DtO1sr1/tLM7T9vxJOQWSz2PCKZDGxFiEOh5/vBeZV05yWa5WvaXp01asWuV5P7V9nfdbvFp6X8lb5RflfhM9TqROnpZHSQ5quFwXTuGH1BTXqlnOwQZP5s9O0LS/2v3Q6ATjufTlWgwVba0dXrdRhj6cK590tbe4BEy8be/t/kfTprv2APjVZq6P22sZz2AWxYce36UmBO8ca+09fTxB7jEEE8LGowKMUtn+kQ+bi2ZdCgBuwi9A6E3SM65v53hYE4PU1JzhSjDSNFNVZacn5PyP1kj1F6D5whG/KrYMmgP/hmvzhSMAikKmCowaedqjjX//xCX8AoyETZwDKO6mOpLDLO6mLlKGWTxNb+SpHbnqi3Nw5ujhXZiStxoAMCUvyT4d0rW3brRXgll9y+qIfbSoqmnBr//nf/za992dR1R+lgIrv8dffdr/rVkr8eaxP+HmMuX0MiPhl5K+BXhr1kqIk3bghYIfA5CqwByL+xbe6/gdkvMuAQCcOrUHvyz8NXKqf4jZs5fb93/sJz92uO/f//Gvqv0Y7TiMZhsCnnzs69hw/6/sVWCWXTUSfulob8PsWVIJVbUpkQBg/pI1E9Lv0pItKC2BS9UXAJg9a4rDMaSkpuFU2QVs+MrXsWzFbXjysa/j4Uefj8jz/Y+HZol33XwF4qeuGHkzoPtTvPWXI6rhF+dpkk7td3y+s/NYp+r9FOfE49k/NeLauck+97G2yQJACt6k5Y2EX9SqvyjXyUGUtLwa5F+Mslezyc/0/a2Ancc6XcIvMk/HtXj9V7HlqT86VNCRQzBv/eUIbv7qyFRI8VPvxl0378Y/Hpol3v1UmcBHI+2UIZhBc7zbihbK5crtXtn4BgeRQo4yBAPA5/BXuIdfqk+f5kUS7O+Y9A/MhFTLIWTfr3Sc0miE2ZiA2MEeL9trmwIJxgTMvvtnAIBfrDTa17v7efbdP8OBp37ucH/Kdf60o72/Or/HhAJHqpoyqHFrbVVTNm5+S37XALXbXdcfcbsfPO7nbl+H/V7UfuwbN0/sOJF77iqIOFfiiM6d57LNQP1Rl4BDdO48RMe5budMbq/Px+2i41y381Ypxdv6QG4T6O0C2a9gP5eersUlS0Lz92vK5JzhaXsclzlzCH1ooHV7rfevtU1f2huL4/L1/oNRQAIw1ZWOlTh6ujpC+nY4C/VzFQAMwYQoq9UKQRDGrDqFp4CFYyijTGX9EQ/7cp36Ot/Pf7C7u+Vl/CP9Lvyq4XY8NaUqoG0PmrtgjE3yeb9fNdxu79sTQTpuC5beLq6540cuVV8A4KcPL7JPe7TzjQ32aY/2D693nvoIcK2+AqdtnTlXfFELzvg6TZK8nTKII4ditr651T4VEiBNh7TzjQ3Y8OWR6ZB+8aTrnMpr7vgRAGwqLdmyLpwf6+9Yc4PmbVsa6lF2rh5XLx/5YPqT4aosADBr6kiuveycVEpWua1yn1lTc5GeI23/ZtNvAAArl663L2tpqMeu/SdRXnkYKfgLbi77Pd5cDtxX8z/YtvA5ZGQU4rOQpj4CpPDL7NnLgVOO4RdZeeVh+88rl15m76Na/7RyPg5/t1F6dcsONNVVInMU0wqEE2VwpKN9JCDlPCUSAHsQZjyVlmxxCL7IfXN3DOSo4JoV9p+Huj+FqdTsNfwy1P0pciZPd23s2CG3QREA6vt4UdtUFtDj9acPOHZIdXFxTjwqGnpV2xzqliq8yNMbqYVgTKVmZM8fqQRTcM0KHDxUxovSD0ePddmrgFSdGamGtu24CatuHv73nZHn6PJ2bQ0XOXgUsva/+wHu3HDr8Osm38Nf4Vz55Xy3iRcIjYvL8xJwoBm496Gfud3mb0/9fFRTCvXUSe9pJ+TN1LTdWLcTDGNC7mmpmiJXXdFSNWXFzbeH5DhUl50a13GiwFmyZOT1qaeqHOO9ndoUOZWV1bC210fU+dGn5rodi1A5l+Hotltvcbh95Ijje+z2KeVWKB/gR8J9zlVVfNq+u1f1/v1uU2N7Y3Zcbu4/lIw6APPmK38WvvPTp8R77/0i/vfx32Htf7p+LrP5/zbhG3eu8LntP72ye9zbe+L5N1BZ3Rjyv+jujuGRr986YWMbqPbW/uc6fPDuTjz7y4f9/RCQIZhQfFIhBVTuFAThlbEIwXgLWMSkxLos6+8wc90YrHN3/tWm63FnPKfxWbD0dvGRFVmjbqezyXGeyMbaMwBi7Ov8qSrj8Pi/IitkqsDsfGMDdr4Be/hFrvziTC3sojZtkbytua8l4FMgydup3Z/Wvi1VTIckh2AAYOXVofWkcrypBUY8hWE8hT7KztUDwyGZr+Fa/Ll4J76nfwlPN6x32O/QoY/tP993QQrrfNjxoWqbJ06ccfhXSdlOILQ0SH3XGmzxRU9XGzLzeL0BUA2/2J+jKqZEAkaCMBv/+jxeeGnka35r164NSF+UbSrvz379DU95JFeqUTsGhmDUyeGXl986pBp+kQMcQ92fDldXKXDYxnm6n0CTQiYjFWAGmypcKtDIZi+Ncdk30EEa52N3DsHIFWgMiVdi0RWzHMYQGAnB3IUrHEIwNLG2HTfhKQ4DhZBXNr6BtJzJPoe/shjyJRo1eXqhm1KkQMcdX/qSyzav/vOf9umIJL5PgWR/feJjMEXuHwCgudfvdrT21z4Fkq9jwimQxoS3UAdxnMb9fYWODtXlMxZd5XE/tUoi47XdDMVbTWoBj2nTCnHmYGQFYKZNK3Q7FkBh0J/Lyspqt9diqJKqlRx0WXb55JH3xY4e3e1Tm962V05vpOX+femDt/a62lvsUxr50k+t27u7/wULQueaCOgUSNVnT+GDd3eqLgdWoL1T+zf4U5P1496e/UGq0PWDzN0h9svu7RhC+1wFBEMwIUYRUBmTEIynCjBqYQ1Py7nO/3XuQjBWqxUGg+EavV5/vr+/vzbYrs/rv/l1vP/H5+1VYHydBknL9Ee+VoGRpz+6u+Vlex+f2P3/gv53/acPL8K1t27Ehi9fDcB7+EU5ZdCFui7V6Y/kbZ2DLGrVXtTCLkqepjdStqfcTjll09Y3t6retzwdkhyC2fj3T/DThxepVoOhkXBLS0O929CHlmoqckUUZ1+rGAnBfG3Ptfbl69d+DwBw4KN7sVzRfmZmPjIyXF/gftB7Ez4bv81h2WM/+bFDO4EaC2/HqwwE+SIzpxDnyw7gklmLI/66c1cBBoA9aOIchJGnRpJt3izVoy4t2QJA+1RJ8vZyG86BF5ky+OIcfnE+BnLlKfwCSNMGKSvFtNUVuGwjT1U0FpynLWqrK1ANnchO7ZfWKadMys+MGrM+1jZZkDMZLn3MzpR+LrhmhWpAiCGY8fHtx/7EQaCwse24CYuu4DjIU59RcJ2TSCNP3yOHPtxVVnGe5sfXKZBe/ec//epbZkq8w337086Juh57GMd7f3Uux+qp2gynPxo7gQx17H7rNSQkpQAA0jOz0dJkQnpmtn19Se3ETN2+JH/kMxe5Ty1NUvWvnq4OFE6bOa7jRJ65C00sX74EJpPJXrHjpZdehPLTvMrKaqxff490rZXsnpDt5G2Vt5XL3ens7na4nZyYqLpcbRtP7bjbzpNA9UXmbiyUlVeC8VyWlOzG8uVLsGdPieo1Gm662+pwZpfr3/6eLtepqxOSpGmdz+z6p8v6hKRk1X0EccDr/Xtq05/jAYDerk4c3vpnt+0535cgDrhs722fUBc13nf43nuLkJqaar+9ePEOHDgwUu6+vb0dq1YdnLD2KHLOVeqkzDXtrU1beKZDg1NAJeAhmI8//lhYtmyZmJ7Ab4AFm3ZzFZqbm9cByBMEITc6Oro+KirqQG9vb/9E981d9Rdfp0Fyrv4CAL96PQar5zYAmGLfxpdQjTz9kVKwVYFZsPR2+y/xzjc2oKv9J/bwx9O//TsOffRLXPGZn7idzkgt/AL4N/3RWG0n9WmlPQSz+pbV9hCMciokALjiMz/BXWuKccVnfoKk1CK8vKXCPg5yNZj5S9aE/TRIWs2amouyc/WYhcBXPpk1NRdPW9fje/qX7AEZU1Ob6rbuwi8AsKjjd/gAriGYQNE67ZF8TIBjtRut0yHJIRgAYR2EeeGl7eteeGnqJnfrPVWAkbkLwsjUAjFyNRfltEnystKSLbhv/Y14/Ccveuy7t+CL2jG4C8HkFkwFgHUb/xFZjynK8Iva9EXOUx+pVX/xRfZ8KRRsKjVruu3s1P5+5Ex2nMooLa8Gxsxixe0YtNVJ2zpXgwlUP7RQVoFZvP6rLlMhAdI0SsoQDGlTUVEhFBcXi/967gnN23rb7mcvvIOKigqBo0vhItzDX3LggkGY4DgPJFVW+eqHsXjgczPwh3fP4C/Xjb60iXKaIOdAi7flgWjnRF3wjQl5Zp/ewR1lLkQx7cNoGBPG90sGgz1tITlOkW758iUh23cpvLPbzXJJYV6cw7pqp8dPeX1To+OXMvos0kfVcVEWzJjhGjg8c8Zi30bZVmqKa5CyvcOm2v/R9EVus7quz+tYLFkSuteiyRTa02e2tXa4LLOmZKtuG6uy3OphvdXrPjVe71+tTfc8txf4/jutrz2oev+hZNwCMFNyJqG9s8njNu3t7Q7bj3d7kUDLcQb7uQqU9tamaD7lCh0qUxQFPASzd+9eYdmyZaJer0dqbBEHfYK19FRCr9fDZDLZP+wfHBwUAORZLJbrAbwVDP28/ptfd/i5cP8R/KK2WHMVGC3VX5TbaqkCI1d/+Wl+BabfIVWnkfv3xO7/h/nzliVAEHoBTPhXOdbc8SP89OFF9umOACkM85WHPnQIuACOIRcA2Lx5o+MT17h01aouvkxbpAymeJpOScvURspt9zv1U9lfZYWY1besxoW6Lvz1qeuw4csV+N53vwx898u4a00xfvHkQWx59Vch/XsthygAICEpDZl+lJ3/ZM8he7WTq3NypYCHYjqkQwePaG4rNlqH6loPL+6mwL6+qMAx+LRnOFiSnHzGy73chs3YqLqmqCDd3n5stM6nviv7r3YMVyxa4DBWdufq7cEX57HzJDOnEH29XRFdDSYlNQ0zL5WOfeNfn/cYNFEGYWTLrpqPgskzHLZzDsRoVXPxDPbuK3W4P0/9AYBTZRew4SvS36zy0wf4RMP5jZ7h8AsAl3CGMvxif2OlTj38UtHQqxqgcfmb3iT/3SvQdLuioRf5mdI3c6Twi2PVFymoUuxwPA0XR0IyUjWYkT4u8rMf7hTnxDu06zxWchUYAFjz0DddQjCLrpiFircO2UMwpJ0vIRhvwjn88uuNr2HHqyMTO337jj/h2Ue/weMM8ev+5/d9XvO23rb74v2PhPT1rzWA8e1f8Htgvnj2p2tGNd6RwGGKoWHTCnIU/55X2c63KZCc70PtPsdy+eUax8J5CiTpDZpet2PicF/MxATU44/3IvNKx88Y3FU0afq0FatWcZw4TmNPrfqL47rd0uOEUxWOadMK7VVWJmo7fzkHYmQzZqQ43JYDJmqBFnl7d8GW8e6LN8oxC8Zz6e06XBKiGa3lVy3Cnn0HXZZlZOaMy/1PmZwzPG2Q4zJ/7z/Q7QVqPENJVLB0RBmAmOj2KqsbQ/+P6RgeQzCdq9GIjo0TB8x9fOYVItxMUTQmIRgAuOaaa0Q5dJOOaapT98jT9XBd4Na1m6tgtVqh1+vlqi/uTPgbkwuW3i5m/cdDOLv/CKYvHQm6TF+6AHi1R1MVmEFzl2r1F3c6myqRnDnNawhGrv6i7BcAnN1/BFn/8RAa//1U95H9rwmCIEzo+AHAlld/5RB+kac8UoZC1Lib5sgTb9MbObfrqU0tbcnUgjme9pmSl+QwJRIAvLylAk/85ocAQrsKTGbOyAswOUyhVUtDPcpUwhpXL78CLQ31DmGPL2/4dkD6+2WMtPP3jc+ivPLwyJN+DVMgqXnsJz92aCdQfVX6+8Zn3U7vJFfOuTonV3XsPImLT0JcfFLEhmBmXroYy1bcJj1f2P261xAMIIVelNVWnIMrwEi1F3fuW3+jS5vObXuqSgOMhF+U/fcWghEE4U4AAZ92MljJ4RfnqY8OHipzCGoEovrLaKhNeSRXaZFJ4RfH7XImT1edfmi8KKvAAFLgxXls5amQ5Co8giAgUq6/0dL6AT/guRpGuFd+KcxNiIjrIVKO05cQjDehHn7x1ZR7vm//+cKLv8G3773TfvvZv72ief3S9lL8+revYe1fPsSd17hGBLJTjPafn37zMDZ/9ToAGNPtf/jd27E/df6oj01eT97J1VIONAP3PvQz9NSVY15hKgDr8L/S8r899XOHCiy+TIEkn31fq78Earlv/dX5PSY0hn8bAzCdT09Xh+q/AICY2RNyXNWV5ap9nMhxovDW0dERkHbchVl8DbmMNhQzmr4EaiwocCY6oHHbrbc43D5y5GBQtRdq4zlaAQ3AFE6fjUN7P1RdLpPKqg3abx89Cnzta4MA4h2WTVR7ADCt0HU6i90hdmK9HUO4nKtRGcPncjnZMWgw9dt/rmowc/0o16tUgJEFPAQDSFMiAcCyZcvEdnMVrD1WlxCOHNSQ18m3+/uBmJjh9eaR5S7/Ou3nwAzN+zn868P9Odyv0zdNRtumu/2Ux6d2fwC8BV+Czi9qi/H34Z/lMMzf70jAl1/twUMlRfhRzmsulWC8BV8aa88AUJ+qQN5PLQjTfOGIPfzy9zsS7H1S9tX+e5YzZfW8ecveOXp079B4j5kcfknN/oJ92V1rpL7NXvQNl4opMrlyirswibmvxe10RWrBFm9TG81buNKl2ou83dHDu+xtytupTWuktr3zPvs/aVEdp9mLvmEfl5e3VNjHq930dlhMhSSHKfp6u9DTJX14/+qWHV7387TNJ3sOITZaZ28/ISVz1P3s6WhCX6/0Dc9Dhz52We9L+EXm3M5Y9NXU1DY8bdNJTePoblyrK0pRWDzf8ZgVUyJFCjn8Mn/JGpSWSN+c9hZ+AdSnHFp21Xzs3VeKF17ajvvW34iNz/3IpTKMTA7MyNvK4Rfntr1R9nX+kjVYtuI27N39uksYx+XpcoSEDyoapA8p1Cq35GdGoeCaFQCk8AvgvvqLLwGTU/uHn+tO1nbb/vfbQ/hlsKlCsd9019coKiEYf/vhjlpARx6z7ExpDA2JV6LgmhWq4yVXkhk+J2PyPD9sr2MNH95H+tRG771zhMcZhtd9JIa/GutGXktm+VFR0ZDs+Il7c1uLf+sV32erae9x2KYgNQGmjkHVdWO9vbL/fh9bAM5NJDta3Y5VlyVJ/xZzPDgmEytQoY4Na292u+6xN85PyLF56tPGzW9NyDiRZ96rwIyujbHcbtq0QtVtp00rxJmD9R73lacOcrjmFBVZlOvdVWrR2ra3/QPRF09joXU8Q+Gch4LuXrPHYEhNbe2Y3n9bawc+e/31w9VaHPtx4WIDCvIb/GrXXXsLFgAfvP8+0ialTMh419TWors3NMrWBbwCzA9/+ZjLss3/t8n+s7Ks2lCFDYsXA3/bHWO/3d7e7lBKbbzbiyQ8V6N/QudcPSE7e2SOtJzsGI/7cr1v6/V6PQRBgFrFClEU74yLi9tnNpsvqJ7pUbxprtfr8eSTT2LW/KX2ZddedRU+H2MC5DzH8L8mPTDrWunbZympKah6bZPDeq//Diu6fR062jsAAGU730G2yvY7kY30hHS/jqnd3I5rYXK5XxNU+q+174p/Xfqvcow7kY0nn3zSYVlDVQOe+P0TIfH4uWDp7eLLT9wGoAoPlRTZQybVRw+i+qj0xOTu4W0fqV8GHAaeWHg4oH1wDtA8cnghgIV40PgyAOD9PzpuL/WxGE8tqQKW3Ia7HsEbF84dXQjgyHiP3SPf/7X0Yvzvn2DnGxuw8w3gKw996PnNIkXFFLXphwD3UxC528fb1EbytmrbaW1Tub1zQMZ5KiQ1cntyEObaWzdCHr8nfoOQD8EAQFPdOSRn5OOHP/6x4zXeXIvqc1J4Y+oMKUR27swRFE69zGN727e/AwAeAyU1VadwrGSk6sbcJTeioEg9ZJuQkmkPlaxf+z0AwIGP7vVhCiRXcjtP/8//F9C+1pw/hXNnpF/pz127AIVTL0NyRr7quM5dcqPb+zxWst1hvbsQTJhaB8DtE871N2cAGAmQeKsC4xx+AaTgygsvbfcYfJEVTJ6BtZNnYNlV87Hh/l9h9qwp9raUbXsKwSirv8xfsgbrb85AaYnXMXD7fDccwwi/eOWi8NM7J7scmNrUR56qv9Q2WTTfp3NIxNttNdnzYzHYVIG2ugJ7mGT20hgYM4thKjWPWz+cx8BdWGawqQLGzJFPfBav/6rLVEiyX26uka9DhmCIyKNID385By60BGIEwbGKRX5O7qjWp6dnoLlz5HsVC4YrXADAkep2+zbjtb2yf6M9Nl/HPxLZp/AZnuonIW8mfpEHAP1YvtIIYKbrtqOYAmm8pz8CpCo3WvvrMAWSL2PCKZACSvoibv/IgpkeNl4Rb/9SrhbvvbcIqampTkv/NCHHeeDADQ63pc9XDgbFOJGradMKsWTJCk3blpTs1rTteG5XUrIb69ffo7rcX/I0Q02NFo/rAd+rvThPYeRtf299cXl/yM1YuFsebOfT3fZE4SKgAZjqs6fwwbs7VZcDtzssG6qwebw90e2Fu9A+V4Gh10fxESCEWK1WiKLo6UMX3Xj1JcZzdgcpqSn2n5sf3Y7kHOmNGOO3FmLw944hCOWyzoZmZDx2o70NOUQy3kK9/+PhyP7XhJ9/4yrxi3ffD0CqrHI3PL/AfOTwQs0hmF+9HoPVc7Wng6Xwi2fK6i93PfI6hoMTM1LTMgv0xuRPW0xnTeM9jjvf2ABRFAVgpCqM6uN19KX2n91Vf3EXIJFpnbLIXdhlNG3K1V48tX/08C5YB057OoR1w2O2acOXK8Ln+UhFqUtAw77u3El7gEMZAHG3PSCFO7zZ9ooUvrvpzocdlh0r2W5ftu2VJx3Wq/E0BdKpU3swe/Zy1f0e+8mPvfZP2Q9vfZWVHdmFWQtWYlJWAcrPPoupMxbg3JkjmOs0XvK4+qqvtwtx8Ul8QuIjtQowDz/6PHZse9Gndgomz8CObS/ihpvuwcbnfuTS9liRp0GKxHPnHH7xVv1lrL1dvQjFOacBjFRNabgoBVTS8mqQPX+OfflgUwUaLvartlPbZMHb1YtwF8Y/UOJcBQYA1jz0TbchGAWGYIiIFL78/ccBAH//zQ9c1mkKZDhVoDUaoka1fmX768iJzkNc7nD4xjzyWnbKcIHqvvpKAHPGZXtl/0Z7bO54Gmf5/EQK5ZRBPXXlmrf1ZwokYGKmQTpR12MP43jvr87vMaHAefzxXixene6xoklhtpSNPLC1xeFLuf5oPX8YcWm543qMfW31QG5ojVOkk6pu7A7otuO5nbt1WqqJeKvKMmNGiv1nX4MuvlaMCURfPI/F7pA4n+62X7Ik9H63pGopEyMxfqQqb1trR2DfQ/HQ3kQec6iYkASAHHgwFOscbgdDe7+89QRQ802V5UBLiJxUT8cQTudq1Mb4+z/KKXy4fvTr9d7fhBi3d8StVqtLRROZHB4pKspBf2oMmgFcMrdQ2i81Bvrhn88fk54Y5iiWlTY0Iyc1BkVFOaiqanAIooyXUO//eJEqwEjhl6eWSFVgCuctwvSlUpWKs/uP2CvBvP3dy/CF30pVLOSgSqCqwTgHX97+7mV4/497pSfzTv1BrdRXAHj5idtw1yNS9ZD2tqa4nLzkaZddtqTr5MmSvrEeuyP7XxMEQRAB2MMvsm/duA17S6W/C6WNt+DI/teEh9YbxKdf3mLf5tBHv1RtV16uVknGWzjGnf2fvOoyLZI7ypCL0l+fuk61n2q+d1cUnn7Zsm7+kjWb5me9CQBYNl+H32+/SbnZurvWFMvVKUK6+otcVcUTOewyd8mNDhVhvDnw8VZMnbEAsxY4nvuaKilI6xweuenOh7HtlSdRU3UKBUWz7be9hWAA9SmQ1MIvnkIxMuV9au2rbNaClSg7sguTskY+nJ86Y4FLNRfluGqVnJGPprpzLlVgyNGSZY7jvPGvz2PZVfMdwi8b7v8Vdmx7Eftuuse+3VXDYZh9N92Dgud+hJr7f2VfFnfTPTjz3I8w4/5foW/biw4hGGWwZu++Umz4ytcd7r9k73aeFD8dPFTmEMiQwy+eqr8A0lRKatMoqZGnLpIrtXi7DQBP77/UTWuT4fDNTUzWfKz+9MMdefoiT7NEy1VglCGYRVfMchlzFQzBkGZap8RR2y+UKoVEynGSq4cfXIdbbvsPfOYzaxyWqwViVN8O0+kQm5QCc1cHAMBoMPi1Xnb7fT/T8IJpxbhtH5eSNupjk9dr4Rx4+eijLXjz9X/jyWcir+L4q//855jfhxwYUQZVdphnuK+gomH5DbFnPLYf7GNC6rSEOsZyyp9tv75Neg3/w9dVf7a/xte4TF4ebuNEkWcgYar9Z5NasRVF3tBhfYJv9+PStpf92zvO8eSEoMT4WHz2+uvx+htvOoRRAGl6pM9cOrZfYjpyQUoOLL9qEfbsc/yC9PKrFvndrrf2xvq4Pjpdozqet916Cz54//2QuDbGPQAjlVUbtN8+ehT42tcGFVv4Vkot0O0BQEqBa5S1o+a9kPqlD8QxhMK5CkalDf0obXCfvmvger/WW53elJhI3sI4RUU5btfJwRF7qESxzLmNqqqJSXGGev/HQ1/buWV3PfL6XmkaJMkvaovx9+Gfpy9dYA/AAFIwBYBPQZjqgWtQGP2x6jq14IszOfwi901JUQFG+r2rO1uQFB9nA7BvPMZPFEXBU8UXNb/5zV3IzZW+2lJfX2//Wb5dXd2M557b4RI4AbyHZvxZ5su2999/AwoLMxz6rDyO+vp6fP/7L6vexxXzHwS2O367cP6SNQinqY/cUQ1taAzALL5mNTLzptmrosiUlVPkqYXkKYXkYElB0Wx7+MRZeeXI76w/UyCdOHHGpR1ncrBFa1+9kUMwhVMv8zr1EeC+ik5yRr7qVEhhat3Djz7v0ycWS5bdiJK92/Hwo88DAJ587OvY8JWvO4RgTpVdwH3rR8a/4LkfIfX+Xzm0M+P+X6FGcfsDAJ+9/1f4AMBVw8vuW38j9u4rtU+HJIdfnO9f7pNWw/uuU3nMVp2CMpzlZ0ah4JoVLssDWf1FCtMAcqDG220A+N7S03h6/6X43lL1imFyQMbTermN0fRjNOQqMEoF16ywT+HkBUMw5FVxcbFYsffPKF72NZ/3rdj755AJh0TKcZJnH30kfVFg585SXHvtfJdAjDuC3gAhKgqC3jD8fDbNr/WytX/50GEKIjUtLc3Y/NXrxmX7QBybvN4dZehlx46XsXdvOa69NjLD4vIUPjel+PSuiqYphRrSpPc+GtyEVXaYpelEb7311lEdwxtvvOHS9ksNiteqaXIfSj224zwFkk9jwimQxs1oQx3On3EAwOY97rf3FGRRrnNeprztLvji+NkKEMjPVxh+GRtaqqX4uu14btfR0RGQcbjhhptVl3ubsmes1u/Y8ZbPx+BuLNyNXzCez3AyZXKOS1WUKZNdP+easfJLDrfP7PIcVPVle3eBl4zMHJ+OpbmpwWN7o+2nlu21jmcwG/cAzOOP9yLzykkApOofixcDf9sdY78tzVM4ce15fDL86raQOKlfuYznaiLlDBc0MQ+H42IVL2DMsUBOSgwaOvrty9WWcX/X/fXQh/R1cf5YNaZgJDiiXBYoKdna/gC1V7UHZf9DSUd3txg3/D5Z84Uj+FHOETxyeCG+8Fv1MAoAvP/H5/GgUfr5mcFlANSDMLs+LgGgfi6dgy8PGvcOt70X13/z66r7yKGbJxYeRvMFIGPKArfHNNHjesX8B7G39CnVde7CL7LnntuB+UukN3xLS7a4hE7q6+sd2nny96NL9T/8ramq/VGGceT+PPfcFvzmN3e5bUvteMKdp6mPAkUZfpGnElKSp1U6VrLdIUgibzt1huvvyqFDI6E05ymQjIM2HEz5Dj4b7/n54mM/+bFDOw5vgg0HW5RTPmnpqxyUmbVgpeqx2qdD8hJ+AeCxyk6EhWB8f1x49Hn77/3Djz6PvbtvtIdf5GAKALzw0nb8N6SwCwDIb/sXPPcjfHD/r1AwPMWRrEl+g0hRNUb25GNfx7Kr5ru9/0CItGmQGi6exeL1X7Xf1lr9RWOAw29fKDwIID6AbV0xpmOYM3m62/VqVWAWr/8qDrz0Fy3NMwRDfvv2Y3/icVJYUwZifv7zX7j/267XQ6ePgjD85R6bdcCv9c4mxUWr3l9r3wBmTM4ft+0DcWyCly8+PfzgOqz6/Bd40cF1Ch+tUwtpmQJpyfIVDrfffu1lZM6Tng+91JBvD7784OHvjuoYHn/ytwCkIMz6HOkLAa3VdfjC7Y6v408d9xyAcZ4CydfplyhwpJBKv+eNZg7/u8K30IjyMw45JOKOXMnFuaKLWijGOfiihfzZSmG2gGqTiKZPW336fGUsx4lcrV9/j9t13oIbE72dvK1amGLatEKcOSi971pd5xps9HWKomChdizKY3Y3Fr6MZ7Cf81Bz2623ONw+csSxgooc+njvPSlYsmrVQcxY+SWH8EdPV6f954Wrv+Zx+56uTnT3ml3ux1lNbW3AjrGmthbdvWZ7PxOSkt0e1+Gtf3bZX8v2CUnJmsYz2AU0AFM4fTYO7f1QdfnmzZsxc9619mXOU9843968efO4twcAn5vp4fhmzUZ12Sl89nMj91tZ3YhphVl+31YabVv22zWvuj0G+ThD+VyFAjnUAQANkIIdymU5KTFoGH5y6bzMeVvuLy2zWq1Bd55zclLQ0NBh/1dWVdVgr6KS8diNqH0MMAJAagxqr55k305eZvyWFGrIGL4tt6HlvgDtwZdg7X8o6jEPDgFSJZXVcxuw8poleGLh4eEQzEmHEIxyOiT7mzbfvQxn9x/BgwekRIxDsCV+IYAtOFZ+FqeuegBvqxSKeGbxIKYvXWCf7giQAjaF8xxTwcrwCyCFa7Yeu+DxmILVjKnSt/nq6/9h/3nkBeSN9g99AalCinPoZCxCJnKoxpky/CL35/vffxkH92932l95LP/r0s6y+bqwfDHiLvyiNlXPaCjDL3LlFGU4ZO6SG1XvUznlkHMFmfVrvwcAOPDRvSNvXiqnQNL4HqbcztP/8/+5vkE2fP9a+1pTdcph6qTF16xG+dlnx/Qc9vV2IS4+Kdzfm1oHwOe69etvzsBLbzVLbyrs3Y4ly27Exr9K4Zcdw9MaAVKY5aJcDWb4+bnUwI24uK8U2Fc6clte99J2lzZOlV3Ahq84VnpZf3MGSkv8PuaIlp8ZZQ+/KMMZQGCrvwDAqf3Dz4Una7vtrKLB8QHHeeolb+sD1Q9/OFeBkcd68fqvAi/9BRXeiwgyBEM+++GG25GXPVJBos7UzOOkiCXoo4arnEhvC6ekpPu1Xmlmjvt5BRYUpuJIdfu4bR+IYxP0UbxQgsDbr6lXSpXDL3LwZdIk6b2qtDTpm0ptbW32bVtbWx22UdtObufxJ3+Ll954Y7gSTILb+6fgpwypyNxVNPE1NOLcnjdqgRZvFWB8nerI3yot4zFOBDQ1taKkZLfHbaQwxW6vbU3Edl1d3faKLWohHm/HFq48jcWOHW8hKSkxZM95U1NryJ0PqVrJQZdlly9fAgDInStNS//ee4uQmppq/1kOf9Qfk0p5iYIUuJ654lav24tCNFDbNSHHG58svakyw0M/F67+Gsp3v+Gwn5btE1PTceF0iep4LlgQOtdEwJ/N//CXj7ks2/x/ju8dy4EHQ7HO4XawtBcxbwDxXI0ZObwh/9xh7ndY5ryNp225v7TM27RD436Oc1Jc/jU1dKCjvQMpqSn2AEhOqtNxp6oct9Myed+O9g6394UG/4MvwdL/UGYUzFPmzpyOY+WO3/ZWhmDkai9y+KVw3qLh0Ir0Qej0pQvw9lI4BGEeNO7F+6YkHBtub3bbCVyf3WWvGCMHX5Su/+bX7SEbZdDGOfyiNHfmdJcPRw2CeUpSSnYmgHcmcmyXzddhb6n7vw3OQZYz5z70uK1zWGbE6CrAFBbOR2HhSBWMffve9rrPmXMfOvQnNzfXY//DUV+v64sCubqJPFWPlil6fK0eI1dNmbvkRntYpKBotks1Fef7nrVgJcqO7FJtU20KpGesK9Ci3xiQsdLaV3m6JE/OnTmCwqneSwQeK9lurxbjTnJGPprqzkXMVEjLVty2STltkVbzl6zxWoVl7dq1PrX5wkvuz7Oy+ovPj7srbgO8hF8iZRokZdUSQ+KVmqu/AEBtk8Xv+9JyG5ACOrK7bnas4HLwUJnDbXfr8zOjHAIm/vTDm9omi9fAjFoVGPv9HTuk5W4YgiGPbpqTPabb8zgplAlRURCiRqYxio2J9mu9w/PtVPWASnaKUf35+RhuH4hjcw74eBIdHRuR15GpRXrPR56GyM7NVD7rU2rtUwNpnQLpzsIeAI4VU15qmGEPv0yfLj1PUQZe/CG384OHv4vHn/wt3njjDdxZeMblvp9u9NyO8xRIquPjYYzkMaXAC/R0PlrCL84hFvm2crmnZe5uh9I4UXhxF5xQVkLRUu3FUyDIWzhjrNY3NbWiwKnrasciV4XxNBZLlvBaCTZq4Zf29nb7slWrDiJ37nLUH9uDpNR0zdvj2B4AlRNyTFr7OXPFrfZwj6/bh7qABmCqz57CB+/uVF0+N7dYeiLpNEfi0aPOcxWOlFKbiPb+srUJn1/qWrr+nf3tKLopNE6qp2PInxH65yoUNHSMhDgaOvoR67RMXg7AZVks91fdPxgrwLgjh0hirl0zqjZ8deml2j6MrKo6HZT9DyXRBp39glx5jeOzWjkE88zgMrfTITk8rh09aA/LAHAI1RwrP4vrs7PsUx1VH4VLAAaQlimXuwu/rLxmidsKMDpdlFUQDONSg3fB0ttF+d8j+1/z6xNVOTiyfv3/qn7oO3/JGqxf/784uP86h33cB2JG8fynuhRXXSWVv16+fJ3m/jj25X813df8JWs2yf+WlmwJuWoNTXXn7OEVZfBFpiUEU33uJOb6EICRpxWSgyTHSrY7VEwBRqqtKEMmslkLVqKpzvXFjPMUSBkZhUjvvck+BdKpU3swe/Zyl/0e+8mPNfVba1+d17sTyCmn5KmQSLsnH/u6wxRG962/0V6ZUav71t/o0MaTj30dp8oujEv/w30apH88NEsszolHwTUr7Mvk8AugrfpLRUOv2yorgaYMwqgt87Z+LBXnxKOioRfeZqpWVoFRhmAKrlmB4kNl+Pv3Zm768tPl3v7OMQRDbn3np99HR7PNp+15nBQpBH2U/T8AiDYa/VrvjTKccuZiLYAZ47J9II6NFWC0kacoyk5PUV0vBzrefu1lNMU6vt3w9Kd9uP7Gz7lt+/obP4ent7+Lz+bbgLoeXDc7y6Hyi7KiS6BMmjTJIQSzPqcWH56SUi8f1Oo09RdwnBaqtXFkKiVv40TatDSZfNo+0KEO6TMOxxTTLwD0tdWP+1jcu8Jp+qJRTFPk6zj5eh4indp0Of5sMxHbZWZO4gmMsHMeqtpatf09lUMfqamp9p8BoKu9BUmp6T5tr0aqRhM4Uya7fhG+q70FuT7209fttY5nsBr3Z/NHj+7WtGyi2iOeq0CINcM+xU+s2XFZTkqMFOoYXq62jPu77u+tAkywfCu5bOf4F8/QGnwJ1v6HokELhBdffHydHEZw5m46JNnZ/UccqsEAUoWYbz3jGl58Yncjfv/gTfbqLu//8Xl71Rc1niq/yF588XHXD5REmwCIY15qSQq9fB0AcPr0Kp9DMHJoxNPUQe7U19djxtTAHEd1dam9TQAO1WDGyvwlaza9tHELLr30veGxREiFYKpqWhzCL8rgi5K3EIzWSjFKyoCIctogmTxFkjfllYdV3ggYmQJpUcfv8AGkEIxa+MVTO87TLWntq7fwy7kzRwI6tZQskIGaILfuhZe2b9rwla+PqpGUVKnMen3NOeQWTEVppf9zYMttSG2OLgAzXFUmJKc+CtRzv+z8Wfrf3AGseeibAFynPtJS/YX8fD41XAVGJo/9moe+iS1P/VFrM3fmFFz6L1NtWUDS8gzThI/C3ARUo0dTOCQlQ4fC3AQeJ0UMQTcc8tANh0CijX6tV6pp73G4XZCaAFPHoOq6sd4+EMcmryfPxnuKoNbGOpewSH5+vurPgGtlGHnqI+ft8vPzUVtba79taulAa2OdS2hnrMdJDsqQZ+mZ6tXMerpGrg0ppOIUDpnppkEfQyOPP96LxaulD0jlsMjd923Eke0PoHDazHEZg+rKciy48Q/4227H5b5OUzSacdJyHkjyxBObQ3q64d/85gH7+98dHTy/Wsci1M97qJkyOccleOIcHBkp0iB/eUn62d3fAF+3V8qe9pmAHJep8iONj+WBPS4t4xnsxvXZfPnRnUHdnuyd/e0h/8s+2mMIlXMVbKxWK97Wx8BqtUJv1rus05v1sPZYoZe30Q/fNgNWq0G6PbxcGST3uK1am/Jy5W0f9gfgUo7T1/5L2+ld+zSK/b0wT/T5nz88xc94CWTwZSL6H8pEIfas3hjnkGzZ9XGJQzUYTyEY5XRFhfMWofroQdXwi+xbz2zDIyuy7NsqgzMOb5a4Cb84982Z3hgnikLs2fbWiyfHY/weeOBJPPDADvzhDzdo3keu+OJrBRd5PzmoEigjQRyM6zRGf/jDDXjggVXDYxd6H2D8+n/+Z+TGziMet33X3frh5e7WFxWke+2H85RCSmpBFNmhQx/bf1abAklyGzbD8zRIynYAqYqLu0CQc1/LjuwCNIR1fv/Hv3ofSz/GN0KtW7bitlHNw9nR3hbwTo22TS1THzn87QvTaZCGLGKS8rZy6iNAW/WXhotnfb7f7PnSdAmmUrOm22NlrPrRcPGs1+mT3FWBkRmNRq/3Mzg4KJ/DdhANO3qsC/PmJtnDIY117rdVhkKOHuvicVLIueWWewEAzzyjbfvMzEwMvPAoBoZvT58+Hd/7f9KXCp775aOq+0R7eTxOT89Ac+eQ/faCwlT7z0eq2+3bjNf2vvQ92mjE/T95zD4WyrHJzMx0u99f//Y2/vo3x2lwn3kGePPNv0XMtZednoJJWXlYn1OrcQ9lpbw+bLj/e7h4vtzjHhvu/x42Pvc0vndlHF5qyMeGrztWf3EOsoxGfn4+2traMGnSJDz9q5/Zq8DckHcGT3/qW3+VUyB9d562cO1LDfluK8SQIy2VR8bjS7feKqVUV5YH9P7GIlwzmnFiBZjIM21aoWrlkGnTCnFgp/TeWHXdyNRB8nRBzvSpKWE9FjRxbrv1FofbR44c9Okxz7n6i7btK1Hg9HxEGRypveDfFEn5U6bZf1ZrX9nXMTmu7l6v4xnsxi0AM+v6//R5n60fPep23aLbvulHe9/z2r+95b0OTyZamkz2NGt12Sm0NJkcpuZpaTKhuizb79vOTxpG05Z8W5j6gEvf5Sddtw2Pm6exGKuxDdS5D2Y9PT1FNpttampq6gdFRZe6rI+NNePzn7/W8UHjiceG//LD8V+HZwWu/y545FHsfOIxzEr1r68N7VI7OX7uX9YOXPvIo+777+XfBT9wPMfvvLMTZrPrvMlVVadhMpm8fjhjsVqviI6O7tfpdOfMZnP1RJz/hoaOMWk3Z5yCKaHe//HU1nLhZGpGoVBasmXdg5CqwKye67qdMgTzzOJBh3Xvm6TP2455CL44tLW7Edi9DXNnSh8mXZ8tvXEtV4J58IDRfp9qHnxWqhKgVjEkMSnjVHvLhZPjNX4PPLADtnd+jgce+Bn2b9A21Za/UxdpCapMydb2QHjBpP7ZWn19veYKMLs++Qdyc3Pt/Tpz7kOfwjn+jF0wuWPNDfhkzyFcrZg+SItP9hzCrKkjhRrLztVj1tRcpOc4Fm9saahHda30JkxPRxMSUjJ9+9t2ZJf9XzkE09PRZF+/fq30fOfAR/eqToEEAB8opkFS89hPfmxv5+n/+f9w4OOtWPG5uzX3ddaClW5DOsq+rlx6mcexUo5Z2TnpGpTHuOxcvaZz9OqWHXx1rZFcASbwbV4Yt2MI12mQilJ6BGWgUBl+GcvqL1LbsLfv7bbz9EppeTWOz+MuQvN6ZVu+9mMsxkGuAuNSfWdwUPM5bOX77+REGQ4BimG8EI+iKXn29fLtUA+FRMpxkmcVe/888vO5WhRPzUfWZV9yu/2/nnsCF2rrMSV/5PnhF+9/BEajAQBg6++F1WyErV+qfiEvl8nr7c87219HTnQe4nKH36g3j7zpPyVL+revvhLAnHHZ3mru9dp35/X/eu6Jkdd9w2Oz6q6vuh3DHa8+haoLdQ6/bzfc8VBEXn/K6X4AIDMl3mWZ2vLE+FhMvmSm21DJ5EtmIjFeep/wRF0PkDYxx3eirgeAzqf+ysepdSwocDZufmtc7kfrNEH5qf8PqamO7zkVFelQVSVVbjt6VHpfZ968LQ7rAdi3aW9vR237f7m9j8Jswa/pncZrrCi8rF9/j8uykpLdPrfjaQoeb9PzjOV659COc5ins7s74GNBgSGFTg66LCtMiMLhrX92WJ6QlGz/uaer02W58/bO65X7aPHAoyPT0LbVqb95kZY38ln+Hx77jdc2u9vqcGbXP1X7765/3W11btc7j8mF2i7V8VywIHSuiYAHYA7t/TCi2gtlPFeBZxORPzAwkOnrfs2PbkdyjvRtFeO3FmLw944fYCuXdTY0I+Mx16kMGjR+59Fd4GU0+wei/+5oqPwCABgcGEgCkGSMiRkAUD0R53+s3nfPcTMub7/9smuVH43/TnT/R0sQBNtE/75HR8dWp6UXJJaWbFl3zz0/2LT1GLDyGtft5BDMgweMsOzbgrkzp+NY+VkAjX7dr7QvcKwcUlvPbEPUVWvs96Vm67EczJ05XXXqo7T0gguG6Nhx+Z0RBAGiKAqPLJwl3nMn8MLdM3Hk8GtCasYlc4qm+V7RyNfKK3LoZNcn/3BYnpKSrml/dwEYANi3723k5uZ6bWPl1Xe7LLvqqi8A8F4SubRky7oX7p65SR670iNSmMldRYZwmcbBOfwCSEGNsnP1uDrH/Zj39Xahr9e3D3nOnTmCxdesBiCFYCZlef/AVxl+AaRpkBCv/T4XX7Pa575OyirQ3D8AqkEhOfQijyd5tQ6A31VggrECDEJ06qNAy0/uBZCgWoFES/UXAKhtsoxLX5UVVU7t7/e4rbv1OZOno7apbMz7WttkQc5k79spq8DIlCEkrefwEC9lUqEMhwya4x2m/1HeDvVQSKQcJ409o0EKg1j6utHd1+2yXOa8Pth011/U3Hfn9b7itGKjOE+9ZiTGx2L25dreC3Ce/kieziiQ0tLS7NMmydMg5SguEW/97e4188SOA09T7Ly1+S9+v8a5ee1XNb3eU502CMCR7d73VYZf3K0H4HEb2b0rFH2Qv8/tw3ROox0rTnUUeaTgyG7V5cmJidLfxbyR6Z6VPyvV9I1UUJErplRWVuPI8aZxOY4FczJdKrV4C834MhZLlvBaCSbWlGzEpjgWpVB+4qhcZ1VZprafw/pa71VR2upM9oBLWl62SwhGGX5xF5BRO66A9N/dmNQeDPlzH9AAzA9/+ZjXbQqy0zW398tnnva6TWpCXED7F+7k8ZqIsfXl3IfsuRLg89zzOakxaAZwyVzpj641NQb64Z/PH6u2byMvK21oRk5qTNAc8lj3311Yw8NJsI7meObNm6sTBB0sFsv1oijG+PqCeta1nw/o+JbtfMftuDzyyC+RkxPrU3sNDWY88cRPJrz/o2Wz2RKMRuNqQRD69Xrd+4JOh96e3nENxZhqy7qz8maeTkhMz/Jlv+uzu3AsQFVQR9tWQmJ6f5Qx7nRjXfm4vnv5xOEy4ZGFs8QnDpcJADDQ3zNV676jmdJILTCjtfqLvK0yBCO35xhq+d8xHbsnj5SvA17ZJP0buloa6t1WJFFSC78ogxvu9HT5Fwy4dN7VOPDxVlw672qcO3ME0bHukyzup0ACgF2a79PfvkbHxnvcV6784jye9sf74aowymXKdf5U6okA6x5+9PlN85f4Xn0pmCrAPPzo8wDDL3YWmxQidJ76yJfqLxUNvS4VWryRAypySMTb7YqGXuRfPAug2KWt2UtjXAIvassAaWqiioZeLPKzH1oU58Q73Ic36lVgjvh8DonUHD3Whca6StSZmlF1ZuRNdfl2Vt40HieFrfOnm3HJpRnu3/+Y6zALIAxR0tvEtv4+1eX21+PD6zdvfR+//i1w+30/0/Bmywr7j2O5/eat72Pat6/z2nfn9cqxiEvoQvHUJLdjSsPviQyHUXaYZziucJcBcVheis5WE4Bse9UUZ9295uFtgMvzEnCyemKO8/K8BHxQ24fai1VInqStv/Yx0TQWrmNK7o0mtBEojz/ei8wrJ/m8XyDDLwCwq9z1WjywtQWrVkXGeSAaC+5COyOVYDhGwayt1fXvaEZmTnD0zU0Ixp/wy3gdl9p4hpKABmAKstNRY2oJWHupCXFo7+kb9/45z8/onGYN9O2JuK+JGtuJam+8yVVLcnKy0dBgsv9rf0Kbk4OqhgYU5eSgwd0bFcPhkUvmFtpTNfIypZycouGfquy3GxqqFMslDQ1VDts3tFe53d95P7lN5fqy4f3hZ/+VY1DV0KA4Hscx01oBJhDmzJlz+eDg4GUAYLP5nqU4jWyceP+gQ2hn9JVZsjEfbr7B62P4xds+p5GN0zuP+N139X/d9380bDabMDg4GAcgTqfTfQkA4uJiT/b1mU+M5+96Y115R07+rHdf/L/frLvnP7+/adfHH2PlNa4xb7kKzFhyV/1l18clmDvzGtfqL4KAhKT0d0115f0T8Tgph18AIC4+SfWtLEEQ9N+7S3qqIk8VJFVLAQoL56O6uhQAUFqyxev9nTn3oX2aosLC+Xhly78BaK/+Im+rDMC4m5ZJS39kvkyfJAv18IuW6i2A+rRH8v7ewjNbXn15VH0sP/uyw7/25ZUjv2fupkDy5rGf/NihndH21dM4K8fS3dhdvfwKt1V2GIJRta60ZIvPlWCCpQLM8OOTpscQ+W+5k7CcBglwrTqitfqLv5TVXLTcLs6Jd1imrDpTu7UH+ZmOL+3f29rjcFtenzN5OooVFWB87cfYvBHkWAXG1wowRETk4b0ZLyEYpStulEK+lc/+UHW5TLm+sDAp6I5Z2T9PfZfXT58+XfNYkuTR//o5Nj7/B2z4+gN+7X/qeCliYqLR2WpCZ6v77WJiogHI0xBpq7Zz/Phx9885hqu7tLW1Yc6cOZrak6dA8qW/t956q1/jsvH5P+DR//o5L7AQ420KIkOxzr6NoVjnuPKo9M/0a6T3hFW38fLUuNok+j0NEpHP70N0dLhd19nd7RIQUQZK5GmE9KkpYT8WNP6WX7UIe/YddFk2UQouGXl+mZ01/KU4yyCyhqcgdS4Y0Vhbb98uf8o0+/6myo84nn4KSACmurIcu0pOaXsRUt0Y1AOy4ubbAQCHPvoQa/9T/b3hzf+3CY3Vh4Oq31mFCz3294rPDE/7oPE8jckL0ACee+eQkl/G+DlhTk62y78dHVUoypGSefK/qi+qFeER52UyT/sDQE42kJIK7NzpGobx2nfFvp64C/Bo6b/yGOR/1casquq0bwPvxxdA58+fn2UZsiweGBzQXLv277UGlbAH8MwzzwT0Onr44YfxckOMarikocH/0qrO/QekwMtY9N/dWNnMNuhidaO+Dzms1NdnvsxoNBbqo/QH4O/8Qv4QhIGsnOL3AGmqoZXXSKETtSDMeJL7IE1/pPJ3I6f4PQjCQDD8DbNabEb1oR35ecbU61Bf/w9UV5c6BFkA4P77b8BVV80FAOzbd8z+8/r1/2sPzii3HytyRRhlfwAp5JKbm4v16//XYVu5X/v2vR1RL0jSc3KBc/W+bQ94DczIqmpacMeaGwLe71e37MChQx+7LPcl/CKT2xnLvhbmj3yDwFOIpaWh3h5Kcg4cMQTj1joAm5atuA33rdc2reNEV4BZtuI2Zd+1PTaPYwg52PhS/aXh4tlx6ZNzBZhFV8zy2A93650rwIylhotnNQdolFVgiIjIu1tuuRcAcNMc9RLnycnJ2HZ8+ItYx00Oy9XcNCcbX37uCZflZYd2Im24DFhbw0XMuuJa1WUTbTT9/PufnnA7hr/bfEJ1ubsxlM/LV+79Qthee3KVki/cfteoK5bIgZFAOX78OH6wwYYpC/+FC4e/CAD4/m+kda7Ld2kOP/naX3/HJRBjSuOrMNv7G9H5Q8DZjz2/trLUiJorvyjJoReGX2g8yNMWqS0/c7A+rI5VDus4/L4rwjyexoImTigENBpr6+0hGOUyjmfgBawCTHXZqbD6Rak+ewofvLvT7bpYQ2j1Nz0zm49+Tsx9PUJMbNxaAJsD3bbv0/a4UoZH/JGSCpSVAQ3tQE7OKPZNnZj+y3z+8EX0/Qm/zWabpCX8MtgllZJ+4403cO7cuXG5Tp988kn7z2+/9jYWXCW9YXNkn/T77s8USNdeda1DO1+4/Qvj0n+HMTePzWxFg4ODCbFRsZMwjgGYhprTIoC2SekFV0+ZvviTB5+9AEAKwig9sfAwHtw3Nn1Qq/6y9VgOth6TPhhVVn8R9FFITcmuMdWVtwlCcEwZMDDQl6m2fN4MOFwoK6++G7s++Yc9UCJ77rkdeO65HQ637S9OCuejsHC+asjEl+mPlPsoq8AArtMyOffHHcepk15GJHh1yw7Vn90xNbUBOOnz/dx9/28C3vdbPjvP4faJE/LUR2dG1e5Y9XXX/pM+jfXIeLve1rp/hFkHAC+8tH3Tk4993evGE1kB5oWXttv7S9qMdfUXfzhXgPGXcwWYYBrz7ExeezR6FRUVQnFxsfiv557wed8v3v8IKioqBB4nhcz1vvfPeOib/6W6zp9rg0Y/hjtefQo33PFQWI/L2ltvHHUb198gzdESHe/5NflAr/TaW+sUSK2trThaJgCQQi5Hyzrs66SfXZd7I0+B5Et/AzFGFLx+8IN4wLna9UzgyHaV5/DFRtQa4FrVZdikGmkqJU/buKsAs3KmGXD+wtuKeBw9ynNEY2f9+ntclpWU7AYAJCcmup1CCBgJkNT0wR4eUQuRjIdA3K+nsaDx091rxpEjB92ur6mtndj+ndmIF36+EQBw389eD1i7no55LNXU1qK71xwS10YUfz0oUomiiH5zX0Df9JGjF/5+Y/b8sWpMgWvllCl+tLVzZ5XfARZ/9w1k/2WBCBN5JcDrCZPDLwBgTMrErPmZKCvdP6HXcKCnQBpPulgdbGZbwKrAOP0iTshX1ltbavZEx6b8x+x51/177szpcDcd0niQpz06Vn4WpSVb7B96GqL0EKLiB1tbavYE2SOyaiIqNtr1ITo3N9ehksuePdJMJMrKMGqUgRmZL9MfKfdxDsDIUyHNmAoc3H+3yz5nzn3odrqkSLJg+dpxu683PzgKAHjsEank+adHz+PND45i/hLpdmnJFp/WqUlO8TcFrx6gDGRfJ2KsI9i6hx99ftPe3Z7f5D5VdiHgd6ylzYcffR5g+MUnvlR/ARynIvJF9nzpOZmp1Kzp9lgZy37UNlkw/MV7zWPPKjAUCP6EQ0IxFBIpx0n+mTfX89REcQldmvZtrJuMrLxpDuvUlk00f/p59FjXqMZw0Bwfkc99A9SOw5SiifGO71U5f7CidQqklStXYtNbu7DprXbXO3xLdFi+cuVK1Gr4UEyeAsmX/vL5d3h7/PFeLF498n6SPAWR+t/qQWReqd5OYbaA8xrur7jYiFqVEMzfdse4LGv6tBWrVvEc0diQQiO73Sz3jXOllPEOwsj3X1lZrVrNxVOQx9tYLFnCa2W8Nbe0qy7PSE/VvI1yvbtl7tpQqmsY+V726Xd/iP9+9NuoOC1Nz/jCz2/Dj/7i+oCelZ/rsQqM3GZeTta4HI+WcQsFAQvAtDSZHG6nZ2a7LPO0TuuyiWgjHMjHxPMyPnwNbWQ8diNqHwOMAJAag9qrJ9nXycuM31oobTt825ucnCKfK7+o7dvQUDUh/Zf5HiYav/fyZs1fOqEhmNFMgRQMxjQEM0EGzB2vpSTGrJ0788HN8nRIsl0flwDIGZP7dZ5ySZ72SBl+AYC4mChbR3fHa6EynnJBp/tWR+GPv74pwK3fMqq9fe3PTjztcdl9q8M/k/zf//3D8XwTcBMAPPrEFrcb+LPuwEfHA9I5tXYC2ddxHmsC1i1bcdsmf3acP61P03allXE+tz087RGvBR/5Wv2loqEXxTm+fwAmBW0AOWzj7fZYGat+FOfE+zzVEqvAUKB98f5HeJxEREFODpPIIZLE+Fgkxsf6/e1iZbClra0Nra2tAIBJkyYhLU2aljQ/Pz9o+kuhzd8piLRMnSRv19HOcSYiClUVp4/j1GnXqbPlwIs8HZK3EAz5jhVgiMaAr6GNHKdASI5KQCTHh9AIAORkS1MZ7dxZhZycIr/3naj+y8alAozG1yjGJNd35Cc6BOPPFEjBKKBTIk3w9xlnX5JW8uG7f7g9vegGj0GTuTNHpjE4Vn5WU9u+7KOc9ggACrISBgqyEg8H82PnodJnXJZ19gDfve+hgN9P6Xbt465m2Xwdrpj/YED79dsXnnIzJjeB/PPOK48DAKorT+D+n740qnXOVVX8DZn893//2iEoIVdQCWRfaUKsA4CHH31+EwB7lR5vhqcn8kpre6UlW1BaMtIf8o2v1V/G9U2Thl7kXzwLQKqQkpZX4/gc76Lj9u7WN1w863MwZbzPAavAUKDIlVEa6ypRZ2pGXnaGfZ18W64OEcohkkg5Thrxyim+nctzFF6U4ZHuXrNLhZWGtIVAY92E9K0hbSFQW+pTfyl0+fIFXF9DLzI5/OJtf60hmUAdD5EWHR0dqstnLLpKeyM+VHvZuWNnwN/bWDBnreoXmKJz53ndd8ZwgfHKymq3Y0HjT1mxxN9t1NY7L1Pb5sLFBofbeTlZqKqS3oC59HO/xqbXf2hfJ1d/UQZdGmvrvYZglJVfxvp4tLTjfMzBKmDPxtMzszUt83X7iWzj0N4P1Z98TJ+Nxurg+gyxcPpsj/1VHmeonxcA6OkK7j8u4xLa8CIlFSgrgzSVUc4o9k2d2OPwvQKM7y8+rBqyF+fOncOs+epfSZ2oEEwoT4Ekk6vANJoaA9eoOLHHtPdY/QUAFy6fNumqB59dse+Zb0uTgG095v4XURls8Yey2syDz15wqPySk5Fsm5Skv3iisnV/MJzzKyalZ13s7/3M5Ji4Tw+1trrM37G31PEX8oWtFiyb/8yY9GXBLP8e4I6USV+/UQvsjMYLWy0uY7FsvvbqSAvT0qZc7O+7cnJM/EeH21obQQEVqKoqKu1s4uiGlXUAUFqyRdN5ffKxr2tq9KW3mr1uU1qyxX7/5B9fq7+Mxqn9/dLf6cnabhfnxCNn8nSX/b217/JccPJ0FDeV+d2P8TgHrAJDROTFks8CB7aGVJffe+cI2obTmGka/6got1/1+QWhd47e/zuv1QC59dZbAQAbn//DyPXR1qb6s9ptrdspb7/92svY8PUHpOdDx0t5EiKEu88rlJ9F/OAH8QDMwEzHbY5o+G5DIMMv965Qeb6/Ih5Hj/p2PERaLV++BHv2lKguB4DCwplu9y0p2Y0lS1YAACorX9Q05dFYhF9kyvuXf5b7p+yrmurqcmRnZ3scC5oY3qb9UfI0VZDaft6mBVJOfaSUOGMDvvXI1+y31QIuziEYtbblEIx8P+76N9rj0TpuoSBgAZjqyvKw+kVJSErBD3/5mOq6zf8XnJ9TeOpvuJ2fYOdLaOOqnzwxJn3YubPK7wCLL/uOVf9l4xEm0gmeX3Q0VDUgpyhnQiu9qPYrQNVcGqoawuv3zxYc/ThR2bp/bnHGigefvWY3IIVcRlNxxJO5M6fjwWeltp2nPcpIMZiOVTQHxcWbkZmz4nBTQw4ANPf1X5WdlVlsi0ovEQTBVlqyZd3vsWbT/Kw3Udp4C04deefOhTPHri/DVRL8fSG1CTcax7Jv67BEGovfb7/J5Zy6jGvurESdpWXJ4abm9OGxvTYjM6cBapPRRrjhgIDP69hX8sM6AHA3NZJ8DktL/L8DuXrM8L8MvvhJEKQngv5Uf2m46Ph3/en9l6pu972lp12WKcMsWm4rK8DUNlk89svTeucKML72w9fjbbh41mMbakamXfJ27oC4aL39HBIRRaqjx7owb27SqPbnGHIMg9kbb7wBAJiUlQdUVOCdd94Z0/u78sorMSkrz36/FDm0VEw5enS3X/v7G36pqBhUbdtTP3w5HiKt1AIuJpPJ7TpPpk0rBCCFT6ZNK3QJxIxl+EW+f/m+5X74Mg7V1eWYNq0Q2dnZXseI6PdP/JmDMAECEoB5a/Nfwu4N16UrP7/pg3d3qq6rPnsKsQb1/S5fvgKZabnj3t9tr22Bp/7u3/UO3xQfR8FQASYnp8jnyi9q+zY0VE3ocfheAcb38pCC4H4fk8m07onfP7HpkW89gpyinKC6zo7s2xlWvzdP/P4JmEymUT9W6XXB8xlISmJ0SVfbx1cIadccevHFx9fNX7LG/kGoHIbxtfqLWohGblsZlMhKT7TlpEVXJiVEnwyW8WgeDr/IGpua0ydlpmRA0FnmDwc+ls3XAaVvAgtueQV9r/8TADb892DA+7Lh3g3Y+LeNfu+74b83jtk4uYyF07l1ZrNYMpqHwy/uxpqIJoz8u7tpx7YXkVswFTu2vYgbbroHALBj24uaGlFu79QGn+OP9rXsgdb2O5Zl+F39pTgn3h4Ecfc3/enhGKpaEMaX+5GDJO6CJyP35369cwUYf4z18Urnwnsf9ToBy2Ylvf7WgdZ+XslEFOn8DXAwuMExDAbephA6dbwU2VlSibji4mIkJaeMaX+yszLROjzlkqmxyef+UnjauPktr9u4q2Dvb/hFub1z21r6QxQITU2tKCnZrbpODo7IQRh3pO12a7q/sQ6/uCMfo9a+qoVm5HFoamrlhTMBtEz7o3W9p/2U6+TpgJTTFMlTIAFAwSXTR31cyrblKZZ87bfW49E6bqGAE5IG0ESFXyj4+B7a8M8RZOPgiR7o9XpYrRnSvy090Ouzh//Vw2q1qqwfuf2+6v7KAE820G4GkC211W4ebjMbG8bhGMcjTCR4ycyYTKZ1j//28U2O4+n5X+frwZ991dbHKlJNsX4mnMwNDSirkj5U2LlvJ3Z6CNL42vfR/Nvc3BygJ7dC0DwWfHS4dgDA4SWX58wGMFe5Tg40lJZIgQct7SlDEM77OAckCrPjT5ScaDgdTI+NiUlpg91dbfbSKQmJCRZB0PVAFN3O82OIwrov370h4KXXNv5t47rR7Lvh3uDpkyDoehISEyw93T1RyrGO9L/Fjz2yBp+/8wf227d8dh7e/ODoqNaxrzRaysDLhns32IMt3ihDe1pDM6Td0/svxaYrfA/Q1jZZ8PT+S+1BkBdffFz1cfyee36wSbof4AuFB/3qo7ICjL9TJx4rP+tSAcafsfLleL+39LRf0ydJIRvvVUz7BoOl9h8R0fjpePtlqH0v7713jqDO1IyqM01e25C3y8qbZl/WWFcptVOneD/kfLl9KqJBcx/ee0d9mTem8+Uwxsb5dbym8+Ve7yNQ/RztGCrPEXnW3z+A6Higu9d9dePoeOnDl/d3vDehoe/rb1i1Se6Lp/729w/wxIY4T1MDefsS+M1rv7pJreJK/hBgqRFRVeX+aetQhQ1FRTpYakZekzhv79y2lv5wqiMKNRMVfqHQJodQJkpNba3Lsk/ffi4gbesMRtX2J/qYQwEDMAGiDL/kTZ7CAYlw7kIbJ05U4oGHfxnQEEXgQgO+yc7O3vSNB38e0BDEVVcVudyP72Ei3z+8sGm4i4kaZ+cxl39+/5P3RzXWX7j9Lnu7gai6Qp4ZonTnr5iVqXd3qXmb4sYXaclxtktyE04bonTng20curvaXktKyV/W1VE7OTFlckNcfPxeU+3pobjErCgA+O59DwEArpgP3POrSvt+owmrjJWx7pO7sVDT0nimKStv1huCvndZd8fFnKSU/ItdHbV7+ZsnBUQA4NOj51XXqS33tt9E9dWfdRRc1MIuG+7dMOo2KDDWPetPgFYKg7gLgsjk9ffc84NNb5cDbz/rTw8X4dq5FQ7t+UoOz75dvcjvPvh6vE/vBzCGEzHqBF67RESBMmNeMX73i99g1c23RsTxvvfWG3jqj/8P7731Bk/+BOlsNbGvFDTGYpaD2vb/Qu2HnraIAQB0nP82TpwP/uOhyOVpiiCt0wd5226iwy/K/gXqmGjsvfP+xxN63Xz++mtUvyS7fXfJurFsf6KPOxQwABMADL+QM6vVin37dqoGWcIlbBDo48jIyNikHDO1sdNGGJddJsqb//q7fVz8PQfZ2dmb5HbGq1rReBJFMej69ElpXT+AEwuW3o4ndjcGrF21tmZfkrr94yO1ncF6fjrba/YKgjA5Pj7uQEPt6SF5eWnJlnX3/Gqkqs2pI+/cuTBCp011HgstAanGurKh7LyZB7o7sJrhF8mjT2wJ+Dr2lQLJjyDdJo7a2D3uRukFWKyiH/tq39bf4AoghVce3lo86mOV2/A3fDtex+uDIV7BpMWvN76GHa8+Zb/97Tv+hGcf/QaPk0JS35H3kJycDAD4zk+/j47m0RfDipTQy1geu7KdviPv8UL14t//fIX9pbDjXHElUCEUVnOhifTEE5sD+rrukUfWbvInbBJI8n0q7zvQx0mRY6yrsbDai38YgHGjcPpsHNr7odt1jdWHAQRP+MVbf/fveocndRwFQ7UQjpl2VptFDIUxClToKNwrvgiCELT38ZkF+cbe/qHph043zh1tH9Q+uLri0qxjOkHoG48xGPXYCYgWBKEPAOISs12OyWiMxf7jomiI0Gcqfn0wKSCaf03s1rGvFIbnmdfKGFg+O0m/51RXeP5dGIM2gs3AkJi/fHZS/Z5TXVZezeRNYW4Cj5NCXlNT0zoASE5O3iSf72r0jCoE01hXiRnziiN2TFd9fgHee+eI6lRGvo6h/PsnnydSN9FTGoV7f2lijGXFFVZzoXAy0UETBl0okMa6EgsrvfiPARgPfvjLx1SXb/4/6cuXwVb5xVt/iSKD71mWGdOmRZ88XcahozH30ZHaIQCnp+YlTz1X1xnQd6an5iX3HDrdeDqYjz8965LJbS0XltisVjSbKlMBtAOAIOhc3q21iSLy8/MmmRrqeOFoNDym0On1X0xLn1IC4CJHhYjIs+goXQoAv6q/0MSyWEV8eqZ7+XVzU3YAaOWIkDfvvXOEx0lh5eixLsybm2QPwTT68dJJGX7Z/+4HETuGqz6/ANX1oxvDwtwEvLLxDV6YREREREQTjAEYN6rPnsIH7+50u27xyuAKv3jrLxG519vbN4OjEE6C/wOsc3Wdb82bnjanutF8aUeXeVTlWlKSYsXCrNjTR8+2HQ/2425pPL9M/tlqsVwJYCqAHutQT7zztpahfqG2tu4GXs+aLAWQYLVY0gHAZrXqh8eaARgiIi/iovVMvvAcEhGFLGUIBiiG8UI8iqbk2df/7he/waqbb8V7b72B7/z0+/blztuNdfjl2KlyLLpigd/7Zl8yM6jHkOEXIiIiIqLgwQCMn4Ip/EJESr5nCXQ6XSmAxRy7yL0GJsLRs23HZxWm5Hd29yeLon+f2xgMBuRNMnaFQvgFADKyiirbWmunWS1D8qJ0AOn95i5etqNTqLyhjzIgbVJ+JYeFiMg7f/8GE88hEVHQvLZUBDgGzfFup8FSLlduN17BjZ+94N/07DfNyeYYEhERERGRZgzA+EkOvuRmpE1oP+qb23gyiEbpQk0NHwtpQpRVd7yTl5N/ec9A/8zOthafr0NjdHz/qaqOd0LleJsbqw6mZ08r6+tp+6y5rzNWtFl5EQSQoNMjNi7ZHJeQ9kGzqbKHI0JERESRqLi4WPR3v4qKCoHHSaHo6LEuNNZVos7UjKozTfbl246bsOrm4X8V02PJ27U1eC4aqazcIldiUVvmzbbjJpw9e3adP8e2Ddi06maMeT/HagyJiIiIiGh86TgERBRefH8P0GAwcNjC6goIrW8B1zXUnhCtBp/CCsboGDElNa8lPinro1A7Py2myp6+nrY39Poofl07wPT6KLGvp+2NFoZfiIi0P28Q+ZqY55DCSXFxsVix989+7Vux989+h0p4nBQuth03uSz72QvvuFRvUVs20Xztp9qxEhERERFR6GPVAw8O7f2Q/SUKOfwiW6Sz2ULvGhiy+fb+c0pi3KBZjKlqqj8TsmXAJmUWvdfWfOH6oUGznlft6BmMsda0jCnvN9aVczCIiHyg1wm9S2YkNRw8251jtfHz4BA7d1g0PbFBrxN6ORqkxbcf+xOPk3jt+7G9XLllG7Bp2/E/uV020ccwlv3k7xURERERUehgAMaNK5Zdh1vvuMnrdqkJcRPaT32cNNfsL5952u02b7y6Dft3vcOTSuSGKPLDjnCiD7HvACcm53zWOtie7Ms+TS1t0dmZust06cUXO1sqBkPxPDXWlbcbo+OYWAsQQRCExrrydo4EEZFv3jzQagaw26AX7uTEfKFFJwAlZ7p2cyRIix9uuB152Rn223WmZh4nhbSzZ8+u++L9j2z613NPaNp2+vTpm7xt97MX3vE4TZHaOn+nNfL1WEe7vbs2xnsMiYiIiIho7LFUMBGFGYZZIv4KCKFAU9KkqZfqxa5JfeZ+n4Mgjc2tsbbB5tVJaVNmhuq5SknL+yQhMW2IV+3oJCSmDaWk5X3CkSAi8s/Vs5Oih6x8Dhlqhqwirp6dFM2RIDU3zcke0+15nBQMhkMwAWkrUoMbHEMiIiIiovDDCjAepJf9p8uylln/F3J9Bu7gyaTIIfheUIIFYGgiZObOEvo6qi/v6jP7FUYVRRHdXe1ROl3H/PjEzKLe7qZ3Q20MmhrO1scnpFoAGHhF+E8URUtTw9l6jgQRkX+MUeLgVTMTDh2vNi/s6beyOlkISIjRi3MKYw8bo8RBjgap+c5Pv4+OZptP2/M4KRTJlWC0bOtpGp9IDm5wDImIiIiIwgsDMGovZn7ypP1FT0rBKvvyjpr38Mar2wBA0/RI40nu11cuc+2zfEzP/vJhvhAjUsXPOcLqbAqhcT7bmqu+ZBnqH3VnbTYR5t7mlEmZRXMMxpiTptoyWyidL1HkLyDHkIhoYn14rFsEcDY1IWohRyM0GKIE7CvvOcuRIHcKcxNQjR5N4ZCUDB0KcxN4nBSytAQvGM7gGBIRERERRQpOgeTGjx/8T5+Ws89EIfxAyEfC8BIiUYDE5KyauKSCmrTkeOto2zIaDBgaGkoPxSCEyGnLOIZERBMsI/fSqPikrJu7zCIDhSGiyywK8UlZN2fkXsov9ZCLo8e6AEjhkJQMzy/2lKEQeT8eJwWz+Lg4C0eB55SIiIiIiNzjm0VERPyogyZAe8uFvVdcVhhdVSveDEDvbztxMQaxeHJK6dGK2jNd7RxXIiK/XxhF6WGxWDkQEWhJfrP+rQPNLIsQQqxWK3q7GhOunWnTv1UPfnBILo4e68K8uUnDoY9iGC/Eo2hKnn29fDvUQyGRcpw0wiaK23R6/aWGqKiYwcHByc7rRc7xHJTUKtUajcaLQxZLv00UT3OEiIiIiIgChwEYNxo6zXhhaxM+v3Sbfdk7+9tx3yIz+0xEFMxC6P2+05W1t+mMSf2TUnRCa0ePT3+TUxJjrZfkxrUNWMT445XNCwCcCcXTlZSc+YHBYFjZ1dEcz4vXj/FLyeiNjUvdZe7t4GAQjRLDL5HLoLeJxigBgxZ+aBhKjFECDHobTxq5pQyHDJrjHab/Ud4O9VBIpBwnScxmsxnA4QGrFVEG43FlrMIm2mA0GBaJNlva4JBFb7NZWe92Aul0epvREGUVdLq2waGhgzpB5/C2xcDAQPfwOeVgEREREREFEAMwHnx1dabLbSv7TEQU1Gy20Onr5dPSD3560nRuWnHGqtaOnjQAiDbqMTDo/pHbaNDDZhMxMGTTV7cYxLZW09all2dP33/CFJLnq7G+ojspOYPf3PaXCEtjfUU3B4KIaBQPpZz5iOeOwtbRY11orKtEnakZVWea7Mvl21l503icFLIsQ4MurwPMFstOANDpoxYB4ImfSIJwvn9g4KB8k+/PEhERERGNDwZgvEgpWGX/uaPmPfvPb7wqVVkpnDU7ZPpMRG6wRHBY0YXQd9w+PWk6BwAd3ea4aKNRLJqcU5mTiouHK3qu7ulqMxbmJvaJIlBV3xUHACkpaUMzJ8cftCEq/sT53uIhW5QIAPtPmM6G8jmz8dMrjh0R0QSz2jgGPGdEROFDEAS+58tzQEREREQUkfhEnIgiHgunhxeLJfSKieRmxJ82xqX3lVdW15QDyMqd/mlfT8fV5+u6tgJAWsbkOT0dDbNj4pLLSo5XXRjeLWzmCbfxl5BjR0Q0gfQ6GxJjdWKX2SbwcTU06HQCEmN1ol7HFAwREREREREREY1gAMaNGlMLCt0sZ5+JwotoE1mJNoxMLSoc+2sm8FWDzjjdrgXwiuL28eH/wpJOxyImHDsioonz731tg9fMzfvX/tMtX7TZBvjAGgL0eqM4Z1r6v/69r44JGHJQUVEhFBcXi/967gmf9/3i/Y+goqJC4HESERERERERhS4GYDz4y9YmfH7pNvvtd/a34/pvST9/9nPXBlVfq8tOee0zjT2BU/qG5DmYPXNGVunx4xy8MNHf3385XAMlFNREPceAY0dENJE+PlZn0xtiORAhwgYdPj7G8Aup8yccEoqhkEg5TiIiIiIiIiJfMADjwVdXZ7rcrnbapiA7PeT6TGMjLj4+bsBiTeJITCyLTUyKjomPG+jv7dO6j9lsTufIhY+YmNgTHIXQEhuXXGa1CpeZe1tiOBo+jFt8en9sXFJZT1crB4OIaBSy82cJVsvQtI7WC0yzhwgdLEjLnjZdH2WoNNWWcd4qciGHQ3zZnsdJREREREREFPoYgPEipWCV/eeOmvfYZ1IVHRc32zo4MMs6ZDFwNCaWdaA/Qx8V9XlDTFzZUH/fKU372Gw6jlz4qKw6z0EIMc2m82eTUrLyzEAOR0M7g0Hf3mw6f5YjQUQ0OjYRxmZT5RUcidAxNDQkNJsqr8jMm3URwABHhNREStiDoRYiIiIiIiKiEQzAuFFZ3YhCvfpyAPjg3Z0AgMJZs0OmzxR48fHxaRaLZcmQ2ZxsE/nFw2AxaLEYdFbrnOjo6Cl6vb4EQJun7Y1GYyWAyzhy4cEQxRxaKBIEHafy4ZgREU2IBTlt4oeNOgxZOKNOaD3n02FBTpu4vY5jQUREREREREREElY9IBqF3t7eVQMDAwy/BCGbKGJgYCC5r69vlbdtK85V8lujRBPMauOHjhwzIqKJEW+wCAy/hJ4hiw3xBgsrXxARERERERERkR0rwHjwl61N+PzSbfbb7+xvR9FN7DNR2D0Q6qOEIQxxIMIGA2mhSK9jJpdjRkQ0MWyiMHjDvNRDu050XDFk5fOIUGDQC1h5ecohmygMcjSIiIiIiChYXXnl7AqbTURra0fB+fP1sRwRCneXXJJrnjQppUan4/dVaOIwAOOnz37u2qDqT3XZKZ4UIj+JrOBDNPG/hwwuRcKYveLtMVcQhDt5ZkP67+krntYLAl/4UnB6vaRFBHB2zuSYaSdrB1JsNv5NCmY6nYBZedEdO462n+VoEBERERFRMPv001OHAWDhwpmJAAMwFP5SU5M6Dh48fZgjQROJARgv3tnf7nF9QXZ6yPWZxkaMwdDbD2EIQ4MpHI2JozNGdxghGvoHB+O17sPP48IL80xERETkj+MX+9+96YrEmafrbJefb+jla+UgdElOvOXSPN2JbYe6yzkaREREREQUKrq6evQcBeK1TjQ++KaeB8LUB9hn8kqv04kGo7FK1OkORIuYP8AAzMQ+qOl0jdDpSmN0usVDg4NFVpuN8ZZIe+zmGQ/N8waeuHAfM1bbIl4DFAq2Heou//LKtPOTJwnLj14YyuzoHuAfqCCQkhgtzptiaJqcYdzz911tnPaIiIiIiIhCio5TmROvdaJxwwCMB4WzZjtMLVQ4a7b95w/e3emyLNj7TIEXExPTpNPrT/X19poAwBgbG81RmWhidH9frwjg09i4uAs2q9XrLwE/jguzK4AnNCTZRBsHgWNGRBQUhgMWO9csSZ5yrjl6/rFzXSxTPYHmTk0yT80QSreUdF7gaBARaX5hzG/e8hwQEVEQSUiI4yAQr3WiccIAjIrqynK0NJlclsvLero6UDhtZsj1mQKvv7//Q45CsBn5kq65r88EwOR1FwYmwusK4Pe0Q/Q3lyeOYwaIoviK999x4U6e/eA8N0ThZktJ54W7V06qzU1JXnCgcmBqa2c//1iNo0nJMeLiadHn0pOijvxjV6uVI0JEpF2UIepCXGx0SndPbyJHY/wlJsR3D1qsF6xWCweDiIgAAH19/RwE4rVONF6vhzgERBRObH6EWRiYCC+sABOadDr+InLMiIiCz3Dw4uAXl6dWlNdGLT9e3ZPEURl7cwoTumbmG/b8a097J0eDiEj5elfzC96a4f+IiIgoCAwNDXEQiNc60ThhAMZPz/7y4XXB1J+b1351E8/KxNMBNkGQvpPvHKpQe4/Cvo0IQHDdRrD/b2Q70V0b3rYRR9py2xct23g4Jpf+ws9jkv/nZlzcjZ0IwKCDjd+viWwCE00hyWZjcoljRkQUvIaDGG9fPydh1qGqwbnt3YN8wjEGUhON4hVFxmPvH+8pO17N8SAiIiIiovAQFxfDQSBe60TjhAEYN0JxyiBOczT+VL558+nwfxRS+PkFEREREXn3/vGeMgBli6bFf/ZsozW9o5vTIgVCSmKMOD1L33KwsveD948PckCIiIiIiCis6PX8OJZ4rRONF16FKt7a/Jd17DMRUYjix1ChedpYuodjppEoiq9oHJ87eZUEbjyJwkF6zqU6m9U8b2igp8D3Xxap2qAIARAh1nbZLOb+Dg5qgJj7LajtSjDGJ8bfAgGCII20X8/rDNEJNTp97NGWhtM2jiwREREREQWDnp5eDgLxWicaJwzAEFHE4+fuYYazwoSMlEn5K62WgbiYuOSjg/19AxwRnx+9BjJypuX193XO00dF93W01u7imBAROUrNKi6yWkWDMNRyWWfL2WjL0FBAnir0dnNsA2lgyCI0NLUkB+SvI5pnRBkMM5KTUwdEQ/pJvV4Yam+sqOIoExERERHRRNHpdBwE4rVONE4YgCGiiGfjd0OJxv8JiCH2Sx2ttToAGOhvu8YyxCfGvurubM6P6rPlDw5YASApyhD7JcuQ+Z8cGSKKdJm5s4z9fZ0rRQDtjRVpHJHIIgIYGhpCZ2d7NNC+EAASU3KLBQAxccm7murLOMcSERERERGNq4SEOA4C8VonGicMwBBRxBMElgwJr/PJij6hIC4hrXHA3JIz0D8AKcBh5aD4yGYbwuBw3ZzomGhEx6Y1drXXcWCIKOJk5s6KHrTY0nQYyDd3N13S3VYlmPv7+YSA7Lo76tMAYKi/bU1sbJwYm5h53oboWmOUrq2pvoxV6IiIiIiIaEz19fVzEIjXOtE4GfMAjE4nQBdlhCCKDh9Kyh83C25uy8ucb2vZx9M2IkQMDfILX2PJYDRCGB7xQJyz0V0LAqyWAdhsDDiQe1YrP3gPJ6LI3/dQ0NVetzs1fWqWiOarB/u7DBwR/xljkobiEjI+aW8518jRIF8JgsDHTQppyenTigd66i/v7Oo0cjTIm+FglGA2V08DMC05KXkwOX3aic6WygqODhERERERjZWhoSEOAvFaJxonYx6AuSQ/YSj3kvnbzNZYiOLIh8wjAQlR9Tbg9Ia8OPKtfrfbaGhXtImGYwc+vsli4S/gmFxQUQbMueLqbYJOGPLrPCu3EUV7osXX8yzRIUbfD1NV6U2VF7v54Sq5lZqa0t/Y2MSBCBPMM4WO9pZzjfGJkyyD/eBj9CgYDAYLwy+qXpF/cBfwEAThznAeAFEUX/G0nhWzKJRl581M7OvrvMrcWZ02OGThgJBfOrs6jUZD78Kk1JyiuLjkfQC6OSpERERERBRocXExHATitU40TgISgFn9mYxq6YMFpw8XBAGJsULny9s/Dpp6R4uvuYHvjo4xfZTefODjHUEzznfdmHH60qLoZLh8+CXwgx8CAKQkJi9gACaMHoP0HINQkZU309jX06Lz+EQlygCbzQZRtEVclQpBECAIOuh0OngK7up0gi4rb6axsa6cJe6IKGI01p+5idWLKBAGhywYbG9I6+4w3QRFeJKIiIiIiChQ9PooDgLxWicaJwG5Crd+1Lw/hI5Zx9MeWWP88vbm0zwl5ElsXEwTgMkcifDAXFvoaG+puXVwoFcPAPHxqWJUzKRBvU4Hq3UIQ4OdAARbXELqB1H6KEtHW90t/ebuiIo3RcckWFPS8t60WC1RfT3tnwVEncGYDL3eAKvNBkt/q7G3t13o7myJHug33wrgX7yqRvCDcY4R8fol4jVFRERERETBoLe3ly84iNc60ThhDIuIIl7ZmYpGMAATNmw2jkGoSErJOmuxDMbYrBbEJeZfNNUcqnPepq+nFQBgjE4QI+9aFkVTXblcRe8N6Z82+/rsgivy9IbayTp9FKKijP0tjed5UZED5ykkiYiIiIiIiIho/CQnJ3xJEICammZ+OZ8iQk1Nc1ZKSsKXht+S/CdHhCYCAzBEFPF0Oh0nzSGaAC2N50vln7s6TF5+TyPxscnz+uHAUB2vpFF5BfD+rX9BEO4Mpk6Louh1ig5O80hERERERERENLE6O3sYfKGIYjYPwGwe4HVPE4oXIBERhRUWOyAiIiIiIiIiIiIiIiKKPKwAQ0REYUXHaCcRaRTO0wNx6iMiIiIiIiIiIiIiijT8mJCIiMIMP/QlIiIiIiIiIiIiIiIiijQMwBBRxOO35IlCgcBjJiIiIiIiIiIiIiIiIrcYgCGiiCfwM+awwjxTeLLZbDxmIiIiIiIiIiIiIiIicosBGCIiCisMNIXreRV4zEREREREREQT9RqVQ0BEREREISCKQ0BEROGEFWDCUyRmQZh/ISIKP7Mnx/blpEa1S89XBJgtYvy+090poXxMV12a2BEbJfQCIgQBaGi3pJ66aI7j2SYiIgovk5Nitpkttjk9Q9aCviErX7FOMKNeEKP1OgtHgoiIiMgRAzBERPwOS3idTZ5OIiIiClLpScbaD451HlYu++Ly1Gl7y7oX1rdZdKES5BUEIDctyrZsVuLhf+1pr1Su+8xlyQsBczHPNhERUXi50NXfDWBvfkJ0VlyUbgaA+BbzUApHZvylxhjMcVG60rqegQscDSIiIiJHDMAQEYElQ8LqbPJ0himBx0xERCHPYhWNzsv+tae98pr5k8/VtV5cG0rPt6ZOzv3Xv/ZcFLUcIxEREYWP2p6BRgCNAJCbEJ0DIKpzwLLUJkIwW6w6jlDgxUbpbACQGmM4LQAtUTqh6UJXv5UjQ0REROQq8gIwAjM/HGMiIgo1YgQmm0SmuYiI3Fpz1aTDR891zznfOGgIh+M5ZUpAaub0Q11tFxZaLYNBnYDURxnFpLQph0+ZDGFzPV2SZRyaNzXxOH+ziIiIfFPfM9Aw/GMNAGTGGZcPWW3xQzYxpWeIYZjRiNIJSDJGtekE2FrMQ+8DgLlngANDRERE5O15VMQdcU8lABvP/JixDY8xUShhlYWwOpucAynsJCSl3zzQ3xNxz1lsNktUQlL6zT1dLW/xKphYoii+wlEgCi5b9rVWXDY55lIAYZHCaG04LQI4G2WIWRj8z7V0aG86ezacrqe4aJ1ly77WCv5mERERjU5T3+AeAMhPiE6PN+jTRGByx4AlwyaKsNj4JQ9PdAKgFwQkGqP6oqN0ZXoB5trugRqODBEREZFvIu7DJEtvPUSRAZixIoo2WHrrORBENHGYfwk7fb0dCTarJeKOe2iwH1arJYFXABGRu9ce4Zh6FdlHXktEREQhr7ZnoAVAC4CKgsQYnSiKGT0W6xIBAtr7h+I4QiOSjVGDggBLnEFfEaUTzlzs6ueHF0RERBpMzs85IYoi+vrMl7S2d8ZzRCbepNTk3ri42PMT/UX1iAvAFGTH4WRlH6xg4nws6AUBBdlxOFLew8GgkMGKIURB/rdFFyXarBYhgo+dFwERkYoBi8iy+sRriYiIKMjVdPfbADQC2AoAWXHGBU3moRmRPO2vXhCQGWesFCHaovW60gtd/baOAb72JyIi8sXF2oaTAJCfm5UBBmCCQmxsTHdNnenkRD/Pi7g3eQqyoqHjW1tjd0HppDEmCiWMw/GEUvAyGGO/ZLEMRGxKzWIZEAzG2C/xSiAicjUjL7ZyxpRYflJAo7uOpsRaZuTFch5fIiKicdLYN3hEjOT0CyCmxxreaugdOGjqHTx8gRVfiIiIRveHVeSXWnguHEXeFEhWEVYP842mJceIMWnTug06i8NnqAK8f6bqzzZa9sEYtOlvX4dsevS3nUts6+xX/TDSahNhsfLTZwqxB2S+zCQKOtl5M3Vmc9e1nW31Ef3kVRRFDA2adclpuZ+NjU3aaaor5yMWEdGwtw+1H1syIy4XQApHg/yVGiP0vH2o/RhHgoiIiMZLY98gy6cTERERjZGoSDzouBg9Bi3qIY2p+dF9B0+dfJuXhnuLZiffYh4YUi0lZYziVDIUenQ6hraIgklG9rSC1ubqZUODUtgyNi5FFEUrrFYrxOHEmk6ng07QQQQgCHpbUkrGgZbGqqU2mzVEHnf0SM8q2t/V0bxYFK06AYBNtMFmk45PEHTQ6/UQBD3MfR1CZ1t9Rp+x7YsZ2dP2Npsqa3iVEBFJBoaEKI4C8RoiIiIiIiIiIiIgQAGYEKtYOPhH4BWe+lF509sGf+QYUQixsZ5CWBkYHOIghDhBEAaioxMGhgb7Y5KSM7uTMxZ+WFP5rtnTPv3mTgiCbmmoHKMoimhqqKwGUO1umyEABdM+F9vZfPi6rs6mxOjohAFBEAZ4hRARjSjOjz0YHa1bcOx8b7J5IPSf1AkQ2MdxEhutw9xL4junZEQfKT3fy18mIiIiIiIiIqIwwG86EVHEY/2X8FI8tYiDEOKaGs42AXg9PbPwspam6pNdne963Sc7f5ax2XQOVstQCPxWC9Dpo5CRPdVoqi0b9LTlcPBnmzwWPd0tvECIiBT++XGLCcA7N8xPXrqjtLOQz0vZR62uvjSxekdp5/6Ssm7+IhERERERERERhQkGYIgo4uk4c1dY6e8fuBzAGY5E6Gtpqj6pdVtTbdlgdv6sLa2N528bGhoI6t9qg8EoTsq65HVv4Rd/x4KIKCKfz+mEMMllMALDa4aIiIiIiIiItL++19miovQQIITFOxZWqzVgs+9ERY1PFEQAIEKETqcLivLMDMAQUcTjFEjhJTo6+gRHITKZassGogzRQd9PcbivPGNEweWSwtyW89X16RwJz2MUtI+tohgSkeYoPQa9v2UQ7IRRHiOvGSIioggWBeBzIfKkZyyfTN0M4F0AFl4SREREo5OUGP9xUkK8wSbaQnzaZhGCzojq2vrVvT3duknpmVarxSp0dLTqoqNjkJSSNtjcWG8EgKzsgoFGU000AKRn5AyZzT1RvT3dQnxCohgXl2BpbmowREUZMGP61NdF6yCkTyWEMey5CJ2gAwQMBcsTTiKiiKbTcQzCyZnKsxwEIiLyWWyMoSwzPXmxTYTQ0tpp5IiMSJ+UPKgTIMbGGMqC9i0CMTTe4WjstExZszStd8v+tvJwvFbWLE2bebq2f0oo9DVUrhkiIqJwUpAYo6/p7k/gSCBheCwYgCEiIvL7db29Sop1+L9w8U+e3dFhAIaIIp6VFWDCSkFePitrRPKTXptNYB+JyB+nyi/UAqidM7sotqW181aOyIjc7LR3jp+qMje1dAZtH7PSYo5+frEB7xxoCerwRXlNX3R1Y//8JTMTiy7JMu7d9FFrVzhcI+s+MynpfOPgsncOd6T0Dwb/k+vPL06/MClRfxTo5C84ERHRONILEHWCAJsY2TMR6gQBegGcjpGIiIhoLJ5rcQiIKOJffPORMKwYDYaFHIXINSmz8BNjdELQfvJmjE6wTcos/IRniiiInxfo9QNzZl+yMzMj1aLX6yN5HJCZkWqZM/uSnXq9PujDpf/4sLEvJSkhJNIM/YM2lJR3p+w80fO5LyxKdnreEgqfgzj28QuLkhfuPNHzuZLy7pAIvwBASlJC5z8+bOzjIx4RERERERERUXhhBRgiingiv28RVhLi4y9wFCJXU8PZWmN0vA1BG/IVbU0NZ2t5poiCV+nxShuARgCvRhsNd1qt1ogchyi9Dk3N7a82NbeHTJ+HrDZDKI2xqW1A93bbQPGcoviCeUUxH/x9Z2sPQmJWHqmPX752UsLRqv7Pvn2wMzbUru9Qu1aIiIiIiIiIiEgb1j0goohntdqsHIXwcfrMGdayj3CCTmDfiCggpk/N+yQlOSHiJktMSU6wTZ+aF3LVqsTB3vZLp8SF3FSIx6t6Y//5SfvNNy1KXSjAEvx/Z2HBTYtSF/7zk/abj1f1hlz45dIpcQPiYG87iIiIiIiIiIgo7DAAQ0QR77JZM7I4CuFDr+ekVpFOYN+IKEBOllXX6vW6iAvA6PU628my6pCrVvXvva0X5kyJ2yeE4IPtwJAN2w62Fw8NWYK+90NDFmHbwfbigaHQ+9UQBGDOlLh9/97byoqBRERERERERERhiB8SElHE6zObMzkK4UNgwoCIiAJIjMC5EkP5mA16sfmLV6fvurQobUjHqls0TKcTcGlR2tAXr07fZdCLzRwRIiIiIiIiIqLwFMUhIKJI19HVeQTAVRyJcMEPu4g1YIgocAYHh3Q85tDxj12tVgAmAP8WBNzJK5gAKdR1uqrt36erOBZEREREREREROGMFWCIKOK1tXXEcBTCicghiPQrIIgrF0RiJQmiUJeTnVaePik1YqZBSp+UasvJTisP9eN4YM1M4b7PF+8yGviSN9IZDTrc9/niXQ+smckUKhERERERERFRmGMFGCKKeDodPxgJL/xsI5Jl5c1IbW+pC9qLQBQhZOXNSG2sO9POs0UUGs6eqz+Wk5WSZTAYJg0NDYX1sRoMBhiixPaz5+qPhfqx/GFLuQjA9Lkrcxt3H2vKMvdbeDFHoNiYKKyYm9m48e0KE0eDiIiIiIiIiCj88VNfIuIDIR8JwworbES21qbqVYMDPfpg7d/gQI++tal6Fc8UUWhpaOzYUViQfjw7Kz1sEzDZWelDhQXpxxsaO3aE03G9+2n9zi8sSNozrzhpgFdyZJlXnDTwhQVJe979tH4nR4OIiIiIiIiIKDKwAgwRESuGEIWF7PxZ0S2N50Omr6baMn4YSxRCzp5vODV7ZkFVQnz+4qbmjmyr1Sr09pkBAHFxMWJedupxvV7f2z8ozm9paYsx9w8IVuvEzpyk1+sQGxMtpqen9ccYhVKr1RpfZ2qf09fXLwBAfFws9Hq9mJmRYoo2CgdOldf0heO5+/e+thoANWs/N2lpXdNQ5mC/DS3tVuO5ejNfD4eRqbmxlvRU/aAxRoe8TEPT5ndb9x+t4LgQEREREREREUUSvuFHRBFvgj+bogATBAaaIlWzqfI2q2Uo6C8Ay9CA0GyqvA3AZp41otAyHBDZDQCXX1o4qaOzd4kgCLZJaUnbS49XyiXILgDApTMLL+/q6plstSGmwdRiHM9+5mSnD+p16E9KSrh4urz6RE9vnX3d/DnTylrbum4URVGXkhxfcuJ0dWtXd09EnL/N77bul39eu3xS7OR0w5KPTnRl20K0eJwgCBAEqfqdvwXwBEFqRxRDt4qeTgA+c3mSKSvJULJ5T6uZj1RERERERERERJFL4FQRRBTp4uLiZpjN5gUcifAQGxt7pK+v7wxHIgifdIxROCkrb0Zsb3f7dT1dTYmhNB4JSZnd8YmpHzbWnRmTD+v4HI8oOB6j5l52ibG3z1wst67T62Fq7Lysv39AgAAMDg75/PsqCAKMRgMgAjEx0WJ2VvJJm9Uq/e4DiI+LrTh28vxgOD+2BOp8rV2RU7B5d8PyULxm77o2dU8U0PHpmd7ry+sGo/1pY2aeceDKGfHvW4CUl3e2h+Q4rF2Rs2fz7oYa/u0kIiIK/udfhUkxxovdA7fbIvxvrk4QMDkx+rXqrv5RP2ePpOcvgiDcyd/E8CGK4iu8bon4e040FlgBhogi3vDnRRQ+T6s4BBEkI3vqlKb6s1eJ4kgpp7j4ZJvNZhMFQUBUlAGiKEKnj+4xRseW2ERArxNgtdmg1+lgs4kQIUKv06G3p3NJX09Lspb7jUtI74xPSC6x2mwQIECnaNNqE6ETgMEB8xKbdSBBEARYLNIH3DqdTujr7dQBQE9XU2Jvd8utGdlT9zWbzl3g2SQKT8NBlJPKZZdfWlgBiDoAaG7t+qypsd2nAF9WZkp3xqSkD6Rbgu3E6epBjrR/YqMNIVv+JmtydPdTL5q6Z+aNrsDQ/+1s737onmw9zyEREREREREREYU6BmCIKOLp9QxMhBdOgRRRZ1vQd6ek5XS2t9YlZ+QubBnqb7IZomNKmhvO9vra1qTMorMx0VGXt7WaPH6LPm1S9oCgjz3bbDrX5qXJd5wXZORMjzdGJy0xxGTqmusPp6ek5XQKgr6bZ5IosigDK1kZyT7vL9psOHH6Qj9HcvSsQ31ddyyftKekom9pTZM5pEIgVgt0ADApKbonpdNm7Oix+PQkKCUhSpyUFN2DukF7W6GkIDPWuqQ4br91qK+LVzIREREREREREQEMwBARUZhh6frI0tRQ0QbgndT0oinN9YdHVUWltanqbGbOjAuJKboruzvq89W2SUzJrY0yJn7a1HDGr2oLw8GcD4EapKYXTWlvqWLlF6IIFxsb05+UZInXCdryBzbRhtjYmH6gk4MXAH/f2WIFUAOg5jOXJVx74Gx/lnnAElLHMCnRUJ+eZEnq6LEYfNkvPclgmZRoqA+535noKCyeHtP40cmenTVNZl7ERERERERERERkxwAMEUU8UWTFEKJQF6ggSVPDmcG0zKJWAKoBGIMxutXf8MtY9ZmIAvV8YMIClB9w9IPDRyd7dt6+NKmgvN626NSFnuhQ6ffpiz0zKk2DBl/3q6w3G2CzzoDTFF3BbPaUhIGZubqDr+3vquEVS0REREREREREzhiAIaKIx4Ih4UUQGGii0T4oeHh+JPK5ExFROBsOVtRcPy9paYdZl9naI0afr+sM6qmRjFGwTcS+4+WSvGTrpARhICXW1vT+0a79pxgfJSIiIiIiIiIiN/ghDhFFPJ2OYxBemGii0fGUoWK+iogoMrx/tGs/ANx34+SUnGRxcUl59ySbKAZpcFqYoH3H9m+xThCwZGZi64zJyQde2H6xg1clERERERERERF5wwAMERERkYKnKkKsMEREFFmGgxc77r42I9EQkxi/53jj8iiDEaer2h2mHMpINohpSUZL35CgrzH1jGu8WhhFmluYgCR4QXaCLc4gWtu6BqOaO4cc/rBeWpQ6ZBkaxPI5WXuG+rt7/7GzuXvv6S5eiEREREREREREpAkDMEREREQORL1/64iIKFz9Y2dzN9DcDeDfQC9uXJC8RBcVazx+0ZxTa+rUzZue1vT+ocad37h1ZsrFhq45/eZuiCJ0n5zuybFYx7ZsjDiKsjTiOJS0idILuPrShAZBgC0mNhGTc5KO/+mN8o7rr8i69v1DjVn52cm2OZNjG2wW8+D2I+0lAFBRe54XHRERERERhbzZs4vaRBFobe1MbGxsM3BEKNxlZaUNTZqU3M3vkdJEYgCGiIjCisgZkGiUdHqDKTE5K7e7szFJuTwxOatLpzeYOEJERLT9SGcJ0Imv3Tw9yWJLj482GnreP9SIP71R3gHgY8Wmd479kx/bxOyrkcUqYteJ7t3SrW4A9QCAaQWpBwuyEhKidLreP791lmVeiIiIiIgo7Jw6VfUeAMyZM/UzjY1tuRwRCndZWanNx4+f+4gjQROJARgiingiExNhxWbjGNDoNNVXNGTkTD/U3dl4rXJ5TFzSoab6ikaOEBERyYaDG6rhjf+8LlN/ztTfsudUV/pY3Lf8baohq+D3PEbyvmP5zazls5NapmbH6P/vwyarcvkfXy/vhpSIISIiIiIiCmuiKPLzWOK1TjROeBESUcRjKbbwotfzhFIAnqjbbLFalhEREbkzHPh4f83StCJjTIIhLmkA+qh+nK+Jnna4rCsZECEINlisQHfvkM/tW4ZEHQDMn5r4aWKcYWFlgznOl/2n5cT2TcuJOXy2YcDelq8S4w2I0gOiqAMgYOGspM5LCgYqrZYY9HVFY7C/Z2jL/raqPadY4IWIiIiIiIiIiMYeAzBERGBgIrywog8REREFjy3726qANvvt764tvFCQmpQWFT2AmPhemPt18e9+0rvQp+c6og1draIFAP61p6X2rpXp7dNyo5N86ZchSuh6eVdLLwB0tYqW3ElGGwSdT8+NP3d1/OHYGFtvf288LAPRSE61tP12c9MA0MkTT0REREQBFRMbLwq6wL+Pa7NaMdBv5hvEKqJjYkWdXh/wdkVb5L1/yyr0xGudaPwwAENE/IPMP8hhhq9XiYiI+PwtqA0AaHBaVulPQ/838mPv8H8+eWnkxw4A/wzEwT3zCq9PIiIiIgq8fnPv5rFot3D67CnVZ09dxRF2lVNwyf7qs6cucCSIiCiU6DgERBTpRBvHIKzOJwNNREREREREREREpIHAb9NxbMYB37ImXutE44cBGCLiA6Gez+OJyPmJuqjXsoyIiIiIiIiIiEKYAL7fw7EZD/w8lnitE40TToFERETh9bpMYKCJRk+vj2pLS89vb2upTQWAtPT8dr0+qo0jQ0REREREREQUPqKiDM0FRcXVVqtV11BbNVm0RXa5cEGnQ05+0UW9Xm+LijI08woJjMzM1NKUlIQ0m80GQRAgCDrY3Fxr0nrAZlMvpaHT6SCKNreVNnQ6T21L7btvW4AoipraPn++bk5jY7uBZ9d/WVmpQ5dcknd8PM+betvu10ttu6+8P3I9itDpdDAaDW2nTlXx5NLE/m3nEBBRpOOUOUT8XVPRDmA7zxoRERERERERUfg6e/poF4D9AKDXR022IrIDMDpBh/qL5/byygisXbuOtABoCadjmjIl61IADMCMQkyM0bJ//8kKjgRRgP+WcQiIKNKxYkiYYaCJiIiIiIiIiIiIfFB82QIjwPcVAXF4LIi8XCki+MEKx5AoKDEAQ0QRz2blGITV+bTxOSMRERERERERERER0VixWKz8jJljSBSUOAUSEUU8QcdkfzjR6TkGRERERERERERE5BPBauU3JYfHgN8wJK+mTMmuzMlOSa6t70pvNDVFc0S0y8rOHMjPTWoxRsd01te3cECIAowBGCLiKxtOgUREREREREREREQUtMSxn/Z8AMArHGkibfbvP3kMACYXTv8M0JTLEdEuOia59fCRsx9zJIjGBksrERFRWOEXNYiIiIiIiIiIiIiIxp7NJho5ChwzomDCCjBERBRW9JwCiYiIiIiIiIiIiIgm2DhULgoG7/NME1EwYQUYIiKIHAIiIiIiIiIiIqKxJdhEvg83PAack52IiIhoDLACDBFFPKuVrzeJiIiIiIiIiIjGmBgXpbdCGf4Q3CdBBEhfW5P/9WUbd/uI8D15otxH2a7yvm2Qvm0sAhAEQJnzEeFYBUKAIILfyCMiIiIaEwzAEFHE0+n4ejOc2GxWDgIRERERERERUQAFaBqPQQD/4mgSERER0VjhFEhERBRW4uPi+zkKRERERERERERERERERJGFARgiIs6AFFayMzPncBSIiIiIiIiIiIiIiIiIIgsDMEQU8QQmYMKK0Wjs5SgQERERERERERERERERRRYGYIgo4gVoDmMKEmcqz1ZzFIiIiIiIiIiIiIiIiIgiCwMwREQUVkRRNHAUiIiIiIiIiIiIiIiIiCILAzBERBRWBIFTWhERERERERERERERERFFGgZgiIiYlwgrnNGKiIiIiIiIiIiIiIiIKPIwAENEJELPQQgrPJ9EREREREREREREREREEYYBGCKKeDabrtVojOnhSIS+6OjoHkEQWjkSRERERERERERERERERJFFEDlXBBFF+gOhIM2BFB0dfbnFYrlMFAGbzcqBCRE6nR6CAERFRZ0cGBg4AQD820ZEREREREREREREREQUWRiAISI+EA4HYAAgNjZGBwA2m3i9zSbGADaIohBrsQwJHKngEBVlEAUBZkEQIAhCv04nvA8AZnO/Td6Gf9uIiIiIiIiIiIiIiIiIIgsDMETEB0LBc7YlNjYm12az5QCA9JApAhA0ti396+6h1tN6rftabSIK0wUYowBRFCCKNoiiCEHQYWBITK1qGspQ7jc9x1gXFYVeDB+KCECvE9A7IKKmVYReJ4xLv7X/+ZHGW95Pp9M1mM399R734N82IiIiIiIiIiIiIiIioogSxSEgokinISxRP/xfUFEGdyob1LeZMyW6EIBDACY+RnfiaFV/u7t2OfkTEREREREREREREREREYUaHYeAiCh82UREOy8TIcZyZIiIiIiIiIiIiIiIiIgonDAAQ0REREREREREREREREREREQhjQEYIiIiIiIiIiIiIiIiIiIiIgppDMAQERERERERERERERERERERUUhjAIaIiIiIiIiIiIiIiIiIiIiIQhoDMEREREREREREREREREREREQU0hiAISIiIiIiIiIiIiIiIiIiIqKQxgAMEVF4E1yWiBwUIiIiIiIiIiIiIiIiIgovURwCIqLwFWMUqi6bEo2alqG5EIHCTMMBQ5TQxJEhIiIiIiIiIiIiIiIionAiiCJLARARERERERERERERERERERFR6OIUSEREREREREREREREREREREQU0hiAISIiIiIiIiIiIiIiIiIiIqKQxgAMEREREREREREREREREREREYU0BmCIiIiIiIiIiIiIiIiIiIiIKKQxAENEREREREREREREREREREREIY0BGCIiIiIiIiIiIiIiIiIiIiIKaQzAEBEREREREREREREREREREVFIYwCGiIiIiIiIiIiIiIiIiIiIiEIaAzBEREREREREREREREREREREFNIYgCEiIiIiIiIiIiIiIiIiIiKikMYADBERERERERERERERERERERGFNAZgiIiIiIiIiIiIiIiIiIiIiCikMQBDRERERERERERERERERERERCGNARgiIiIiIiIiIiIiIvr/2bUDEgAAAABB/1+3I9AdAgDAmgADAAAAAAAAAMCaAAMAAAAAAAAAwJoAAwAAAAAAAADAmgADAAAAAAAAAMCaAAMAAAAAAAAAwJoAAwAAAAAAAADAmgADAAAAAAAAAMCaAAMAAAAAAAAAwJoAAwAAAAAAAADAmgADAAAAAAAAAMCaAAMAAAAAAAAAwJoAAwAAAAAAAADAmgADAAAAAAAAAMCaAAMAAAAAAAAAwJoAAwAAAAAAAADAmgADAAAAAAAAAMCaAAMAAAAAAAAAwJoAAwAAAAAAAADAmgADAAAAAAAAAMCaAAMAAAAAAAAAwJoAAwAAAAAAAADAmgADAAAAAAAAAMCaAAMAAAAAAAAAwJoAAwAAAAAAAADAmgADAAAAAAAAAMCaAAMAAAAAAAAAwJoAAwAAAAAAAADAmgADAAAAAAAAAMCaAAMAAAAAAAAAwJoAAwAAAAAAAADAmgADAAAAAAAAAMCaAAMAAAAAAAAAwJoAAwAAAAAAAADAmgADAAAAAAAAAMCaAAMAAAAAAAAAwJoAAwAAAAAAAADAmgADAAAAAAAAAMCaAAMAAAAAAAAAwJoAAwAAAAAAAADAmgADAAAAAAAAAMCaAAMAAAAAAAAAwJoAAwAAAAAAAADAmgADAAAAAAAAAMCaAAMAAAAAAAAAwJoAAwAAAAAAAADAmgADAAAAAAAAAMCaAAMAAAAAAAAAwJoAAwAAAAAAAADAmgADAAAAAAAAAMCaAAMAAAAAAAAAwJoAAwAAAAAAAADAmgADAAAAAAAAAMCaAAMAAAAAAAAAwJoAAwAAAAAAAADAmgADAAAAAAAAAMCaAAMAAAAAAAAAwJoAAwAAAAAAAADAmgADAAAAAAAAAMCaAAMAAAAAAAAAwJoAAwAAAAAAAADAmgADAAAAAAAAAMCaAAMAAAAAAAAAwJoAAwAAAAAAAADAmgADAAAAAAAAAMCaAAMAAAAAAAAAwJoAAwAAAAAAAADAmgADAAAAAAAAAMCaAAMAAAAAAAAAwJoAAwAAAAAAAADAmgADAAAAAAAAAMBaAAAA//8DALL3Z2JYZOH2AAAAAElFTkSuQmCC</ImportTexture>
</Tiled2Unity>